#
# There is insufficient memory for the Java Runtime Environment to continue.
# Native memory allocation (mmap) failed to map 67108864 bytes for committing reserved memory.
# Possible reasons:
#   The system is out of physical RAM or swap space
#   The process is running with CompressedOops enabled, and the Java Heap may be blocking the growth of the native heap
# Possible solutions:
#   Reduce memory load on the system
#   Increase physical memory or swap space
#   Check if swap backing store is full
#   Decrease Java heap size (-Xmx/-Xms)
#   Decrease number of Java threads
#   Decrease Java thread stack sizes (-Xss)
#   Set larger code cache with -XX:ReservedCodeCacheSize=
#   JVM is running with Unscaled Compressed Oops mode in which the Java heap is
#     placed in the first 4GB address space. The Java Heap base address is the
#     maximum limit for the native heap growth. Please use -XX:HeapBaseMinAddress
#     to set the Java Heap base and to place the Java Heap above 4GB virtual address.
# This output file may be truncated or incomplete.
#
#  Out of Memory Error (os_linux.cpp:2893), pid=7017, tid=7034
#
# JRE version: OpenJDK Runtime Environment (11.0.4+11) (build 11.0.4+11-post-Ubuntu-1ubuntu218.04.3)
# Java VM: OpenJDK 64-Bit Server VM (11.0.4+11-post-Ubuntu-1ubuntu218.04.3, mixed mode, sharing, tiered, compressed oops, g1 gc, linux-amd64)
# Core dump will be written. Default location: Core dumps may be processed with "/lib/systemd/systemd-coredump %P %u %g %s %t 9223372036854775808 %e" (or dumping to /home/lizandra/NetBeansProjects/sistema-nutri/core.7017)
#

---------------  S U M M A R Y ------------

Command Line: -Dclassworlds.conf=/home/lizandra/Software/netbeans/java/maven/bin/m2.conf -Dmaven.home=/home/lizandra/Software/netbeans/java/maven -Dmaven.multiModuleProjectDirectory=/home/lizandra/NetBeansProjects/sistema-nutri org.codehaus.plexus.classworlds.launcher.Launcher -Dmaven.ext.class.path=/home/lizandra/Software/netbeans/java/maven-nblib/netbeans-eventspy.jar clean install

Host: Intel(R) Celeron(R) CPU  N3050  @ 1.60GHz, 2 cores, 1G, Linux Mint 19.2 Tina
Time: Tue Dec  3 18:01:39 2019 -03 elapsed time: 62 seconds (0d 0h 1m 2s)

---------------  T H R E A D  ---------------

Current thread (0x00007fd050085000):  VMThread "VM Thread" [stack: 0x00007fd0547a5000,0x00007fd0548a5000] [id=7034]

Stack: [0x00007fd0547a5000,0x00007fd0548a5000],  sp=0x00007fd0548a2ff0,  free space=1015k
Native frames: (J=compiled Java code, A=aot compiled Java code, j=interpreted, Vv=VM code, C=native code)
V  [libjvm.so+0xde4547]
V  [libjvm.so+0xde519b]
V  [libjvm.so+0x6511a5]
V  [libjvm.so+0xbbed38]
V  [libjvm.so+0xbb5ebd]
V  [libjvm.so+0x76f53f]
V  [libjvm.so+0x76f7ae]
V  [libjvm.so+0x77b820]
V  [libjvm.so+0x7f6969]
V  [libjvm.so+0x7f75c2]
V  [libjvm.so+0x7f7a29]
V  [libjvm.so+0x72de6f]
V  [libjvm.so+0x732b6a]
V  [libjvm.so+0xdf01e1]
V  [libjvm.so+0xdeeda8]
V  [libjvm.so+0xdec5e6]
V  [libjvm.so+0xdecaf0]
V  [libjvm.so+0xdecf23]
V  [libjvm.so+0xd7aeea]
V  [libjvm.so+0xbc4a5e]

VM_Operation (0x00007fd05ab74860): G1CollectForAllocation, mode: safepoint, requested by thread 0x00007fd050012000


---------------  P R O C E S S  ---------------

Threads class SMR info:
_java_thread_list=0x00007fd0500d6e90, length=9, elements={
0x00007fd050012000, 0x00007fd050088000, 0x00007fd05008a000, 0x00007fd05008f800,
0x00007fd050091800, 0x00007fd050093800, 0x00007fd050095800, 0x00007fd0500cd000,
0x00007fd0500d5800
}

Java Threads: ( => current thread )
  0x00007fd050012000 JavaThread "main" [_thread_blocked, id=7028, stack(0x00007fd05aa77000,0x00007fd05ab78000)]
  0x00007fd050088000 JavaThread "Reference Handler" daemon [_thread_blocked, id=7035, stack(0x00007fd0546a2000,0x00007fd0547a3000)]
  0x00007fd05008a000 JavaThread "Finalizer" daemon [_thread_blocked, id=7037, stack(0x00007fd0545a1000,0x00007fd0546a2000)]
  0x00007fd05008f800 JavaThread "Signal Dispatcher" daemon [_thread_blocked, id=7038, stack(0x00007fd0541c1000,0x00007fd0542c2000)]
  0x00007fd050091800 JavaThread "C2 CompilerThread0" daemon [_thread_blocked, id=7039, stack(0x00007fd0540c0000,0x00007fd0541c1000)]
  0x00007fd050093800 JavaThread "C1 CompilerThread0" daemon [_thread_blocked, id=7040, stack(0x00007fd038855000,0x00007fd038956000)]
  0x00007fd050095800 JavaThread "Sweeper thread" daemon [_thread_blocked, id=7041, stack(0x00007fd038754000,0x00007fd038855000)]
  0x00007fd0500cd000 JavaThread "Service Thread" daemon [_thread_blocked, id=7042, stack(0x00007fd038653000,0x00007fd038754000)]
  0x00007fd0500d5800 JavaThread "Common-Cleaner" daemon [_thread_blocked, id=7044, stack(0x00007fd038450000,0x00007fd038551000)]

Other Threads:
=>0x00007fd050085000 VMThread "VM Thread" [stack: 0x00007fd0547a5000,0x00007fd0548a5000] [id=7034]
  0x00007fd0500cf000 WatcherThread [stack: 0x00007fd038553000,0x00007fd038653000] [id=7043]
  0x00007fd050028000 GCTaskThread "GC Thread#0" [stack: 0x00007fd056a6c000,0x00007fd056b6c000] [id=7029]
  0x00007fd020001000 GCTaskThread "GC Thread#1" [stack: 0x00007fd029f00000,0x00007fd02a000000] [id=7045]
  0x00007fd050037800 ConcurrentGCThread "G1 Main Marker" [stack: 0x00007fd055630000,0x00007fd055730000] [id=7030]
  0x00007fd050039000 ConcurrentGCThread "G1 Conc#0" [stack: 0x00007fd05552e000,0x00007fd05562e000] [id=7031]
  0x00007fd05005a800 ConcurrentGCThread "G1 Refine#0" [stack: 0x00007fd05522a000,0x00007fd05532a000] [id=7032]
  0x00007fd024001000 ConcurrentGCThread "G1 Refine#1" [stack: 0x00007fd029dfe000,0x00007fd029efe000] [id=7046]
  0x00007fd05005c800 ConcurrentGCThread "G1 Young RemSet Sampling" [stack: 0x00007fd055128000,0x00007fd055228000] [id=7033]

Threads with active compile tasks:
C2 CompilerThread06734   !   4       com.google.inject.internal.InternalFactoryToProviderAdapter::get (38 bytes)
C1 CompilerThread06754       3       org.eclipse.aether.util.graph.transformer.ConflictResolver$State::finish (135 bytes)

VM state:at safepoint (normal execution)

VM Mutex/Monitor currently owned by a thread:  ([mutex/lock_event])
[0x00007fd05000e440] Threads_lock - owner thread: 0x00007fd050085000
[0x00007fd05000eb90] Heap_lock - owner thread: 0x00007fd050012000

Heap address: 0x00000000e3000000, size: 464 MB, Compressed Oops mode: 32-bit
Narrow klass base: 0x0000000800000000, Narrow klass shift: 3
Compressed class space size: 1073741824 Address: 0x0000000840000000

Heap:
 garbage-first heap   total 160768K, used 47357K [0x00000000e3000000, 0x0000000100000000)
  region size 1024K, 3 young (3072K), 3 survivors (3072K)
 Metaspace       used 26960K, capacity 27728K, committed 27904K, reserved 1073152K
  class space    used 2987K, capacity 3255K, committed 3328K, reserved 1048576K
Heap Regions: E=young(eden), S=young(survivor), O=old, HS=humongous(starts), HC=humongous(continues), CS=collection set, F=free, A=archive, TAMS=top-at-mark-start (previous, next)
|   0|0x00000000e3000000, 0x00000000e3100000, 0x00000000e3100000|100%| O|  |TAMS 0x00000000e3100000, 0x00000000e3000000| Untracked 
|   1|0x00000000e3100000, 0x00000000e3200000, 0x00000000e3200000|100%| O|  |TAMS 0x00000000e3200000, 0x00000000e3100000| Untracked 
|   2|0x00000000e3200000, 0x00000000e3300000, 0x00000000e3300000|100%| O|  |TAMS 0x00000000e3300000, 0x00000000e3200000| Untracked 
|   3|0x00000000e3300000, 0x00000000e3400000, 0x00000000e3400000|100%| O|  |TAMS 0x00000000e3400000, 0x00000000e3300000| Untracked 
|   4|0x00000000e3400000, 0x00000000e3500000, 0x00000000e3500000|100%| O|  |TAMS 0x00000000e3500000, 0x00000000e3400000| Untracked 
|   5|0x00000000e3500000, 0x00000000e3600000, 0x00000000e3600000|100%| O|  |TAMS 0x00000000e3600000, 0x00000000e3500000| Untracked 
|   6|0x00000000e3600000, 0x00000000e3700000, 0x00000000e3700000|100%| O|  |TAMS 0x00000000e3700000, 0x00000000e3600000| Untracked 
|   7|0x00000000e3700000, 0x00000000e3800000, 0x00000000e3800000|100%| O|  |TAMS 0x00000000e3800000, 0x00000000e3700000| Untracked 
|   8|0x00000000e3800000, 0x00000000e3900000, 0x00000000e3900000|100%| O|  |TAMS 0x00000000e3900000, 0x00000000e3800000| Untracked 
|   9|0x00000000e3900000, 0x00000000e3a00000, 0x00000000e3a00000|100%| O|  |TAMS 0x00000000e3a00000, 0x00000000e3900000| Untracked 
|  10|0x00000000e3a00000, 0x00000000e3b00000, 0x00000000e3b00000|100%| O|  |TAMS 0x00000000e3b00000, 0x00000000e3a00000| Untracked 
|  11|0x00000000e3b00000, 0x00000000e3c00000, 0x00000000e3c00000|100%| O|  |TAMS 0x00000000e3c00000, 0x00000000e3b00000| Untracked 
|  12|0x00000000e3c00000, 0x00000000e3d00000, 0x00000000e3d00000|100%| O|  |TAMS 0x00000000e3d00000, 0x00000000e3c00000| Untracked 
|  13|0x00000000e3d00000, 0x00000000e3e00000, 0x00000000e3e00000|100%| O|  |TAMS 0x00000000e3e00000, 0x00000000e3d00000| Untracked 
|  14|0x00000000e3e00000, 0x00000000e3e00000, 0x00000000e3f00000|  0%| F|  |TAMS 0x00000000e3e00000, 0x00000000e3e00000| Untracked 
|  15|0x00000000e3f00000, 0x00000000e4000000, 0x00000000e4000000|100%| O|  |TAMS 0x00000000e4000000, 0x00000000e3f00000| Untracked 
|  16|0x00000000e4000000, 0x00000000e4100000, 0x00000000e4100000|100%| O|  |TAMS 0x00000000e4100000, 0x00000000e4000000| Untracked 
|  17|0x00000000e4100000, 0x00000000e4200000, 0x00000000e4200000|100%| O|  |TAMS 0x00000000e4200000, 0x00000000e4100000| Untracked 
|  18|0x00000000e4200000, 0x00000000e4300000, 0x00000000e4300000|100%| O|  |TAMS 0x00000000e4300000, 0x00000000e4200000| Untracked 
|  19|0x00000000e4300000, 0x00000000e4400000, 0x00000000e4400000|100%| O|  |TAMS 0x00000000e4400000, 0x00000000e4300000| Untracked 
|  20|0x00000000e4400000, 0x00000000e4500000, 0x00000000e4500000|100%|HS|  |TAMS 0x00000000e4500000, 0x00000000e4400000| Complete 
|  21|0x00000000e4500000, 0x00000000e4600000, 0x00000000e4600000|100%| O|  |TAMS 0x00000000e4600000, 0x00000000e4500000| Untracked 
|  22|0x00000000e4600000, 0x00000000e4700000, 0x00000000e4700000|100%| O|  |TAMS 0x00000000e4700000, 0x00000000e4600000| Untracked 
|  23|0x00000000e4700000, 0x00000000e4800000, 0x00000000e4800000|100%| O|  |TAMS 0x00000000e4800000, 0x00000000e4700000| Untracked 
|  24|0x00000000e4800000, 0x00000000e4900000, 0x00000000e4900000|100%| O|  |TAMS 0x00000000e4900000, 0x00000000e4800000| Untracked 
|  25|0x00000000e4900000, 0x00000000e4a00000, 0x00000000e4a00000|100%| O|  |TAMS 0x00000000e4a00000, 0x00000000e4900000| Untracked 
|  26|0x00000000e4a00000, 0x00000000e4b00000, 0x00000000e4b00000|100%| O|  |TAMS 0x00000000e4b00000, 0x00000000e4a00000| Untracked 
|  27|0x00000000e4b00000, 0x00000000e4c00000, 0x00000000e4c00000|100%| O|  |TAMS 0x00000000e4c00000, 0x00000000e4b00000| Untracked 
|  28|0x00000000e4c00000, 0x00000000e4d00000, 0x00000000e4d00000|100%| O|  |TAMS 0x00000000e4d00000, 0x00000000e4c00000| Untracked 
|  29|0x00000000e4d00000, 0x00000000e4e00000, 0x00000000e4e00000|100%| O|  |TAMS 0x00000000e4e00000, 0x00000000e4d00000| Untracked 
|  30|0x00000000e4e00000, 0x00000000e4f00000, 0x00000000e4f00000|100%| O|  |TAMS 0x00000000e4f00000, 0x00000000e4e00000| Untracked 
|  31|0x00000000e4f00000, 0x00000000e5000000, 0x00000000e5000000|100%| O|  |TAMS 0x00000000e5000000, 0x00000000e4f00000| Untracked 
|  32|0x00000000e5000000, 0x00000000e5100000, 0x00000000e5100000|100%| O|  |TAMS 0x00000000e5100000, 0x00000000e5000000| Untracked 
|  33|0x00000000e5100000, 0x00000000e5200000, 0x00000000e5200000|100%| O|  |TAMS 0x00000000e5200000, 0x00000000e5100000| Untracked 
|  34|0x00000000e5200000, 0x00000000e5300000, 0x00000000e5300000|100%| O|  |TAMS 0x00000000e5300000, 0x00000000e5200000| Untracked 
|  35|0x00000000e5300000, 0x00000000e5400000, 0x00000000e5400000|100%|HS|  |TAMS 0x00000000e5400000, 0x00000000e5300000| Complete 
|  36|0x00000000e5400000, 0x00000000e5500000, 0x00000000e5500000|100%| O|  |TAMS 0x00000000e5500000, 0x00000000e5400000| Untracked 
|  37|0x00000000e5500000, 0x00000000e5600000, 0x00000000e5600000|100%| O|  |TAMS 0x00000000e5600000, 0x00000000e5500000| Untracked 
|  38|0x00000000e5600000, 0x00000000e5700000, 0x00000000e5700000|100%| O|  |TAMS 0x00000000e5700000, 0x00000000e5600000| Untracked 
|  39|0x00000000e5700000, 0x00000000e5800000, 0x00000000e5800000|100%| O|  |TAMS 0x00000000e5800000, 0x00000000e5700000| Untracked 
|  40|0x00000000e5800000, 0x00000000e5900000, 0x00000000e5900000|100%| O|  |TAMS 0x00000000e5900000, 0x00000000e5800000| Untracked 
|  41|0x00000000e5900000, 0x00000000e5a00000, 0x00000000e5a00000|100%| O|  |TAMS 0x00000000e5a00000, 0x00000000e5900000| Untracked 
|  42|0x00000000e5a00000, 0x00000000e5b00000, 0x00000000e5b00000|100%| O|  |TAMS 0x00000000e5b00000, 0x00000000e5a00000| Untracked 
|  43|0x00000000e5b00000, 0x00000000e5ba1400, 0x00000000e5c00000| 62%| O|  |TAMS 0x00000000e5ba1400, 0x00000000e5b00000| Untracked 
|  44|0x00000000e5c00000, 0x00000000e5c00000, 0x00000000e5d00000|  0%| F|  |TAMS 0x00000000e5c00000, 0x00000000e5c00000| Untracked 
|  45|0x00000000e5d00000, 0x00000000e5d00000, 0x00000000e5e00000|  0%| F|  |TAMS 0x00000000e5d00000, 0x00000000e5d00000| Untracked 
|  46|0x00000000e5e00000, 0x00000000e5e00000, 0x00000000e5f00000|  0%| F|  |TAMS 0x00000000e5e00000, 0x00000000e5e00000| Untracked 
|  47|0x00000000e5f00000, 0x00000000e5f00000, 0x00000000e6000000|  0%| F|  |TAMS 0x00000000e5f00000, 0x00000000e5f00000| Untracked 
|  48|0x00000000e6000000, 0x00000000e6000000, 0x00000000e6100000|  0%| F|  |TAMS 0x00000000e6000000, 0x00000000e6000000| Untracked 
|  49|0x00000000e6100000, 0x00000000e6100000, 0x00000000e6200000|  0%| F|  |TAMS 0x00000000e6100000, 0x00000000e6100000| Untracked 
|  50|0x00000000e6200000, 0x00000000e6200000, 0x00000000e6300000|  0%| F|  |TAMS 0x00000000e6200000, 0x00000000e6200000| Untracked 
|  51|0x00000000e6300000, 0x00000000e6300000, 0x00000000e6400000|  0%| F|  |TAMS 0x00000000e6300000, 0x00000000e6300000| Untracked 
|  52|0x00000000e6400000, 0x00000000e6400000, 0x00000000e6500000|  0%| F|  |TAMS 0x00000000e6400000, 0x00000000e6400000| Untracked 
|  53|0x00000000e6500000, 0x00000000e6500000, 0x00000000e6600000|  0%| F|  |TAMS 0x00000000e6500000, 0x00000000e6500000| Untracked 
|  54|0x00000000e6600000, 0x00000000e6600000, 0x00000000e6700000|  0%| F|  |TAMS 0x00000000e6600000, 0x00000000e6600000| Untracked 
|  55|0x00000000e6700000, 0x00000000e6700000, 0x00000000e6800000|  0%| F|  |TAMS 0x00000000e6700000, 0x00000000e6700000| Untracked 
|  56|0x00000000e6800000, 0x00000000e6800000, 0x00000000e6900000|  0%| F|  |TAMS 0x00000000e6800000, 0x00000000e6800000| Untracked 
|  57|0x00000000e6900000, 0x00000000e6900000, 0x00000000e6a00000|  0%| F|  |TAMS 0x00000000e6900000, 0x00000000e6900000| Untracked 
|  58|0x00000000e6a00000, 0x00000000e6a00000, 0x00000000e6b00000|  0%| F|  |TAMS 0x00000000e6a00000, 0x00000000e6a00000| Untracked 
|  59|0x00000000e6b00000, 0x00000000e6b00000, 0x00000000e6c00000|  0%| F|  |TAMS 0x00000000e6b00000, 0x00000000e6b00000| Untracked 
|  60|0x00000000e6c00000, 0x00000000e6c00000, 0x00000000e6d00000|  0%| F|  |TAMS 0x00000000e6c00000, 0x00000000e6c00000| Untracked 
|  61|0x00000000e6d00000, 0x00000000e6d00000, 0x00000000e6e00000|  0%| F|  |TAMS 0x00000000e6d00000, 0x00000000e6d00000| Untracked 
|  62|0x00000000e6e00000, 0x00000000e6e00000, 0x00000000e6f00000|  0%| F|  |TAMS 0x00000000e6e00000, 0x00000000e6e00000| Untracked 
|  63|0x00000000e6f00000, 0x00000000e6f00000, 0x00000000e7000000|  0%| F|  |TAMS 0x00000000e6f00000, 0x00000000e6f00000| Untracked 
|  64|0x00000000e7000000, 0x00000000e7000000, 0x00000000e7100000|  0%| F|  |TAMS 0x00000000e7000000, 0x00000000e7000000| Untracked 
|  65|0x00000000e7100000, 0x00000000e7100000, 0x00000000e7200000|  0%| F|  |TAMS 0x00000000e7100000, 0x00000000e7100000| Untracked 
|  66|0x00000000e7200000, 0x00000000e7200000, 0x00000000e7300000|  0%| F|  |TAMS 0x00000000e7200000, 0x00000000e7200000| Untracked 
|  67|0x00000000e7300000, 0x00000000e7300000, 0x00000000e7400000|  0%| F|  |TAMS 0x00000000e7300000, 0x00000000e7300000| Untracked 
|  68|0x00000000e7400000, 0x00000000e7500000, 0x00000000e7500000|100%| S|CS|TAMS 0x00000000e7400000, 0x00000000e7400000| Complete 
|  69|0x00000000e7500000, 0x00000000e7600000, 0x00000000e7600000|100%| S|CS|TAMS 0x00000000e7500000, 0x00000000e7500000| Complete 
|  70|0x00000000e7600000, 0x00000000e7700000, 0x00000000e7700000|100%| S|CS|TAMS 0x00000000e7600000, 0x00000000e7600000| Complete 
|  71|0x00000000e7700000, 0x00000000e7700000, 0x00000000e7800000|  0%| F|  |TAMS 0x00000000e7700000, 0x00000000e7700000| Untracked 
|  72|0x00000000e7800000, 0x00000000e7800000, 0x00000000e7900000|  0%| F|  |TAMS 0x00000000e7800000, 0x00000000e7800000| Untracked 
|  73|0x00000000e7900000, 0x00000000e7900000, 0x00000000e7a00000|  0%| F|  |TAMS 0x00000000e7900000, 0x00000000e7900000| Untracked 
|  74|0x00000000e7a00000, 0x00000000e7a00000, 0x00000000e7b00000|  0%| F|  |TAMS 0x00000000e7a00000, 0x00000000e7a00000| Untracked 
|  75|0x00000000e7b00000, 0x00000000e7b00000, 0x00000000e7c00000|  0%| F|  |TAMS 0x00000000e7b00000, 0x00000000e7b00000| Untracked 
|  76|0x00000000e7c00000, 0x00000000e7c00000, 0x00000000e7d00000|  0%| F|  |TAMS 0x00000000e7c00000, 0x00000000e7c00000| Untracked 
|  77|0x00000000e7d00000, 0x00000000e7d00000, 0x00000000e7e00000|  0%| F|  |TAMS 0x00000000e7d00000, 0x00000000e7d00000| Untracked 
|  78|0x00000000e7e00000, 0x00000000e7e00000, 0x00000000e7f00000|  0%| F|  |TAMS 0x00000000e7e00000, 0x00000000e7e00000| Untracked 
|  79|0x00000000e7f00000, 0x00000000e7f00000, 0x00000000e8000000|  0%| F|  |TAMS 0x00000000e7f00000, 0x00000000e7f00000| Untracked 
|  80|0x00000000e8000000, 0x00000000e8000000, 0x00000000e8100000|  0%| F|  |TAMS 0x00000000e8000000, 0x00000000e8000000| Untracked 
|  81|0x00000000e8100000, 0x00000000e8100000, 0x00000000e8200000|  0%| F|  |TAMS 0x00000000e8100000, 0x00000000e8100000| Untracked 
|  82|0x00000000e8200000, 0x00000000e8200000, 0x00000000e8300000|  0%| F|  |TAMS 0x00000000e8200000, 0x00000000e8200000| Untracked 
|  83|0x00000000e8300000, 0x00000000e8300000, 0x00000000e8400000|  0%| F|  |TAMS 0x00000000e8300000, 0x00000000e8300000| Untracked 
|  84|0x00000000e8400000, 0x00000000e8400000, 0x00000000e8500000|  0%| F|  |TAMS 0x00000000e8400000, 0x00000000e8400000| Untracked 
|  85|0x00000000e8500000, 0x00000000e8500000, 0x00000000e8600000|  0%| F|  |TAMS 0x00000000e8500000, 0x00000000e8500000| Untracked 
|  86|0x00000000e8600000, 0x00000000e8600000, 0x00000000e8700000|  0%| F|  |TAMS 0x00000000e8600000, 0x00000000e8600000| Untracked 
|  87|0x00000000e8700000, 0x00000000e8700000, 0x00000000e8800000|  0%| F|  |TAMS 0x00000000e8700000, 0x00000000e8700000| Untracked 
|  88|0x00000000e8800000, 0x00000000e8800000, 0x00000000e8900000|  0%| F|  |TAMS 0x00000000e8800000, 0x00000000e8800000| Untracked 
|  89|0x00000000e8900000, 0x00000000e8900000, 0x00000000e8a00000|  0%| F|  |TAMS 0x00000000e8900000, 0x00000000e8900000| Untracked 
|  90|0x00000000e8a00000, 0x00000000e8a00000, 0x00000000e8b00000|  0%| F|  |TAMS 0x00000000e8a00000, 0x00000000e8a00000| Untracked 
| 462|0x00000000ffe00000, 0x00000000ffe34000, 0x00000000fff00000| 20%|OA|  |TAMS 0x00000000ffe34000, 0x00000000ffe00000| Untracked 
| 463|0x00000000fff00000, 0x00000000fff6a000, 0x0000000100000000| 41%|CA|  |TAMS 0x00000000fff6a000, 0x00000000fff00000| Untracked 

Card table byte_map: [0x00007fd056698000,0x00007fd056780000] _byte_map_base: 0x00007fd055f80000

Marking Bits (Prev, Next): (CMBitMap*) 0x00007fd050034a88, (CMBitMap*) 0x00007fd050034ac0
 Prev Bits: [0x00007fd055e70000, 0x00007fd0565b0000)
 Next Bits: [0x00007fd055730000, 0x00007fd055e70000)

Polling page: 0x00007fd05ab8f000

Metaspace:

Usage:
  Non-class:     23,90 MB capacity,    23,41 MB ( 98%) used,   445,55 KB (  2%) free+waste,    54,50 KB ( <1%) overhead. 
      Class:      3,18 MB capacity,     2,92 MB ( 92%) used,   243,94 KB (  7%) free+waste,    23,75 KB ( <1%) overhead. 
       Both:     27,08 MB capacity,    26,33 MB ( 97%) used,   689,49 KB (  2%) free+waste,    78,25 KB ( <1%) overhead. 

Virtual space:
  Non-class space:       24,00 MB reserved,      24,00 MB (100%) committed 
      Class space:        1,00 GB reserved,       3,25 MB ( <1%) committed 
             Both:        1,02 GB reserved,      27,25 MB (  3%) committed 

Chunk freelists:
   Non-Class:  55,00 KB
       Class:  9,00 KB
        Both:  64,00 KB

CodeHeap 'non-profiled nmethods': size=120036Kb used=2726Kb max_used=2726Kb free=117309Kb
 bounds [0x00007fd04041d000, 0x00007fd0406cd000, 0x00007fd047956000]
CodeHeap 'profiled nmethods': size=120032Kb used=14831Kb max_used=14831Kb free=105201Kb
 bounds [0x00007fd038ee5000, 0x00007fd039d65000, 0x00007fd04041d000]
CodeHeap 'non-nmethods': size=5692Kb used=1122Kb max_used=1172Kb free=4569Kb
 bounds [0x00007fd038956000, 0x00007fd038bc6000, 0x00007fd038ee5000]
 total_blobs=8150 nmethods=6486 adapters=365
 compilation: enabled
              stopped_count=0, restarted_count=0
 full_count=0

Compilation events (10 events):
Event: 61,873 Thread 0x00007fd050093800 nmethod 6749 0x00007fd039d5c710 code [0x00007fd039d5c920, 0x00007fd039d5d248]
Event: 61,873 Thread 0x00007fd050093800 6750       3       org.eclipse.aether.util.graph.transformer.ConflictIdSorter$RootQueue::isEmpty (17 bytes)
Event: 61,874 Thread 0x00007fd050093800 nmethod 6750 0x00007fd039d5d510 code [0x00007fd039d5d6c0, 0x00007fd039d5d890]
Event: 61,880 Thread 0x00007fd050093800 6753       3       java.util.IdentityHashMap::clear (39 bytes)
Event: 61,881 Thread 0x00007fd050093800 nmethod 6753 0x00007fd039d5d910 code [0x00007fd039d5dae0, 0x00007fd039d5ded0]
Event: 61,881 Thread 0x00007fd050093800 6751       3       org.eclipse.aether.util.graph.transformer.ConflictResolver::removeLosers (276 bytes)
Event: 61,895 Thread 0x00007fd050093800 nmethod 6751 0x00007fd039d5e010 code [0x00007fd039d5e400, 0x00007fd039d60558]
Event: 61,895 Thread 0x00007fd050093800 6752       3       org.eclipse.aether.util.graph.transformer.ConflictResolver$State::prepare (71 bytes)
Event: 61,896 Thread 0x00007fd050093800 nmethod 6752 0x00007fd039d60e90 code [0x00007fd039d61080, 0x00007fd039d61628]
Event: 61,938 Thread 0x00007fd050093800 6754       3       org.eclipse.aether.util.graph.transformer.ConflictResolver$State::finish (135 bytes)

GC Heap History (10 events):
Event: 34,322 GC heap after
{Heap after GC invocations=39 (full 0):
 garbage-first heap   total 56320K, used 37833K [0x00000000e3000000, 0x0000000100000000)
  region size 1024K, 1 young (1024K), 1 survivors (1024K)
 Metaspace       used 24118K, capacity 24760K, committed 25088K, reserved 1071104K
  class space    used 2791K, capacity 3024K, committed 3072K, reserved 1048576K
}
Event: 34,425 GC heap before
{Heap before GC invocations=39 (full 0):
 garbage-first heap   total 56320K, used 42953K [0x00000000e3000000, 0x0000000100000000)
  region size 1024K, 6 young (6144K), 1 survivors (1024K)
 Metaspace       used 24159K, capacity 24824K, committed 25088K, reserved 1071104K
  class space    used 2793K, capacity 3024K, committed 3072K, reserved 1048576K
}
Event: 34,434 GC heap after
{Heap after GC invocations=40 (full 0):
 garbage-first heap   total 95232K, used 38688K [0x00000000e3000000, 0x0000000100000000)
  region size 1024K, 1 young (1024K), 1 survivors (1024K)
 Metaspace       used 24159K, capacity 24824K, committed 25088K, reserved 1071104K
  class space    used 2793K, capacity 3024K, committed 3072K, reserved 1048576K
}
Event: 36,129 GC heap before
{Heap before GC invocations=41 (full 0):
 garbage-first heap   total 95232K, used 56096K [0x00000000e3000000, 0x0000000100000000)
  region size 1024K, 18 young (18432K), 1 survivors (1024K)
 Metaspace       used 24699K, capacity 25366K, committed 25728K, reserved 1071104K
  class space    used 2824K, capacity 3074K, committed 3200K, reserved 1048576K
}
Event: 36,203 GC heap after
{Heap after GC invocations=42 (full 0):
 garbage-first heap   total 95232K, used 41592K [0x00000000e3000000, 0x0000000100000000)
  region size 1024K, 3 young (3072K), 3 survivors (3072K)
 Metaspace       used 24699K, capacity 25366K, committed 25728K, reserved 1071104K
  class space    used 2824K, capacity 3074K, committed 3200K, reserved 1048576K
}
Event: 37,688 GC heap before
{Heap before GC invocations=42 (full 0):
 garbage-first heap   total 95232K, used 60024K [0x00000000e3000000, 0x0000000100000000)
  region size 1024K, 20 young (20480K), 3 survivors (3072K)
 Metaspace       used 24999K, capacity 25651K, committed 25984K, reserved 1073152K
  class space    used 2837K, capacity 3077K, committed 3200K, reserved 1048576K
}
Event: 37,737 GC heap after
{Heap after GC invocations=43 (full 0):
 garbage-first heap   total 95232K, used 45431K [0x00000000e3000000, 0x0000000100000000)
  region size 1024K, 3 young (3072K), 3 survivors (3072K)
 Metaspace       used 24999K, capacity 25651K, committed 25984K, reserved 1073152K
  class space    used 2837K, capacity 3077K, committed 3200K, reserved 1048576K
}
Event: 47,470 GC heap before
{Heap before GC invocations=43 (full 0):
 garbage-first heap   total 95232K, used 62839K [0x00000000e3000000, 0x0000000100000000)
  region size 1024K, 20 young (20480K), 3 survivors (3072K)
 Metaspace       used 26419K, capacity 27142K, committed 27392K, reserved 1073152K
  class space    used 2947K, capacity 3210K, committed 3328K, reserved 1048576K
}
Event: 47,581 GC heap after
{Heap after GC invocations=44 (full 0):
 garbage-first heap   total 95232K, used 47087K [0x00000000e3000000, 0x0000000100000000)
  region size 1024K, 2 young (2048K), 2 survivors (2048K)
 Metaspace       used 26419K, capacity 27142K, committed 27392K, reserved 1073152K
  class space    used 2947K, capacity 3210K, committed 3328K, reserved 1048576K
}
Event: 61,958 GC heap before
{Heap before GC invocations=45 (full 0):
 garbage-first heap   total 95232K, used 65519K [0x00000000e3000000, 0x0000000100000000)
  region size 1024K, 20 young (20480K), 2 survivors (2048K)
 Metaspace       used 26960K, capacity 27728K, committed 27904K, reserved 1073152K
  class space    used 2987K, capacity 3255K, committed 3328K, reserved 1048576K
}

Deoptimization events (10 events):
Event: 54,727 Thread 0x00007fd050012000 Uncommon trap: trap_request=0xffffff4d fr.pc=0x00007fd0405ae46c relative=0x000000000000012c
Event: 54,731 Thread 0x00007fd050012000 Uncommon trap: reason=unstable_if action=reinterpret pc=0x00007fd0405ae46c method=java.lang.ThreadLocal$ThreadLocalMap.getEntry(Ljava/lang/ThreadLocal;)Ljava/lang/ThreadLocal$ThreadLocalMap$Entry; @ 29 c2
Event: 54,733 Thread 0x00007fd050012000 DEOPT PACKING pc=0x00007fd0405ae46c sp=0x00007fd05ab74f70
Event: 54,739 Thread 0x00007fd050012000 DEOPT UNPACKING pc=0x00007fd03897de1f sp=0x00007fd05ab74ea8 mode 2
Event: 54,742 Thread 0x00007fd050012000 Uncommon trap: trap_request=0xffffff4d fr.pc=0x00007fd0405ae9c0 relative=0x0000000000000100
Event: 54,742 Thread 0x00007fd050012000 Uncommon trap: reason=unstable_if action=reinterpret pc=0x00007fd0405ae9c0 method=java.lang.ThreadLocal$ThreadLocalMap.getEntry(Ljava/lang/ThreadLocal;)Ljava/lang/ThreadLocal$ThreadLocalMap$Entry; @ 29 c2
Event: 54,742 Thread 0x00007fd050012000 DEOPT PACKING pc=0x00007fd0405ae9c0 sp=0x00007fd05ab74ee0
Event: 54,742 Thread 0x00007fd050012000 DEOPT UNPACKING pc=0x00007fd03897de1f sp=0x00007fd05ab74e98 mode 2
Event: 61,889 Thread 0x00007fd050012000 DEOPT PACKING pc=0x00007fd0396c2683 sp=0x00007fd05ab751a0
Event: 61,923 Thread 0x00007fd050012000 DEOPT UNPACKING pc=0x00007fd03897dc2b sp=0x00007fd05ab74658 mode 0

Classes redefined (0 events):
No events

Internal exceptions (10 events):
Event: 33,410 Thread 0x00007fd050012000 Exception <a 'sun/nio/fs/UnixException'{0x00000000e5266720}> (0x00000000e5266720) thrown at [/build/openjdk-lts-7bqZff/openjdk-lts-11.0.4+11/src/hotspot/share/prims/jni.cpp, line 615]
Event: 34,222 Thread 0x00007fd050012000 Exception <a 'java/lang/NoSuchMethodError'{0x00000000e5f01350}: 'int java.lang.invoke.DirectMethodHandle$Holder.invokeSpecial(java.lang.Object, java.lang.Object, java.lang.Object, java.lang.Object, java.lang.Object)'> (0x00000000e5f01350) thrown at [/buil
Event: 38,102 Thread 0x00007fd050012000 Exception <a 'java/lang/NoSuchMethodError'{0x00000000e8aab250}: 'java.lang.Object java.lang.invoke.DirectMethodHandle$Holder.invokeVirtual(java.lang.Object, java.lang.Object, java.lang.Object)'> (0x00000000e8aab250) thrown at [/build/openjdk-lts-7bqZff/op
Event: 38,554 Thread 0x00007fd050012000 Exception <a 'sun/nio/fs/UnixException'{0x00000000e8ade6e8}> (0x00000000e8ade6e8) thrown at [/build/openjdk-lts-7bqZff/openjdk-lts-11.0.4+11/src/hotspot/share/prims/jni.cpp, line 615]
Event: 38,556 Thread 0x00007fd050012000 Exception <a 'sun/nio/fs/UnixException'{0x00000000e8adee00}> (0x00000000e8adee00) thrown at [/build/openjdk-lts-7bqZff/openjdk-lts-11.0.4+11/src/hotspot/share/prims/jni.cpp, line 615]
Event: 39,483 Thread 0x00007fd050012000 Exception <a 'java/lang/NoSuchMethodError'{0x00000000e89430d8}: 'void java.lang.invoke.DirectMethodHandle$Holder.invokeVirtual(java.lang.Object, java.lang.Object)'> (0x00000000e89430d8) thrown at [/build/openjdk-lts-7bqZff/openjdk-lts-11.0.4+11/src/hotspo
Event: 40,194 Thread 0x00007fd050012000 Exception <a 'java/lang/NoSuchMethodError'{0x00000000e883e988}: 'int java.lang.invoke.DirectMethodHandle$Holder.invokeSpecial(java.lang.Object, java.lang.Object, java.lang.Object, java.lang.Object)'> (0x00000000e883e988) thrown at [/build/openjdk-lts-7bqZ
Event: 47,219 Thread 0x00007fd050012000 Exception <a 'java/lang/NoSuchMethodError'{0x00000000e7bccea0}: 'java.lang.Object java.lang.invoke.DirectMethodHandle$Holder.invokeStatic(java.lang.Object, java.lang.Object, java.lang.Object, int)'> (0x00000000e7bccea0) thrown at [/build/openjdk-lts-7bqZf
Event: 47,220 Thread 0x00007fd050012000 Exception <a 'java/lang/NoSuchMethodError'{0x00000000e7bd1210}: 'java.lang.Object java.lang.invoke.DirectMethodHandle$Holder.invokeSpecial(java.lang.Object, java.lang.Object, java.lang.Object, java.lang.Object, int)'> (0x00000000e7bd1210) thrown at [/buil
Event: 47,221 Thread 0x00007fd050012000 Exception <a 'java/lang/NoSuchMethodError'{0x00000000e7bd4ea0}: 'java.lang.Object java.lang.invoke.Invokers$Holder.linkToTargetMethod(java.lang.Object, java.lang.Object, int, java.lang.Object)'> (0x00000000e7bd4ea0) thrown at [/build/openjdk-lts-7bqZff/op

Events (10 events):
Event: 59,306 loading class org/apache/maven/plugin/surefire/SurefireHelper done
Event: 59,306 loading class org/apache/maven/plugin/surefire/SurefireHelper
Event: 59,306 loading class org/apache/maven/plugin/surefire/SurefireHelper done
Event: 59,306 loading class org/apache/maven/plugin/surefire/SurefireHelper
Event: 59,306 loading class org/apache/maven/plugin/surefire/SurefireHelper done
Event: 59,306 loading class org/apache/maven/plugin/surefire/SurefireHelper
Event: 59,306 loading class org/apache/maven/plugin/surefire/SurefireHelper done
Event: 59,315 loading class java/lang/IllegalAccessError
Event: 59,354 loading class java/lang/IllegalAccessError done
Event: 61,928 Executing VM operation: G1CollectForAllocation


Dynamic libraries:
e3000000-e8b00000 rw-p 00000000 00:00 0 
ecb00000-ffe00000 ---p 00000000 00:00 0 
ffe00000-ffe34000 rw-p 01116000 b3:06 1437553                            /usr/lib/jvm/java-11-openjdk-amd64/lib/server/classes.jsa
ffe34000-fff00000 rw-p 00000000 00:00 0 
fff00000-fff6a000 rw-p 010ac000 b3:06 1437553                            /usr/lib/jvm/java-11-openjdk-amd64/lib/server/classes.jsa
fff6a000-100000000 rw-p 00000000 00:00 0 
800000000-800002000 rwxp 00001000 b3:06 1437553                          /usr/lib/jvm/java-11-openjdk-amd64/lib/server/classes.jsa
800002000-8003bd000 rw-p 00003000 b3:06 1437553                          /usr/lib/jvm/java-11-openjdk-amd64/lib/server/classes.jsa
8003bd000-800a98000 r--p 003be000 b3:06 1437553                          /usr/lib/jvm/java-11-openjdk-amd64/lib/server/classes.jsa
800a98000-800a99000 rw-p 00a99000 b3:06 1437553                          /usr/lib/jvm/java-11-openjdk-amd64/lib/server/classes.jsa
800a99000-8010ab000 r--p 00a9a000 b3:06 1437553                          /usr/lib/jvm/java-11-openjdk-amd64/lib/server/classes.jsa
840000000-840340000 rw-p 00000000 00:00 0 
840340000-880000000 ---p 00000000 00:00 0 
55c0ec5ef000-55c0ec5f0000 r-xp 00000000 b3:06 1441529                    /usr/lib/jvm/java-11-openjdk-amd64/bin/java
55c0ec7f0000-55c0ec7f1000 r--p 00001000 b3:06 1441529                    /usr/lib/jvm/java-11-openjdk-amd64/bin/java
55c0ec7f1000-55c0ec7f2000 rw-p 00002000 b3:06 1441529                    /usr/lib/jvm/java-11-openjdk-amd64/bin/java
55c0ee442000-55c0ee463000 rw-p 00000000 00:00 0                          [heap]
7fcffc000000-7fcffc021000 rw-p 00000000 00:00 0 
7fcffc021000-7fd000000000 ---p 00000000 00:00 0 
7fd000000000-7fd000032000 rw-p 00000000 00:00 0 
7fd000032000-7fd004000000 ---p 00000000 00:00 0 
7fd004000000-7fd004c16000 rw-p 00000000 00:00 0 
7fd004c16000-7fd008000000 ---p 00000000 00:00 0 
7fd008000000-7fd008021000 rw-p 00000000 00:00 0 
7fd008021000-7fd00c000000 ---p 00000000 00:00 0 
7fd00c000000-7fd00c021000 rw-p 00000000 00:00 0 
7fd00c021000-7fd010000000 ---p 00000000 00:00 0 
7fd010000000-7fd0116b9000 rw-p 00000000 00:00 0 
7fd0116b9000-7fd014000000 ---p 00000000 00:00 0 
7fd014000000-7fd014021000 rw-p 00000000 00:00 0 
7fd014021000-7fd018000000 ---p 00000000 00:00 0 
7fd018000000-7fd018021000 rw-p 00000000 00:00 0 
7fd018021000-7fd01c000000 ---p 00000000 00:00 0 
7fd01c000000-7fd01c021000 rw-p 00000000 00:00 0 
7fd01c021000-7fd020000000 ---p 00000000 00:00 0 
7fd020000000-7fd02006c000 rw-p 00000000 00:00 0 
7fd02006c000-7fd024000000 ---p 00000000 00:00 0 
7fd024000000-7fd024021000 rw-p 00000000 00:00 0 
7fd024021000-7fd028000000 ---p 00000000 00:00 0 
7fd028dfc000-7fd028ffc000 rw-p 00000000 00:00 0 
7fd028ffc000-7fd0291fc000 rw-p 00000000 00:00 0 
7fd0291fc000-7fd0293fc000 rw-p 00000000 00:00 0 
7fd0293fc000-7fd0295fc000 rw-p 00000000 00:00 0 
7fd0295fc000-7fd0297fc000 rw-p 00000000 00:00 0 
7fd0297fc000-7fd0299fc000 rw-p 00000000 00:00 0 
7fd0299fc000-7fd029bfc000 rw-p 00000000 00:00 0 
7fd029bfc000-7fd029dfc000 rw-p 00000000 00:00 0 
7fd029dfc000-7fd029dfd000 ---p 00000000 00:00 0 
7fd029dfd000-7fd029efe000 rw-p 00000000 00:00 0 
7fd029efe000-7fd029eff000 ---p 00000000 00:00 0 
7fd029eff000-7fd02c000000 rw-p 00000000 00:00 0 
7fd02c000000-7fd02c021000 rw-p 00000000 00:00 0 
7fd02c021000-7fd030000000 ---p 00000000 00:00 0 
7fd030000000-7fd030034000 rw-p 00000000 00:00 0 
7fd030034000-7fd034000000 ---p 00000000 00:00 0 
7fd034000000-7fd034021000 rw-p 00000000 00:00 0 
7fd034021000-7fd038000000 ---p 00000000 00:00 0 
7fd038028000-7fd03803e000 r-xp 00000000 b3:06 1441803                    /usr/lib/jvm/java-11-openjdk-amd64/lib/libnet.so
7fd03803e000-7fd03823d000 ---p 00016000 b3:06 1441803                    /usr/lib/jvm/java-11-openjdk-amd64/lib/libnet.so
7fd03823d000-7fd03823e000 r--p 00015000 b3:06 1441803                    /usr/lib/jvm/java-11-openjdk-amd64/lib/libnet.so
7fd03823e000-7fd03823f000 rw-p 00016000 b3:06 1441803                    /usr/lib/jvm/java-11-openjdk-amd64/lib/libnet.so
7fd03823f000-7fd03824f000 r-xp 00000000 b3:06 1441805                    /usr/lib/jvm/java-11-openjdk-amd64/lib/libnio.so
7fd03824f000-7fd03844e000 ---p 00010000 b3:06 1441805                    /usr/lib/jvm/java-11-openjdk-amd64/lib/libnio.so
7fd03844e000-7fd03844f000 r--p 0000f000 b3:06 1441805                    /usr/lib/jvm/java-11-openjdk-amd64/lib/libnio.so
7fd03844f000-7fd038450000 rw-p 00010000 b3:06 1441805                    /usr/lib/jvm/java-11-openjdk-amd64/lib/libnio.so
7fd038450000-7fd038454000 ---p 00000000 00:00 0 
7fd038454000-7fd038551000 rw-p 00000000 00:00 0 
7fd038551000-7fd038552000 ---p 00000000 00:00 0 
7fd038552000-7fd038653000 rw-p 00000000 00:00 0 
7fd038653000-7fd038657000 ---p 00000000 00:00 0 
7fd038657000-7fd038754000 rw-p 00000000 00:00 0 
7fd038754000-7fd038758000 ---p 00000000 00:00 0 
7fd038758000-7fd038855000 rw-p 00000000 00:00 0 
7fd038855000-7fd038859000 ---p 00000000 00:00 0 
7fd038859000-7fd038956000 rw-p 00000000 00:00 0 
7fd038956000-7fd038bc6000 rwxp 00000000 00:00 0 
7fd038bc6000-7fd038ee5000 ---p 00000000 00:00 0 
7fd038ee5000-7fd039d65000 rwxp 00000000 00:00 0 
7fd039d65000-7fd04041d000 ---p 00000000 00:00 0 
7fd04041d000-7fd0406cd000 rwxp 00000000 00:00 0 
7fd0406cd000-7fd047956000 ---p 00000000 00:00 0 
7fd047956000-7fd050000000 r--s 00000000 b3:06 1441815                    /usr/lib/jvm/java-11-openjdk-amd64/lib/modules
7fd050000000-7fd051768000 rw-p 00000000 00:00 0 
7fd051768000-7fd054000000 ---p 00000000 00:00 0 
7fd05408f000-7fd0540c0000 rw-p 00000000 00:00 0 
7fd0540c0000-7fd0540c4000 ---p 00000000 00:00 0 
7fd0540c4000-7fd0541c1000 rw-p 00000000 00:00 0 
7fd0541c1000-7fd0541c5000 ---p 00000000 00:00 0 
7fd0541c5000-7fd0542c2000 rw-p 00000000 00:00 0 
7fd0542c2000-7fd0545a1000 r--p 00000000 b3:06 1443645                    /usr/lib/locale/locale-archive
7fd0545a1000-7fd0545a5000 ---p 00000000 00:00 0 
7fd0545a5000-7fd0546a2000 rw-p 00000000 00:00 0 
7fd0546a2000-7fd0546a6000 ---p 00000000 00:00 0 
7fd0546a6000-7fd0547a3000 rw-p 00000000 00:00 0 
7fd0547a3000-7fd0547a4000 ---p 00000000 00:00 0 
7fd0547a4000-7fd055126000 rw-p 00000000 00:00 0 
7fd055126000-7fd055127000 ---p 00000000 00:00 0 
7fd055127000-7fd055228000 rw-p 00000000 00:00 0 
7fd055228000-7fd055229000 ---p 00000000 00:00 0 
7fd055229000-7fd05552c000 rw-p 00000000 00:00 0 
7fd05552c000-7fd05552d000 ---p 00000000 00:00 0 
7fd05552d000-7fd05562e000 rw-p 00000000 00:00 0 
7fd05562e000-7fd05562f000 ---p 00000000 00:00 0 
7fd05562f000-7fd05589c000 rw-p 00000000 00:00 0 
7fd05589c000-7fd055e68000 ---p 00000000 00:00 0 
7fd055e68000-7fd055fdc000 rw-p 00000000 00:00 0 
7fd055fdc000-7fd0565a8000 ---p 00000000 00:00 0 
7fd0565a8000-7fd0565de000 rw-p 00000000 00:00 0 
7fd0565de000-7fd056697000 ---p 00000000 00:00 0 
7fd056697000-7fd0566c6000 rw-p 00000000 00:00 0 
7fd0566c6000-7fd05677f000 ---p 00000000 00:00 0 
7fd05677f000-7fd0567ae000 rw-p 00000000 00:00 0 
7fd0567ae000-7fd056867000 ---p 00000000 00:00 0 
7fd056867000-7fd056a6a000 rw-p 00000000 00:00 0 
7fd056a6a000-7fd056a6b000 ---p 00000000 00:00 0 
7fd056a6b000-7fd056b72000 rw-p 00000000 00:00 0 
7fd056b72000-7fd056c57000 ---p 00000000 00:00 0 
7fd056c57000-7fd056c74000 rw-p 00000000 00:00 0 
7fd056c74000-7fd056d42000 ---p 00000000 00:00 0 
7fd056d42000-7fd056d47000 r-xp 00000000 b3:06 1441785                    /usr/lib/jvm/java-11-openjdk-amd64/lib/libjimage.so
7fd056d47000-7fd056f46000 ---p 00005000 b3:06 1441785                    /usr/lib/jvm/java-11-openjdk-amd64/lib/libjimage.so
7fd056f46000-7fd056f47000 r--p 00004000 b3:06 1441785                    /usr/lib/jvm/java-11-openjdk-amd64/lib/libjimage.so
7fd056f47000-7fd056f48000 rw-p 00005000 b3:06 1441785                    /usr/lib/jvm/java-11-openjdk-amd64/lib/libjimage.so
7fd056f48000-7fd056f4f000 r-xp 00000000 b3:06 1441814                    /usr/lib/jvm/java-11-openjdk-amd64/lib/libzip.so
7fd056f4f000-7fd05714e000 ---p 00007000 b3:06 1441814                    /usr/lib/jvm/java-11-openjdk-amd64/lib/libzip.so
7fd05714e000-7fd05714f000 r--p 00006000 b3:06 1441814                    /usr/lib/jvm/java-11-openjdk-amd64/lib/libzip.so
7fd05714f000-7fd057150000 rw-p 00007000 b3:06 1441814                    /usr/lib/jvm/java-11-openjdk-amd64/lib/libzip.so
7fd057150000-7fd05715b000 r-xp 00000000 b3:06 1050651                    /lib/x86_64-linux-gnu/libnss_files-2.27.so
7fd05715b000-7fd05735a000 ---p 0000b000 b3:06 1050651                    /lib/x86_64-linux-gnu/libnss_files-2.27.so
7fd05735a000-7fd05735b000 r--p 0000a000 b3:06 1050651                    /lib/x86_64-linux-gnu/libnss_files-2.27.so
7fd05735b000-7fd05735c000 rw-p 0000b000 b3:06 1050651                    /lib/x86_64-linux-gnu/libnss_files-2.27.so
7fd05735c000-7fd057362000 rw-p 00000000 00:00 0 
7fd057362000-7fd057379000 r-xp 00000000 b3:06 1050645                    /lib/x86_64-linux-gnu/libnsl-2.27.so
7fd057379000-7fd057578000 ---p 00017000 b3:06 1050645                    /lib/x86_64-linux-gnu/libnsl-2.27.so
7fd057578000-7fd057579000 r--p 00016000 b3:06 1050645                    /lib/x86_64-linux-gnu/libnsl-2.27.so
7fd057579000-7fd05757a000 rw-p 00017000 b3:06 1050645                    /lib/x86_64-linux-gnu/libnsl-2.27.so
7fd05757a000-7fd05757c000 rw-p 00000000 00:00 0 
7fd05757c000-7fd057587000 r-xp 00000000 b3:06 1050662                    /lib/x86_64-linux-gnu/libnss_nis-2.27.so
7fd057587000-7fd057786000 ---p 0000b000 b3:06 1050662                    /lib/x86_64-linux-gnu/libnss_nis-2.27.so
7fd057786000-7fd057787000 r--p 0000a000 b3:06 1050662                    /lib/x86_64-linux-gnu/libnss_nis-2.27.so
7fd057787000-7fd057788000 rw-p 0000b000 b3:06 1050662                    /lib/x86_64-linux-gnu/libnss_nis-2.27.so
7fd057788000-7fd057790000 r-xp 00000000 b3:06 1050647                    /lib/x86_64-linux-gnu/libnss_compat-2.27.so
7fd057790000-7fd057990000 ---p 00008000 b3:06 1050647                    /lib/x86_64-linux-gnu/libnss_compat-2.27.so
7fd057990000-7fd057991000 r--p 00008000 b3:06 1050647                    /lib/x86_64-linux-gnu/libnss_compat-2.27.so
7fd057991000-7fd057992000 rw-p 00009000 b3:06 1050647                    /lib/x86_64-linux-gnu/libnss_compat-2.27.so
7fd057992000-7fd0579bb000 r-xp 00000000 b3:06 1441777                    /usr/lib/jvm/java-11-openjdk-amd64/lib/libjava.so
7fd0579bb000-7fd057bba000 ---p 00029000 b3:06 1441777                    /usr/lib/jvm/java-11-openjdk-amd64/lib/libjava.so
7fd057bba000-7fd057bbb000 r--p 00028000 b3:06 1441777                    /usr/lib/jvm/java-11-openjdk-amd64/lib/libjava.so
7fd057bbb000-7fd057bbd000 rw-p 00029000 b3:06 1441777                    /usr/lib/jvm/java-11-openjdk-amd64/lib/libjava.so
7fd057bbd000-7fd057bca000 r-xp 00000000 b3:06 1441812                    /usr/lib/jvm/java-11-openjdk-amd64/lib/libverify.so
7fd057bca000-7fd057dc9000 ---p 0000d000 b3:06 1441812                    /usr/lib/jvm/java-11-openjdk-amd64/lib/libverify.so
7fd057dc9000-7fd057dcb000 r--p 0000c000 b3:06 1441812                    /usr/lib/jvm/java-11-openjdk-amd64/lib/libverify.so
7fd057dcb000-7fd057dcc000 rw-p 0000e000 b3:06 1441812                    /usr/lib/jvm/java-11-openjdk-amd64/lib/libverify.so
7fd057dcc000-7fd057dd3000 r-xp 00000000 b3:06 1050702                    /lib/x86_64-linux-gnu/librt-2.27.so
7fd057dd3000-7fd057fd2000 ---p 00007000 b3:06 1050702                    /lib/x86_64-linux-gnu/librt-2.27.so
7fd057fd2000-7fd057fd3000 r--p 00006000 b3:06 1050702                    /lib/x86_64-linux-gnu/librt-2.27.so
7fd057fd3000-7fd057fd4000 rw-p 00007000 b3:06 1050702                    /lib/x86_64-linux-gnu/librt-2.27.so
7fd057fd4000-7fd057feb000 r-xp 00000000 b3:06 1050598                    /lib/x86_64-linux-gnu/libgcc_s.so.1
7fd057feb000-7fd0581ea000 ---p 00017000 b3:06 1050598                    /lib/x86_64-linux-gnu/libgcc_s.so.1
7fd0581ea000-7fd0581eb000 r--p 00016000 b3:06 1050598                    /lib/x86_64-linux-gnu/libgcc_s.so.1
7fd0581eb000-7fd0581ec000 rw-p 00017000 b3:06 1050598                    /lib/x86_64-linux-gnu/libgcc_s.so.1
7fd0581ec000-7fd058389000 r-xp 00000000 b3:06 1050624                    /lib/x86_64-linux-gnu/libm-2.27.so
7fd058389000-7fd058588000 ---p 0019d000 b3:06 1050624                    /lib/x86_64-linux-gnu/libm-2.27.so
7fd058588000-7fd058589000 r--p 0019c000 b3:06 1050624                    /lib/x86_64-linux-gnu/libm-2.27.so
7fd058589000-7fd05858a000 rw-p 0019d000 b3:06 1050624                    /lib/x86_64-linux-gnu/libm-2.27.so
7fd05858a000-7fd058703000 r-xp 00000000 b3:06 1446455                    /usr/lib/x86_64-linux-gnu/libstdc++.so.6.0.25
7fd058703000-7fd058903000 ---p 00179000 b3:06 1446455                    /usr/lib/x86_64-linux-gnu/libstdc++.so.6.0.25
7fd058903000-7fd05890d000 r--p 00179000 b3:06 1446455                    /usr/lib/x86_64-linux-gnu/libstdc++.so.6.0.25
7fd05890d000-7fd05890f000 rw-p 00183000 b3:06 1446455                    /usr/lib/x86_64-linux-gnu/libstdc++.so.6.0.25
7fd05890f000-7fd058913000 rw-p 00000000 00:00 0 
7fd058913000-7fd0599df000 r-xp 00000000 b3:06 1441824                    /usr/lib/jvm/java-11-openjdk-amd64/lib/server/libjvm.so
7fd0599df000-7fd059bde000 ---p 010cc000 b3:06 1441824                    /usr/lib/jvm/java-11-openjdk-amd64/lib/server/libjvm.so
7fd059bde000-7fd059c9b000 r--p 010cb000 b3:06 1441824                    /usr/lib/jvm/java-11-openjdk-amd64/lib/server/libjvm.so
7fd059c9b000-7fd059cd4000 rw-p 01188000 b3:06 1441824                    /usr/lib/jvm/java-11-openjdk-amd64/lib/server/libjvm.so
7fd059cd4000-7fd059d2a000 rw-p 00000000 00:00 0 
7fd059d2a000-7fd059d44000 r-xp 00000000 b3:06 1050694                    /lib/x86_64-linux-gnu/libpthread-2.27.so
7fd059d44000-7fd059f43000 ---p 0001a000 b3:06 1050694                    /lib/x86_64-linux-gnu/libpthread-2.27.so
7fd059f43000-7fd059f44000 r--p 00019000 b3:06 1050694                    /lib/x86_64-linux-gnu/libpthread-2.27.so
7fd059f44000-7fd059f45000 rw-p 0001a000 b3:06 1050694                    /lib/x86_64-linux-gnu/libpthread-2.27.so
7fd059f45000-7fd059f49000 rw-p 00000000 00:00 0 
7fd059f49000-7fd059f4c000 r-xp 00000000 b3:06 1050584                    /lib/x86_64-linux-gnu/libdl-2.27.so
7fd059f4c000-7fd05a14b000 ---p 00003000 b3:06 1050584                    /lib/x86_64-linux-gnu/libdl-2.27.so
7fd05a14b000-7fd05a14c000 r--p 00002000 b3:06 1050584                    /lib/x86_64-linux-gnu/libdl-2.27.so
7fd05a14c000-7fd05a14d000 rw-p 00003000 b3:06 1050584                    /lib/x86_64-linux-gnu/libdl-2.27.so
7fd05a14d000-7fd05a169000 r-xp 00000000 b3:06 1050735                    /lib/x86_64-linux-gnu/libz.so.1.2.11
7fd05a169000-7fd05a368000 ---p 0001c000 b3:06 1050735                    /lib/x86_64-linux-gnu/libz.so.1.2.11
7fd05a368000-7fd05a369000 r--p 0001b000 b3:06 1050735                    /lib/x86_64-linux-gnu/libz.so.1.2.11
7fd05a369000-7fd05a36a000 rw-p 0001c000 b3:06 1050735                    /lib/x86_64-linux-gnu/libz.so.1.2.11
7fd05a36a000-7fd05a551000 r-xp 00000000 b3:06 1050561                    /lib/x86_64-linux-gnu/libc-2.27.so
7fd05a551000-7fd05a751000 ---p 001e7000 b3:06 1050561                    /lib/x86_64-linux-gnu/libc-2.27.so
7fd05a751000-7fd05a755000 r--p 001e7000 b3:06 1050561                    /lib/x86_64-linux-gnu/libc-2.27.so
7fd05a755000-7fd05a757000 rw-p 001eb000 b3:06 1050561                    /lib/x86_64-linux-gnu/libc-2.27.so
7fd05a757000-7fd05a75b000 rw-p 00000000 00:00 0 
7fd05a75b000-7fd05a76b000 r-xp 00000000 b3:06 1441749                    /usr/lib/jvm/java-11-openjdk-amd64/lib/jli/libjli.so
7fd05a76b000-7fd05a96a000 ---p 00010000 b3:06 1441749                    /usr/lib/jvm/java-11-openjdk-amd64/lib/jli/libjli.so
7fd05a96a000-7fd05a96b000 r--p 0000f000 b3:06 1441749                    /usr/lib/jvm/java-11-openjdk-amd64/lib/jli/libjli.so
7fd05a96b000-7fd05a96c000 rw-p 00010000 b3:06 1441749                    /usr/lib/jvm/java-11-openjdk-amd64/lib/jli/libjli.so
7fd05a96c000-7fd05a993000 r-xp 00000000 b3:06 1050533                    /lib/x86_64-linux-gnu/ld-2.27.so
7fd05a9a2000-7fd05aa77000 rw-p 00000000 00:00 0 
7fd05aa77000-7fd05aa7b000 ---p 00000000 00:00 0 
7fd05aa7b000-7fd05ab7a000 rw-p 00000000 00:00 0 
7fd05ab7b000-7fd05ab80000 rw-p 00000000 00:00 0 
7fd05ab80000-7fd05ab87000 ---p 00000000 00:00 0 
7fd05ab87000-7fd05ab8f000 rw-s 00000000 b3:06 416039                     /tmp/hsperfdata_lizandra/7017
7fd05ab8f000-7fd05ab90000 ---p 00000000 00:00 0 
7fd05ab90000-7fd05ab91000 r--p 00000000 00:00 0 
7fd05ab91000-7fd05ab93000 rw-p 00000000 00:00 0 
7fd05ab93000-7fd05ab94000 r--p 00027000 b3:06 1050533                    /lib/x86_64-linux-gnu/ld-2.27.so
7fd05ab94000-7fd05ab95000 rw-p 00028000 b3:06 1050533                    /lib/x86_64-linux-gnu/ld-2.27.so
7fd05ab95000-7fd05ab96000 rw-p 00000000 00:00 0 
7ffd9cf0d000-7ffd9cf2e000 rw-p 00000000 00:00 0                          [stack]
7ffd9cfd3000-7ffd9cfd6000 r--p 00000000 00:00 0                          [vvar]
7ffd9cfd6000-7ffd9cfd8000 r-xp 00000000 00:00 0                          [vdso]
ffffffffff600000-ffffffffff601000 r-xp 00000000 00:00 0                  [vsyscall]


VM Arguments:
jvm_args: -Dclassworlds.conf=/home/lizandra/Software/netbeans/java/maven/bin/m2.conf -Dmaven.home=/home/lizandra/Software/netbeans/java/maven -Dmaven.multiModuleProjectDirectory=/home/lizandra/NetBeansProjects/sistema-nutri 
java_command: org.codehaus.plexus.classworlds.launcher.Launcher -Dmaven.ext.class.path=/home/lizandra/Software/netbeans/java/maven-nblib/netbeans-eventspy.jar clean install
java_class_path (initial): /home/lizandra/Software/netbeans/java/maven/boot/plexus-classworlds-2.5.2.jar
Launcher Type: SUN_STANDARD

[Global flags]
     intx CICompilerCount                          = 2                                         {product} {ergonomic}
     uint ConcGCThreads                            = 1                                         {product} {ergonomic}
     uint G1ConcRefinementThreads                  = 2                                         {product} {ergonomic}
   size_t G1HeapRegionSize                         = 1048576                                   {product} {ergonomic}
    uintx GCDrainStackTargetSize                   = 64                                        {product} {ergonomic}
   size_t InitialHeapSize                          = 31457280                                  {product} {ergonomic}
   size_t MarkStackSize                            = 4194304                                   {product} {ergonomic}
   size_t MaxHeapSize                              = 486539264                                 {product} {ergonomic}
   size_t MaxNewSize                               = 291504128                                 {product} {ergonomic}
   size_t MinHeapDeltaBytes                        = 1048576                                   {product} {ergonomic}
    uintx NonNMethodCodeHeapSize                   = 5824844                                {pd product} {ergonomic}
    uintx NonProfiledCodeHeapSize                  = 122916698                              {pd product} {ergonomic}
    uintx ProfiledCodeHeapSize                     = 122916698                              {pd product} {ergonomic}
    uintx ReservedCodeCacheSize                    = 251658240                              {pd product} {ergonomic}
     bool SegmentedCodeCache                       = true                                      {product} {ergonomic}
     bool UseCompressedClassPointers               = true                                 {lp64_product} {ergonomic}
     bool UseCompressedOops                        = true                                 {lp64_product} {ergonomic}
     bool UseG1GC                                  = true                                      {product} {ergonomic}

Logging:
Log output configuration:
 #0: stdout all=warning uptime,level,tags
 #1: stderr all=off uptime,level,tags

Environment Variables:
JAVA_HOME=/usr/lib/jvm/java-11-openjdk-amd64
PATH=/usr/local/sbin:/usr/local/bin:/usr/sbin:/usr/bin:/sbin:/bin:/usr/games:/usr/local/games
SHELL=/bin/bash
DISPLAY=:0

Signal Handlers:
SIGSEGV: [libjvm.so+0xde5f50], sa_mask[0]=11111111011111111101111111111110, sa_flags=SA_RESTART|SA_SIGINFO
SIGBUS: [libjvm.so+0xde5f50], sa_mask[0]=11111111011111111101111111111110, sa_flags=SA_RESTART|SA_SIGINFO
SIGFPE: [libjvm.so+0xde5f50], sa_mask[0]=11111111011111111101111111111110, sa_flags=SA_RESTART|SA_SIGINFO
SIGPIPE: [libjvm.so+0xbba5b0], sa_mask[0]=11111111011111111101111111111110, sa_flags=SA_RESTART|SA_SIGINFO
SIGXFSZ: [libjvm.so+0xbba5b0], sa_mask[0]=11111111011111111101111111111110, sa_flags=SA_RESTART|SA_SIGINFO
SIGILL: [libjvm.so+0xde5f50], sa_mask[0]=11111111011111111101111111111110, sa_flags=SA_RESTART|SA_SIGINFO
SIGUSR2: [libjvm.so+0xbba450], sa_mask[0]=00100000000000000000000000000000, sa_flags=SA_RESTART|SA_SIGINFO
SIGHUP: [libjvm.so+0xbba7b0], sa_mask[0]=11111111011111111101111111111110, sa_flags=SA_RESTART|SA_SIGINFO
SIGINT: SIG_IGN, sa_mask[0]=00000000000000000000000000000000, sa_flags=none
SIGTERM: [libjvm.so+0xbba7b0], sa_mask[0]=11111111011111111101111111111110, sa_flags=SA_RESTART|SA_SIGINFO
SIGQUIT: [libjvm.so+0xbba7b0], sa_mask[0]=11111111011111111101111111111110, sa_flags=SA_RESTART|SA_SIGINFO


---------------  S Y S T E M  ---------------

OS:DISTRIB_ID=LinuxMint
DISTRIB_RELEASE=19.2
DISTRIB_CODENAME=tina
DISTRIB_DESCRIPTION="Linux Mint 19.2 Tina"
uname:Linux 4.15.0-58-generic #64-Ubuntu SMP Tue Aug 6 11:12:41 UTC 2019 x86_64
libc:glibc 2.27 NPTL 2.27 
rlimit: STACK 8192k, CORE 0k, NPROC 6965, NOFILE 1048576, AS infinity, DATA infinity, FSIZE infinity
load average:4,51 4,22 7,26

/proc/meminfo:
MemTotal:        1897592 kB
MemFree:           70544 kB
MemAvailable:      24624 kB
Buffers:             996 kB
Cached:           103192 kB
SwapCached:          588 kB
Active:          1238028 kB
Inactive:         422736 kB
Active(anon):    1224796 kB
Inactive(anon):   408428 kB
Active(file):      13232 kB
Inactive(file):    14308 kB
Unevictable:          48 kB
Mlocked:              48 kB
SwapTotal:       1301168 kB
SwapFree:             16 kB
Dirty:               180 kB
Writeback:           352 kB
AnonPages:       1556300 kB
Mapped:            38760 kB
Shmem:             76368 kB
Slab:              70584 kB
SReclaimable:      29868 kB
SUnreclaim:        40716 kB
KernelStack:       12160 kB
PageTables:        46312 kB
NFS_Unstable:          0 kB
Bounce:                0 kB
WritebackTmp:          0 kB
CommitLimit:     2249964 kB
Committed_AS:    6363296 kB
VmallocTotal:   34359738367 kB
VmallocUsed:           0 kB
VmallocChunk:          0 kB
HardwareCorrupted:     0 kB
AnonHugePages:         0 kB
ShmemHugePages:        0 kB
ShmemPmdMapped:        0 kB
CmaTotal:              0 kB
CmaFree:               0 kB
HugePages_Total:       0
HugePages_Free:        0
HugePages_Rsvd:        0
HugePages_Surp:        0
Hugepagesize:       2048 kB
DirectMap4k:      149248 kB
DirectMap2M:     1802240 kB


/proc/sys/kernel/threads-max (system-wide limit on the number of threads):
13930


/proc/sys/vm/max_map_count (maximum number of memory map areas a process may have):
65530


/proc/sys/kernel/pid_max (system-wide limit on number of process identifiers):
32768



container (cgroup) information:
container_type: cgroupv1
cpu_cpuset_cpus: 0-1
cpu_memory_nodes: 0
active_processor_count: 2
cpu_quota: -1
cpu_period: 100000
cpu_shares: -1
memory_limit_in_bytes: -1
memory_and_swap_limit_in_bytes: -2
memory_soft_limit_in_bytes: -1
memory_usage_in_bytes: 1701113856
memory_max_usage_in_bytes: 0

Steal ticks since vm start: 0
Steal ticks percentage since vm start:  0,000

CPU:total 2 (initial active 2) (2 cores per cpu, 1 threads per core) family 6 model 76 stepping 3, cmov, cx8, fxsr, mmx, sse, sse2, sse3, ssse3, sse4.1, sse4.2, popcnt, aes, clmul, erms, 3dnowpref, tsc, tscinvbit
CPU Model and flags from /proc/cpuinfo:
model name	: Intel(R) Celeron(R) CPU  N3050  @ 1.60GHz
flags		: fpu vme de pse tsc msr pae mce cx8 apic sep mtrr pge mca cmov pat pse36 clflush dts acpi mmx fxsr sse sse2 ss ht tm pbe syscall nx rdtscp lm constant_tsc arch_perfmon pebs bts rep_good nopl xtopology tsc_reliable nonstop_tsc cpuid aperfmperf tsc_known_freq pni pclmulqdq dtes64 monitor ds_cpl vmx est tm2 ssse3 cx16 xtpr pdcm sse4_1 sse4_2 movbe popcnt tsc_deadline_timer aes rdrand lahf_lm 3dnowprefetch epb pti ibrs ibpb stibp tpr_shadow vnmi flexpriority ept vpid tsc_adjust smep erms dtherm ida arat md_clear

Memory: 4k page, physical 1897592k(70544k free), swap 1301168k(16k free)

vm_info: OpenJDK 64-Bit Server VM (11.0.4+11-post-Ubuntu-1ubuntu218.04.3) for linux-amd64 JRE (11.0.4+11-post-Ubuntu-1ubuntu218.04.3), built on Jul 18 2019 18:21:46 by "buildd" with gcc 7.4.0

END.
