#
# There is insufficient memory for the Java Runtime Environment to continue.
# Native memory allocation (mmap) failed to map 80740352 bytes for committing reserved memory.
# Possible reasons:
#   The system is out of physical RAM or swap space
#   The process is running with CompressedOops enabled, and the Java Heap may be blocking the growth of the native heap
# Possible solutions:
#   Reduce memory load on the system
#   Increase physical memory or swap space
#   Check if swap backing store is full
#   Decrease Java heap size (-Xmx/-Xms)
#   Decrease number of Java threads
#   Decrease Java thread stack sizes (-Xss)
#   Set larger code cache with -XX:ReservedCodeCacheSize=
#   JVM is running with Unscaled Compressed Oops mode in which the Java heap is
#     placed in the first 4GB address space. The Java Heap base address is the
#     maximum limit for the native heap growth. Please use -XX:HeapBaseMinAddress
#     to set the Java Heap base and to place the Java Heap above 4GB virtual address.
# This output file may be truncated or incomplete.
#
#  Out of Memory Error (os_linux.cpp:2893), pid=6252, tid=6270
#
# JRE version: OpenJDK Runtime Environment (11.0.4+11) (build 11.0.4+11-post-Ubuntu-1ubuntu218.04.3)
# Java VM: OpenJDK 64-Bit Server VM (11.0.4+11-post-Ubuntu-1ubuntu218.04.3, mixed mode, sharing, tiered, compressed oops, g1 gc, linux-amd64)
# Core dump will be written. Default location: Core dumps may be processed with "/lib/systemd/systemd-coredump %P %u %g %s %t 9223372036854775808 %e" (or dumping to /home/lizandra/NetBeansProjects/sistema-nutri/core.6252)
#

---------------  S U M M A R Y ------------

Command Line: -Dclassworlds.conf=/home/lizandra/Software/netbeans/java/maven/bin/m2.conf -Dmaven.home=/home/lizandra/Software/netbeans/java/maven -Dmaven.multiModuleProjectDirectory=/home/lizandra/NetBeansProjects/sistema-nutri org.codehaus.plexus.classworlds.launcher.Launcher -Dmaven.ext.class.path=/home/lizandra/Software/netbeans/java/maven-nblib/netbeans-eventspy.jar clean install

Host: Intel(R) Celeron(R) CPU  N3050  @ 1.60GHz, 2 cores, 1G, Linux Mint 19.2 Tina
Time: Tue Dec  3 15:03:50 2019 -03 elapsed time: 337 seconds (0d 0h 5m 37s)

---------------  T H R E A D  ---------------

Current thread (0x00007f21ac085000):  VMThread "VM Thread" [stack: 0x00007f2185700000,0x00007f2185800000] [id=6270]

Stack: [0x00007f2185700000,0x00007f2185800000],  sp=0x00007f21857fdff0,  free space=1015k
Native frames: (J=compiled Java code, A=aot compiled Java code, j=interpreted, Vv=VM code, C=native code)
V  [libjvm.so+0xde4547]
V  [libjvm.so+0xde519b]
V  [libjvm.so+0x6511a5]
V  [libjvm.so+0xbbed38]
V  [libjvm.so+0xbb5ebd]
V  [libjvm.so+0x76f53f]
V  [libjvm.so+0x76f7ae]
V  [libjvm.so+0x77b820]
V  [libjvm.so+0x7f6969]
V  [libjvm.so+0x7f75c2]
V  [libjvm.so+0x7f7a29]
V  [libjvm.so+0x72de6f]
V  [libjvm.so+0x732b6a]
V  [libjvm.so+0xdf01e1]
V  [libjvm.so+0xdeeda8]
V  [libjvm.so+0xdec5e6]
V  [libjvm.so+0xdecaf0]
V  [libjvm.so+0xdecf23]
V  [libjvm.so+0xd7aeea]
V  [libjvm.so+0xbc4a5e]

VM_Operation (0x00007f21b51e8f40): G1CollectForAllocation, mode: safepoint, requested by thread 0x00007f21ac012000


---------------  P R O C E S S  ---------------

Threads class SMR info:
_java_thread_list=0x00007f21ac0ce990, length=9, elements={
0x00007f21ac012000, 0x00007f21ac088000, 0x00007f21ac08a000, 0x00007f21ac08f800,
0x00007f21ac091800, 0x00007f21ac093800, 0x00007f21ac095800, 0x00007f21ac0c4800,
0x00007f21ac0cd000
}

Java Threads: ( => current thread )
  0x00007f21ac012000 JavaThread "main" [_thread_blocked, id=6262, stack(0x00007f21b50ec000,0x00007f21b51ed000)]
  0x00007f21ac088000 JavaThread "Reference Handler" daemon [_thread_blocked, id=6271, stack(0x00007f21855fd000,0x00007f21856fe000)]
  0x00007f21ac08a000 JavaThread "Finalizer" daemon [_thread_blocked, id=6272, stack(0x00007f21854fc000,0x00007f21855fd000)]
  0x00007f21ac08f800 JavaThread "Signal Dispatcher" daemon [_thread_blocked, id=6292, stack(0x00007f218511c000,0x00007f218521d000)]
  0x00007f21ac091800 JavaThread "C2 CompilerThread0" daemon [_thread_blocked, id=6295, stack(0x00007f218501b000,0x00007f218511c000)]
  0x00007f21ac093800 JavaThread "C1 CompilerThread0" daemon [_thread_blocked, id=6296, stack(0x00007f2184f1a000,0x00007f218501b000)]
  0x00007f21ac095800 JavaThread "Sweeper thread" daemon [_thread_blocked, id=6297, stack(0x00007f2184e19000,0x00007f2184f1a000)]
  0x00007f21ac0c4800 JavaThread "Service Thread" daemon [_thread_blocked, id=6301, stack(0x00007f2184d18000,0x00007f2184e19000)]
  0x00007f21ac0cd000 JavaThread "Common-Cleaner" daemon [_thread_blocked, id=6304, stack(0x00007f2184b15000,0x00007f2184c16000)]

Other Threads:
=>0x00007f21ac085000 VMThread "VM Thread" [stack: 0x00007f2185700000,0x00007f2185800000] [id=6270]
  0x00007f21ac0c7000 WatcherThread [stack: 0x00007f2184c18000,0x00007f2184d18000] [id=6302]
  0x00007f21ac028000 GCTaskThread "GC Thread#0" [stack: 0x00007f21b10e1000,0x00007f21b11e1000] [id=6263]
  0x00007f217c001000 GCTaskThread "GC Thread#1" [stack: 0x00007f21845ed000,0x00007f21846ed000] [id=6317]
  0x00007f21ac037800 ConcurrentGCThread "G1 Main Marker" [stack: 0x00007f21b03e5000,0x00007f21b04e5000] [id=6264]
  0x00007f21ac039000 ConcurrentGCThread "G1 Conc#0" [stack: 0x00007f21b02e3000,0x00007f21b03e3000] [id=6265]
  0x00007f21ac05a800 ConcurrentGCThread "G1 Refine#0" [stack: 0x00007f2194116000,0x00007f2194216000] [id=6266]
  0x00007f2180001000 ConcurrentGCThread "G1 Refine#1" [stack: 0x00007f21844eb000,0x00007f21845eb000] [id=6319]
  0x00007f21ac05c800 ConcurrentGCThread "G1 Young RemSet Sampling" [stack: 0x00007f2194014000,0x00007f2194114000] [id=6267]

Threads with active compile tasks:
C2 CompilerThread05756   !   4       com.sun.tools.javac.code.Symbol$ClassSymbol::complete (52 bytes)
C1 CompilerThread05751       3       com.sun.tools.javac.code.Scope$CompoundScope::lambda$getSymbolsByName$2 (13 bytes)

VM state:at safepoint (normal execution)

VM Mutex/Monitor currently owned by a thread:  ([mutex/lock_event])
[0x00007f21ac00e440] Threads_lock - owner thread: 0x00007f21ac085000
[0x00007f21ac00eb90] Heap_lock - owner thread: 0x00007f21ac012000

Heap address: 0x00000000e3000000, size: 464 MB, Compressed Oops mode: 32-bit
Narrow klass base: 0x0000000800000000, Narrow klass shift: 3
Compressed class space size: 1073741824 Address: 0x0000000840000000

Heap:
 garbage-first heap   total 160768K, used 45664K [0x00000000e3000000, 0x0000000100000000)
  region size 1024K, 1 young (1024K), 1 survivors (1024K)
 Metaspace       used 24889K, capacity 25583K, committed 25728K, reserved 1071104K
  class space    used 2831K, capacity 3077K, committed 3200K, reserved 1048576K
Heap Regions: E=young(eden), S=young(survivor), O=old, HS=humongous(starts), HC=humongous(continues), CS=collection set, F=free, A=archive, TAMS=top-at-mark-start (previous, next)
|   0|0x00000000e3000000, 0x00000000e3100000, 0x00000000e3100000|100%| O|  |TAMS 0x00000000e3100000, 0x00000000e3000000| Untracked 
|   1|0x00000000e3100000, 0x00000000e3200000, 0x00000000e3200000|100%| O|  |TAMS 0x00000000e3200000, 0x00000000e3100000| Untracked 
|   2|0x00000000e3200000, 0x00000000e3300000, 0x00000000e3300000|100%| O|  |TAMS 0x00000000e3300000, 0x00000000e3200000| Untracked 
|   3|0x00000000e3300000, 0x00000000e3400000, 0x00000000e3400000|100%| O|  |TAMS 0x00000000e3400000, 0x00000000e3300000| Untracked 
|   4|0x00000000e3400000, 0x00000000e3500000, 0x00000000e3500000|100%| O|  |TAMS 0x00000000e3500000, 0x00000000e3400000| Untracked 
|   5|0x00000000e3500000, 0x00000000e3600000, 0x00000000e3600000|100%| O|  |TAMS 0x00000000e3600000, 0x00000000e3500000| Untracked 
|   6|0x00000000e3600000, 0x00000000e3700000, 0x00000000e3700000|100%| O|  |TAMS 0x00000000e3700000, 0x00000000e3600000| Untracked 
|   7|0x00000000e3700000, 0x00000000e3800000, 0x00000000e3800000|100%| O|  |TAMS 0x00000000e3800000, 0x00000000e3700000| Untracked 
|   8|0x00000000e3800000, 0x00000000e3900000, 0x00000000e3900000|100%| O|  |TAMS 0x00000000e3900000, 0x00000000e3800000| Untracked 
|   9|0x00000000e3900000, 0x00000000e3a00000, 0x00000000e3a00000|100%| O|  |TAMS 0x00000000e3a00000, 0x00000000e3900000| Untracked 
|  10|0x00000000e3a00000, 0x00000000e3b00000, 0x00000000e3b00000|100%| O|  |TAMS 0x00000000e3b00000, 0x00000000e3a00000| Untracked 
|  11|0x00000000e3b00000, 0x00000000e3c00000, 0x00000000e3c00000|100%| O|  |TAMS 0x00000000e3c00000, 0x00000000e3b00000| Untracked 
|  12|0x00000000e3c00000, 0x00000000e3d00000, 0x00000000e3d00000|100%| O|  |TAMS 0x00000000e3d00000, 0x00000000e3c00000| Untracked 
|  13|0x00000000e3d00000, 0x00000000e3e00000, 0x00000000e3e00000|100%| O|  |TAMS 0x00000000e3e00000, 0x00000000e3d00000| Untracked 
|  14|0x00000000e3e00000, 0x00000000e3f00000, 0x00000000e3f00000|100%| O|  |TAMS 0x00000000e3f00000, 0x00000000e3e00000| Untracked 
|  15|0x00000000e3f00000, 0x00000000e4000000, 0x00000000e4000000|100%|HS|  |TAMS 0x00000000e4000000, 0x00000000e3f00000| Complete 
|  16|0x00000000e4000000, 0x00000000e4100000, 0x00000000e4100000|100%| O|  |TAMS 0x00000000e4100000, 0x00000000e4000000| Untracked 
|  17|0x00000000e4100000, 0x00000000e4200000, 0x00000000e4200000|100%| O|  |TAMS 0x00000000e4200000, 0x00000000e4100000| Untracked 
|  18|0x00000000e4200000, 0x00000000e4300000, 0x00000000e4300000|100%| O|  |TAMS 0x00000000e4300000, 0x00000000e4200000| Untracked 
|  19|0x00000000e4300000, 0x00000000e4400000, 0x00000000e4400000|100%| O|  |TAMS 0x00000000e4400000, 0x00000000e4300000| Untracked 
|  20|0x00000000e4400000, 0x00000000e4500000, 0x00000000e4500000|100%| O|  |TAMS 0x00000000e4500000, 0x00000000e4400000| Untracked 
|  21|0x00000000e4500000, 0x00000000e4600000, 0x00000000e4600000|100%| O|  |TAMS 0x00000000e4600000, 0x00000000e4500000| Untracked 
|  22|0x00000000e4600000, 0x00000000e4700000, 0x00000000e4700000|100%|HS|  |TAMS 0x00000000e4700000, 0x00000000e4600000| Complete 
|  23|0x00000000e4700000, 0x00000000e4800000, 0x00000000e4800000|100%| O|  |TAMS 0x00000000e4800000, 0x00000000e4700000| Untracked 
|  24|0x00000000e4800000, 0x00000000e4900000, 0x00000000e4900000|100%| O|  |TAMS 0x00000000e4900000, 0x00000000e4800000| Untracked 
|  25|0x00000000e4900000, 0x00000000e4a00000, 0x00000000e4a00000|100%| O|  |TAMS 0x00000000e4a00000, 0x00000000e4900000| Untracked 
|  26|0x00000000e4a00000, 0x00000000e4b00000, 0x00000000e4b00000|100%| O|  |TAMS 0x00000000e4b00000, 0x00000000e4a00000| Untracked 
|  27|0x00000000e4b00000, 0x00000000e4c00000, 0x00000000e4c00000|100%| O|  |TAMS 0x00000000e4c00000, 0x00000000e4b00000| Untracked 
|  28|0x00000000e4c00000, 0x00000000e4d00000, 0x00000000e4d00000|100%| O|  |TAMS 0x00000000e4d00000, 0x00000000e4c00000| Untracked 
|  29|0x00000000e4d00000, 0x00000000e4e00000, 0x00000000e4e00000|100%| O|  |TAMS 0x00000000e4e00000, 0x00000000e4d00000| Untracked 
|  30|0x00000000e4e00000, 0x00000000e4f00000, 0x00000000e4f00000|100%| O|  |TAMS 0x00000000e4f00000, 0x00000000e4e00000| Untracked 
|  31|0x00000000e4f00000, 0x00000000e5000000, 0x00000000e5000000|100%| O|  |TAMS 0x00000000e5000000, 0x00000000e4f00000| Untracked 
|  32|0x00000000e5000000, 0x00000000e5100000, 0x00000000e5100000|100%| O|  |TAMS 0x00000000e5100000, 0x00000000e5000000| Untracked 
|  33|0x00000000e5100000, 0x00000000e5200000, 0x00000000e5200000|100%| O|  |TAMS 0x00000000e5200000, 0x00000000e5100000| Untracked 
|  34|0x00000000e5200000, 0x00000000e5300000, 0x00000000e5300000|100%| O|  |TAMS 0x00000000e5300000, 0x00000000e5200000| Untracked 
|  35|0x00000000e5300000, 0x00000000e5400000, 0x00000000e5400000|100%| O|  |TAMS 0x00000000e5400000, 0x00000000e5300000| Untracked 
|  36|0x00000000e5400000, 0x00000000e5500000, 0x00000000e5500000|100%| O|  |TAMS 0x00000000e5500000, 0x00000000e5400000| Untracked 
|  37|0x00000000e5500000, 0x00000000e5600000, 0x00000000e5600000|100%| O|  |TAMS 0x00000000e5600000, 0x00000000e5500000| Untracked 
|  38|0x00000000e5600000, 0x00000000e5700000, 0x00000000e5700000|100%| O|  |TAMS 0x00000000e5700000, 0x00000000e5600000| Untracked 
|  39|0x00000000e5700000, 0x00000000e5800000, 0x00000000e5800000|100%| O|  |TAMS 0x00000000e578b800, 0x00000000e5700000| Untracked 
|  40|0x00000000e5800000, 0x00000000e5900000, 0x00000000e5900000|100%|HS|  |TAMS 0x00000000e5800000, 0x00000000e5800000| Complete 
|  41|0x00000000e5900000, 0x00000000e5a00000, 0x00000000e5a00000|100%| O|  |TAMS 0x00000000e5900000, 0x00000000e5900000| Untracked 
|  42|0x00000000e5a00000, 0x00000000e5b00000, 0x00000000e5b00000|100%| O|  |TAMS 0x00000000e5a00000, 0x00000000e5a00000| Untracked 
|  43|0x00000000e5b00000, 0x00000000e5b42200, 0x00000000e5c00000| 25%| O|  |TAMS 0x00000000e5b00000, 0x00000000e5b00000| Untracked 
|  44|0x00000000e5c00000, 0x00000000e5c00000, 0x00000000e5d00000|  0%| F|  |TAMS 0x00000000e5c00000, 0x00000000e5c00000| Untracked 
|  45|0x00000000e5d00000, 0x00000000e5d00000, 0x00000000e5e00000|  0%| F|  |TAMS 0x00000000e5d00000, 0x00000000e5d00000| Untracked 
|  46|0x00000000e5e00000, 0x00000000e5e00000, 0x00000000e5f00000|  0%| F|  |TAMS 0x00000000e5e00000, 0x00000000e5e00000| Untracked 
|  47|0x00000000e5f00000, 0x00000000e5f00000, 0x00000000e6000000|  0%| F|  |TAMS 0x00000000e5f00000, 0x00000000e5f00000| Untracked 
|  48|0x00000000e6000000, 0x00000000e6000000, 0x00000000e6100000|  0%| F|  |TAMS 0x00000000e6000000, 0x00000000e6000000| Untracked 
|  49|0x00000000e6100000, 0x00000000e6100000, 0x00000000e6200000|  0%| F|  |TAMS 0x00000000e6100000, 0x00000000e6100000| Untracked 
|  50|0x00000000e6200000, 0x00000000e6200000, 0x00000000e6300000|  0%| F|  |TAMS 0x00000000e6200000, 0x00000000e6200000| Untracked 
|  51|0x00000000e6300000, 0x00000000e6300000, 0x00000000e6400000|  0%| F|  |TAMS 0x00000000e6300000, 0x00000000e6300000| Untracked 
|  52|0x00000000e6400000, 0x00000000e6400000, 0x00000000e6500000|  0%| F|  |TAMS 0x00000000e6400000, 0x00000000e6400000| Untracked 
|  53|0x00000000e6500000, 0x00000000e6500000, 0x00000000e6600000|  0%| F|  |TAMS 0x00000000e6500000, 0x00000000e6500000| Untracked 
|  54|0x00000000e6600000, 0x00000000e6600000, 0x00000000e6700000|  0%| F|  |TAMS 0x00000000e6600000, 0x00000000e6600000| Untracked 
|  55|0x00000000e6700000, 0x00000000e6700000, 0x00000000e6800000|  0%| F|  |TAMS 0x00000000e6700000, 0x00000000e6700000| Untracked 
|  56|0x00000000e6800000, 0x00000000e6800000, 0x00000000e6900000|  0%| F|  |TAMS 0x00000000e6800000, 0x00000000e6800000| Untracked 
|  57|0x00000000e6900000, 0x00000000e6900000, 0x00000000e6a00000|  0%| F|  |TAMS 0x00000000e6900000, 0x00000000e6900000| Untracked 
|  58|0x00000000e6a00000, 0x00000000e6a00000, 0x00000000e6b00000|  0%| F|  |TAMS 0x00000000e6a00000, 0x00000000e6a00000| Untracked 
|  59|0x00000000e6b00000, 0x00000000e6b00000, 0x00000000e6c00000|  0%| F|  |TAMS 0x00000000e6b00000, 0x00000000e6b00000| Untracked 
|  60|0x00000000e6c00000, 0x00000000e6c00000, 0x00000000e6d00000|  0%| F|  |TAMS 0x00000000e6c00000, 0x00000000e6c00000| Untracked 
|  61|0x00000000e6d00000, 0x00000000e6d00000, 0x00000000e6e00000|  0%| F|  |TAMS 0x00000000e6d00000, 0x00000000e6d00000| Untracked 
|  62|0x00000000e6e00000, 0x00000000e6e00000, 0x00000000e6f00000|  0%| F|  |TAMS 0x00000000e6e00000, 0x00000000e6e00000| Untracked 
|  63|0x00000000e6f00000, 0x00000000e6f00000, 0x00000000e7000000|  0%| F|  |TAMS 0x00000000e6f00000, 0x00000000e6f00000| Untracked 
|  64|0x00000000e7000000, 0x00000000e7000000, 0x00000000e7100000|  0%| F|  |TAMS 0x00000000e7000000, 0x00000000e7000000| Untracked 
|  65|0x00000000e7100000, 0x00000000e7100000, 0x00000000e7200000|  0%| F|  |TAMS 0x00000000e7100000, 0x00000000e7100000| Untracked 
|  66|0x00000000e7200000, 0x00000000e7200000, 0x00000000e7300000|  0%| F|  |TAMS 0x00000000e7200000, 0x00000000e7200000| Untracked 
|  67|0x00000000e7300000, 0x00000000e7300000, 0x00000000e7400000|  0%| F|  |TAMS 0x00000000e7300000, 0x00000000e7300000| Untracked 
|  68|0x00000000e7400000, 0x00000000e7400000, 0x00000000e7500000|  0%| F|  |TAMS 0x00000000e7400000, 0x00000000e7400000| Untracked 
|  69|0x00000000e7500000, 0x00000000e7500000, 0x00000000e7600000|  0%| F|  |TAMS 0x00000000e7500000, 0x00000000e7500000| Untracked 
|  70|0x00000000e7600000, 0x00000000e7600000, 0x00000000e7700000|  0%| F|  |TAMS 0x00000000e7600000, 0x00000000e7600000| Untracked 
|  71|0x00000000e7700000, 0x00000000e7700000, 0x00000000e7800000|  0%| F|  |TAMS 0x00000000e7700000, 0x00000000e7700000| Untracked 
|  72|0x00000000e7800000, 0x00000000e7800000, 0x00000000e7900000|  0%| F|  |TAMS 0x00000000e7800000, 0x00000000e7800000| Untracked 
|  73|0x00000000e7900000, 0x00000000e7900000, 0x00000000e7a00000|  0%| F|  |TAMS 0x00000000e7900000, 0x00000000e7900000| Untracked 
|  74|0x00000000e7a00000, 0x00000000e7ab7f00, 0x00000000e7b00000| 71%| S|CS|TAMS 0x00000000e7a00000, 0x00000000e7a00000| Complete 
|  75|0x00000000e7b00000, 0x00000000e7b00000, 0x00000000e7c00000|  0%| F|  |TAMS 0x00000000e7b00000, 0x00000000e7b00000| Untracked 
|  76|0x00000000e7c00000, 0x00000000e7c00000, 0x00000000e7d00000|  0%| F|  |TAMS 0x00000000e7c00000, 0x00000000e7c00000| Untracked 
|  77|0x00000000e7d00000, 0x00000000e7d00000, 0x00000000e7e00000|  0%| F|  |TAMS 0x00000000e7d00000, 0x00000000e7d00000| Untracked 
| 462|0x00000000ffe00000, 0x00000000ffe34000, 0x00000000fff00000| 20%|OA|  |TAMS 0x00000000ffe34000, 0x00000000ffe00000| Untracked 
| 463|0x00000000fff00000, 0x00000000fff6a000, 0x0000000100000000| 41%|CA|  |TAMS 0x00000000fff6a000, 0x00000000fff00000| Untracked 

Card table byte_map: [0x00007f21b0d0d000,0x00007f21b0df5000] _byte_map_base: 0x00007f21b05f5000

Marking Bits (Prev, Next): (CMBitMap*) 0x00007f21ac034ac0, (CMBitMap*) 0x00007f21ac034a88
 Prev Bits: [0x00007f2194216000, 0x00007f2194956000)
 Next Bits: [0x00007f21b04e5000, 0x00007f21b0c25000)

Polling page: 0x00007f21b5204000

Metaspace:

Usage:
  Non-class:     21,98 MB capacity,    21,54 MB ( 98%) used,   401,37 KB (  2%) free+waste,    46,50 KB ( <1%) overhead. 
      Class:      3,00 MB capacity,     2,77 MB ( 92%) used,   224,59 KB (  7%) free+waste,    20,62 KB ( <1%) overhead. 
       Both:     24,98 MB capacity,    24,31 MB ( 97%) used,   625,95 KB (  2%) free+waste,    67,12 KB ( <1%) overhead. 

Virtual space:
  Non-class space:       22,00 MB reserved,      22,00 MB (100%) committed 
      Class space:        1,00 GB reserved,       3,12 MB ( <1%) committed 
             Both:        1,02 GB reserved,      25,12 MB (  2%) committed 

Chunk freelists:
   Non-Class:  22,00 KB
       Class:  0 bytes
        Both:  22,00 KB

CodeHeap 'non-profiled nmethods': size=120036Kb used=1945Kb max_used=1945Kb free=118090Kb
 bounds [0x00007f219c41d000, 0x00007f219c68d000, 0x00007f21a3956000]
CodeHeap 'profiled nmethods': size=120032Kb used=10319Kb max_used=10319Kb free=109712Kb
 bounds [0x00007f2194ee5000, 0x00007f2195905000, 0x00007f219c41d000]
CodeHeap 'non-nmethods': size=5692Kb used=1117Kb max_used=1152Kb free=4574Kb
 bounds [0x00007f2194956000, 0x00007f2194bc6000, 0x00007f2194ee5000]
 total_blobs=6680 nmethods=4954 adapters=361
 compilation: enabled
              stopped_count=0, restarted_count=0
 full_count=0

Compilation events (10 events):
Event: 336,368 Thread 0x00007f21ac091800 5756   !   4       com.sun.tools.javac.code.Symbol$ClassSymbol::complete (52 bytes)
Event: 336,375 Thread 0x00007f21ac093800 5754       3       com.sun.tools.javac.util.List::contains (45 bytes)
Event: 336,410 Thread 0x00007f21ac093800 nmethod 5754 0x00007f21958fee90 code [0x00007f21958ff060, 0x00007f21958ff468]
Event: 336,410 Thread 0x00007f21ac093800 5755       3       com.sun.tools.javac.code.Type$ClassType::isParameterized (16 bytes)
Event: 336,411 Thread 0x00007f21ac093800 nmethod 5755 0x00007f21958ff590 code [0x00007f21958ff760, 0x00007f21958ffa08]
Event: 336,411 Thread 0x00007f21ac093800 5750       3       com.sun.tools.javac.code.Scope$CompoundScope$$Lambda$140/0x00000008402f7440::apply (20 bytes)
Event: 336,425 Thread 0x00007f21ac093800 nmethod 5750 0x00007f21958ffb10 code [0x00007f21958ffd00, 0x00007f2195900198]
Event: 336,425 Thread 0x00007f21ac093800 5760       3       com.sun.tools.javac.code.SymbolMetadata::pendingCompletion (16 bytes)
Event: 336,425 Thread 0x00007f21ac093800 nmethod 5760 0x00007f2195900310 code [0x00007f21959004c0, 0x00007f21959006b0]
Event: 336,425 Thread 0x00007f21ac093800 5751       3       com.sun.tools.javac.code.Scope$CompoundScope::lambda$getSymbolsByName$2 (13 bytes)

GC Heap History (10 events):
Event: 294,021 GC heap after
{Heap after GC invocations=44 (full 0):
 garbage-first heap   total 41984K, used 28865K [0x00000000e3000000, 0x0000000100000000)
  region size 1024K, 1 young (1024K), 1 survivors (1024K)
 Metaspace       used 23849K, capacity 24511K, committed 24832K, reserved 1071104K
  class space    used 2763K, capacity 3006K, committed 3072K, reserved 1048576K
}
Event: 295,950 GC heap before
{Heap before GC invocations=44 (full 0):
 garbage-first heap   total 41984K, used 32961K [0x00000000e3000000, 0x0000000100000000)
  region size 1024K, 5 young (5120K), 1 survivors (1024K)
 Metaspace       used 23869K, capacity 24586K, committed 24832K, reserved 1071104K
  class space    used 2764K, capacity 3008K, committed 3072K, reserved 1048576K
}
Event: 295,963 GC heap after
{Heap after GC invocations=45 (full 0):
 garbage-first heap   total 81920K, used 30374K [0x00000000e3000000, 0x0000000100000000)
  region size 1024K, 1 young (1024K), 1 survivors (1024K)
 Metaspace       used 23869K, capacity 24586K, committed 24832K, reserved 1071104K
  class space    used 2764K, capacity 3008K, committed 3072K, reserved 1048576K
}
Event: 304,680 GC heap before
{Heap before GC invocations=46 (full 0):
 garbage-first heap   total 81920K, used 53926K [0x00000000e3000000, 0x0000000100000000)
  region size 1024K, 25 young (25600K), 1 survivors (1024K)
 Metaspace       used 24088K, capacity 24762K, committed 24832K, reserved 1071104K
  class space    used 2787K, capacity 3025K, committed 3072K, reserved 1048576K
}
Event: 304,866 GC heap after
{Heap after GC invocations=47 (full 0):
 garbage-first heap   total 81920K, used 38168K [0x00000000e3000000, 0x0000000100000000)
  region size 1024K, 4 young (4096K), 4 survivors (4096K)
 Metaspace       used 24088K, capacity 24762K, committed 24832K, reserved 1071104K
  class space    used 2787K, capacity 3025K, committed 3072K, reserved 1048576K
}
Event: 311,352 GC heap before
{Heap before GC invocations=47 (full 0):
 garbage-first heap   total 81920K, used 56600K [0x00000000e3000000, 0x0000000100000000)
  region size 1024K, 22 young (22528K), 4 survivors (4096K)
 Metaspace       used 24581K, capacity 25359K, committed 25600K, reserved 1071104K
  class space    used 2817K, capacity 3072K, committed 3072K, reserved 1048576K
}
Event: 311,546 GC heap after
{Heap after GC invocations=48 (full 0):
 garbage-first heap   total 81920K, used 41027K [0x00000000e3000000, 0x0000000100000000)
  region size 1024K, 3 young (3072K), 3 survivors (3072K)
 Metaspace       used 24581K, capacity 25359K, committed 25600K, reserved 1071104K
  class space    used 2817K, capacity 3072K, committed 3072K, reserved 1048576K
}
Event: 326,425 GC heap before
{Heap before GC invocations=48 (full 0):
 garbage-first heap   total 81920K, used 57411K [0x00000000e3000000, 0x0000000100000000)
  region size 1024K, 20 young (20480K), 3 survivors (3072K)
 Metaspace       used 24759K, capacity 25503K, committed 25728K, reserved 1071104K
  class space    used 2818K, capacity 3074K, committed 3200K, reserved 1048576K
}
Event: 327,433 GC heap after
{Heap after GC invocations=49 (full 0):
 garbage-first heap   total 81920K, used 44198K [0x00000000e3000000, 0x0000000100000000)
  region size 1024K, 3 young (3072K), 3 survivors (3072K)
 Metaspace       used 24759K, capacity 25503K, committed 25728K, reserved 1071104K
  class space    used 2818K, capacity 3074K, committed 3200K, reserved 1048576K
}
Event: 336,487 GC heap before
{Heap before GC invocations=50 (full 0):
 garbage-first heap   total 81920K, used 48294K [0x00000000e3000000, 0x0000000100000000)
  region size 1024K, 6 young (6144K), 3 survivors (3072K)
 Metaspace       used 24889K, capacity 25583K, committed 25728K, reserved 1071104K
  class space    used 2831K, capacity 3077K, committed 3200K, reserved 1048576K
}

Deoptimization events (10 events):
Event: 320,796 Thread 0x00007f21ac012000 DEOPT PACKING pc=0x00007f21957a5068 sp=0x00007f21b51e8eb0
Event: 320,796 Thread 0x00007f21ac012000 DEOPT UNPACKING pc=0x00007f219497dc2b sp=0x00007f21b51e83e0 mode 0
Event: 326,365 Thread 0x00007f21ac012000 Uncommon trap: trap_request=0xffffff4d fr.pc=0x00007f219c5d6d10 relative=0x0000000000000c30
Event: 326,369 Thread 0x00007f21ac012000 Uncommon trap: reason=unstable_if action=reinterpret pc=0x00007f219c5d6d10 method=com.sun.tools.javac.util.ArrayUtils.ensureCapacity([BI)[B @ 3 c2
Event: 326,371 Thread 0x00007f21ac012000 DEOPT PACKING pc=0x00007f219c5d6d10 sp=0x00007f21b51e9120
Event: 326,375 Thread 0x00007f21ac012000 DEOPT UNPACKING pc=0x00007f219497de1f sp=0x00007f21b51e9040 mode 2
Event: 329,042 Thread 0x00007f21ac012000 Uncommon trap: trap_request=0xffffff4d fr.pc=0x00007f219c5ef2e4 relative=0x00000000000014a4
Event: 329,042 Thread 0x00007f21ac012000 Uncommon trap: reason=unstable_if action=reinterpret pc=0x00007f219c5ef2e4 method=com.sun.tools.javac.jvm.ClassReader.classSigToType()Lcom/sun/tools/javac/code/Type; @ 254 c2
Event: 329,042 Thread 0x00007f21ac012000 DEOPT PACKING pc=0x00007f219c5ef2e4 sp=0x00007f21b51e8430
Event: 329,042 Thread 0x00007f21ac012000 DEOPT UNPACKING pc=0x00007f219497de1f sp=0x00007f21b51e8408 mode 2

Classes redefined (0 events):
No events

Internal exceptions (10 events):
Event: 265,900 Thread 0x00007f21ac012000 Exception <a 'java/security/PrivilegedActionException'{0x00000000e523c2b0}> (0x00000000e523c2b0) thrown at [/build/openjdk-lts-7bqZff/openjdk-lts-11.0.4+11/src/hotspot/share/prims/jvm.cpp, line 1300]
Event: 265,920 Thread 0x00007f21ac012000 Exception <a 'java/security/PrivilegedActionException'{0x00000000e523d370}> (0x00000000e523d370) thrown at [/build/openjdk-lts-7bqZff/openjdk-lts-11.0.4+11/src/hotspot/share/prims/jvm.cpp, line 1300]
Event: 265,922 Thread 0x00007f21ac012000 Exception <a 'java/security/PrivilegedActionException'{0x00000000e523d8e8}> (0x00000000e523d8e8) thrown at [/build/openjdk-lts-7bqZff/openjdk-lts-11.0.4+11/src/hotspot/share/prims/jvm.cpp, line 1300]
Event: 295,036 Thread 0x00007f21ac012000 Exception <a 'sun/nio/fs/UnixException'{0x00000000e53674b8}> (0x00000000e53674b8) thrown at [/build/openjdk-lts-7bqZff/openjdk-lts-11.0.4+11/src/hotspot/share/prims/jni.cpp, line 615]
Event: 295,040 Thread 0x00007f21ac012000 Exception <a 'sun/nio/fs/UnixException'{0x00000000e5367b30}> (0x00000000e5367b30) thrown at [/build/openjdk-lts-7bqZff/openjdk-lts-11.0.4+11/src/hotspot/share/prims/jni.cpp, line 615]
Event: 295,041 Thread 0x00007f21ac012000 Exception <a 'sun/nio/fs/UnixException'{0x00000000e53681a8}> (0x00000000e53681a8) thrown at [/build/openjdk-lts-7bqZff/openjdk-lts-11.0.4+11/src/hotspot/share/prims/jni.cpp, line 615]
Event: 295,041 Thread 0x00007f21ac012000 Exception <a 'sun/nio/fs/UnixException'{0x00000000e5368820}> (0x00000000e5368820) thrown at [/build/openjdk-lts-7bqZff/openjdk-lts-11.0.4+11/src/hotspot/share/prims/jni.cpp, line 615]
Event: 295,041 Thread 0x00007f21ac012000 Exception <a 'sun/nio/fs/UnixException'{0x00000000e5368e98}> (0x00000000e5368e98) thrown at [/build/openjdk-lts-7bqZff/openjdk-lts-11.0.4+11/src/hotspot/share/prims/jni.cpp, line 615]
Event: 295,042 Thread 0x00007f21ac012000 Exception <a 'sun/nio/fs/UnixException'{0x00000000e5369510}> (0x00000000e5369510) thrown at [/build/openjdk-lts-7bqZff/openjdk-lts-11.0.4+11/src/hotspot/share/prims/jni.cpp, line 615]
Event: 302,828 Thread 0x00007f21ac012000 Exception <a 'java/lang/NoSuchMethodError'{0x00000000e69f9730}: 'int java.lang.invoke.DirectMethodHandle$Holder.invokeSpecial(java.lang.Object, java.lang.Object, java.lang.Object, java.lang.Object, java.lang.Object)'> (0x00000000e69f9730) thrown at [/buil

Events (10 events):
Event: 331,133 loading class com/sun/tools/javac/code/Type done
Event: 331,134 loading class com/sun/tools/javac/code/Type
Event: 331,134 loading class com/sun/tools/javac/code/Type done
Event: 335,553 loading class com/sun/tools/javac/code/Type
Event: 335,553 loading class com/sun/tools/javac/code/Type done
Event: 335,773 loading class com/sun/tools/javac/code/Types$UniqueType
Event: 335,773 loading class com/sun/tools/javac/code/Types$UniqueType done
Event: 335,779 loading class com/sun/tools/javac/code/Symtab
Event: 335,779 loading class com/sun/tools/javac/code/Symtab done
Event: 336,455 Executing VM operation: G1CollectForAllocation


Dynamic libraries:
e3000000-e7e00000 rw-p 00000000 00:00 0 
ecb00000-ffe00000 ---p 00000000 00:00 0 
ffe00000-ffe34000 rw-p 01116000 b3:06 1437553                            /usr/lib/jvm/java-11-openjdk-amd64/lib/server/classes.jsa
ffe34000-fff00000 rw-p 00000000 00:00 0 
fff00000-fff6a000 rw-p 010ac000 b3:06 1437553                            /usr/lib/jvm/java-11-openjdk-amd64/lib/server/classes.jsa
fff6a000-100000000 rw-p 00000000 00:00 0 
800000000-800002000 rwxp 00001000 b3:06 1437553                          /usr/lib/jvm/java-11-openjdk-amd64/lib/server/classes.jsa
800002000-8003bd000 rw-p 00003000 b3:06 1437553                          /usr/lib/jvm/java-11-openjdk-amd64/lib/server/classes.jsa
8003bd000-800a98000 r--p 003be000 b3:06 1437553                          /usr/lib/jvm/java-11-openjdk-amd64/lib/server/classes.jsa
800a98000-800a99000 rw-p 00a99000 b3:06 1437553                          /usr/lib/jvm/java-11-openjdk-amd64/lib/server/classes.jsa
800a99000-8010ab000 r--p 00a9a000 b3:06 1437553                          /usr/lib/jvm/java-11-openjdk-amd64/lib/server/classes.jsa
840000000-840320000 rw-p 00000000 00:00 0 
840320000-880000000 ---p 00000000 00:00 0 
55fab51a5000-55fab51a6000 r-xp 00000000 b3:06 1441529                    /usr/lib/jvm/java-11-openjdk-amd64/bin/java
55fab53a6000-55fab53a7000 r--p 00001000 b3:06 1441529                    /usr/lib/jvm/java-11-openjdk-amd64/bin/java
55fab53a7000-55fab53a8000 rw-p 00002000 b3:06 1441529                    /usr/lib/jvm/java-11-openjdk-amd64/bin/java
55fab6ab0000-55fab6ad1000 rw-p 00000000 00:00 0                          [heap]
7f2157600000-7f2157800000 rw-p 00000000 00:00 0 
7f2157800000-7f2157a00000 rw-p 00000000 00:00 0 
7f2157a00000-7f2157c00000 rw-p 00000000 00:00 0 
7f2157c00000-7f2157e00000 rw-p 00000000 00:00 0 
7f2157e00000-7f2158000000 rw-p 00000000 00:00 0 
7f2158000000-7f2158021000 rw-p 00000000 00:00 0 
7f2158021000-7f215c000000 ---p 00000000 00:00 0 
7f215c000000-7f215c021000 rw-p 00000000 00:00 0 
7f215c021000-7f2160000000 ---p 00000000 00:00 0 
7f2160000000-7f2160778000 rw-p 00000000 00:00 0 
7f2160778000-7f2164000000 ---p 00000000 00:00 0 
7f2164000000-7f2164021000 rw-p 00000000 00:00 0 
7f2164021000-7f2168000000 ---p 00000000 00:00 0 
7f2168000000-7f2168021000 rw-p 00000000 00:00 0 
7f2168021000-7f216c000000 ---p 00000000 00:00 0 
7f216c000000-7f216d0b3000 rw-p 00000000 00:00 0 
7f216d0b3000-7f2170000000 ---p 00000000 00:00 0 
7f2170000000-7f2170021000 rw-p 00000000 00:00 0 
7f2170021000-7f2174000000 ---p 00000000 00:00 0 
7f2174000000-7f2174021000 rw-p 00000000 00:00 0 
7f2174021000-7f2178000000 ---p 00000000 00:00 0 
7f2178000000-7f2178021000 rw-p 00000000 00:00 0 
7f2178021000-7f217c000000 ---p 00000000 00:00 0 
7f217c000000-7f217c0be000 rw-p 00000000 00:00 0 
7f217c0be000-7f2180000000 ---p 00000000 00:00 0 
7f2180000000-7f2180021000 rw-p 00000000 00:00 0 
7f2180021000-7f2184000000 ---p 00000000 00:00 0 
7f21840e9000-7f21842e9000 rw-p 00000000 00:00 0 
7f21842e9000-7f21844e9000 rw-p 00000000 00:00 0 
7f21844e9000-7f21844ea000 ---p 00000000 00:00 0 
7f21844ea000-7f21845eb000 rw-p 00000000 00:00 0 
7f21845eb000-7f21845ec000 ---p 00000000 00:00 0 
7f21845ec000-7f21846ed000 rw-p 00000000 00:00 0 
7f21846ed000-7f2184703000 r-xp 00000000 b3:06 1441803                    /usr/lib/jvm/java-11-openjdk-amd64/lib/libnet.so
7f2184703000-7f2184902000 ---p 00016000 b3:06 1441803                    /usr/lib/jvm/java-11-openjdk-amd64/lib/libnet.so
7f2184902000-7f2184903000 r--p 00015000 b3:06 1441803                    /usr/lib/jvm/java-11-openjdk-amd64/lib/libnet.so
7f2184903000-7f2184904000 rw-p 00016000 b3:06 1441803                    /usr/lib/jvm/java-11-openjdk-amd64/lib/libnet.so
7f2184904000-7f2184914000 r-xp 00000000 b3:06 1441805                    /usr/lib/jvm/java-11-openjdk-amd64/lib/libnio.so
7f2184914000-7f2184b13000 ---p 00010000 b3:06 1441805                    /usr/lib/jvm/java-11-openjdk-amd64/lib/libnio.so
7f2184b13000-7f2184b14000 r--p 0000f000 b3:06 1441805                    /usr/lib/jvm/java-11-openjdk-amd64/lib/libnio.so
7f2184b14000-7f2184b15000 rw-p 00010000 b3:06 1441805                    /usr/lib/jvm/java-11-openjdk-amd64/lib/libnio.so
7f2184b15000-7f2184b19000 ---p 00000000 00:00 0 
7f2184b19000-7f2184c16000 rw-p 00000000 00:00 0 
7f2184c16000-7f2184c17000 ---p 00000000 00:00 0 
7f2184c17000-7f2184d18000 rw-p 00000000 00:00 0 
7f2184d18000-7f2184d1c000 ---p 00000000 00:00 0 
7f2184d1c000-7f2184e19000 rw-p 00000000 00:00 0 
7f2184e19000-7f2184e1d000 ---p 00000000 00:00 0 
7f2184e1d000-7f2184f1a000 rw-p 00000000 00:00 0 
7f2184f1a000-7f2184f1e000 ---p 00000000 00:00 0 
7f2184f1e000-7f218501b000 rw-p 00000000 00:00 0 
7f218501b000-7f218501f000 ---p 00000000 00:00 0 
7f218501f000-7f218511c000 rw-p 00000000 00:00 0 
7f218511c000-7f2185120000 ---p 00000000 00:00 0 
7f2185120000-7f218521d000 rw-p 00000000 00:00 0 
7f218521d000-7f21854fc000 r--p 00000000 b3:06 1443645                    /usr/lib/locale/locale-archive
7f21854fc000-7f2185500000 ---p 00000000 00:00 0 
7f2185500000-7f21855fd000 rw-p 00000000 00:00 0 
7f21855fd000-7f2185601000 ---p 00000000 00:00 0 
7f2185601000-7f21856fe000 rw-p 00000000 00:00 0 
7f21856fe000-7f21856ff000 ---p 00000000 00:00 0 
7f21856ff000-7f2188000000 rw-p 00000000 00:00 0 
7f2188000000-7f2188021000 rw-p 00000000 00:00 0 
7f2188021000-7f218c000000 ---p 00000000 00:00 0 
7f218c000000-7f218c02b000 rw-p 00000000 00:00 0 
7f218c02b000-7f2190000000 ---p 00000000 00:00 0 
7f2190000000-7f2190021000 rw-p 00000000 00:00 0 
7f2190021000-7f2194000000 ---p 00000000 00:00 0 
7f2194012000-7f2194013000 ---p 00000000 00:00 0 
7f2194013000-7f2194114000 rw-p 00000000 00:00 0 
7f2194114000-7f2194115000 ---p 00000000 00:00 0 
7f2194115000-7f219434e000 rw-p 00000000 00:00 0 
7f219434e000-7f219494e000 ---p 00000000 00:00 0 
7f219494e000-7f2194956000 rw-p 00000000 00:00 0 
7f2194956000-7f2194bc6000 rwxp 00000000 00:00 0 
7f2194bc6000-7f2194ee5000 ---p 00000000 00:00 0 
7f2194ee5000-7f2195905000 rwxp 00000000 00:00 0 
7f2195905000-7f219c41d000 ---p 00000000 00:00 0 
7f219c41d000-7f219c68d000 rwxp 00000000 00:00 0 
7f219c68d000-7f21a3956000 ---p 00000000 00:00 0 
7f21a3956000-7f21ac000000 r--s 00000000 b3:06 1441815                    /usr/lib/jvm/java-11-openjdk-amd64/lib/modules
7f21ac000000-7f21ad6dc000 rw-p 00000000 00:00 0 
7f21ad6dc000-7f21b0000000 ---p 00000000 00:00 0 
7f21b002d000-7f21b02e1000 rw-p 00000000 00:00 0 
7f21b02e1000-7f21b02e2000 ---p 00000000 00:00 0 
7f21b02e2000-7f21b03e3000 rw-p 00000000 00:00 0 
7f21b03e3000-7f21b03e4000 ---p 00000000 00:00 0 
7f21b03e4000-7f21b061d000 rw-p 00000000 00:00 0 
7f21b061d000-7f21b0c1d000 ---p 00000000 00:00 0 
7f21b0c1d000-7f21b0c4c000 rw-p 00000000 00:00 0 
7f21b0c4c000-7f21b0d0c000 ---p 00000000 00:00 0 
7f21b0d0c000-7f21b0d34000 rw-p 00000000 00:00 0 
7f21b0d34000-7f21b0df4000 ---p 00000000 00:00 0 
7f21b0df4000-7f21b0e1c000 rw-p 00000000 00:00 0 
7f21b0e1c000-7f21b0edc000 ---p 00000000 00:00 0 
7f21b0edc000-7f21b10df000 rw-p 00000000 00:00 0 
7f21b10df000-7f21b10e0000 ---p 00000000 00:00 0 
7f21b10e0000-7f21b11e6000 rw-p 00000000 00:00 0 
7f21b11e6000-7f21b12cc000 ---p 00000000 00:00 0 
7f21b12cc000-7f21b12e1000 rw-p 00000000 00:00 0 
7f21b12e1000-7f21b13b7000 ---p 00000000 00:00 0 
7f21b13b7000-7f21b13bc000 r-xp 00000000 b3:06 1441785                    /usr/lib/jvm/java-11-openjdk-amd64/lib/libjimage.so
7f21b13bc000-7f21b15bb000 ---p 00005000 b3:06 1441785                    /usr/lib/jvm/java-11-openjdk-amd64/lib/libjimage.so
7f21b15bb000-7f21b15bc000 r--p 00004000 b3:06 1441785                    /usr/lib/jvm/java-11-openjdk-amd64/lib/libjimage.so
7f21b15bc000-7f21b15bd000 rw-p 00005000 b3:06 1441785                    /usr/lib/jvm/java-11-openjdk-amd64/lib/libjimage.so
7f21b15bd000-7f21b15c4000 r-xp 00000000 b3:06 1441814                    /usr/lib/jvm/java-11-openjdk-amd64/lib/libzip.so
7f21b15c4000-7f21b17c3000 ---p 00007000 b3:06 1441814                    /usr/lib/jvm/java-11-openjdk-amd64/lib/libzip.so
7f21b17c3000-7f21b17c4000 r--p 00006000 b3:06 1441814                    /usr/lib/jvm/java-11-openjdk-amd64/lib/libzip.so
7f21b17c4000-7f21b17c5000 rw-p 00007000 b3:06 1441814                    /usr/lib/jvm/java-11-openjdk-amd64/lib/libzip.so
7f21b17c5000-7f21b17d0000 r-xp 00000000 b3:06 1050651                    /lib/x86_64-linux-gnu/libnss_files-2.27.so
7f21b17d0000-7f21b19cf000 ---p 0000b000 b3:06 1050651                    /lib/x86_64-linux-gnu/libnss_files-2.27.so
7f21b19cf000-7f21b19d0000 r--p 0000a000 b3:06 1050651                    /lib/x86_64-linux-gnu/libnss_files-2.27.so
7f21b19d0000-7f21b19d1000 rw-p 0000b000 b3:06 1050651                    /lib/x86_64-linux-gnu/libnss_files-2.27.so
7f21b19d1000-7f21b19d7000 rw-p 00000000 00:00 0 
7f21b19d7000-7f21b19ee000 r-xp 00000000 b3:06 1050645                    /lib/x86_64-linux-gnu/libnsl-2.27.so
7f21b19ee000-7f21b1bed000 ---p 00017000 b3:06 1050645                    /lib/x86_64-linux-gnu/libnsl-2.27.so
7f21b1bed000-7f21b1bee000 r--p 00016000 b3:06 1050645                    /lib/x86_64-linux-gnu/libnsl-2.27.so
7f21b1bee000-7f21b1bef000 rw-p 00017000 b3:06 1050645                    /lib/x86_64-linux-gnu/libnsl-2.27.so
7f21b1bef000-7f21b1bf1000 rw-p 00000000 00:00 0 
7f21b1bf1000-7f21b1bfc000 r-xp 00000000 b3:06 1050662                    /lib/x86_64-linux-gnu/libnss_nis-2.27.so
7f21b1bfc000-7f21b1dfb000 ---p 0000b000 b3:06 1050662                    /lib/x86_64-linux-gnu/libnss_nis-2.27.so
7f21b1dfb000-7f21b1dfc000 r--p 0000a000 b3:06 1050662                    /lib/x86_64-linux-gnu/libnss_nis-2.27.so
7f21b1dfc000-7f21b1dfd000 rw-p 0000b000 b3:06 1050662                    /lib/x86_64-linux-gnu/libnss_nis-2.27.so
7f21b1dfd000-7f21b1e05000 r-xp 00000000 b3:06 1050647                    /lib/x86_64-linux-gnu/libnss_compat-2.27.so
7f21b1e05000-7f21b2005000 ---p 00008000 b3:06 1050647                    /lib/x86_64-linux-gnu/libnss_compat-2.27.so
7f21b2005000-7f21b2006000 r--p 00008000 b3:06 1050647                    /lib/x86_64-linux-gnu/libnss_compat-2.27.so
7f21b2006000-7f21b2007000 rw-p 00009000 b3:06 1050647                    /lib/x86_64-linux-gnu/libnss_compat-2.27.so
7f21b2007000-7f21b2030000 r-xp 00000000 b3:06 1441777                    /usr/lib/jvm/java-11-openjdk-amd64/lib/libjava.so
7f21b2030000-7f21b222f000 ---p 00029000 b3:06 1441777                    /usr/lib/jvm/java-11-openjdk-amd64/lib/libjava.so
7f21b222f000-7f21b2230000 r--p 00028000 b3:06 1441777                    /usr/lib/jvm/java-11-openjdk-amd64/lib/libjava.so
7f21b2230000-7f21b2232000 rw-p 00029000 b3:06 1441777                    /usr/lib/jvm/java-11-openjdk-amd64/lib/libjava.so
7f21b2232000-7f21b223f000 r-xp 00000000 b3:06 1441812                    /usr/lib/jvm/java-11-openjdk-amd64/lib/libverify.so
7f21b223f000-7f21b243e000 ---p 0000d000 b3:06 1441812                    /usr/lib/jvm/java-11-openjdk-amd64/lib/libverify.so
7f21b243e000-7f21b2440000 r--p 0000c000 b3:06 1441812                    /usr/lib/jvm/java-11-openjdk-amd64/lib/libverify.so
7f21b2440000-7f21b2441000 rw-p 0000e000 b3:06 1441812                    /usr/lib/jvm/java-11-openjdk-amd64/lib/libverify.so
7f21b2441000-7f21b2448000 r-xp 00000000 b3:06 1050702                    /lib/x86_64-linux-gnu/librt-2.27.so
7f21b2448000-7f21b2647000 ---p 00007000 b3:06 1050702                    /lib/x86_64-linux-gnu/librt-2.27.so
7f21b2647000-7f21b2648000 r--p 00006000 b3:06 1050702                    /lib/x86_64-linux-gnu/librt-2.27.so
7f21b2648000-7f21b2649000 rw-p 00007000 b3:06 1050702                    /lib/x86_64-linux-gnu/librt-2.27.so
7f21b2649000-7f21b2660000 r-xp 00000000 b3:06 1050598                    /lib/x86_64-linux-gnu/libgcc_s.so.1
7f21b2660000-7f21b285f000 ---p 00017000 b3:06 1050598                    /lib/x86_64-linux-gnu/libgcc_s.so.1
7f21b285f000-7f21b2860000 r--p 00016000 b3:06 1050598                    /lib/x86_64-linux-gnu/libgcc_s.so.1
7f21b2860000-7f21b2861000 rw-p 00017000 b3:06 1050598                    /lib/x86_64-linux-gnu/libgcc_s.so.1
7f21b2861000-7f21b29fe000 r-xp 00000000 b3:06 1050624                    /lib/x86_64-linux-gnu/libm-2.27.so
7f21b29fe000-7f21b2bfd000 ---p 0019d000 b3:06 1050624                    /lib/x86_64-linux-gnu/libm-2.27.so
7f21b2bfd000-7f21b2bfe000 r--p 0019c000 b3:06 1050624                    /lib/x86_64-linux-gnu/libm-2.27.so
7f21b2bfe000-7f21b2bff000 rw-p 0019d000 b3:06 1050624                    /lib/x86_64-linux-gnu/libm-2.27.so
7f21b2bff000-7f21b2d78000 r-xp 00000000 b3:06 1446455                    /usr/lib/x86_64-linux-gnu/libstdc++.so.6.0.25
7f21b2d78000-7f21b2f78000 ---p 00179000 b3:06 1446455                    /usr/lib/x86_64-linux-gnu/libstdc++.so.6.0.25
7f21b2f78000-7f21b2f82000 r--p 00179000 b3:06 1446455                    /usr/lib/x86_64-linux-gnu/libstdc++.so.6.0.25
7f21b2f82000-7f21b2f84000 rw-p 00183000 b3:06 1446455                    /usr/lib/x86_64-linux-gnu/libstdc++.so.6.0.25
7f21b2f84000-7f21b2f88000 rw-p 00000000 00:00 0 
7f21b2f88000-7f21b4054000 r-xp 00000000 b3:06 1441824                    /usr/lib/jvm/java-11-openjdk-amd64/lib/server/libjvm.so
7f21b4054000-7f21b4253000 ---p 010cc000 b3:06 1441824                    /usr/lib/jvm/java-11-openjdk-amd64/lib/server/libjvm.so
7f21b4253000-7f21b4310000 r--p 010cb000 b3:06 1441824                    /usr/lib/jvm/java-11-openjdk-amd64/lib/server/libjvm.so
7f21b4310000-7f21b4349000 rw-p 01188000 b3:06 1441824                    /usr/lib/jvm/java-11-openjdk-amd64/lib/server/libjvm.so
7f21b4349000-7f21b439f000 rw-p 00000000 00:00 0 
7f21b439f000-7f21b43b9000 r-xp 00000000 b3:06 1050694                    /lib/x86_64-linux-gnu/libpthread-2.27.so
7f21b43b9000-7f21b45b8000 ---p 0001a000 b3:06 1050694                    /lib/x86_64-linux-gnu/libpthread-2.27.so
7f21b45b8000-7f21b45b9000 r--p 00019000 b3:06 1050694                    /lib/x86_64-linux-gnu/libpthread-2.27.so
7f21b45b9000-7f21b45ba000 rw-p 0001a000 b3:06 1050694                    /lib/x86_64-linux-gnu/libpthread-2.27.so
7f21b45ba000-7f21b45be000 rw-p 00000000 00:00 0 
7f21b45be000-7f21b45c1000 r-xp 00000000 b3:06 1050584                    /lib/x86_64-linux-gnu/libdl-2.27.so
7f21b45c1000-7f21b47c0000 ---p 00003000 b3:06 1050584                    /lib/x86_64-linux-gnu/libdl-2.27.so
7f21b47c0000-7f21b47c1000 r--p 00002000 b3:06 1050584                    /lib/x86_64-linux-gnu/libdl-2.27.so
7f21b47c1000-7f21b47c2000 rw-p 00003000 b3:06 1050584                    /lib/x86_64-linux-gnu/libdl-2.27.so
7f21b47c2000-7f21b47de000 r-xp 00000000 b3:06 1050735                    /lib/x86_64-linux-gnu/libz.so.1.2.11
7f21b47de000-7f21b49dd000 ---p 0001c000 b3:06 1050735                    /lib/x86_64-linux-gnu/libz.so.1.2.11
7f21b49dd000-7f21b49de000 r--p 0001b000 b3:06 1050735                    /lib/x86_64-linux-gnu/libz.so.1.2.11
7f21b49de000-7f21b49df000 rw-p 0001c000 b3:06 1050735                    /lib/x86_64-linux-gnu/libz.so.1.2.11
7f21b49df000-7f21b4bc6000 r-xp 00000000 b3:06 1050561                    /lib/x86_64-linux-gnu/libc-2.27.so
7f21b4bc6000-7f21b4dc6000 ---p 001e7000 b3:06 1050561                    /lib/x86_64-linux-gnu/libc-2.27.so
7f21b4dc6000-7f21b4dca000 r--p 001e7000 b3:06 1050561                    /lib/x86_64-linux-gnu/libc-2.27.so
7f21b4dca000-7f21b4dcc000 rw-p 001eb000 b3:06 1050561                    /lib/x86_64-linux-gnu/libc-2.27.so
7f21b4dcc000-7f21b4dd0000 rw-p 00000000 00:00 0 
7f21b4dd0000-7f21b4de0000 r-xp 00000000 b3:06 1441749                    /usr/lib/jvm/java-11-openjdk-amd64/lib/jli/libjli.so
7f21b4de0000-7f21b4fdf000 ---p 00010000 b3:06 1441749                    /usr/lib/jvm/java-11-openjdk-amd64/lib/jli/libjli.so
7f21b4fdf000-7f21b4fe0000 r--p 0000f000 b3:06 1441749                    /usr/lib/jvm/java-11-openjdk-amd64/lib/jli/libjli.so
7f21b4fe0000-7f21b4fe1000 rw-p 00010000 b3:06 1441749                    /usr/lib/jvm/java-11-openjdk-amd64/lib/jli/libjli.so
7f21b4fe1000-7f21b5008000 r-xp 00000000 b3:06 1050533                    /lib/x86_64-linux-gnu/ld-2.27.so
7f21b5017000-7f21b50ec000 rw-p 00000000 00:00 0 
7f21b50ec000-7f21b50f0000 ---p 00000000 00:00 0 
7f21b50f0000-7f21b51ef000 rw-p 00000000 00:00 0 
7f21b51f0000-7f21b51f5000 rw-p 00000000 00:00 0 
7f21b51f5000-7f21b51fc000 ---p 00000000 00:00 0 
7f21b51fc000-7f21b5204000 rw-s 00000000 b3:06 415910                     /tmp/hsperfdata_lizandra/6252
7f21b5204000-7f21b5205000 ---p 00000000 00:00 0 
7f21b5205000-7f21b5206000 r--p 00000000 00:00 0 
7f21b5206000-7f21b5208000 rw-p 00000000 00:00 0 
7f21b5208000-7f21b5209000 r--p 00027000 b3:06 1050533                    /lib/x86_64-linux-gnu/ld-2.27.so
7f21b5209000-7f21b520a000 rw-p 00028000 b3:06 1050533                    /lib/x86_64-linux-gnu/ld-2.27.so
7f21b520a000-7f21b520b000 rw-p 00000000 00:00 0 
7fffd4e0b000-7fffd4e2c000 rw-p 00000000 00:00 0                          [stack]
7fffd4f20000-7fffd4f23000 r--p 00000000 00:00 0                          [vvar]
7fffd4f23000-7fffd4f25000 r-xp 00000000 00:00 0                          [vdso]
ffffffffff600000-ffffffffff601000 r-xp 00000000 00:00 0                  [vsyscall]


VM Arguments:
jvm_args: -Dclassworlds.conf=/home/lizandra/Software/netbeans/java/maven/bin/m2.conf -Dmaven.home=/home/lizandra/Software/netbeans/java/maven -Dmaven.multiModuleProjectDirectory=/home/lizandra/NetBeansProjects/sistema-nutri 
java_command: org.codehaus.plexus.classworlds.launcher.Launcher -Dmaven.ext.class.path=/home/lizandra/Software/netbeans/java/maven-nblib/netbeans-eventspy.jar clean install
java_class_path (initial): /home/lizandra/Software/netbeans/java/maven/boot/plexus-classworlds-2.5.2.jar
Launcher Type: SUN_STANDARD

[Global flags]
     intx CICompilerCount                          = 2                                         {product} {ergonomic}
     uint ConcGCThreads                            = 1                                         {product} {ergonomic}
     uint G1ConcRefinementThreads                  = 2                                         {product} {ergonomic}
   size_t G1HeapRegionSize                         = 1048576                                   {product} {ergonomic}
    uintx GCDrainStackTargetSize                   = 64                                        {product} {ergonomic}
   size_t InitialHeapSize                          = 31457280                                  {product} {ergonomic}
   size_t MarkStackSize                            = 4194304                                   {product} {ergonomic}
   size_t MaxHeapSize                              = 486539264                                 {product} {ergonomic}
   size_t MaxNewSize                               = 291504128                                 {product} {ergonomic}
   size_t MinHeapDeltaBytes                        = 1048576                                   {product} {ergonomic}
    uintx NonNMethodCodeHeapSize                   = 5824844                                {pd product} {ergonomic}
    uintx NonProfiledCodeHeapSize                  = 122916698                              {pd product} {ergonomic}
    uintx ProfiledCodeHeapSize                     = 122916698                              {pd product} {ergonomic}
    uintx ReservedCodeCacheSize                    = 251658240                              {pd product} {ergonomic}
     bool SegmentedCodeCache                       = true                                      {product} {ergonomic}
     bool UseCompressedClassPointers               = true                                 {lp64_product} {ergonomic}
     bool UseCompressedOops                        = true                                 {lp64_product} {ergonomic}
     bool UseG1GC                                  = true                                      {product} {ergonomic}

Logging:
Log output configuration:
 #0: stdout all=warning uptime,level,tags
 #1: stderr all=off uptime,level,tags

Environment Variables:
JAVA_HOME=/usr/lib/jvm/java-11-openjdk-amd64
PATH=/usr/local/sbin:/usr/local/bin:/usr/sbin:/usr/bin:/sbin:/bin:/usr/games:/usr/local/games
SHELL=/bin/bash
DISPLAY=:0

Signal Handlers:
SIGSEGV: [libjvm.so+0xde5f50], sa_mask[0]=11111111011111111101111111111110, sa_flags=SA_RESTART|SA_SIGINFO
SIGBUS: [libjvm.so+0xde5f50], sa_mask[0]=11111111011111111101111111111110, sa_flags=SA_RESTART|SA_SIGINFO
SIGFPE: [libjvm.so+0xde5f50], sa_mask[0]=11111111011111111101111111111110, sa_flags=SA_RESTART|SA_SIGINFO
SIGPIPE: [libjvm.so+0xbba5b0], sa_mask[0]=11111111011111111101111111111110, sa_flags=SA_RESTART|SA_SIGINFO
SIGXFSZ: [libjvm.so+0xbba5b0], sa_mask[0]=11111111011111111101111111111110, sa_flags=SA_RESTART|SA_SIGINFO
SIGILL: [libjvm.so+0xde5f50], sa_mask[0]=11111111011111111101111111111110, sa_flags=SA_RESTART|SA_SIGINFO
SIGUSR2: [libjvm.so+0xbba450], sa_mask[0]=00100000000000000000000000000000, sa_flags=SA_RESTART|SA_SIGINFO
SIGHUP: [libjvm.so+0xbba7b0], sa_mask[0]=11111111011111111101111111111110, sa_flags=SA_RESTART|SA_SIGINFO
SIGINT: SIG_IGN, sa_mask[0]=00000000000000000000000000000000, sa_flags=none
SIGTERM: [libjvm.so+0xbba7b0], sa_mask[0]=11111111011111111101111111111110, sa_flags=SA_RESTART|SA_SIGINFO
SIGQUIT: [libjvm.so+0xbba7b0], sa_mask[0]=11111111011111111101111111111110, sa_flags=SA_RESTART|SA_SIGINFO


---------------  S Y S T E M  ---------------

OS:DISTRIB_ID=LinuxMint
DISTRIB_RELEASE=19.2
DISTRIB_CODENAME=tina
DISTRIB_DESCRIPTION="Linux Mint 19.2 Tina"
uname:Linux 4.15.0-58-generic #64-Ubuntu SMP Tue Aug 6 11:12:41 UTC 2019 x86_64
libc:glibc 2.27 NPTL 2.27 
rlimit: STACK 8192k, CORE 0k, NPROC 6965, NOFILE 1048576, AS infinity, DATA infinity, FSIZE infinity
load average:18,92 14,95 7,67

/proc/meminfo:
MemTotal:        1897592 kB
MemFree:           65128 kB
MemAvailable:      11444 kB
Buffers:             732 kB
Cached:           106208 kB
SwapCached:          808 kB
Active:          1250404 kB
Inactive:         421368 kB
Active(anon):    1245092 kB
Inactive(anon):   415156 kB
Active(file):       5312 kB
Inactive(file):     6212 kB
Unevictable:          48 kB
Mlocked:              48 kB
SwapTotal:       1301168 kB
SwapFree:              0 kB
Dirty:               320 kB
Writeback:           372 kB
AnonPages:       1564224 kB
Mapped:            15032 kB
Shmem:             95324 kB
Slab:              70420 kB
SReclaimable:      30368 kB
SUnreclaim:        40052 kB
KernelStack:       11632 kB
PageTables:        42856 kB
NFS_Unstable:          0 kB
Bounce:                0 kB
WritebackTmp:          0 kB
CommitLimit:     2249964 kB
Committed_AS:    6554080 kB
VmallocTotal:   34359738367 kB
VmallocUsed:           0 kB
VmallocChunk:          0 kB
HardwareCorrupted:     0 kB
AnonHugePages:         0 kB
ShmemHugePages:        0 kB
ShmemPmdMapped:        0 kB
CmaTotal:              0 kB
CmaFree:               0 kB
HugePages_Total:       0
HugePages_Free:        0
HugePages_Rsvd:        0
HugePages_Surp:        0
Hugepagesize:       2048 kB
DirectMap4k:      147200 kB
DirectMap2M:     1804288 kB


/proc/sys/kernel/threads-max (system-wide limit on the number of threads):
13930


/proc/sys/vm/max_map_count (maximum number of memory map areas a process may have):
65530


/proc/sys/kernel/pid_max (system-wide limit on number of process identifiers):
32768



container (cgroup) information:
container_type: cgroupv1
cpu_cpuset_cpus: 0-1
cpu_memory_nodes: 0
active_processor_count: 2
cpu_quota: -1
cpu_period: 100000
cpu_shares: -1
memory_limit_in_bytes: -1
memory_and_swap_limit_in_bytes: -2
memory_soft_limit_in_bytes: -1
memory_usage_in_bytes: 1712832512
memory_max_usage_in_bytes: 0

Steal ticks since vm start: 0
Steal ticks percentage since vm start:  0,000

CPU:total 2 (initial active 2) (2 cores per cpu, 1 threads per core) family 6 model 76 stepping 3, cmov, cx8, fxsr, mmx, sse, sse2, sse3, ssse3, sse4.1, sse4.2, popcnt, aes, clmul, erms, 3dnowpref, tsc, tscinvbit
CPU Model and flags from /proc/cpuinfo:
model name	: Intel(R) Celeron(R) CPU  N3050  @ 1.60GHz
flags		: fpu vme de pse tsc msr pae mce cx8 apic sep mtrr pge mca cmov pat pse36 clflush dts acpi mmx fxsr sse sse2 ss ht tm pbe syscall nx rdtscp lm constant_tsc arch_perfmon pebs bts rep_good nopl xtopology tsc_reliable nonstop_tsc cpuid aperfmperf tsc_known_freq pni pclmulqdq dtes64 monitor ds_cpl vmx est tm2 ssse3 cx16 xtpr pdcm sse4_1 sse4_2 movbe popcnt tsc_deadline_timer aes rdrand lahf_lm 3dnowprefetch epb pti ibrs ibpb stibp tpr_shadow vnmi flexpriority ept vpid tsc_adjust smep erms dtherm ida arat md_clear

Memory: 4k page, physical 1897592k(64692k free), swap 1301168k(0k free)

vm_info: OpenJDK 64-Bit Server VM (11.0.4+11-post-Ubuntu-1ubuntu218.04.3) for linux-amd64 JRE (11.0.4+11-post-Ubuntu-1ubuntu218.04.3), built on Jul 18 2019 18:21:46 by "buildd" with gcc 7.4.0

END.
