#
# There is insufficient memory for the Java Runtime Environment to continue.
# Native memory allocation (mmap) failed to map 47185920 bytes for committing reserved memory.
# Possible reasons:
#   The system is out of physical RAM or swap space
#   The process is running with CompressedOops enabled, and the Java Heap may be blocking the growth of the native heap
# Possible solutions:
#   Reduce memory load on the system
#   Increase physical memory or swap space
#   Check if swap backing store is full
#   Decrease Java heap size (-Xmx/-Xms)
#   Decrease number of Java threads
#   Decrease Java thread stack sizes (-Xss)
#   Set larger code cache with -XX:ReservedCodeCacheSize=
#   JVM is running with Unscaled Compressed Oops mode in which the Java heap is
#     placed in the first 4GB address space. The Java Heap base address is the
#     maximum limit for the native heap growth. Please use -XX:HeapBaseMinAddress
#     to set the Java Heap base and to place the Java Heap above 4GB virtual address.
# This output file may be truncated or incomplete.
#
#  Out of Memory Error (os_linux.cpp:2893), pid=6427, tid=6446
#
# JRE version: OpenJDK Runtime Environment (11.0.4+11) (build 11.0.4+11-post-Ubuntu-1ubuntu218.04.3)
# Java VM: OpenJDK 64-Bit Server VM (11.0.4+11-post-Ubuntu-1ubuntu218.04.3, mixed mode, sharing, tiered, compressed oops, g1 gc, linux-amd64)
# Core dump will be written. Default location: Core dumps may be processed with "/lib/systemd/systemd-coredump %P %u %g %s %t 9223372036854775808 %e" (or dumping to /home/lizandra/NetBeansProjects/sistema-nutri/core.6427)
#

---------------  S U M M A R Y ------------

Command Line: -Dclassworlds.conf=/home/lizandra/Software/netbeans/java/maven/bin/m2.conf -Dmaven.home=/home/lizandra/Software/netbeans/java/maven -Dmaven.multiModuleProjectDirectory=/home/lizandra/NetBeansProjects/sistema-nutri org.codehaus.plexus.classworlds.launcher.Launcher -Dmaven.ext.class.path=/home/lizandra/Software/netbeans/java/maven-nblib/netbeans-eventspy.jar clean install

Host: Intel(R) Celeron(R) CPU  N3050  @ 1.60GHz, 2 cores, 1G, Linux Mint 19.2 Tina
Time: Sun Dec  1 13:12:46 2019 -03 elapsed time: 136 seconds (0d 0h 2m 16s)

---------------  T H R E A D  ---------------

Current thread (0x00007f243c085000):  VMThread "VM Thread" [stack: 0x00007f241cc3a000,0x00007f241cd3a000] [id=6446]

Stack: [0x00007f241cc3a000,0x00007f241cd3a000],  sp=0x00007f241cd37ff0,  free space=1015k
Native frames: (J=compiled Java code, A=aot compiled Java code, j=interpreted, Vv=VM code, C=native code)
V  [libjvm.so+0xde4547]
V  [libjvm.so+0xde519b]
V  [libjvm.so+0x6511a5]
V  [libjvm.so+0xbbed38]
V  [libjvm.so+0xbb5ebd]
V  [libjvm.so+0x76f53f]
V  [libjvm.so+0x76f7ae]
V  [libjvm.so+0x77b820]
V  [libjvm.so+0x7f6969]
V  [libjvm.so+0x7f75c2]
V  [libjvm.so+0x7f7a29]
V  [libjvm.so+0x72de6f]
V  [libjvm.so+0x732b6a]
V  [libjvm.so+0xdf01e1]
V  [libjvm.so+0xdeeda8]
V  [libjvm.so+0xdec5e6]
V  [libjvm.so+0xdecaf0]
V  [libjvm.so+0xdecf23]
V  [libjvm.so+0xd7aeea]
V  [libjvm.so+0xbc4a5e]

VM_Operation (0x00007f244472bfb0): G1CollectForAllocation, mode: safepoint, requested by thread 0x00007f243c012000


---------------  P R O C E S S  ---------------

Threads class SMR info:
_java_thread_list=0x00007f243c0ce7e0, length=9, elements={
0x00007f243c012000, 0x00007f243c088000, 0x00007f243c08a000, 0x00007f243c08f800,
0x00007f243c091800, 0x00007f243c093800, 0x00007f243c095800, 0x00007f243c0c4800,
0x00007f243c0cd000
}

Java Threads: ( => current thread )
  0x00007f243c012000 JavaThread "main" [_thread_blocked, id=6438, stack(0x00007f244462f000,0x00007f2444730000)]
  0x00007f243c088000 JavaThread "Reference Handler" daemon [_thread_blocked, id=6447, stack(0x00007f241cb37000,0x00007f241cc38000)]
  0x00007f243c08a000 JavaThread "Finalizer" daemon [_thread_blocked, id=6448, stack(0x00007f241ca36000,0x00007f241cb37000)]
  0x00007f243c08f800 JavaThread "Signal Dispatcher" daemon [_thread_blocked, id=6449, stack(0x00007f241c656000,0x00007f241c757000)]
  0x00007f243c091800 JavaThread "C2 CompilerThread0" daemon [_thread_blocked, id=6450, stack(0x00007f241c555000,0x00007f241c656000)]
  0x00007f243c093800 JavaThread "C1 CompilerThread0" daemon [_thread_blocked, id=6451, stack(0x00007f241c454000,0x00007f241c555000)]
  0x00007f243c095800 JavaThread "Sweeper thread" daemon [_thread_blocked, id=6452, stack(0x00007f241c353000,0x00007f241c454000)]
  0x00007f243c0c4800 JavaThread "Service Thread" daemon [_thread_blocked, id=6453, stack(0x00007f241c252000,0x00007f241c353000)]
  0x00007f243c0cd000 JavaThread "Common-Cleaner" daemon [_thread_blocked, id=6455, stack(0x00007f241c04f000,0x00007f241c150000)]

Other Threads:
=>0x00007f243c085000 VMThread "VM Thread" [stack: 0x00007f241cc3a000,0x00007f241cd3a000] [id=6446]
  0x00007f243c0c6800 WatcherThread [stack: 0x00007f241c152000,0x00007f241c252000] [id=6454]
  0x00007f243c028000 GCTaskThread "GC Thread#0" [stack: 0x00007f2440624000,0x00007f2440724000] [id=6440]
  0x00007f240c001000 GCTaskThread "GC Thread#1" [stack: 0x00007f23e7ad8000,0x00007f23e7bd8000] [id=6456]
  0x00007f243c037800 ConcurrentGCThread "G1 Main Marker" [stack: 0x00007f2440068000,0x00007f2440168000] [id=6441]
  0x00007f243c039000 ConcurrentGCThread "G1 Conc#0" [stack: 0x00007f2424116000,0x00007f2424216000] [id=6442]
  0x00007f243c05a800 ConcurrentGCThread "G1 Refine#0" [stack: 0x00007f241d6bf000,0x00007f241d7bf000] [id=6444]
  0x00007f243c05c800 ConcurrentGCThread "G1 Young RemSet Sampling" [stack: 0x00007f241d5bd000,0x00007f241d6bd000] [id=6445]

Threads with active compile tasks:
C2 CompilerThread04943       4       jdk.nio.zipfs.ZipConstants::CENNAM (9 bytes)
C1 CompilerThread04935       2       jdk.nio.zipfs.ZipPath::relativize (314 bytes)

VM state:at safepoint (normal execution)

VM Mutex/Monitor currently owned by a thread:  ([mutex/lock_event])
[0x00007f243c00e440] Threads_lock - owner thread: 0x00007f243c085000
[0x00007f243c00eb90] Heap_lock - owner thread: 0x00007f243c012000

Heap address: 0x00000000e3000000, size: 464 MB, Compressed Oops mode: 32-bit
Narrow klass base: 0x0000000800000000, Narrow klass shift: 3
Compressed class space size: 1073741824 Address: 0x0000000840000000

Heap:
 garbage-first heap   total 104448K, used 36707K [0x00000000e3000000, 0x0000000100000000)
  region size 1024K, 2 young (2048K), 2 survivors (2048K)
 Metaspace       used 23935K, capacity 24637K, committed 24832K, reserved 1071104K
  class space    used 2766K, capacity 3003K, committed 3072K, reserved 1048576K
Heap Regions: E=young(eden), S=young(survivor), O=old, HS=humongous(starts), HC=humongous(continues), CS=collection set, F=free, A=archive, TAMS=top-at-mark-start (previous, next)
|   0|0x00000000e3000000, 0x00000000e3100000, 0x00000000e3100000|100%| O|  |TAMS 0x00000000e3100000, 0x00000000e3000000| Untracked 
|   1|0x00000000e3100000, 0x00000000e3200000, 0x00000000e3200000|100%| O|  |TAMS 0x00000000e3200000, 0x00000000e3100000| Untracked 
|   2|0x00000000e3200000, 0x00000000e3300000, 0x00000000e3300000|100%| O|  |TAMS 0x00000000e3300000, 0x00000000e3200000| Untracked 
|   3|0x00000000e3300000, 0x00000000e3400000, 0x00000000e3400000|100%| O|  |TAMS 0x00000000e3400000, 0x00000000e3300000| Untracked 
|   4|0x00000000e3400000, 0x00000000e3500000, 0x00000000e3500000|100%| O|  |TAMS 0x00000000e3500000, 0x00000000e3400000| Untracked 
|   5|0x00000000e3500000, 0x00000000e3600000, 0x00000000e3600000|100%| O|  |TAMS 0x00000000e3600000, 0x00000000e3500000| Untracked 
|   6|0x00000000e3600000, 0x00000000e3700000, 0x00000000e3700000|100%| O|  |TAMS 0x00000000e3700000, 0x00000000e3600000| Untracked 
|   7|0x00000000e3700000, 0x00000000e3800000, 0x00000000e3800000|100%| O|  |TAMS 0x00000000e3800000, 0x00000000e3700000| Untracked 
|   8|0x00000000e3800000, 0x00000000e3900000, 0x00000000e3900000|100%| O|  |TAMS 0x00000000e3900000, 0x00000000e3800000| Untracked 
|   9|0x00000000e3900000, 0x00000000e3a00000, 0x00000000e3a00000|100%| O|  |TAMS 0x00000000e3a00000, 0x00000000e3900000| Untracked 
|  10|0x00000000e3a00000, 0x00000000e3b00000, 0x00000000e3b00000|100%| O|  |TAMS 0x00000000e3b00000, 0x00000000e3a00000| Untracked 
|  11|0x00000000e3b00000, 0x00000000e3c00000, 0x00000000e3c00000|100%| O|  |TAMS 0x00000000e3c00000, 0x00000000e3b00000| Untracked 
|  12|0x00000000e3c00000, 0x00000000e3d00000, 0x00000000e3d00000|100%| O|  |TAMS 0x00000000e3d00000, 0x00000000e3c00000| Untracked 
|  13|0x00000000e3d00000, 0x00000000e3e00000, 0x00000000e3e00000|100%| O|  |TAMS 0x00000000e3e00000, 0x00000000e3d00000| Untracked 
|  14|0x00000000e3e00000, 0x00000000e3f00000, 0x00000000e3f00000|100%|HS|  |TAMS 0x00000000e3f00000, 0x00000000e3e00000| Complete 
|  15|0x00000000e3f00000, 0x00000000e4000000, 0x00000000e4000000|100%| O|  |TAMS 0x00000000e4000000, 0x00000000e3f00000| Untracked 
|  16|0x00000000e4000000, 0x00000000e4100000, 0x00000000e4100000|100%| O|  |TAMS 0x00000000e4100000, 0x00000000e4000000| Untracked 
|  17|0x00000000e4100000, 0x00000000e4200000, 0x00000000e4200000|100%| O|  |TAMS 0x00000000e4200000, 0x00000000e4100000| Untracked 
|  18|0x00000000e4200000, 0x00000000e4300000, 0x00000000e4300000|100%| O|  |TAMS 0x00000000e4300000, 0x00000000e4200000| Untracked 
|  19|0x00000000e4300000, 0x00000000e4400000, 0x00000000e4400000|100%| O|  |TAMS 0x00000000e4400000, 0x00000000e4300000| Untracked 
|  20|0x00000000e4400000, 0x00000000e4500000, 0x00000000e4500000|100%| O|  |TAMS 0x00000000e4500000, 0x00000000e4400000| Untracked 
|  21|0x00000000e4500000, 0x00000000e4600000, 0x00000000e4600000|100%| O|  |TAMS 0x00000000e4600000, 0x00000000e4500000| Untracked 
|  22|0x00000000e4600000, 0x00000000e4700000, 0x00000000e4700000|100%|HS|  |TAMS 0x00000000e4700000, 0x00000000e4600000| Complete 
|  23|0x00000000e4700000, 0x00000000e4800000, 0x00000000e4800000|100%| O|  |TAMS 0x00000000e4800000, 0x00000000e4700000| Untracked 
|  24|0x00000000e4800000, 0x00000000e4900000, 0x00000000e4900000|100%| O|  |TAMS 0x00000000e4900000, 0x00000000e4800000| Untracked 
|  25|0x00000000e4900000, 0x00000000e4a00000, 0x00000000e4a00000|100%| O|  |TAMS 0x00000000e4a00000, 0x00000000e4900000| Untracked 
|  26|0x00000000e4a00000, 0x00000000e4b00000, 0x00000000e4b00000|100%| O|  |TAMS 0x00000000e4b00000, 0x00000000e4a00000| Untracked 
|  27|0x00000000e4b00000, 0x00000000e4c00000, 0x00000000e4c00000|100%| O|  |TAMS 0x00000000e4c00000, 0x00000000e4b00000| Untracked 
|  28|0x00000000e4c00000, 0x00000000e4d00000, 0x00000000e4d00000|100%| O|  |TAMS 0x00000000e4c24200, 0x00000000e4c00000| Untracked 
|  29|0x00000000e4d00000, 0x00000000e4e00000, 0x00000000e4e00000|100%| O|  |TAMS 0x00000000e4d00000, 0x00000000e4d00000| Untracked 
|  30|0x00000000e4e00000, 0x00000000e4f00000, 0x00000000e4f00000|100%| O|  |TAMS 0x00000000e4e00000, 0x00000000e4e00000| Untracked 
|  31|0x00000000e4f00000, 0x00000000e5000000, 0x00000000e5000000|100%| O|  |TAMS 0x00000000e4f00000, 0x00000000e4f00000| Untracked 
|  32|0x00000000e5000000, 0x00000000e5100000, 0x00000000e5100000|100%| O|  |TAMS 0x00000000e5000000, 0x00000000e5000000| Untracked 
|  33|0x00000000e5100000, 0x00000000e513ae00, 0x00000000e5200000| 22%| O|  |TAMS 0x00000000e5100000, 0x00000000e5100000| Untracked 
|  34|0x00000000e5200000, 0x00000000e5200000, 0x00000000e5300000|  0%| F|  |TAMS 0x00000000e5200000, 0x00000000e5200000| Untracked 
|  35|0x00000000e5300000, 0x00000000e5300000, 0x00000000e5400000|  0%| F|  |TAMS 0x00000000e5300000, 0x00000000e5300000| Untracked 
|  36|0x00000000e5400000, 0x00000000e5400000, 0x00000000e5500000|  0%| F|  |TAMS 0x00000000e5400000, 0x00000000e5400000| Untracked 
|  37|0x00000000e5500000, 0x00000000e5500000, 0x00000000e5600000|  0%| F|  |TAMS 0x00000000e5500000, 0x00000000e5500000| Untracked 
|  38|0x00000000e5600000, 0x00000000e5600000, 0x00000000e5700000|  0%| F|  |TAMS 0x00000000e5600000, 0x00000000e5600000| Untracked 
|  39|0x00000000e5700000, 0x00000000e5700000, 0x00000000e5800000|  0%| F|  |TAMS 0x00000000e5700000, 0x00000000e5700000| Untracked 
|  40|0x00000000e5800000, 0x00000000e5900000, 0x00000000e5900000|100%| S|CS|TAMS 0x00000000e5800000, 0x00000000e5800000| Complete 
|  41|0x00000000e5900000, 0x00000000e5a00000, 0x00000000e5a00000|100%| S|CS|TAMS 0x00000000e5900000, 0x00000000e5900000| Complete 
|  42|0x00000000e5a00000, 0x00000000e5a00000, 0x00000000e5b00000|  0%| F|  |TAMS 0x00000000e5a00000, 0x00000000e5a00000| Untracked 
|  43|0x00000000e5b00000, 0x00000000e5b00000, 0x00000000e5c00000|  0%| F|  |TAMS 0x00000000e5b00000, 0x00000000e5b00000| Untracked 
|  44|0x00000000e5c00000, 0x00000000e5c00000, 0x00000000e5d00000|  0%| F|  |TAMS 0x00000000e5c00000, 0x00000000e5c00000| Untracked 
|  45|0x00000000e5d00000, 0x00000000e5d00000, 0x00000000e5e00000|  0%| F|  |TAMS 0x00000000e5d00000, 0x00000000e5d00000| Untracked 
|  46|0x00000000e5e00000, 0x00000000e5e00000, 0x00000000e5f00000|  0%| F|  |TAMS 0x00000000e5e00000, 0x00000000e5e00000| Untracked 
|  47|0x00000000e5f00000, 0x00000000e5f00000, 0x00000000e6000000|  0%| F|  |TAMS 0x00000000e5f00000, 0x00000000e5f00000| Untracked 
|  48|0x00000000e6000000, 0x00000000e6000000, 0x00000000e6100000|  0%| F|  |TAMS 0x00000000e6000000, 0x00000000e6000000| Untracked 
|  49|0x00000000e6100000, 0x00000000e6100000, 0x00000000e6200000|  0%| F|  |TAMS 0x00000000e6100000, 0x00000000e6100000| Untracked 
|  50|0x00000000e6200000, 0x00000000e6200000, 0x00000000e6300000|  0%| F|  |TAMS 0x00000000e6200000, 0x00000000e6200000| Untracked 
|  51|0x00000000e6300000, 0x00000000e6300000, 0x00000000e6400000|  0%| F|  |TAMS 0x00000000e6300000, 0x00000000e6300000| Untracked 
|  52|0x00000000e6400000, 0x00000000e6400000, 0x00000000e6500000|  0%| F|  |TAMS 0x00000000e6400000, 0x00000000e6400000| Untracked 
|  53|0x00000000e6500000, 0x00000000e6500000, 0x00000000e6600000|  0%| F|  |TAMS 0x00000000e6500000, 0x00000000e6500000| Untracked 
|  54|0x00000000e6600000, 0x00000000e6600000, 0x00000000e6700000|  0%| F|  |TAMS 0x00000000e6600000, 0x00000000e6600000| Untracked 
| 462|0x00000000ffe00000, 0x00000000ffe34000, 0x00000000fff00000| 20%|OA|  |TAMS 0x00000000ffe34000, 0x00000000ffe00000| Untracked 
| 463|0x00000000fff00000, 0x00000000fff6a000, 0x0000000100000000| 41%|CA|  |TAMS 0x00000000fff6a000, 0x00000000fff00000| Untracked 

Card table byte_map: [0x00007f2440250000,0x00007f2440338000] _byte_map_base: 0x00007f243fb38000

Marking Bits (Prev, Next): (CMBitMap*) 0x00007f243c034a88, (CMBitMap*) 0x00007f243c034ac0
 Prev Bits: [0x00007f2424216000, 0x00007f2424956000)
 Next Bits: [0x00007f241f8c0000, 0x00007f2420000000)

Polling page: 0x00007f2444747000

Metaspace:

Usage:
  Non-class:     21,13 MB capacity,    20,67 MB ( 98%) used,   425,12 KB (  2%) free+waste,    39,25 KB ( <1%) overhead. 
      Class:      2,93 MB capacity,     2,70 MB ( 92%) used,   218,95 KB (  7%) free+waste,    17,94 KB ( <1%) overhead. 
       Both:     24,06 MB capacity,    23,37 MB ( 97%) used,   644,06 KB (  3%) free+waste,    57,19 KB ( <1%) overhead. 

Virtual space:
  Non-class space:       22,00 MB reserved,      21,25 MB ( 97%) committed 
      Class space:        1,00 GB reserved,       3,00 MB ( <1%) committed 
             Both:        1,02 GB reserved,      24,25 MB (  2%) committed 

Chunk freelists:
   Non-Class:  102,00 KB
       Class:  5,00 KB
        Both:  107,00 KB

CodeHeap 'non-profiled nmethods': size=120036Kb used=1998Kb max_used=1998Kb free=118037Kb
 bounds [0x00007f242c41d000, 0x00007f242c68d000, 0x00007f2433956000]
CodeHeap 'profiled nmethods': size=120032Kb used=9834Kb max_used=9834Kb free=110198Kb
 bounds [0x00007f2424ee5000, 0x00007f2425885000, 0x00007f242c41d000]
CodeHeap 'non-nmethods': size=5692Kb used=1123Kb max_used=1150Kb free=4568Kb
 bounds [0x00007f2424956000, 0x00007f2424bc6000, 0x00007f2424ee5000]
 total_blobs=5780 nmethods=4534 adapters=361
 compilation: enabled
              stopped_count=0, restarted_count=0
 full_count=0

Compilation events (10 events):
Event: 130,233 Thread 0x00007f243c091800 4797       4       java.util.concurrent.locks.AbstractQueuedSynchronizer::apparentlyFirstQueuedIsExclusive (38 bytes)
Event: 131,235 Thread 0x00007f243c093800 4932       2       com.sun.tools.javac.file.RelativePath::<init> (10 bytes)
Event: 133,958 Thread 0x00007f243c093800 nmethod 4932 0x00007f242587dc10 code [0x00007f242587ddc0, 0x00007f242587df70]
Event: 133,985 Thread 0x00007f243c091800 nmethod 4797 0x00007f242c610090 code [0x00007f242c610220, 0x00007f242c6102b8]
Event: 134,007 Thread 0x00007f243c093800 4933       1       java.nio.file.Files::provider (10 bytes)
Event: 134,010 Thread 0x00007f243c091800 4811       4       java.util.concurrent.locks.ReentrantReadWriteLock$NonfairSync::readerShouldBlock (5 bytes)
Event: 134,268 Thread 0x00007f243c093800 nmethod 4933 0x00007f242c610390 code [0x00007f242c610560, 0x00007f242c610698]
Event: 134,286 Thread 0x00007f243c091800 nmethod 4811 0x00007f242c610710 code [0x00007f242c6108a0, 0x00007f242c610938]
Event: 134,438 Thread 0x00007f243c091800 4943       4       jdk.nio.zipfs.ZipConstants::CENNAM (9 bytes)
Event: 134,438 Thread 0x00007f243c093800 4935       2       jdk.nio.zipfs.ZipPath::relativize (314 bytes)

GC Heap History (10 events):
Event: 42,916 GC heap after
{Heap after GC invocations=24 (full 0):
 garbage-first heap   total 58368K, used 26040K [0x00000000e3000000, 0x0000000100000000)
  region size 1024K, 1 young (1024K), 1 survivors (1024K)
 Metaspace       used 23841K, capacity 24550K, committed 24832K, reserved 1071104K
  class space    used 2764K, capacity 3001K, committed 3072K, reserved 1048576K
}
Event: 47,664 GC heap before
{Heap before GC invocations=25 (full 0):
 garbage-first heap   total 58368K, used 31160K [0x00000000e3000000, 0x0000000100000000)
  region size 1024K, 8 young (8192K), 1 survivors (1024K)
 Metaspace       used 23884K, capacity 24554K, committed 24832K, reserved 1071104K
  class space    used 2764K, capacity 3001K, committed 3072K, reserved 1048576K
}
Event: 47,974 GC heap after
{Heap after GC invocations=26 (full 0):
 garbage-first heap   total 58368K, used 26617K [0x00000000e3000000, 0x0000000100000000)
  region size 1024K, 1 young (1024K), 1 survivors (1024K)
 Metaspace       used 23884K, capacity 24554K, committed 24832K, reserved 1071104K
  class space    used 2764K, capacity 3001K, committed 3072K, reserved 1048576K
}
Event: 49,731 GC heap before
{Heap before GC invocations=26 (full 0):
 garbage-first heap   total 58368K, used 41977K [0x00000000e3000000, 0x0000000100000000)
  region size 1024K, 16 young (16384K), 1 survivors (1024K)
 Metaspace       used 23885K, capacity 24558K, committed 24832K, reserved 1071104K
  class space    used 2764K, capacity 3001K, committed 3072K, reserved 1048576K
}
Event: 50,074 GC heap after
{Heap after GC invocations=27 (full 0):
 garbage-first heap   total 58368K, used 28574K [0x00000000e3000000, 0x0000000100000000)
  region size 1024K, 2 young (2048K), 2 survivors (2048K)
 Metaspace       used 23885K, capacity 24558K, committed 24832K, reserved 1071104K
  class space    used 2764K, capacity 3001K, committed 3072K, reserved 1048576K
}
Event: 50,142 GC heap before
{Heap before GC invocations=28 (full 0):
 garbage-first heap   total 58368K, used 41886K [0x00000000e3000000, 0x0000000100000000)
  region size 1024K, 16 young (16384K), 2 survivors (2048K)
 Metaspace       used 23885K, capacity 24558K, committed 24832K, reserved 1071104K
  class space    used 2764K, capacity 3001K, committed 3072K, reserved 1048576K
}
Event: 50,598 GC heap after
{Heap after GC invocations=29 (full 0):
 garbage-first heap   total 58368K, used 28635K [0x00000000e3000000, 0x0000000100000000)
  region size 1024K, 1 young (1024K), 1 survivors (1024K)
 Metaspace       used 23885K, capacity 24558K, committed 24832K, reserved 1071104K
  class space    used 2764K, capacity 3001K, committed 3072K, reserved 1048576K
}
Event: 108,682 GC heap before
{Heap before GC invocations=29 (full 0):
 garbage-first heap   total 58368K, used 42971K [0x00000000e3000000, 0x0000000100000000)
  region size 1024K, 16 young (16384K), 1 survivors (1024K)
 Metaspace       used 23929K, capacity 24637K, committed 24832K, reserved 1071104K
  class space    used 2766K, capacity 3003K, committed 3072K, reserved 1048576K
}
Event: 109,488 GC heap after
{Heap after GC invocations=30 (full 0):
 garbage-first heap   total 58368K, used 31496K [0x00000000e3000000, 0x0000000100000000)
  region size 1024K, 2 young (2048K), 2 survivors (2048K)
 Metaspace       used 23929K, capacity 24637K, committed 24832K, reserved 1071104K
  class space    used 2766K, capacity 3003K, committed 3072K, reserved 1048576K
}
Event: 135,883 GC heap before
{Heap before GC invocations=31 (full 0):
 garbage-first heap   total 58368K, used 44808K [0x00000000e3000000, 0x0000000100000000)
  region size 1024K, 15 young (15360K), 2 survivors (2048K)
 Metaspace       used 23935K, capacity 24637K, committed 24832K, reserved 1071104K
  class space    used 2766K, capacity 3003K, committed 3072K, reserved 1048576K
}

Deoptimization events (10 events):
Event: 101,538 Thread 0x00007f243c012000 DEOPT PACKING pc=0x00007f242c603d60 sp=0x00007f244472c680
Event: 101,540 Thread 0x00007f243c012000 DEOPT UNPACKING pc=0x00007f242497de1f sp=0x00007f244472c5f0 mode 2
Event: 115,674 Thread 0x00007f243c012000 DEOPT PACKING pc=0x00007f242585af1b sp=0x00007f244472c6a0
Event: 115,677 Thread 0x00007f243c012000 DEOPT UNPACKING pc=0x00007f242497dc2b sp=0x00007f244472bb78 mode 0
Event: 122,460 Thread 0x00007f243c012000 DEOPT PACKING pc=0x00007f242585af1b sp=0x00007f244472c700
Event: 122,596 Thread 0x00007f243c012000 DEOPT UNPACKING pc=0x00007f242497dc2b sp=0x00007f244472bbd8 mode 0
Event: 125,375 Thread 0x00007f243c012000 Uncommon trap: trap_request=0xffffff4d fr.pc=0x00007f242c60c728 relative=0x0000000000002368
Event: 125,388 Thread 0x00007f243c012000 Uncommon trap: reason=unstable_if action=reinterpret pc=0x00007f242c60c728 method=java.time.chrono.IsoChronology.isLeapYear(J)Z @ 7 c2
Event: 125,403 Thread 0x00007f243c012000 DEOPT PACKING pc=0x00007f242c60c728 sp=0x00007f244472c680
Event: 125,421 Thread 0x00007f243c012000 DEOPT UNPACKING pc=0x00007f242497de1f sp=0x00007f244472c330 mode 2

Classes redefined (0 events):
No events

Internal exceptions (10 events):
Event: 28,064 Thread 0x00007f243c012000 Exception <a 'java/security/PrivilegedActionException'{0x00000000e5914df0}> (0x00000000e5914df0) thrown at [/build/openjdk-lts-7bqZff/openjdk-lts-11.0.4+11/src/hotspot/share/prims/jvm.cpp, line 1300]
Event: 28,064 Thread 0x00007f243c012000 Exception <a 'java/security/PrivilegedActionException'{0x00000000e5915368}> (0x00000000e5915368) thrown at [/build/openjdk-lts-7bqZff/openjdk-lts-11.0.4+11/src/hotspot/share/prims/jvm.cpp, line 1300]
Event: 28,065 Thread 0x00007f243c012000 Exception <a 'java/security/PrivilegedActionException'{0x00000000e5916428}> (0x00000000e5916428) thrown at [/build/openjdk-lts-7bqZff/openjdk-lts-11.0.4+11/src/hotspot/share/prims/jvm.cpp, line 1300]
Event: 28,065 Thread 0x00007f243c012000 Exception <a 'java/security/PrivilegedActionException'{0x00000000e59169a0}> (0x00000000e59169a0) thrown at [/build/openjdk-lts-7bqZff/openjdk-lts-11.0.4+11/src/hotspot/share/prims/jvm.cpp, line 1300]
Event: 71,662 Thread 0x00007f243c012000 Exception <a 'sun/nio/fs/UnixException'{0x00000000e5d41d80}> (0x00000000e5d41d80) thrown at [/build/openjdk-lts-7bqZff/openjdk-lts-11.0.4+11/src/hotspot/share/prims/jni.cpp, line 615]
Event: 71,674 Thread 0x00007f243c012000 Exception <a 'sun/nio/fs/UnixException'{0x00000000e5d423f8}> (0x00000000e5d423f8) thrown at [/build/openjdk-lts-7bqZff/openjdk-lts-11.0.4+11/src/hotspot/share/prims/jni.cpp, line 615]
Event: 71,674 Thread 0x00007f243c012000 Exception <a 'sun/nio/fs/UnixException'{0x00000000e5d42a70}> (0x00000000e5d42a70) thrown at [/build/openjdk-lts-7bqZff/openjdk-lts-11.0.4+11/src/hotspot/share/prims/jni.cpp, line 615]
Event: 71,675 Thread 0x00007f243c012000 Exception <a 'sun/nio/fs/UnixException'{0x00000000e5d430e8}> (0x00000000e5d430e8) thrown at [/build/openjdk-lts-7bqZff/openjdk-lts-11.0.4+11/src/hotspot/share/prims/jni.cpp, line 615]
Event: 71,675 Thread 0x00007f243c012000 Exception <a 'sun/nio/fs/UnixException'{0x00000000e5d43760}> (0x00000000e5d43760) thrown at [/build/openjdk-lts-7bqZff/openjdk-lts-11.0.4+11/src/hotspot/share/prims/jni.cpp, line 615]
Event: 71,675 Thread 0x00007f243c012000 Exception <a 'sun/nio/fs/UnixException'{0x00000000e5d43dd8}> (0x00000000e5d43dd8) thrown at [/build/openjdk-lts-7bqZff/openjdk-lts-11.0.4+11/src/hotspot/share/prims/jni.cpp, line 615]

Events (10 events):
Event: 63,613 loading class jdk/nio/zipfs/ZipFileSystem$IndexNode done
Event: 63,622 loading class jdk/nio/zipfs/JarFileSystem
Event: 63,622 loading class jdk/nio/zipfs/JarFileSystem done
Event: 108,649 Executing VM operation: G1CollectForAllocation
Event: 109,633 Executing VM operation: G1CollectForAllocation done
Event: 110,106 Executing VM operation: CGC_Operation
Event: 111,705 Executing VM operation: CGC_Operation done
Event: 111,826 Executing VM operation: CGC_Operation
Event: 112,892 Executing VM operation: CGC_Operation done
Event: 135,788 Executing VM operation: G1CollectForAllocation


Dynamic libraries:
e3000000-e6700000 rw-p 00000000 00:00 0 
e9400000-ffe00000 ---p 00000000 00:00 0 
ffe00000-ffe34000 rw-p 01116000 b3:06 1437553                            /usr/lib/jvm/java-11-openjdk-amd64/lib/server/classes.jsa
ffe34000-fff00000 rw-p 00000000 00:00 0 
fff00000-fff6a000 rw-p 010ac000 b3:06 1437553                            /usr/lib/jvm/java-11-openjdk-amd64/lib/server/classes.jsa
fff6a000-100000000 rw-p 00000000 00:00 0 
800000000-800002000 rwxp 00001000 b3:06 1437553                          /usr/lib/jvm/java-11-openjdk-amd64/lib/server/classes.jsa
800002000-8003bd000 rw-p 00003000 b3:06 1437553                          /usr/lib/jvm/java-11-openjdk-amd64/lib/server/classes.jsa
8003bd000-800a98000 r--p 003be000 b3:06 1437553                          /usr/lib/jvm/java-11-openjdk-amd64/lib/server/classes.jsa
800a98000-800a99000 rw-p 00a99000 b3:06 1437553                          /usr/lib/jvm/java-11-openjdk-amd64/lib/server/classes.jsa
800a99000-8010ab000 r--p 00a9a000 b3:06 1437553                          /usr/lib/jvm/java-11-openjdk-amd64/lib/server/classes.jsa
840000000-840300000 rw-p 00000000 00:00 0 
840300000-880000000 ---p 00000000 00:00 0 
55c157fd1000-55c157fd2000 r-xp 00000000 b3:06 1441529                    /usr/lib/jvm/java-11-openjdk-amd64/bin/java
55c1581d2000-55c1581d3000 r--p 00001000 b3:06 1441529                    /usr/lib/jvm/java-11-openjdk-amd64/bin/java
55c1581d3000-55c1581d4000 rw-p 00002000 b3:06 1441529                    /usr/lib/jvm/java-11-openjdk-amd64/bin/java
55c158230000-55c158251000 rw-p 00000000 00:00 0                          [heap]
7f23e6cd6000-7f23e6e16000 rw-p 00000000 00:00 0 
7f23e6e16000-7f23e6ed6000 ---p 00000000 00:00 0 
7f23e6ed6000-7f23e70d6000 rw-p 00000000 00:00 0 
7f23e70d6000-7f23e72d6000 rw-p 00000000 00:00 0 
7f23e72d6000-7f23e74d6000 rw-p 00000000 00:00 0 
7f23e74d6000-7f23e76d6000 rw-p 00000000 00:00 0 
7f23e76d6000-7f23e78d6000 rw-p 00000000 00:00 0 
7f23e78d6000-7f23e7ad6000 rw-p 00000000 00:00 0 
7f23e7ad6000-7f23e7ad7000 ---p 00000000 00:00 0 
7f23e7ad7000-7f23e7bd8000 rw-p 00000000 00:00 0 
7f23e7bd8000-7f23e7bee000 r-xp 00000000 b3:06 1441803                    /usr/lib/jvm/java-11-openjdk-amd64/lib/libnet.so
7f23e7bee000-7f23e7ded000 ---p 00016000 b3:06 1441803                    /usr/lib/jvm/java-11-openjdk-amd64/lib/libnet.so
7f23e7ded000-7f23e7dee000 r--p 00015000 b3:06 1441803                    /usr/lib/jvm/java-11-openjdk-amd64/lib/libnet.so
7f23e7dee000-7f23e7def000 rw-p 00016000 b3:06 1441803                    /usr/lib/jvm/java-11-openjdk-amd64/lib/libnet.so
7f23e7def000-7f23e7dff000 r-xp 00000000 b3:06 1441805                    /usr/lib/jvm/java-11-openjdk-amd64/lib/libnio.so
7f23e7dff000-7f23e7ffe000 ---p 00010000 b3:06 1441805                    /usr/lib/jvm/java-11-openjdk-amd64/lib/libnio.so
7f23e7ffe000-7f23e7fff000 r--p 0000f000 b3:06 1441805                    /usr/lib/jvm/java-11-openjdk-amd64/lib/libnio.so
7f23e7fff000-7f23e8000000 rw-p 00010000 b3:06 1441805                    /usr/lib/jvm/java-11-openjdk-amd64/lib/libnio.so
7f23e8000000-7f23e8021000 rw-p 00000000 00:00 0 
7f23e8021000-7f23ec000000 ---p 00000000 00:00 0 
7f23ec000000-7f23ec021000 rw-p 00000000 00:00 0 
7f23ec021000-7f23f0000000 ---p 00000000 00:00 0 
7f23f0000000-7f23f0ae9000 rw-p 00000000 00:00 0 
7f23f0ae9000-7f23f4000000 ---p 00000000 00:00 0 
7f23f4000000-7f23f4021000 rw-p 00000000 00:00 0 
7f23f4021000-7f23f8000000 ---p 00000000 00:00 0 
7f23f8000000-7f23f8021000 rw-p 00000000 00:00 0 
7f23f8021000-7f23fc000000 ---p 00000000 00:00 0 
7f23fc000000-7f23fd9bc000 rw-p 00000000 00:00 0 
7f23fd9bc000-7f2400000000 ---p 00000000 00:00 0 
7f2400000000-7f2400021000 rw-p 00000000 00:00 0 
7f2400021000-7f2404000000 ---p 00000000 00:00 0 
7f2404000000-7f2404021000 rw-p 00000000 00:00 0 
7f2404021000-7f2408000000 ---p 00000000 00:00 0 
7f2408000000-7f2408021000 rw-p 00000000 00:00 0 
7f2408021000-7f240c000000 ---p 00000000 00:00 0 
7f240c000000-7f240c079000 rw-p 00000000 00:00 0 
7f240c079000-7f2410000000 ---p 00000000 00:00 0 
7f2410000000-7f2410021000 rw-p 00000000 00:00 0 
7f2410021000-7f2414000000 ---p 00000000 00:00 0 
7f2414000000-7f2414021000 rw-p 00000000 00:00 0 
7f2414021000-7f2418000000 ---p 00000000 00:00 0 
7f2418000000-7f2418021000 rw-p 00000000 00:00 0 
7f2418021000-7f241c000000 ---p 00000000 00:00 0 
7f241c04f000-7f241c053000 ---p 00000000 00:00 0 
7f241c053000-7f241c150000 rw-p 00000000 00:00 0 
7f241c150000-7f241c151000 ---p 00000000 00:00 0 
7f241c151000-7f241c252000 rw-p 00000000 00:00 0 
7f241c252000-7f241c256000 ---p 00000000 00:00 0 
7f241c256000-7f241c353000 rw-p 00000000 00:00 0 
7f241c353000-7f241c357000 ---p 00000000 00:00 0 
7f241c357000-7f241c454000 rw-p 00000000 00:00 0 
7f241c454000-7f241c458000 ---p 00000000 00:00 0 
7f241c458000-7f241c555000 rw-p 00000000 00:00 0 
7f241c555000-7f241c559000 ---p 00000000 00:00 0 
7f241c559000-7f241c656000 rw-p 00000000 00:00 0 
7f241c656000-7f241c65a000 ---p 00000000 00:00 0 
7f241c65a000-7f241c757000 rw-p 00000000 00:00 0 
7f241c757000-7f241ca36000 r--p 00000000 b3:06 1443645                    /usr/lib/locale/locale-archive
7f241ca36000-7f241ca3a000 ---p 00000000 00:00 0 
7f241ca3a000-7f241cb37000 rw-p 00000000 00:00 0 
7f241cb37000-7f241cb3b000 ---p 00000000 00:00 0 
7f241cb3b000-7f241cc38000 rw-p 00000000 00:00 0 
7f241cc38000-7f241cc39000 ---p 00000000 00:00 0 
7f241cc39000-7f241d5bb000 rw-p 00000000 00:00 0 
7f241d5bb000-7f241d5bc000 ---p 00000000 00:00 0 
7f241d5bc000-7f241d6bd000 rw-p 00000000 00:00 0 
7f241d6bd000-7f241d6be000 ---p 00000000 00:00 0 
7f241d6be000-7f241f99c000 rw-p 00000000 00:00 0 
7f241f99c000-7f241fff8000 ---p 00000000 00:00 0 
7f241fff8000-7f2420000000 rw-p 00000000 00:00 0 
7f2420000000-7f2420021000 rw-p 00000000 00:00 0 
7f2420021000-7f2424000000 ---p 00000000 00:00 0 
7f2424013000-7f2424114000 rw-p 00000000 00:00 0 
7f2424114000-7f2424115000 ---p 00000000 00:00 0 
7f2424115000-7f24242f2000 rw-p 00000000 00:00 0 
7f24242f2000-7f242494e000 ---p 00000000 00:00 0 
7f242494e000-7f2424956000 rw-p 00000000 00:00 0 
7f2424956000-7f2424bc6000 rwxp 00000000 00:00 0 
7f2424bc6000-7f2424ee5000 ---p 00000000 00:00 0 
7f2424ee5000-7f2425885000 rwxp 00000000 00:00 0 
7f2425885000-7f242c41d000 ---p 00000000 00:00 0 
7f242c41d000-7f242c68d000 rwxp 00000000 00:00 0 
7f242c68d000-7f2433956000 ---p 00000000 00:00 0 
7f2433956000-7f243c000000 r--s 00000000 b3:06 1441815                    /usr/lib/jvm/java-11-openjdk-amd64/lib/modules
7f243c000000-7f243d67b000 rw-p 00000000 00:00 0 
7f243d67b000-7f2440000000 ---p 00000000 00:00 0 
7f2440035000-7f2440066000 rw-p 00000000 00:00 0 
7f2440066000-7f2440067000 ---p 00000000 00:00 0 
7f2440067000-7f2440184000 rw-p 00000000 00:00 0 
7f2440184000-7f244024f000 ---p 00000000 00:00 0 
7f244024f000-7f244026c000 rw-p 00000000 00:00 0 
7f244026c000-7f2440337000 ---p 00000000 00:00 0 
7f2440337000-7f2440354000 rw-p 00000000 00:00 0 
7f2440354000-7f244041f000 ---p 00000000 00:00 0 
7f244041f000-7f2440622000 rw-p 00000000 00:00 0 
7f2440622000-7f2440623000 ---p 00000000 00:00 0 
7f2440623000-7f2440729000 rw-p 00000000 00:00 0 
7f2440729000-7f244080f000 ---p 00000000 00:00 0 
7f244080f000-7f2440823000 rw-p 00000000 00:00 0 
7f2440823000-7f24408fa000 ---p 00000000 00:00 0 
7f24408fa000-7f24408ff000 r-xp 00000000 b3:06 1441785                    /usr/lib/jvm/java-11-openjdk-amd64/lib/libjimage.so
7f24408ff000-7f2440afe000 ---p 00005000 b3:06 1441785                    /usr/lib/jvm/java-11-openjdk-amd64/lib/libjimage.so
7f2440afe000-7f2440aff000 r--p 00004000 b3:06 1441785                    /usr/lib/jvm/java-11-openjdk-amd64/lib/libjimage.so
7f2440aff000-7f2440b00000 rw-p 00005000 b3:06 1441785                    /usr/lib/jvm/java-11-openjdk-amd64/lib/libjimage.so
7f2440b00000-7f2440b07000 r-xp 00000000 b3:06 1441814                    /usr/lib/jvm/java-11-openjdk-amd64/lib/libzip.so
7f2440b07000-7f2440d06000 ---p 00007000 b3:06 1441814                    /usr/lib/jvm/java-11-openjdk-amd64/lib/libzip.so
7f2440d06000-7f2440d07000 r--p 00006000 b3:06 1441814                    /usr/lib/jvm/java-11-openjdk-amd64/lib/libzip.so
7f2440d07000-7f2440d08000 rw-p 00007000 b3:06 1441814                    /usr/lib/jvm/java-11-openjdk-amd64/lib/libzip.so
7f2440d08000-7f2440d13000 r-xp 00000000 b3:06 1050651                    /lib/x86_64-linux-gnu/libnss_files-2.27.so
7f2440d13000-7f2440f12000 ---p 0000b000 b3:06 1050651                    /lib/x86_64-linux-gnu/libnss_files-2.27.so
7f2440f12000-7f2440f13000 r--p 0000a000 b3:06 1050651                    /lib/x86_64-linux-gnu/libnss_files-2.27.so
7f2440f13000-7f2440f14000 rw-p 0000b000 b3:06 1050651                    /lib/x86_64-linux-gnu/libnss_files-2.27.so
7f2440f14000-7f2440f1a000 rw-p 00000000 00:00 0 
7f2440f1a000-7f2440f31000 r-xp 00000000 b3:06 1050645                    /lib/x86_64-linux-gnu/libnsl-2.27.so
7f2440f31000-7f2441130000 ---p 00017000 b3:06 1050645                    /lib/x86_64-linux-gnu/libnsl-2.27.so
7f2441130000-7f2441131000 r--p 00016000 b3:06 1050645                    /lib/x86_64-linux-gnu/libnsl-2.27.so
7f2441131000-7f2441132000 rw-p 00017000 b3:06 1050645                    /lib/x86_64-linux-gnu/libnsl-2.27.so
7f2441132000-7f2441134000 rw-p 00000000 00:00 0 
7f2441134000-7f244113f000 r-xp 00000000 b3:06 1050662                    /lib/x86_64-linux-gnu/libnss_nis-2.27.so
7f244113f000-7f244133e000 ---p 0000b000 b3:06 1050662                    /lib/x86_64-linux-gnu/libnss_nis-2.27.so
7f244133e000-7f244133f000 r--p 0000a000 b3:06 1050662                    /lib/x86_64-linux-gnu/libnss_nis-2.27.so
7f244133f000-7f2441340000 rw-p 0000b000 b3:06 1050662                    /lib/x86_64-linux-gnu/libnss_nis-2.27.so
7f2441340000-7f2441348000 r-xp 00000000 b3:06 1050647                    /lib/x86_64-linux-gnu/libnss_compat-2.27.so
7f2441348000-7f2441548000 ---p 00008000 b3:06 1050647                    /lib/x86_64-linux-gnu/libnss_compat-2.27.so
7f2441548000-7f2441549000 r--p 00008000 b3:06 1050647                    /lib/x86_64-linux-gnu/libnss_compat-2.27.so
7f2441549000-7f244154a000 rw-p 00009000 b3:06 1050647                    /lib/x86_64-linux-gnu/libnss_compat-2.27.so
7f244154a000-7f2441573000 r-xp 00000000 b3:06 1441777                    /usr/lib/jvm/java-11-openjdk-amd64/lib/libjava.so
7f2441573000-7f2441772000 ---p 00029000 b3:06 1441777                    /usr/lib/jvm/java-11-openjdk-amd64/lib/libjava.so
7f2441772000-7f2441773000 r--p 00028000 b3:06 1441777                    /usr/lib/jvm/java-11-openjdk-amd64/lib/libjava.so
7f2441773000-7f2441775000 rw-p 00029000 b3:06 1441777                    /usr/lib/jvm/java-11-openjdk-amd64/lib/libjava.so
7f2441775000-7f2441782000 r-xp 00000000 b3:06 1441812                    /usr/lib/jvm/java-11-openjdk-amd64/lib/libverify.so
7f2441782000-7f2441981000 ---p 0000d000 b3:06 1441812                    /usr/lib/jvm/java-11-openjdk-amd64/lib/libverify.so
7f2441981000-7f2441983000 r--p 0000c000 b3:06 1441812                    /usr/lib/jvm/java-11-openjdk-amd64/lib/libverify.so
7f2441983000-7f2441984000 rw-p 0000e000 b3:06 1441812                    /usr/lib/jvm/java-11-openjdk-amd64/lib/libverify.so
7f2441984000-7f244198b000 r-xp 00000000 b3:06 1050702                    /lib/x86_64-linux-gnu/librt-2.27.so
7f244198b000-7f2441b8a000 ---p 00007000 b3:06 1050702                    /lib/x86_64-linux-gnu/librt-2.27.so
7f2441b8a000-7f2441b8b000 r--p 00006000 b3:06 1050702                    /lib/x86_64-linux-gnu/librt-2.27.so
7f2441b8b000-7f2441b8c000 rw-p 00007000 b3:06 1050702                    /lib/x86_64-linux-gnu/librt-2.27.so
7f2441b8c000-7f2441ba3000 r-xp 00000000 b3:06 1050598                    /lib/x86_64-linux-gnu/libgcc_s.so.1
7f2441ba3000-7f2441da2000 ---p 00017000 b3:06 1050598                    /lib/x86_64-linux-gnu/libgcc_s.so.1
7f2441da2000-7f2441da3000 r--p 00016000 b3:06 1050598                    /lib/x86_64-linux-gnu/libgcc_s.so.1
7f2441da3000-7f2441da4000 rw-p 00017000 b3:06 1050598                    /lib/x86_64-linux-gnu/libgcc_s.so.1
7f2441da4000-7f2441f41000 r-xp 00000000 b3:06 1050624                    /lib/x86_64-linux-gnu/libm-2.27.so
7f2441f41000-7f2442140000 ---p 0019d000 b3:06 1050624                    /lib/x86_64-linux-gnu/libm-2.27.so
7f2442140000-7f2442141000 r--p 0019c000 b3:06 1050624                    /lib/x86_64-linux-gnu/libm-2.27.so
7f2442141000-7f2442142000 rw-p 0019d000 b3:06 1050624                    /lib/x86_64-linux-gnu/libm-2.27.so
7f2442142000-7f24422bb000 r-xp 00000000 b3:06 1446455                    /usr/lib/x86_64-linux-gnu/libstdc++.so.6.0.25
7f24422bb000-7f24424bb000 ---p 00179000 b3:06 1446455                    /usr/lib/x86_64-linux-gnu/libstdc++.so.6.0.25
7f24424bb000-7f24424c5000 r--p 00179000 b3:06 1446455                    /usr/lib/x86_64-linux-gnu/libstdc++.so.6.0.25
7f24424c5000-7f24424c7000 rw-p 00183000 b3:06 1446455                    /usr/lib/x86_64-linux-gnu/libstdc++.so.6.0.25
7f24424c7000-7f24424cb000 rw-p 00000000 00:00 0 
7f24424cb000-7f2443597000 r-xp 00000000 b3:06 1441824                    /usr/lib/jvm/java-11-openjdk-amd64/lib/server/libjvm.so
7f2443597000-7f2443796000 ---p 010cc000 b3:06 1441824                    /usr/lib/jvm/java-11-openjdk-amd64/lib/server/libjvm.so
7f2443796000-7f2443853000 r--p 010cb000 b3:06 1441824                    /usr/lib/jvm/java-11-openjdk-amd64/lib/server/libjvm.so
7f2443853000-7f244388c000 rw-p 01188000 b3:06 1441824                    /usr/lib/jvm/java-11-openjdk-amd64/lib/server/libjvm.so
7f244388c000-7f24438e2000 rw-p 00000000 00:00 0 
7f24438e2000-7f24438fc000 r-xp 00000000 b3:06 1050694                    /lib/x86_64-linux-gnu/libpthread-2.27.so
7f24438fc000-7f2443afb000 ---p 0001a000 b3:06 1050694                    /lib/x86_64-linux-gnu/libpthread-2.27.so
7f2443afb000-7f2443afc000 r--p 00019000 b3:06 1050694                    /lib/x86_64-linux-gnu/libpthread-2.27.so
7f2443afc000-7f2443afd000 rw-p 0001a000 b3:06 1050694                    /lib/x86_64-linux-gnu/libpthread-2.27.so
7f2443afd000-7f2443b01000 rw-p 00000000 00:00 0 
7f2443b01000-7f2443b04000 r-xp 00000000 b3:06 1050584                    /lib/x86_64-linux-gnu/libdl-2.27.so
7f2443b04000-7f2443d03000 ---p 00003000 b3:06 1050584                    /lib/x86_64-linux-gnu/libdl-2.27.so
7f2443d03000-7f2443d04000 r--p 00002000 b3:06 1050584                    /lib/x86_64-linux-gnu/libdl-2.27.so
7f2443d04000-7f2443d05000 rw-p 00003000 b3:06 1050584                    /lib/x86_64-linux-gnu/libdl-2.27.so
7f2443d05000-7f2443d21000 r-xp 00000000 b3:06 1050735                    /lib/x86_64-linux-gnu/libz.so.1.2.11
7f2443d21000-7f2443f20000 ---p 0001c000 b3:06 1050735                    /lib/x86_64-linux-gnu/libz.so.1.2.11
7f2443f20000-7f2443f21000 r--p 0001b000 b3:06 1050735                    /lib/x86_64-linux-gnu/libz.so.1.2.11
7f2443f21000-7f2443f22000 rw-p 0001c000 b3:06 1050735                    /lib/x86_64-linux-gnu/libz.so.1.2.11
7f2443f22000-7f2444109000 r-xp 00000000 b3:06 1050561                    /lib/x86_64-linux-gnu/libc-2.27.so
7f2444109000-7f2444309000 ---p 001e7000 b3:06 1050561                    /lib/x86_64-linux-gnu/libc-2.27.so
7f2444309000-7f244430d000 r--p 001e7000 b3:06 1050561                    /lib/x86_64-linux-gnu/libc-2.27.so
7f244430d000-7f244430f000 rw-p 001eb000 b3:06 1050561                    /lib/x86_64-linux-gnu/libc-2.27.so
7f244430f000-7f2444313000 rw-p 00000000 00:00 0 
7f2444313000-7f2444323000 r-xp 00000000 b3:06 1441749                    /usr/lib/jvm/java-11-openjdk-amd64/lib/jli/libjli.so
7f2444323000-7f2444522000 ---p 00010000 b3:06 1441749                    /usr/lib/jvm/java-11-openjdk-amd64/lib/jli/libjli.so
7f2444522000-7f2444523000 r--p 0000f000 b3:06 1441749                    /usr/lib/jvm/java-11-openjdk-amd64/lib/jli/libjli.so
7f2444523000-7f2444524000 rw-p 00010000 b3:06 1441749                    /usr/lib/jvm/java-11-openjdk-amd64/lib/jli/libjli.so
7f2444524000-7f244454b000 r-xp 00000000 b3:06 1050533                    /lib/x86_64-linux-gnu/ld-2.27.so
7f244455a000-7f244462f000 rw-p 00000000 00:00 0 
7f244462f000-7f2444633000 ---p 00000000 00:00 0 
7f2444633000-7f2444732000 rw-p 00000000 00:00 0 
7f2444733000-7f2444738000 rw-p 00000000 00:00 0 
7f2444738000-7f244473f000 ---p 00000000 00:00 0 
7f244473f000-7f2444747000 rw-s 00000000 b3:06 415581                     /tmp/hsperfdata_lizandra/6427
7f2444747000-7f2444748000 ---p 00000000 00:00 0 
7f2444748000-7f2444749000 r--p 00000000 00:00 0 
7f2444749000-7f244474b000 rw-p 00000000 00:00 0 
7f244474b000-7f244474c000 r--p 00027000 b3:06 1050533                    /lib/x86_64-linux-gnu/ld-2.27.so
7f244474c000-7f244474d000 rw-p 00028000 b3:06 1050533                    /lib/x86_64-linux-gnu/ld-2.27.so
7f244474d000-7f244474e000 rw-p 00000000 00:00 0 
7ffc76160000-7ffc76181000 rw-p 00000000 00:00 0                          [stack]
7ffc761cd000-7ffc761d0000 r--p 00000000 00:00 0                          [vvar]
7ffc761d0000-7ffc761d2000 r-xp 00000000 00:00 0                          [vdso]
ffffffffff600000-ffffffffff601000 r-xp 00000000 00:00 0                  [vsyscall]


VM Arguments:
jvm_args: -Dclassworlds.conf=/home/lizandra/Software/netbeans/java/maven/bin/m2.conf -Dmaven.home=/home/lizandra/Software/netbeans/java/maven -Dmaven.multiModuleProjectDirectory=/home/lizandra/NetBeansProjects/sistema-nutri 
java_command: org.codehaus.plexus.classworlds.launcher.Launcher -Dmaven.ext.class.path=/home/lizandra/Software/netbeans/java/maven-nblib/netbeans-eventspy.jar clean install
java_class_path (initial): /home/lizandra/Software/netbeans/java/maven/boot/plexus-classworlds-2.5.2.jar
Launcher Type: SUN_STANDARD

[Global flags]
     intx CICompilerCount                          = 2                                         {product} {ergonomic}
     uint ConcGCThreads                            = 1                                         {product} {ergonomic}
     uint G1ConcRefinementThreads                  = 2                                         {product} {ergonomic}
   size_t G1HeapRegionSize                         = 1048576                                   {product} {ergonomic}
    uintx GCDrainStackTargetSize                   = 64                                        {product} {ergonomic}
   size_t InitialHeapSize                          = 31457280                                  {product} {ergonomic}
   size_t MarkStackSize                            = 4194304                                   {product} {ergonomic}
   size_t MaxHeapSize                              = 486539264                                 {product} {ergonomic}
   size_t MaxNewSize                               = 291504128                                 {product} {ergonomic}
   size_t MinHeapDeltaBytes                        = 1048576                                   {product} {ergonomic}
    uintx NonNMethodCodeHeapSize                   = 5824844                                {pd product} {ergonomic}
    uintx NonProfiledCodeHeapSize                  = 122916698                              {pd product} {ergonomic}
    uintx ProfiledCodeHeapSize                     = 122916698                              {pd product} {ergonomic}
    uintx ReservedCodeCacheSize                    = 251658240                              {pd product} {ergonomic}
     bool SegmentedCodeCache                       = true                                      {product} {ergonomic}
     bool UseCompressedClassPointers               = true                                 {lp64_product} {ergonomic}
     bool UseCompressedOops                        = true                                 {lp64_product} {ergonomic}
     bool UseG1GC                                  = true                                      {product} {ergonomic}

Logging:
Log output configuration:
 #0: stdout all=warning uptime,level,tags
 #1: stderr all=off uptime,level,tags

Environment Variables:
JAVA_HOME=/usr/lib/jvm/java-11-openjdk-amd64
PATH=/usr/local/sbin:/usr/local/bin:/usr/sbin:/usr/bin:/sbin:/bin:/usr/games:/usr/local/games
SHELL=/bin/bash
DISPLAY=:0

Signal Handlers:
SIGSEGV: [libjvm.so+0xde5f50], sa_mask[0]=11111111011111111101111111111110, sa_flags=SA_RESTART|SA_SIGINFO
SIGBUS: [libjvm.so+0xde5f50], sa_mask[0]=11111111011111111101111111111110, sa_flags=SA_RESTART|SA_SIGINFO
SIGFPE: [libjvm.so+0xde5f50], sa_mask[0]=11111111011111111101111111111110, sa_flags=SA_RESTART|SA_SIGINFO
SIGPIPE: [libjvm.so+0xbba5b0], sa_mask[0]=11111111011111111101111111111110, sa_flags=SA_RESTART|SA_SIGINFO
SIGXFSZ: [libjvm.so+0xbba5b0], sa_mask[0]=11111111011111111101111111111110, sa_flags=SA_RESTART|SA_SIGINFO
SIGILL: [libjvm.so+0xde5f50], sa_mask[0]=11111111011111111101111111111110, sa_flags=SA_RESTART|SA_SIGINFO
SIGUSR2: [libjvm.so+0xbba450], sa_mask[0]=00100000000000000000000000000000, sa_flags=SA_RESTART|SA_SIGINFO
SIGHUP: [libjvm.so+0xbba7b0], sa_mask[0]=11111111011111111101111111111110, sa_flags=SA_RESTART|SA_SIGINFO
SIGINT: SIG_IGN, sa_mask[0]=00000000000000000000000000000000, sa_flags=none
SIGTERM: [libjvm.so+0xbba7b0], sa_mask[0]=11111111011111111101111111111110, sa_flags=SA_RESTART|SA_SIGINFO
SIGQUIT: [libjvm.so+0xbba7b0], sa_mask[0]=11111111011111111101111111111110, sa_flags=SA_RESTART|SA_SIGINFO


---------------  S Y S T E M  ---------------

OS:DISTRIB_ID=LinuxMint
DISTRIB_RELEASE=19.2
DISTRIB_CODENAME=tina
DISTRIB_DESCRIPTION="Linux Mint 19.2 Tina"
uname:Linux 4.15.0-58-generic #64-Ubuntu SMP Tue Aug 6 11:12:41 UTC 2019 x86_64
libc:glibc 2.27 NPTL 2.27 
rlimit: STACK 8192k, CORE 0k, NPROC 6965, NOFILE 1048576, AS infinity, DATA infinity, FSIZE infinity
load average:16,47 6,63 3,52

/proc/meminfo:
MemTotal:        1897592 kB
MemFree:           55436 kB
MemAvailable:       9444 kB
Buffers:             464 kB
Cached:           143268 kB
SwapCached:         1220 kB
Active:          1252248 kB
Inactive:         426512 kB
Active(anon):    1239452 kB
Inactive(anon):   413224 kB
Active(file):      12796 kB
Inactive(file):    13288 kB
Unevictable:          48 kB
Mlocked:              48 kB
SwapTotal:       1301168 kB
SwapFree:              4 kB
Dirty:                72 kB
Writeback:           240 kB
AnonPages:       1534140 kB
Mapped:            92328 kB
Shmem:            117432 kB
Slab:              70420 kB
SReclaimable:      31188 kB
SUnreclaim:        39232 kB
KernelStack:       11376 kB
PageTables:        45332 kB
NFS_Unstable:          0 kB
Bounce:                0 kB
WritebackTmp:          0 kB
CommitLimit:     2249964 kB
Committed_AS:    6180812 kB
VmallocTotal:   34359738367 kB
VmallocUsed:           0 kB
VmallocChunk:          0 kB
HardwareCorrupted:     0 kB
AnonHugePages:         0 kB
ShmemHugePages:        0 kB
ShmemPmdMapped:        0 kB
CmaTotal:              0 kB
CmaFree:               0 kB
HugePages_Total:       0
HugePages_Free:        0
HugePages_Rsvd:        0
HugePages_Surp:        0
Hugepagesize:       2048 kB
DirectMap4k:      145152 kB
DirectMap2M:     1806336 kB


/proc/sys/kernel/threads-max (system-wide limit on the number of threads):
13930


/proc/sys/vm/max_map_count (maximum number of memory map areas a process may have):
65530


/proc/sys/kernel/pid_max (system-wide limit on number of process identifiers):
32768



container (cgroup) information:
container_type: cgroupv1
cpu_cpuset_cpus: 0-1
cpu_memory_nodes: 0
active_processor_count: 2
cpu_quota: -1
cpu_period: 100000
cpu_shares: -1
memory_limit_in_bytes: -1
memory_and_swap_limit_in_bytes: -2
memory_soft_limit_in_bytes: -1
memory_usage_in_bytes: 1713913856
memory_max_usage_in_bytes: 0

Steal ticks since vm start: 0
Steal ticks percentage since vm start:  0,000

CPU:total 2 (initial active 2) (2 cores per cpu, 1 threads per core) family 6 model 76 stepping 3, cmov, cx8, fxsr, mmx, sse, sse2, sse3, ssse3, sse4.1, sse4.2, popcnt, aes, clmul, erms, 3dnowpref, tsc, tscinvbit
CPU Model and flags from /proc/cpuinfo:
model name	: Intel(R) Celeron(R) CPU  N3050  @ 1.60GHz
flags		: fpu vme de pse tsc msr pae mce cx8 apic sep mtrr pge mca cmov pat pse36 clflush dts acpi mmx fxsr sse sse2 ss ht tm pbe syscall nx rdtscp lm constant_tsc arch_perfmon pebs bts rep_good nopl xtopology tsc_reliable nonstop_tsc cpuid aperfmperf tsc_known_freq pni pclmulqdq dtes64 monitor ds_cpl vmx est tm2 ssse3 cx16 xtpr pdcm sse4_1 sse4_2 movbe popcnt tsc_deadline_timer aes rdrand lahf_lm 3dnowprefetch epb pti ibrs ibpb stibp tpr_shadow vnmi flexpriority ept vpid tsc_adjust smep erms dtherm ida arat md_clear

Memory: 4k page, physical 1897592k(60424k free), swap 1301168k(4k free)

vm_info: OpenJDK 64-Bit Server VM (11.0.4+11-post-Ubuntu-1ubuntu218.04.3) for linux-amd64 JRE (11.0.4+11-post-Ubuntu-1ubuntu218.04.3), built on Jul 18 2019 18:21:46 by "buildd" with gcc 7.4.0

END.
