#
# There is insufficient memory for the Java Runtime Environment to continue.
# Native memory allocation (mmap) failed to map 31457280 bytes for committing reserved memory.
# Possible reasons:
#   The system is out of physical RAM or swap space
#   The process is running with CompressedOops enabled, and the Java Heap may be blocking the growth of the native heap
# Possible solutions:
#   Reduce memory load on the system
#   Increase physical memory or swap space
#   Check if swap backing store is full
#   Decrease Java heap size (-Xmx/-Xms)
#   Decrease number of Java threads
#   Decrease Java thread stack sizes (-Xss)
#   Set larger code cache with -XX:ReservedCodeCacheSize=
#   JVM is running with Unscaled Compressed Oops mode in which the Java heap is
#     placed in the first 4GB address space. The Java Heap base address is the
#     maximum limit for the native heap growth. Please use -XX:HeapBaseMinAddress
#     to set the Java Heap base and to place the Java Heap above 4GB virtual address.
# This output file may be truncated or incomplete.
#
#  Out of Memory Error (os_linux.cpp:2893), pid=6326, tid=6343
#
# JRE version: OpenJDK Runtime Environment (11.0.4+11) (build 11.0.4+11-post-Ubuntu-1ubuntu218.04.3)
# Java VM: OpenJDK 64-Bit Server VM (11.0.4+11-post-Ubuntu-1ubuntu218.04.3, mixed mode, sharing, tiered, compressed oops, g1 gc, linux-amd64)
# Core dump will be written. Default location: Core dumps may be processed with "/lib/systemd/systemd-coredump %P %u %g %s %t 9223372036854775808 %e" (or dumping to /home/lizandra/NetBeansProjects/sistema-nutri/core.6326)
#

---------------  S U M M A R Y ------------

Command Line: -Dclassworlds.conf=/home/lizandra/Software/netbeans/java/maven/bin/m2.conf -Dmaven.home=/home/lizandra/Software/netbeans/java/maven -Dmaven.multiModuleProjectDirectory=/home/lizandra/NetBeansProjects/sistema-nutri org.codehaus.plexus.classworlds.launcher.Launcher -Dmaven.ext.class.path=/home/lizandra/Software/netbeans/java/maven-nblib/netbeans-eventspy.jar clean install

Host: Intel(R) Celeron(R) CPU  N3050  @ 1.60GHz, 2 cores, 1G, Linux Mint 19.2 Tina
Time: Tue Dec  3 14:59:11 2019 -03 elapsed time: 41 seconds (0d 0h 0m 41s)

---------------  T H R E A D  ---------------

Current thread (0x00007f5e80085000):  VMThread "VM Thread" [stack: 0x00007f5e843fc000,0x00007f5e844fc000] [id=6343]

Stack: [0x00007f5e843fc000,0x00007f5e844fc000],  sp=0x00007f5e844f9ff0,  free space=1015k
Native frames: (J=compiled Java code, A=aot compiled Java code, j=interpreted, Vv=VM code, C=native code)
V  [libjvm.so+0xde4547]
V  [libjvm.so+0xde519b]
V  [libjvm.so+0x6511a5]
V  [libjvm.so+0xbbed38]
V  [libjvm.so+0xbb5ebd]
V  [libjvm.so+0x76f53f]
V  [libjvm.so+0x76f7ae]
V  [libjvm.so+0x77b820]
V  [libjvm.so+0x7f6969]
V  [libjvm.so+0x7f75c2]
V  [libjvm.so+0x7f7a29]
V  [libjvm.so+0x72de6f]
V  [libjvm.so+0x732b6a]
V  [libjvm.so+0xdf01e1]
V  [libjvm.so+0xdeeda8]
V  [libjvm.so+0xdec5e6]
V  [libjvm.so+0xdecaf0]
V  [libjvm.so+0xdecf23]
V  [libjvm.so+0xd7aeea]
V  [libjvm.so+0xbc4a5e]

VM_Operation (0x00007f5e8a7c7380): G1CollectForAllocation, mode: safepoint, requested by thread 0x00007f5e80012000


---------------  P R O C E S S  ---------------

Threads class SMR info:
_java_thread_list=0x00007f5e800d6880, length=9, elements={
0x00007f5e80012000, 0x00007f5e80088000, 0x00007f5e8008a000, 0x00007f5e8008f800,
0x00007f5e80091800, 0x00007f5e80093800, 0x00007f5e80095800, 0x00007f5e800cc800,
0x00007f5e800d5000
}

Java Threads: ( => current thread )
  0x00007f5e80012000 JavaThread "main" [_thread_blocked, id=6337, stack(0x00007f5e8a6ce000,0x00007f5e8a7cf000)]
  0x00007f5e80088000 JavaThread "Reference Handler" daemon [_thread_blocked, id=6344, stack(0x00007f5e842f9000,0x00007f5e843fa000)]
  0x00007f5e8008a000 JavaThread "Finalizer" daemon [_thread_blocked, id=6345, stack(0x00007f5e841f8000,0x00007f5e842f9000)]
  0x00007f5e8008f800 JavaThread "Signal Dispatcher" daemon [_thread_blocked, id=6346, stack(0x00007f5e840f7000,0x00007f5e841f8000)]
  0x00007f5e80091800 JavaThread "C2 CompilerThread0" daemon [_thread_blocked, id=6347, stack(0x00007f5e68576000,0x00007f5e68677000)]
  0x00007f5e80093800 JavaThread "C1 CompilerThread0" daemon [_thread_blocked, id=6349, stack(0x00007f5e68475000,0x00007f5e68576000)]
  0x00007f5e80095800 JavaThread "Sweeper thread" daemon [_thread_blocked, id=6350, stack(0x00007f5e68374000,0x00007f5e68475000)]
  0x00007f5e800cc800 JavaThread "Service Thread" daemon [_thread_blocked, id=6352, stack(0x00007f5e68273000,0x00007f5e68374000)]
  0x00007f5e800d5000 JavaThread "Common-Cleaner" daemon [_thread_blocked, id=6354, stack(0x00007f5e68070000,0x00007f5e68171000)]

Other Threads:
=>0x00007f5e80085000 VMThread "VM Thread" [stack: 0x00007f5e843fc000,0x00007f5e844fc000] [id=6343]
  0x00007f5e800ce800 WatcherThread [stack: 0x00007f5e68173000,0x00007f5e68273000] [id=6353]
  0x00007f5e80028000 GCTaskThread "GC Thread#0" [stack: 0x00007f5e866c3000,0x00007f5e867c3000] [id=6338]
  0x00007f5e50001000 GCTaskThread "GC Thread#1" [stack: 0x00007f5e59ad8000,0x00007f5e59bd8000] [id=6357]
  0x00007f5e80037800 ConcurrentGCThread "G1 Main Marker" [stack: 0x00007f5e85287000,0x00007f5e85387000] [id=6339]
  0x00007f5e80039000 ConcurrentGCThread "G1 Conc#0" [stack: 0x00007f5e85185000,0x00007f5e85285000] [id=6340]
  0x00007f5e8005a800 ConcurrentGCThread "G1 Refine#0" [stack: 0x00007f5e84e81000,0x00007f5e84f81000] [id=6341]
  0x00007f5e54001000 ConcurrentGCThread "G1 Refine#1" [stack: 0x00007f5e599d6000,0x00007f5e59ad6000] [id=6358]
  0x00007f5e8005c800 ConcurrentGCThread "G1 Young RemSet Sampling" [stack: 0x00007f5e84d7f000,0x00007f5e84e7f000] [id=6342]

Threads with active compile tasks:

VM state:at safepoint (normal execution)

VM Mutex/Monitor currently owned by a thread:  ([mutex/lock_event])
[0x00007f5e8000e440] Threads_lock - owner thread: 0x00007f5e80085000
[0x00007f5e8000eb90] Heap_lock - owner thread: 0x00007f5e80012000

Heap address: 0x00000000e3000000, size: 464 MB, Compressed Oops mode: 32-bit
Narrow klass base: 0x0000000800000000, Narrow klass shift: 3
Compressed class space size: 1073741824 Address: 0x0000000840000000

Heap:
 garbage-first heap   total 63488K, used 3286K [0x00000000e3000000, 0x0000000100000000)
  region size 1024K, 1 young (1024K), 1 survivors (1024K)
 Metaspace       used 3882K, capacity 7093K, committed 7296K, reserved 1056768K
  class space    used 459K, capacity 792K, committed 896K, reserved 1048576K
Heap Regions: E=young(eden), S=young(survivor), O=old, HS=humongous(starts), HC=humongous(continues), CS=collection set, F=free, A=archive, TAMS=top-at-mark-start (previous, next)
|   0|0x00000000e3000000, 0x00000000e3100000, 0x00000000e3100000|100%| O|  |TAMS 0x00000000e3000000, 0x00000000e3000000| Untracked 
|   1|0x00000000e3100000, 0x00000000e3200000, 0x00000000e3200000|100%| O|  |TAMS 0x00000000e3100000, 0x00000000e3100000| Untracked 
|   2|0x00000000e3200000, 0x00000000e3239c00, 0x00000000e3300000| 22%| O|  |TAMS 0x00000000e3200000, 0x00000000e3200000| Untracked 
|   3|0x00000000e3300000, 0x00000000e3300000, 0x00000000e3400000|  0%| F|  |TAMS 0x00000000e3300000, 0x00000000e3300000| Untracked 
|   4|0x00000000e3400000, 0x00000000e3400000, 0x00000000e3500000|  0%| F|  |TAMS 0x00000000e3400000, 0x00000000e3400000| Untracked 
|   5|0x00000000e3500000, 0x00000000e3500000, 0x00000000e3600000|  0%| F|  |TAMS 0x00000000e3500000, 0x00000000e3500000| Untracked 
|   6|0x00000000e3600000, 0x00000000e3600000, 0x00000000e3700000|  0%| F|  |TAMS 0x00000000e3600000, 0x00000000e3600000| Untracked 
|   7|0x00000000e3700000, 0x00000000e3700000, 0x00000000e3800000|  0%| F|  |TAMS 0x00000000e3700000, 0x00000000e3700000| Untracked 
|   8|0x00000000e3800000, 0x00000000e3800000, 0x00000000e3900000|  0%| F|  |TAMS 0x00000000e3800000, 0x00000000e3800000| Untracked 
|   9|0x00000000e3900000, 0x00000000e3900000, 0x00000000e3a00000|  0%| F|  |TAMS 0x00000000e3900000, 0x00000000e3900000| Untracked 
|  10|0x00000000e3a00000, 0x00000000e3a00000, 0x00000000e3b00000|  0%| F|  |TAMS 0x00000000e3a00000, 0x00000000e3a00000| Untracked 
|  11|0x00000000e3b00000, 0x00000000e3b00000, 0x00000000e3c00000|  0%| F|  |TAMS 0x00000000e3b00000, 0x00000000e3b00000| Untracked 
|  12|0x00000000e3c00000, 0x00000000e3c00000, 0x00000000e3d00000|  0%| F|  |TAMS 0x00000000e3c00000, 0x00000000e3c00000| Untracked 
|  13|0x00000000e3d00000, 0x00000000e3d00000, 0x00000000e3e00000|  0%| F|  |TAMS 0x00000000e3d00000, 0x00000000e3d00000| Untracked 
|  14|0x00000000e3e00000, 0x00000000e3e00000, 0x00000000e3f00000|  0%| F|  |TAMS 0x00000000e3e00000, 0x00000000e3e00000| Untracked 
|  15|0x00000000e3f00000, 0x00000000e3f00000, 0x00000000e4000000|  0%| F|  |TAMS 0x00000000e3f00000, 0x00000000e3f00000| Untracked 
|  16|0x00000000e4000000, 0x00000000e4000000, 0x00000000e4100000|  0%| F|  |TAMS 0x00000000e4000000, 0x00000000e4000000| Untracked 
|  17|0x00000000e4100000, 0x00000000e4100000, 0x00000000e4200000|  0%| F|  |TAMS 0x00000000e4100000, 0x00000000e4100000| Untracked 
|  18|0x00000000e4200000, 0x00000000e4200000, 0x00000000e4300000|  0%| F|  |TAMS 0x00000000e4200000, 0x00000000e4200000| Untracked 
|  19|0x00000000e4300000, 0x00000000e4300000, 0x00000000e4400000|  0%| F|  |TAMS 0x00000000e4300000, 0x00000000e4300000| Untracked 
|  20|0x00000000e4400000, 0x00000000e4400000, 0x00000000e4500000|  0%| F|  |TAMS 0x00000000e4400000, 0x00000000e4400000| Untracked 
|  21|0x00000000e4500000, 0x00000000e4500000, 0x00000000e4600000|  0%| F|  |TAMS 0x00000000e4500000, 0x00000000e4500000| Untracked 
|  22|0x00000000e4600000, 0x00000000e4600000, 0x00000000e4700000|  0%| F|  |TAMS 0x00000000e4600000, 0x00000000e4600000| Untracked 
|  23|0x00000000e4700000, 0x00000000e4700000, 0x00000000e4800000|  0%| F|  |TAMS 0x00000000e4700000, 0x00000000e4700000| Untracked 
|  24|0x00000000e4800000, 0x00000000e4800000, 0x00000000e4900000|  0%| F|  |TAMS 0x00000000e4800000, 0x00000000e4800000| Untracked 
|  25|0x00000000e4900000, 0x00000000e4900000, 0x00000000e4a00000|  0%| F|  |TAMS 0x00000000e4900000, 0x00000000e4900000| Untracked 
|  26|0x00000000e4a00000, 0x00000000e4a00000, 0x00000000e4b00000|  0%| F|  |TAMS 0x00000000e4a00000, 0x00000000e4a00000| Untracked 
|  27|0x00000000e4b00000, 0x00000000e4b00000, 0x00000000e4c00000|  0%| F|  |TAMS 0x00000000e4b00000, 0x00000000e4b00000| Untracked 
|  28|0x00000000e4c00000, 0x00000000e4c5df20, 0x00000000e4d00000| 36%| S|CS|TAMS 0x00000000e4c00000, 0x00000000e4c00000| Complete 
|  29|0x00000000e4d00000, 0x00000000e4d00000, 0x00000000e4e00000|  0%| F|  |TAMS 0x00000000e4d00000, 0x00000000e4d00000| Untracked 
| 462|0x00000000ffe00000, 0x00000000ffe34000, 0x00000000fff00000| 20%|OA|  |TAMS 0x00000000ffe00000, 0x00000000ffe00000| Untracked 
| 463|0x00000000fff00000, 0x00000000fff6a000, 0x0000000100000000| 41%|CA|  |TAMS 0x00000000fff00000, 0x00000000fff00000| Untracked 

Card table byte_map: [0x00007f5e862ef000,0x00007f5e863d7000] _byte_map_base: 0x00007f5e85bd7000

Marking Bits (Prev, Next): (CMBitMap*) 0x00007f5e80034a88, (CMBitMap*) 0x00007f5e80034ac0
 Prev Bits: [0x00007f5e85ac7000, 0x00007f5e86207000)
 Next Bits: [0x00007f5e85387000, 0x00007f5e85ac7000)

Polling page: 0x00007f5e8a7e6000

Metaspace:

Usage:
  Non-class:      6,15 MB capacity,     3,34 MB ( 54%) used,     2,80 MB ( 46%) free+waste,     6,62 KB ( <1%) overhead. 
      Class:    792,00 KB capacity,   459,83 KB ( 58%) used,   328,48 KB ( 41%) free+waste,     3,69 KB ( <1%) overhead. 
       Both:      6,93 MB capacity,     3,79 MB ( 55%) used,     3,13 MB ( 45%) free+waste,    10,31 KB ( <1%) overhead. 

Virtual space:
  Non-class space:        8,00 MB reserved,       6,25 MB ( 78%) committed 
      Class space:        1,00 GB reserved,     896,00 KB ( <1%) committed 
             Both:        1,01 GB reserved,       7,12 MB ( <1%) committed 

Chunk freelists:
   Non-Class:  47,00 KB
       Class:  8,00 KB
        Both:  55,00 KB

CodeHeap 'non-profiled nmethods': size=120036Kb used=237Kb max_used=237Kb free=119798Kb
 bounds [0x00007f5e7041d000, 0x00007f5e7068d000, 0x00007f5e77956000]
CodeHeap 'profiled nmethods': size=120032Kb used=1486Kb max_used=1486Kb free=118545Kb
 bounds [0x00007f5e68ee5000, 0x00007f5e69155000, 0x00007f5e7041d000]
CodeHeap 'non-nmethods': size=5692Kb used=1062Kb max_used=1079Kb free=4630Kb
 bounds [0x00007f5e68956000, 0x00007f5e68bc6000, 0x00007f5e68ee5000]
 total_blobs=1304 nmethods=775 adapters=281
 compilation: enabled
              stopped_count=0, restarted_count=0
 full_count=0

Compilation events (10 events):
Event: 28,391 Thread 0x00007f5e80093800 nmethod 795 0x00007f5e69053e10 code [0x00007f5e69054020, 0x00007f5e69054738]
Event: 28,391 Thread 0x00007f5e80093800  794       3       java.net.URLClassLoader::getAndVerifyPackage (109 bytes)
Event: 28,410 Thread 0x00007f5e80093800 nmethod 794 0x00007f5e69054990 code [0x00007f5e69054d80, 0x00007f5e69056888]
Event: 30,323 Thread 0x00007f5e80091800 nmethod 784 0x00007f5e70456510 code [0x00007f5e70456740, 0x00007f5e70457a00]
Event: 31,682 Thread 0x00007f5e80093800  796       3       java.util.zip.InflaterInputStream::<init> (79 bytes)
Event: 31,685 Thread 0x00007f5e80093800 nmethod 796 0x00007f5e69057190 code [0x00007f5e690573a0, 0x00007f5e69057c78]
Event: 31,689 Thread 0x00007f5e80093800  797       3       java.util.ArrayDeque::add (7 bytes)
Event: 31,689 Thread 0x00007f5e80093800 nmethod 797 0x00007f5e69057e90 code [0x00007f5e69058040, 0x00007f5e69058208]
Event: 31,712 Thread 0x00007f5e80093800  798   !   3       java.util.zip.Inflater::setInput (69 bytes)
Event: 31,713 Thread 0x00007f5e80093800 nmethod 798 0x00007f5e69058290 code [0x00007f5e69058460, 0x00007f5e690589e8]

GC Heap History (10 events):
Event: 15,673 GC heap after
{Heap after GC invocations=1 (full 0):
 garbage-first heap   total 32768K, used 2846K [0x00000000e3000000, 0x0000000100000000)
  region size 1024K, 1 young (1024K), 1 survivors (1024K)
 Metaspace       used 2101K, capacity 5660K, committed 6016K, reserved 1056768K
  class space    used 206K, capacity 546K, committed 640K, reserved 1048576K
}
Event: 18,206 GC heap before
{Heap before GC invocations=1 (full 0):
 garbage-first heap   total 32768K, used 3870K [0x00000000e3000000, 0x0000000100000000)
  region size 1024K, 2 young (2048K), 1 survivors (1024K)
 Metaspace       used 2328K, capacity 5826K, committed 6016K, reserved 1056768K
  class space    used 239K, capacity 580K, committed 640K, reserved 1048576K
}
Event: 18,516 GC heap after
{Heap after GC invocations=2 (full 0):
 garbage-first heap   total 32768K, used 3029K [0x00000000e3000000, 0x0000000100000000)
  region size 1024K, 1 young (1024K), 1 survivors (1024K)
 Metaspace       used 2328K, capacity 5826K, committed 6016K, reserved 1056768K
  class space    used 239K, capacity 580K, committed 640K, reserved 1048576K
}
Event: 23,841 GC heap before
{Heap before GC invocations=2 (full 0):
 garbage-first heap   total 32768K, used 4053K [0x00000000e3000000, 0x0000000100000000)
  region size 1024K, 3 young (3072K), 1 survivors (1024K)
 Metaspace       used 2894K, capacity 6197K, committed 6400K, reserved 1056768K
  class space    used 322K, capacity 664K, committed 768K, reserved 1048576K
}
Event: 24,974 GC heap after
{Heap after GC invocations=3 (full 0):
 garbage-first heap   total 32768K, used 3227K [0x00000000e3000000, 0x0000000100000000)
  region size 1024K, 1 young (1024K), 1 survivors (1024K)
 Metaspace       used 2894K, capacity 6197K, committed 6400K, reserved 1056768K
  class space    used 322K, capacity 664K, committed 768K, reserved 1048576K
}
Event: 26,425 GC heap before
{Heap before GC invocations=3 (full 0):
 garbage-first heap   total 32768K, used 4251K [0x00000000e3000000, 0x0000000100000000)
  region size 1024K, 2 young (2048K), 1 survivors (1024K)
 Metaspace       used 3147K, capacity 6421K, committed 6656K, reserved 1056768K
  class space    used 352K, capacity 696K, committed 768K, reserved 1048576K
}
Event: 26,508 GC heap after
{Heap after GC invocations=4 (full 0):
 garbage-first heap   total 32768K, used 3178K [0x00000000e3000000, 0x0000000100000000)
  region size 1024K, 1 young (1024K), 1 survivors (1024K)
 Metaspace       used 3147K, capacity 6421K, committed 6656K, reserved 1056768K
  class space    used 352K, capacity 696K, committed 768K, reserved 1048576K
}
Event: 28,495 GC heap before
{Heap before GC invocations=4 (full 0):
 garbage-first heap   total 32768K, used 5226K [0x00000000e3000000, 0x0000000100000000)
  region size 1024K, 3 young (3072K), 1 survivors (1024K)
 Metaspace       used 3644K, capacity 6869K, committed 7168K, reserved 1056768K
  class space    used 421K, capacity 760K, committed 768K, reserved 1048576K
}
Event: 29,356 GC heap after
{Heap after GC invocations=5 (full 0):
 garbage-first heap   total 32768K, used 3248K [0x00000000e3000000, 0x0000000100000000)
  region size 1024K, 1 young (1024K), 1 survivors (1024K)
 Metaspace       used 3644K, capacity 6869K, committed 7168K, reserved 1056768K
  class space    used 421K, capacity 760K, committed 768K, reserved 1048576K
}
Event: 37,362 GC heap before
{Heap before GC invocations=5 (full 0):
 garbage-first heap   total 32768K, used 4272K [0x00000000e3000000, 0x0000000100000000)
  region size 1024K, 2 young (2048K), 1 survivors (1024K)
 Metaspace       used 3882K, capacity 7093K, committed 7296K, reserved 1056768K
  class space    used 459K, capacity 792K, committed 896K, reserved 1048576K
}

Deoptimization events (10 events):
Event: 5,724 Thread 0x00007f5e80012000 DEOPT PACKING pc=0x00007f5e68f1d3a4 sp=0x00007f5e8a7cad80
Event: 5,728 Thread 0x00007f5e80012000 DEOPT UNPACKING pc=0x00007f5e6897dc2b sp=0x00007f5e8a7ca1f8 mode 0
Event: 6,794 Thread 0x00007f5e80012000 DEOPT PACKING pc=0x00007f5e68f29ac2 sp=0x00007f5e8a7c7e80
Event: 6,794 Thread 0x00007f5e80012000 DEOPT UNPACKING pc=0x00007f5e6897dc2b sp=0x00007f5e8a7c7308 mode 0
Event: 7,266 Thread 0x00007f5e80012000 DEOPT PACKING pc=0x00007f5e68f19aef sp=0x00007f5e8a7c88a0
Event: 7,266 Thread 0x00007f5e80012000 DEOPT UNPACKING pc=0x00007f5e6897dc2b sp=0x00007f5e8a7c7d48 mode 0
Event: 10,252 Thread 0x00007f5e80012000 Uncommon trap: trap_request=0xffffff4d fr.pc=0x00007f5e7042311c relative=0x000000000000007c
Event: 10,252 Thread 0x00007f5e80012000 Uncommon trap: reason=unstable_if action=reinterpret pc=0x00007f5e7042311c method=java.lang.String.isLatin1()Z @ 10 c2
Event: 10,252 Thread 0x00007f5e80012000 DEOPT PACKING pc=0x00007f5e7042311c sp=0x00007f5e8a7cca90
Event: 10,252 Thread 0x00007f5e80012000 DEOPT UNPACKING pc=0x00007f5e6897de1f sp=0x00007f5e8a7cc9f0 mode 2

Classes redefined (0 events):
No events

Internal exceptions (3 events):
Event: 6,658 Thread 0x00007f5e80012000 Exception <a 'java/security/PrivilegedActionException'{0x00000000e4b98e18}> (0x00000000e4b98e18) thrown at [/build/openjdk-lts-7bqZff/openjdk-lts-11.0.4+11/src/hotspot/share/prims/jvm.cpp, line 1300]
Event: 6,658 Thread 0x00007f5e80012000 Exception <a 'java/security/PrivilegedActionException'{0x00000000e4b99390}> (0x00000000e4b99390) thrown at [/build/openjdk-lts-7bqZff/openjdk-lts-11.0.4+11/src/hotspot/share/prims/jvm.cpp, line 1300]
Event: 12,223 Thread 0x00007f5e80012000 Exception <a 'java/lang/NoSuchMethodError'{0x00000000e480f0c8}: 'int java.lang.invoke.DirectMethodHandle$Holder.invokeSpecialIFC(java.lang.Object, java.lang.Object, int)'> (0x00000000e480f0c8) thrown at [/build/openjdk-lts-7bqZff/openjdk-lts-11.0.4+11/src

Events (10 events):
Event: 37,170 loading class com/google/inject/internal/Scoping done
Event: 37,315 loading class com/google/inject/internal/Scoping$1
Event: 37,315 loading class com/google/inject/internal/Scoping$1 done
Event: 37,329 loading class com/google/inject/internal/Scoping$2
Event: 37,329 loading class com/google/inject/internal/Scoping$2 done
Event: 37,340 loading class com/google/inject/internal/Scoping$3
Event: 37,340 loading class com/google/inject/internal/Scoping$3 done
Event: 37,350 loading class com/google/inject/internal/Scoping$4
Event: 37,350 loading class com/google/inject/internal/Scoping$4 done
Event: 37,353 Executing VM operation: G1CollectForAllocation


Dynamic libraries:
e3000000-e4e00000 rw-p 00000000 00:00 0 
e6c00000-ffe00000 ---p 00000000 00:00 0 
ffe00000-ffe34000 rw-p 01116000 b3:06 1437553                            /usr/lib/jvm/java-11-openjdk-amd64/lib/server/classes.jsa
ffe34000-fff00000 rw-p 00000000 00:00 0 
fff00000-fff6a000 rw-p 010ac000 b3:06 1437553                            /usr/lib/jvm/java-11-openjdk-amd64/lib/server/classes.jsa
fff6a000-100000000 rw-p 00000000 00:00 0 
800000000-800002000 rwxp 00001000 b3:06 1437553                          /usr/lib/jvm/java-11-openjdk-amd64/lib/server/classes.jsa
800002000-8003bd000 rw-p 00003000 b3:06 1437553                          /usr/lib/jvm/java-11-openjdk-amd64/lib/server/classes.jsa
8003bd000-800a98000 r--p 003be000 b3:06 1437553                          /usr/lib/jvm/java-11-openjdk-amd64/lib/server/classes.jsa
800a98000-800a99000 rw-p 00a99000 b3:06 1437553                          /usr/lib/jvm/java-11-openjdk-amd64/lib/server/classes.jsa
800a99000-8010ab000 r--p 00a9a000 b3:06 1437553                          /usr/lib/jvm/java-11-openjdk-amd64/lib/server/classes.jsa
840000000-8400e0000 rw-p 00000000 00:00 0 
8400e0000-880000000 ---p 00000000 00:00 0 
563d2e77e000-563d2e77f000 r-xp 00000000 b3:06 1441529                    /usr/lib/jvm/java-11-openjdk-amd64/bin/java
563d2e97f000-563d2e980000 r--p 00001000 b3:06 1441529                    /usr/lib/jvm/java-11-openjdk-amd64/bin/java
563d2e980000-563d2e981000 rw-p 00002000 b3:06 1441529                    /usr/lib/jvm/java-11-openjdk-amd64/bin/java
563d2f1cb000-563d2f1ec000 rw-p 00000000 00:00 0                          [heap]
7f5e2c000000-7f5e2c021000 rw-p 00000000 00:00 0 
7f5e2c021000-7f5e30000000 ---p 00000000 00:00 0 
7f5e30000000-7f5e30021000 rw-p 00000000 00:00 0 
7f5e30021000-7f5e34000000 ---p 00000000 00:00 0 
7f5e34000000-7f5e3419d000 rw-p 00000000 00:00 0 
7f5e3419d000-7f5e38000000 ---p 00000000 00:00 0 
7f5e38000000-7f5e38021000 rw-p 00000000 00:00 0 
7f5e38021000-7f5e3c000000 ---p 00000000 00:00 0 
7f5e3c000000-7f5e3c021000 rw-p 00000000 00:00 0 
7f5e3c021000-7f5e40000000 ---p 00000000 00:00 0 
7f5e40000000-7f5e404b3000 rw-p 00000000 00:00 0 
7f5e404b3000-7f5e44000000 ---p 00000000 00:00 0 
7f5e44000000-7f5e44021000 rw-p 00000000 00:00 0 
7f5e44021000-7f5e48000000 ---p 00000000 00:00 0 
7f5e48000000-7f5e48021000 rw-p 00000000 00:00 0 
7f5e48021000-7f5e4c000000 ---p 00000000 00:00 0 
7f5e4c000000-7f5e4c021000 rw-p 00000000 00:00 0 
7f5e4c021000-7f5e50000000 ---p 00000000 00:00 0 
7f5e50000000-7f5e50021000 rw-p 00000000 00:00 0 
7f5e50021000-7f5e54000000 ---p 00000000 00:00 0 
7f5e54000000-7f5e54021000 rw-p 00000000 00:00 0 
7f5e54021000-7f5e58000000 ---p 00000000 00:00 0 
7f5e599d4000-7f5e599d5000 ---p 00000000 00:00 0 
7f5e599d5000-7f5e59ad6000 rw-p 00000000 00:00 0 
7f5e59ad6000-7f5e59ad7000 ---p 00000000 00:00 0 
7f5e59ad7000-7f5e59bd8000 rw-p 00000000 00:00 0 
7f5e59bd8000-7f5e59bee000 r-xp 00000000 b3:06 1441803                    /usr/lib/jvm/java-11-openjdk-amd64/lib/libnet.so
7f5e59bee000-7f5e59ded000 ---p 00016000 b3:06 1441803                    /usr/lib/jvm/java-11-openjdk-amd64/lib/libnet.so
7f5e59ded000-7f5e59dee000 r--p 00015000 b3:06 1441803                    /usr/lib/jvm/java-11-openjdk-amd64/lib/libnet.so
7f5e59dee000-7f5e59def000 rw-p 00016000 b3:06 1441803                    /usr/lib/jvm/java-11-openjdk-amd64/lib/libnet.so
7f5e59def000-7f5e59dff000 r-xp 00000000 b3:06 1441805                    /usr/lib/jvm/java-11-openjdk-amd64/lib/libnio.so
7f5e59dff000-7f5e59ffe000 ---p 00010000 b3:06 1441805                    /usr/lib/jvm/java-11-openjdk-amd64/lib/libnio.so
7f5e59ffe000-7f5e59fff000 r--p 0000f000 b3:06 1441805                    /usr/lib/jvm/java-11-openjdk-amd64/lib/libnio.so
7f5e59fff000-7f5e5a000000 rw-p 00010000 b3:06 1441805                    /usr/lib/jvm/java-11-openjdk-amd64/lib/libnio.so
7f5e5a000000-7f5e5c000000 rw-p 00000000 00:00 0 
7f5e5c000000-7f5e5c021000 rw-p 00000000 00:00 0 
7f5e5c021000-7f5e60000000 ---p 00000000 00:00 0 
7f5e60000000-7f5e60021000 rw-p 00000000 00:00 0 
7f5e60021000-7f5e64000000 ---p 00000000 00:00 0 
7f5e64000000-7f5e64021000 rw-p 00000000 00:00 0 
7f5e64021000-7f5e68000000 ---p 00000000 00:00 0 
7f5e68070000-7f5e68074000 ---p 00000000 00:00 0 
7f5e68074000-7f5e68171000 rw-p 00000000 00:00 0 
7f5e68171000-7f5e68172000 ---p 00000000 00:00 0 
7f5e68172000-7f5e68273000 rw-p 00000000 00:00 0 
7f5e68273000-7f5e68277000 ---p 00000000 00:00 0 
7f5e68277000-7f5e68374000 rw-p 00000000 00:00 0 
7f5e68374000-7f5e68378000 ---p 00000000 00:00 0 
7f5e68378000-7f5e68475000 rw-p 00000000 00:00 0 
7f5e68475000-7f5e68479000 ---p 00000000 00:00 0 
7f5e68479000-7f5e68576000 rw-p 00000000 00:00 0 
7f5e68576000-7f5e6857a000 ---p 00000000 00:00 0 
7f5e6857a000-7f5e68677000 rw-p 00000000 00:00 0 
7f5e68677000-7f5e68956000 r--p 00000000 b3:06 1443645                    /usr/lib/locale/locale-archive
7f5e68956000-7f5e68bc6000 rwxp 00000000 00:00 0 
7f5e68bc6000-7f5e68ee5000 ---p 00000000 00:00 0 
7f5e68ee5000-7f5e69155000 rwxp 00000000 00:00 0 
7f5e69155000-7f5e7041d000 ---p 00000000 00:00 0 
7f5e7041d000-7f5e7068d000 rwxp 00000000 00:00 0 
7f5e7068d000-7f5e77956000 ---p 00000000 00:00 0 
7f5e77956000-7f5e80000000 r--s 00000000 b3:06 1441815                    /usr/lib/jvm/java-11-openjdk-amd64/lib/modules
7f5e80000000-7f5e80441000 rw-p 00000000 00:00 0 
7f5e80441000-7f5e84000000 ---p 00000000 00:00 0 
7f5e840c6000-7f5e840f7000 rw-p 00000000 00:00 0 
7f5e840f7000-7f5e840fb000 ---p 00000000 00:00 0 
7f5e840fb000-7f5e841f8000 rw-p 00000000 00:00 0 
7f5e841f8000-7f5e841fc000 ---p 00000000 00:00 0 
7f5e841fc000-7f5e842f9000 rw-p 00000000 00:00 0 
7f5e842f9000-7f5e842fd000 ---p 00000000 00:00 0 
7f5e842fd000-7f5e843fa000 rw-p 00000000 00:00 0 
7f5e843fa000-7f5e843fb000 ---p 00000000 00:00 0 
7f5e843fb000-7f5e84bbd000 rw-p 00000000 00:00 0 
7f5e84bbd000-7f5e84d7d000 ---p 00000000 00:00 0 
7f5e84d7d000-7f5e84d7e000 ---p 00000000 00:00 0 
7f5e84d7e000-7f5e84e7f000 rw-p 00000000 00:00 0 
7f5e84e7f000-7f5e84e80000 ---p 00000000 00:00 0 
7f5e84e80000-7f5e85183000 rw-p 00000000 00:00 0 
7f5e85183000-7f5e85184000 ---p 00000000 00:00 0 
7f5e85184000-7f5e85285000 rw-p 00000000 00:00 0 
7f5e85285000-7f5e85286000 ---p 00000000 00:00 0 
7f5e85286000-7f5e853ff000 rw-p 00000000 00:00 0 
7f5e853ff000-7f5e85abf000 ---p 00000000 00:00 0 
7f5e85abf000-7f5e85b3f000 rw-p 00000000 00:00 0 
7f5e85b3f000-7f5e861ff000 ---p 00000000 00:00 0 
7f5e861ff000-7f5e86216000 rw-p 00000000 00:00 0 
7f5e86216000-7f5e862ee000 ---p 00000000 00:00 0 
7f5e862ee000-7f5e862fe000 rw-p 00000000 00:00 0 
7f5e862fe000-7f5e863d6000 ---p 00000000 00:00 0 
7f5e863d6000-7f5e863e6000 rw-p 00000000 00:00 0 
7f5e863e6000-7f5e864be000 ---p 00000000 00:00 0 
7f5e864be000-7f5e866c1000 rw-p 00000000 00:00 0 
7f5e866c1000-7f5e866c2000 ---p 00000000 00:00 0 
7f5e866c2000-7f5e867c8000 rw-p 00000000 00:00 0 
7f5e867c8000-7f5e868ae000 ---p 00000000 00:00 0 
7f5e868ae000-7f5e868b3000 rw-p 00000000 00:00 0 
7f5e868b3000-7f5e86999000 ---p 00000000 00:00 0 
7f5e86999000-7f5e8699e000 r-xp 00000000 b3:06 1441785                    /usr/lib/jvm/java-11-openjdk-amd64/lib/libjimage.so
7f5e8699e000-7f5e86b9d000 ---p 00005000 b3:06 1441785                    /usr/lib/jvm/java-11-openjdk-amd64/lib/libjimage.so
7f5e86b9d000-7f5e86b9e000 r--p 00004000 b3:06 1441785                    /usr/lib/jvm/java-11-openjdk-amd64/lib/libjimage.so
7f5e86b9e000-7f5e86b9f000 rw-p 00005000 b3:06 1441785                    /usr/lib/jvm/java-11-openjdk-amd64/lib/libjimage.so
7f5e86b9f000-7f5e86ba6000 r-xp 00000000 b3:06 1441814                    /usr/lib/jvm/java-11-openjdk-amd64/lib/libzip.so
7f5e86ba6000-7f5e86da5000 ---p 00007000 b3:06 1441814                    /usr/lib/jvm/java-11-openjdk-amd64/lib/libzip.so
7f5e86da5000-7f5e86da6000 r--p 00006000 b3:06 1441814                    /usr/lib/jvm/java-11-openjdk-amd64/lib/libzip.so
7f5e86da6000-7f5e86da7000 rw-p 00007000 b3:06 1441814                    /usr/lib/jvm/java-11-openjdk-amd64/lib/libzip.so
7f5e86da7000-7f5e86db2000 r-xp 00000000 b3:06 1050651                    /lib/x86_64-linux-gnu/libnss_files-2.27.so
7f5e86db2000-7f5e86fb1000 ---p 0000b000 b3:06 1050651                    /lib/x86_64-linux-gnu/libnss_files-2.27.so
7f5e86fb1000-7f5e86fb2000 r--p 0000a000 b3:06 1050651                    /lib/x86_64-linux-gnu/libnss_files-2.27.so
7f5e86fb2000-7f5e86fb3000 rw-p 0000b000 b3:06 1050651                    /lib/x86_64-linux-gnu/libnss_files-2.27.so
7f5e86fb3000-7f5e86fb9000 rw-p 00000000 00:00 0 
7f5e86fb9000-7f5e86fd0000 r-xp 00000000 b3:06 1050645                    /lib/x86_64-linux-gnu/libnsl-2.27.so
7f5e86fd0000-7f5e871cf000 ---p 00017000 b3:06 1050645                    /lib/x86_64-linux-gnu/libnsl-2.27.so
7f5e871cf000-7f5e871d0000 r--p 00016000 b3:06 1050645                    /lib/x86_64-linux-gnu/libnsl-2.27.so
7f5e871d0000-7f5e871d1000 rw-p 00017000 b3:06 1050645                    /lib/x86_64-linux-gnu/libnsl-2.27.so
7f5e871d1000-7f5e871d3000 rw-p 00000000 00:00 0 
7f5e871d3000-7f5e871de000 r-xp 00000000 b3:06 1050662                    /lib/x86_64-linux-gnu/libnss_nis-2.27.so
7f5e871de000-7f5e873dd000 ---p 0000b000 b3:06 1050662                    /lib/x86_64-linux-gnu/libnss_nis-2.27.so
7f5e873dd000-7f5e873de000 r--p 0000a000 b3:06 1050662                    /lib/x86_64-linux-gnu/libnss_nis-2.27.so
7f5e873de000-7f5e873df000 rw-p 0000b000 b3:06 1050662                    /lib/x86_64-linux-gnu/libnss_nis-2.27.so
7f5e873df000-7f5e873e7000 r-xp 00000000 b3:06 1050647                    /lib/x86_64-linux-gnu/libnss_compat-2.27.so
7f5e873e7000-7f5e875e7000 ---p 00008000 b3:06 1050647                    /lib/x86_64-linux-gnu/libnss_compat-2.27.so
7f5e875e7000-7f5e875e8000 r--p 00008000 b3:06 1050647                    /lib/x86_64-linux-gnu/libnss_compat-2.27.so
7f5e875e8000-7f5e875e9000 rw-p 00009000 b3:06 1050647                    /lib/x86_64-linux-gnu/libnss_compat-2.27.so
7f5e875e9000-7f5e87612000 r-xp 00000000 b3:06 1441777                    /usr/lib/jvm/java-11-openjdk-amd64/lib/libjava.so
7f5e87612000-7f5e87811000 ---p 00029000 b3:06 1441777                    /usr/lib/jvm/java-11-openjdk-amd64/lib/libjava.so
7f5e87811000-7f5e87812000 r--p 00028000 b3:06 1441777                    /usr/lib/jvm/java-11-openjdk-amd64/lib/libjava.so
7f5e87812000-7f5e87814000 rw-p 00029000 b3:06 1441777                    /usr/lib/jvm/java-11-openjdk-amd64/lib/libjava.so
7f5e87814000-7f5e87821000 r-xp 00000000 b3:06 1441812                    /usr/lib/jvm/java-11-openjdk-amd64/lib/libverify.so
7f5e87821000-7f5e87a20000 ---p 0000d000 b3:06 1441812                    /usr/lib/jvm/java-11-openjdk-amd64/lib/libverify.so
7f5e87a20000-7f5e87a22000 r--p 0000c000 b3:06 1441812                    /usr/lib/jvm/java-11-openjdk-amd64/lib/libverify.so
7f5e87a22000-7f5e87a23000 rw-p 0000e000 b3:06 1441812                    /usr/lib/jvm/java-11-openjdk-amd64/lib/libverify.so
7f5e87a23000-7f5e87a2a000 r-xp 00000000 b3:06 1050702                    /lib/x86_64-linux-gnu/librt-2.27.so
7f5e87a2a000-7f5e87c29000 ---p 00007000 b3:06 1050702                    /lib/x86_64-linux-gnu/librt-2.27.so
7f5e87c29000-7f5e87c2a000 r--p 00006000 b3:06 1050702                    /lib/x86_64-linux-gnu/librt-2.27.so
7f5e87c2a000-7f5e87c2b000 rw-p 00007000 b3:06 1050702                    /lib/x86_64-linux-gnu/librt-2.27.so
7f5e87c2b000-7f5e87c42000 r-xp 00000000 b3:06 1050598                    /lib/x86_64-linux-gnu/libgcc_s.so.1
7f5e87c42000-7f5e87e41000 ---p 00017000 b3:06 1050598                    /lib/x86_64-linux-gnu/libgcc_s.so.1
7f5e87e41000-7f5e87e42000 r--p 00016000 b3:06 1050598                    /lib/x86_64-linux-gnu/libgcc_s.so.1
7f5e87e42000-7f5e87e43000 rw-p 00017000 b3:06 1050598                    /lib/x86_64-linux-gnu/libgcc_s.so.1
7f5e87e43000-7f5e87fe0000 r-xp 00000000 b3:06 1050624                    /lib/x86_64-linux-gnu/libm-2.27.so
7f5e87fe0000-7f5e881df000 ---p 0019d000 b3:06 1050624                    /lib/x86_64-linux-gnu/libm-2.27.so
7f5e881df000-7f5e881e0000 r--p 0019c000 b3:06 1050624                    /lib/x86_64-linux-gnu/libm-2.27.so
7f5e881e0000-7f5e881e1000 rw-p 0019d000 b3:06 1050624                    /lib/x86_64-linux-gnu/libm-2.27.so
7f5e881e1000-7f5e8835a000 r-xp 00000000 b3:06 1446455                    /usr/lib/x86_64-linux-gnu/libstdc++.so.6.0.25
7f5e8835a000-7f5e8855a000 ---p 00179000 b3:06 1446455                    /usr/lib/x86_64-linux-gnu/libstdc++.so.6.0.25
7f5e8855a000-7f5e88564000 r--p 00179000 b3:06 1446455                    /usr/lib/x86_64-linux-gnu/libstdc++.so.6.0.25
7f5e88564000-7f5e88566000 rw-p 00183000 b3:06 1446455                    /usr/lib/x86_64-linux-gnu/libstdc++.so.6.0.25
7f5e88566000-7f5e8856a000 rw-p 00000000 00:00 0 
7f5e8856a000-7f5e89636000 r-xp 00000000 b3:06 1441824                    /usr/lib/jvm/java-11-openjdk-amd64/lib/server/libjvm.so
7f5e89636000-7f5e89835000 ---p 010cc000 b3:06 1441824                    /usr/lib/jvm/java-11-openjdk-amd64/lib/server/libjvm.so
7f5e89835000-7f5e898f2000 r--p 010cb000 b3:06 1441824                    /usr/lib/jvm/java-11-openjdk-amd64/lib/server/libjvm.so
7f5e898f2000-7f5e8992b000 rw-p 01188000 b3:06 1441824                    /usr/lib/jvm/java-11-openjdk-amd64/lib/server/libjvm.so
7f5e8992b000-7f5e89981000 rw-p 00000000 00:00 0 
7f5e89981000-7f5e8999b000 r-xp 00000000 b3:06 1050694                    /lib/x86_64-linux-gnu/libpthread-2.27.so
7f5e8999b000-7f5e89b9a000 ---p 0001a000 b3:06 1050694                    /lib/x86_64-linux-gnu/libpthread-2.27.so
7f5e89b9a000-7f5e89b9b000 r--p 00019000 b3:06 1050694                    /lib/x86_64-linux-gnu/libpthread-2.27.so
7f5e89b9b000-7f5e89b9c000 rw-p 0001a000 b3:06 1050694                    /lib/x86_64-linux-gnu/libpthread-2.27.so
7f5e89b9c000-7f5e89ba0000 rw-p 00000000 00:00 0 
7f5e89ba0000-7f5e89ba3000 r-xp 00000000 b3:06 1050584                    /lib/x86_64-linux-gnu/libdl-2.27.so
7f5e89ba3000-7f5e89da2000 ---p 00003000 b3:06 1050584                    /lib/x86_64-linux-gnu/libdl-2.27.so
7f5e89da2000-7f5e89da3000 r--p 00002000 b3:06 1050584                    /lib/x86_64-linux-gnu/libdl-2.27.so
7f5e89da3000-7f5e89da4000 rw-p 00003000 b3:06 1050584                    /lib/x86_64-linux-gnu/libdl-2.27.so
7f5e89da4000-7f5e89dc0000 r-xp 00000000 b3:06 1050735                    /lib/x86_64-linux-gnu/libz.so.1.2.11
7f5e89dc0000-7f5e89fbf000 ---p 0001c000 b3:06 1050735                    /lib/x86_64-linux-gnu/libz.so.1.2.11
7f5e89fbf000-7f5e89fc0000 r--p 0001b000 b3:06 1050735                    /lib/x86_64-linux-gnu/libz.so.1.2.11
7f5e89fc0000-7f5e89fc1000 rw-p 0001c000 b3:06 1050735                    /lib/x86_64-linux-gnu/libz.so.1.2.11
7f5e89fc1000-7f5e8a1a8000 r-xp 00000000 b3:06 1050561                    /lib/x86_64-linux-gnu/libc-2.27.so
7f5e8a1a8000-7f5e8a3a8000 ---p 001e7000 b3:06 1050561                    /lib/x86_64-linux-gnu/libc-2.27.so
7f5e8a3a8000-7f5e8a3ac000 r--p 001e7000 b3:06 1050561                    /lib/x86_64-linux-gnu/libc-2.27.so
7f5e8a3ac000-7f5e8a3ae000 rw-p 001eb000 b3:06 1050561                    /lib/x86_64-linux-gnu/libc-2.27.so
7f5e8a3ae000-7f5e8a3b2000 rw-p 00000000 00:00 0 
7f5e8a3b2000-7f5e8a3c2000 r-xp 00000000 b3:06 1441749                    /usr/lib/jvm/java-11-openjdk-amd64/lib/jli/libjli.so
7f5e8a3c2000-7f5e8a5c1000 ---p 00010000 b3:06 1441749                    /usr/lib/jvm/java-11-openjdk-amd64/lib/jli/libjli.so
7f5e8a5c1000-7f5e8a5c2000 r--p 0000f000 b3:06 1441749                    /usr/lib/jvm/java-11-openjdk-amd64/lib/jli/libjli.so
7f5e8a5c2000-7f5e8a5c3000 rw-p 00010000 b3:06 1441749                    /usr/lib/jvm/java-11-openjdk-amd64/lib/jli/libjli.so
7f5e8a5c3000-7f5e8a5ea000 r-xp 00000000 b3:06 1050533                    /lib/x86_64-linux-gnu/ld-2.27.so
7f5e8a5f9000-7f5e8a6ce000 rw-p 00000000 00:00 0 
7f5e8a6ce000-7f5e8a6d2000 ---p 00000000 00:00 0 
7f5e8a6d2000-7f5e8a7d1000 rw-p 00000000 00:00 0 
7f5e8a7d2000-7f5e8a7d7000 rw-p 00000000 00:00 0 
7f5e8a7d7000-7f5e8a7de000 ---p 00000000 00:00 0 
7f5e8a7de000-7f5e8a7e6000 rw-s 00000000 b3:06 415966                     /tmp/hsperfdata_lizandra/6326
7f5e8a7e6000-7f5e8a7e7000 ---p 00000000 00:00 0 
7f5e8a7e7000-7f5e8a7e8000 r--p 00000000 00:00 0 
7f5e8a7e8000-7f5e8a7ea000 rw-p 00000000 00:00 0 
7f5e8a7ea000-7f5e8a7eb000 r--p 00027000 b3:06 1050533                    /lib/x86_64-linux-gnu/ld-2.27.so
7f5e8a7eb000-7f5e8a7ec000 rw-p 00028000 b3:06 1050533                    /lib/x86_64-linux-gnu/ld-2.27.so
7f5e8a7ec000-7f5e8a7ed000 rw-p 00000000 00:00 0 
7ffec2720000-7ffec2741000 rw-p 00000000 00:00 0                          [stack]
7ffec275f000-7ffec2762000 r--p 00000000 00:00 0                          [vvar]
7ffec2762000-7ffec2764000 r-xp 00000000 00:00 0                          [vdso]
ffffffffff600000-ffffffffff601000 r-xp 00000000 00:00 0                  [vsyscall]


VM Arguments:
jvm_args: -Dclassworlds.conf=/home/lizandra/Software/netbeans/java/maven/bin/m2.conf -Dmaven.home=/home/lizandra/Software/netbeans/java/maven -Dmaven.multiModuleProjectDirectory=/home/lizandra/NetBeansProjects/sistema-nutri 
java_command: org.codehaus.plexus.classworlds.launcher.Launcher -Dmaven.ext.class.path=/home/lizandra/Software/netbeans/java/maven-nblib/netbeans-eventspy.jar clean install
java_class_path (initial): /home/lizandra/Software/netbeans/java/maven/boot/plexus-classworlds-2.5.2.jar
Launcher Type: SUN_STANDARD

[Global flags]
     intx CICompilerCount                          = 2                                         {product} {ergonomic}
     uint ConcGCThreads                            = 1                                         {product} {ergonomic}
     uint G1ConcRefinementThreads                  = 2                                         {product} {ergonomic}
   size_t G1HeapRegionSize                         = 1048576                                   {product} {ergonomic}
    uintx GCDrainStackTargetSize                   = 64                                        {product} {ergonomic}
   size_t InitialHeapSize                          = 31457280                                  {product} {ergonomic}
   size_t MarkStackSize                            = 4194304                                   {product} {ergonomic}
   size_t MaxHeapSize                              = 486539264                                 {product} {ergonomic}
   size_t MaxNewSize                               = 291504128                                 {product} {ergonomic}
   size_t MinHeapDeltaBytes                        = 1048576                                   {product} {ergonomic}
    uintx NonNMethodCodeHeapSize                   = 5824844                                {pd product} {ergonomic}
    uintx NonProfiledCodeHeapSize                  = 122916698                              {pd product} {ergonomic}
    uintx ProfiledCodeHeapSize                     = 122916698                              {pd product} {ergonomic}
    uintx ReservedCodeCacheSize                    = 251658240                              {pd product} {ergonomic}
     bool SegmentedCodeCache                       = true                                      {product} {ergonomic}
     bool UseCompressedClassPointers               = true                                 {lp64_product} {ergonomic}
     bool UseCompressedOops                        = true                                 {lp64_product} {ergonomic}
     bool UseG1GC                                  = true                                      {product} {ergonomic}

Logging:
Log output configuration:
 #0: stdout all=warning uptime,level,tags
 #1: stderr all=off uptime,level,tags

Environment Variables:
JAVA_HOME=/usr/lib/jvm/java-11-openjdk-amd64
PATH=/usr/local/sbin:/usr/local/bin:/usr/sbin:/usr/bin:/sbin:/bin:/usr/games:/usr/local/games
SHELL=/bin/bash
DISPLAY=:0

Signal Handlers:
SIGSEGV: [libjvm.so+0xde5f50], sa_mask[0]=11111111011111111101111111111110, sa_flags=SA_RESTART|SA_SIGINFO
SIGBUS: [libjvm.so+0xde5f50], sa_mask[0]=11111111011111111101111111111110, sa_flags=SA_RESTART|SA_SIGINFO
SIGFPE: [libjvm.so+0xde5f50], sa_mask[0]=11111111011111111101111111111110, sa_flags=SA_RESTART|SA_SIGINFO
SIGPIPE: [libjvm.so+0xbba5b0], sa_mask[0]=11111111011111111101111111111110, sa_flags=SA_RESTART|SA_SIGINFO
SIGXFSZ: [libjvm.so+0xbba5b0], sa_mask[0]=11111111011111111101111111111110, sa_flags=SA_RESTART|SA_SIGINFO
SIGILL: [libjvm.so+0xde5f50], sa_mask[0]=11111111011111111101111111111110, sa_flags=SA_RESTART|SA_SIGINFO
SIGUSR2: [libjvm.so+0xbba450], sa_mask[0]=00100000000000000000000000000000, sa_flags=SA_RESTART|SA_SIGINFO
SIGHUP: [libjvm.so+0xbba7b0], sa_mask[0]=11111111011111111101111111111110, sa_flags=SA_RESTART|SA_SIGINFO
SIGINT: SIG_IGN, sa_mask[0]=00000000000000000000000000000000, sa_flags=none
SIGTERM: [libjvm.so+0xbba7b0], sa_mask[0]=11111111011111111101111111111110, sa_flags=SA_RESTART|SA_SIGINFO
SIGQUIT: [libjvm.so+0xbba7b0], sa_mask[0]=11111111011111111101111111111110, sa_flags=SA_RESTART|SA_SIGINFO


---------------  S Y S T E M  ---------------

OS:DISTRIB_ID=LinuxMint
DISTRIB_RELEASE=19.2
DISTRIB_CODENAME=tina
DISTRIB_DESCRIPTION="Linux Mint 19.2 Tina"
uname:Linux 4.15.0-58-generic #64-Ubuntu SMP Tue Aug 6 11:12:41 UTC 2019 x86_64
libc:glibc 2.27 NPTL 2.27 
rlimit: STACK 8192k, CORE 0k, NPROC 6965, NOFILE 1048576, AS infinity, DATA infinity, FSIZE infinity
load average:15,49 5,33 2,79

/proc/meminfo:
MemTotal:        1897592 kB
MemFree:           56216 kB
MemAvailable:       7012 kB
Buffers:             168 kB
Cached:           109568 kB
SwapCached:          740 kB
Active:          1250792 kB
Inactive:         426404 kB
Active(anon):    1242664 kB
Inactive(anon):   414288 kB
Active(file):       8128 kB
Inactive(file):    12116 kB
Unevictable:          48 kB
Mlocked:              48 kB
SwapTotal:       1301168 kB
SwapFree:             52 kB
Dirty:                76 kB
Writeback:           488 kB
AnonPages:       1566972 kB
Mapped:            17932 kB
Shmem:             89268 kB
Slab:              70500 kB
SReclaimable:      30604 kB
SUnreclaim:        39896 kB
KernelStack:       13552 kB
PageTables:        43964 kB
NFS_Unstable:          0 kB
Bounce:                0 kB
WritebackTmp:          0 kB
CommitLimit:     2249964 kB
Committed_AS:    6895612 kB
VmallocTotal:   34359738367 kB
VmallocUsed:           0 kB
VmallocChunk:          0 kB
HardwareCorrupted:     0 kB
AnonHugePages:         0 kB
ShmemHugePages:        0 kB
ShmemPmdMapped:        0 kB
CmaTotal:              0 kB
CmaFree:               0 kB
HugePages_Total:       0
HugePages_Free:        0
HugePages_Rsvd:        0
HugePages_Surp:        0
Hugepagesize:       2048 kB
DirectMap4k:      145152 kB
DirectMap2M:     1806336 kB


/proc/sys/kernel/threads-max (system-wide limit on the number of threads):
13930


/proc/sys/vm/max_map_count (maximum number of memory map areas a process may have):
65530


/proc/sys/kernel/pid_max (system-wide limit on number of process identifiers):
32768



container (cgroup) information:
container_type: cgroupv1
cpu_cpuset_cpus: 0-1
cpu_memory_nodes: 0
active_processor_count: 2
cpu_quota: -1
cpu_period: 100000
cpu_shares: -1
memory_limit_in_bytes: -1
memory_and_swap_limit_in_bytes: -2
memory_soft_limit_in_bytes: -1
memory_usage_in_bytes: 1717219328
memory_max_usage_in_bytes: 0

Steal ticks since vm start: 0
Steal ticks percentage since vm start:  0,000

CPU:total 2 (initial active 2) (2 cores per cpu, 1 threads per core) family 6 model 76 stepping 3, cmov, cx8, fxsr, mmx, sse, sse2, sse3, ssse3, sse4.1, sse4.2, popcnt, aes, clmul, erms, 3dnowpref, tsc, tscinvbit
CPU Model and flags from /proc/cpuinfo:
model name	: Intel(R) Celeron(R) CPU  N3050  @ 1.60GHz
flags		: fpu vme de pse tsc msr pae mce cx8 apic sep mtrr pge mca cmov pat pse36 clflush dts acpi mmx fxsr sse sse2 ss ht tm pbe syscall nx rdtscp lm constant_tsc arch_perfmon pebs bts rep_good nopl xtopology tsc_reliable nonstop_tsc cpuid aperfmperf tsc_known_freq pni pclmulqdq dtes64 monitor ds_cpl vmx est tm2 ssse3 cx16 xtpr pdcm sse4_1 sse4_2 movbe popcnt tsc_deadline_timer aes rdrand lahf_lm 3dnowprefetch epb pti ibrs ibpb stibp tpr_shadow vnmi flexpriority ept vpid tsc_adjust smep erms dtherm ida arat md_clear

Memory: 4k page, physical 1897592k(56604k free), swap 1301168k(64k free)

vm_info: OpenJDK 64-Bit Server VM (11.0.4+11-post-Ubuntu-1ubuntu218.04.3) for linux-amd64 JRE (11.0.4+11-post-Ubuntu-1ubuntu218.04.3), built on Jul 18 2019 18:21:46 by "buildd" with gcc 7.4.0

END.
