#
# There is insufficient memory for the Java Runtime Environment to continue.
# Native memory allocation (mmap) failed to map 65011712 bytes for committing reserved memory.
# Possible reasons:
#   The system is out of physical RAM or swap space
#   The process is running with CompressedOops enabled, and the Java Heap may be blocking the growth of the native heap
# Possible solutions:
#   Reduce memory load on the system
#   Increase physical memory or swap space
#   Check if swap backing store is full
#   Decrease Java heap size (-Xmx/-Xms)
#   Decrease number of Java threads
#   Decrease Java thread stack sizes (-Xss)
#   Set larger code cache with -XX:ReservedCodeCacheSize=
#   JVM is running with Unscaled Compressed Oops mode in which the Java heap is
#     placed in the first 4GB address space. The Java Heap base address is the
#     maximum limit for the native heap growth. Please use -XX:HeapBaseMinAddress
#     to set the Java Heap base and to place the Java Heap above 4GB virtual address.
# This output file may be truncated or incomplete.
#
#  Out of Memory Error (os_linux.cpp:2893), pid=5007, tid=5024
#
# JRE version: OpenJDK Runtime Environment (11.0.4+11) (build 11.0.4+11-post-Ubuntu-1ubuntu218.04.3)
# Java VM: OpenJDK 64-Bit Server VM (11.0.4+11-post-Ubuntu-1ubuntu218.04.3, mixed mode, sharing, tiered, compressed oops, g1 gc, linux-amd64)
# Core dump will be written. Default location: Core dumps may be processed with "/lib/systemd/systemd-coredump %P %u %g %s %t 9223372036854775808 %e" (or dumping to /home/lizandra/NetBeansProjects/sistema-nutri/core.5007)
#

---------------  S U M M A R Y ------------

Command Line: -Dclassworlds.conf=/home/lizandra/Software/netbeans/java/maven/bin/m2.conf -Dmaven.home=/home/lizandra/Software/netbeans/java/maven -Dmaven.multiModuleProjectDirectory=/home/lizandra/NetBeansProjects/sistema-nutri org.codehaus.plexus.classworlds.launcher.Launcher -Dmaven.ext.class.path=/home/lizandra/Software/netbeans/java/maven-nblib/netbeans-eventspy.jar clean install

Host: Intel(R) Celeron(R) CPU  N3050  @ 1.60GHz, 2 cores, 1G, Linux Mint 19.2 Tina
Time: Tue Oct  1 18:34:36 2019 -03 elapsed time: 77 seconds (0d 0h 1m 17s)

---------------  T H R E A D  ---------------

Current thread (0x00007ff944085000):  VMThread "VM Thread" [stack: 0x00007ff92825e000,0x00007ff92835e000] [id=5024]

Stack: [0x00007ff92825e000,0x00007ff92835e000],  sp=0x00007ff92835bff0,  free space=1015k
Native frames: (J=compiled Java code, A=aot compiled Java code, j=interpreted, Vv=VM code, C=native code)
V  [libjvm.so+0xde4547]
V  [libjvm.so+0xde519b]
V  [libjvm.so+0x6511a5]
V  [libjvm.so+0xbbed38]
V  [libjvm.so+0xbb5ebd]
V  [libjvm.so+0x76f53f]
V  [libjvm.so+0x76f7ae]
V  [libjvm.so+0x77b820]
V  [libjvm.so+0x7f6969]
V  [libjvm.so+0x7f75c2]
V  [libjvm.so+0x7f7a29]
V  [libjvm.so+0x72de6f]
V  [libjvm.so+0x732b6a]
V  [libjvm.so+0xdf01e1]
V  [libjvm.so+0xdeeda8]
V  [libjvm.so+0xdec5e6]
V  [libjvm.so+0xdecaf0]
V  [libjvm.so+0xdecf23]
V  [libjvm.so+0xd7aeea]
V  [libjvm.so+0xbc4a5e]

VM_Operation (0x00007ff94b51e5f0): G1CollectForAllocation, mode: safepoint, requested by thread 0x00007ff944012000


---------------  P R O C E S S  ---------------

Threads class SMR info:
_java_thread_list=0x00007ff9440d65f0, length=9, elements={
0x00007ff944012000, 0x00007ff944088000, 0x00007ff94408a000, 0x00007ff94408f800,
0x00007ff944091800, 0x00007ff944093800, 0x00007ff944095800, 0x00007ff9440cc000,
0x00007ff9440d5000
}

Java Threads: ( => current thread )
  0x00007ff944012000 JavaThread "main" [_thread_blocked, id=5018, stack(0x00007ff94b421000,0x00007ff94b522000)]
  0x00007ff944088000 JavaThread "Reference Handler" daemon [_thread_blocked, id=5025, stack(0x00007ff92815b000,0x00007ff92825c000)]
  0x00007ff94408a000 JavaThread "Finalizer" daemon [_thread_blocked, id=5026, stack(0x00007ff92805a000,0x00007ff92815b000)]
  0x00007ff94408f800 JavaThread "Signal Dispatcher" daemon [_thread_blocked, id=5027, stack(0x00007ff913420000,0x00007ff913521000)]
  0x00007ff944091800 JavaThread "C2 CompilerThread0" daemon [_thread_blocked, id=5028, stack(0x00007ff91331f000,0x00007ff913420000)]
  0x00007ff944093800 JavaThread "C1 CompilerThread0" daemon [_thread_blocked, id=5029, stack(0x00007ff91321e000,0x00007ff91331f000)]
  0x00007ff944095800 JavaThread "Sweeper thread" daemon [_thread_blocked, id=5030, stack(0x00007ff91311d000,0x00007ff91321e000)]
  0x00007ff9440cc000 JavaThread "Service Thread" daemon [_thread_blocked, id=5031, stack(0x00007ff91301c000,0x00007ff91311d000)]
  0x00007ff9440d5000 JavaThread "Common-Cleaner" daemon [_thread_blocked, id=5033, stack(0x00007ff912e19000,0x00007ff912f1a000)]

Other Threads:
=>0x00007ff944085000 VMThread "VM Thread" [stack: 0x00007ff92825e000,0x00007ff92835e000] [id=5024]
  0x00007ff9440ce800 WatcherThread [stack: 0x00007ff912f1c000,0x00007ff91301c000] [id=5032]
  0x00007ff944028000 GCTaskThread "GC Thread#0" [stack: 0x00007ff92bd25000,0x00007ff92be25000] [id=5019]
  0x00007ff90c001000 GCTaskThread "GC Thread#1" [stack: 0x00007ff9128f1000,0x00007ff9129f1000] [id=5036]
  0x00007ff944037800 ConcurrentGCThread "G1 Main Marker" [stack: 0x00007ff92a8e9000,0x00007ff92a9e9000] [id=5020]
  0x00007ff944039000 ConcurrentGCThread "G1 Conc#0" [stack: 0x00007ff92a7e7000,0x00007ff92a8e7000] [id=5021]
  0x00007ff94405a800 ConcurrentGCThread "G1 Refine#0" [stack: 0x00007ff9284e3000,0x00007ff9285e3000] [id=5022]
  0x00007ff94405c800 ConcurrentGCThread "G1 Young RemSet Sampling" [stack: 0x00007ff9283e1000,0x00007ff9284e1000] [id=5023]

Threads with active compile tasks:
C2 CompilerThread05213       4       java.util.concurrent.ConcurrentHashMap::remove (8 bytes)
C1 CompilerThread05288       3       com.sun.tools.javac.code.Types$14::visitClassType (54 bytes)

VM state:at safepoint (normal execution)

VM Mutex/Monitor currently owned by a thread:  ([mutex/lock_event])
[0x00007ff94400e440] Threads_lock - owner thread: 0x00007ff944085000
[0x00007ff94400eb90] Heap_lock - owner thread: 0x00007ff944012000

Heap address: 0x00000000e3000000, size: 464 MB, Compressed Oops mode: 32-bit
Narrow klass base: 0x0000000800000000, Narrow klass shift: 3
Compressed class space size: 1073741824 Address: 0x0000000840000000

Heap:
 garbage-first heap   total 121856K, used 36695K [0x00000000e3000000, 0x0000000100000000)
  region size 1024K, 1 young (1024K), 1 survivors (1024K)
 Metaspace       used 25235K, capacity 26016K, committed 26240K, reserved 1073152K
  class space    used 2909K, capacity 3161K, committed 3200K, reserved 1048576K
Heap Regions: E=young(eden), S=young(survivor), O=old, HS=humongous(starts), HC=humongous(continues), CS=collection set, F=free, A=archive, TAMS=top-at-mark-start (previous, next)
|   0|0x00000000e3000000, 0x00000000e3100000, 0x00000000e3100000|100%| O|  |TAMS 0x00000000e3100000, 0x00000000e3100000| Untracked 
|   1|0x00000000e3100000, 0x00000000e3200000, 0x00000000e3200000|100%| O|  |TAMS 0x00000000e3200000, 0x00000000e3200000| Untracked 
|   2|0x00000000e3200000, 0x00000000e3300000, 0x00000000e3300000|100%| O|  |TAMS 0x00000000e3300000, 0x00000000e3300000| Untracked 
|   3|0x00000000e3300000, 0x00000000e3400000, 0x00000000e3400000|100%| O|  |TAMS 0x00000000e3400000, 0x00000000e3400000| Untracked 
|   4|0x00000000e3400000, 0x00000000e3500000, 0x00000000e3500000|100%| O|  |TAMS 0x00000000e3500000, 0x00000000e3500000| Untracked 
|   5|0x00000000e3500000, 0x00000000e3600000, 0x00000000e3600000|100%| O|  |TAMS 0x00000000e3600000, 0x00000000e3600000| Untracked 
|   6|0x00000000e3600000, 0x00000000e3700000, 0x00000000e3700000|100%| O|  |TAMS 0x00000000e3700000, 0x00000000e3700000| Untracked 
|   7|0x00000000e3700000, 0x00000000e3800000, 0x00000000e3800000|100%| O|  |TAMS 0x00000000e3800000, 0x00000000e3800000| Untracked 
|   8|0x00000000e3800000, 0x00000000e3900000, 0x00000000e3900000|100%| O|  |TAMS 0x00000000e3900000, 0x00000000e3900000| Untracked 
|   9|0x00000000e3900000, 0x00000000e3a00000, 0x00000000e3a00000|100%| O|  |TAMS 0x00000000e3a00000, 0x00000000e3a00000| Untracked 
|  10|0x00000000e3a00000, 0x00000000e3b00000, 0x00000000e3b00000|100%| O|  |TAMS 0x00000000e3b00000, 0x00000000e3b00000| Untracked 
|  11|0x00000000e3b00000, 0x00000000e3c00000, 0x00000000e3c00000|100%| O|  |TAMS 0x00000000e3c00000, 0x00000000e3c00000| Untracked 
|  12|0x00000000e3c00000, 0x00000000e3d00000, 0x00000000e3d00000|100%| O|  |TAMS 0x00000000e3d00000, 0x00000000e3d00000| Untracked 
|  13|0x00000000e3d00000, 0x00000000e3e00000, 0x00000000e3e00000|100%| O|  |TAMS 0x00000000e3e00000, 0x00000000e3e00000| Untracked 
|  14|0x00000000e3e00000, 0x00000000e3f00000, 0x00000000e3f00000|100%| O|  |TAMS 0x00000000e3f00000, 0x00000000e3f00000| Untracked 
|  15|0x00000000e3f00000, 0x00000000e4000000, 0x00000000e4000000|100%| O|  |TAMS 0x00000000e4000000, 0x00000000e4000000| Untracked 
|  16|0x00000000e4000000, 0x00000000e4100000, 0x00000000e4100000|100%| O|  |TAMS 0x00000000e4100000, 0x00000000e4100000| Untracked 
|  17|0x00000000e4100000, 0x00000000e4200000, 0x00000000e4200000|100%| O|  |TAMS 0x00000000e4200000, 0x00000000e4200000| Untracked 
|  18|0x00000000e4200000, 0x00000000e4300000, 0x00000000e4300000|100%| O|  |TAMS 0x00000000e4300000, 0x00000000e4300000| Untracked 
|  19|0x00000000e4300000, 0x00000000e4400000, 0x00000000e4400000|100%| O|  |TAMS 0x00000000e4400000, 0x00000000e4400000| Untracked 
|  20|0x00000000e4400000, 0x00000000e4500000, 0x00000000e4500000|100%| O|  |TAMS 0x00000000e4500000, 0x00000000e4500000| Untracked 
|  21|0x00000000e4500000, 0x00000000e4600000, 0x00000000e4600000|100%| O|  |TAMS 0x00000000e4600000, 0x00000000e4600000| Untracked 
|  22|0x00000000e4600000, 0x00000000e4700000, 0x00000000e4700000|100%| O|  |TAMS 0x00000000e4700000, 0x00000000e4700000| Untracked 
|  23|0x00000000e4700000, 0x00000000e4800000, 0x00000000e4800000|100%| O|  |TAMS 0x00000000e4800000, 0x00000000e4800000| Untracked 
|  24|0x00000000e4800000, 0x00000000e4900000, 0x00000000e4900000|100%| O|  |TAMS 0x00000000e4900000, 0x00000000e4900000| Untracked 
|  25|0x00000000e4900000, 0x00000000e4a00000, 0x00000000e4a00000|100%| O|  |TAMS 0x00000000e4a00000, 0x00000000e4a00000| Untracked 
|  26|0x00000000e4a00000, 0x00000000e4b00000, 0x00000000e4b00000|100%| O|  |TAMS 0x00000000e4b00000, 0x00000000e4b00000| Untracked 
|  27|0x00000000e4b00000, 0x00000000e4c00000, 0x00000000e4c00000|100%| O|  |TAMS 0x00000000e4c00000, 0x00000000e4c00000| Untracked 
|  28|0x00000000e4c00000, 0x00000000e4d00000, 0x00000000e4d00000|100%| O|  |TAMS 0x00000000e4d00000, 0x00000000e4d00000| Untracked 
|  29|0x00000000e4d00000, 0x00000000e4e00000, 0x00000000e4e00000|100%| O|  |TAMS 0x00000000e4e00000, 0x00000000e4e00000| Untracked 
|  30|0x00000000e4e00000, 0x00000000e4f00000, 0x00000000e4f00000|100%| O|  |TAMS 0x00000000e4f00000, 0x00000000e4f00000| Untracked 
|  31|0x00000000e4f00000, 0x00000000e5000000, 0x00000000e5000000|100%| O|  |TAMS 0x00000000e5000000, 0x00000000e5000000| Untracked 
|  32|0x00000000e5000000, 0x00000000e5100000, 0x00000000e5100000|100%| O|  |TAMS 0x00000000e5088200, 0x00000000e5100000| Untracked 
|  33|0x00000000e5100000, 0x00000000e5200000, 0x00000000e5200000|100%| O|  |TAMS 0x00000000e5100000, 0x00000000e5200000| Untracked 
|  34|0x00000000e5200000, 0x00000000e52d4400, 0x00000000e5300000| 82%| O|  |TAMS 0x00000000e5200000, 0x00000000e52d4400| Untracked 
|  35|0x00000000e5300000, 0x00000000e5300000, 0x00000000e5400000|  0%| F|  |TAMS 0x00000000e5300000, 0x00000000e5300000| Untracked 
|  36|0x00000000e5400000, 0x00000000e5400000, 0x00000000e5500000|  0%| F|  |TAMS 0x00000000e5400000, 0x00000000e5400000| Untracked 
|  37|0x00000000e5500000, 0x00000000e5500000, 0x00000000e5600000|  0%| F|  |TAMS 0x00000000e5500000, 0x00000000e5500000| Untracked 
|  38|0x00000000e5600000, 0x00000000e5600000, 0x00000000e5700000|  0%| F|  |TAMS 0x00000000e5600000, 0x00000000e5600000| Untracked 
|  39|0x00000000e5700000, 0x00000000e5700000, 0x00000000e5800000|  0%| F|  |TAMS 0x00000000e5700000, 0x00000000e5700000| Untracked 
|  40|0x00000000e5800000, 0x00000000e5800000, 0x00000000e5900000|  0%| F|  |TAMS 0x00000000e5800000, 0x00000000e5800000| Untracked 
|  41|0x00000000e5900000, 0x00000000e5900000, 0x00000000e5a00000|  0%| F|  |TAMS 0x00000000e5900000, 0x00000000e5900000| Untracked 
|  42|0x00000000e5a00000, 0x00000000e5a00000, 0x00000000e5b00000|  0%| F|  |TAMS 0x00000000e5a00000, 0x00000000e5a00000| Untracked 
|  43|0x00000000e5b00000, 0x00000000e5b00000, 0x00000000e5c00000|  0%| F|  |TAMS 0x00000000e5b00000, 0x00000000e5b00000| Untracked 
|  44|0x00000000e5c00000, 0x00000000e5c00000, 0x00000000e5d00000|  0%| F|  |TAMS 0x00000000e5c00000, 0x00000000e5c00000| Untracked 
|  45|0x00000000e5d00000, 0x00000000e5d00000, 0x00000000e5e00000|  0%| F|  |TAMS 0x00000000e5d00000, 0x00000000e5d00000| Untracked 
|  46|0x00000000e5e00000, 0x00000000e5e00000, 0x00000000e5f00000|  0%| F|  |TAMS 0x00000000e5e00000, 0x00000000e5e00000| Untracked 
|  47|0x00000000e5f00000, 0x00000000e5f00000, 0x00000000e6000000|  0%| F|  |TAMS 0x00000000e5f00000, 0x00000000e5f00000| Untracked 
|  48|0x00000000e6000000, 0x00000000e6000000, 0x00000000e6100000|  0%| F|  |TAMS 0x00000000e6000000, 0x00000000e6000000| Untracked 
|  49|0x00000000e6100000, 0x00000000e6100000, 0x00000000e6200000|  0%| F|  |TAMS 0x00000000e6100000, 0x00000000e6100000| Untracked 
|  50|0x00000000e6200000, 0x00000000e6200000, 0x00000000e6300000|  0%| F|  |TAMS 0x00000000e6200000, 0x00000000e6200000| Untracked 
|  51|0x00000000e6300000, 0x00000000e6300000, 0x00000000e6400000|  0%| F|  |TAMS 0x00000000e6300000, 0x00000000e6300000| Untracked 
|  52|0x00000000e6400000, 0x00000000e64638f0, 0x00000000e6500000| 38%| S|CS|TAMS 0x00000000e6400000, 0x00000000e6400000| Complete 
|  53|0x00000000e6500000, 0x00000000e6500000, 0x00000000e6600000|  0%| F|  |TAMS 0x00000000e6500000, 0x00000000e6500000| Untracked 
|  54|0x00000000e6600000, 0x00000000e6600000, 0x00000000e6700000|  0%| F|  |TAMS 0x00000000e6600000, 0x00000000e6600000| Untracked 
| 462|0x00000000ffe00000, 0x00000000ffe34000, 0x00000000fff00000| 20%|OA|  |TAMS 0x00000000ffe34000, 0x00000000ffe34000| Untracked 
| 463|0x00000000fff00000, 0x00000000fff6a000, 0x0000000100000000| 41%|CA|  |TAMS 0x00000000fff6a000, 0x00000000fff6a000| Untracked 

Card table byte_map: [0x00007ff92b951000,0x00007ff92ba39000] _byte_map_base: 0x00007ff92b239000

Marking Bits (Prev, Next): (CMBitMap*) 0x00007ff944034a88, (CMBitMap*) 0x00007ff944034ac0
 Prev Bits: [0x00007ff92b129000, 0x00007ff92b869000)
 Next Bits: [0x00007ff92a9e9000, 0x00007ff92b129000)

Polling page: 0x00007ff94b539000

Metaspace:

Usage:
  Non-class:     22,32 MB capacity,    21,80 MB ( 98%) used,   480,62 KB (  2%) free+waste,    48,62 KB ( <1%) overhead. 
      Class:      3,09 MB capacity,     2,84 MB ( 92%) used,   229,38 KB (  7%) free+waste,    22,00 KB ( <1%) overhead. 
       Both:     25,41 MB capacity,    24,64 MB ( 97%) used,   710,00 KB (  3%) free+waste,    70,62 KB ( <1%) overhead. 

Virtual space:
  Non-class space:       24,00 MB reserved,      22,50 MB ( 94%) committed 
      Class space:        1,00 GB reserved,       3,12 MB ( <1%) committed 
             Both:        1,02 GB reserved,      25,62 MB (  2%) committed 

Chunk freelists:
   Non-Class:  61,00 KB
       Class:  7,00 KB
        Both:  68,00 KB

CodeHeap 'non-profiled nmethods': size=120036Kb used=2061Kb max_used=2061Kb free=117974Kb
 bounds [0x00007ff9339d7000, 0x00007ff933c47000, 0x00007ff93af10000]
CodeHeap 'profiled nmethods': size=120032Kb used=11012Kb max_used=11012Kb free=109019Kb
 bounds [0x00007ff92c49f000, 0x00007ff92cf6f000, 0x00007ff9339d7000]
CodeHeap 'non-nmethods': size=5692Kb used=1120Kb max_used=1155Kb free=4571Kb
 bounds [0x00007ff92bf10000, 0x00007ff92c180000, 0x00007ff92c49f000]
 total_blobs=6428 nmethods=5103 adapters=365
 compilation: enabled
              stopped_count=0, restarted_count=0
 full_count=0

Compilation events (10 events):
Event: 76,036 Thread 0x00007ff944093800 nmethod 5283 0x00007ff92cf5ae90 code [0x00007ff92cf5b060, 0x00007ff92cf5b338]
Event: 76,036 Thread 0x00007ff944093800 5268       3       com.sun.tools.javac.tree.JCTree$JCBlock::accept (6 bytes)
Event: 76,036 Thread 0x00007ff944093800 nmethod 5268 0x00007ff92cf5b410 code [0x00007ff92cf5b5e0, 0x00007ff92cf5b828]
Event: 76,050 Thread 0x00007ff944093800 5285       3       com.sun.tools.javac.tree.TreeTranslator::translate (23 bytes)
Event: 76,053 Thread 0x00007ff944093800 nmethod 5285 0x00007ff92cf5b910 code [0x00007ff92cf5bae0, 0x00007ff92cf5bdc8]
Event: 76,056 Thread 0x00007ff944093800 5286       1       com.sun.tools.javac.tree.JCTree$JCIdent::getTag (4 bytes)
Event: 76,056 Thread 0x00007ff944093800 nmethod 5286 0x00007ff933bda110 code [0x00007ff933bda2c0, 0x00007ff933bda3f0]
Event: 76,057 Thread 0x00007ff944093800 5287       3       com.sun.tools.javac.tree.TreeInfo::getStartPos (733 bytes)
Event: 76,083 Thread 0x00007ff944093800 nmethod 5287 0x00007ff92cf5be90 code [0x00007ff92cf5c380, 0x00007ff92cf5f878]
Event: 76,083 Thread 0x00007ff944093800 5288       3       com.sun.tools.javac.code.Types$14::visitClassType (54 bytes)

GC Heap History (10 events):
Event: 30,706 GC heap after
{Heap after GC invocations=23 (full 0):
 garbage-first heap   total 58368K, used 30082K [0x00000000e3000000, 0x0000000100000000)
  region size 1024K, 3 young (3072K), 3 survivors (3072K)
 Metaspace       used 23675K, capacity 24353K, committed 24576K, reserved 1071104K
  class space    used 2767K, capacity 3000K, committed 3072K, reserved 1048576K
}
Event: 31,578 GC heap before
{Heap before GC invocations=23 (full 0):
 garbage-first heap   total 58368K, used 42370K [0x00000000e3000000, 0x0000000100000000)
  region size 1024K, 16 young (16384K), 3 survivors (3072K)
 Metaspace       used 23939K, capacity 24611K, committed 24832K, reserved 1071104K
  class space    used 2793K, capacity 3017K, committed 3072K, reserved 1048576K
}
Event: 31,601 GC heap after
{Heap after GC invocations=24 (full 0):
 garbage-first heap   total 58368K, used 32156K [0x00000000e3000000, 0x0000000100000000)
  region size 1024K, 2 young (2048K), 2 survivors (2048K)
 Metaspace       used 23939K, capacity 24611K, committed 24832K, reserved 1071104K
  class space    used 2793K, capacity 3017K, committed 3072K, reserved 1048576K
}
Event: 33,075 GC heap before
{Heap before GC invocations=25 (full 0):
 garbage-first heap   total 58368K, used 43420K [0x00000000e3000000, 0x0000000100000000)
  region size 1024K, 13 young (13312K), 2 survivors (2048K)
 Metaspace       used 24163K, capacity 24848K, committed 25088K, reserved 1071104K
  class space    used 2808K, capacity 3052K, committed 3072K, reserved 1048576K
}
Event: 33,157 GC heap after
{Heap after GC invocations=26 (full 0):
 garbage-first heap   total 58368K, used 33935K [0x00000000e3000000, 0x0000000100000000)
  region size 1024K, 2 young (2048K), 2 survivors (2048K)
 Metaspace       used 24163K, capacity 24848K, committed 25088K, reserved 1071104K
  class space    used 2808K, capacity 3052K, committed 3072K, reserved 1048576K
}
Event: 48,298 GC heap before
{Heap before GC invocations=26 (full 0):
 garbage-first heap   total 58368K, used 44175K [0x00000000e3000000, 0x0000000100000000)
  region size 1024K, 12 young (12288K), 2 survivors (2048K)
 Metaspace       used 24566K, capacity 25285K, committed 25600K, reserved 1071104K
  class space    used 2833K, capacity 3068K, committed 3072K, reserved 1048576K
}
Event: 49,318 GC heap after
{Heap after GC invocations=27 (full 0):
 garbage-first heap   total 58368K, used 35992K [0x00000000e3000000, 0x0000000100000000)
  region size 1024K, 2 young (2048K), 2 survivors (2048K)
 Metaspace       used 24566K, capacity 25285K, committed 25600K, reserved 1071104K
  class space    used 2833K, capacity 3068K, committed 3072K, reserved 1048576K
}
Event: 62,355 GC heap before
{Heap before GC invocations=28 (full 0):
 garbage-first heap   total 58368K, used 37016K [0x00000000e3000000, 0x0000000100000000)
  region size 1024K, 3 young (3072K), 2 survivors (2048K)
 Metaspace       used 24862K, capacity 25554K, committed 25728K, reserved 1071104K
  class space    used 2879K, capacity 3115K, committed 3200K, reserved 1048576K
}
Event: 64,146 GC heap after
{Heap after GC invocations=29 (full 0):
 garbage-first heap   total 58368K, used 36649K [0x00000000e3000000, 0x0000000100000000)
  region size 1024K, 1 young (1024K), 1 survivors (1024K)
 Metaspace       used 24862K, capacity 25554K, committed 25728K, reserved 1071104K
  class space    used 2879K, capacity 3115K, committed 3200K, reserved 1048576K
}
Event: 76,142 GC heap before
{Heap before GC invocations=29 (full 0):
 garbage-first heap   total 58368K, used 37673K [0x00000000e3000000, 0x0000000100000000)
  region size 1024K, 2 young (2048K), 1 survivors (1024K)
 Metaspace       used 25235K, capacity 26016K, committed 26240K, reserved 1073152K
  class space    used 2909K, capacity 3161K, committed 3200K, reserved 1048576K
}

Deoptimization events (10 events):
Event: 69,220 Thread 0x00007ff944012000 DEOPT PACKING pc=0x00007ff933a9a590 sp=0x00007ff94b51f170
Event: 69,245 Thread 0x00007ff944012000 DEOPT UNPACKING pc=0x00007ff92bf37e1f sp=0x00007ff94b51f098 mode 2
Event: 75,494 Thread 0x00007ff944012000 Uncommon trap: trap_request=0xffffffc6 fr.pc=0x00007ff933a9a590 relative=0x0000000000000790
Event: 75,516 Thread 0x00007ff944012000 Uncommon trap: reason=bimorphic_or_optimized_type_check action=maybe_recompile pc=0x00007ff933a9a590 method=java.util.HashMap.putVal(ILjava/lang/Object;Ljava/lang/Object;ZZ)Ljava/lang/Object; @ 253 c2
Event: 75,516 Thread 0x00007ff944012000 DEOPT PACKING pc=0x00007ff933a9a590 sp=0x00007ff94b51f030
Event: 75,556 Thread 0x00007ff944012000 DEOPT UNPACKING pc=0x00007ff92bf37e1f sp=0x00007ff94b51ef58 mode 2
Event: 75,590 Thread 0x00007ff944012000 Uncommon trap: trap_request=0xffffffc6 fr.pc=0x00007ff933a69634 relative=0x0000000000000734
Event: 75,590 Thread 0x00007ff944012000 Uncommon trap: reason=bimorphic_or_optimized_type_check action=maybe_recompile pc=0x00007ff933a69634 method=java.util.HashMap.putVal(ILjava/lang/Object;Ljava/lang/Object;ZZ)Ljava/lang/Object; @ 253 c2
Event: 75,590 Thread 0x00007ff944012000 DEOPT PACKING pc=0x00007ff933a69634 sp=0x00007ff94b51ee60
Event: 75,591 Thread 0x00007ff944012000 DEOPT UNPACKING pc=0x00007ff92bf37e1f sp=0x00007ff94b51ee10 mode 2

Classes redefined (0 events):
No events

Internal exceptions (10 events):
Event: 22,355 Thread 0x00007ff944012000 Exception <a 'java/lang/NoSuchMethodError'{0x00000000e5eb99c0}: 'void java.lang.invoke.DirectMethodHandle$Holder.invokeSpecial(java.lang.Object, java.lang.Object, int, java.lang.Object)'> (0x00000000e5eb99c0) thrown at [/build/openjdk-lts-7bqZff/openjdk-l
Event: 22,386 Thread 0x00007ff944012000 Exception <a 'java/lang/NoSuchMethodError'{0x00000000e5ec0bb0}: 'java.lang.Object java.lang.invoke.Invokers$Holder.linkToTargetMethod(java.lang.Object, int, java.lang.Object)'> (0x00000000e5ec0bb0) thrown at [/build/openjdk-lts-7bqZff/openjdk-lts-11.0.4+1
Event: 22,459 Thread 0x00007ff944012000 Exception <a 'java/lang/NoSuchMethodError'{0x00000000e5ee0e98}: 'int java.lang.invoke.DirectMethodHandle$Holder.invokeVirtual(java.lang.Object, java.lang.Object, java.lang.Object)'> (0x00000000e5ee0e98) thrown at [/build/openjdk-lts-7bqZff/openjdk-lts-11.
Event: 23,467 Thread 0x00007ff944012000 Exception <a 'java/lang/NoSuchMethodError'{0x00000000e5df51d0}: 'int java.lang.invoke.DirectMethodHandle$Holder.invokeStaticInit(java.lang.Object, java.lang.Object)'> (0x00000000e5df51d0) thrown at [/build/openjdk-lts-7bqZff/openjdk-lts-11.0.4+11/src/hots
Event: 24,614 Thread 0x00007ff944012000 Exception <a 'java/lang/NoSuchMethodError'{0x00000000e66bc9e8}: 'int java.lang.invoke.DirectMethodHandle$Holder.invokeVirtual(java.lang.Object, java.lang.Object)'> (0x00000000e66bc9e8) thrown at [/build/openjdk-lts-7bqZff/openjdk-lts-11.0.4+11/src/hotspot
Event: 24,743 Thread 0x00007ff944012000 Exception <a 'java/lang/NoSuchMethodError'{0x00000000e66eb670}: 'java.lang.Object java.lang.invoke.Invokers$Holder.linkToTargetMethod(java.lang.Object, java.lang.Object, java.lang.Object, java.lang.Object, java.lang.Object, java.lang.Object)'> (0x00000000
Event: 31,089 Thread 0x00007ff944012000 Exception <a 'java/lang/NoSuchMethodError'{0x00000000e5f0be18}: 'int java.lang.invoke.DirectMethodHandle$Holder.invokeSpecial(java.lang.Object, java.lang.Object, java.lang.Object, java.lang.Object, java.lang.Object)'> (0x00000000e5f0be18) thrown at [/buil
Event: 53,747 Thread 0x00007ff944012000 Exception <a 'java/lang/NoSuchMethodError'{0x00000000e66883a8}: 'void java.lang.invoke.DirectMethodHandle$Holder.invokeVirtual(java.lang.Object, java.lang.Object)'> (0x00000000e66883a8) thrown at [/build/openjdk-lts-7bqZff/openjdk-lts-11.0.4+11/src/hotspo
Event: 56,163 Thread 0x00007ff944012000 Exception <a 'java/lang/NoSuchMethodError'{0x00000000e669a568}: 'java.lang.Object java.lang.invoke.DirectMethodHandle$Holder.invokeVirtual(java.lang.Object, java.lang.Object, java.lang.Object)'> (0x00000000e669a568) thrown at [/build/openjdk-lts-7bqZff/op
Event: 64,733 Thread 0x00007ff944012000 Exception <a 'java/lang/NoSuchMethodError'{0x00000000e6677278}: 'int java.lang.invoke.DirectMethodHandle$Holder.invokeSpecial(java.lang.Object, java.lang.Object, java.lang.Object, java.lang.Object)'> (0x00000000e6677278) thrown at [/build/openjdk-lts-7bqZ

Events (10 events):
Event: 64,645 loading class com/sun/tools/javac/util/JCDiagnostic$DiagnosticPosition done
Event: 64,645 loading class com/sun/tools/javac/comp/Operators
Event: 64,645 loading class com/sun/tools/javac/comp/Operators done
Event: 64,647 loading class com/sun/tools/javac/code/Type
Event: 64,647 loading class com/sun/tools/javac/code/Type done
Event: 64,745 loading class com/sun/tools/javac/code/Symbol$OperatorSymbol
Event: 64,745 loading class com/sun/tools/javac/code/Symbol$OperatorSymbol done
Event: 64,745 loading class com/sun/tools/javac/comp/Operators$UnaryOperatorHelper
Event: 64,745 loading class com/sun/tools/javac/comp/Operators$UnaryOperatorHelper done
Event: 76,095 Executing VM operation: G1CollectForAllocation


Dynamic libraries:
e3000000-e6700000 rw-p 00000000 00:00 0 
ea500000-ffe00000 ---p 00000000 00:00 0 
ffe00000-ffe34000 rw-p 01116000 b3:06 1437553                            /usr/lib/jvm/java-11-openjdk-amd64/lib/server/classes.jsa
ffe34000-fff00000 rw-p 00000000 00:00 0 
fff00000-fff6a000 rw-p 010ac000 b3:06 1437553                            /usr/lib/jvm/java-11-openjdk-amd64/lib/server/classes.jsa
fff6a000-100000000 rw-p 00000000 00:00 0 
800000000-800002000 rwxp 00001000 b3:06 1437553                          /usr/lib/jvm/java-11-openjdk-amd64/lib/server/classes.jsa
800002000-8003bd000 rw-p 00003000 b3:06 1437553                          /usr/lib/jvm/java-11-openjdk-amd64/lib/server/classes.jsa
8003bd000-800a98000 r--p 003be000 b3:06 1437553                          /usr/lib/jvm/java-11-openjdk-amd64/lib/server/classes.jsa
800a98000-800a99000 rw-p 00a99000 b3:06 1437553                          /usr/lib/jvm/java-11-openjdk-amd64/lib/server/classes.jsa
800a99000-8010ab000 r--p 00a9a000 b3:06 1437553                          /usr/lib/jvm/java-11-openjdk-amd64/lib/server/classes.jsa
840000000-840320000 rw-p 00000000 00:00 0 
840320000-880000000 ---p 00000000 00:00 0 
5640bb3b7000-5640bb3b8000 r-xp 00000000 b3:06 1441529                    /usr/lib/jvm/java-11-openjdk-amd64/bin/java
5640bb5b8000-5640bb5b9000 r--p 00001000 b3:06 1441529                    /usr/lib/jvm/java-11-openjdk-amd64/bin/java
5640bb5b9000-5640bb5ba000 rw-p 00002000 b3:06 1441529                    /usr/lib/jvm/java-11-openjdk-amd64/bin/java
5640bbba6000-5640bbbc7000 rw-p 00000000 00:00 0                          [heap]
7ff8ec000000-7ff8ec021000 rw-p 00000000 00:00 0 
7ff8ec021000-7ff8f0000000 ---p 00000000 00:00 0 
7ff8f0000000-7ff8f0021000 rw-p 00000000 00:00 0 
7ff8f0021000-7ff8f4000000 ---p 00000000 00:00 0 
7ff8f4000000-7ff8f4864000 rw-p 00000000 00:00 0 
7ff8f4864000-7ff8f8000000 ---p 00000000 00:00 0 
7ff8f8000000-7ff8f8021000 rw-p 00000000 00:00 0 
7ff8f8021000-7ff8fc000000 ---p 00000000 00:00 0 
7ff8fc000000-7ff8fc021000 rw-p 00000000 00:00 0 
7ff8fc021000-7ff900000000 ---p 00000000 00:00 0 
7ff900000000-7ff901843000 rw-p 00000000 00:00 0 
7ff901843000-7ff904000000 ---p 00000000 00:00 0 
7ff904000000-7ff904021000 rw-p 00000000 00:00 0 
7ff904021000-7ff908000000 ---p 00000000 00:00 0 
7ff908000000-7ff908021000 rw-p 00000000 00:00 0 
7ff908021000-7ff90c000000 ---p 00000000 00:00 0 
7ff90c000000-7ff90c03a000 rw-p 00000000 00:00 0 
7ff90c03a000-7ff910000000 ---p 00000000 00:00 0 
7ff9118ef000-7ff91196f000 rw-p 00000000 00:00 0 
7ff91196f000-7ff911aef000 ---p 00000000 00:00 0 
7ff911aef000-7ff911cef000 rw-p 00000000 00:00 0 
7ff911cef000-7ff911eef000 rw-p 00000000 00:00 0 
7ff911eef000-7ff9120ef000 rw-p 00000000 00:00 0 
7ff9120ef000-7ff9122ef000 rw-p 00000000 00:00 0 
7ff9122ef000-7ff9124ef000 rw-p 00000000 00:00 0 
7ff9124ef000-7ff9126ef000 rw-p 00000000 00:00 0 
7ff9126ef000-7ff9128ef000 rw-p 00000000 00:00 0 
7ff9128ef000-7ff9128f0000 ---p 00000000 00:00 0 
7ff9128f0000-7ff9129f1000 rw-p 00000000 00:00 0 
7ff9129f1000-7ff912a07000 r-xp 00000000 b3:06 1441803                    /usr/lib/jvm/java-11-openjdk-amd64/lib/libnet.so
7ff912a07000-7ff912c06000 ---p 00016000 b3:06 1441803                    /usr/lib/jvm/java-11-openjdk-amd64/lib/libnet.so
7ff912c06000-7ff912c07000 r--p 00015000 b3:06 1441803                    /usr/lib/jvm/java-11-openjdk-amd64/lib/libnet.so
7ff912c07000-7ff912c08000 rw-p 00016000 b3:06 1441803                    /usr/lib/jvm/java-11-openjdk-amd64/lib/libnet.so
7ff912c08000-7ff912c18000 r-xp 00000000 b3:06 1441805                    /usr/lib/jvm/java-11-openjdk-amd64/lib/libnio.so
7ff912c18000-7ff912e17000 ---p 00010000 b3:06 1441805                    /usr/lib/jvm/java-11-openjdk-amd64/lib/libnio.so
7ff912e17000-7ff912e18000 r--p 0000f000 b3:06 1441805                    /usr/lib/jvm/java-11-openjdk-amd64/lib/libnio.so
7ff912e18000-7ff912e19000 rw-p 00010000 b3:06 1441805                    /usr/lib/jvm/java-11-openjdk-amd64/lib/libnio.so
7ff912e19000-7ff912e1d000 ---p 00000000 00:00 0 
7ff912e1d000-7ff912f1a000 rw-p 00000000 00:00 0 
7ff912f1a000-7ff912f1b000 ---p 00000000 00:00 0 
7ff912f1b000-7ff91301c000 rw-p 00000000 00:00 0 
7ff91301c000-7ff913020000 ---p 00000000 00:00 0 
7ff913020000-7ff91311d000 rw-p 00000000 00:00 0 
7ff91311d000-7ff913121000 ---p 00000000 00:00 0 
7ff913121000-7ff91321e000 rw-p 00000000 00:00 0 
7ff91321e000-7ff913222000 ---p 00000000 00:00 0 
7ff913222000-7ff91331f000 rw-p 00000000 00:00 0 
7ff91331f000-7ff913323000 ---p 00000000 00:00 0 
7ff913323000-7ff913420000 rw-p 00000000 00:00 0 
7ff913420000-7ff913424000 ---p 00000000 00:00 0 
7ff913424000-7ff913521000 rw-p 00000000 00:00 0 
7ff913521000-7ff913800000 r--p 00000000 b3:06 1443645                    /usr/lib/locale/locale-archive
7ff913800000-7ff914000000 rw-p 00000000 00:00 0 
7ff914000000-7ff914021000 rw-p 00000000 00:00 0 
7ff914021000-7ff918000000 ---p 00000000 00:00 0 
7ff918000000-7ff918021000 rw-p 00000000 00:00 0 
7ff918021000-7ff91c000000 ---p 00000000 00:00 0 
7ff91c000000-7ff91c021000 rw-p 00000000 00:00 0 
7ff91c021000-7ff920000000 ---p 00000000 00:00 0 
7ff920000000-7ff920023000 rw-p 00000000 00:00 0 
7ff920023000-7ff924000000 ---p 00000000 00:00 0 
7ff924000000-7ff924021000 rw-p 00000000 00:00 0 
7ff924021000-7ff928000000 ---p 00000000 00:00 0 
7ff92805a000-7ff92805e000 ---p 00000000 00:00 0 
7ff92805e000-7ff92815b000 rw-p 00000000 00:00 0 
7ff92815b000-7ff92815f000 ---p 00000000 00:00 0 
7ff92815f000-7ff92825c000 rw-p 00000000 00:00 0 
7ff92825c000-7ff92825d000 ---p 00000000 00:00 0 
7ff92825d000-7ff9283df000 rw-p 00000000 00:00 0 
7ff9283df000-7ff9283e0000 ---p 00000000 00:00 0 
7ff9283e0000-7ff9284e1000 rw-p 00000000 00:00 0 
7ff9284e1000-7ff9284e2000 ---p 00000000 00:00 0 
7ff9284e2000-7ff92a7e5000 rw-p 00000000 00:00 0 
7ff92a7e5000-7ff92a7e6000 ---p 00000000 00:00 0 
7ff92a7e6000-7ff92a8e7000 rw-p 00000000 00:00 0 
7ff92a8e7000-7ff92a8e8000 ---p 00000000 00:00 0 
7ff92a8e8000-7ff92aac5000 rw-p 00000000 00:00 0 
7ff92aac5000-7ff92b121000 ---p 00000000 00:00 0 
7ff92b121000-7ff92b205000 rw-p 00000000 00:00 0 
7ff92b205000-7ff92b861000 ---p 00000000 00:00 0 
7ff92b861000-7ff92b885000 rw-p 00000000 00:00 0 
7ff92b885000-7ff92b950000 ---p 00000000 00:00 0 
7ff92b950000-7ff92b96d000 rw-p 00000000 00:00 0 
7ff92b96d000-7ff92ba38000 ---p 00000000 00:00 0 
7ff92ba38000-7ff92ba55000 rw-p 00000000 00:00 0 
7ff92ba55000-7ff92bb20000 ---p 00000000 00:00 0 
7ff92bb20000-7ff92bd23000 rw-p 00000000 00:00 0 
7ff92bd23000-7ff92bd24000 ---p 00000000 00:00 0 
7ff92bd24000-7ff92be2a000 rw-p 00000000 00:00 0 
7ff92be2a000-7ff92bf10000 ---p 00000000 00:00 0 
7ff92bf10000-7ff92c180000 rwxp 00000000 00:00 0 
7ff92c180000-7ff92c49f000 ---p 00000000 00:00 0 
7ff92c49f000-7ff92cf6f000 rwxp 00000000 00:00 0 
7ff92cf6f000-7ff9339d7000 ---p 00000000 00:00 0 
7ff9339d7000-7ff933c47000 rwxp 00000000 00:00 0 
7ff933c47000-7ff93af10000 ---p 00000000 00:00 0 
7ff93af10000-7ff9435ba000 r--s 00000000 b3:06 1441815                    /usr/lib/jvm/java-11-openjdk-amd64/lib/modules
7ff9435ba000-7ff9435bf000 r-xp 00000000 b3:06 1441785                    /usr/lib/jvm/java-11-openjdk-amd64/lib/libjimage.so
7ff9435bf000-7ff9437be000 ---p 00005000 b3:06 1441785                    /usr/lib/jvm/java-11-openjdk-amd64/lib/libjimage.so
7ff9437be000-7ff9437bf000 r--p 00004000 b3:06 1441785                    /usr/lib/jvm/java-11-openjdk-amd64/lib/libjimage.so
7ff9437bf000-7ff9437c0000 rw-p 00005000 b3:06 1441785                    /usr/lib/jvm/java-11-openjdk-amd64/lib/libjimage.so
7ff9437c0000-7ff9437c7000 r-xp 00000000 b3:06 1441814                    /usr/lib/jvm/java-11-openjdk-amd64/lib/libzip.so
7ff9437c7000-7ff9439c6000 ---p 00007000 b3:06 1441814                    /usr/lib/jvm/java-11-openjdk-amd64/lib/libzip.so
7ff9439c6000-7ff9439c7000 r--p 00006000 b3:06 1441814                    /usr/lib/jvm/java-11-openjdk-amd64/lib/libzip.so
7ff9439c7000-7ff9439c8000 rw-p 00007000 b3:06 1441814                    /usr/lib/jvm/java-11-openjdk-amd64/lib/libzip.so
7ff9439c8000-7ff9439d3000 r-xp 00000000 b3:06 1050651                    /lib/x86_64-linux-gnu/libnss_files-2.27.so
7ff9439d3000-7ff943bd2000 ---p 0000b000 b3:06 1050651                    /lib/x86_64-linux-gnu/libnss_files-2.27.so
7ff943bd2000-7ff943bd3000 r--p 0000a000 b3:06 1050651                    /lib/x86_64-linux-gnu/libnss_files-2.27.so
7ff943bd3000-7ff943bd4000 rw-p 0000b000 b3:06 1050651                    /lib/x86_64-linux-gnu/libnss_files-2.27.so
7ff943bd4000-7ff943bda000 rw-p 00000000 00:00 0 
7ff943bda000-7ff943bf1000 r-xp 00000000 b3:06 1050645                    /lib/x86_64-linux-gnu/libnsl-2.27.so
7ff943bf1000-7ff943df0000 ---p 00017000 b3:06 1050645                    /lib/x86_64-linux-gnu/libnsl-2.27.so
7ff943df0000-7ff943df1000 r--p 00016000 b3:06 1050645                    /lib/x86_64-linux-gnu/libnsl-2.27.so
7ff943df1000-7ff943df2000 rw-p 00017000 b3:06 1050645                    /lib/x86_64-linux-gnu/libnsl-2.27.so
7ff943df2000-7ff943df4000 rw-p 00000000 00:00 0 
7ff943df4000-7ff943dff000 r-xp 00000000 b3:06 1050662                    /lib/x86_64-linux-gnu/libnss_nis-2.27.so
7ff943dff000-7ff943ffe000 ---p 0000b000 b3:06 1050662                    /lib/x86_64-linux-gnu/libnss_nis-2.27.so
7ff943ffe000-7ff943fff000 r--p 0000a000 b3:06 1050662                    /lib/x86_64-linux-gnu/libnss_nis-2.27.so
7ff943fff000-7ff944000000 rw-p 0000b000 b3:06 1050662                    /lib/x86_64-linux-gnu/libnss_nis-2.27.so
7ff944000000-7ff945569000 rw-p 00000000 00:00 0 
7ff945569000-7ff948000000 ---p 00000000 00:00 0 
7ff948016000-7ff94805d000 rw-p 00000000 00:00 0 
7ff94805d000-7ff948132000 ---p 00000000 00:00 0 
7ff948132000-7ff94813a000 r-xp 00000000 b3:06 1050647                    /lib/x86_64-linux-gnu/libnss_compat-2.27.so
7ff94813a000-7ff94833a000 ---p 00008000 b3:06 1050647                    /lib/x86_64-linux-gnu/libnss_compat-2.27.so
7ff94833a000-7ff94833b000 r--p 00008000 b3:06 1050647                    /lib/x86_64-linux-gnu/libnss_compat-2.27.so
7ff94833b000-7ff94833c000 rw-p 00009000 b3:06 1050647                    /lib/x86_64-linux-gnu/libnss_compat-2.27.so
7ff94833c000-7ff948365000 r-xp 00000000 b3:06 1441777                    /usr/lib/jvm/java-11-openjdk-amd64/lib/libjava.so
7ff948365000-7ff948564000 ---p 00029000 b3:06 1441777                    /usr/lib/jvm/java-11-openjdk-amd64/lib/libjava.so
7ff948564000-7ff948565000 r--p 00028000 b3:06 1441777                    /usr/lib/jvm/java-11-openjdk-amd64/lib/libjava.so
7ff948565000-7ff948567000 rw-p 00029000 b3:06 1441777                    /usr/lib/jvm/java-11-openjdk-amd64/lib/libjava.so
7ff948567000-7ff948574000 r-xp 00000000 b3:06 1441812                    /usr/lib/jvm/java-11-openjdk-amd64/lib/libverify.so
7ff948574000-7ff948773000 ---p 0000d000 b3:06 1441812                    /usr/lib/jvm/java-11-openjdk-amd64/lib/libverify.so
7ff948773000-7ff948775000 r--p 0000c000 b3:06 1441812                    /usr/lib/jvm/java-11-openjdk-amd64/lib/libverify.so
7ff948775000-7ff948776000 rw-p 0000e000 b3:06 1441812                    /usr/lib/jvm/java-11-openjdk-amd64/lib/libverify.so
7ff948776000-7ff94877d000 r-xp 00000000 b3:06 1050702                    /lib/x86_64-linux-gnu/librt-2.27.so
7ff94877d000-7ff94897c000 ---p 00007000 b3:06 1050702                    /lib/x86_64-linux-gnu/librt-2.27.so
7ff94897c000-7ff94897d000 r--p 00006000 b3:06 1050702                    /lib/x86_64-linux-gnu/librt-2.27.so
7ff94897d000-7ff94897e000 rw-p 00007000 b3:06 1050702                    /lib/x86_64-linux-gnu/librt-2.27.so
7ff94897e000-7ff948995000 r-xp 00000000 b3:06 1050598                    /lib/x86_64-linux-gnu/libgcc_s.so.1
7ff948995000-7ff948b94000 ---p 00017000 b3:06 1050598                    /lib/x86_64-linux-gnu/libgcc_s.so.1
7ff948b94000-7ff948b95000 r--p 00016000 b3:06 1050598                    /lib/x86_64-linux-gnu/libgcc_s.so.1
7ff948b95000-7ff948b96000 rw-p 00017000 b3:06 1050598                    /lib/x86_64-linux-gnu/libgcc_s.so.1
7ff948b96000-7ff948d33000 r-xp 00000000 b3:06 1050624                    /lib/x86_64-linux-gnu/libm-2.27.so
7ff948d33000-7ff948f32000 ---p 0019d000 b3:06 1050624                    /lib/x86_64-linux-gnu/libm-2.27.so
7ff948f32000-7ff948f33000 r--p 0019c000 b3:06 1050624                    /lib/x86_64-linux-gnu/libm-2.27.so
7ff948f33000-7ff948f34000 rw-p 0019d000 b3:06 1050624                    /lib/x86_64-linux-gnu/libm-2.27.so
7ff948f34000-7ff9490ad000 r-xp 00000000 b3:06 1446455                    /usr/lib/x86_64-linux-gnu/libstdc++.so.6.0.25
7ff9490ad000-7ff9492ad000 ---p 00179000 b3:06 1446455                    /usr/lib/x86_64-linux-gnu/libstdc++.so.6.0.25
7ff9492ad000-7ff9492b7000 r--p 00179000 b3:06 1446455                    /usr/lib/x86_64-linux-gnu/libstdc++.so.6.0.25
7ff9492b7000-7ff9492b9000 rw-p 00183000 b3:06 1446455                    /usr/lib/x86_64-linux-gnu/libstdc++.so.6.0.25
7ff9492b9000-7ff9492bd000 rw-p 00000000 00:00 0 
7ff9492bd000-7ff94a389000 r-xp 00000000 b3:06 1441824                    /usr/lib/jvm/java-11-openjdk-amd64/lib/server/libjvm.so
7ff94a389000-7ff94a588000 ---p 010cc000 b3:06 1441824                    /usr/lib/jvm/java-11-openjdk-amd64/lib/server/libjvm.so
7ff94a588000-7ff94a645000 r--p 010cb000 b3:06 1441824                    /usr/lib/jvm/java-11-openjdk-amd64/lib/server/libjvm.so
7ff94a645000-7ff94a67e000 rw-p 01188000 b3:06 1441824                    /usr/lib/jvm/java-11-openjdk-amd64/lib/server/libjvm.so
7ff94a67e000-7ff94a6d4000 rw-p 00000000 00:00 0 
7ff94a6d4000-7ff94a6ee000 r-xp 00000000 b3:06 1050694                    /lib/x86_64-linux-gnu/libpthread-2.27.so
7ff94a6ee000-7ff94a8ed000 ---p 0001a000 b3:06 1050694                    /lib/x86_64-linux-gnu/libpthread-2.27.so
7ff94a8ed000-7ff94a8ee000 r--p 00019000 b3:06 1050694                    /lib/x86_64-linux-gnu/libpthread-2.27.so
7ff94a8ee000-7ff94a8ef000 rw-p 0001a000 b3:06 1050694                    /lib/x86_64-linux-gnu/libpthread-2.27.so
7ff94a8ef000-7ff94a8f3000 rw-p 00000000 00:00 0 
7ff94a8f3000-7ff94a8f6000 r-xp 00000000 b3:06 1050584                    /lib/x86_64-linux-gnu/libdl-2.27.so
7ff94a8f6000-7ff94aaf5000 ---p 00003000 b3:06 1050584                    /lib/x86_64-linux-gnu/libdl-2.27.so
7ff94aaf5000-7ff94aaf6000 r--p 00002000 b3:06 1050584                    /lib/x86_64-linux-gnu/libdl-2.27.so
7ff94aaf6000-7ff94aaf7000 rw-p 00003000 b3:06 1050584                    /lib/x86_64-linux-gnu/libdl-2.27.so
7ff94aaf7000-7ff94ab13000 r-xp 00000000 b3:06 1050735                    /lib/x86_64-linux-gnu/libz.so.1.2.11
7ff94ab13000-7ff94ad12000 ---p 0001c000 b3:06 1050735                    /lib/x86_64-linux-gnu/libz.so.1.2.11
7ff94ad12000-7ff94ad13000 r--p 0001b000 b3:06 1050735                    /lib/x86_64-linux-gnu/libz.so.1.2.11
7ff94ad13000-7ff94ad14000 rw-p 0001c000 b3:06 1050735                    /lib/x86_64-linux-gnu/libz.so.1.2.11
7ff94ad14000-7ff94aefb000 r-xp 00000000 b3:06 1050561                    /lib/x86_64-linux-gnu/libc-2.27.so
7ff94aefb000-7ff94b0fb000 ---p 001e7000 b3:06 1050561                    /lib/x86_64-linux-gnu/libc-2.27.so
7ff94b0fb000-7ff94b0ff000 r--p 001e7000 b3:06 1050561                    /lib/x86_64-linux-gnu/libc-2.27.so
7ff94b0ff000-7ff94b101000 rw-p 001eb000 b3:06 1050561                    /lib/x86_64-linux-gnu/libc-2.27.so
7ff94b101000-7ff94b105000 rw-p 00000000 00:00 0 
7ff94b105000-7ff94b115000 r-xp 00000000 b3:06 1441749                    /usr/lib/jvm/java-11-openjdk-amd64/lib/jli/libjli.so
7ff94b115000-7ff94b314000 ---p 00010000 b3:06 1441749                    /usr/lib/jvm/java-11-openjdk-amd64/lib/jli/libjli.so
7ff94b314000-7ff94b315000 r--p 0000f000 b3:06 1441749                    /usr/lib/jvm/java-11-openjdk-amd64/lib/jli/libjli.so
7ff94b315000-7ff94b316000 rw-p 00010000 b3:06 1441749                    /usr/lib/jvm/java-11-openjdk-amd64/lib/jli/libjli.so
7ff94b316000-7ff94b33d000 r-xp 00000000 b3:06 1050533                    /lib/x86_64-linux-gnu/ld-2.27.so
7ff94b34c000-7ff94b421000 rw-p 00000000 00:00 0 
7ff94b421000-7ff94b425000 ---p 00000000 00:00 0 
7ff94b425000-7ff94b524000 rw-p 00000000 00:00 0 
7ff94b525000-7ff94b52a000 rw-p 00000000 00:00 0 
7ff94b52a000-7ff94b531000 ---p 00000000 00:00 0 
7ff94b531000-7ff94b539000 rw-s 00000000 b3:06 416982                     /tmp/hsperfdata_lizandra/5007
7ff94b539000-7ff94b53a000 ---p 00000000 00:00 0 
7ff94b53a000-7ff94b53b000 r--p 00000000 00:00 0 
7ff94b53b000-7ff94b53d000 rw-p 00000000 00:00 0 
7ff94b53d000-7ff94b53e000 r--p 00027000 b3:06 1050533                    /lib/x86_64-linux-gnu/ld-2.27.so
7ff94b53e000-7ff94b53f000 rw-p 00028000 b3:06 1050533                    /lib/x86_64-linux-gnu/ld-2.27.so
7ff94b53f000-7ff94b540000 rw-p 00000000 00:00 0 
7ffe6ad6c000-7ffe6ad8d000 rw-p 00000000 00:00 0                          [stack]
7ffe6adb4000-7ffe6adb7000 r--p 00000000 00:00 0                          [vvar]
7ffe6adb7000-7ffe6adb9000 r-xp 00000000 00:00 0                          [vdso]
ffffffffff600000-ffffffffff601000 r-xp 00000000 00:00 0                  [vsyscall]


VM Arguments:
jvm_args: -Dclassworlds.conf=/home/lizandra/Software/netbeans/java/maven/bin/m2.conf -Dmaven.home=/home/lizandra/Software/netbeans/java/maven -Dmaven.multiModuleProjectDirectory=/home/lizandra/NetBeansProjects/sistema-nutri 
java_command: org.codehaus.plexus.classworlds.launcher.Launcher -Dmaven.ext.class.path=/home/lizandra/Software/netbeans/java/maven-nblib/netbeans-eventspy.jar clean install
java_class_path (initial): /home/lizandra/Software/netbeans/java/maven/boot/plexus-classworlds-2.5.2.jar
Launcher Type: SUN_STANDARD

[Global flags]
     intx CICompilerCount                          = 2                                         {product} {ergonomic}
     uint ConcGCThreads                            = 1                                         {product} {ergonomic}
     uint G1ConcRefinementThreads                  = 2                                         {product} {ergonomic}
   size_t G1HeapRegionSize                         = 1048576                                   {product} {ergonomic}
    uintx GCDrainStackTargetSize                   = 64                                        {product} {ergonomic}
   size_t InitialHeapSize                          = 31457280                                  {product} {ergonomic}
   size_t MarkStackSize                            = 4194304                                   {product} {ergonomic}
   size_t MaxHeapSize                              = 486539264                                 {product} {ergonomic}
   size_t MaxNewSize                               = 291504128                                 {product} {ergonomic}
   size_t MinHeapDeltaBytes                        = 1048576                                   {product} {ergonomic}
    uintx NonNMethodCodeHeapSize                   = 5824844                                {pd product} {ergonomic}
    uintx NonProfiledCodeHeapSize                  = 122916698                              {pd product} {ergonomic}
    uintx ProfiledCodeHeapSize                     = 122916698                              {pd product} {ergonomic}
    uintx ReservedCodeCacheSize                    = 251658240                              {pd product} {ergonomic}
     bool SegmentedCodeCache                       = true                                      {product} {ergonomic}
     bool UseCompressedClassPointers               = true                                 {lp64_product} {ergonomic}
     bool UseCompressedOops                        = true                                 {lp64_product} {ergonomic}
     bool UseG1GC                                  = true                                      {product} {ergonomic}

Logging:
Log output configuration:
 #0: stdout all=warning uptime,level,tags
 #1: stderr all=off uptime,level,tags

Environment Variables:
JAVA_HOME=/usr/lib/jvm/java-11-openjdk-amd64
PATH=/usr/local/sbin:/usr/local/bin:/usr/sbin:/usr/bin:/sbin:/bin:/usr/games:/usr/local/games
SHELL=/bin/bash
DISPLAY=:0

Signal Handlers:
SIGSEGV: [libjvm.so+0xde5f50], sa_mask[0]=11111111011111111101111111111110, sa_flags=SA_RESTART|SA_SIGINFO
SIGBUS: [libjvm.so+0xde5f50], sa_mask[0]=11111111011111111101111111111110, sa_flags=SA_RESTART|SA_SIGINFO
SIGFPE: [libjvm.so+0xde5f50], sa_mask[0]=11111111011111111101111111111110, sa_flags=SA_RESTART|SA_SIGINFO
SIGPIPE: [libjvm.so+0xbba5b0], sa_mask[0]=11111111011111111101111111111110, sa_flags=SA_RESTART|SA_SIGINFO
SIGXFSZ: [libjvm.so+0xbba5b0], sa_mask[0]=11111111011111111101111111111110, sa_flags=SA_RESTART|SA_SIGINFO
SIGILL: [libjvm.so+0xde5f50], sa_mask[0]=11111111011111111101111111111110, sa_flags=SA_RESTART|SA_SIGINFO
SIGUSR2: [libjvm.so+0xbba450], sa_mask[0]=00100000000000000000000000000000, sa_flags=SA_RESTART|SA_SIGINFO
SIGHUP: [libjvm.so+0xbba7b0], sa_mask[0]=11111111011111111101111111111110, sa_flags=SA_RESTART|SA_SIGINFO
SIGINT: SIG_IGN, sa_mask[0]=00000000000000000000000000000000, sa_flags=none
SIGTERM: [libjvm.so+0xbba7b0], sa_mask[0]=11111111011111111101111111111110, sa_flags=SA_RESTART|SA_SIGINFO
SIGQUIT: [libjvm.so+0xbba7b0], sa_mask[0]=11111111011111111101111111111110, sa_flags=SA_RESTART|SA_SIGINFO


---------------  S Y S T E M  ---------------

OS:DISTRIB_ID=LinuxMint
DISTRIB_RELEASE=19.2
DISTRIB_CODENAME=tina
DISTRIB_DESCRIPTION="Linux Mint 19.2 Tina"
uname:Linux 4.15.0-58-generic #64-Ubuntu SMP Tue Aug 6 11:12:41 UTC 2019 x86_64
libc:glibc 2.27 NPTL 2.27 
rlimit: STACK 8192k, CORE 0k, NPROC 6965, NOFILE 1048576, AS infinity, DATA infinity, FSIZE infinity
load average:10,42 3,21 1,85

/proc/meminfo:
MemTotal:        1897592 kB
MemFree:           67580 kB
MemAvailable:      15348 kB
Buffers:             336 kB
Cached:           162684 kB
SwapCached:          476 kB
Active:          1252204 kB
Inactive:         421788 kB
Active(anon):    1244252 kB
Inactive(anon):   414992 kB
Active(file):       7952 kB
Inactive(file):     6796 kB
Unevictable:          72 kB
Mlocked:              72 kB
SwapTotal:       1301168 kB
SwapFree:              0 kB
Dirty:                80 kB
Writeback:           128 kB
AnonPages:       1510884 kB
Mapped:            66764 kB
Shmem:            147972 kB
Slab:              67864 kB
SReclaimable:      30044 kB
SUnreclaim:        37820 kB
KernelStack:       11312 kB
PageTables:        41656 kB
NFS_Unstable:          0 kB
Bounce:                0 kB
WritebackTmp:          0 kB
CommitLimit:     2249964 kB
Committed_AS:    6059936 kB
VmallocTotal:   34359738367 kB
VmallocUsed:           0 kB
VmallocChunk:          0 kB
HardwareCorrupted:     0 kB
AnonHugePages:         0 kB
ShmemHugePages:        0 kB
ShmemPmdMapped:        0 kB
CmaTotal:              0 kB
CmaFree:               0 kB
HugePages_Total:       0
HugePages_Free:        0
HugePages_Rsvd:        0
HugePages_Surp:        0
Hugepagesize:       2048 kB
DirectMap4k:      134912 kB
DirectMap2M:     1816576 kB


/proc/sys/kernel/threads-max (system-wide limit on the number of threads):
13930


/proc/sys/vm/max_map_count (maximum number of memory map areas a process may have):
65530


/proc/sys/kernel/pid_max (system-wide limit on number of process identifiers):
32768



container (cgroup) information:
container_type: cgroupv1
cpu_cpuset_cpus: 0-1
cpu_memory_nodes: 0
active_processor_count: 2
cpu_quota: -1
cpu_period: 100000
cpu_shares: -1
memory_limit_in_bytes: -1
memory_and_swap_limit_in_bytes: -2
memory_soft_limit_in_bytes: -1
memory_usage_in_bytes: 1713582080
memory_max_usage_in_bytes: 0

Steal ticks since vm start: 0
Steal ticks percentage since vm start:  0,000

CPU:total 2 (initial active 2) (2 cores per cpu, 1 threads per core) family 6 model 76 stepping 3, cmov, cx8, fxsr, mmx, sse, sse2, sse3, ssse3, sse4.1, sse4.2, popcnt, aes, clmul, erms, 3dnowpref, tsc, tscinvbit
CPU Model and flags from /proc/cpuinfo:
model name	: Intel(R) Celeron(R) CPU  N3050  @ 1.60GHz
flags		: fpu vme de pse tsc msr pae mce cx8 apic sep mtrr pge mca cmov pat pse36 clflush dts acpi mmx fxsr sse sse2 ss ht tm pbe syscall nx rdtscp lm constant_tsc arch_perfmon pebs bts rep_good nopl xtopology tsc_reliable nonstop_tsc cpuid aperfmperf tsc_known_freq pni pclmulqdq dtes64 monitor ds_cpl vmx est tm2 ssse3 cx16 xtpr pdcm sse4_1 sse4_2 movbe popcnt tsc_deadline_timer aes rdrand lahf_lm 3dnowprefetch epb pti ibrs ibpb stibp tpr_shadow vnmi flexpriority ept vpid tsc_adjust smep erms dtherm ida arat md_clear

Memory: 4k page, physical 1897592k(67264k free), swap 1301168k(0k free)

vm_info: OpenJDK 64-Bit Server VM (11.0.4+11-post-Ubuntu-1ubuntu218.04.3) for linux-amd64 JRE (11.0.4+11-post-Ubuntu-1ubuntu218.04.3), built on Jul 18 2019 18:21:46 by "buildd" with gcc 7.4.0

END.
