#
# There is insufficient memory for the Java Runtime Environment to continue.
# Native memory allocation (mmap) failed to map 15728640 bytes for committing reserved memory.
# Possible reasons:
#   The system is out of physical RAM or swap space
#   The process is running with CompressedOops enabled, and the Java Heap may be blocking the growth of the native heap
# Possible solutions:
#   Reduce memory load on the system
#   Increase physical memory or swap space
#   Check if swap backing store is full
#   Decrease Java heap size (-Xmx/-Xms)
#   Decrease number of Java threads
#   Decrease Java thread stack sizes (-Xss)
#   Set larger code cache with -XX:ReservedCodeCacheSize=
#   JVM is running with Unscaled Compressed Oops mode in which the Java heap is
#     placed in the first 4GB address space. The Java Heap base address is the
#     maximum limit for the native heap growth. Please use -XX:HeapBaseMinAddress
#     to set the Java Heap base and to place the Java Heap above 4GB virtual address.
# This output file may be truncated or incomplete.
#
#  Out of Memory Error (os_linux.cpp:2893), pid=14337, tid=14354
#
# JRE version: OpenJDK Runtime Environment (11.0.4+11) (build 11.0.4+11-post-Ubuntu-1ubuntu218.04.3)
# Java VM: OpenJDK 64-Bit Server VM (11.0.4+11-post-Ubuntu-1ubuntu218.04.3, mixed mode, sharing, tiered, compressed oops, g1 gc, linux-amd64)
# Core dump will be written. Default location: Core dumps may be processed with "/lib/systemd/systemd-coredump %P %u %g %s %t 9223372036854775808 %e" (or dumping to /home/lizandra/NetBeansProjects/sistema-nutri/core.14337)
#

---------------  S U M M A R Y ------------

Command Line: -Dclassworlds.conf=/home/lizandra/Software/netbeans/java/maven/bin/m2.conf -Dmaven.home=/home/lizandra/Software/netbeans/java/maven -Dmaven.multiModuleProjectDirectory=/home/lizandra/NetBeansProjects/sistema-nutri org.codehaus.plexus.classworlds.launcher.Launcher -Dmaven.ext.class.path=/home/lizandra/Software/netbeans/java/maven-nblib/netbeans-eventspy.jar clean install

Host: Intel(R) Celeron(R) CPU  N3050  @ 1.60GHz, 2 cores, 1G, Linux Mint 19.2 Tina
Time: Tue Nov 26 18:11:21 2019 -03 elapsed time: 165 seconds (0d 0h 2m 45s)

---------------  T H R E A D  ---------------

Current thread (0x00007f4c50085000):  VMThread "VM Thread" [stack: 0x00007f4c54459000,0x00007f4c54559000] [id=14354]

Stack: [0x00007f4c54459000,0x00007f4c54559000],  sp=0x00007f4c54556ff0,  free space=1015k
Native frames: (J=compiled Java code, A=aot compiled Java code, j=interpreted, Vv=VM code, C=native code)
V  [libjvm.so+0xde4547]
V  [libjvm.so+0xde519b]
V  [libjvm.so+0x6511a5]
V  [libjvm.so+0xbbed38]
V  [libjvm.so+0xbb5ebd]
V  [libjvm.so+0x76f53f]
V  [libjvm.so+0x76f7ae]
V  [libjvm.so+0x77b820]
V  [libjvm.so+0x7f6969]
V  [libjvm.so+0x7f75c2]
V  [libjvm.so+0x7f7a29]
V  [libjvm.so+0x72de6f]
V  [libjvm.so+0x732b6a]
V  [libjvm.so+0xdf01e1]
V  [libjvm.so+0xdeeda8]
V  [libjvm.so+0xdec5e6]
V  [libjvm.so+0xdecaf0]
V  [libjvm.so+0xdecf23]
V  [libjvm.so+0xd7aeea]
V  [libjvm.so+0xbc4a5e]

VM_Operation (0x00007f4c5a027f70): G1CollectForAllocation, mode: safepoint, requested by thread 0x00007f4c50012000


---------------  P R O C E S S  ---------------

Threads class SMR info:
_java_thread_list=0x00007f4c500cf4c0, length=9, elements={
0x00007f4c50012000, 0x00007f4c50088000, 0x00007f4c5008a000, 0x00007f4c5008f800,
0x00007f4c50091800, 0x00007f4c50093800, 0x00007f4c50095800, 0x00007f4c500c5000,
0x00007f4c500ce000
}

Java Threads: ( => current thread )
  0x00007f4c50012000 JavaThread "main" [_thread_blocked, id=14348, stack(0x00007f4c59f2b000,0x00007f4c5a02c000)]
  0x00007f4c50088000 JavaThread "Reference Handler" daemon [_thread_blocked, id=14355, stack(0x00007f4c54356000,0x00007f4c54457000)]
  0x00007f4c5008a000 JavaThread "Finalizer" daemon [_thread_blocked, id=14356, stack(0x00007f4c54255000,0x00007f4c54356000)]
  0x00007f4c5008f800 JavaThread "Signal Dispatcher" daemon [_thread_blocked, id=14357, stack(0x00007f4c54154000,0x00007f4c54255000)]
  0x00007f4c50091800 JavaThread "C2 CompilerThread0" daemon [_thread_blocked, id=14358, stack(0x00007f4c54053000,0x00007f4c54154000)]
  0x00007f4c50093800 JavaThread "C1 CompilerThread0" daemon [_thread_blocked, id=14359, stack(0x00007f4c38055000,0x00007f4c38156000)]
  0x00007f4c50095800 JavaThread "Sweeper thread" daemon [_thread_blocked, id=14360, stack(0x00007f4c29c20000,0x00007f4c29d21000)]
  0x00007f4c500c5000 JavaThread "Service Thread" daemon [_thread_blocked, id=14361, stack(0x00007f4c29b1f000,0x00007f4c29c20000)]
  0x00007f4c500ce000 JavaThread "Common-Cleaner" daemon [_thread_blocked, id=14363, stack(0x00007f4c2991c000,0x00007f4c29a1d000)]

Other Threads:
=>0x00007f4c50085000 VMThread "VM Thread" [stack: 0x00007f4c54459000,0x00007f4c54559000] [id=14354]
  0x00007f4c500c7800 WatcherThread [stack: 0x00007f4c29a1f000,0x00007f4c29b1f000] [id=14362]
  0x00007f4c50028000 GCTaskThread "GC Thread#0" [stack: 0x00007f4c55f20000,0x00007f4c56020000] [id=14349]
  0x00007f4c20001000 GCTaskThread "GC Thread#1" [stack: 0x00007f4c293f4000,0x00007f4c294f4000] [id=14364]
  0x00007f4c50037800 ConcurrentGCThread "G1 Main Marker" [stack: 0x00007f4c54ae4000,0x00007f4c54be4000] [id=14350]
  0x00007f4c50039000 ConcurrentGCThread "G1 Conc#0" [stack: 0x00007f4c549e2000,0x00007f4c54ae2000] [id=14351]
  0x00007f4c5005a800 ConcurrentGCThread "G1 Refine#0" [stack: 0x00007f4c546de000,0x00007f4c547de000] [id=14352]
  0x00007f4c24001000 ConcurrentGCThread "G1 Refine#1" [stack: 0x00007f4c292f2000,0x00007f4c293f2000] [id=14365]
  0x00007f4c5005c800 ConcurrentGCThread "G1 Young RemSet Sampling" [stack: 0x00007f4c545dc000,0x00007f4c546dc000] [id=14353]

Threads with active compile tasks:
C1 CompilerThread04039       3       java.util.jar.Manifest$FastInputStream::readLine (296 bytes)

VM state:at safepoint (normal execution)

VM Mutex/Monitor currently owned by a thread:  ([mutex/lock_event])
[0x00007f4c5000e440] Threads_lock - owner thread: 0x00007f4c50085000
[0x00007f4c5000eb90] Heap_lock - owner thread: 0x00007f4c50012000

Heap address: 0x00000000e3000000, size: 464 MB, Compressed Oops mode: 32-bit
Narrow klass base: 0x0000000800000000, Narrow klass shift: 3
Compressed class space size: 1073741824 Address: 0x0000000840000000

Heap:
 garbage-first heap   total 113664K, used 16761K [0x00000000e3000000, 0x0000000100000000)
  region size 1024K, 1 young (1024K), 1 survivors (1024K)
 Metaspace       used 17949K, capacity 19276K, committed 19584K, reserved 1067008K
  class space    used 2079K, capacity 2347K, committed 2432K, reserved 1048576K
Heap Regions: E=young(eden), S=young(survivor), O=old, HS=humongous(starts), HC=humongous(continues), CS=collection set, F=free, A=archive, TAMS=top-at-mark-start (previous, next)
|   0|0x00000000e3000000, 0x00000000e3100000, 0x00000000e3100000|100%| O|  |TAMS 0x00000000e3000000, 0x00000000e3000000| Untracked 
|   1|0x00000000e3100000, 0x00000000e3200000, 0x00000000e3200000|100%| O|  |TAMS 0x00000000e3100000, 0x00000000e3100000| Untracked 
|   2|0x00000000e3200000, 0x00000000e3300000, 0x00000000e3300000|100%| O|  |TAMS 0x00000000e3200000, 0x00000000e3200000| Untracked 
|   3|0x00000000e3300000, 0x00000000e3400000, 0x00000000e3400000|100%| O|  |TAMS 0x00000000e3300000, 0x00000000e3300000| Untracked 
|   4|0x00000000e3400000, 0x00000000e3500000, 0x00000000e3500000|100%| O|  |TAMS 0x00000000e3400000, 0x00000000e3400000| Untracked 
|   5|0x00000000e3500000, 0x00000000e3600000, 0x00000000e3600000|100%| O|  |TAMS 0x00000000e3500000, 0x00000000e3500000| Untracked 
|   6|0x00000000e3600000, 0x00000000e3700000, 0x00000000e3700000|100%| O|  |TAMS 0x00000000e3600000, 0x00000000e3600000| Untracked 
|   7|0x00000000e3700000, 0x00000000e3800000, 0x00000000e3800000|100%| O|  |TAMS 0x00000000e3700000, 0x00000000e3700000| Untracked 
|   8|0x00000000e3800000, 0x00000000e3900000, 0x00000000e3900000|100%| O|  |TAMS 0x00000000e3800000, 0x00000000e3800000| Untracked 
|   9|0x00000000e3900000, 0x00000000e3a00000, 0x00000000e3a00000|100%| O|  |TAMS 0x00000000e3900000, 0x00000000e3900000| Untracked 
|  10|0x00000000e3a00000, 0x00000000e3b00000, 0x00000000e3b00000|100%| O|  |TAMS 0x00000000e3a00000, 0x00000000e3a00000| Untracked 
|  11|0x00000000e3b00000, 0x00000000e3c00000, 0x00000000e3c00000|100%| O|  |TAMS 0x00000000e3b00000, 0x00000000e3b00000| Untracked 
|  12|0x00000000e3c00000, 0x00000000e3d00000, 0x00000000e3d00000|100%| O|  |TAMS 0x00000000e3c00000, 0x00000000e3c00000| Untracked 
|  13|0x00000000e3d00000, 0x00000000e3e00000, 0x00000000e3e00000|100%| O|  |TAMS 0x00000000e3d00000, 0x00000000e3d00000| Untracked 
|  14|0x00000000e3e00000, 0x00000000e3edf600, 0x00000000e3f00000| 87%| O|  |TAMS 0x00000000e3e00000, 0x00000000e3e00000| Untracked 
|  15|0x00000000e3f00000, 0x00000000e3f00000, 0x00000000e4000000|  0%| F|  |TAMS 0x00000000e3f00000, 0x00000000e3f00000| Untracked 
|  16|0x00000000e4000000, 0x00000000e4000000, 0x00000000e4100000|  0%| F|  |TAMS 0x00000000e4000000, 0x00000000e4000000| Untracked 
|  17|0x00000000e4100000, 0x00000000e4100000, 0x00000000e4200000|  0%| F|  |TAMS 0x00000000e4100000, 0x00000000e4100000| Untracked 
|  18|0x00000000e4200000, 0x00000000e4200000, 0x00000000e4300000|  0%| F|  |TAMS 0x00000000e4200000, 0x00000000e4200000| Untracked 
|  19|0x00000000e4300000, 0x00000000e4300000, 0x00000000e4400000|  0%| F|  |TAMS 0x00000000e4300000, 0x00000000e4300000| Untracked 
|  20|0x00000000e4400000, 0x00000000e4400000, 0x00000000e4500000|  0%| F|  |TAMS 0x00000000e4400000, 0x00000000e4400000| Untracked 
|  21|0x00000000e4500000, 0x00000000e4500000, 0x00000000e4600000|  0%| F|  |TAMS 0x00000000e4500000, 0x00000000e4500000| Untracked 
|  22|0x00000000e4600000, 0x00000000e4600000, 0x00000000e4700000|  0%| F|  |TAMS 0x00000000e4600000, 0x00000000e4600000| Untracked 
|  23|0x00000000e4700000, 0x00000000e4700000, 0x00000000e4800000|  0%| F|  |TAMS 0x00000000e4700000, 0x00000000e4700000| Untracked 
|  24|0x00000000e4800000, 0x00000000e4800000, 0x00000000e4900000|  0%| F|  |TAMS 0x00000000e4800000, 0x00000000e4800000| Untracked 
|  25|0x00000000e4900000, 0x00000000e4900000, 0x00000000e4a00000|  0%| F|  |TAMS 0x00000000e4900000, 0x00000000e4900000| Untracked 
|  26|0x00000000e4a00000, 0x00000000e4a00000, 0x00000000e4b00000|  0%| F|  |TAMS 0x00000000e4a00000, 0x00000000e4a00000| Untracked 
|  27|0x00000000e4b00000, 0x00000000e4b00000, 0x00000000e4c00000|  0%| F|  |TAMS 0x00000000e4b00000, 0x00000000e4b00000| Untracked 
|  28|0x00000000e4c00000, 0x00000000e4c00000, 0x00000000e4d00000|  0%| F|  |TAMS 0x00000000e4c00000, 0x00000000e4c00000| Untracked 
|  29|0x00000000e4d00000, 0x00000000e4d00000, 0x00000000e4e00000|  0%| F|  |TAMS 0x00000000e4d00000, 0x00000000e4d00000| Untracked 
|  30|0x00000000e4e00000, 0x00000000e4e00000, 0x00000000e4f00000|  0%| F|  |TAMS 0x00000000e4e00000, 0x00000000e4e00000| Untracked 
|  31|0x00000000e4f00000, 0x00000000e4f00000, 0x00000000e5000000|  0%| F|  |TAMS 0x00000000e4f00000, 0x00000000e4f00000| Untracked 
|  32|0x00000000e5000000, 0x00000000e5000000, 0x00000000e5100000|  0%| F|  |TAMS 0x00000000e5000000, 0x00000000e5000000| Untracked 
|  33|0x00000000e5100000, 0x00000000e5100000, 0x00000000e5200000|  0%| F|  |TAMS 0x00000000e5100000, 0x00000000e5100000| Untracked 
|  34|0x00000000e5200000, 0x00000000e5200000, 0x00000000e5300000|  0%| F|  |TAMS 0x00000000e5200000, 0x00000000e5200000| Untracked 
|  35|0x00000000e5300000, 0x00000000e5300000, 0x00000000e5400000|  0%| F|  |TAMS 0x00000000e5300000, 0x00000000e5300000| Untracked 
|  36|0x00000000e5400000, 0x00000000e5400000, 0x00000000e5500000|  0%| F|  |TAMS 0x00000000e5400000, 0x00000000e5400000| Untracked 
|  37|0x00000000e5500000, 0x00000000e5500000, 0x00000000e5600000|  0%| F|  |TAMS 0x00000000e5500000, 0x00000000e5500000| Untracked 
|  38|0x00000000e5600000, 0x00000000e5600000, 0x00000000e5700000|  0%| F|  |TAMS 0x00000000e5600000, 0x00000000e5600000| Untracked 
|  39|0x00000000e5700000, 0x00000000e5700000, 0x00000000e5800000|  0%| F|  |TAMS 0x00000000e5700000, 0x00000000e5700000| Untracked 
|  40|0x00000000e5800000, 0x00000000e5800000, 0x00000000e5900000|  0%| F|  |TAMS 0x00000000e5800000, 0x00000000e5800000| Untracked 
|  41|0x00000000e5900000, 0x00000000e5900000, 0x00000000e5a00000|  0%| F|  |TAMS 0x00000000e5900000, 0x00000000e5900000| Untracked 
|  42|0x00000000e5a00000, 0x00000000e5a00000, 0x00000000e5b00000|  0%| F|  |TAMS 0x00000000e5a00000, 0x00000000e5a00000| Untracked 
|  43|0x00000000e5b00000, 0x00000000e5b00000, 0x00000000e5c00000|  0%| F|  |TAMS 0x00000000e5b00000, 0x00000000e5b00000| Untracked 
|  44|0x00000000e5c00000, 0x00000000e5c00000, 0x00000000e5d00000|  0%| F|  |TAMS 0x00000000e5c00000, 0x00000000e5c00000| Untracked 
|  45|0x00000000e5d00000, 0x00000000e5d00000, 0x00000000e5e00000|  0%| F|  |TAMS 0x00000000e5d00000, 0x00000000e5d00000| Untracked 
|  46|0x00000000e5e00000, 0x00000000e5e00000, 0x00000000e5f00000|  0%| F|  |TAMS 0x00000000e5e00000, 0x00000000e5e00000| Untracked 
|  47|0x00000000e5f00000, 0x00000000e5f00000, 0x00000000e6000000|  0%| F|  |TAMS 0x00000000e5f00000, 0x00000000e5f00000| Untracked 
|  48|0x00000000e6000000, 0x00000000e6000000, 0x00000000e6100000|  0%| F|  |TAMS 0x00000000e6000000, 0x00000000e6000000| Untracked 
|  49|0x00000000e6100000, 0x00000000e6100000, 0x00000000e6200000|  0%| F|  |TAMS 0x00000000e6100000, 0x00000000e6100000| Untracked 
|  50|0x00000000e6200000, 0x00000000e6200000, 0x00000000e6300000|  0%| F|  |TAMS 0x00000000e6200000, 0x00000000e6200000| Untracked 
|  51|0x00000000e6300000, 0x00000000e6300000, 0x00000000e6400000|  0%| F|  |TAMS 0x00000000e6300000, 0x00000000e6300000| Untracked 
|  52|0x00000000e6400000, 0x00000000e6400000, 0x00000000e6500000|  0%| F|  |TAMS 0x00000000e6400000, 0x00000000e6400000| Untracked 
|  53|0x00000000e6500000, 0x00000000e6500000, 0x00000000e6600000|  0%| F|  |TAMS 0x00000000e6500000, 0x00000000e6500000| Untracked 
|  54|0x00000000e6600000, 0x00000000e6600000, 0x00000000e6700000|  0%| F|  |TAMS 0x00000000e6600000, 0x00000000e6600000| Untracked 
|  55|0x00000000e6700000, 0x00000000e6700000, 0x00000000e6800000|  0%| F|  |TAMS 0x00000000e6700000, 0x00000000e6700000| Untracked 
|  56|0x00000000e6800000, 0x00000000e6800000, 0x00000000e6900000|  0%| F|  |TAMS 0x00000000e6800000, 0x00000000e6800000| Untracked 
|  57|0x00000000e6900000, 0x00000000e6900000, 0x00000000e6a00000|  0%| F|  |TAMS 0x00000000e6900000, 0x00000000e6900000| Untracked 
|  58|0x00000000e6a00000, 0x00000000e6a00000, 0x00000000e6b00000|  0%| F|  |TAMS 0x00000000e6a00000, 0x00000000e6a00000| Untracked 
|  59|0x00000000e6b00000, 0x00000000e6b00000, 0x00000000e6c00000|  0%| F|  |TAMS 0x00000000e6b00000, 0x00000000e6b00000| Untracked 
|  60|0x00000000e6c00000, 0x00000000e6c00000, 0x00000000e6d00000|  0%| F|  |TAMS 0x00000000e6c00000, 0x00000000e6c00000| Untracked 
|  61|0x00000000e6d00000, 0x00000000e6d00000, 0x00000000e6e00000|  0%| F|  |TAMS 0x00000000e6d00000, 0x00000000e6d00000| Untracked 
|  62|0x00000000e6e00000, 0x00000000e6e00000, 0x00000000e6f00000|  0%| F|  |TAMS 0x00000000e6e00000, 0x00000000e6e00000| Untracked 
|  63|0x00000000e6f00000, 0x00000000e6f00000, 0x00000000e7000000|  0%| F|  |TAMS 0x00000000e6f00000, 0x00000000e6f00000| Untracked 
|  64|0x00000000e7000000, 0x00000000e7000000, 0x00000000e7100000|  0%| F|  |TAMS 0x00000000e7000000, 0x00000000e7000000| Untracked 
|  65|0x00000000e7100000, 0x00000000e7100000, 0x00000000e7200000|  0%| F|  |TAMS 0x00000000e7100000, 0x00000000e7100000| Untracked 
|  66|0x00000000e7200000, 0x00000000e7200000, 0x00000000e7300000|  0%| F|  |TAMS 0x00000000e7200000, 0x00000000e7200000| Untracked 
|  67|0x00000000e7300000, 0x00000000e7300000, 0x00000000e7400000|  0%| F|  |TAMS 0x00000000e7300000, 0x00000000e7300000| Untracked 
|  68|0x00000000e7400000, 0x00000000e7400000, 0x00000000e7500000|  0%| F|  |TAMS 0x00000000e7400000, 0x00000000e7400000| Untracked 
|  69|0x00000000e7500000, 0x00000000e7500000, 0x00000000e7600000|  0%| F|  |TAMS 0x00000000e7500000, 0x00000000e7500000| Untracked 
|  70|0x00000000e7600000, 0x00000000e7600000, 0x00000000e7700000|  0%| F|  |TAMS 0x00000000e7600000, 0x00000000e7600000| Untracked 
|  71|0x00000000e7700000, 0x00000000e7700000, 0x00000000e7800000|  0%| F|  |TAMS 0x00000000e7700000, 0x00000000e7700000| Untracked 
|  72|0x00000000e7800000, 0x00000000e7800000, 0x00000000e7900000|  0%| F|  |TAMS 0x00000000e7800000, 0x00000000e7800000| Untracked 
|  73|0x00000000e7900000, 0x00000000e7900000, 0x00000000e7a00000|  0%| F|  |TAMS 0x00000000e7900000, 0x00000000e7900000| Untracked 
|  74|0x00000000e7a00000, 0x00000000e7a00000, 0x00000000e7b00000|  0%| F|  |TAMS 0x00000000e7a00000, 0x00000000e7a00000| Untracked 
|  75|0x00000000e7b00000, 0x00000000e7b00000, 0x00000000e7c00000|  0%| F|  |TAMS 0x00000000e7b00000, 0x00000000e7b00000| Untracked 
|  76|0x00000000e7c00000, 0x00000000e7c00000, 0x00000000e7d00000|  0%| F|  |TAMS 0x00000000e7c00000, 0x00000000e7c00000| Untracked 
|  77|0x00000000e7d00000, 0x00000000e7d00000, 0x00000000e7e00000|  0%| F|  |TAMS 0x00000000e7d00000, 0x00000000e7d00000| Untracked 
|  78|0x00000000e7e00000, 0x00000000e7e00000, 0x00000000e7f00000|  0%| F|  |TAMS 0x00000000e7e00000, 0x00000000e7e00000| Untracked 
|  79|0x00000000e7f00000, 0x00000000e7f00000, 0x00000000e8000000|  0%| F|  |TAMS 0x00000000e7f00000, 0x00000000e7f00000| Untracked 
|  80|0x00000000e8000000, 0x00000000e8000000, 0x00000000e8100000|  0%| F|  |TAMS 0x00000000e8000000, 0x00000000e8000000| Untracked 
|  81|0x00000000e8100000, 0x00000000e8100000, 0x00000000e8200000|  0%| F|  |TAMS 0x00000000e8100000, 0x00000000e8100000| Untracked 
|  82|0x00000000e8200000, 0x00000000e8200000, 0x00000000e8300000|  0%| F|  |TAMS 0x00000000e8200000, 0x00000000e8200000| Untracked 
|  83|0x00000000e8300000, 0x00000000e8300000, 0x00000000e8400000|  0%| F|  |TAMS 0x00000000e8300000, 0x00000000e8300000| Untracked 
|  84|0x00000000e8400000, 0x00000000e8400000, 0x00000000e8500000|  0%| F|  |TAMS 0x00000000e8400000, 0x00000000e8400000| Untracked 
|  85|0x00000000e8500000, 0x00000000e8500000, 0x00000000e8600000|  0%| F|  |TAMS 0x00000000e8500000, 0x00000000e8500000| Untracked 
|  86|0x00000000e8600000, 0x00000000e8600000, 0x00000000e8700000|  0%| F|  |TAMS 0x00000000e8600000, 0x00000000e8600000| Untracked 
|  87|0x00000000e8700000, 0x00000000e8700000, 0x00000000e8800000|  0%| F|  |TAMS 0x00000000e8700000, 0x00000000e8700000| Untracked 
|  88|0x00000000e8800000, 0x00000000e8800000, 0x00000000e8900000|  0%| F|  |TAMS 0x00000000e8800000, 0x00000000e8800000| Untracked 
|  89|0x00000000e8900000, 0x00000000e8900000, 0x00000000e8a00000|  0%| F|  |TAMS 0x00000000e8900000, 0x00000000e8900000| Untracked 
|  90|0x00000000e8a00000, 0x00000000e8a00000, 0x00000000e8b00000|  0%| F|  |TAMS 0x00000000e8a00000, 0x00000000e8a00000| Untracked 
|  91|0x00000000e8b00000, 0x00000000e8b00000, 0x00000000e8c00000|  0%| F|  |TAMS 0x00000000e8b00000, 0x00000000e8b00000| Untracked 
|  92|0x00000000e8c00000, 0x00000000e8ce10d0, 0x00000000e8d00000| 87%| S|CS|TAMS 0x00000000e8c00000, 0x00000000e8c00000| Complete 
|  93|0x00000000e8d00000, 0x00000000e8d00000, 0x00000000e8e00000|  0%| F|  |TAMS 0x00000000e8d00000, 0x00000000e8d00000| Untracked 
| 462|0x00000000ffe00000, 0x00000000ffe34000, 0x00000000fff00000| 20%|OA|  |TAMS 0x00000000ffe00000, 0x00000000ffe00000| Untracked 
| 463|0x00000000fff00000, 0x00000000fff6a000, 0x0000000100000000| 41%|CA|  |TAMS 0x00000000fff00000, 0x00000000fff00000| Untracked 

Card table byte_map: [0x00007f4c55b4c000,0x00007f4c55c34000] _byte_map_base: 0x00007f4c55434000

Marking Bits (Prev, Next): (CMBitMap*) 0x00007f4c50034a88, (CMBitMap*) 0x00007f4c50034ac0
 Prev Bits: [0x00007f4c55324000, 0x00007f4c55a64000)
 Next Bits: [0x00007f4c54be4000, 0x00007f4c55324000)

Polling page: 0x00007f4c5a043000

Metaspace:

Usage:
  Non-class:     16,53 MB capacity,    15,50 MB ( 94%) used,     1,01 MB (  6%) free+waste,    25,50 KB ( <1%) overhead. 
      Class:      2,29 MB capacity,     2,03 MB ( 89%) used,   255,25 KB ( 11%) free+waste,    11,81 KB ( <1%) overhead. 
       Both:     18,82 MB capacity,    17,53 MB ( 93%) used,     1,26 MB (  7%) free+waste,    37,31 KB ( <1%) overhead. 

Virtual space:
  Non-class space:       18,00 MB reserved,      16,75 MB ( 93%) committed 
      Class space:        1,00 GB reserved,       2,38 MB ( <1%) committed 
             Both:        1,02 GB reserved,      19,12 MB (  2%) committed 

Chunk freelists:
   Non-Class:  31,00 KB
       Class:  21,00 KB
        Both:  52,00 KB

CodeHeap 'non-profiled nmethods': size=120036Kb used=1809Kb max_used=1809Kb free=118226Kb
 bounds [0x00007f4c4041d000, 0x00007f4c4068d000, 0x00007f4c47956000]
CodeHeap 'profiled nmethods': size=120032Kb used=8307Kb max_used=8307Kb free=111725Kb
 bounds [0x00007f4c38ee5000, 0x00007f4c39705000, 0x00007f4c4041d000]
CodeHeap 'non-nmethods': size=5692Kb used=1098Kb max_used=1141Kb free=4593Kb
 bounds [0x00007f4c38956000, 0x00007f4c38bc6000, 0x00007f4c38ee5000]
 total_blobs=5081 nmethods=3923 adapters=329
 compilation: enabled
              stopped_count=0, restarted_count=0
 full_count=0

Compilation events (10 events):
Event: 141,855 Thread 0x00007f4c50091800 nmethod 4032 0x00007f4c405e0990 code [0x00007f4c405e0b40, 0x00007f4c405e0d08]
Event: 142,033 Thread 0x00007f4c50091800 4033       4       java.util.AbstractCollection::<init> (5 bytes)
Event: 142,994 Thread 0x00007f4c50091800 nmethod 4033 0x00007f4c405e0f10 code [0x00007f4c405e10a0, 0x00007f4c405e1118]
Event: 146,637 Thread 0x00007f4c50093800 4034       3       java.util.WeakHashMap::keySet (25 bytes)
Event: 147,149 Thread 0x00007f4c50093800 nmethod 4034 0x00007f4c39700e90 code [0x00007f4c39701060, 0x00007f4c397014b0]
Event: 147,168 Thread 0x00007f4c50093800 4036       1       java.util.Collections::emptyIterator (4 bytes)
Event: 147,216 Thread 0x00007f4c50093800 nmethod 4036 0x00007f4c405e1190 code [0x00007f4c405e1340, 0x00007f4c405e1430]
Event: 147,216 Thread 0x00007f4c50093800 4035       3       java.util.WeakHashMap$KeySet::<init> (10 bytes)
Event: 151,217 Thread 0x00007f4c50093800 nmethod 4035 0x00007f4c39701610 code [0x00007f4c397017e0, 0x00007f4c39701ad0]
Event: 154,339 Thread 0x00007f4c50093800 4039       3       java.util.jar.Manifest$FastInputStream::readLine (296 bytes)

GC Heap History (10 events):
Event: 23,723 GC heap after
{Heap after GC invocations=21 (full 0):
 garbage-first heap   total 98304K, used 9973K [0x00000000e3000000, 0x0000000100000000)
  region size 1024K, 2 young (2048K), 2 survivors (2048K)
 Metaspace       used 12931K, capacity 14584K, committed 14848K, reserved 1062912K
  class space    used 1502K, capacity 1736K, committed 1792K, reserved 1048576K
}
Event: 25,798 GC heap before
{Heap before GC invocations=21 (full 0):
 garbage-first heap   total 98304K, used 28405K [0x00000000e3000000, 0x0000000100000000)
  region size 1024K, 20 young (20480K), 2 survivors (2048K)
 Metaspace       used 13584K, capacity 15193K, committed 15488K, reserved 1062912K
  class space    used 1576K, capacity 1811K, committed 1920K, reserved 1048576K
}
Event: 25,834 GC heap after
{Heap after GC invocations=22 (full 0):
 garbage-first heap   total 98304K, used 11198K [0x00000000e3000000, 0x0000000100000000)
  region size 1024K, 3 young (3072K), 3 survivors (3072K)
 Metaspace       used 13584K, capacity 15193K, committed 15488K, reserved 1062912K
  class space    used 1576K, capacity 1811K, committed 1920K, reserved 1048576K
}
Event: 27,489 GC heap before
{Heap before GC invocations=22 (full 0):
 garbage-first heap   total 98304K, used 33726K [0x00000000e3000000, 0x0000000100000000)
  region size 1024K, 25 young (25600K), 3 survivors (3072K)
 Metaspace       used 13819K, capacity 15385K, committed 15744K, reserved 1062912K
  class space    used 1577K, capacity 1811K, committed 1920K, reserved 1048576K
}
Event: 27,515 GC heap after
{Heap after GC invocations=23 (full 0):
 garbage-first heap   total 98304K, used 12301K [0x00000000e3000000, 0x0000000100000000)
  region size 1024K, 3 young (3072K), 3 survivors (3072K)
 Metaspace       used 13819K, capacity 15385K, committed 15744K, reserved 1062912K
  class space    used 1577K, capacity 1811K, committed 1920K, reserved 1048576K
}
Event: 31,153 GC heap before
{Heap before GC invocations=23 (full 0):
 garbage-first heap   total 98304K, used 47117K [0x00000000e3000000, 0x0000000100000000)
  region size 1024K, 37 young (37888K), 3 survivors (3072K)
 Metaspace       used 14736K, capacity 16219K, committed 16384K, reserved 1062912K
  class space    used 1687K, capacity 1921K, committed 2048K, reserved 1048576K
}
Event: 31,196 GC heap after
{Heap after GC invocations=24 (full 0):
 garbage-first heap   total 98304K, used 13782K [0x00000000e3000000, 0x0000000100000000)
  region size 1024K, 4 young (4096K), 4 survivors (4096K)
 Metaspace       used 14736K, capacity 16219K, committed 16384K, reserved 1062912K
  class space    used 1687K, capacity 1921K, committed 2048K, reserved 1048576K
}
Event: 148,308 GC heap before
{Heap before GC invocations=24 (full 0):
 garbage-first heap   total 98304K, used 60886K [0x00000000e3000000, 0x0000000100000000)
  region size 1024K, 51 young (52224K), 4 survivors (4096K)
 Metaspace       used 17949K, capacity 19276K, committed 19584K, reserved 1067008K
  class space    used 2079K, capacity 2347K, committed 2432K, reserved 1048576K
}
Event: 150,167 GC heap after
{Heap after GC invocations=25 (full 0):
 garbage-first heap   total 98304K, used 16125K [0x00000000e3000000, 0x0000000100000000)
  region size 1024K, 5 young (5120K), 5 survivors (5120K)
 Metaspace       used 17949K, capacity 19276K, committed 19584K, reserved 1067008K
  class space    used 2079K, capacity 2347K, committed 2432K, reserved 1048576K
}
Event: 157,247 GC heap before
{Heap before GC invocations=25 (full 0):
 garbage-first heap   total 98304K, used 16125K [0x00000000e3000000, 0x0000000100000000)
  region size 1024K, 6 young (6144K), 5 survivors (5120K)
 Metaspace       used 17949K, capacity 19276K, committed 19584K, reserved 1067008K
  class space    used 2079K, capacity 2347K, committed 2432K, reserved 1048576K
}

Deoptimization events (10 events):
Event: 77,659 Thread 0x00007f4c50012000 DEOPT PACKING pc=0x00007f4c395af403 sp=0x00007f4c5a0291a0
Event: 77,659 Thread 0x00007f4c50012000 DEOPT UNPACKING pc=0x00007f4c3897dc2b sp=0x00007f4c5a028658 mode 0
Event: 140,343 Thread 0x00007f4c50012000 DEOPT PACKING pc=0x00007f4c390f4c87 sp=0x00007f4c5a028670
Event: 140,858 Thread 0x00007f4c50012000 DEOPT UNPACKING pc=0x00007f4c3897dc2b sp=0x00007f4c5a027c08 mode 0
Event: 140,890 Thread 0x00007f4c50012000 DEOPT PACKING pc=0x00007f4c390f0ad1 sp=0x00007f4c5a0289a0
Event: 140,890 Thread 0x00007f4c50012000 DEOPT UNPACKING pc=0x00007f4c3897dc2b sp=0x00007f4c5a027ed0 mode 0
Event: 147,273 Thread 0x00007f4c50012000 Uncommon trap: trap_request=0xffffff4d fr.pc=0x00007f4c405883f8 relative=0x0000000000000438
Event: 147,275 Thread 0x00007f4c50012000 Uncommon trap: reason=unstable_if action=reinterpret pc=0x00007f4c405883f8 method=java.util.jar.Manifest$FastInputStream.readLine([BII)I @ 90 c2
Event: 147,277 Thread 0x00007f4c50012000 DEOPT PACKING pc=0x00007f4c405883f8 sp=0x00007f4c5a0286c0
Event: 147,280 Thread 0x00007f4c50012000 DEOPT UNPACKING pc=0x00007f4c3897de1f sp=0x00007f4c5a028650 mode 2

Classes redefined (0 events):
No events

Internal exceptions (10 events):
Event: 1,606 Thread 0x00007f4c50012000 Exception <a 'java/security/PrivilegedActionException'{0x00000000e4bbcc60}> (0x00000000e4bbcc60) thrown at [/build/openjdk-lts-7bqZff/openjdk-lts-11.0.4+11/src/hotspot/share/prims/jvm.cpp, line 1300]
Event: 1,607 Thread 0x00007f4c50012000 Exception <a 'java/security/PrivilegedActionException'{0x00000000e4bbd1d8}> (0x00000000e4bbd1d8) thrown at [/build/openjdk-lts-7bqZff/openjdk-lts-11.0.4+11/src/hotspot/share/prims/jvm.cpp, line 1300]
Event: 2,631 Thread 0x00007f4c50012000 Exception <a 'java/lang/NoSuchMethodError'{0x00000000e4832f88}: 'int java.lang.invoke.DirectMethodHandle$Holder.invokeSpecialIFC(java.lang.Object, java.lang.Object, int)'> (0x00000000e4832f88) thrown at [/build/openjdk-lts-7bqZff/openjdk-lts-11.0.4+11/src
Event: 14,817 Thread 0x00007f4c50012000 Exception <a 'java/lang/NoClassDefFoundError'{0x00000000e8a9c5c8}: com/google/inject/servlet/ServletModuleTargetVisitor> (0x00000000e8a9c5c8) thrown at [/build/openjdk-lts-7bqZff/openjdk-lts-11.0.4+11/src/hotspot/share/classfile/systemDictionary.cpp, line
Event: 14,819 Thread 0x00007f4c50012000 Exception <a 'java/lang/NoClassDefFoundError'{0x00000000e8a9c5c8}> (0x00000000e8a9c5c8) thrown at [/build/openjdk-lts-7bqZff/openjdk-lts-11.0.4+11/src/hotspot/share/prims/jvm.cpp, line 1304]
Event: 14,820 Thread 0x00007f4c50012000 Exception <a 'java/lang/NoClassDefFoundError'{0x00000000e8a9f380}: javax/annotation/Priority> (0x00000000e8a9f380) thrown at [/build/openjdk-lts-7bqZff/openjdk-lts-11.0.4+11/src/hotspot/share/classfile/systemDictionary.cpp, line 220]
Event: 16,914 Thread 0x00007f4c50012000 Implicit null exception at 0x00007f4c404b6a9d to 0x00007f4c404b6b86
Event: 18,488 Thread 0x00007f4c50012000 Implicit null exception at 0x00007f4c40493405 to 0x00007f4c404935e2
Event: 33,220 Thread 0x00007f4c50012000 Exception <a 'java/lang/NoClassDefFoundError'{0x00000000e8dd1688}: org/codehaus/plexus/util/interpolation/ValueSource> (0x00000000e8dd1688) thrown at [/build/openjdk-lts-7bqZff/openjdk-lts-11.0.4+11/src/hotspot/share/classfile/systemDictionary.cpp, line 2
Event: 36,766 Thread 0x00007f4c50012000 Exception <a 'java/lang/NoClassDefFoundError'{0x00000000e8917158}: org/sonatype/aether/version/VersionConstraint> (0x00000000e8917158) thrown at [/build/openjdk-lts-7bqZff/openjdk-lts-11.0.4+11/src/hotspot/share/classfile/systemDictionary.cpp, line 220]

Events (10 events):
Event: 145,834 loading class jdk/internal/jimage/ImageBufferCache done
Event: 145,949 loading class jdk/internal/jimage/ImageBufferCache$1
Event: 145,961 loading class jdk/internal/jimage/ImageBufferCache$1 done
Event: 145,981 loading class jdk/internal/jimage/ImageBufferCache$2
Event: 145,989 loading class jdk/internal/jimage/ImageBufferCache$2 done
Event: 145,991 loading class jdk/internal/jimage/ImageBufferCache$BufferReference
Event: 146,009 loading class jdk/internal/jimage/ImageBufferCache$BufferReference done
Event: 147,595 Executing VM operation: G1CollectForAllocation
Event: 150,538 Executing VM operation: G1CollectForAllocation done
Event: 154,374 Executing VM operation: G1CollectForAllocation


Dynamic libraries:
e3000000-e8e00000 rw-p 00000000 00:00 0 
e9d00000-ffe00000 ---p 00000000 00:00 0 
ffe00000-ffe34000 rw-p 01116000 b3:06 1437553                            /usr/lib/jvm/java-11-openjdk-amd64/lib/server/classes.jsa
ffe34000-fff00000 rw-p 00000000 00:00 0 
fff00000-fff6a000 rw-p 010ac000 b3:06 1437553                            /usr/lib/jvm/java-11-openjdk-amd64/lib/server/classes.jsa
fff6a000-100000000 rw-p 00000000 00:00 0 
800000000-800002000 rwxp 00001000 b3:06 1437553                          /usr/lib/jvm/java-11-openjdk-amd64/lib/server/classes.jsa
800002000-8003bd000 rw-p 00003000 b3:06 1437553                          /usr/lib/jvm/java-11-openjdk-amd64/lib/server/classes.jsa
8003bd000-800a98000 r--p 003be000 b3:06 1437553                          /usr/lib/jvm/java-11-openjdk-amd64/lib/server/classes.jsa
800a98000-800a99000 rw-p 00a99000 b3:06 1437553                          /usr/lib/jvm/java-11-openjdk-amd64/lib/server/classes.jsa
800a99000-8010ab000 r--p 00a9a000 b3:06 1437553                          /usr/lib/jvm/java-11-openjdk-amd64/lib/server/classes.jsa
840000000-840260000 rw-p 00000000 00:00 0 
840260000-880000000 ---p 00000000 00:00 0 
5637c53db000-5637c53dc000 r-xp 00000000 b3:06 1441529                    /usr/lib/jvm/java-11-openjdk-amd64/bin/java
5637c55dc000-5637c55dd000 r--p 00001000 b3:06 1441529                    /usr/lib/jvm/java-11-openjdk-amd64/bin/java
5637c55dd000-5637c55de000 rw-p 00002000 b3:06 1441529                    /usr/lib/jvm/java-11-openjdk-amd64/bin/java
5637c759c000-5637c75bd000 rw-p 00000000 00:00 0                          [heap]
7f4bfc000000-7f4bfc021000 rw-p 00000000 00:00 0 
7f4bfc021000-7f4c00000000 ---p 00000000 00:00 0 
7f4c00000000-7f4c00021000 rw-p 00000000 00:00 0 
7f4c00021000-7f4c04000000 ---p 00000000 00:00 0 
7f4c04000000-7f4c0459c000 rw-p 00000000 00:00 0 
7f4c0459c000-7f4c08000000 ---p 00000000 00:00 0 
7f4c08000000-7f4c08021000 rw-p 00000000 00:00 0 
7f4c08021000-7f4c0c000000 ---p 00000000 00:00 0 
7f4c0c000000-7f4c0c021000 rw-p 00000000 00:00 0 
7f4c0c021000-7f4c10000000 ---p 00000000 00:00 0 
7f4c10000000-7f4c11f90000 rw-p 00000000 00:00 0 
7f4c11f90000-7f4c14000000 ---p 00000000 00:00 0 
7f4c14000000-7f4c14021000 rw-p 00000000 00:00 0 
7f4c14021000-7f4c18000000 ---p 00000000 00:00 0 
7f4c18000000-7f4c18021000 rw-p 00000000 00:00 0 
7f4c18021000-7f4c1c000000 ---p 00000000 00:00 0 
7f4c1c000000-7f4c1c021000 rw-p 00000000 00:00 0 
7f4c1c021000-7f4c20000000 ---p 00000000 00:00 0 
7f4c20000000-7f4c20095000 rw-p 00000000 00:00 0 
7f4c20095000-7f4c24000000 ---p 00000000 00:00 0 
7f4c24000000-7f4c24021000 rw-p 00000000 00:00 0 
7f4c24021000-7f4c28000000 ---p 00000000 00:00 0 
7f4c288f0000-7f4c289b0000 rw-p 00000000 00:00 0 
7f4c289b0000-7f4c28af0000 ---p 00000000 00:00 0 
7f4c28af0000-7f4c28cf0000 rw-p 00000000 00:00 0 
7f4c28cf0000-7f4c28ef0000 rw-p 00000000 00:00 0 
7f4c28ef0000-7f4c290f0000 rw-p 00000000 00:00 0 
7f4c290f0000-7f4c292f0000 rw-p 00000000 00:00 0 
7f4c292f0000-7f4c292f1000 ---p 00000000 00:00 0 
7f4c292f1000-7f4c293f2000 rw-p 00000000 00:00 0 
7f4c293f2000-7f4c293f3000 ---p 00000000 00:00 0 
7f4c293f3000-7f4c294f4000 rw-p 00000000 00:00 0 
7f4c294f4000-7f4c2950a000 r-xp 00000000 b3:06 1441803                    /usr/lib/jvm/java-11-openjdk-amd64/lib/libnet.so
7f4c2950a000-7f4c29709000 ---p 00016000 b3:06 1441803                    /usr/lib/jvm/java-11-openjdk-amd64/lib/libnet.so
7f4c29709000-7f4c2970a000 r--p 00015000 b3:06 1441803                    /usr/lib/jvm/java-11-openjdk-amd64/lib/libnet.so
7f4c2970a000-7f4c2970b000 rw-p 00016000 b3:06 1441803                    /usr/lib/jvm/java-11-openjdk-amd64/lib/libnet.so
7f4c2970b000-7f4c2971b000 r-xp 00000000 b3:06 1441805                    /usr/lib/jvm/java-11-openjdk-amd64/lib/libnio.so
7f4c2971b000-7f4c2991a000 ---p 00010000 b3:06 1441805                    /usr/lib/jvm/java-11-openjdk-amd64/lib/libnio.so
7f4c2991a000-7f4c2991b000 r--p 0000f000 b3:06 1441805                    /usr/lib/jvm/java-11-openjdk-amd64/lib/libnio.so
7f4c2991b000-7f4c2991c000 rw-p 00010000 b3:06 1441805                    /usr/lib/jvm/java-11-openjdk-amd64/lib/libnio.so
7f4c2991c000-7f4c29920000 ---p 00000000 00:00 0 
7f4c29920000-7f4c29a1d000 rw-p 00000000 00:00 0 
7f4c29a1d000-7f4c29a1e000 ---p 00000000 00:00 0 
7f4c29a1e000-7f4c29b1f000 rw-p 00000000 00:00 0 
7f4c29b1f000-7f4c29b23000 ---p 00000000 00:00 0 
7f4c29b23000-7f4c29c20000 rw-p 00000000 00:00 0 
7f4c29c20000-7f4c29c24000 ---p 00000000 00:00 0 
7f4c29c24000-7f4c29d21000 rw-p 00000000 00:00 0 
7f4c29d21000-7f4c2a000000 r--p 00000000 b3:06 1443645                    /usr/lib/locale/locale-archive
7f4c2a000000-7f4c2c000000 rw-p 00000000 00:00 0 
7f4c2c000000-7f4c2c021000 rw-p 00000000 00:00 0 
7f4c2c021000-7f4c30000000 ---p 00000000 00:00 0 
7f4c30000000-7f4c30021000 rw-p 00000000 00:00 0 
7f4c30021000-7f4c34000000 ---p 00000000 00:00 0 
7f4c34000000-7f4c34021000 rw-p 00000000 00:00 0 
7f4c34021000-7f4c38000000 ---p 00000000 00:00 0 
7f4c38055000-7f4c38059000 ---p 00000000 00:00 0 
7f4c38059000-7f4c38956000 rw-p 00000000 00:00 0 
7f4c38956000-7f4c38bc6000 rwxp 00000000 00:00 0 
7f4c38bc6000-7f4c38ee5000 ---p 00000000 00:00 0 
7f4c38ee5000-7f4c39705000 rwxp 00000000 00:00 0 
7f4c39705000-7f4c4041d000 ---p 00000000 00:00 0 
7f4c4041d000-7f4c4068d000 rwxp 00000000 00:00 0 
7f4c4068d000-7f4c47956000 ---p 00000000 00:00 0 
7f4c47956000-7f4c50000000 r--s 00000000 b3:06 1441815                    /usr/lib/jvm/java-11-openjdk-amd64/lib/modules
7f4c50000000-7f4c50f22000 rw-p 00000000 00:00 0 
7f4c50f22000-7f4c54000000 ---p 00000000 00:00 0 
7f4c54022000-7f4c54053000 rw-p 00000000 00:00 0 
7f4c54053000-7f4c54057000 ---p 00000000 00:00 0 
7f4c54057000-7f4c54154000 rw-p 00000000 00:00 0 
7f4c54154000-7f4c54158000 ---p 00000000 00:00 0 
7f4c54158000-7f4c54255000 rw-p 00000000 00:00 0 
7f4c54255000-7f4c54259000 ---p 00000000 00:00 0 
7f4c54259000-7f4c54356000 rw-p 00000000 00:00 0 
7f4c54356000-7f4c5435a000 ---p 00000000 00:00 0 
7f4c5435a000-7f4c54457000 rw-p 00000000 00:00 0 
7f4c54457000-7f4c54458000 ---p 00000000 00:00 0 
7f4c54458000-7f4c545da000 rw-p 00000000 00:00 0 
7f4c545da000-7f4c545db000 ---p 00000000 00:00 0 
7f4c545db000-7f4c546dc000 rw-p 00000000 00:00 0 
7f4c546dc000-7f4c546dd000 ---p 00000000 00:00 0 
7f4c546dd000-7f4c549e0000 rw-p 00000000 00:00 0 
7f4c549e0000-7f4c549e1000 ---p 00000000 00:00 0 
7f4c549e1000-7f4c54ae2000 rw-p 00000000 00:00 0 
7f4c54ae2000-7f4c54ae3000 ---p 00000000 00:00 0 
7f4c54ae3000-7f4c54d5c000 rw-p 00000000 00:00 0 
7f4c54d5c000-7f4c5531c000 ---p 00000000 00:00 0 
7f4c5531c000-7f4c5549c000 rw-p 00000000 00:00 0 
7f4c5549c000-7f4c55a5c000 ---p 00000000 00:00 0 
7f4c55a5c000-7f4c55a93000 rw-p 00000000 00:00 0 
7f4c55a93000-7f4c55b4b000 ---p 00000000 00:00 0 
7f4c55b4b000-7f4c55b7b000 rw-p 00000000 00:00 0 
7f4c55b7b000-7f4c55c33000 ---p 00000000 00:00 0 
7f4c55c33000-7f4c55c63000 rw-p 00000000 00:00 0 
7f4c55c63000-7f4c55d1b000 ---p 00000000 00:00 0 
7f4c55d1b000-7f4c55f1e000 rw-p 00000000 00:00 0 
7f4c55f1e000-7f4c55f1f000 ---p 00000000 00:00 0 
7f4c55f1f000-7f4c56025000 rw-p 00000000 00:00 0 
7f4c56025000-7f4c5610b000 ---p 00000000 00:00 0 
7f4c5610b000-7f4c5611c000 rw-p 00000000 00:00 0 
7f4c5611c000-7f4c561f6000 ---p 00000000 00:00 0 
7f4c561f6000-7f4c561fb000 r-xp 00000000 b3:06 1441785                    /usr/lib/jvm/java-11-openjdk-amd64/lib/libjimage.so
7f4c561fb000-7f4c563fa000 ---p 00005000 b3:06 1441785                    /usr/lib/jvm/java-11-openjdk-amd64/lib/libjimage.so
7f4c563fa000-7f4c563fb000 r--p 00004000 b3:06 1441785                    /usr/lib/jvm/java-11-openjdk-amd64/lib/libjimage.so
7f4c563fb000-7f4c563fc000 rw-p 00005000 b3:06 1441785                    /usr/lib/jvm/java-11-openjdk-amd64/lib/libjimage.so
7f4c563fc000-7f4c56403000 r-xp 00000000 b3:06 1441814                    /usr/lib/jvm/java-11-openjdk-amd64/lib/libzip.so
7f4c56403000-7f4c56602000 ---p 00007000 b3:06 1441814                    /usr/lib/jvm/java-11-openjdk-amd64/lib/libzip.so
7f4c56602000-7f4c56603000 r--p 00006000 b3:06 1441814                    /usr/lib/jvm/java-11-openjdk-amd64/lib/libzip.so
7f4c56603000-7f4c56604000 rw-p 00007000 b3:06 1441814                    /usr/lib/jvm/java-11-openjdk-amd64/lib/libzip.so
7f4c56604000-7f4c5660f000 r-xp 00000000 b3:06 1050651                    /lib/x86_64-linux-gnu/libnss_files-2.27.so
7f4c5660f000-7f4c5680e000 ---p 0000b000 b3:06 1050651                    /lib/x86_64-linux-gnu/libnss_files-2.27.so
7f4c5680e000-7f4c5680f000 r--p 0000a000 b3:06 1050651                    /lib/x86_64-linux-gnu/libnss_files-2.27.so
7f4c5680f000-7f4c56810000 rw-p 0000b000 b3:06 1050651                    /lib/x86_64-linux-gnu/libnss_files-2.27.so
7f4c56810000-7f4c56816000 rw-p 00000000 00:00 0 
7f4c56816000-7f4c5682d000 r-xp 00000000 b3:06 1050645                    /lib/x86_64-linux-gnu/libnsl-2.27.so
7f4c5682d000-7f4c56a2c000 ---p 00017000 b3:06 1050645                    /lib/x86_64-linux-gnu/libnsl-2.27.so
7f4c56a2c000-7f4c56a2d000 r--p 00016000 b3:06 1050645                    /lib/x86_64-linux-gnu/libnsl-2.27.so
7f4c56a2d000-7f4c56a2e000 rw-p 00017000 b3:06 1050645                    /lib/x86_64-linux-gnu/libnsl-2.27.so
7f4c56a2e000-7f4c56a30000 rw-p 00000000 00:00 0 
7f4c56a30000-7f4c56a3b000 r-xp 00000000 b3:06 1050662                    /lib/x86_64-linux-gnu/libnss_nis-2.27.so
7f4c56a3b000-7f4c56c3a000 ---p 0000b000 b3:06 1050662                    /lib/x86_64-linux-gnu/libnss_nis-2.27.so
7f4c56c3a000-7f4c56c3b000 r--p 0000a000 b3:06 1050662                    /lib/x86_64-linux-gnu/libnss_nis-2.27.so
7f4c56c3b000-7f4c56c3c000 rw-p 0000b000 b3:06 1050662                    /lib/x86_64-linux-gnu/libnss_nis-2.27.so
7f4c56c3c000-7f4c56c44000 r-xp 00000000 b3:06 1050647                    /lib/x86_64-linux-gnu/libnss_compat-2.27.so
7f4c56c44000-7f4c56e44000 ---p 00008000 b3:06 1050647                    /lib/x86_64-linux-gnu/libnss_compat-2.27.so
7f4c56e44000-7f4c56e45000 r--p 00008000 b3:06 1050647                    /lib/x86_64-linux-gnu/libnss_compat-2.27.so
7f4c56e45000-7f4c56e46000 rw-p 00009000 b3:06 1050647                    /lib/x86_64-linux-gnu/libnss_compat-2.27.so
7f4c56e46000-7f4c56e6f000 r-xp 00000000 b3:06 1441777                    /usr/lib/jvm/java-11-openjdk-amd64/lib/libjava.so
7f4c56e6f000-7f4c5706e000 ---p 00029000 b3:06 1441777                    /usr/lib/jvm/java-11-openjdk-amd64/lib/libjava.so
7f4c5706e000-7f4c5706f000 r--p 00028000 b3:06 1441777                    /usr/lib/jvm/java-11-openjdk-amd64/lib/libjava.so
7f4c5706f000-7f4c57071000 rw-p 00029000 b3:06 1441777                    /usr/lib/jvm/java-11-openjdk-amd64/lib/libjava.so
7f4c57071000-7f4c5707e000 r-xp 00000000 b3:06 1441812                    /usr/lib/jvm/java-11-openjdk-amd64/lib/libverify.so
7f4c5707e000-7f4c5727d000 ---p 0000d000 b3:06 1441812                    /usr/lib/jvm/java-11-openjdk-amd64/lib/libverify.so
7f4c5727d000-7f4c5727f000 r--p 0000c000 b3:06 1441812                    /usr/lib/jvm/java-11-openjdk-amd64/lib/libverify.so
7f4c5727f000-7f4c57280000 rw-p 0000e000 b3:06 1441812                    /usr/lib/jvm/java-11-openjdk-amd64/lib/libverify.so
7f4c57280000-7f4c57287000 r-xp 00000000 b3:06 1050702                    /lib/x86_64-linux-gnu/librt-2.27.so
7f4c57287000-7f4c57486000 ---p 00007000 b3:06 1050702                    /lib/x86_64-linux-gnu/librt-2.27.so
7f4c57486000-7f4c57487000 r--p 00006000 b3:06 1050702                    /lib/x86_64-linux-gnu/librt-2.27.so
7f4c57487000-7f4c57488000 rw-p 00007000 b3:06 1050702                    /lib/x86_64-linux-gnu/librt-2.27.so
7f4c57488000-7f4c5749f000 r-xp 00000000 b3:06 1050598                    /lib/x86_64-linux-gnu/libgcc_s.so.1
7f4c5749f000-7f4c5769e000 ---p 00017000 b3:06 1050598                    /lib/x86_64-linux-gnu/libgcc_s.so.1
7f4c5769e000-7f4c5769f000 r--p 00016000 b3:06 1050598                    /lib/x86_64-linux-gnu/libgcc_s.so.1
7f4c5769f000-7f4c576a0000 rw-p 00017000 b3:06 1050598                    /lib/x86_64-linux-gnu/libgcc_s.so.1
7f4c576a0000-7f4c5783d000 r-xp 00000000 b3:06 1050624                    /lib/x86_64-linux-gnu/libm-2.27.so
7f4c5783d000-7f4c57a3c000 ---p 0019d000 b3:06 1050624                    /lib/x86_64-linux-gnu/libm-2.27.so
7f4c57a3c000-7f4c57a3d000 r--p 0019c000 b3:06 1050624                    /lib/x86_64-linux-gnu/libm-2.27.so
7f4c57a3d000-7f4c57a3e000 rw-p 0019d000 b3:06 1050624                    /lib/x86_64-linux-gnu/libm-2.27.so
7f4c57a3e000-7f4c57bb7000 r-xp 00000000 b3:06 1446455                    /usr/lib/x86_64-linux-gnu/libstdc++.so.6.0.25
7f4c57bb7000-7f4c57db7000 ---p 00179000 b3:06 1446455                    /usr/lib/x86_64-linux-gnu/libstdc++.so.6.0.25
7f4c57db7000-7f4c57dc1000 r--p 00179000 b3:06 1446455                    /usr/lib/x86_64-linux-gnu/libstdc++.so.6.0.25
7f4c57dc1000-7f4c57dc3000 rw-p 00183000 b3:06 1446455                    /usr/lib/x86_64-linux-gnu/libstdc++.so.6.0.25
7f4c57dc3000-7f4c57dc7000 rw-p 00000000 00:00 0 
7f4c57dc7000-7f4c58e93000 r-xp 00000000 b3:06 1441824                    /usr/lib/jvm/java-11-openjdk-amd64/lib/server/libjvm.so
7f4c58e93000-7f4c59092000 ---p 010cc000 b3:06 1441824                    /usr/lib/jvm/java-11-openjdk-amd64/lib/server/libjvm.so
7f4c59092000-7f4c5914f000 r--p 010cb000 b3:06 1441824                    /usr/lib/jvm/java-11-openjdk-amd64/lib/server/libjvm.so
7f4c5914f000-7f4c59188000 rw-p 01188000 b3:06 1441824                    /usr/lib/jvm/java-11-openjdk-amd64/lib/server/libjvm.so
7f4c59188000-7f4c591de000 rw-p 00000000 00:00 0 
7f4c591de000-7f4c591f8000 r-xp 00000000 b3:06 1050694                    /lib/x86_64-linux-gnu/libpthread-2.27.so
7f4c591f8000-7f4c593f7000 ---p 0001a000 b3:06 1050694                    /lib/x86_64-linux-gnu/libpthread-2.27.so
7f4c593f7000-7f4c593f8000 r--p 00019000 b3:06 1050694                    /lib/x86_64-linux-gnu/libpthread-2.27.so
7f4c593f8000-7f4c593f9000 rw-p 0001a000 b3:06 1050694                    /lib/x86_64-linux-gnu/libpthread-2.27.so
7f4c593f9000-7f4c593fd000 rw-p 00000000 00:00 0 
7f4c593fd000-7f4c59400000 r-xp 00000000 b3:06 1050584                    /lib/x86_64-linux-gnu/libdl-2.27.so
7f4c59400000-7f4c595ff000 ---p 00003000 b3:06 1050584                    /lib/x86_64-linux-gnu/libdl-2.27.so
7f4c595ff000-7f4c59600000 r--p 00002000 b3:06 1050584                    /lib/x86_64-linux-gnu/libdl-2.27.so
7f4c59600000-7f4c59601000 rw-p 00003000 b3:06 1050584                    /lib/x86_64-linux-gnu/libdl-2.27.so
7f4c59601000-7f4c5961d000 r-xp 00000000 b3:06 1050735                    /lib/x86_64-linux-gnu/libz.so.1.2.11
7f4c5961d000-7f4c5981c000 ---p 0001c000 b3:06 1050735                    /lib/x86_64-linux-gnu/libz.so.1.2.11
7f4c5981c000-7f4c5981d000 r--p 0001b000 b3:06 1050735                    /lib/x86_64-linux-gnu/libz.so.1.2.11
7f4c5981d000-7f4c5981e000 rw-p 0001c000 b3:06 1050735                    /lib/x86_64-linux-gnu/libz.so.1.2.11
7f4c5981e000-7f4c59a05000 r-xp 00000000 b3:06 1050561                    /lib/x86_64-linux-gnu/libc-2.27.so
7f4c59a05000-7f4c59c05000 ---p 001e7000 b3:06 1050561                    /lib/x86_64-linux-gnu/libc-2.27.so
7f4c59c05000-7f4c59c09000 r--p 001e7000 b3:06 1050561                    /lib/x86_64-linux-gnu/libc-2.27.so
7f4c59c09000-7f4c59c0b000 rw-p 001eb000 b3:06 1050561                    /lib/x86_64-linux-gnu/libc-2.27.so
7f4c59c0b000-7f4c59c0f000 rw-p 00000000 00:00 0 
7f4c59c0f000-7f4c59c1f000 r-xp 00000000 b3:06 1441749                    /usr/lib/jvm/java-11-openjdk-amd64/lib/jli/libjli.so
7f4c59c1f000-7f4c59e1e000 ---p 00010000 b3:06 1441749                    /usr/lib/jvm/java-11-openjdk-amd64/lib/jli/libjli.so
7f4c59e1e000-7f4c59e1f000 r--p 0000f000 b3:06 1441749                    /usr/lib/jvm/java-11-openjdk-amd64/lib/jli/libjli.so
7f4c59e1f000-7f4c59e20000 rw-p 00010000 b3:06 1441749                    /usr/lib/jvm/java-11-openjdk-amd64/lib/jli/libjli.so
7f4c59e20000-7f4c59e47000 r-xp 00000000 b3:06 1050533                    /lib/x86_64-linux-gnu/ld-2.27.so
7f4c59e56000-7f4c59f2b000 rw-p 00000000 00:00 0 
7f4c59f2b000-7f4c59f2f000 ---p 00000000 00:00 0 
7f4c59f2f000-7f4c5a02e000 rw-p 00000000 00:00 0 
7f4c5a02f000-7f4c5a034000 rw-p 00000000 00:00 0 
7f4c5a034000-7f4c5a03b000 ---p 00000000 00:00 0 
7f4c5a03b000-7f4c5a043000 rw-s 00000000 b3:06 417015                     /tmp/hsperfdata_lizandra/14337
7f4c5a043000-7f4c5a044000 ---p 00000000 00:00 0 
7f4c5a044000-7f4c5a045000 r--p 00000000 00:00 0 
7f4c5a045000-7f4c5a047000 rw-p 00000000 00:00 0 
7f4c5a047000-7f4c5a048000 r--p 00027000 b3:06 1050533                    /lib/x86_64-linux-gnu/ld-2.27.so
7f4c5a048000-7f4c5a049000 rw-p 00028000 b3:06 1050533                    /lib/x86_64-linux-gnu/ld-2.27.so
7f4c5a049000-7f4c5a04a000 rw-p 00000000 00:00 0 
7ffefcd9d000-7ffefcdbe000 rw-p 00000000 00:00 0                          [stack]
7ffefcddf000-7ffefcde2000 r--p 00000000 00:00 0                          [vvar]
7ffefcde2000-7ffefcde4000 r-xp 00000000 00:00 0                          [vdso]
ffffffffff600000-ffffffffff601000 r-xp 00000000 00:00 0                  [vsyscall]


VM Arguments:
jvm_args: -Dclassworlds.conf=/home/lizandra/Software/netbeans/java/maven/bin/m2.conf -Dmaven.home=/home/lizandra/Software/netbeans/java/maven -Dmaven.multiModuleProjectDirectory=/home/lizandra/NetBeansProjects/sistema-nutri 
java_command: org.codehaus.plexus.classworlds.launcher.Launcher -Dmaven.ext.class.path=/home/lizandra/Software/netbeans/java/maven-nblib/netbeans-eventspy.jar clean install
java_class_path (initial): /home/lizandra/Software/netbeans/java/maven/boot/plexus-classworlds-2.5.2.jar
Launcher Type: SUN_STANDARD

[Global flags]
     intx CICompilerCount                          = 2                                         {product} {ergonomic}
     uint ConcGCThreads                            = 1                                         {product} {ergonomic}
     uint G1ConcRefinementThreads                  = 2                                         {product} {ergonomic}
   size_t G1HeapRegionSize                         = 1048576                                   {product} {ergonomic}
    uintx GCDrainStackTargetSize                   = 64                                        {product} {ergonomic}
   size_t InitialHeapSize                          = 31457280                                  {product} {ergonomic}
   size_t MarkStackSize                            = 4194304                                   {product} {ergonomic}
   size_t MaxHeapSize                              = 486539264                                 {product} {ergonomic}
   size_t MaxNewSize                               = 291504128                                 {product} {ergonomic}
   size_t MinHeapDeltaBytes                        = 1048576                                   {product} {ergonomic}
    uintx NonNMethodCodeHeapSize                   = 5824844                                {pd product} {ergonomic}
    uintx NonProfiledCodeHeapSize                  = 122916698                              {pd product} {ergonomic}
    uintx ProfiledCodeHeapSize                     = 122916698                              {pd product} {ergonomic}
    uintx ReservedCodeCacheSize                    = 251658240                              {pd product} {ergonomic}
     bool SegmentedCodeCache                       = true                                      {product} {ergonomic}
     bool UseCompressedClassPointers               = true                                 {lp64_product} {ergonomic}
     bool UseCompressedOops                        = true                                 {lp64_product} {ergonomic}
     bool UseG1GC                                  = true                                      {product} {ergonomic}

Logging:
Log output configuration:
 #0: stdout all=warning uptime,level,tags
 #1: stderr all=off uptime,level,tags

Environment Variables:
JAVA_HOME=/usr/lib/jvm/java-11-openjdk-amd64
PATH=/usr/local/sbin:/usr/local/bin:/usr/sbin:/usr/bin:/sbin:/bin:/usr/games:/usr/local/games
SHELL=/bin/bash
DISPLAY=:0

Signal Handlers:
SIGSEGV: [libjvm.so+0xde5f50], sa_mask[0]=11111111011111111101111111111110, sa_flags=SA_RESTART|SA_SIGINFO
SIGBUS: [libjvm.so+0xde5f50], sa_mask[0]=11111111011111111101111111111110, sa_flags=SA_RESTART|SA_SIGINFO
SIGFPE: [libjvm.so+0xde5f50], sa_mask[0]=11111111011111111101111111111110, sa_flags=SA_RESTART|SA_SIGINFO
SIGPIPE: [libjvm.so+0xbba5b0], sa_mask[0]=11111111011111111101111111111110, sa_flags=SA_RESTART|SA_SIGINFO
SIGXFSZ: [libjvm.so+0xbba5b0], sa_mask[0]=11111111011111111101111111111110, sa_flags=SA_RESTART|SA_SIGINFO
SIGILL: [libjvm.so+0xde5f50], sa_mask[0]=11111111011111111101111111111110, sa_flags=SA_RESTART|SA_SIGINFO
SIGUSR2: [libjvm.so+0xbba450], sa_mask[0]=00100000000000000000000000000000, sa_flags=SA_RESTART|SA_SIGINFO
SIGHUP: [libjvm.so+0xbba7b0], sa_mask[0]=11111111011111111101111111111110, sa_flags=SA_RESTART|SA_SIGINFO
SIGINT: SIG_IGN, sa_mask[0]=00000000000000000000000000000000, sa_flags=none
SIGTERM: [libjvm.so+0xbba7b0], sa_mask[0]=11111111011111111101111111111110, sa_flags=SA_RESTART|SA_SIGINFO
SIGQUIT: [libjvm.so+0xbba7b0], sa_mask[0]=11111111011111111101111111111110, sa_flags=SA_RESTART|SA_SIGINFO


---------------  S Y S T E M  ---------------

OS:DISTRIB_ID=LinuxMint
DISTRIB_RELEASE=19.2
DISTRIB_CODENAME=tina
DISTRIB_DESCRIPTION="Linux Mint 19.2 Tina"
uname:Linux 4.15.0-58-generic #64-Ubuntu SMP Tue Aug 6 11:12:41 UTC 2019 x86_64
libc:glibc 2.27 NPTL 2.27 
rlimit: STACK 8192k, CORE 0k, NPROC 6965, NOFILE 1048576, AS infinity, DATA infinity, FSIZE infinity
load average:18,07 8,05 4,65

/proc/meminfo:
MemTotal:        1897592 kB
MemFree:           53196 kB
MemAvailable:        404 kB
Buffers:             244 kB
Cached:           124116 kB
SwapCached:          320 kB
Active:          1258628 kB
Inactive:         425892 kB
Active(anon):    1253324 kB
Inactive(anon):   417904 kB
Active(file):       5304 kB
Inactive(file):     7988 kB
Unevictable:          48 kB
Mlocked:              48 kB
SwapTotal:       1301168 kB
SwapFree:              0 kB
Dirty:                40 kB
Writeback:             4 kB
AnonPages:       1559956 kB
Mapped:            21032 kB
Shmem:            111000 kB
Slab:              71844 kB
SReclaimable:      30384 kB
SUnreclaim:        41460 kB
KernelStack:       10944 kB
PageTables:        41688 kB
NFS_Unstable:          0 kB
Bounce:                0 kB
WritebackTmp:          0 kB
CommitLimit:     2249964 kB
Committed_AS:    6072564 kB
VmallocTotal:   34359738367 kB
VmallocUsed:           0 kB
VmallocChunk:          0 kB
HardwareCorrupted:     0 kB
AnonHugePages:         0 kB
ShmemHugePages:        0 kB
ShmemPmdMapped:        0 kB
CmaTotal:              0 kB
CmaFree:               0 kB
HugePages_Total:       0
HugePages_Free:        0
HugePages_Rsvd:        0
HugePages_Surp:        0
Hugepagesize:       2048 kB
DirectMap4k:      188160 kB
DirectMap2M:     1763328 kB


/proc/sys/kernel/threads-max (system-wide limit on the number of threads):
13930


/proc/sys/vm/max_map_count (maximum number of memory map areas a process may have):
65530


/proc/sys/kernel/pid_max (system-wide limit on number of process identifiers):
32768



container (cgroup) information:
container_type: cgroupv1
cpu_cpuset_cpus: 0-1
cpu_memory_nodes: 0
active_processor_count: 2
cpu_quota: -1
cpu_period: 100000
cpu_shares: -1
memory_limit_in_bytes: -1
memory_and_swap_limit_in_bytes: -2
memory_soft_limit_in_bytes: -1
memory_usage_in_bytes: 1726296064
memory_max_usage_in_bytes: 3715072

Steal ticks since vm start: 0
Steal ticks percentage since vm start:  0,000

CPU:total 2 (initial active 2) (2 cores per cpu, 1 threads per core) family 6 model 76 stepping 3, cmov, cx8, fxsr, mmx, sse, sse2, sse3, ssse3, sse4.1, sse4.2, popcnt, aes, clmul, erms, 3dnowpref, tsc, tscinvbit
CPU Model and flags from /proc/cpuinfo:
model name	: Intel(R) Celeron(R) CPU  N3050  @ 1.60GHz
flags		: fpu vme de pse tsc msr pae mce cx8 apic sep mtrr pge mca cmov pat pse36 clflush dts acpi mmx fxsr sse sse2 ss ht tm pbe syscall nx rdtscp lm constant_tsc arch_perfmon pebs bts rep_good nopl xtopology tsc_reliable nonstop_tsc cpuid aperfmperf tsc_known_freq pni pclmulqdq dtes64 monitor ds_cpl vmx est tm2 ssse3 cx16 xtpr pdcm sse4_1 sse4_2 movbe popcnt tsc_deadline_timer aes rdrand lahf_lm 3dnowprefetch epb pti ibrs ibpb stibp tpr_shadow vnmi flexpriority ept vpid tsc_adjust smep erms dtherm ida arat md_clear

Memory: 4k page, physical 1897592k(52612k free), swap 1301168k(0k free)

vm_info: OpenJDK 64-Bit Server VM (11.0.4+11-post-Ubuntu-1ubuntu218.04.3) for linux-amd64 JRE (11.0.4+11-post-Ubuntu-1ubuntu218.04.3), built on Jul 18 2019 18:21:46 by "buildd" with gcc 7.4.0

END.
