#
# There is insufficient memory for the Java Runtime Environment to continue.
# Native memory allocation (mmap) failed to map 67108864 bytes for committing reserved memory.
# Possible reasons:
#   The system is out of physical RAM or swap space
#   The process is running with CompressedOops enabled, and the Java Heap may be blocking the growth of the native heap
# Possible solutions:
#   Reduce memory load on the system
#   Increase physical memory or swap space
#   Check if swap backing store is full
#   Decrease Java heap size (-Xmx/-Xms)
#   Decrease number of Java threads
#   Decrease Java thread stack sizes (-Xss)
#   Set larger code cache with -XX:ReservedCodeCacheSize=
#   JVM is running with Unscaled Compressed Oops mode in which the Java heap is
#     placed in the first 4GB address space. The Java Heap base address is the
#     maximum limit for the native heap growth. Please use -XX:HeapBaseMinAddress
#     to set the Java Heap base and to place the Java Heap above 4GB virtual address.
# This output file may be truncated or incomplete.
#
#  Out of Memory Error (os_linux.cpp:2893), pid=3648, tid=3695
#
# JRE version: OpenJDK Runtime Environment (11.0.4+11) (build 11.0.4+11-post-Ubuntu-1ubuntu218.04.3)
# Java VM: OpenJDK 64-Bit Server VM (11.0.4+11-post-Ubuntu-1ubuntu218.04.3, mixed mode, sharing, tiered, compressed oops, g1 gc, linux-amd64)
# Core dump will be written. Default location: Core dumps may be processed with "/lib/systemd/systemd-coredump %P %u %g %s %t 9223372036854775808 %e" (or dumping to /home/lizandra/NetBeansProjects/sistema-nutri/core.3648)
#

---------------  S U M M A R Y ------------

Command Line: -Dclassworlds.conf=/home/lizandra/Software/netbeans/java/maven/bin/m2.conf -Dmaven.home=/home/lizandra/Software/netbeans/java/maven -Dmaven.multiModuleProjectDirectory=/home/lizandra/NetBeansProjects/sistema-nutri org.codehaus.plexus.classworlds.launcher.Launcher -Dmaven.ext.class.path=/home/lizandra/Software/netbeans/java/maven-nblib/netbeans-eventspy.jar clean install

Host: Intel(R) Celeron(R) CPU  N3050  @ 1.60GHz, 2 cores, 1G, Linux Mint 19.2 Tina
Time: Tue Oct 15 21:50:03 2019 -03 elapsed time: 48 seconds (0d 0h 0m 48s)

---------------  T H R E A D  ---------------

Current thread (0x00007f6e0c085000):  VMThread "VM Thread" [stack: 0x00007f6decdbc000,0x00007f6decebc000] [id=3695]

Stack: [0x00007f6decdbc000,0x00007f6decebc000],  sp=0x00007f6deceb9ff0,  free space=1015k
Native frames: (J=compiled Java code, A=aot compiled Java code, j=interpreted, Vv=VM code, C=native code)
V  [libjvm.so+0xde4547]
V  [libjvm.so+0xde519b]
V  [libjvm.so+0x6511a5]
V  [libjvm.so+0xbbed38]
V  [libjvm.so+0xbb5ebd]
V  [libjvm.so+0x76f53f]
V  [libjvm.so+0x76f7ae]
V  [libjvm.so+0x77b820]
V  [libjvm.so+0x7f6969]
V  [libjvm.so+0x7f75c2]
V  [libjvm.so+0x7f7a29]
V  [libjvm.so+0x72de6f]
V  [libjvm.so+0x732b6a]
V  [libjvm.so+0xdf01e1]
V  [libjvm.so+0xdeeda8]
V  [libjvm.so+0xdec5e6]
V  [libjvm.so+0xdecaf0]
V  [libjvm.so+0xdecf23]
V  [libjvm.so+0xd7aeea]
V  [libjvm.so+0xbc4a5e]

VM_Operation (0x00007f6e148a4b60): G1CollectForAllocation, mode: safepoint, requested by thread 0x00007f6e0c012000


---------------  P R O C E S S  ---------------

Threads class SMR info:
_java_thread_list=0x00007f6e0c0db480, length=9, elements={
0x00007f6e0c012000, 0x00007f6e0c088000, 0x00007f6e0c08a000, 0x00007f6e0c08f800,
0x00007f6e0c091800, 0x00007f6e0c093800, 0x00007f6e0c095800, 0x00007f6e0c0d4800,
0x00007f6e0c0da000
}

Java Threads: ( => current thread )
  0x00007f6e0c012000 JavaThread "main" [_thread_blocked, id=3671, stack(0x00007f6e147ab000,0x00007f6e148ac000)]
  0x00007f6e0c088000 JavaThread "Reference Handler" daemon [_thread_blocked, id=3696, stack(0x00007f6deccb9000,0x00007f6decdba000)]
  0x00007f6e0c08a000 JavaThread "Finalizer" daemon [_thread_blocked, id=3697, stack(0x00007f6decbb8000,0x00007f6deccb9000)]
  0x00007f6e0c08f800 JavaThread "Signal Dispatcher" daemon [_thread_blocked, id=3698, stack(0x00007f6dec7d8000,0x00007f6dec8d9000)]
  0x00007f6e0c091800 JavaThread "C2 CompilerThread0" daemon [_thread_blocked, id=3699, stack(0x00007f6dec6d7000,0x00007f6dec7d8000)]
  0x00007f6e0c093800 JavaThread "C1 CompilerThread0" daemon [_thread_blocked, id=3700, stack(0x00007f6dec5d6000,0x00007f6dec6d7000)]
  0x00007f6e0c095800 JavaThread "Sweeper thread" daemon [_thread_blocked, id=3701, stack(0x00007f6dec4d5000,0x00007f6dec5d6000)]
  0x00007f6e0c0d4800 JavaThread "Service Thread" daemon [_thread_blocked, id=3702, stack(0x00007f6dec3d4000,0x00007f6dec4d5000)]
  0x00007f6e0c0da000 JavaThread "Common-Cleaner" daemon [_thread_blocked, id=3704, stack(0x00007f6dec1d1000,0x00007f6dec2d2000)]

Other Threads:
=>0x00007f6e0c085000 VMThread "VM Thread" [stack: 0x00007f6decdbc000,0x00007f6decebc000] [id=3695]
  0x00007f6e0c0d7000 WatcherThread [stack: 0x00007f6dec2d4000,0x00007f6dec3d4000] [id=3703]
  0x00007f6e0c028000 GCTaskThread "GC Thread#0" [stack: 0x00007f6e107a0000,0x00007f6e108a0000] [id=3676]
  0x00007f6ddc001000 GCTaskThread "GC Thread#1" [stack: 0x00007f6dec0d1000,0x00007f6dec1d1000] [id=3705]
  0x00007f6e0c037800 ConcurrentGCThread "G1 Main Marker" [stack: 0x00007f6e101e4000,0x00007f6e102e4000] [id=3678]
  0x00007f6e0c039000 ConcurrentGCThread "G1 Conc#0" [stack: 0x00007f6e100e2000,0x00007f6e101e2000] [id=3680]
  0x00007f6e0c05a800 ConcurrentGCThread "G1 Refine#0" [stack: 0x00007f6ded7c0000,0x00007f6ded8c0000] [id=3681]
  0x00007f6de4001000 ConcurrentGCThread "G1 Refine#1" [stack: 0x00007f6db7ad8000,0x00007f6db7bd8000] [id=3706]
  0x00007f6e0c05c800 ConcurrentGCThread "G1 Young RemSet Sampling" [stack: 0x00007f6ded6be000,0x00007f6ded7be000] [id=3682]

Threads with active compile tasks:
C2 CompilerThread02963       4       java.lang.Throwable::<init> (39 bytes)

VM state:at safepoint (normal execution)

VM Mutex/Monitor currently owned by a thread:  ([mutex/lock_event])
[0x00007f6e0c00e440] Threads_lock - owner thread: 0x00007f6e0c085000
[0x00007f6e0c00eb90] Heap_lock - owner thread: 0x00007f6e0c012000

Heap address: 0x00000000e3000000, size: 464 MB, Compressed Oops mode: 32-bit
Narrow klass base: 0x0000000800000000, Narrow klass shift: 3
Compressed class space size: 1073741824 Address: 0x0000000840000000

Heap:
 garbage-first heap   total 131072K, used 10286K [0x00000000e3000000, 0x0000000100000000)
  region size 1024K, 1 young (1024K), 1 survivors (1024K)
 Metaspace       used 13312K, capacity 14895K, committed 15104K, reserved 1062912K
  class space    used 1556K, capacity 1773K, committed 1792K, reserved 1048576K
Heap Regions: E=young(eden), S=young(survivor), O=old, HS=humongous(starts), HC=humongous(continues), CS=collection set, F=free, A=archive, TAMS=top-at-mark-start (previous, next)
|   0|0x00000000e3000000, 0x00000000e3100000, 0x00000000e3100000|100%| O|  |TAMS 0x00000000e3000000, 0x00000000e3000000| Untracked 
|   1|0x00000000e3100000, 0x00000000e3200000, 0x00000000e3200000|100%| O|  |TAMS 0x00000000e3100000, 0x00000000e3100000| Untracked 
|   2|0x00000000e3200000, 0x00000000e3300000, 0x00000000e3300000|100%| O|  |TAMS 0x00000000e3200000, 0x00000000e3200000| Untracked 
|   3|0x00000000e3300000, 0x00000000e3400000, 0x00000000e3400000|100%| O|  |TAMS 0x00000000e3300000, 0x00000000e3300000| Untracked 
|   4|0x00000000e3400000, 0x00000000e3500000, 0x00000000e3500000|100%| O|  |TAMS 0x00000000e3400000, 0x00000000e3400000| Untracked 
|   5|0x00000000e3500000, 0x00000000e3600000, 0x00000000e3600000|100%| O|  |TAMS 0x00000000e3500000, 0x00000000e3500000| Untracked 
|   6|0x00000000e3600000, 0x00000000e3700000, 0x00000000e3700000|100%| O|  |TAMS 0x00000000e3600000, 0x00000000e3600000| Untracked 
|   7|0x00000000e3700000, 0x00000000e3800000, 0x00000000e3800000|100%| O|  |TAMS 0x00000000e3700000, 0x00000000e3700000| Untracked 
|   8|0x00000000e3800000, 0x00000000e3900000, 0x00000000e3900000|100%| O|  |TAMS 0x00000000e3800000, 0x00000000e3800000| Untracked 
|   9|0x00000000e3900000, 0x00000000e3900000, 0x00000000e3a00000|  0%| F|  |TAMS 0x00000000e3900000, 0x00000000e3900000| Untracked 
|  10|0x00000000e3a00000, 0x00000000e3a00000, 0x00000000e3b00000|  0%| F|  |TAMS 0x00000000e3a00000, 0x00000000e3a00000| Untracked 
|  11|0x00000000e3b00000, 0x00000000e3b00000, 0x00000000e3c00000|  0%| F|  |TAMS 0x00000000e3b00000, 0x00000000e3b00000| Untracked 
|  12|0x00000000e3c00000, 0x00000000e3c00000, 0x00000000e3d00000|  0%| F|  |TAMS 0x00000000e3c00000, 0x00000000e3c00000| Untracked 
|  13|0x00000000e3d00000, 0x00000000e3d00000, 0x00000000e3e00000|  0%| F|  |TAMS 0x00000000e3d00000, 0x00000000e3d00000| Untracked 
|  14|0x00000000e3e00000, 0x00000000e3e00000, 0x00000000e3f00000|  0%| F|  |TAMS 0x00000000e3e00000, 0x00000000e3e00000| Untracked 
|  15|0x00000000e3f00000, 0x00000000e3f00000, 0x00000000e4000000|  0%| F|  |TAMS 0x00000000e3f00000, 0x00000000e3f00000| Untracked 
|  16|0x00000000e4000000, 0x00000000e4000000, 0x00000000e4100000|  0%| F|  |TAMS 0x00000000e4000000, 0x00000000e4000000| Untracked 
|  17|0x00000000e4100000, 0x00000000e4100000, 0x00000000e4200000|  0%| F|  |TAMS 0x00000000e4100000, 0x00000000e4100000| Untracked 
|  18|0x00000000e4200000, 0x00000000e4200000, 0x00000000e4300000|  0%| F|  |TAMS 0x00000000e4200000, 0x00000000e4200000| Untracked 
|  19|0x00000000e4300000, 0x00000000e4300000, 0x00000000e4400000|  0%| F|  |TAMS 0x00000000e4300000, 0x00000000e4300000| Untracked 
|  20|0x00000000e4400000, 0x00000000e4400000, 0x00000000e4500000|  0%| F|  |TAMS 0x00000000e4400000, 0x00000000e4400000| Untracked 
|  21|0x00000000e4500000, 0x00000000e4500000, 0x00000000e4600000|  0%| F|  |TAMS 0x00000000e4500000, 0x00000000e4500000| Untracked 
|  22|0x00000000e4600000, 0x00000000e4600000, 0x00000000e4700000|  0%| F|  |TAMS 0x00000000e4600000, 0x00000000e4600000| Untracked 
|  23|0x00000000e4700000, 0x00000000e4700000, 0x00000000e4800000|  0%| F|  |TAMS 0x00000000e4700000, 0x00000000e4700000| Untracked 
|  24|0x00000000e4800000, 0x00000000e4800000, 0x00000000e4900000|  0%| F|  |TAMS 0x00000000e4800000, 0x00000000e4800000| Untracked 
|  25|0x00000000e4900000, 0x00000000e4900000, 0x00000000e4a00000|  0%| F|  |TAMS 0x00000000e4900000, 0x00000000e4900000| Untracked 
|  26|0x00000000e4a00000, 0x00000000e4a00000, 0x00000000e4b00000|  0%| F|  |TAMS 0x00000000e4a00000, 0x00000000e4a00000| Untracked 
|  27|0x00000000e4b00000, 0x00000000e4b00000, 0x00000000e4c00000|  0%| F|  |TAMS 0x00000000e4b00000, 0x00000000e4b00000| Untracked 
|  28|0x00000000e4c00000, 0x00000000e4c00000, 0x00000000e4d00000|  0%| F|  |TAMS 0x00000000e4c00000, 0x00000000e4c00000| Untracked 
|  29|0x00000000e4d00000, 0x00000000e4d00000, 0x00000000e4e00000|  0%| F|  |TAMS 0x00000000e4d00000, 0x00000000e4d00000| Untracked 
|  30|0x00000000e4e00000, 0x00000000e4e00000, 0x00000000e4f00000|  0%| F|  |TAMS 0x00000000e4e00000, 0x00000000e4e00000| Untracked 
|  31|0x00000000e4f00000, 0x00000000e4f00000, 0x00000000e5000000|  0%| F|  |TAMS 0x00000000e4f00000, 0x00000000e4f00000| Untracked 
|  32|0x00000000e5000000, 0x00000000e5000000, 0x00000000e5100000|  0%| F|  |TAMS 0x00000000e5000000, 0x00000000e5000000| Untracked 
|  33|0x00000000e5100000, 0x00000000e5100000, 0x00000000e5200000|  0%| F|  |TAMS 0x00000000e5100000, 0x00000000e5100000| Untracked 
|  34|0x00000000e5200000, 0x00000000e5200000, 0x00000000e5300000|  0%| F|  |TAMS 0x00000000e5200000, 0x00000000e5200000| Untracked 
|  35|0x00000000e5300000, 0x00000000e5300000, 0x00000000e5400000|  0%| F|  |TAMS 0x00000000e5300000, 0x00000000e5300000| Untracked 
|  36|0x00000000e5400000, 0x00000000e5400000, 0x00000000e5500000|  0%| F|  |TAMS 0x00000000e5400000, 0x00000000e5400000| Untracked 
|  37|0x00000000e5500000, 0x00000000e5500000, 0x00000000e5600000|  0%| F|  |TAMS 0x00000000e5500000, 0x00000000e5500000| Untracked 
|  38|0x00000000e5600000, 0x00000000e5600000, 0x00000000e5700000|  0%| F|  |TAMS 0x00000000e5600000, 0x00000000e5600000| Untracked 
|  39|0x00000000e5700000, 0x00000000e5700000, 0x00000000e5800000|  0%| F|  |TAMS 0x00000000e5700000, 0x00000000e5700000| Untracked 
|  40|0x00000000e5800000, 0x00000000e5800000, 0x00000000e5900000|  0%| F|  |TAMS 0x00000000e5800000, 0x00000000e5800000| Untracked 
|  41|0x00000000e5900000, 0x00000000e5900000, 0x00000000e5a00000|  0%| F|  |TAMS 0x00000000e5900000, 0x00000000e5900000| Untracked 
|  42|0x00000000e5a00000, 0x00000000e5a00000, 0x00000000e5b00000|  0%| F|  |TAMS 0x00000000e5a00000, 0x00000000e5a00000| Untracked 
|  43|0x00000000e5b00000, 0x00000000e5b00000, 0x00000000e5c00000|  0%| F|  |TAMS 0x00000000e5b00000, 0x00000000e5b00000| Untracked 
|  44|0x00000000e5c00000, 0x00000000e5c00000, 0x00000000e5d00000|  0%| F|  |TAMS 0x00000000e5c00000, 0x00000000e5c00000| Untracked 
|  45|0x00000000e5d00000, 0x00000000e5d00000, 0x00000000e5e00000|  0%| F|  |TAMS 0x00000000e5d00000, 0x00000000e5d00000| Untracked 
|  46|0x00000000e5e00000, 0x00000000e5e00000, 0x00000000e5f00000|  0%| F|  |TAMS 0x00000000e5e00000, 0x00000000e5e00000| Untracked 
|  47|0x00000000e5f00000, 0x00000000e5f00000, 0x00000000e6000000|  0%| F|  |TAMS 0x00000000e5f00000, 0x00000000e5f00000| Untracked 
|  48|0x00000000e6000000, 0x00000000e6000000, 0x00000000e6100000|  0%| F|  |TAMS 0x00000000e6000000, 0x00000000e6000000| Untracked 
|  49|0x00000000e6100000, 0x00000000e6100000, 0x00000000e6200000|  0%| F|  |TAMS 0x00000000e6100000, 0x00000000e6100000| Untracked 
|  50|0x00000000e6200000, 0x00000000e6200000, 0x00000000e6300000|  0%| F|  |TAMS 0x00000000e6200000, 0x00000000e6200000| Untracked 
|  51|0x00000000e6300000, 0x00000000e6300000, 0x00000000e6400000|  0%| F|  |TAMS 0x00000000e6300000, 0x00000000e6300000| Untracked 
|  52|0x00000000e6400000, 0x00000000e6400000, 0x00000000e6500000|  0%| F|  |TAMS 0x00000000e6400000, 0x00000000e6400000| Untracked 
|  53|0x00000000e6500000, 0x00000000e6500000, 0x00000000e6600000|  0%| F|  |TAMS 0x00000000e6500000, 0x00000000e6500000| Untracked 
|  54|0x00000000e6600000, 0x00000000e6600000, 0x00000000e6700000|  0%| F|  |TAMS 0x00000000e6600000, 0x00000000e6600000| Untracked 
|  55|0x00000000e6700000, 0x00000000e6700000, 0x00000000e6800000|  0%| F|  |TAMS 0x00000000e6700000, 0x00000000e6700000| Untracked 
|  56|0x00000000e6800000, 0x00000000e6800000, 0x00000000e6900000|  0%| F|  |TAMS 0x00000000e6800000, 0x00000000e6800000| Untracked 
|  57|0x00000000e6900000, 0x00000000e6900000, 0x00000000e6a00000|  0%| F|  |TAMS 0x00000000e6900000, 0x00000000e6900000| Untracked 
|  58|0x00000000e6a00000, 0x00000000e6a00000, 0x00000000e6b00000|  0%| F|  |TAMS 0x00000000e6a00000, 0x00000000e6a00000| Untracked 
|  59|0x00000000e6b00000, 0x00000000e6b6d930, 0x00000000e6c00000| 42%| S|CS|TAMS 0x00000000e6b00000, 0x00000000e6b00000| Complete 
|  60|0x00000000e6c00000, 0x00000000e6c00000, 0x00000000e6d00000|  0%| F|  |TAMS 0x00000000e6c00000, 0x00000000e6c00000| Untracked 
|  61|0x00000000e6d00000, 0x00000000e6d00000, 0x00000000e6e00000|  0%| F|  |TAMS 0x00000000e6d00000, 0x00000000e6d00000| Untracked 
| 462|0x00000000ffe00000, 0x00000000ffe34000, 0x00000000fff00000| 20%|OA|  |TAMS 0x00000000ffe00000, 0x00000000ffe00000| Untracked 
| 463|0x00000000fff00000, 0x00000000fff6a000, 0x0000000100000000| 41%|CA|  |TAMS 0x00000000fff00000, 0x00000000fff00000| Untracked 

Card table byte_map: [0x00007f6e103cc000,0x00007f6e104b4000] _byte_map_base: 0x00007f6e0fcb4000

Marking Bits (Prev, Next): (CMBitMap*) 0x00007f6e0c034a88, (CMBitMap*) 0x00007f6e0c034ac0
 Prev Bits: [0x00007f6df4216000, 0x00007f6df4956000)
 Next Bits: [0x00007f6def8c0000, 0x00007f6df0000000)

Polling page: 0x00007f6e148c3000

Metaspace:

Usage:
  Non-class:     12,81 MB capacity,    11,48 MB ( 90%) used,     1,32 MB ( 10%) free+waste,    18,56 KB ( <1%) overhead. 
      Class:      1,73 MB capacity,     1,52 MB ( 88%) used,   208,28 KB ( 12%) free+waste,     8,25 KB ( <1%) overhead. 
       Both:     14,55 MB capacity,    13,00 MB ( 89%) used,     1,52 MB ( 10%) free+waste,    26,81 KB ( <1%) overhead. 

Virtual space:
  Non-class space:       14,00 MB reserved,      13,00 MB ( 93%) committed 
      Class space:        1,00 GB reserved,       1,75 MB ( <1%) committed 
             Both:        1,01 GB reserved,      14,75 MB (  1%) committed 

Chunk freelists:
   Non-Class:  102,00 KB
       Class:  19,00 KB
        Both:  121,00 KB

CodeHeap 'non-profiled nmethods': size=120036Kb used=1201Kb max_used=1201Kb free=118834Kb
 bounds [0x00007f6dfc41d000, 0x00007f6dfc68d000, 0x00007f6e03956000]
CodeHeap 'profiled nmethods': size=120032Kb used=5796Kb max_used=5796Kb free=114235Kb
 bounds [0x00007f6df4ee5000, 0x00007f6df5495000, 0x00007f6dfc41d000]
CodeHeap 'non-nmethods': size=5692Kb used=1092Kb max_used=1120Kb free=4600Kb
 bounds [0x00007f6df4956000, 0x00007f6df4bc6000, 0x00007f6df4ee5000]
 total_blobs=3791 nmethods=2878 adapters=318
 compilation: enabled
              stopped_count=0, restarted_count=0
 full_count=0

Compilation events (10 events):
Event: 47,038 Thread 0x00007f6e0c093800 2960       1       org.codehaus.plexus.classworlds.realm.Entry::getClassLoader (5 bytes)
Event: 47,039 Thread 0x00007f6e0c093800 nmethod 2960 0x00007f6dfc547c10 code [0x00007f6dfc547dc0, 0x00007f6dfc547ef0]
Event: 47,063 Thread 0x00007f6e0c093800 2961       1       com.google.inject.internal.InternalContext::getDependency (5 bytes)
Event: 47,063 Thread 0x00007f6e0c093800 nmethod 2961 0x00007f6dfc547f90 code [0x00007f6dfc548140, 0x00007f6dfc548270]
Event: 47,064 Thread 0x00007f6e0c093800 2962       1       com.google.inject.internal.ProviderToInternalFactoryAdapter::access$000 (5 bytes)
Event: 47,064 Thread 0x00007f6e0c093800 nmethod 2962 0x00007f6dfc548310 code [0x00007f6dfc5484c0, 0x00007f6dfc5485b0]
Event: 47,177 Thread 0x00007f6e0c091800 nmethod 2955 0x00007f6dfc548690 code [0x00007f6dfc548860, 0x00007f6dfc548a98]
Event: 47,177 Thread 0x00007f6e0c091800 2958       4       com.google.inject.internal.InternalContext$DependencyStack::add (71 bytes)
Event: 47,328 Thread 0x00007f6e0c091800 nmethod 2958 0x00007f6dfc548d10 code [0x00007f6dfc548ec0, 0x00007f6dfc5494d8]
Event: 47,329 Thread 0x00007f6e0c091800 2963       4       java.lang.Throwable::<init> (39 bytes)

GC Heap History (10 events):
Event: 23,721 GC heap after
{Heap after GC invocations=11 (full 0):
 garbage-first heap   total 65536K, used 5716K [0x00000000e3000000, 0x0000000100000000)
  region size 1024K, 2 young (2048K), 2 survivors (2048K)
 Metaspace       used 9934K, capacity 12329K, committed 12672K, reserved 1060864K
  class space    used 1255K, capacity 1548K, committed 1664K, reserved 1048576K
}
Event: 28,165 GC heap before
{Heap before GC invocations=11 (full 0):
 garbage-first heap   total 65536K, used 19028K [0x00000000e3000000, 0x0000000100000000)
  region size 1024K, 15 young (15360K), 2 survivors (2048K)
 Metaspace       used 12348K, capacity 14126K, committed 14592K, reserved 1062912K
  class space    used 1479K, capacity 1691K, committed 1792K, reserved 1048576K
}
Event: 28,236 GC heap after
{Heap after GC invocations=12 (full 0):
 garbage-first heap   total 65536K, used 6804K [0x00000000e3000000, 0x0000000100000000)
  region size 1024K, 2 young (2048K), 2 survivors (2048K)
 Metaspace       used 12348K, capacity 14126K, committed 14592K, reserved 1062912K
  class space    used 1479K, capacity 1691K, committed 1792K, reserved 1048576K
}
Event: 30,215 GC heap before
{Heap before GC invocations=12 (full 0):
 garbage-first heap   total 65536K, used 21140K [0x00000000e3000000, 0x0000000100000000)
  region size 1024K, 16 young (16384K), 2 survivors (2048K)
 Metaspace       used 12596K, capacity 14362K, committed 14592K, reserved 1062912K
  class space    used 1495K, capacity 1727K, committed 1792K, reserved 1048576K
}
Event: 30,266 GC heap after
{Heap after GC invocations=13 (full 0):
 garbage-first heap   total 65536K, used 7929K [0x00000000e3000000, 0x0000000100000000)
  region size 1024K, 2 young (2048K), 2 survivors (2048K)
 Metaspace       used 12596K, capacity 14362K, committed 14592K, reserved 1062912K
  class space    used 1495K, capacity 1727K, committed 1792K, reserved 1048576K
}
Event: 32,704 GC heap before
{Heap before GC invocations=13 (full 0):
 garbage-first heap   total 65536K, used 24313K [0x00000000e3000000, 0x0000000100000000)
  region size 1024K, 18 young (18432K), 2 survivors (2048K)
 Metaspace       used 12778K, capacity 14513K, committed 14848K, reserved 1062912K
  class space    used 1502K, capacity 1734K, committed 1792K, reserved 1048576K
}
Event: 32,798 GC heap after
{Heap after GC invocations=14 (full 0):
 garbage-first heap   total 65536K, used 8582K [0x00000000e3000000, 0x0000000100000000)
  region size 1024K, 2 young (2048K), 2 survivors (2048K)
 Metaspace       used 12778K, capacity 14513K, committed 14848K, reserved 1062912K
  class space    used 1502K, capacity 1734K, committed 1792K, reserved 1048576K
}
Event: 40,301 GC heap before
{Heap before GC invocations=14 (full 0):
 garbage-first heap   total 65536K, used 27014K [0x00000000e3000000, 0x0000000100000000)
  region size 1024K, 20 young (20480K), 2 survivors (2048K)
 Metaspace       used 13033K, capacity 14651K, committed 14848K, reserved 1062912K
  class space    used 1515K, capacity 1737K, committed 1792K, reserved 1048576K
}
Event: 41,519 GC heap after
{Heap after GC invocations=15 (full 0):
 garbage-first heap   total 65536K, used 10224K [0x00000000e3000000, 0x0000000100000000)
  region size 1024K, 3 young (3072K), 3 survivors (3072K)
 Metaspace       used 13033K, capacity 14651K, committed 14848K, reserved 1062912K
  class space    used 1515K, capacity 1737K, committed 1792K, reserved 1048576K
}
Event: 47,369 GC heap before
{Heap before GC invocations=15 (full 0):
 garbage-first heap   total 65536K, used 12272K [0x00000000e3000000, 0x0000000100000000)
  region size 1024K, 5 young (5120K), 3 survivors (3072K)
 Metaspace       used 13312K, capacity 14895K, committed 15104K, reserved 1062912K
  class space    used 1556K, capacity 1773K, committed 1792K, reserved 1048576K
}

Deoptimization events (10 events):
Event: 42,149 Thread 0x00007f6e0c012000 DEOPT PACKING pc=0x00007f6dfc4b2934 sp=0x00007f6e148a8b50
Event: 42,149 Thread 0x00007f6e0c012000 DEOPT UNPACKING pc=0x00007f6df497de1f sp=0x00007f6e148a8a90 mode 2
Event: 42,150 Thread 0x00007f6e0c012000 Uncommon trap: trap_request=0xffffffde fr.pc=0x00007f6dfc4b123c relative=0x000000000000007c
Event: 42,150 Thread 0x00007f6e0c012000 Uncommon trap: reason=class_check action=maybe_recompile pc=0x00007f6dfc4b123c method=com.google.inject.internal.MoreTypes.getRawType(Ljava/lang/reflect/Type;)Ljava/lang/Class; @ 13 c2
Event: 42,150 Thread 0x00007f6e0c012000 DEOPT PACKING pc=0x00007f6dfc4b123c sp=0x00007f6e148a8ad0
Event: 42,150 Thread 0x00007f6e0c012000 DEOPT UNPACKING pc=0x00007f6df497de1f sp=0x00007f6e148a8a78 mode 2
Event: 47,008 Thread 0x00007f6e0c012000 Uncommon trap: trap_request=0xffffff5c fr.pc=0x00007f6dfc53ed14 relative=0x00000000000002b4
Event: 47,008 Thread 0x00007f6e0c012000 Uncommon trap: reason=speculate_null_assert action=make_not_entrant pc=0x00007f6dfc53ed14 method=org.eclipse.sisu.inject.RankedBindings$Itr.hasNext()Z @ 80 c2
Event: 47,008 Thread 0x00007f6e0c012000 DEOPT PACKING pc=0x00007f6dfc53ed14 sp=0x00007f6e148a9500
Event: 47,010 Thread 0x00007f6e0c012000 DEOPT UNPACKING pc=0x00007f6df497de1f sp=0x00007f6e148a94e8 mode 2

Classes redefined (0 events):
No events

Internal exceptions (8 events):
Event: 4,146 Thread 0x00007f6e0c012000 Exception <a 'java/security/PrivilegedActionException'{0x00000000e4bbd358}> (0x00000000e4bbd358) thrown at [/build/openjdk-lts-7bqZff/openjdk-lts-11.0.4+11/src/hotspot/share/prims/jvm.cpp, line 1300]
Event: 4,166 Thread 0x00007f6e0c012000 Exception <a 'java/security/PrivilegedActionException'{0x00000000e4bbd8d0}> (0x00000000e4bbd8d0) thrown at [/build/openjdk-lts-7bqZff/openjdk-lts-11.0.4+11/src/hotspot/share/prims/jvm.cpp, line 1300]
Event: 5,148 Thread 0x00007f6e0c012000 Exception <a 'java/lang/NoSuchMethodError'{0x00000000e4833fc8}: 'int java.lang.invoke.DirectMethodHandle$Holder.invokeSpecialIFC(java.lang.Object, java.lang.Object, int)'> (0x00000000e4833fc8) thrown at [/build/openjdk-lts-7bqZff/openjdk-lts-11.0.4+11/src
Event: 22,701 Thread 0x00007f6e0c012000 Exception <a 'java/lang/NoClassDefFoundError'{0x00000000e6607b20}: com/google/inject/servlet/ServletModuleTargetVisitor> (0x00000000e6607b20) thrown at [/build/openjdk-lts-7bqZff/openjdk-lts-11.0.4+11/src/hotspot/share/classfile/systemDictionary.cpp, line
Event: 22,701 Thread 0x00007f6e0c012000 Exception <a 'java/lang/NoClassDefFoundError'{0x00000000e6607b20}> (0x00000000e6607b20) thrown at [/build/openjdk-lts-7bqZff/openjdk-lts-11.0.4+11/src/hotspot/share/prims/jvm.cpp, line 1304]
Event: 22,711 Thread 0x00007f6e0c012000 Exception <a 'java/lang/NoClassDefFoundError'{0x00000000e660a628}: javax/annotation/Priority> (0x00000000e660a628) thrown at [/build/openjdk-lts-7bqZff/openjdk-lts-11.0.4+11/src/hotspot/share/classfile/systemDictionary.cpp, line 220]
Event: 25,859 Thread 0x00007f6e0c012000 Implicit null exception at 0x00007f6dfc4b3f1d to 0x00007f6dfc4b4006
Event: 27,716 Thread 0x00007f6e0c012000 Implicit null exception at 0x00007f6dfc48ee05 to 0x00007f6dfc48efe2

Events (10 events):
Event: 47,340 loading class org/codehaus/plexus/component/configurator/converters/basic/EnumConverter done
Event: 47,343 loading class org/codehaus/plexus/component/configurator/converters/basic/LongConverter
Event: 47,343 loading class org/codehaus/plexus/component/configurator/converters/basic/LongConverter done
Event: 47,345 loading class org/codehaus/plexus/component/configurator/converters/basic/FloatConverter
Event: 47,345 loading class org/codehaus/plexus/component/configurator/converters/basic/FloatConverter done
Event: 47,347 loading class org/codehaus/plexus/component/configurator/converters/basic/DoubleConverter
Event: 47,347 loading class org/codehaus/plexus/component/configurator/converters/basic/DoubleConverter done
Event: 47,350 loading class org/codehaus/plexus/component/configurator/converters/basic/CharConverter
Event: 47,350 loading class org/codehaus/plexus/component/configurator/converters/basic/CharConverter done
Event: 47,357 Executing VM operation: G1CollectForAllocation


Dynamic libraries:
e3000000-e6e00000 rw-p 00000000 00:00 0 
eae00000-ffe00000 ---p 00000000 00:00 0 
ffe00000-ffe34000 rw-p 01116000 b3:06 1437553                            /usr/lib/jvm/java-11-openjdk-amd64/lib/server/classes.jsa
ffe34000-fff00000 rw-p 00000000 00:00 0 
fff00000-fff6a000 rw-p 010ac000 b3:06 1437553                            /usr/lib/jvm/java-11-openjdk-amd64/lib/server/classes.jsa
fff6a000-100000000 rw-p 00000000 00:00 0 
800000000-800002000 rwxp 00001000 b3:06 1437553                          /usr/lib/jvm/java-11-openjdk-amd64/lib/server/classes.jsa
800002000-8003bd000 rw-p 00003000 b3:06 1437553                          /usr/lib/jvm/java-11-openjdk-amd64/lib/server/classes.jsa
8003bd000-800a98000 r--p 003be000 b3:06 1437553                          /usr/lib/jvm/java-11-openjdk-amd64/lib/server/classes.jsa
800a98000-800a99000 rw-p 00a99000 b3:06 1437553                          /usr/lib/jvm/java-11-openjdk-amd64/lib/server/classes.jsa
800a99000-8010ab000 r--p 00a9a000 b3:06 1437553                          /usr/lib/jvm/java-11-openjdk-amd64/lib/server/classes.jsa
840000000-8401c0000 rw-p 00000000 00:00 0 
8401c0000-880000000 ---p 00000000 00:00 0 
564a3d96b000-564a3d96c000 r-xp 00000000 b3:06 1441529                    /usr/lib/jvm/java-11-openjdk-amd64/bin/java
564a3db6c000-564a3db6d000 r--p 00001000 b3:06 1441529                    /usr/lib/jvm/java-11-openjdk-amd64/bin/java
564a3db6d000-564a3db6e000 rw-p 00002000 b3:06 1441529                    /usr/lib/jvm/java-11-openjdk-amd64/bin/java
564a3eb74000-564a3eb95000 rw-p 00000000 00:00 0                          [heap]
7f6db74d6000-7f6db75d6000 rw-p 00000000 00:00 0 
7f6db75d6000-7f6db76d6000 ---p 00000000 00:00 0 
7f6db76d6000-7f6db78d6000 rw-p 00000000 00:00 0 
7f6db78d6000-7f6db7ad6000 rw-p 00000000 00:00 0 
7f6db7ad6000-7f6db7ad7000 ---p 00000000 00:00 0 
7f6db7ad7000-7f6db7bd8000 rw-p 00000000 00:00 0 
7f6db7bd8000-7f6db7bee000 r-xp 00000000 b3:06 1441803                    /usr/lib/jvm/java-11-openjdk-amd64/lib/libnet.so
7f6db7bee000-7f6db7ded000 ---p 00016000 b3:06 1441803                    /usr/lib/jvm/java-11-openjdk-amd64/lib/libnet.so
7f6db7ded000-7f6db7dee000 r--p 00015000 b3:06 1441803                    /usr/lib/jvm/java-11-openjdk-amd64/lib/libnet.so
7f6db7dee000-7f6db7def000 rw-p 00016000 b3:06 1441803                    /usr/lib/jvm/java-11-openjdk-amd64/lib/libnet.so
7f6db7def000-7f6db7dff000 r-xp 00000000 b3:06 1441805                    /usr/lib/jvm/java-11-openjdk-amd64/lib/libnio.so
7f6db7dff000-7f6db7ffe000 ---p 00010000 b3:06 1441805                    /usr/lib/jvm/java-11-openjdk-amd64/lib/libnio.so
7f6db7ffe000-7f6db7fff000 r--p 0000f000 b3:06 1441805                    /usr/lib/jvm/java-11-openjdk-amd64/lib/libnio.so
7f6db7fff000-7f6db8000000 rw-p 00010000 b3:06 1441805                    /usr/lib/jvm/java-11-openjdk-amd64/lib/libnio.so
7f6db8000000-7f6db8021000 rw-p 00000000 00:00 0 
7f6db8021000-7f6dbc000000 ---p 00000000 00:00 0 
7f6dbc000000-7f6dbc021000 rw-p 00000000 00:00 0 
7f6dbc021000-7f6dc0000000 ---p 00000000 00:00 0 
7f6dc0000000-7f6dc0301000 rw-p 00000000 00:00 0 
7f6dc0301000-7f6dc4000000 ---p 00000000 00:00 0 
7f6dc4000000-7f6dc4021000 rw-p 00000000 00:00 0 
7f6dc4021000-7f6dc8000000 ---p 00000000 00:00 0 
7f6dc8000000-7f6dc8021000 rw-p 00000000 00:00 0 
7f6dc8021000-7f6dcc000000 ---p 00000000 00:00 0 
7f6dcc000000-7f6dcc9ef000 rw-p 00000000 00:00 0 
7f6dcc9ef000-7f6dd0000000 ---p 00000000 00:00 0 
7f6dd0000000-7f6dd0021000 rw-p 00000000 00:00 0 
7f6dd0021000-7f6dd4000000 ---p 00000000 00:00 0 
7f6dd4000000-7f6dd4021000 rw-p 00000000 00:00 0 
7f6dd4021000-7f6dd8000000 ---p 00000000 00:00 0 
7f6dd8000000-7f6dd8021000 rw-p 00000000 00:00 0 
7f6dd8021000-7f6ddc000000 ---p 00000000 00:00 0 
7f6ddc000000-7f6ddc023000 rw-p 00000000 00:00 0 
7f6ddc023000-7f6de0000000 ---p 00000000 00:00 0 
7f6de0000000-7f6de0021000 rw-p 00000000 00:00 0 
7f6de0021000-7f6de4000000 ---p 00000000 00:00 0 
7f6de4000000-7f6de4021000 rw-p 00000000 00:00 0 
7f6de4021000-7f6de8000000 ---p 00000000 00:00 0 
7f6de8000000-7f6de8021000 rw-p 00000000 00:00 0 
7f6de8021000-7f6dec000000 ---p 00000000 00:00 0 
7f6dec0cf000-7f6dec0d0000 ---p 00000000 00:00 0 
7f6dec0d0000-7f6dec1d1000 rw-p 00000000 00:00 0 
7f6dec1d1000-7f6dec1d5000 ---p 00000000 00:00 0 
7f6dec1d5000-7f6dec2d2000 rw-p 00000000 00:00 0 
7f6dec2d2000-7f6dec2d3000 ---p 00000000 00:00 0 
7f6dec2d3000-7f6dec3d4000 rw-p 00000000 00:00 0 
7f6dec3d4000-7f6dec3d8000 ---p 00000000 00:00 0 
7f6dec3d8000-7f6dec4d5000 rw-p 00000000 00:00 0 
7f6dec4d5000-7f6dec4d9000 ---p 00000000 00:00 0 
7f6dec4d9000-7f6dec5d6000 rw-p 00000000 00:00 0 
7f6dec5d6000-7f6dec5da000 ---p 00000000 00:00 0 
7f6dec5da000-7f6dec6d7000 rw-p 00000000 00:00 0 
7f6dec6d7000-7f6dec6db000 ---p 00000000 00:00 0 
7f6dec6db000-7f6dec7d8000 rw-p 00000000 00:00 0 
7f6dec7d8000-7f6dec7dc000 ---p 00000000 00:00 0 
7f6dec7dc000-7f6dec8d9000 rw-p 00000000 00:00 0 
7f6dec8d9000-7f6decbb8000 r--p 00000000 b3:06 1443645                    /usr/lib/locale/locale-archive
7f6decbb8000-7f6decbbc000 ---p 00000000 00:00 0 
7f6decbbc000-7f6deccb9000 rw-p 00000000 00:00 0 
7f6deccb9000-7f6deccbd000 ---p 00000000 00:00 0 
7f6deccbd000-7f6decdba000 rw-p 00000000 00:00 0 
7f6decdba000-7f6decdbb000 ---p 00000000 00:00 0 
7f6decdbb000-7f6ded6bc000 rw-p 00000000 00:00 0 
7f6ded6bc000-7f6ded6bd000 ---p 00000000 00:00 0 
7f6ded6bd000-7f6ded7be000 rw-p 00000000 00:00 0 
7f6ded7be000-7f6ded7bf000 ---p 00000000 00:00 0 
7f6ded7bf000-7f6def9b8000 rw-p 00000000 00:00 0 
7f6def9b8000-7f6defff8000 ---p 00000000 00:00 0 
7f6defff8000-7f6df0000000 rw-p 00000000 00:00 0 
7f6df0000000-7f6df0021000 rw-p 00000000 00:00 0 
7f6df0021000-7f6df4000000 ---p 00000000 00:00 0 
7f6df4014000-7f6df430e000 rw-p 00000000 00:00 0 
7f6df430e000-7f6df494e000 ---p 00000000 00:00 0 
7f6df494e000-7f6df4956000 rw-p 00000000 00:00 0 
7f6df4956000-7f6df4bc6000 rwxp 00000000 00:00 0 
7f6df4bc6000-7f6df4ee5000 ---p 00000000 00:00 0 
7f6df4ee5000-7f6df5495000 rwxp 00000000 00:00 0 
7f6df5495000-7f6dfc41d000 ---p 00000000 00:00 0 
7f6dfc41d000-7f6dfc68d000 rwxp 00000000 00:00 0 
7f6dfc68d000-7f6e03956000 ---p 00000000 00:00 0 
7f6e03956000-7f6e0c000000 r--s 00000000 b3:06 1441815                    /usr/lib/jvm/java-11-openjdk-amd64/lib/modules
7f6e0c000000-7f6e0c81a000 rw-p 00000000 00:00 0 
7f6e0c81a000-7f6e10000000 ---p 00000000 00:00 0 
7f6e1002e000-7f6e100e0000 rw-p 00000000 00:00 0 
7f6e100e0000-7f6e100e1000 ---p 00000000 00:00 0 
7f6e100e1000-7f6e101e2000 rw-p 00000000 00:00 0 
7f6e101e2000-7f6e101e3000 ---p 00000000 00:00 0 
7f6e101e3000-7f6e10303000 rw-p 00000000 00:00 0 
7f6e10303000-7f6e103cb000 ---p 00000000 00:00 0 
7f6e103cb000-7f6e103eb000 rw-p 00000000 00:00 0 
7f6e103eb000-7f6e104b3000 ---p 00000000 00:00 0 
7f6e104b3000-7f6e104d3000 rw-p 00000000 00:00 0 
7f6e104d3000-7f6e1059b000 ---p 00000000 00:00 0 
7f6e1059b000-7f6e1079e000 rw-p 00000000 00:00 0 
7f6e1079e000-7f6e1079f000 ---p 00000000 00:00 0 
7f6e1079f000-7f6e108a5000 rw-p 00000000 00:00 0 
7f6e108a5000-7f6e1098b000 ---p 00000000 00:00 0 
7f6e1098b000-7f6e10997000 rw-p 00000000 00:00 0 
7f6e10997000-7f6e10a76000 ---p 00000000 00:00 0 
7f6e10a76000-7f6e10a7b000 r-xp 00000000 b3:06 1441785                    /usr/lib/jvm/java-11-openjdk-amd64/lib/libjimage.so
7f6e10a7b000-7f6e10c7a000 ---p 00005000 b3:06 1441785                    /usr/lib/jvm/java-11-openjdk-amd64/lib/libjimage.so
7f6e10c7a000-7f6e10c7b000 r--p 00004000 b3:06 1441785                    /usr/lib/jvm/java-11-openjdk-amd64/lib/libjimage.so
7f6e10c7b000-7f6e10c7c000 rw-p 00005000 b3:06 1441785                    /usr/lib/jvm/java-11-openjdk-amd64/lib/libjimage.so
7f6e10c7c000-7f6e10c83000 r-xp 00000000 b3:06 1441814                    /usr/lib/jvm/java-11-openjdk-amd64/lib/libzip.so
7f6e10c83000-7f6e10e82000 ---p 00007000 b3:06 1441814                    /usr/lib/jvm/java-11-openjdk-amd64/lib/libzip.so
7f6e10e82000-7f6e10e83000 r--p 00006000 b3:06 1441814                    /usr/lib/jvm/java-11-openjdk-amd64/lib/libzip.so
7f6e10e83000-7f6e10e84000 rw-p 00007000 b3:06 1441814                    /usr/lib/jvm/java-11-openjdk-amd64/lib/libzip.so
7f6e10e84000-7f6e10e8f000 r-xp 00000000 b3:06 1050651                    /lib/x86_64-linux-gnu/libnss_files-2.27.so
7f6e10e8f000-7f6e1108e000 ---p 0000b000 b3:06 1050651                    /lib/x86_64-linux-gnu/libnss_files-2.27.so
7f6e1108e000-7f6e1108f000 r--p 0000a000 b3:06 1050651                    /lib/x86_64-linux-gnu/libnss_files-2.27.so
7f6e1108f000-7f6e11090000 rw-p 0000b000 b3:06 1050651                    /lib/x86_64-linux-gnu/libnss_files-2.27.so
7f6e11090000-7f6e11096000 rw-p 00000000 00:00 0 
7f6e11096000-7f6e110ad000 r-xp 00000000 b3:06 1050645                    /lib/x86_64-linux-gnu/libnsl-2.27.so
7f6e110ad000-7f6e112ac000 ---p 00017000 b3:06 1050645                    /lib/x86_64-linux-gnu/libnsl-2.27.so
7f6e112ac000-7f6e112ad000 r--p 00016000 b3:06 1050645                    /lib/x86_64-linux-gnu/libnsl-2.27.so
7f6e112ad000-7f6e112ae000 rw-p 00017000 b3:06 1050645                    /lib/x86_64-linux-gnu/libnsl-2.27.so
7f6e112ae000-7f6e112b0000 rw-p 00000000 00:00 0 
7f6e112b0000-7f6e112bb000 r-xp 00000000 b3:06 1050662                    /lib/x86_64-linux-gnu/libnss_nis-2.27.so
7f6e112bb000-7f6e114ba000 ---p 0000b000 b3:06 1050662                    /lib/x86_64-linux-gnu/libnss_nis-2.27.so
7f6e114ba000-7f6e114bb000 r--p 0000a000 b3:06 1050662                    /lib/x86_64-linux-gnu/libnss_nis-2.27.so
7f6e114bb000-7f6e114bc000 rw-p 0000b000 b3:06 1050662                    /lib/x86_64-linux-gnu/libnss_nis-2.27.so
7f6e114bc000-7f6e114c4000 r-xp 00000000 b3:06 1050647                    /lib/x86_64-linux-gnu/libnss_compat-2.27.so
7f6e114c4000-7f6e116c4000 ---p 00008000 b3:06 1050647                    /lib/x86_64-linux-gnu/libnss_compat-2.27.so
7f6e116c4000-7f6e116c5000 r--p 00008000 b3:06 1050647                    /lib/x86_64-linux-gnu/libnss_compat-2.27.so
7f6e116c5000-7f6e116c6000 rw-p 00009000 b3:06 1050647                    /lib/x86_64-linux-gnu/libnss_compat-2.27.so
7f6e116c6000-7f6e116ef000 r-xp 00000000 b3:06 1441777                    /usr/lib/jvm/java-11-openjdk-amd64/lib/libjava.so
7f6e116ef000-7f6e118ee000 ---p 00029000 b3:06 1441777                    /usr/lib/jvm/java-11-openjdk-amd64/lib/libjava.so
7f6e118ee000-7f6e118ef000 r--p 00028000 b3:06 1441777                    /usr/lib/jvm/java-11-openjdk-amd64/lib/libjava.so
7f6e118ef000-7f6e118f1000 rw-p 00029000 b3:06 1441777                    /usr/lib/jvm/java-11-openjdk-amd64/lib/libjava.so
7f6e118f1000-7f6e118fe000 r-xp 00000000 b3:06 1441812                    /usr/lib/jvm/java-11-openjdk-amd64/lib/libverify.so
7f6e118fe000-7f6e11afd000 ---p 0000d000 b3:06 1441812                    /usr/lib/jvm/java-11-openjdk-amd64/lib/libverify.so
7f6e11afd000-7f6e11aff000 r--p 0000c000 b3:06 1441812                    /usr/lib/jvm/java-11-openjdk-amd64/lib/libverify.so
7f6e11aff000-7f6e11b00000 rw-p 0000e000 b3:06 1441812                    /usr/lib/jvm/java-11-openjdk-amd64/lib/libverify.so
7f6e11b00000-7f6e11b07000 r-xp 00000000 b3:06 1050702                    /lib/x86_64-linux-gnu/librt-2.27.so
7f6e11b07000-7f6e11d06000 ---p 00007000 b3:06 1050702                    /lib/x86_64-linux-gnu/librt-2.27.so
7f6e11d06000-7f6e11d07000 r--p 00006000 b3:06 1050702                    /lib/x86_64-linux-gnu/librt-2.27.so
7f6e11d07000-7f6e11d08000 rw-p 00007000 b3:06 1050702                    /lib/x86_64-linux-gnu/librt-2.27.so
7f6e11d08000-7f6e11d1f000 r-xp 00000000 b3:06 1050598                    /lib/x86_64-linux-gnu/libgcc_s.so.1
7f6e11d1f000-7f6e11f1e000 ---p 00017000 b3:06 1050598                    /lib/x86_64-linux-gnu/libgcc_s.so.1
7f6e11f1e000-7f6e11f1f000 r--p 00016000 b3:06 1050598                    /lib/x86_64-linux-gnu/libgcc_s.so.1
7f6e11f1f000-7f6e11f20000 rw-p 00017000 b3:06 1050598                    /lib/x86_64-linux-gnu/libgcc_s.so.1
7f6e11f20000-7f6e120bd000 r-xp 00000000 b3:06 1050624                    /lib/x86_64-linux-gnu/libm-2.27.so
7f6e120bd000-7f6e122bc000 ---p 0019d000 b3:06 1050624                    /lib/x86_64-linux-gnu/libm-2.27.so
7f6e122bc000-7f6e122bd000 r--p 0019c000 b3:06 1050624                    /lib/x86_64-linux-gnu/libm-2.27.so
7f6e122bd000-7f6e122be000 rw-p 0019d000 b3:06 1050624                    /lib/x86_64-linux-gnu/libm-2.27.so
7f6e122be000-7f6e12437000 r-xp 00000000 b3:06 1446455                    /usr/lib/x86_64-linux-gnu/libstdc++.so.6.0.25
7f6e12437000-7f6e12637000 ---p 00179000 b3:06 1446455                    /usr/lib/x86_64-linux-gnu/libstdc++.so.6.0.25
7f6e12637000-7f6e12641000 r--p 00179000 b3:06 1446455                    /usr/lib/x86_64-linux-gnu/libstdc++.so.6.0.25
7f6e12641000-7f6e12643000 rw-p 00183000 b3:06 1446455                    /usr/lib/x86_64-linux-gnu/libstdc++.so.6.0.25
7f6e12643000-7f6e12647000 rw-p 00000000 00:00 0 
7f6e12647000-7f6e13713000 r-xp 00000000 b3:06 1441824                    /usr/lib/jvm/java-11-openjdk-amd64/lib/server/libjvm.so
7f6e13713000-7f6e13912000 ---p 010cc000 b3:06 1441824                    /usr/lib/jvm/java-11-openjdk-amd64/lib/server/libjvm.so
7f6e13912000-7f6e139cf000 r--p 010cb000 b3:06 1441824                    /usr/lib/jvm/java-11-openjdk-amd64/lib/server/libjvm.so
7f6e139cf000-7f6e13a08000 rw-p 01188000 b3:06 1441824                    /usr/lib/jvm/java-11-openjdk-amd64/lib/server/libjvm.so
7f6e13a08000-7f6e13a5e000 rw-p 00000000 00:00 0 
7f6e13a5e000-7f6e13a78000 r-xp 00000000 b3:06 1050694                    /lib/x86_64-linux-gnu/libpthread-2.27.so
7f6e13a78000-7f6e13c77000 ---p 0001a000 b3:06 1050694                    /lib/x86_64-linux-gnu/libpthread-2.27.so
7f6e13c77000-7f6e13c78000 r--p 00019000 b3:06 1050694                    /lib/x86_64-linux-gnu/libpthread-2.27.so
7f6e13c78000-7f6e13c79000 rw-p 0001a000 b3:06 1050694                    /lib/x86_64-linux-gnu/libpthread-2.27.so
7f6e13c79000-7f6e13c7d000 rw-p 00000000 00:00 0 
7f6e13c7d000-7f6e13c80000 r-xp 00000000 b3:06 1050584                    /lib/x86_64-linux-gnu/libdl-2.27.so
7f6e13c80000-7f6e13e7f000 ---p 00003000 b3:06 1050584                    /lib/x86_64-linux-gnu/libdl-2.27.so
7f6e13e7f000-7f6e13e80000 r--p 00002000 b3:06 1050584                    /lib/x86_64-linux-gnu/libdl-2.27.so
7f6e13e80000-7f6e13e81000 rw-p 00003000 b3:06 1050584                    /lib/x86_64-linux-gnu/libdl-2.27.so
7f6e13e81000-7f6e13e9d000 r-xp 00000000 b3:06 1050735                    /lib/x86_64-linux-gnu/libz.so.1.2.11
7f6e13e9d000-7f6e1409c000 ---p 0001c000 b3:06 1050735                    /lib/x86_64-linux-gnu/libz.so.1.2.11
7f6e1409c000-7f6e1409d000 r--p 0001b000 b3:06 1050735                    /lib/x86_64-linux-gnu/libz.so.1.2.11
7f6e1409d000-7f6e1409e000 rw-p 0001c000 b3:06 1050735                    /lib/x86_64-linux-gnu/libz.so.1.2.11
7f6e1409e000-7f6e14285000 r-xp 00000000 b3:06 1050561                    /lib/x86_64-linux-gnu/libc-2.27.so
7f6e14285000-7f6e14485000 ---p 001e7000 b3:06 1050561                    /lib/x86_64-linux-gnu/libc-2.27.so
7f6e14485000-7f6e14489000 r--p 001e7000 b3:06 1050561                    /lib/x86_64-linux-gnu/libc-2.27.so
7f6e14489000-7f6e1448b000 rw-p 001eb000 b3:06 1050561                    /lib/x86_64-linux-gnu/libc-2.27.so
7f6e1448b000-7f6e1448f000 rw-p 00000000 00:00 0 
7f6e1448f000-7f6e1449f000 r-xp 00000000 b3:06 1441749                    /usr/lib/jvm/java-11-openjdk-amd64/lib/jli/libjli.so
7f6e1449f000-7f6e1469e000 ---p 00010000 b3:06 1441749                    /usr/lib/jvm/java-11-openjdk-amd64/lib/jli/libjli.so
7f6e1469e000-7f6e1469f000 r--p 0000f000 b3:06 1441749                    /usr/lib/jvm/java-11-openjdk-amd64/lib/jli/libjli.so
7f6e1469f000-7f6e146a0000 rw-p 00010000 b3:06 1441749                    /usr/lib/jvm/java-11-openjdk-amd64/lib/jli/libjli.so
7f6e146a0000-7f6e146c7000 r-xp 00000000 b3:06 1050533                    /lib/x86_64-linux-gnu/ld-2.27.so
7f6e146d6000-7f6e147ab000 rw-p 00000000 00:00 0 
7f6e147ab000-7f6e147af000 ---p 00000000 00:00 0 
7f6e147af000-7f6e148ae000 rw-p 00000000 00:00 0 
7f6e148af000-7f6e148b4000 rw-p 00000000 00:00 0 
7f6e148b4000-7f6e148bb000 ---p 00000000 00:00 0 
7f6e148bb000-7f6e148c3000 rw-s 00000000 b3:06 416845                     /tmp/hsperfdata_lizandra/3648
7f6e148c3000-7f6e148c4000 ---p 00000000 00:00 0 
7f6e148c4000-7f6e148c5000 r--p 00000000 00:00 0 
7f6e148c5000-7f6e148c7000 rw-p 00000000 00:00 0 
7f6e148c7000-7f6e148c8000 r--p 00027000 b3:06 1050533                    /lib/x86_64-linux-gnu/ld-2.27.so
7f6e148c8000-7f6e148c9000 rw-p 00028000 b3:06 1050533                    /lib/x86_64-linux-gnu/ld-2.27.so
7f6e148c9000-7f6e148ca000 rw-p 00000000 00:00 0 
7fff810fe000-7fff8111f000 rw-p 00000000 00:00 0                          [stack]
7fff81197000-7fff8119a000 r--p 00000000 00:00 0                          [vvar]
7fff8119a000-7fff8119c000 r-xp 00000000 00:00 0                          [vdso]
ffffffffff600000-ffffffffff601000 r-xp 00000000 00:00 0                  [vsyscall]


VM Arguments:
jvm_args: -Dclassworlds.conf=/home/lizandra/Software/netbeans/java/maven/bin/m2.conf -Dmaven.home=/home/lizandra/Software/netbeans/java/maven -Dmaven.multiModuleProjectDirectory=/home/lizandra/NetBeansProjects/sistema-nutri 
java_command: org.codehaus.plexus.classworlds.launcher.Launcher -Dmaven.ext.class.path=/home/lizandra/Software/netbeans/java/maven-nblib/netbeans-eventspy.jar clean install
java_class_path (initial): /home/lizandra/Software/netbeans/java/maven/boot/plexus-classworlds-2.5.2.jar
Launcher Type: SUN_STANDARD

[Global flags]
     intx CICompilerCount                          = 2                                         {product} {ergonomic}
     uint ConcGCThreads                            = 1                                         {product} {ergonomic}
     uint G1ConcRefinementThreads                  = 2                                         {product} {ergonomic}
   size_t G1HeapRegionSize                         = 1048576                                   {product} {ergonomic}
    uintx GCDrainStackTargetSize                   = 64                                        {product} {ergonomic}
   size_t InitialHeapSize                          = 31457280                                  {product} {ergonomic}
   size_t MarkStackSize                            = 4194304                                   {product} {ergonomic}
   size_t MaxHeapSize                              = 486539264                                 {product} {ergonomic}
   size_t MaxNewSize                               = 291504128                                 {product} {ergonomic}
   size_t MinHeapDeltaBytes                        = 1048576                                   {product} {ergonomic}
    uintx NonNMethodCodeHeapSize                   = 5824844                                {pd product} {ergonomic}
    uintx NonProfiledCodeHeapSize                  = 122916698                              {pd product} {ergonomic}
    uintx ProfiledCodeHeapSize                     = 122916698                              {pd product} {ergonomic}
    uintx ReservedCodeCacheSize                    = 251658240                              {pd product} {ergonomic}
     bool SegmentedCodeCache                       = true                                      {product} {ergonomic}
     bool UseCompressedClassPointers               = true                                 {lp64_product} {ergonomic}
     bool UseCompressedOops                        = true                                 {lp64_product} {ergonomic}
     bool UseG1GC                                  = true                                      {product} {ergonomic}

Logging:
Log output configuration:
 #0: stdout all=warning uptime,level,tags
 #1: stderr all=off uptime,level,tags

Environment Variables:
JAVA_HOME=/usr/lib/jvm/java-11-openjdk-amd64
PATH=/usr/local/sbin:/usr/local/bin:/usr/sbin:/usr/bin:/sbin:/bin:/usr/games:/usr/local/games
SHELL=/bin/bash
DISPLAY=:0

Signal Handlers:
SIGSEGV: [libjvm.so+0xde5f50], sa_mask[0]=11111111011111111101111111111110, sa_flags=SA_RESTART|SA_SIGINFO
SIGBUS: [libjvm.so+0xde5f50], sa_mask[0]=11111111011111111101111111111110, sa_flags=SA_RESTART|SA_SIGINFO
SIGFPE: [libjvm.so+0xde5f50], sa_mask[0]=11111111011111111101111111111110, sa_flags=SA_RESTART|SA_SIGINFO
SIGPIPE: [libjvm.so+0xbba5b0], sa_mask[0]=11111111011111111101111111111110, sa_flags=SA_RESTART|SA_SIGINFO
SIGXFSZ: [libjvm.so+0xbba5b0], sa_mask[0]=11111111011111111101111111111110, sa_flags=SA_RESTART|SA_SIGINFO
SIGILL: [libjvm.so+0xde5f50], sa_mask[0]=11111111011111111101111111111110, sa_flags=SA_RESTART|SA_SIGINFO
SIGUSR2: [libjvm.so+0xbba450], sa_mask[0]=00100000000000000000000000000000, sa_flags=SA_RESTART|SA_SIGINFO
SIGHUP: [libjvm.so+0xbba7b0], sa_mask[0]=11111111011111111101111111111110, sa_flags=SA_RESTART|SA_SIGINFO
SIGINT: SIG_IGN, sa_mask[0]=00000000000000000000000000000000, sa_flags=none
SIGTERM: [libjvm.so+0xbba7b0], sa_mask[0]=11111111011111111101111111111110, sa_flags=SA_RESTART|SA_SIGINFO
SIGQUIT: [libjvm.so+0xbba7b0], sa_mask[0]=11111111011111111101111111111110, sa_flags=SA_RESTART|SA_SIGINFO


---------------  S Y S T E M  ---------------

OS:DISTRIB_ID=LinuxMint
DISTRIB_RELEASE=19.2
DISTRIB_CODENAME=tina
DISTRIB_DESCRIPTION="Linux Mint 19.2 Tina"
uname:Linux 4.15.0-58-generic #64-Ubuntu SMP Tue Aug 6 11:12:41 UTC 2019 x86_64
libc:glibc 2.27 NPTL 2.27 
rlimit: STACK 8192k, CORE 0k, NPROC 6965, NOFILE 1048576, AS infinity, DATA infinity, FSIZE infinity
load average:8,32 4,04 2,69

/proc/meminfo:
MemTotal:        1897592 kB
MemFree:           55964 kB
MemAvailable:      12832 kB
Buffers:            1100 kB
Cached:           122968 kB
SwapCached:          728 kB
Active:          1257864 kB
Inactive:         427236 kB
Active(anon):    1239316 kB
Inactive(anon):   413196 kB
Active(file):      18548 kB
Inactive(file):    14040 kB
Unevictable:          72 kB
Mlocked:              72 kB
SwapTotal:       1301168 kB
SwapFree:             44 kB
Dirty:                76 kB
Writeback:           392 kB
AnonPages:       1560728 kB
Mapped:            36820 kB
Shmem:             91200 kB
Slab:              68840 kB
SReclaimable:      30408 kB
SUnreclaim:        38432 kB
KernelStack:       11296 kB
PageTables:        40576 kB
NFS_Unstable:          0 kB
Bounce:                0 kB
WritebackTmp:          0 kB
CommitLimit:     2249964 kB
Committed_AS:    5936744 kB
VmallocTotal:   34359738367 kB
VmallocUsed:           0 kB
VmallocChunk:          0 kB
HardwareCorrupted:     0 kB
AnonHugePages:         0 kB
ShmemHugePages:        0 kB
ShmemPmdMapped:        0 kB
CmaTotal:              0 kB
CmaFree:               0 kB
HugePages_Total:       0
HugePages_Free:        0
HugePages_Rsvd:        0
HugePages_Surp:        0
Hugepagesize:       2048 kB
DirectMap4k:      132864 kB
DirectMap2M:     1818624 kB


/proc/sys/kernel/threads-max (system-wide limit on the number of threads):
13930


/proc/sys/vm/max_map_count (maximum number of memory map areas a process may have):
65530


/proc/sys/kernel/pid_max (system-wide limit on number of process identifiers):
32768



container (cgroup) information:
container_type: cgroupv1
cpu_cpuset_cpus: 0-1
cpu_memory_nodes: 0
active_processor_count: 2
cpu_quota: -1
cpu_period: 100000
cpu_shares: -1
memory_limit_in_bytes: -1
memory_and_swap_limit_in_bytes: -2
memory_soft_limit_in_bytes: -1
memory_usage_in_bytes: 1726668800
memory_max_usage_in_bytes: 0

Steal ticks since vm start: 0
Steal ticks percentage since vm start:  0,000

CPU:total 2 (initial active 2) (2 cores per cpu, 1 threads per core) family 6 model 76 stepping 3, cmov, cx8, fxsr, mmx, sse, sse2, sse3, ssse3, sse4.1, sse4.2, popcnt, aes, clmul, erms, 3dnowpref, tsc, tscinvbit
CPU Model and flags from /proc/cpuinfo:
model name	: Intel(R) Celeron(R) CPU  N3050  @ 1.60GHz
flags		: fpu vme de pse tsc msr pae mce cx8 apic sep mtrr pge mca cmov pat pse36 clflush dts acpi mmx fxsr sse sse2 ss ht tm pbe syscall nx rdtscp lm constant_tsc arch_perfmon pebs bts rep_good nopl xtopology tsc_reliable nonstop_tsc cpuid aperfmperf tsc_known_freq pni pclmulqdq dtes64 monitor ds_cpl vmx est tm2 ssse3 cx16 xtpr pdcm sse4_1 sse4_2 movbe popcnt tsc_deadline_timer aes rdrand lahf_lm 3dnowprefetch epb pti ibrs ibpb stibp tpr_shadow vnmi flexpriority ept vpid tsc_adjust smep erms dtherm ida arat md_clear

Memory: 4k page, physical 1897592k(55124k free), swap 1301168k(56k free)

vm_info: OpenJDK 64-Bit Server VM (11.0.4+11-post-Ubuntu-1ubuntu218.04.3) for linux-amd64 JRE (11.0.4+11-post-Ubuntu-1ubuntu218.04.3), built on Jul 18 2019 18:21:46 by "buildd" with gcc 7.4.0

END.
