#
# There is insufficient memory for the Java Runtime Environment to continue.
# Native memory allocation (mmap) failed to map 33554432 bytes for committing reserved memory.
# Possible reasons:
#   The system is out of physical RAM or swap space
#   The process is running with CompressedOops enabled, and the Java Heap may be blocking the growth of the native heap
# Possible solutions:
#   Reduce memory load on the system
#   Increase physical memory or swap space
#   Check if swap backing store is full
#   Decrease Java heap size (-Xmx/-Xms)
#   Decrease number of Java threads
#   Decrease Java thread stack sizes (-Xss)
#   Set larger code cache with -XX:ReservedCodeCacheSize=
#   JVM is running with Unscaled Compressed Oops mode in which the Java heap is
#     placed in the first 4GB address space. The Java Heap base address is the
#     maximum limit for the native heap growth. Please use -XX:HeapBaseMinAddress
#     to set the Java Heap base and to place the Java Heap above 4GB virtual address.
# This output file may be truncated or incomplete.
#
#  Out of Memory Error (os_linux.cpp:2893), pid=5437, tid=5454
#
# JRE version: OpenJDK Runtime Environment (11.0.4+11) (build 11.0.4+11-post-Ubuntu-1ubuntu218.04.3)
# Java VM: OpenJDK 64-Bit Server VM (11.0.4+11-post-Ubuntu-1ubuntu218.04.3, mixed mode, sharing, tiered, compressed oops, g1 gc, linux-amd64)
# Core dump will be written. Default location: Core dumps may be processed with "/lib/systemd/systemd-coredump %P %u %g %s %t 9223372036854775808 %e" (or dumping to /home/lizandra/NetBeansProjects/sistema-nutri/core.5437)
#

---------------  S U M M A R Y ------------

Command Line: -Dclassworlds.conf=/home/lizandra/Software/netbeans/java/maven/bin/m2.conf -Dmaven.home=/home/lizandra/Software/netbeans/java/maven -Dmaven.multiModuleProjectDirectory=/home/lizandra/NetBeansProjects/sistema-nutri org.codehaus.plexus.classworlds.launcher.Launcher -Dmaven.ext.class.path=/home/lizandra/Software/netbeans/java/maven-nblib/netbeans-eventspy.jar clean install

Host: Intel(R) Celeron(R) CPU  N3050  @ 1.60GHz, 2 cores, 1G, Linux Mint 19.2 Tina
Time: Wed Dec  4 22:28:45 2019 -03 elapsed time: 293 seconds (0d 0h 4m 53s)

---------------  T H R E A D  ---------------

Current thread (0x00007fded8085000):  VMThread "VM Thread" [stack: 0x00007fdedc3f0000,0x00007fdedc4f0000] [id=5454]

Stack: [0x00007fdedc3f0000,0x00007fdedc4f0000],  sp=0x00007fdedc4edff0,  free space=1015k
Native frames: (J=compiled Java code, A=aot compiled Java code, j=interpreted, Vv=VM code, C=native code)
V  [libjvm.so+0xde4547]
V  [libjvm.so+0xde519b]
V  [libjvm.so+0x6511a5]
V  [libjvm.so+0xbbed38]
V  [libjvm.so+0xbb5ebd]
V  [libjvm.so+0x76f53f]
V  [libjvm.so+0x76f7ae]
V  [libjvm.so+0x77b820]
V  [libjvm.so+0x7f6969]
V  [libjvm.so+0x7f75c2]
V  [libjvm.so+0x7f7a29]
V  [libjvm.so+0x72de6f]
V  [libjvm.so+0x732b6a]
V  [libjvm.so+0xdf01e1]
V  [libjvm.so+0xdeeda8]
V  [libjvm.so+0xdec5e6]
V  [libjvm.so+0xdecaf0]
V  [libjvm.so+0xdecf23]
V  [libjvm.so+0xd7aeea]
V  [libjvm.so+0xbc4a5e]

VM_Operation (0x00007fdee1fbeb60): G1CollectForAllocation, mode: safepoint, requested by thread 0x00007fded8012000


---------------  P R O C E S S  ---------------

Threads class SMR info:
_java_thread_list=0x00007fded80d6cd0, length=9, elements={
0x00007fded8012000, 0x00007fded8088000, 0x00007fded8092000, 0x00007fded8097800,
0x00007fded8099800, 0x00007fded809b800, 0x00007fded809d800, 0x00007fded80cc800,
0x00007fded80d5800
}

Java Threads: ( => current thread )
  0x00007fded8012000 JavaThread "main" [_thread_blocked, id=5448, stack(0x00007fdee1ec2000,0x00007fdee1fc3000)]
  0x00007fded8088000 JavaThread "Reference Handler" daemon [_thread_blocked, id=5455, stack(0x00007fdedc2ed000,0x00007fdedc3ee000)]
  0x00007fded8092000 JavaThread "Finalizer" daemon [_thread_blocked, id=5456, stack(0x00007fdedc1ec000,0x00007fdedc2ed000)]
  0x00007fded8097800 JavaThread "Signal Dispatcher" daemon [_thread_blocked, id=5459, stack(0x00007fdedc0eb000,0x00007fdedc1ec000)]
  0x00007fded8099800 JavaThread "C2 CompilerThread0" daemon [_thread_blocked, id=5460, stack(0x00007fdec0055000,0x00007fdec0156000)]
  0x00007fded809b800 JavaThread "C1 CompilerThread0" daemon [_thread_blocked, id=5461, stack(0x00007fdeb1c20000,0x00007fdeb1d21000)]
  0x00007fded809d800 JavaThread "Sweeper thread" daemon [_thread_blocked, id=5462, stack(0x00007fdeb1b1f000,0x00007fdeb1c20000)]
  0x00007fded80cc800 JavaThread "Service Thread" daemon [_thread_blocked, id=5463, stack(0x00007fdeb1a1e000,0x00007fdeb1b1f000)]
  0x00007fded80d5800 JavaThread "Common-Cleaner" daemon [_thread_blocked, id=5465, stack(0x00007fdeb181b000,0x00007fdeb191c000)]

Other Threads:
=>0x00007fded8085000 VMThread "VM Thread" [stack: 0x00007fdedc3f0000,0x00007fdedc4f0000] [id=5454]
  0x00007fded80cf000 WatcherThread [stack: 0x00007fdeb191e000,0x00007fdeb1a1e000] [id=5464]
  0x00007fded8028000 GCTaskThread "GC Thread#0" [stack: 0x00007fdeddeb7000,0x00007fdeddfb7000] [id=5449]
  0x00007fdea8001000 GCTaskThread "GC Thread#1" [stack: 0x00007fdeb12f3000,0x00007fdeb13f3000] [id=5468]
  0x00007fded8037800 ConcurrentGCThread "G1 Main Marker" [stack: 0x00007fdedca7b000,0x00007fdedcb7b000] [id=5450]
  0x00007fded8039000 ConcurrentGCThread "G1 Conc#0" [stack: 0x00007fdedc979000,0x00007fdedca79000] [id=5451]
  0x00007fded805a800 ConcurrentGCThread "G1 Refine#0" [stack: 0x00007fdedc675000,0x00007fdedc775000] [id=5452]
  0x00007fded805c800 ConcurrentGCThread "G1 Young RemSet Sampling" [stack: 0x00007fdedc573000,0x00007fdedc673000] [id=5453]

Threads with active compile tasks:
C2 CompilerThread03424   !   4       com.google.inject.internal.InjectorImpl$2::get (56 bytes)
C1 CompilerThread03435   !   3       org.apache.maven.model.DependencyManagement::clone (137 bytes)

VM state:at safepoint (normal execution)

VM Mutex/Monitor currently owned by a thread:  ([mutex/lock_event])
[0x00007fded800e440] Threads_lock - owner thread: 0x00007fded8085000
[0x00007fded800eb90] Heap_lock - owner thread: 0x00007fded8012000

Heap address: 0x00000000e3000000, size: 464 MB, Compressed Oops mode: 32-bit
Narrow klass base: 0x0000000800000000, Narrow klass shift: 3
Compressed class space size: 1073741824 Address: 0x0000000840000000

Heap:
 garbage-first heap   total 80896K, used 13033K [0x00000000e3000000, 0x0000000100000000)
  region size 1024K, 1 young (1024K), 1 survivors (1024K)
 Metaspace       used 13771K, capacity 15321K, committed 15744K, reserved 1062912K
  class space    used 1577K, capacity 1811K, committed 1920K, reserved 1048576K
Heap Regions: E=young(eden), S=young(survivor), O=old, HS=humongous(starts), HC=humongous(continues), CS=collection set, F=free, A=archive, TAMS=top-at-mark-start (previous, next)
|   0|0x00000000e3000000, 0x00000000e3100000, 0x00000000e3100000|100%| O|  |TAMS 0x00000000e3000000, 0x00000000e3000000| Untracked 
|   1|0x00000000e3100000, 0x00000000e3200000, 0x00000000e3200000|100%| O|  |TAMS 0x00000000e3100000, 0x00000000e3100000| Untracked 
|   2|0x00000000e3200000, 0x00000000e3300000, 0x00000000e3300000|100%| O|  |TAMS 0x00000000e3200000, 0x00000000e3200000| Untracked 
|   3|0x00000000e3300000, 0x00000000e3400000, 0x00000000e3400000|100%| O|  |TAMS 0x00000000e3300000, 0x00000000e3300000| Untracked 
|   4|0x00000000e3400000, 0x00000000e3500000, 0x00000000e3500000|100%| O|  |TAMS 0x00000000e3400000, 0x00000000e3400000| Untracked 
|   5|0x00000000e3500000, 0x00000000e3600000, 0x00000000e3600000|100%| O|  |TAMS 0x00000000e3500000, 0x00000000e3500000| Untracked 
|   6|0x00000000e3600000, 0x00000000e3700000, 0x00000000e3700000|100%| O|  |TAMS 0x00000000e3600000, 0x00000000e3600000| Untracked 
|   7|0x00000000e3700000, 0x00000000e3800000, 0x00000000e3800000|100%| O|  |TAMS 0x00000000e3700000, 0x00000000e3700000| Untracked 
|   8|0x00000000e3800000, 0x00000000e3900000, 0x00000000e3900000|100%| O|  |TAMS 0x00000000e3800000, 0x00000000e3800000| Untracked 
|   9|0x00000000e3900000, 0x00000000e3a00000, 0x00000000e3a00000|100%| O|  |TAMS 0x00000000e3900000, 0x00000000e3900000| Untracked 
|  10|0x00000000e3a00000, 0x00000000e3b00000, 0x00000000e3b00000|100%| O|  |TAMS 0x00000000e3a00000, 0x00000000e3a00000| Untracked 
|  11|0x00000000e3b00000, 0x00000000e3c00000, 0x00000000e3c00000|100%| O|  |TAMS 0x00000000e3b00000, 0x00000000e3b00000| Untracked 
|  12|0x00000000e3c00000, 0x00000000e3c00000, 0x00000000e3d00000|  0%| F|  |TAMS 0x00000000e3c00000, 0x00000000e3c00000| Untracked 
|  13|0x00000000e3d00000, 0x00000000e3d00000, 0x00000000e3e00000|  0%| F|  |TAMS 0x00000000e3d00000, 0x00000000e3d00000| Untracked 
|  14|0x00000000e3e00000, 0x00000000e3e00000, 0x00000000e3f00000|  0%| F|  |TAMS 0x00000000e3e00000, 0x00000000e3e00000| Untracked 
|  15|0x00000000e3f00000, 0x00000000e3f00000, 0x00000000e4000000|  0%| F|  |TAMS 0x00000000e3f00000, 0x00000000e3f00000| Untracked 
|  16|0x00000000e4000000, 0x00000000e4000000, 0x00000000e4100000|  0%| F|  |TAMS 0x00000000e4000000, 0x00000000e4000000| Untracked 
|  17|0x00000000e4100000, 0x00000000e4100000, 0x00000000e4200000|  0%| F|  |TAMS 0x00000000e4100000, 0x00000000e4100000| Untracked 
|  18|0x00000000e4200000, 0x00000000e4200000, 0x00000000e4300000|  0%| F|  |TAMS 0x00000000e4200000, 0x00000000e4200000| Untracked 
|  19|0x00000000e4300000, 0x00000000e4300000, 0x00000000e4400000|  0%| F|  |TAMS 0x00000000e4300000, 0x00000000e4300000| Untracked 
|  20|0x00000000e4400000, 0x00000000e4400000, 0x00000000e4500000|  0%| F|  |TAMS 0x00000000e4400000, 0x00000000e4400000| Untracked 
|  21|0x00000000e4500000, 0x00000000e4500000, 0x00000000e4600000|  0%| F|  |TAMS 0x00000000e4500000, 0x00000000e4500000| Untracked 
|  22|0x00000000e4600000, 0x00000000e4600000, 0x00000000e4700000|  0%| F|  |TAMS 0x00000000e4600000, 0x00000000e4600000| Untracked 
|  23|0x00000000e4700000, 0x00000000e4700000, 0x00000000e4800000|  0%| F|  |TAMS 0x00000000e4700000, 0x00000000e4700000| Untracked 
|  24|0x00000000e4800000, 0x00000000e4800000, 0x00000000e4900000|  0%| F|  |TAMS 0x00000000e4800000, 0x00000000e4800000| Untracked 
|  25|0x00000000e4900000, 0x00000000e4900000, 0x00000000e4a00000|  0%| F|  |TAMS 0x00000000e4900000, 0x00000000e4900000| Untracked 
|  26|0x00000000e4a00000, 0x00000000e4a00000, 0x00000000e4b00000|  0%| F|  |TAMS 0x00000000e4a00000, 0x00000000e4a00000| Untracked 
|  27|0x00000000e4b00000, 0x00000000e4b00000, 0x00000000e4c00000|  0%| F|  |TAMS 0x00000000e4b00000, 0x00000000e4b00000| Untracked 
|  28|0x00000000e4c00000, 0x00000000e4c00000, 0x00000000e4d00000|  0%| F|  |TAMS 0x00000000e4c00000, 0x00000000e4c00000| Untracked 
|  29|0x00000000e4d00000, 0x00000000e4d00000, 0x00000000e4e00000|  0%| F|  |TAMS 0x00000000e4d00000, 0x00000000e4d00000| Untracked 
|  30|0x00000000e4e00000, 0x00000000e4e00000, 0x00000000e4f00000|  0%| F|  |TAMS 0x00000000e4e00000, 0x00000000e4e00000| Untracked 
|  31|0x00000000e4f00000, 0x00000000e4f00000, 0x00000000e5000000|  0%| F|  |TAMS 0x00000000e4f00000, 0x00000000e4f00000| Untracked 
|  32|0x00000000e5000000, 0x00000000e5000000, 0x00000000e5100000|  0%| F|  |TAMS 0x00000000e5000000, 0x00000000e5000000| Untracked 
|  33|0x00000000e5100000, 0x00000000e5100000, 0x00000000e5200000|  0%| F|  |TAMS 0x00000000e5100000, 0x00000000e5100000| Untracked 
|  34|0x00000000e5200000, 0x00000000e5200000, 0x00000000e5300000|  0%| F|  |TAMS 0x00000000e5200000, 0x00000000e5200000| Untracked 
|  35|0x00000000e5300000, 0x00000000e5300000, 0x00000000e5400000|  0%| F|  |TAMS 0x00000000e5300000, 0x00000000e5300000| Untracked 
|  36|0x00000000e5400000, 0x00000000e5400000, 0x00000000e5500000|  0%| F|  |TAMS 0x00000000e5400000, 0x00000000e5400000| Untracked 
|  37|0x00000000e5500000, 0x00000000e5500000, 0x00000000e5600000|  0%| F|  |TAMS 0x00000000e5500000, 0x00000000e5500000| Untracked 
|  38|0x00000000e5600000, 0x00000000e5600000, 0x00000000e5700000|  0%| F|  |TAMS 0x00000000e5600000, 0x00000000e5600000| Untracked 
|  39|0x00000000e5700000, 0x00000000e5700000, 0x00000000e5800000|  0%| F|  |TAMS 0x00000000e5700000, 0x00000000e5700000| Untracked 
|  40|0x00000000e5800000, 0x00000000e5800000, 0x00000000e5900000|  0%| F|  |TAMS 0x00000000e5800000, 0x00000000e5800000| Untracked 
|  41|0x00000000e5900000, 0x00000000e5900000, 0x00000000e5a00000|  0%| F|  |TAMS 0x00000000e5900000, 0x00000000e5900000| Untracked 
|  42|0x00000000e5a00000, 0x00000000e5a1c740, 0x00000000e5b00000| 11%| S|CS|TAMS 0x00000000e5a00000, 0x00000000e5a00000| Complete 
|  43|0x00000000e5b00000, 0x00000000e5b00000, 0x00000000e5c00000|  0%| F|  |TAMS 0x00000000e5b00000, 0x00000000e5b00000| Untracked 
|  44|0x00000000e5c00000, 0x00000000e5c00000, 0x00000000e5d00000|  0%| F|  |TAMS 0x00000000e5c00000, 0x00000000e5c00000| Untracked 
| 462|0x00000000ffe00000, 0x00000000ffe34000, 0x00000000fff00000| 20%|OA|  |TAMS 0x00000000ffe00000, 0x00000000ffe00000| Untracked 
| 463|0x00000000fff00000, 0x00000000fff6a000, 0x0000000100000000| 41%|CA|  |TAMS 0x00000000fff00000, 0x00000000fff00000| Untracked 

Card table byte_map: [0x00007fdeddae3000,0x00007fdeddbcb000] _byte_map_base: 0x00007fdedd3cb000

Marking Bits (Prev, Next): (CMBitMap*) 0x00007fded8034a88, (CMBitMap*) 0x00007fded8034ac0
 Prev Bits: [0x00007fdedd2bb000, 0x00007fdedd9fb000)
 Next Bits: [0x00007fdedcb7b000, 0x00007fdedd2bb000)

Polling page: 0x00007fdee1fda000

Metaspace:

Usage:
  Non-class:     13,19 MB capacity,    11,91 MB ( 90%) used,     1,27 MB ( 10%) free+waste,    19,19 KB ( <1%) overhead. 
      Class:      1,77 MB capacity,     1,54 MB ( 87%) used,   224,68 KB ( 12%) free+waste,     8,56 KB ( <1%) overhead. 
       Both:     14,96 MB capacity,    13,45 MB ( 90%) used,     1,49 MB ( 10%) free+waste,    27,75 KB ( <1%) overhead. 

Virtual space:
  Non-class space:       14,00 MB reserved,      13,50 MB ( 96%) committed 
      Class space:        1,00 GB reserved,       1,88 MB ( <1%) committed 
             Both:        1,01 GB reserved,      15,38 MB (  1%) committed 

Chunk freelists:
   Non-Class:  118,00 KB
       Class:  13,00 KB
        Both:  131,00 KB

CodeHeap 'non-profiled nmethods': size=120036Kb used=1586Kb max_used=1586Kb free=118449Kb
 bounds [0x00007fdec841d000, 0x00007fdec868d000, 0x00007fdecf956000]
CodeHeap 'profiled nmethods': size=120032Kb used=6805Kb max_used=6805Kb free=113226Kb
 bounds [0x00007fdec0ee5000, 0x00007fdec1595000, 0x00007fdec841d000]
CodeHeap 'non-nmethods': size=5692Kb used=1090Kb max_used=1130Kb free=4601Kb
 bounds [0x00007fdec0956000, 0x00007fdec0bc6000, 0x00007fdec0ee5000]
 total_blobs=4356 nmethods=3260 adapters=317
 compilation: enabled
              stopped_count=0, restarted_count=0
 full_count=0

Compilation events (10 events):
Event: 272,413 Thread 0x00007fded809b800 nmethod 3423 0x00007fdec1587c10 code [0x00007fdec1587e60, 0x00007fdec1588508]
Event: 272,700 Thread 0x00007fded809b800 3421       3       org.apache.maven.model.building.DefaultModelBuilder::getCache (50 bytes)
Event: 273,453 Thread 0x00007fded809b800 nmethod 3421 0x00007fdec1588710 code [0x00007fdec1588940, 0x00007fdec15890f8]
Event: 273,849 Thread 0x00007fded809b800 3430       3       org.apache.maven.plugin.internal.WagonExcluder::deriveChildSelector (34 bytes)
Event: 284,307 Thread 0x00007fded8099800 nmethod 3425 0x00007fdec85a8810 code [0x00007fdec85a89e0, 0x00007fdec85a95e8]
Event: 286,946 Thread 0x00007fded809b800 nmethod 3430 0x00007fdec1589310 code [0x00007fdec1589500, 0x00007fdec1589908]
Event: 290,192 Thread 0x00007fded8099800 3424   !   4       com.google.inject.internal.InjectorImpl$2::get (56 bytes)
Event: 290,617 Thread 0x00007fded809b800 3431       3       org.apache.maven.model.building.ModelCacheTag$1::intoCache (44 bytes)
Event: 292,762 Thread 0x00007fded809b800 nmethod 3431 0x00007fdec1589a90 code [0x00007fdec1589cc0, 0x00007fdec158a568]
Event: 293,236 Thread 0x00007fded809b800 3435   !   3       org.apache.maven.model.DependencyManagement::clone (137 bytes)

GC Heap History (10 events):
Event: 16,148 GC heap after
{Heap after GC invocations=10 (full 0):
 garbage-first heap   total 48128K, used 9670K [0x00000000e3000000, 0x0000000100000000)
  region size 1024K, 3 young (3072K), 3 survivors (3072K)
 Metaspace       used 12837K, capacity 14516K, committed 14848K, reserved 1062912K
  class space    used 1502K, capacity 1735K, committed 1792K, reserved 1048576K
}
Event: 29,837 GC heap before
{Heap before GC invocations=10 (full 0):
 garbage-first heap   total 48128K, used 28102K [0x00000000e3000000, 0x0000000100000000)
  region size 1024K, 21 young (21504K), 3 survivors (3072K)
 Metaspace       used 13136K, capacity 14785K, committed 15104K, reserved 1062912K
  class space    used 1516K, capacity 1739K, committed 1792K, reserved 1048576K
}
Event: 29,947 GC heap after
{Heap after GC invocations=11 (full 0):
 garbage-first heap   total 48128K, used 10907K [0x00000000e3000000, 0x0000000100000000)
  region size 1024K, 3 young (3072K), 3 survivors (3072K)
 Metaspace       used 13136K, capacity 14785K, committed 15104K, reserved 1062912K
  class space    used 1516K, capacity 1739K, committed 1792K, reserved 1048576K
}
Event: 89,588 GC heap before
{Heap before GC invocations=11 (full 0):
 garbage-first heap   total 48128K, used 33435K [0x00000000e3000000, 0x0000000100000000)
  region size 1024K, 25 young (25600K), 3 survivors (3072K)
 Metaspace       used 13653K, capacity 15257K, committed 15488K, reserved 1062912K
  class space    used 1576K, capacity 1811K, committed 1920K, reserved 1048576K
}
Event: 89,792 GC heap after
{Heap after GC invocations=12 (full 0):
 garbage-first heap   total 48128K, used 12216K [0x00000000e3000000, 0x0000000100000000)
  region size 1024K, 3 young (3072K), 3 survivors (3072K)
 Metaspace       used 13653K, capacity 15257K, committed 15488K, reserved 1062912K
  class space    used 1576K, capacity 1811K, committed 1920K, reserved 1048576K
}
Event: 223,521 GC heap before
{Heap before GC invocations=12 (full 0):
 garbage-first heap   total 48128K, used 33720K [0x00000000e3000000, 0x0000000100000000)
  region size 1024K, 24 young (24576K), 3 survivors (3072K)
 Metaspace       used 13765K, capacity 15321K, committed 15744K, reserved 1062912K
  class space    used 1577K, capacity 1811K, committed 1920K, reserved 1048576K
}
Event: 224,692 GC heap after
{Heap after GC invocations=13 (full 0):
 garbage-first heap   total 48128K, used 13151K [0x00000000e3000000, 0x0000000100000000)
  region size 1024K, 3 young (3072K), 3 survivors (3072K)
 Metaspace       used 13765K, capacity 15321K, committed 15744K, reserved 1062912K
  class space    used 1577K, capacity 1811K, committed 1920K, reserved 1048576K
}
Event: 266,520 GC heap before
{Heap before GC invocations=13 (full 0):
 garbage-first heap   total 48128K, used 13151K [0x00000000e3000000, 0x0000000100000000)
  region size 1024K, 4 young (4096K), 3 survivors (3072K)
 Metaspace       used 13767K, capacity 15321K, committed 15744K, reserved 1062912K
  class space    used 1577K, capacity 1811K, committed 1920K, reserved 1048576K
}
Event: 271,959 GC heap after
{Heap after GC invocations=14 (full 0):
 garbage-first heap   total 48128K, used 13341K [0x00000000e3000000, 0x0000000100000000)
  region size 1024K, 1 young (1024K), 1 survivors (1024K)
 Metaspace       used 13767K, capacity 15321K, committed 15744K, reserved 1062912K
  class space    used 1577K, capacity 1811K, committed 1920K, reserved 1048576K
}
Event: 293,266 GC heap before
{Heap before GC invocations=14 (full 0):
 garbage-first heap   total 48128K, used 13341K [0x00000000e3000000, 0x0000000100000000)
  region size 1024K, 2 young (2048K), 1 survivors (1024K)
 Metaspace       used 13771K, capacity 15321K, committed 15744K, reserved 1062912K
  class space    used 1577K, capacity 1811K, committed 1920K, reserved 1048576K
}

Deoptimization events (10 events):
Event: 134,810 Thread 0x00007fded8012000 Uncommon trap: trap_request=0xffffffbe fr.pc=0x00007fdec8592650 relative=0x0000000000001270
Event: 134,810 Thread 0x00007fded8012000 Uncommon trap: reason=profile_predicate action=maybe_recompile pc=0x00007fdec8592650 method=java.util.concurrent.ConcurrentHashMap.putAll(Ljava/util/Map;)V @ 28 c2
Event: 134,810 Thread 0x00007fded8012000 DEOPT PACKING pc=0x00007fdec8592650 sp=0x00007fdee1fbf5b0
Event: 134,810 Thread 0x00007fded8012000 DEOPT UNPACKING pc=0x00007fdec097de1f sp=0x00007fdee1fbf5a0 mode 2
Event: 134,810 Thread 0x00007fded8012000 Uncommon trap: trap_request=0xffffffbe fr.pc=0x00007fdec8592650 relative=0x0000000000001270
Event: 134,810 Thread 0x00007fded8012000 Uncommon trap: reason=profile_predicate action=maybe_recompile pc=0x00007fdec8592650 method=java.util.concurrent.ConcurrentHashMap.putAll(Ljava/util/Map;)V @ 28 c2
Event: 134,810 Thread 0x00007fded8012000 DEOPT PACKING pc=0x00007fdec8592650 sp=0x00007fdee1fbf570
Event: 134,810 Thread 0x00007fded8012000 DEOPT UNPACKING pc=0x00007fdec097de1f sp=0x00007fdee1fbf560 mode 2
Event: 134,922 Thread 0x00007fded8012000 DEOPT PACKING pc=0x00007fdec1455cf4 sp=0x00007fdee1fc0030
Event: 134,922 Thread 0x00007fded8012000 DEOPT UNPACKING pc=0x00007fdec097dc2b sp=0x00007fdee1fbf5d0 mode 0

Classes redefined (0 events):
No events

Internal exceptions (8 events):
Event: 2,355 Thread 0x00007fded8012000 Exception <a 'java/security/PrivilegedActionException'{0x00000000e4b98e18}> (0x00000000e4b98e18) thrown at [/build/openjdk-lts-7bqZff/openjdk-lts-11.0.4+11/src/hotspot/share/prims/jvm.cpp, line 1300]
Event: 2,355 Thread 0x00007fded8012000 Exception <a 'java/security/PrivilegedActionException'{0x00000000e4b99390}> (0x00000000e4b99390) thrown at [/build/openjdk-lts-7bqZff/openjdk-lts-11.0.4+11/src/hotspot/share/prims/jvm.cpp, line 1300]
Event: 3,145 Thread 0x00007fded8012000 Exception <a 'java/lang/NoSuchMethodError'{0x00000000e480f0c8}: 'int java.lang.invoke.DirectMethodHandle$Holder.invokeSpecialIFC(java.lang.Object, java.lang.Object, int)'> (0x00000000e480f0c8) thrown at [/build/openjdk-lts-7bqZff/openjdk-lts-11.0.4+11/src
Event: 10,970 Thread 0x00007fded8012000 Exception <a 'java/lang/NoClassDefFoundError'{0x00000000e4d4e560}: com/google/inject/servlet/ServletModuleTargetVisitor> (0x00000000e4d4e560) thrown at [/build/openjdk-lts-7bqZff/openjdk-lts-11.0.4+11/src/hotspot/share/classfile/systemDictionary.cpp, line
Event: 10,972 Thread 0x00007fded8012000 Exception <a 'java/lang/NoClassDefFoundError'{0x00000000e4d4e560}> (0x00000000e4d4e560) thrown at [/build/openjdk-lts-7bqZff/openjdk-lts-11.0.4+11/src/hotspot/share/prims/jvm.cpp, line 1304]
Event: 10,972 Thread 0x00007fded8012000 Exception <a 'java/lang/NoClassDefFoundError'{0x00000000e4d51318}: javax/annotation/Priority> (0x00000000e4d51318) thrown at [/build/openjdk-lts-7bqZff/openjdk-lts-11.0.4+11/src/hotspot/share/classfile/systemDictionary.cpp, line 220]
Event: 12,098 Thread 0x00007fded8012000 Implicit null exception at 0x00007fdec84b539d to 0x00007fdec84b5486
Event: 13,290 Thread 0x00007fded8012000 Implicit null exception at 0x00007fdec849bb05 to 0x00007fdec849bce2

Events (10 events):
Event: 125,562 loading class org/apache/maven/repository/internal/RelocatedArtifact done
Event: 126,731 Executing VM operation: Deoptimize
Event: 126,806 Executing VM operation: Deoptimize done
Event: 174,457 loading class org/eclipse/aether/collection/DependencyManagement
Event: 174,457 loading class org/eclipse/aether/collection/DependencyManagement done
Event: 223,475 Executing VM operation: G1CollectForAllocation
Event: 224,736 Executing VM operation: G1CollectForAllocation done
Event: 264,007 Executing VM operation: G1CollectForAllocation
Event: 272,001 Executing VM operation: G1CollectForAllocation done
Event: 293,249 Executing VM operation: G1CollectForAllocation


Dynamic libraries:
e3000000-e5d00000 rw-p 00000000 00:00 0 
e7d00000-ffe00000 ---p 00000000 00:00 0 
ffe00000-ffe34000 rw-p 01116000 b3:06 1437553                            /usr/lib/jvm/java-11-openjdk-amd64/lib/server/classes.jsa
ffe34000-fff00000 rw-p 00000000 00:00 0 
fff00000-fff6a000 rw-p 010ac000 b3:06 1437553                            /usr/lib/jvm/java-11-openjdk-amd64/lib/server/classes.jsa
fff6a000-100000000 rw-p 00000000 00:00 0 
800000000-800002000 rwxp 00001000 b3:06 1437553                          /usr/lib/jvm/java-11-openjdk-amd64/lib/server/classes.jsa
800002000-8003bd000 rw-p 00003000 b3:06 1437553                          /usr/lib/jvm/java-11-openjdk-amd64/lib/server/classes.jsa
8003bd000-800a98000 r--p 003be000 b3:06 1437553                          /usr/lib/jvm/java-11-openjdk-amd64/lib/server/classes.jsa
800a98000-800a99000 rw-p 00a99000 b3:06 1437553                          /usr/lib/jvm/java-11-openjdk-amd64/lib/server/classes.jsa
800a99000-8010ab000 r--p 00a9a000 b3:06 1437553                          /usr/lib/jvm/java-11-openjdk-amd64/lib/server/classes.jsa
840000000-8401e0000 rw-p 00000000 00:00 0 
8401e0000-880000000 ---p 00000000 00:00 0 
556b78cde000-556b78cdf000 r-xp 00000000 b3:06 1441529                    /usr/lib/jvm/java-11-openjdk-amd64/bin/java
556b78edf000-556b78ee0000 r--p 00001000 b3:06 1441529                    /usr/lib/jvm/java-11-openjdk-amd64/bin/java
556b78ee0000-556b78ee1000 rw-p 00002000 b3:06 1441529                    /usr/lib/jvm/java-11-openjdk-amd64/bin/java
556b79bc7000-556b79be8000 rw-p 00000000 00:00 0                          [heap]
7fde84000000-7fde84021000 rw-p 00000000 00:00 0 
7fde84021000-7fde88000000 ---p 00000000 00:00 0 
7fde88000000-7fde88021000 rw-p 00000000 00:00 0 
7fde88021000-7fde8c000000 ---p 00000000 00:00 0 
7fde8c000000-7fde8c657000 rw-p 00000000 00:00 0 
7fde8c657000-7fde90000000 ---p 00000000 00:00 0 
7fde90000000-7fde90021000 rw-p 00000000 00:00 0 
7fde90021000-7fde94000000 ---p 00000000 00:00 0 
7fde94000000-7fde94021000 rw-p 00000000 00:00 0 
7fde94021000-7fde98000000 ---p 00000000 00:00 0 
7fde98000000-7fde99694000 rw-p 00000000 00:00 0 
7fde99694000-7fde9c000000 ---p 00000000 00:00 0 
7fde9c000000-7fde9c021000 rw-p 00000000 00:00 0 
7fde9c021000-7fdea0000000 ---p 00000000 00:00 0 
7fdea0000000-7fdea0021000 rw-p 00000000 00:00 0 
7fdea0021000-7fdea4000000 ---p 00000000 00:00 0 
7fdea4000000-7fdea4021000 rw-p 00000000 00:00 0 
7fdea4021000-7fdea8000000 ---p 00000000 00:00 0 
7fdea8000000-7fdea8021000 rw-p 00000000 00:00 0 
7fdea8021000-7fdeac000000 ---p 00000000 00:00 0 
7fdeac000000-7fdeac021000 rw-p 00000000 00:00 0 
7fdeac021000-7fdeb0000000 ---p 00000000 00:00 0 
7fdeb0cf1000-7fdeb0e71000 rw-p 00000000 00:00 0 
7fdeb0e71000-7fdeb0ef1000 ---p 00000000 00:00 0 
7fdeb0ef1000-7fdeb10f1000 rw-p 00000000 00:00 0 
7fdeb10f1000-7fdeb12f1000 rw-p 00000000 00:00 0 
7fdeb12f1000-7fdeb12f2000 ---p 00000000 00:00 0 
7fdeb12f2000-7fdeb13f3000 rw-p 00000000 00:00 0 
7fdeb13f3000-7fdeb1409000 r-xp 00000000 b3:06 1441803                    /usr/lib/jvm/java-11-openjdk-amd64/lib/libnet.so
7fdeb1409000-7fdeb1608000 ---p 00016000 b3:06 1441803                    /usr/lib/jvm/java-11-openjdk-amd64/lib/libnet.so
7fdeb1608000-7fdeb1609000 r--p 00015000 b3:06 1441803                    /usr/lib/jvm/java-11-openjdk-amd64/lib/libnet.so
7fdeb1609000-7fdeb160a000 rw-p 00016000 b3:06 1441803                    /usr/lib/jvm/java-11-openjdk-amd64/lib/libnet.so
7fdeb160a000-7fdeb161a000 r-xp 00000000 b3:06 1441805                    /usr/lib/jvm/java-11-openjdk-amd64/lib/libnio.so
7fdeb161a000-7fdeb1819000 ---p 00010000 b3:06 1441805                    /usr/lib/jvm/java-11-openjdk-amd64/lib/libnio.so
7fdeb1819000-7fdeb181a000 r--p 0000f000 b3:06 1441805                    /usr/lib/jvm/java-11-openjdk-amd64/lib/libnio.so
7fdeb181a000-7fdeb181b000 rw-p 00010000 b3:06 1441805                    /usr/lib/jvm/java-11-openjdk-amd64/lib/libnio.so
7fdeb181b000-7fdeb181f000 ---p 00000000 00:00 0 
7fdeb181f000-7fdeb191c000 rw-p 00000000 00:00 0 
7fdeb191c000-7fdeb191d000 ---p 00000000 00:00 0 
7fdeb191d000-7fdeb1a1e000 rw-p 00000000 00:00 0 
7fdeb1a1e000-7fdeb1a22000 ---p 00000000 00:00 0 
7fdeb1a22000-7fdeb1b1f000 rw-p 00000000 00:00 0 
7fdeb1b1f000-7fdeb1b23000 ---p 00000000 00:00 0 
7fdeb1b23000-7fdeb1c20000 rw-p 00000000 00:00 0 
7fdeb1c20000-7fdeb1c24000 ---p 00000000 00:00 0 
7fdeb1c24000-7fdeb1d21000 rw-p 00000000 00:00 0 
7fdeb1d21000-7fdeb2000000 r--p 00000000 b3:06 1443645                    /usr/lib/locale/locale-archive
7fdeb2000000-7fdeb4000000 rw-p 00000000 00:00 0 
7fdeb4000000-7fdeb4021000 rw-p 00000000 00:00 0 
7fdeb4021000-7fdeb8000000 ---p 00000000 00:00 0 
7fdeb8000000-7fdeb8021000 rw-p 00000000 00:00 0 
7fdeb8021000-7fdebc000000 ---p 00000000 00:00 0 
7fdebc000000-7fdebc021000 rw-p 00000000 00:00 0 
7fdebc021000-7fdec0000000 ---p 00000000 00:00 0 
7fdec0055000-7fdec0059000 ---p 00000000 00:00 0 
7fdec0059000-7fdec0956000 rw-p 00000000 00:00 0 
7fdec0956000-7fdec0bc6000 rwxp 00000000 00:00 0 
7fdec0bc6000-7fdec0ee5000 ---p 00000000 00:00 0 
7fdec0ee5000-7fdec1595000 rwxp 00000000 00:00 0 
7fdec1595000-7fdec841d000 ---p 00000000 00:00 0 
7fdec841d000-7fdec868d000 rwxp 00000000 00:00 0 
7fdec868d000-7fdecf956000 ---p 00000000 00:00 0 
7fdecf956000-7fded8000000 r--s 00000000 b3:06 1441815                    /usr/lib/jvm/java-11-openjdk-amd64/lib/modules
7fded8000000-7fded8817000 rw-p 00000000 00:00 0 
7fded8817000-7fdedc000000 ---p 00000000 00:00 0 
7fdedc0ba000-7fdedc0eb000 rw-p 00000000 00:00 0 
7fdedc0eb000-7fdedc0ef000 ---p 00000000 00:00 0 
7fdedc0ef000-7fdedc1ec000 rw-p 00000000 00:00 0 
7fdedc1ec000-7fdedc1f0000 ---p 00000000 00:00 0 
7fdedc1f0000-7fdedc2ed000 rw-p 00000000 00:00 0 
7fdedc2ed000-7fdedc2f1000 ---p 00000000 00:00 0 
7fdedc2f1000-7fdedc3ee000 rw-p 00000000 00:00 0 
7fdedc3ee000-7fdedc3ef000 ---p 00000000 00:00 0 
7fdedc3ef000-7fdedc571000 rw-p 00000000 00:00 0 
7fdedc571000-7fdedc572000 ---p 00000000 00:00 0 
7fdedc572000-7fdedc673000 rw-p 00000000 00:00 0 
7fdedc673000-7fdedc674000 ---p 00000000 00:00 0 
7fdedc674000-7fdedc977000 rw-p 00000000 00:00 0 
7fdedc977000-7fdedc978000 ---p 00000000 00:00 0 
7fdedc978000-7fdedca79000 rw-p 00000000 00:00 0 
7fdedca79000-7fdedca7a000 ---p 00000000 00:00 0 
7fdedca7a000-7fdedcc2f000 rw-p 00000000 00:00 0 
7fdedcc2f000-7fdedd2b3000 ---p 00000000 00:00 0 
7fdedd2b3000-7fdedd36f000 rw-p 00000000 00:00 0 
7fdedd36f000-7fdedd9f3000 ---p 00000000 00:00 0 
7fdedd9f3000-7fdedda12000 rw-p 00000000 00:00 0 
7fdedda12000-7fdeddae2000 ---p 00000000 00:00 0 
7fdeddae2000-7fdeddafa000 rw-p 00000000 00:00 0 
7fdeddafa000-7fdeddbca000 ---p 00000000 00:00 0 
7fdeddbca000-7fdeddbe2000 rw-p 00000000 00:00 0 
7fdeddbe2000-7fdeddcb2000 ---p 00000000 00:00 0 
7fdeddcb2000-7fdeddeb5000 rw-p 00000000 00:00 0 
7fdeddeb5000-7fdeddeb6000 ---p 00000000 00:00 0 
7fdeddeb6000-7fdeddfbc000 rw-p 00000000 00:00 0 
7fdeddfbc000-7fdede0a2000 ---p 00000000 00:00 0 
7fdede0a2000-7fdede0b0000 rw-p 00000000 00:00 0 
7fdede0b0000-7fdede18d000 ---p 00000000 00:00 0 
7fdede18d000-7fdede192000 r-xp 00000000 b3:06 1441785                    /usr/lib/jvm/java-11-openjdk-amd64/lib/libjimage.so
7fdede192000-7fdede391000 ---p 00005000 b3:06 1441785                    /usr/lib/jvm/java-11-openjdk-amd64/lib/libjimage.so
7fdede391000-7fdede392000 r--p 00004000 b3:06 1441785                    /usr/lib/jvm/java-11-openjdk-amd64/lib/libjimage.so
7fdede392000-7fdede393000 rw-p 00005000 b3:06 1441785                    /usr/lib/jvm/java-11-openjdk-amd64/lib/libjimage.so
7fdede393000-7fdede39a000 r-xp 00000000 b3:06 1441814                    /usr/lib/jvm/java-11-openjdk-amd64/lib/libzip.so
7fdede39a000-7fdede599000 ---p 00007000 b3:06 1441814                    /usr/lib/jvm/java-11-openjdk-amd64/lib/libzip.so
7fdede599000-7fdede59a000 r--p 00006000 b3:06 1441814                    /usr/lib/jvm/java-11-openjdk-amd64/lib/libzip.so
7fdede59a000-7fdede59b000 rw-p 00007000 b3:06 1441814                    /usr/lib/jvm/java-11-openjdk-amd64/lib/libzip.so
7fdede59b000-7fdede5a6000 r-xp 00000000 b3:06 1050651                    /lib/x86_64-linux-gnu/libnss_files-2.27.so
7fdede5a6000-7fdede7a5000 ---p 0000b000 b3:06 1050651                    /lib/x86_64-linux-gnu/libnss_files-2.27.so
7fdede7a5000-7fdede7a6000 r--p 0000a000 b3:06 1050651                    /lib/x86_64-linux-gnu/libnss_files-2.27.so
7fdede7a6000-7fdede7a7000 rw-p 0000b000 b3:06 1050651                    /lib/x86_64-linux-gnu/libnss_files-2.27.so
7fdede7a7000-7fdede7ad000 rw-p 00000000 00:00 0 
7fdede7ad000-7fdede7c4000 r-xp 00000000 b3:06 1050645                    /lib/x86_64-linux-gnu/libnsl-2.27.so
7fdede7c4000-7fdede9c3000 ---p 00017000 b3:06 1050645                    /lib/x86_64-linux-gnu/libnsl-2.27.so
7fdede9c3000-7fdede9c4000 r--p 00016000 b3:06 1050645                    /lib/x86_64-linux-gnu/libnsl-2.27.so
7fdede9c4000-7fdede9c5000 rw-p 00017000 b3:06 1050645                    /lib/x86_64-linux-gnu/libnsl-2.27.so
7fdede9c5000-7fdede9c7000 rw-p 00000000 00:00 0 
7fdede9c7000-7fdede9d2000 r-xp 00000000 b3:06 1050662                    /lib/x86_64-linux-gnu/libnss_nis-2.27.so
7fdede9d2000-7fdedebd1000 ---p 0000b000 b3:06 1050662                    /lib/x86_64-linux-gnu/libnss_nis-2.27.so
7fdedebd1000-7fdedebd2000 r--p 0000a000 b3:06 1050662                    /lib/x86_64-linux-gnu/libnss_nis-2.27.so
7fdedebd2000-7fdedebd3000 rw-p 0000b000 b3:06 1050662                    /lib/x86_64-linux-gnu/libnss_nis-2.27.so
7fdedebd3000-7fdedebdb000 r-xp 00000000 b3:06 1050647                    /lib/x86_64-linux-gnu/libnss_compat-2.27.so
7fdedebdb000-7fdededdb000 ---p 00008000 b3:06 1050647                    /lib/x86_64-linux-gnu/libnss_compat-2.27.so
7fdededdb000-7fdededdc000 r--p 00008000 b3:06 1050647                    /lib/x86_64-linux-gnu/libnss_compat-2.27.so
7fdededdc000-7fdededdd000 rw-p 00009000 b3:06 1050647                    /lib/x86_64-linux-gnu/libnss_compat-2.27.so
7fdededdd000-7fdedee06000 r-xp 00000000 b3:06 1441777                    /usr/lib/jvm/java-11-openjdk-amd64/lib/libjava.so
7fdedee06000-7fdedf005000 ---p 00029000 b3:06 1441777                    /usr/lib/jvm/java-11-openjdk-amd64/lib/libjava.so
7fdedf005000-7fdedf006000 r--p 00028000 b3:06 1441777                    /usr/lib/jvm/java-11-openjdk-amd64/lib/libjava.so
7fdedf006000-7fdedf008000 rw-p 00029000 b3:06 1441777                    /usr/lib/jvm/java-11-openjdk-amd64/lib/libjava.so
7fdedf008000-7fdedf015000 r-xp 00000000 b3:06 1441812                    /usr/lib/jvm/java-11-openjdk-amd64/lib/libverify.so
7fdedf015000-7fdedf214000 ---p 0000d000 b3:06 1441812                    /usr/lib/jvm/java-11-openjdk-amd64/lib/libverify.so
7fdedf214000-7fdedf216000 r--p 0000c000 b3:06 1441812                    /usr/lib/jvm/java-11-openjdk-amd64/lib/libverify.so
7fdedf216000-7fdedf217000 rw-p 0000e000 b3:06 1441812                    /usr/lib/jvm/java-11-openjdk-amd64/lib/libverify.so
7fdedf217000-7fdedf21e000 r-xp 00000000 b3:06 1050702                    /lib/x86_64-linux-gnu/librt-2.27.so
7fdedf21e000-7fdedf41d000 ---p 00007000 b3:06 1050702                    /lib/x86_64-linux-gnu/librt-2.27.so
7fdedf41d000-7fdedf41e000 r--p 00006000 b3:06 1050702                    /lib/x86_64-linux-gnu/librt-2.27.so
7fdedf41e000-7fdedf41f000 rw-p 00007000 b3:06 1050702                    /lib/x86_64-linux-gnu/librt-2.27.so
7fdedf41f000-7fdedf436000 r-xp 00000000 b3:06 1050598                    /lib/x86_64-linux-gnu/libgcc_s.so.1
7fdedf436000-7fdedf635000 ---p 00017000 b3:06 1050598                    /lib/x86_64-linux-gnu/libgcc_s.so.1
7fdedf635000-7fdedf636000 r--p 00016000 b3:06 1050598                    /lib/x86_64-linux-gnu/libgcc_s.so.1
7fdedf636000-7fdedf637000 rw-p 00017000 b3:06 1050598                    /lib/x86_64-linux-gnu/libgcc_s.so.1
7fdedf637000-7fdedf7d4000 r-xp 00000000 b3:06 1050624                    /lib/x86_64-linux-gnu/libm-2.27.so
7fdedf7d4000-7fdedf9d3000 ---p 0019d000 b3:06 1050624                    /lib/x86_64-linux-gnu/libm-2.27.so
7fdedf9d3000-7fdedf9d4000 r--p 0019c000 b3:06 1050624                    /lib/x86_64-linux-gnu/libm-2.27.so
7fdedf9d4000-7fdedf9d5000 rw-p 0019d000 b3:06 1050624                    /lib/x86_64-linux-gnu/libm-2.27.so
7fdedf9d5000-7fdedfb4e000 r-xp 00000000 b3:06 1446455                    /usr/lib/x86_64-linux-gnu/libstdc++.so.6.0.25
7fdedfb4e000-7fdedfd4e000 ---p 00179000 b3:06 1446455                    /usr/lib/x86_64-linux-gnu/libstdc++.so.6.0.25
7fdedfd4e000-7fdedfd58000 r--p 00179000 b3:06 1446455                    /usr/lib/x86_64-linux-gnu/libstdc++.so.6.0.25
7fdedfd58000-7fdedfd5a000 rw-p 00183000 b3:06 1446455                    /usr/lib/x86_64-linux-gnu/libstdc++.so.6.0.25
7fdedfd5a000-7fdedfd5e000 rw-p 00000000 00:00 0 
7fdedfd5e000-7fdee0e2a000 r-xp 00000000 b3:06 1441824                    /usr/lib/jvm/java-11-openjdk-amd64/lib/server/libjvm.so
7fdee0e2a000-7fdee1029000 ---p 010cc000 b3:06 1441824                    /usr/lib/jvm/java-11-openjdk-amd64/lib/server/libjvm.so
7fdee1029000-7fdee10e6000 r--p 010cb000 b3:06 1441824                    /usr/lib/jvm/java-11-openjdk-amd64/lib/server/libjvm.so
7fdee10e6000-7fdee111f000 rw-p 01188000 b3:06 1441824                    /usr/lib/jvm/java-11-openjdk-amd64/lib/server/libjvm.so
7fdee111f000-7fdee1175000 rw-p 00000000 00:00 0 
7fdee1175000-7fdee118f000 r-xp 00000000 b3:06 1050694                    /lib/x86_64-linux-gnu/libpthread-2.27.so
7fdee118f000-7fdee138e000 ---p 0001a000 b3:06 1050694                    /lib/x86_64-linux-gnu/libpthread-2.27.so
7fdee138e000-7fdee138f000 r--p 00019000 b3:06 1050694                    /lib/x86_64-linux-gnu/libpthread-2.27.so
7fdee138f000-7fdee1390000 rw-p 0001a000 b3:06 1050694                    /lib/x86_64-linux-gnu/libpthread-2.27.so
7fdee1390000-7fdee1394000 rw-p 00000000 00:00 0 
7fdee1394000-7fdee1397000 r-xp 00000000 b3:06 1050584                    /lib/x86_64-linux-gnu/libdl-2.27.so
7fdee1397000-7fdee1596000 ---p 00003000 b3:06 1050584                    /lib/x86_64-linux-gnu/libdl-2.27.so
7fdee1596000-7fdee1597000 r--p 00002000 b3:06 1050584                    /lib/x86_64-linux-gnu/libdl-2.27.so
7fdee1597000-7fdee1598000 rw-p 00003000 b3:06 1050584                    /lib/x86_64-linux-gnu/libdl-2.27.so
7fdee1598000-7fdee15b4000 r-xp 00000000 b3:06 1050735                    /lib/x86_64-linux-gnu/libz.so.1.2.11
7fdee15b4000-7fdee17b3000 ---p 0001c000 b3:06 1050735                    /lib/x86_64-linux-gnu/libz.so.1.2.11
7fdee17b3000-7fdee17b4000 r--p 0001b000 b3:06 1050735                    /lib/x86_64-linux-gnu/libz.so.1.2.11
7fdee17b4000-7fdee17b5000 rw-p 0001c000 b3:06 1050735                    /lib/x86_64-linux-gnu/libz.so.1.2.11
7fdee17b5000-7fdee199c000 r-xp 00000000 b3:06 1050561                    /lib/x86_64-linux-gnu/libc-2.27.so
7fdee199c000-7fdee1b9c000 ---p 001e7000 b3:06 1050561                    /lib/x86_64-linux-gnu/libc-2.27.so
7fdee1b9c000-7fdee1ba0000 r--p 001e7000 b3:06 1050561                    /lib/x86_64-linux-gnu/libc-2.27.so
7fdee1ba0000-7fdee1ba2000 rw-p 001eb000 b3:06 1050561                    /lib/x86_64-linux-gnu/libc-2.27.so
7fdee1ba2000-7fdee1ba6000 rw-p 00000000 00:00 0 
7fdee1ba6000-7fdee1bb6000 r-xp 00000000 b3:06 1441749                    /usr/lib/jvm/java-11-openjdk-amd64/lib/jli/libjli.so
7fdee1bb6000-7fdee1db5000 ---p 00010000 b3:06 1441749                    /usr/lib/jvm/java-11-openjdk-amd64/lib/jli/libjli.so
7fdee1db5000-7fdee1db6000 r--p 0000f000 b3:06 1441749                    /usr/lib/jvm/java-11-openjdk-amd64/lib/jli/libjli.so
7fdee1db6000-7fdee1db7000 rw-p 00010000 b3:06 1441749                    /usr/lib/jvm/java-11-openjdk-amd64/lib/jli/libjli.so
7fdee1db7000-7fdee1dde000 r-xp 00000000 b3:06 1050533                    /lib/x86_64-linux-gnu/ld-2.27.so
7fdee1ded000-7fdee1ec2000 rw-p 00000000 00:00 0 
7fdee1ec2000-7fdee1ec6000 ---p 00000000 00:00 0 
7fdee1ec6000-7fdee1fc5000 rw-p 00000000 00:00 0 
7fdee1fc6000-7fdee1fcb000 rw-p 00000000 00:00 0 
7fdee1fcb000-7fdee1fd2000 ---p 00000000 00:00 0 
7fdee1fd2000-7fdee1fda000 rw-s 00000000 b3:06 415782                     /tmp/hsperfdata_lizandra/5437
7fdee1fda000-7fdee1fdb000 ---p 00000000 00:00 0 
7fdee1fdb000-7fdee1fdc000 r--p 00000000 00:00 0 
7fdee1fdc000-7fdee1fde000 rw-p 00000000 00:00 0 
7fdee1fde000-7fdee1fdf000 r--p 00027000 b3:06 1050533                    /lib/x86_64-linux-gnu/ld-2.27.so
7fdee1fdf000-7fdee1fe0000 rw-p 00028000 b3:06 1050533                    /lib/x86_64-linux-gnu/ld-2.27.so
7fdee1fe0000-7fdee1fe1000 rw-p 00000000 00:00 0 
7ffc61f16000-7ffc61f37000 rw-p 00000000 00:00 0                          [stack]
7ffc61f5f000-7ffc61f62000 r--p 00000000 00:00 0                          [vvar]
7ffc61f62000-7ffc61f64000 r-xp 00000000 00:00 0                          [vdso]
ffffffffff600000-ffffffffff601000 r-xp 00000000 00:00 0                  [vsyscall]


VM Arguments:
jvm_args: -Dclassworlds.conf=/home/lizandra/Software/netbeans/java/maven/bin/m2.conf -Dmaven.home=/home/lizandra/Software/netbeans/java/maven -Dmaven.multiModuleProjectDirectory=/home/lizandra/NetBeansProjects/sistema-nutri 
java_command: org.codehaus.plexus.classworlds.launcher.Launcher -Dmaven.ext.class.path=/home/lizandra/Software/netbeans/java/maven-nblib/netbeans-eventspy.jar clean install
java_class_path (initial): /home/lizandra/Software/netbeans/java/maven/boot/plexus-classworlds-2.5.2.jar
Launcher Type: SUN_STANDARD

[Global flags]
     intx CICompilerCount                          = 2                                         {product} {ergonomic}
     uint ConcGCThreads                            = 1                                         {product} {ergonomic}
     uint G1ConcRefinementThreads                  = 2                                         {product} {ergonomic}
   size_t G1HeapRegionSize                         = 1048576                                   {product} {ergonomic}
    uintx GCDrainStackTargetSize                   = 64                                        {product} {ergonomic}
   size_t InitialHeapSize                          = 31457280                                  {product} {ergonomic}
   size_t MarkStackSize                            = 4194304                                   {product} {ergonomic}
   size_t MaxHeapSize                              = 486539264                                 {product} {ergonomic}
   size_t MaxNewSize                               = 291504128                                 {product} {ergonomic}
   size_t MinHeapDeltaBytes                        = 1048576                                   {product} {ergonomic}
    uintx NonNMethodCodeHeapSize                   = 5824844                                {pd product} {ergonomic}
    uintx NonProfiledCodeHeapSize                  = 122916698                              {pd product} {ergonomic}
    uintx ProfiledCodeHeapSize                     = 122916698                              {pd product} {ergonomic}
    uintx ReservedCodeCacheSize                    = 251658240                              {pd product} {ergonomic}
     bool SegmentedCodeCache                       = true                                      {product} {ergonomic}
     bool UseCompressedClassPointers               = true                                 {lp64_product} {ergonomic}
     bool UseCompressedOops                        = true                                 {lp64_product} {ergonomic}
     bool UseG1GC                                  = true                                      {product} {ergonomic}

Logging:
Log output configuration:
 #0: stdout all=warning uptime,level,tags
 #1: stderr all=off uptime,level,tags

Environment Variables:
JAVA_HOME=/usr/lib/jvm/java-11-openjdk-amd64
PATH=/usr/local/sbin:/usr/local/bin:/usr/sbin:/usr/bin:/sbin:/bin:/usr/games:/usr/local/games
SHELL=/bin/bash
DISPLAY=:0

Signal Handlers:
SIGSEGV: [libjvm.so+0xde5f50], sa_mask[0]=11111111011111111101111111111110, sa_flags=SA_RESTART|SA_SIGINFO
SIGBUS: [libjvm.so+0xde5f50], sa_mask[0]=11111111011111111101111111111110, sa_flags=SA_RESTART|SA_SIGINFO
SIGFPE: [libjvm.so+0xde5f50], sa_mask[0]=11111111011111111101111111111110, sa_flags=SA_RESTART|SA_SIGINFO
SIGPIPE: [libjvm.so+0xbba5b0], sa_mask[0]=11111111011111111101111111111110, sa_flags=SA_RESTART|SA_SIGINFO
SIGXFSZ: [libjvm.so+0xbba5b0], sa_mask[0]=11111111011111111101111111111110, sa_flags=SA_RESTART|SA_SIGINFO
SIGILL: [libjvm.so+0xde5f50], sa_mask[0]=11111111011111111101111111111110, sa_flags=SA_RESTART|SA_SIGINFO
SIGUSR2: [libjvm.so+0xbba450], sa_mask[0]=00100000000000000000000000000000, sa_flags=SA_RESTART|SA_SIGINFO
SIGHUP: [libjvm.so+0xbba7b0], sa_mask[0]=11111111011111111101111111111110, sa_flags=SA_RESTART|SA_SIGINFO
SIGINT: SIG_IGN, sa_mask[0]=00000000000000000000000000000000, sa_flags=none
SIGTERM: [libjvm.so+0xbba7b0], sa_mask[0]=11111111011111111101111111111110, sa_flags=SA_RESTART|SA_SIGINFO
SIGQUIT: [libjvm.so+0xbba7b0], sa_mask[0]=11111111011111111101111111111110, sa_flags=SA_RESTART|SA_SIGINFO


---------------  S Y S T E M  ---------------

OS:DISTRIB_ID=LinuxMint
DISTRIB_RELEASE=19.2
DISTRIB_CODENAME=tina
DISTRIB_DESCRIPTION="Linux Mint 19.2 Tina"
uname:Linux 4.15.0-58-generic #64-Ubuntu SMP Tue Aug 6 11:12:41 UTC 2019 x86_64
libc:glibc 2.27 NPTL 2.27 
rlimit: STACK 8192k, CORE 0k, NPROC 6965, NOFILE 1048576, AS infinity, DATA infinity, FSIZE infinity
load average:27,67 14,19 7,33

/proc/meminfo:
MemTotal:        1897592 kB
MemFree:           54124 kB
MemAvailable:       1864 kB
Buffers:            1024 kB
Cached:           125376 kB
SwapCached:          620 kB
Active:          1256372 kB
Inactive:         425020 kB
Active(anon):    1249476 kB
Inactive(anon):   416668 kB
Active(file):       6896 kB
Inactive(file):     8352 kB
Unevictable:          72 kB
Mlocked:              72 kB
SwapTotal:       1301168 kB
SwapFree:              0 kB
Dirty:                64 kB
Writeback:            36 kB
AnonPages:       1554716 kB
Mapped:            23044 kB
Shmem:            110984 kB
Slab:              69160 kB
SReclaimable:      29496 kB
SUnreclaim:        39664 kB
KernelStack:       11824 kB
PageTables:        44740 kB
NFS_Unstable:          0 kB
Bounce:                0 kB
WritebackTmp:          0 kB
CommitLimit:     2249964 kB
Committed_AS:    6208092 kB
VmallocTotal:   34359738367 kB
VmallocUsed:           0 kB
VmallocChunk:          0 kB
HardwareCorrupted:     0 kB
AnonHugePages:         0 kB
ShmemHugePages:        0 kB
ShmemPmdMapped:        0 kB
CmaTotal:              0 kB
CmaFree:               0 kB
HugePages_Total:       0
HugePages_Free:        0
HugePages_Rsvd:        0
HugePages_Surp:        0
Hugepagesize:       2048 kB
DirectMap4k:      147200 kB
DirectMap2M:     1804288 kB


/proc/sys/kernel/threads-max (system-wide limit on the number of threads):
13930


/proc/sys/vm/max_map_count (maximum number of memory map areas a process may have):
65530


/proc/sys/kernel/pid_max (system-wide limit on number of process identifiers):
32768



container (cgroup) information:
container_type: cgroupv1
cpu_cpuset_cpus: 0-1
cpu_memory_nodes: 0
active_processor_count: 2
cpu_quota: -1
cpu_period: 100000
cpu_shares: -1
memory_limit_in_bytes: -1
memory_and_swap_limit_in_bytes: -2
memory_soft_limit_in_bytes: -1
memory_usage_in_bytes: 1723670528
memory_max_usage_in_bytes: 0

Steal ticks since vm start: 0
Steal ticks percentage since vm start:  0,000

CPU:total 2 (initial active 2) (2 cores per cpu, 1 threads per core) family 6 model 76 stepping 3, cmov, cx8, fxsr, mmx, sse, sse2, sse3, ssse3, sse4.1, sse4.2, popcnt, aes, clmul, erms, 3dnowpref, tsc, tscinvbit
CPU Model and flags from /proc/cpuinfo:
model name	: Intel(R) Celeron(R) CPU  N3050  @ 1.60GHz
flags		: fpu vme de pse tsc msr pae mce cx8 apic sep mtrr pge mca cmov pat pse36 clflush dts acpi mmx fxsr sse sse2 ss ht tm pbe syscall nx rdtscp lm constant_tsc arch_perfmon pebs bts rep_good nopl xtopology tsc_reliable nonstop_tsc cpuid aperfmperf tsc_known_freq pni pclmulqdq dtes64 monitor ds_cpl vmx est tm2 ssse3 cx16 xtpr pdcm sse4_1 sse4_2 movbe popcnt tsc_deadline_timer aes rdrand lahf_lm 3dnowprefetch epb pti ibrs ibpb stibp tpr_shadow vnmi flexpriority ept vpid tsc_adjust smep erms dtherm ida arat md_clear

Memory: 4k page, physical 1897592k(52160k free), swap 1301168k(0k free)

vm_info: OpenJDK 64-Bit Server VM (11.0.4+11-post-Ubuntu-1ubuntu218.04.3) for linux-amd64 JRE (11.0.4+11-post-Ubuntu-1ubuntu218.04.3), built on Jul 18 2019 18:21:46 by "buildd" with gcc 7.4.0

END.
