#
# There is insufficient memory for the Java Runtime Environment to continue.
# Native memory allocation (mmap) failed to map 34603008 bytes for committing reserved memory.
# Possible reasons:
#   The system is out of physical RAM or swap space
#   The process is running with CompressedOops enabled, and the Java Heap may be blocking the growth of the native heap
# Possible solutions:
#   Reduce memory load on the system
#   Increase physical memory or swap space
#   Check if swap backing store is full
#   Decrease Java heap size (-Xmx/-Xms)
#   Decrease number of Java threads
#   Decrease Java thread stack sizes (-Xss)
#   Set larger code cache with -XX:ReservedCodeCacheSize=
#   JVM is running with Unscaled Compressed Oops mode in which the Java heap is
#     placed in the first 4GB address space. The Java Heap base address is the
#     maximum limit for the native heap growth. Please use -XX:HeapBaseMinAddress
#     to set the Java Heap base and to place the Java Heap above 4GB virtual address.
# This output file may be truncated or incomplete.
#
#  Out of Memory Error (os_linux.cpp:2893), pid=3790, tid=3807
#
# JRE version: OpenJDK Runtime Environment (11.0.4+11) (build 11.0.4+11-post-Ubuntu-1ubuntu218.04.3)
# Java VM: OpenJDK 64-Bit Server VM (11.0.4+11-post-Ubuntu-1ubuntu218.04.3, mixed mode, sharing, tiered, compressed oops, g1 gc, linux-amd64)
# Core dump will be written. Default location: Core dumps may be processed with "/lib/systemd/systemd-coredump %P %u %g %s %t 9223372036854775808 %e" (or dumping to /home/lizandra/NetBeansProjects/sistema-nutri/core.3790)
#

---------------  S U M M A R Y ------------

Command Line: -Dclassworlds.conf=/home/lizandra/Software/netbeans/java/maven/bin/m2.conf -Dmaven.home=/home/lizandra/Software/netbeans/java/maven -Dmaven.multiModuleProjectDirectory=/home/lizandra/NetBeansProjects/sistema-nutri org.codehaus.plexus.classworlds.launcher.Launcher -Dmaven.ext.class.path=/home/lizandra/Software/netbeans/java/maven-nblib/netbeans-eventspy.jar clean install

Host: Intel(R) Celeron(R) CPU  N3050  @ 1.60GHz, 2 cores, 1G, Linux Mint 19.2 Tina
Time: Fri Oct 11 22:24:08 2019 -03 elapsed time: 258 seconds (0d 0h 4m 18s)

---------------  T H R E A D  ---------------

Current thread (0x00007efcdc085000):  VMThread "VM Thread" [stack: 0x00007efcc037f000,0x00007efcc047f000] [id=3807]

Stack: [0x00007efcc037f000,0x00007efcc047f000],  sp=0x00007efcc047cff0,  free space=1015k
Native frames: (J=compiled Java code, A=aot compiled Java code, j=interpreted, Vv=VM code, C=native code)
V  [libjvm.so+0xde4547]
V  [libjvm.so+0xde519b]
V  [libjvm.so+0x6511a5]
V  [libjvm.so+0xbbed38]
V  [libjvm.so+0xbb5ebd]
V  [libjvm.so+0x76f53f]
V  [libjvm.so+0x76f7ae]
V  [libjvm.so+0x77b820]
V  [libjvm.so+0x7f6969]
V  [libjvm.so+0x7f75c2]
V  [libjvm.so+0x7f7a29]
V  [libjvm.so+0x72de6f]
V  [libjvm.so+0x732b6a]
V  [libjvm.so+0xdf01e1]
V  [libjvm.so+0xdeeda8]
V  [libjvm.so+0xdec5e6]
V  [libjvm.so+0xdecaf0]
V  [libjvm.so+0xdecf23]
V  [libjvm.so+0xd7aeea]
V  [libjvm.so+0xbc4a5e]

VM_Operation (0x00007efce3643f70): G1CollectForAllocation, mode: safepoint, requested by thread 0x00007efcdc012000


---------------  P R O C E S S  ---------------

Threads class SMR info:
_java_thread_list=0x00007efcdc0cea30, length=9, elements={
0x00007efcdc012000, 0x00007efcdc088000, 0x00007efcdc08a000, 0x00007efcdc08f800,
0x00007efcdc091800, 0x00007efcdc093800, 0x00007efcdc095800, 0x00007efcdc0c4800,
0x00007efcdc0cd000
}

Java Threads: ( => current thread )
  0x00007efcdc012000 JavaThread "main" [_thread_blocked, id=3801, stack(0x00007efce3547000,0x00007efce3648000)]
  0x00007efcdc088000 JavaThread "Reference Handler" daemon [_thread_blocked, id=3808, stack(0x00007efcc027c000,0x00007efcc037d000)]
  0x00007efcdc08a000 JavaThread "Finalizer" daemon [_thread_blocked, id=3809, stack(0x00007efcc017b000,0x00007efcc027c000)]
  0x00007efcdc08f800 JavaThread "Signal Dispatcher" daemon [_thread_blocked, id=3810, stack(0x00007efcc007a000,0x00007efcc017b000)]
  0x00007efcdc091800 JavaThread "C2 CompilerThread0" daemon [_thread_blocked, id=3811, stack(0x00007efcab420000,0x00007efcab521000)]
  0x00007efcdc093800 JavaThread "C1 CompilerThread0" daemon [_thread_blocked, id=3812, stack(0x00007efcab31f000,0x00007efcab420000)]
  0x00007efcdc095800 JavaThread "Sweeper thread" daemon [_thread_blocked, id=3813, stack(0x00007efcab21e000,0x00007efcab31f000)]
  0x00007efcdc0c4800 JavaThread "Service Thread" daemon [_thread_blocked, id=3814, stack(0x00007efcab11d000,0x00007efcab21e000)]
  0x00007efcdc0cd000 JavaThread "Common-Cleaner" daemon [_thread_blocked, id=3816, stack(0x00007efcaaf1a000,0x00007efcab01b000)]

Other Threads:
=>0x00007efcdc085000 VMThread "VM Thread" [stack: 0x00007efcc037f000,0x00007efcc047f000] [id=3807]
  0x00007efcdc0c7000 WatcherThread [stack: 0x00007efcab01d000,0x00007efcab11d000] [id=3815]
  0x00007efcdc028000 GCTaskThread "GC Thread#0" [stack: 0x00007efcc3e46000,0x00007efcc3f46000] [id=3802]
  0x00007efca4001000 GCTaskThread "GC Thread#1" [stack: 0x00007efcaa9f2000,0x00007efcaaaf2000] [id=3817]
  0x00007efcdc037800 ConcurrentGCThread "G1 Main Marker" [stack: 0x00007efcc2a0a000,0x00007efcc2b0a000] [id=3803]
  0x00007efcdc039000 ConcurrentGCThread "G1 Conc#0" [stack: 0x00007efcc2908000,0x00007efcc2a08000] [id=3804]
  0x00007efcdc05a800 ConcurrentGCThread "G1 Refine#0" [stack: 0x00007efcc0604000,0x00007efcc0704000] [id=3805]
  0x00007efcac001000 ConcurrentGCThread "G1 Refine#1" [stack: 0x00007efcaa8f0000,0x00007efcaa9f0000] [id=3818]
  0x00007efcdc05c800 ConcurrentGCThread "G1 Young RemSet Sampling" [stack: 0x00007efcc0502000,0x00007efcc0602000] [id=3806]

Threads with active compile tasks:

VM state:at safepoint (normal execution)

VM Mutex/Monitor currently owned by a thread:  ([mutex/lock_event])
[0x00007efcdc00e440] Threads_lock - owner thread: 0x00007efcdc085000
[0x00007efcdc00eb90] Heap_lock - owner thread: 0x00007efcdc012000

Heap address: 0x00000000e3000000, size: 464 MB, Compressed Oops mode: 32-bit
Narrow klass base: 0x0000000800000000, Narrow klass shift: 3
Compressed class space size: 1073741824 Address: 0x0000000840000000

Heap:
 garbage-first heap   total 73728K, used 15399K [0x00000000e3000000, 0x0000000100000000)
  region size 1024K, 1 young (1024K), 1 survivors (1024K)
 Metaspace       used 17884K, capacity 19209K, committed 19584K, reserved 1067008K
  class space    used 2082K, capacity 2346K, committed 2432K, reserved 1048576K
Heap Regions: E=young(eden), S=young(survivor), O=old, HS=humongous(starts), HC=humongous(continues), CS=collection set, F=free, A=archive, TAMS=top-at-mark-start (previous, next)
|   0|0x00000000e3000000, 0x00000000e3100000, 0x00000000e3100000|100%| O|  |TAMS 0x00000000e3000000, 0x00000000e3000000| Untracked 
|   1|0x00000000e3100000, 0x00000000e3200000, 0x00000000e3200000|100%| O|  |TAMS 0x00000000e3100000, 0x00000000e3100000| Untracked 
|   2|0x00000000e3200000, 0x00000000e3300000, 0x00000000e3300000|100%| O|  |TAMS 0x00000000e3200000, 0x00000000e3200000| Untracked 
|   3|0x00000000e3300000, 0x00000000e3400000, 0x00000000e3400000|100%| O|  |TAMS 0x00000000e3300000, 0x00000000e3300000| Untracked 
|   4|0x00000000e3400000, 0x00000000e3500000, 0x00000000e3500000|100%| O|  |TAMS 0x00000000e3400000, 0x00000000e3400000| Untracked 
|   5|0x00000000e3500000, 0x00000000e3600000, 0x00000000e3600000|100%| O|  |TAMS 0x00000000e3500000, 0x00000000e3500000| Untracked 
|   6|0x00000000e3600000, 0x00000000e3700000, 0x00000000e3700000|100%| O|  |TAMS 0x00000000e3600000, 0x00000000e3600000| Untracked 
|   7|0x00000000e3700000, 0x00000000e3800000, 0x00000000e3800000|100%| O|  |TAMS 0x00000000e3700000, 0x00000000e3700000| Untracked 
|   8|0x00000000e3800000, 0x00000000e3900000, 0x00000000e3900000|100%| O|  |TAMS 0x00000000e3800000, 0x00000000e3800000| Untracked 
|   9|0x00000000e3900000, 0x00000000e3a00000, 0x00000000e3a00000|100%| O|  |TAMS 0x00000000e3900000, 0x00000000e3900000| Untracked 
|  10|0x00000000e3a00000, 0x00000000e3b00000, 0x00000000e3b00000|100%| O|  |TAMS 0x00000000e3a00000, 0x00000000e3a00000| Untracked 
|  11|0x00000000e3b00000, 0x00000000e3c00000, 0x00000000e3c00000|100%| O|  |TAMS 0x00000000e3b00000, 0x00000000e3b00000| Untracked 
|  12|0x00000000e3c00000, 0x00000000e3d00000, 0x00000000e3d00000|100%| O|  |TAMS 0x00000000e3c00000, 0x00000000e3c00000| Untracked 
|  13|0x00000000e3d00000, 0x00000000e3e00000, 0x00000000e3e00000|100%| O|  |TAMS 0x00000000e3d00000, 0x00000000e3d00000| Untracked 
|  14|0x00000000e3e00000, 0x00000000e3e66a00, 0x00000000e3f00000| 40%| O|  |TAMS 0x00000000e3e00000, 0x00000000e3e00000| Untracked 
|  15|0x00000000e3f00000, 0x00000000e3f00000, 0x00000000e4000000|  0%| F|  |TAMS 0x00000000e3f00000, 0x00000000e3f00000| Untracked 
|  16|0x00000000e4000000, 0x00000000e4000000, 0x00000000e4100000|  0%| F|  |TAMS 0x00000000e4000000, 0x00000000e4000000| Untracked 
|  17|0x00000000e4100000, 0x00000000e4100000, 0x00000000e4200000|  0%| F|  |TAMS 0x00000000e4100000, 0x00000000e4100000| Untracked 
|  18|0x00000000e4200000, 0x00000000e4200000, 0x00000000e4300000|  0%| F|  |TAMS 0x00000000e4200000, 0x00000000e4200000| Untracked 
|  19|0x00000000e4300000, 0x00000000e4300000, 0x00000000e4400000|  0%| F|  |TAMS 0x00000000e4300000, 0x00000000e4300000| Untracked 
|  20|0x00000000e4400000, 0x00000000e4400000, 0x00000000e4500000|  0%| F|  |TAMS 0x00000000e4400000, 0x00000000e4400000| Untracked 
|  21|0x00000000e4500000, 0x00000000e4500000, 0x00000000e4600000|  0%| F|  |TAMS 0x00000000e4500000, 0x00000000e4500000| Untracked 
|  22|0x00000000e4600000, 0x00000000e4600000, 0x00000000e4700000|  0%| F|  |TAMS 0x00000000e4600000, 0x00000000e4600000| Untracked 
|  23|0x00000000e4700000, 0x00000000e4700000, 0x00000000e4800000|  0%| F|  |TAMS 0x00000000e4700000, 0x00000000e4700000| Untracked 
|  24|0x00000000e4800000, 0x00000000e4800000, 0x00000000e4900000|  0%| F|  |TAMS 0x00000000e4800000, 0x00000000e4800000| Untracked 
|  25|0x00000000e4900000, 0x00000000e4900000, 0x00000000e4a00000|  0%| F|  |TAMS 0x00000000e4900000, 0x00000000e4900000| Untracked 
|  26|0x00000000e4a00000, 0x00000000e4a00000, 0x00000000e4b00000|  0%| F|  |TAMS 0x00000000e4a00000, 0x00000000e4a00000| Untracked 
|  27|0x00000000e4b00000, 0x00000000e4b00000, 0x00000000e4c00000|  0%| F|  |TAMS 0x00000000e4b00000, 0x00000000e4b00000| Untracked 
|  28|0x00000000e4c00000, 0x00000000e4c00000, 0x00000000e4d00000|  0%| F|  |TAMS 0x00000000e4c00000, 0x00000000e4c00000| Untracked 
|  29|0x00000000e4d00000, 0x00000000e4d00000, 0x00000000e4e00000|  0%| F|  |TAMS 0x00000000e4d00000, 0x00000000e4d00000| Untracked 
|  30|0x00000000e4e00000, 0x00000000e4e00000, 0x00000000e4f00000|  0%| F|  |TAMS 0x00000000e4e00000, 0x00000000e4e00000| Untracked 
|  31|0x00000000e4f00000, 0x00000000e4f00000, 0x00000000e5000000|  0%| F|  |TAMS 0x00000000e4f00000, 0x00000000e4f00000| Untracked 
|  32|0x00000000e5000000, 0x00000000e5000000, 0x00000000e5100000|  0%| F|  |TAMS 0x00000000e5000000, 0x00000000e5000000| Untracked 
|  33|0x00000000e5100000, 0x00000000e5100000, 0x00000000e5200000|  0%| F|  |TAMS 0x00000000e5100000, 0x00000000e5100000| Untracked 
|  34|0x00000000e5200000, 0x00000000e5205578, 0x00000000e5300000|  2%| S|CS|TAMS 0x00000000e5200000, 0x00000000e5200000| Complete 
|  35|0x00000000e5300000, 0x00000000e5300000, 0x00000000e5400000|  0%| F|  |TAMS 0x00000000e5300000, 0x00000000e5300000| Untracked 
|  36|0x00000000e5400000, 0x00000000e5400000, 0x00000000e5500000|  0%| F|  |TAMS 0x00000000e5400000, 0x00000000e5400000| Untracked 
| 462|0x00000000ffe00000, 0x00000000ffe34000, 0x00000000fff00000| 20%|OA|  |TAMS 0x00000000ffe00000, 0x00000000ffe00000| Untracked 
| 463|0x00000000fff00000, 0x00000000fff6a000, 0x0000000100000000| 41%|CA|  |TAMS 0x00000000fff00000, 0x00000000fff00000| Untracked 

Card table byte_map: [0x00007efcc3a72000,0x00007efcc3b5a000] _byte_map_base: 0x00007efcc335a000

Marking Bits (Prev, Next): (CMBitMap*) 0x00007efcdc034a88, (CMBitMap*) 0x00007efcdc034ac0
 Prev Bits: [0x00007efcc324a000, 0x00007efcc398a000)
 Next Bits: [0x00007efcc2b0a000, 0x00007efcc324a000)

Polling page: 0x00007efce365f000

Metaspace:

Usage:
  Non-class:     16,47 MB capacity,    15,43 MB ( 94%) used,     1,01 MB (  6%) free+waste,    25,31 KB ( <1%) overhead. 
      Class:      2,29 MB capacity,     2,03 MB ( 89%) used,   251,95 KB ( 11%) free+waste,    11,75 KB ( <1%) overhead. 
       Both:     18,76 MB capacity,    17,47 MB ( 93%) used,     1,26 MB (  7%) free+waste,    37,06 KB ( <1%) overhead. 

Virtual space:
  Non-class space:       18,00 MB reserved,      16,75 MB ( 93%) committed 
      Class space:        1,00 GB reserved,       2,38 MB ( <1%) committed 
             Both:        1,02 GB reserved,      19,12 MB (  2%) committed 

Chunk freelists:
   Non-Class:  105,00 KB
       Class:  22,00 KB
        Both:  127,00 KB

CodeHeap 'non-profiled nmethods': size=120036Kb used=1662Kb max_used=1662Kb free=118373Kb
 bounds [0x00007efccbbe3000, 0x00007efccbe53000, 0x00007efcd311c000]
CodeHeap 'profiled nmethods': size=120032Kb used=8026Kb max_used=8026Kb free=112005Kb
 bounds [0x00007efcc46ab000, 0x00007efcc4e8b000, 0x00007efccbbe3000]
CodeHeap 'non-nmethods': size=5692Kb used=1099Kb max_used=1146Kb free=4592Kb
 bounds [0x00007efcc411c000, 0x00007efcc438c000, 0x00007efcc46ab000]
 total_blobs=4895 nmethods=3817 adapters=331
 compilation: enabled
              stopped_count=0, restarted_count=0
 full_count=0

Compilation events (10 events):
Event: 252,873 Thread 0x00007efcdc093800 3933       3       java.lang.CharacterDataLatin1::isJavaIdentifierPart (20 bytes)
Event: 252,896 Thread 0x00007efcdc093800 nmethod 3933 0x00007efcc4e7f310 code [0x00007efcc4e7f4e0, 0x00007efcc4e7f750]
Event: 253,235 Thread 0x00007efcdc093800 3936       3       java.util.jar.Manifest$FastInputStream::readLine (296 bytes)
Event: 257,785 Thread 0x00007efcdc093800 nmethod 3936 0x00007efcc4e7f890 code [0x00007efcc4e7fac0, 0x00007efcc4e80428]
Event: 257,785 Thread 0x00007efcdc093800 3937       3       java.util.jar.Manifest$FastInputStream::peek (38 bytes)
Event: 257,786 Thread 0x00007efcdc093800 nmethod 3937 0x00007efcc4e80790 code [0x00007efcc4e80960, 0x00007efcc4e80be8]
Event: 257,790 Thread 0x00007efcdc093800 3934       3       java.util.WeakHashMap::keySet (25 bytes)
Event: 257,801 Thread 0x00007efcdc093800 nmethod 3934 0x00007efcc4e80d10 code [0x00007efcc4e80ee0, 0x00007efcc4e81330]
Event: 257,801 Thread 0x00007efcdc093800 3935       3       java.util.WeakHashMap$KeySet::<init> (10 bytes)
Event: 257,805 Thread 0x00007efcdc093800 nmethod 3935 0x00007efcc4e81490 code [0x00007efcc4e81660, 0x00007efcc4e81950]

GC Heap History (10 events):
Event: 28,196 GC heap after
{Heap after GC invocations=15 (full 0):
 garbage-first heap   total 39936K, used 12530K [0x00000000e3000000, 0x0000000100000000)
  region size 1024K, 3 young (3072K), 3 survivors (3072K)
 Metaspace       used 14094K, capacity 15627K, committed 16000K, reserved 1062912K
  class space    used 1603K, capacity 1849K, committed 1920K, reserved 1048576K
}
Event: 32,477 GC heap before
{Heap before GC invocations=15 (full 0):
 garbage-first heap   total 39936K, used 27890K [0x00000000e3000000, 0x0000000100000000)
  region size 1024K, 18 young (18432K), 3 survivors (3072K)
 Metaspace       used 15573K, capacity 17027K, committed 17280K, reserved 1064960K
  class space    used 1827K, capacity 2081K, committed 2176K, reserved 1048576K
}
Event: 32,860 GC heap after
{Heap after GC invocations=16 (full 0):
 garbage-first heap   total 39936K, used 13618K [0x00000000e3000000, 0x0000000100000000)
  region size 1024K, 3 young (3072K), 3 survivors (3072K)
 Metaspace       used 15573K, capacity 17027K, committed 17280K, reserved 1064960K
  class space    used 1827K, capacity 2081K, committed 2176K, reserved 1048576K
}
Event: 45,548 GC heap before
{Heap before GC invocations=16 (full 0):
 garbage-first heap   total 39936K, used 28978K [0x00000000e3000000, 0x0000000100000000)
  region size 1024K, 18 young (18432K), 3 survivors (3072K)
 Metaspace       used 16000K, capacity 17470K, committed 17792K, reserved 1064960K
  class space    used 1860K, capacity 2122K, committed 2176K, reserved 1048576K
}
Event: 45,596 GC heap after
{Heap after GC invocations=17 (full 0):
 garbage-first heap   total 39936K, used 14271K [0x00000000e3000000, 0x0000000100000000)
  region size 1024K, 2 young (2048K), 2 survivors (2048K)
 Metaspace       used 16000K, capacity 17470K, committed 17792K, reserved 1064960K
  class space    used 1860K, capacity 2122K, committed 2176K, reserved 1048576K
}
Event: 253,527 GC heap before
{Heap before GC invocations=17 (full 0):
 garbage-first heap   total 39936K, used 29631K [0x00000000e3000000, 0x0000000100000000)
  region size 1024K, 17 young (17408K), 2 survivors (2048K)
 Metaspace       used 17883K, capacity 19209K, committed 19584K, reserved 1067008K
  class space    used 2082K, capacity 2346K, committed 2432K, reserved 1048576K
}
Event: 254,483 GC heap after
{Heap after GC invocations=18 (full 0):
 garbage-first heap   total 39936K, used 15457K [0x00000000e3000000, 0x0000000100000000)
  region size 1024K, 2 young (2048K), 2 survivors (2048K)
 Metaspace       used 17883K, capacity 19209K, committed 19584K, reserved 1067008K
  class space    used 2082K, capacity 2346K, committed 2432K, reserved 1048576K
}
Event: 256,095 GC heap before
{Heap before GC invocations=18 (full 0):
 garbage-first heap   total 39936K, used 16481K [0x00000000e3000000, 0x0000000100000000)
  region size 1024K, 3 young (3072K), 2 survivors (2048K)
 Metaspace       used 17883K, capacity 19209K, committed 19584K, reserved 1067008K
  class space    used 2082K, capacity 2346K, committed 2432K, reserved 1048576K
}
Event: 257,702 GC heap after
{Heap after GC invocations=19 (full 0):
 garbage-first heap   total 39936K, used 15396K [0x00000000e3000000, 0x0000000100000000)
  region size 1024K, 1 young (1024K), 1 survivors (1024K)
 Metaspace       used 17883K, capacity 19209K, committed 19584K, reserved 1067008K
  class space    used 2082K, capacity 2346K, committed 2432K, reserved 1048576K
}
Event: 257,843 GC heap before
{Heap before GC invocations=19 (full 0):
 garbage-first heap   total 39936K, used 15396K [0x00000000e3000000, 0x0000000100000000)
  region size 1024K, 2 young (2048K), 1 survivors (1024K)
 Metaspace       used 17884K, capacity 19209K, committed 19584K, reserved 1067008K
  class space    used 2082K, capacity 2346K, committed 2432K, reserved 1048576K
}

Deoptimization events (10 events):
Event: 36,674 Thread 0x00007efcdc012000 DEOPT PACKING pc=0x00007efcc48b4808 sp=0x00007efce3644500
Event: 36,674 Thread 0x00007efcdc012000 DEOPT UNPACKING pc=0x00007efcc4143c2b sp=0x00007efce3643a30 mode 0
Event: 176,714 Thread 0x00007efcdc012000 DEOPT PACKING pc=0x00007efcc4d4c959 sp=0x00007efce36450e0
Event: 176,794 Thread 0x00007efcdc012000 DEOPT UNPACKING pc=0x00007efcc4143c2b sp=0x00007efce3644578 mode 0
Event: 233,082 Thread 0x00007efcdc012000 DEOPT PACKING pc=0x00007efcc4c53187 sp=0x00007efce3644670
Event: 233,212 Thread 0x00007efcdc012000 DEOPT UNPACKING pc=0x00007efcc4143c2b sp=0x00007efce3643c08 mode 0
Event: 253,000 Thread 0x00007efcdc012000 Uncommon trap: trap_request=0xffffff4d fr.pc=0x00007efccbd39a88 relative=0x00000000000003c8
Event: 253,002 Thread 0x00007efcdc012000 Uncommon trap: reason=unstable_if action=reinterpret pc=0x00007efccbd39a88 method=java.util.jar.Manifest$FastInputStream.readLine([BII)I @ 90 c2
Event: 253,022 Thread 0x00007efcdc012000 DEOPT PACKING pc=0x00007efccbd39a88 sp=0x00007efce36446c0
Event: 253,050 Thread 0x00007efcdc012000 DEOPT UNPACKING pc=0x00007efcc4143e1f sp=0x00007efce3644650 mode 2

Classes redefined (0 events):
No events

Internal exceptions (10 events):
Event: 2,345 Thread 0x00007efcdc012000 Exception <a 'java/security/PrivilegedActionException'{0x00000000e4b98e18}> (0x00000000e4b98e18) thrown at [/build/openjdk-lts-7bqZff/openjdk-lts-11.0.4+11/src/hotspot/share/prims/jvm.cpp, line 1300]
Event: 2,345 Thread 0x00007efcdc012000 Exception <a 'java/security/PrivilegedActionException'{0x00000000e4b99390}> (0x00000000e4b99390) thrown at [/build/openjdk-lts-7bqZff/openjdk-lts-11.0.4+11/src/hotspot/share/prims/jvm.cpp, line 1300]
Event: 3,383 Thread 0x00007efcdc012000 Exception <a 'java/lang/NoSuchMethodError'{0x00000000e480f0c8}: 'int java.lang.invoke.DirectMethodHandle$Holder.invokeSpecialIFC(java.lang.Object, java.lang.Object, int)'> (0x00000000e480f0c8) thrown at [/build/openjdk-lts-7bqZff/openjdk-lts-11.0.4+11/src
Event: 14,525 Thread 0x00007efcdc012000 Exception <a 'java/lang/NoClassDefFoundError'{0x00000000e48de7b8}: com/google/inject/servlet/ServletModuleTargetVisitor> (0x00000000e48de7b8) thrown at [/build/openjdk-lts-7bqZff/openjdk-lts-11.0.4+11/src/hotspot/share/classfile/systemDictionary.cpp, line
Event: 14,525 Thread 0x00007efcdc012000 Exception <a 'java/lang/NoClassDefFoundError'{0x00000000e48de7b8}> (0x00000000e48de7b8) thrown at [/build/openjdk-lts-7bqZff/openjdk-lts-11.0.4+11/src/hotspot/share/prims/jvm.cpp, line 1304]
Event: 14,531 Thread 0x00007efcdc012000 Exception <a 'java/lang/NoClassDefFoundError'{0x00000000e48e12c0}: javax/annotation/Priority> (0x00000000e48e12c0) thrown at [/build/openjdk-lts-7bqZff/openjdk-lts-11.0.4+11/src/hotspot/share/classfile/systemDictionary.cpp, line 220]
Event: 15,571 Thread 0x00007efcdc012000 Implicit null exception at 0x00007efccbc7729d to 0x00007efccbc77386
Event: 17,176 Thread 0x00007efcdc012000 Implicit null exception at 0x00007efccbc41285 to 0x00007efccbc41462
Event: 29,509 Thread 0x00007efcdc012000 Exception <a 'java/lang/NoClassDefFoundError'{0x00000000e4da6bf8}: org/codehaus/plexus/util/interpolation/ValueSource> (0x00000000e4da6bf8) thrown at [/build/openjdk-lts-7bqZff/openjdk-lts-11.0.4+11/src/hotspot/share/classfile/systemDictionary.cpp, line 2
Event: 31,455 Thread 0x00007efcdc012000 Exception <a 'java/lang/NoClassDefFoundError'{0x00000000e473b210}: org/sonatype/aether/graph/Dependency> (0x00000000e473b210) thrown at [/build/openjdk-lts-7bqZff/openjdk-lts-11.0.4+11/src/hotspot/share/classfile/systemDictionary.cpp, line 220]

Events (10 events):
Event: 252,751 loading class jdk/internal/jimage/ImageBufferCache$1 done
Event: 252,786 loading class jdk/internal/jimage/ImageBufferCache$2
Event: 252,794 loading class jdk/internal/jimage/ImageBufferCache$2 done
Event: 252,796 loading class jdk/internal/jimage/ImageBufferCache$BufferReference
Event: 252,804 loading class jdk/internal/jimage/ImageBufferCache$BufferReference done
Event: 253,053 Executing VM operation: G1CollectForAllocation
Event: 254,498 Executing VM operation: G1CollectForAllocation done
Event: 254,756 Executing VM operation: G1CollectForAllocation
Event: 257,768 Executing VM operation: G1CollectForAllocation done
Event: 257,843 Executing VM operation: G1CollectForAllocation


Dynamic libraries:
e3000000-e5500000 rw-p 00000000 00:00 0 
e7600000-ffe00000 ---p 00000000 00:00 0 
ffe00000-ffe34000 rw-p 01116000 b3:06 1437553                            /usr/lib/jvm/java-11-openjdk-amd64/lib/server/classes.jsa
ffe34000-fff00000 rw-p 00000000 00:00 0 
fff00000-fff6a000 rw-p 010ac000 b3:06 1437553                            /usr/lib/jvm/java-11-openjdk-amd64/lib/server/classes.jsa
fff6a000-100000000 rw-p 00000000 00:00 0 
800000000-800002000 rwxp 00001000 b3:06 1437553                          /usr/lib/jvm/java-11-openjdk-amd64/lib/server/classes.jsa
800002000-8003bd000 rw-p 00003000 b3:06 1437553                          /usr/lib/jvm/java-11-openjdk-amd64/lib/server/classes.jsa
8003bd000-800a98000 r--p 003be000 b3:06 1437553                          /usr/lib/jvm/java-11-openjdk-amd64/lib/server/classes.jsa
800a98000-800a99000 rw-p 00a99000 b3:06 1437553                          /usr/lib/jvm/java-11-openjdk-amd64/lib/server/classes.jsa
800a99000-8010ab000 r--p 00a9a000 b3:06 1437553                          /usr/lib/jvm/java-11-openjdk-amd64/lib/server/classes.jsa
840000000-840260000 rw-p 00000000 00:00 0 
840260000-880000000 ---p 00000000 00:00 0 
55642cbcf000-55642cbd0000 r-xp 00000000 b3:06 1441529                    /usr/lib/jvm/java-11-openjdk-amd64/bin/java
55642cdd0000-55642cdd1000 r--p 00001000 b3:06 1441529                    /usr/lib/jvm/java-11-openjdk-amd64/bin/java
55642cdd1000-55642cdd2000 rw-p 00002000 b3:06 1441529                    /usr/lib/jvm/java-11-openjdk-amd64/bin/java
55642d8b3000-55642d8d4000 rw-p 00000000 00:00 0                          [heap]
7efc84000000-7efc84021000 rw-p 00000000 00:00 0 
7efc84021000-7efc88000000 ---p 00000000 00:00 0 
7efc88000000-7efc88021000 rw-p 00000000 00:00 0 
7efc88021000-7efc8c000000 ---p 00000000 00:00 0 
7efc8c000000-7efc8c660000 rw-p 00000000 00:00 0 
7efc8c660000-7efc90000000 ---p 00000000 00:00 0 
7efc90000000-7efc90021000 rw-p 00000000 00:00 0 
7efc90021000-7efc94000000 ---p 00000000 00:00 0 
7efc94000000-7efc94021000 rw-p 00000000 00:00 0 
7efc94021000-7efc98000000 ---p 00000000 00:00 0 
7efc98000000-7efc99d1a000 rw-p 00000000 00:00 0 
7efc99d1a000-7efc9c000000 ---p 00000000 00:00 0 
7efc9c000000-7efc9c021000 rw-p 00000000 00:00 0 
7efc9c021000-7efca0000000 ---p 00000000 00:00 0 
7efca0000000-7efca0021000 rw-p 00000000 00:00 0 
7efca0021000-7efca4000000 ---p 00000000 00:00 0 
7efca4000000-7efca4039000 rw-p 00000000 00:00 0 
7efca4039000-7efca8000000 ---p 00000000 00:00 0 
7efca9eee000-7efca9fae000 rw-p 00000000 00:00 0 
7efca9fae000-7efcaa0ee000 ---p 00000000 00:00 0 
7efcaa0ee000-7efcaa2ee000 rw-p 00000000 00:00 0 
7efcaa2ee000-7efcaa4ee000 rw-p 00000000 00:00 0 
7efcaa4ee000-7efcaa6ee000 rw-p 00000000 00:00 0 
7efcaa6ee000-7efcaa8ee000 rw-p 00000000 00:00 0 
7efcaa8ee000-7efcaa8ef000 ---p 00000000 00:00 0 
7efcaa8ef000-7efcaa9f0000 rw-p 00000000 00:00 0 
7efcaa9f0000-7efcaa9f1000 ---p 00000000 00:00 0 
7efcaa9f1000-7efcaaaf2000 rw-p 00000000 00:00 0 
7efcaaaf2000-7efcaab08000 r-xp 00000000 b3:06 1441803                    /usr/lib/jvm/java-11-openjdk-amd64/lib/libnet.so
7efcaab08000-7efcaad07000 ---p 00016000 b3:06 1441803                    /usr/lib/jvm/java-11-openjdk-amd64/lib/libnet.so
7efcaad07000-7efcaad08000 r--p 00015000 b3:06 1441803                    /usr/lib/jvm/java-11-openjdk-amd64/lib/libnet.so
7efcaad08000-7efcaad09000 rw-p 00016000 b3:06 1441803                    /usr/lib/jvm/java-11-openjdk-amd64/lib/libnet.so
7efcaad09000-7efcaad19000 r-xp 00000000 b3:06 1441805                    /usr/lib/jvm/java-11-openjdk-amd64/lib/libnio.so
7efcaad19000-7efcaaf18000 ---p 00010000 b3:06 1441805                    /usr/lib/jvm/java-11-openjdk-amd64/lib/libnio.so
7efcaaf18000-7efcaaf19000 r--p 0000f000 b3:06 1441805                    /usr/lib/jvm/java-11-openjdk-amd64/lib/libnio.so
7efcaaf19000-7efcaaf1a000 rw-p 00010000 b3:06 1441805                    /usr/lib/jvm/java-11-openjdk-amd64/lib/libnio.so
7efcaaf1a000-7efcaaf1e000 ---p 00000000 00:00 0 
7efcaaf1e000-7efcab01b000 rw-p 00000000 00:00 0 
7efcab01b000-7efcab01c000 ---p 00000000 00:00 0 
7efcab01c000-7efcab11d000 rw-p 00000000 00:00 0 
7efcab11d000-7efcab121000 ---p 00000000 00:00 0 
7efcab121000-7efcab21e000 rw-p 00000000 00:00 0 
7efcab21e000-7efcab222000 ---p 00000000 00:00 0 
7efcab222000-7efcab31f000 rw-p 00000000 00:00 0 
7efcab31f000-7efcab323000 ---p 00000000 00:00 0 
7efcab323000-7efcab420000 rw-p 00000000 00:00 0 
7efcab420000-7efcab424000 ---p 00000000 00:00 0 
7efcab424000-7efcab521000 rw-p 00000000 00:00 0 
7efcab521000-7efcab800000 r--p 00000000 b3:06 1443645                    /usr/lib/locale/locale-archive
7efcab800000-7efcac000000 rw-p 00000000 00:00 0 
7efcac000000-7efcac021000 rw-p 00000000 00:00 0 
7efcac021000-7efcb0000000 ---p 00000000 00:00 0 
7efcb0000000-7efcb0021000 rw-p 00000000 00:00 0 
7efcb0021000-7efcb4000000 ---p 00000000 00:00 0 
7efcb4000000-7efcb4021000 rw-p 00000000 00:00 0 
7efcb4021000-7efcb8000000 ---p 00000000 00:00 0 
7efcb8000000-7efcb8021000 rw-p 00000000 00:00 0 
7efcb8021000-7efcbc000000 ---p 00000000 00:00 0 
7efcbc000000-7efcbc021000 rw-p 00000000 00:00 0 
7efcbc021000-7efcc0000000 ---p 00000000 00:00 0 
7efcc007a000-7efcc007e000 ---p 00000000 00:00 0 
7efcc007e000-7efcc017b000 rw-p 00000000 00:00 0 
7efcc017b000-7efcc017f000 ---p 00000000 00:00 0 
7efcc017f000-7efcc027c000 rw-p 00000000 00:00 0 
7efcc027c000-7efcc0280000 ---p 00000000 00:00 0 
7efcc0280000-7efcc037d000 rw-p 00000000 00:00 0 
7efcc037d000-7efcc037e000 ---p 00000000 00:00 0 
7efcc037e000-7efcc0500000 rw-p 00000000 00:00 0 
7efcc0500000-7efcc0501000 ---p 00000000 00:00 0 
7efcc0501000-7efcc0602000 rw-p 00000000 00:00 0 
7efcc0602000-7efcc0603000 ---p 00000000 00:00 0 
7efcc0603000-7efcc2906000 rw-p 00000000 00:00 0 
7efcc2906000-7efcc2907000 ---p 00000000 00:00 0 
7efcc2907000-7efcc2a08000 rw-p 00000000 00:00 0 
7efcc2a08000-7efcc2a09000 ---p 00000000 00:00 0 
7efcc2a09000-7efcc2b9e000 rw-p 00000000 00:00 0 
7efcc2b9e000-7efcc3242000 ---p 00000000 00:00 0 
7efcc3242000-7efcc32de000 rw-p 00000000 00:00 0 
7efcc32de000-7efcc3982000 ---p 00000000 00:00 0 
7efcc3982000-7efcc399d000 rw-p 00000000 00:00 0 
7efcc399d000-7efcc3a71000 ---p 00000000 00:00 0 
7efcc3a71000-7efcc3a85000 rw-p 00000000 00:00 0 
7efcc3a85000-7efcc3b59000 ---p 00000000 00:00 0 
7efcc3b59000-7efcc3b6d000 rw-p 00000000 00:00 0 
7efcc3b6d000-7efcc3c41000 ---p 00000000 00:00 0 
7efcc3c41000-7efcc3e44000 rw-p 00000000 00:00 0 
7efcc3e44000-7efcc3e45000 ---p 00000000 00:00 0 
7efcc3e45000-7efcc3f4b000 rw-p 00000000 00:00 0 
7efcc3f4b000-7efcc4031000 ---p 00000000 00:00 0 
7efcc4031000-7efcc4041000 rw-p 00000000 00:00 0 
7efcc4041000-7efcc411c000 ---p 00000000 00:00 0 
7efcc411c000-7efcc438c000 rwxp 00000000 00:00 0 
7efcc438c000-7efcc46ab000 ---p 00000000 00:00 0 
7efcc46ab000-7efcc4e8b000 rwxp 00000000 00:00 0 
7efcc4e8b000-7efccbbe3000 ---p 00000000 00:00 0 
7efccbbe3000-7efccbe53000 rwxp 00000000 00:00 0 
7efccbe53000-7efcd311c000 ---p 00000000 00:00 0 
7efcd311c000-7efcdb7c6000 r--s 00000000 b3:06 1441815                    /usr/lib/jvm/java-11-openjdk-amd64/lib/modules
7efcdb7c6000-7efcdb7cb000 r-xp 00000000 b3:06 1441785                    /usr/lib/jvm/java-11-openjdk-amd64/lib/libjimage.so
7efcdb7cb000-7efcdb9ca000 ---p 00005000 b3:06 1441785                    /usr/lib/jvm/java-11-openjdk-amd64/lib/libjimage.so
7efcdb9ca000-7efcdb9cb000 r--p 00004000 b3:06 1441785                    /usr/lib/jvm/java-11-openjdk-amd64/lib/libjimage.so
7efcdb9cb000-7efcdb9cc000 rw-p 00005000 b3:06 1441785                    /usr/lib/jvm/java-11-openjdk-amd64/lib/libjimage.so
7efcdb9cc000-7efcdb9d3000 r-xp 00000000 b3:06 1441814                    /usr/lib/jvm/java-11-openjdk-amd64/lib/libzip.so
7efcdb9d3000-7efcdbbd2000 ---p 00007000 b3:06 1441814                    /usr/lib/jvm/java-11-openjdk-amd64/lib/libzip.so
7efcdbbd2000-7efcdbbd3000 r--p 00006000 b3:06 1441814                    /usr/lib/jvm/java-11-openjdk-amd64/lib/libzip.so
7efcdbbd3000-7efcdbbd4000 rw-p 00007000 b3:06 1441814                    /usr/lib/jvm/java-11-openjdk-amd64/lib/libzip.so
7efcdbbd4000-7efcdbbdf000 r-xp 00000000 b3:06 1050651                    /lib/x86_64-linux-gnu/libnss_files-2.27.so
7efcdbbdf000-7efcdbdde000 ---p 0000b000 b3:06 1050651                    /lib/x86_64-linux-gnu/libnss_files-2.27.so
7efcdbdde000-7efcdbddf000 r--p 0000a000 b3:06 1050651                    /lib/x86_64-linux-gnu/libnss_files-2.27.so
7efcdbddf000-7efcdbde0000 rw-p 0000b000 b3:06 1050651                    /lib/x86_64-linux-gnu/libnss_files-2.27.so
7efcdbde0000-7efcdbde6000 rw-p 00000000 00:00 0 
7efcdbde6000-7efcdbdfd000 r-xp 00000000 b3:06 1050645                    /lib/x86_64-linux-gnu/libnsl-2.27.so
7efcdbdfd000-7efcdbffc000 ---p 00017000 b3:06 1050645                    /lib/x86_64-linux-gnu/libnsl-2.27.so
7efcdbffc000-7efcdbffd000 r--p 00016000 b3:06 1050645                    /lib/x86_64-linux-gnu/libnsl-2.27.so
7efcdbffd000-7efcdbffe000 rw-p 00017000 b3:06 1050645                    /lib/x86_64-linux-gnu/libnsl-2.27.so
7efcdbffe000-7efcdc000000 rw-p 00000000 00:00 0 
7efcdc000000-7efcdcf20000 rw-p 00000000 00:00 0 
7efcdcf20000-7efce0000000 ---p 00000000 00:00 0 
7efce001b000-7efce004c000 rw-p 00000000 00:00 0 
7efce004c000-7efce0057000 r-xp 00000000 b3:06 1050662                    /lib/x86_64-linux-gnu/libnss_nis-2.27.so
7efce0057000-7efce0256000 ---p 0000b000 b3:06 1050662                    /lib/x86_64-linux-gnu/libnss_nis-2.27.so
7efce0256000-7efce0257000 r--p 0000a000 b3:06 1050662                    /lib/x86_64-linux-gnu/libnss_nis-2.27.so
7efce0257000-7efce0258000 rw-p 0000b000 b3:06 1050662                    /lib/x86_64-linux-gnu/libnss_nis-2.27.so
7efce0258000-7efce0260000 r-xp 00000000 b3:06 1050647                    /lib/x86_64-linux-gnu/libnss_compat-2.27.so
7efce0260000-7efce0460000 ---p 00008000 b3:06 1050647                    /lib/x86_64-linux-gnu/libnss_compat-2.27.so
7efce0460000-7efce0461000 r--p 00008000 b3:06 1050647                    /lib/x86_64-linux-gnu/libnss_compat-2.27.so
7efce0461000-7efce0462000 rw-p 00009000 b3:06 1050647                    /lib/x86_64-linux-gnu/libnss_compat-2.27.so
7efce0462000-7efce048b000 r-xp 00000000 b3:06 1441777                    /usr/lib/jvm/java-11-openjdk-amd64/lib/libjava.so
7efce048b000-7efce068a000 ---p 00029000 b3:06 1441777                    /usr/lib/jvm/java-11-openjdk-amd64/lib/libjava.so
7efce068a000-7efce068b000 r--p 00028000 b3:06 1441777                    /usr/lib/jvm/java-11-openjdk-amd64/lib/libjava.so
7efce068b000-7efce068d000 rw-p 00029000 b3:06 1441777                    /usr/lib/jvm/java-11-openjdk-amd64/lib/libjava.so
7efce068d000-7efce069a000 r-xp 00000000 b3:06 1441812                    /usr/lib/jvm/java-11-openjdk-amd64/lib/libverify.so
7efce069a000-7efce0899000 ---p 0000d000 b3:06 1441812                    /usr/lib/jvm/java-11-openjdk-amd64/lib/libverify.so
7efce0899000-7efce089b000 r--p 0000c000 b3:06 1441812                    /usr/lib/jvm/java-11-openjdk-amd64/lib/libverify.so
7efce089b000-7efce089c000 rw-p 0000e000 b3:06 1441812                    /usr/lib/jvm/java-11-openjdk-amd64/lib/libverify.so
7efce089c000-7efce08a3000 r-xp 00000000 b3:06 1050702                    /lib/x86_64-linux-gnu/librt-2.27.so
7efce08a3000-7efce0aa2000 ---p 00007000 b3:06 1050702                    /lib/x86_64-linux-gnu/librt-2.27.so
7efce0aa2000-7efce0aa3000 r--p 00006000 b3:06 1050702                    /lib/x86_64-linux-gnu/librt-2.27.so
7efce0aa3000-7efce0aa4000 rw-p 00007000 b3:06 1050702                    /lib/x86_64-linux-gnu/librt-2.27.so
7efce0aa4000-7efce0abb000 r-xp 00000000 b3:06 1050598                    /lib/x86_64-linux-gnu/libgcc_s.so.1
7efce0abb000-7efce0cba000 ---p 00017000 b3:06 1050598                    /lib/x86_64-linux-gnu/libgcc_s.so.1
7efce0cba000-7efce0cbb000 r--p 00016000 b3:06 1050598                    /lib/x86_64-linux-gnu/libgcc_s.so.1
7efce0cbb000-7efce0cbc000 rw-p 00017000 b3:06 1050598                    /lib/x86_64-linux-gnu/libgcc_s.so.1
7efce0cbc000-7efce0e59000 r-xp 00000000 b3:06 1050624                    /lib/x86_64-linux-gnu/libm-2.27.so
7efce0e59000-7efce1058000 ---p 0019d000 b3:06 1050624                    /lib/x86_64-linux-gnu/libm-2.27.so
7efce1058000-7efce1059000 r--p 0019c000 b3:06 1050624                    /lib/x86_64-linux-gnu/libm-2.27.so
7efce1059000-7efce105a000 rw-p 0019d000 b3:06 1050624                    /lib/x86_64-linux-gnu/libm-2.27.so
7efce105a000-7efce11d3000 r-xp 00000000 b3:06 1446455                    /usr/lib/x86_64-linux-gnu/libstdc++.so.6.0.25
7efce11d3000-7efce13d3000 ---p 00179000 b3:06 1446455                    /usr/lib/x86_64-linux-gnu/libstdc++.so.6.0.25
7efce13d3000-7efce13dd000 r--p 00179000 b3:06 1446455                    /usr/lib/x86_64-linux-gnu/libstdc++.so.6.0.25
7efce13dd000-7efce13df000 rw-p 00183000 b3:06 1446455                    /usr/lib/x86_64-linux-gnu/libstdc++.so.6.0.25
7efce13df000-7efce13e3000 rw-p 00000000 00:00 0 
7efce13e3000-7efce24af000 r-xp 00000000 b3:06 1441824                    /usr/lib/jvm/java-11-openjdk-amd64/lib/server/libjvm.so
7efce24af000-7efce26ae000 ---p 010cc000 b3:06 1441824                    /usr/lib/jvm/java-11-openjdk-amd64/lib/server/libjvm.so
7efce26ae000-7efce276b000 r--p 010cb000 b3:06 1441824                    /usr/lib/jvm/java-11-openjdk-amd64/lib/server/libjvm.so
7efce276b000-7efce27a4000 rw-p 01188000 b3:06 1441824                    /usr/lib/jvm/java-11-openjdk-amd64/lib/server/libjvm.so
7efce27a4000-7efce27fa000 rw-p 00000000 00:00 0 
7efce27fa000-7efce2814000 r-xp 00000000 b3:06 1050694                    /lib/x86_64-linux-gnu/libpthread-2.27.so
7efce2814000-7efce2a13000 ---p 0001a000 b3:06 1050694                    /lib/x86_64-linux-gnu/libpthread-2.27.so
7efce2a13000-7efce2a14000 r--p 00019000 b3:06 1050694                    /lib/x86_64-linux-gnu/libpthread-2.27.so
7efce2a14000-7efce2a15000 rw-p 0001a000 b3:06 1050694                    /lib/x86_64-linux-gnu/libpthread-2.27.so
7efce2a15000-7efce2a19000 rw-p 00000000 00:00 0 
7efce2a19000-7efce2a1c000 r-xp 00000000 b3:06 1050584                    /lib/x86_64-linux-gnu/libdl-2.27.so
7efce2a1c000-7efce2c1b000 ---p 00003000 b3:06 1050584                    /lib/x86_64-linux-gnu/libdl-2.27.so
7efce2c1b000-7efce2c1c000 r--p 00002000 b3:06 1050584                    /lib/x86_64-linux-gnu/libdl-2.27.so
7efce2c1c000-7efce2c1d000 rw-p 00003000 b3:06 1050584                    /lib/x86_64-linux-gnu/libdl-2.27.so
7efce2c1d000-7efce2c39000 r-xp 00000000 b3:06 1050735                    /lib/x86_64-linux-gnu/libz.so.1.2.11
7efce2c39000-7efce2e38000 ---p 0001c000 b3:06 1050735                    /lib/x86_64-linux-gnu/libz.so.1.2.11
7efce2e38000-7efce2e39000 r--p 0001b000 b3:06 1050735                    /lib/x86_64-linux-gnu/libz.so.1.2.11
7efce2e39000-7efce2e3a000 rw-p 0001c000 b3:06 1050735                    /lib/x86_64-linux-gnu/libz.so.1.2.11
7efce2e3a000-7efce3021000 r-xp 00000000 b3:06 1050561                    /lib/x86_64-linux-gnu/libc-2.27.so
7efce3021000-7efce3221000 ---p 001e7000 b3:06 1050561                    /lib/x86_64-linux-gnu/libc-2.27.so
7efce3221000-7efce3225000 r--p 001e7000 b3:06 1050561                    /lib/x86_64-linux-gnu/libc-2.27.so
7efce3225000-7efce3227000 rw-p 001eb000 b3:06 1050561                    /lib/x86_64-linux-gnu/libc-2.27.so
7efce3227000-7efce322b000 rw-p 00000000 00:00 0 
7efce322b000-7efce323b000 r-xp 00000000 b3:06 1441749                    /usr/lib/jvm/java-11-openjdk-amd64/lib/jli/libjli.so
7efce323b000-7efce343a000 ---p 00010000 b3:06 1441749                    /usr/lib/jvm/java-11-openjdk-amd64/lib/jli/libjli.so
7efce343a000-7efce343b000 r--p 0000f000 b3:06 1441749                    /usr/lib/jvm/java-11-openjdk-amd64/lib/jli/libjli.so
7efce343b000-7efce343c000 rw-p 00010000 b3:06 1441749                    /usr/lib/jvm/java-11-openjdk-amd64/lib/jli/libjli.so
7efce343c000-7efce3463000 r-xp 00000000 b3:06 1050533                    /lib/x86_64-linux-gnu/ld-2.27.so
7efce3472000-7efce3547000 rw-p 00000000 00:00 0 
7efce3547000-7efce354b000 ---p 00000000 00:00 0 
7efce354b000-7efce364a000 rw-p 00000000 00:00 0 
7efce364b000-7efce3650000 rw-p 00000000 00:00 0 
7efce3650000-7efce3657000 ---p 00000000 00:00 0 
7efce3657000-7efce365f000 rw-s 00000000 b3:06 416859                     /tmp/hsperfdata_lizandra/3790
7efce365f000-7efce3660000 ---p 00000000 00:00 0 
7efce3660000-7efce3661000 r--p 00000000 00:00 0 
7efce3661000-7efce3663000 rw-p 00000000 00:00 0 
7efce3663000-7efce3664000 r--p 00027000 b3:06 1050533                    /lib/x86_64-linux-gnu/ld-2.27.so
7efce3664000-7efce3665000 rw-p 00028000 b3:06 1050533                    /lib/x86_64-linux-gnu/ld-2.27.so
7efce3665000-7efce3666000 rw-p 00000000 00:00 0 
7fffea4d4000-7fffea4f5000 rw-p 00000000 00:00 0                          [stack]
7fffea4f8000-7fffea4fb000 r--p 00000000 00:00 0                          [vvar]
7fffea4fb000-7fffea4fd000 r-xp 00000000 00:00 0                          [vdso]
ffffffffff600000-ffffffffff601000 r-xp 00000000 00:00 0                  [vsyscall]


VM Arguments:
jvm_args: -Dclassworlds.conf=/home/lizandra/Software/netbeans/java/maven/bin/m2.conf -Dmaven.home=/home/lizandra/Software/netbeans/java/maven -Dmaven.multiModuleProjectDirectory=/home/lizandra/NetBeansProjects/sistema-nutri 
java_command: org.codehaus.plexus.classworlds.launcher.Launcher -Dmaven.ext.class.path=/home/lizandra/Software/netbeans/java/maven-nblib/netbeans-eventspy.jar clean install
java_class_path (initial): /home/lizandra/Software/netbeans/java/maven/boot/plexus-classworlds-2.5.2.jar
Launcher Type: SUN_STANDARD

[Global flags]
     intx CICompilerCount                          = 2                                         {product} {ergonomic}
     uint ConcGCThreads                            = 1                                         {product} {ergonomic}
     uint G1ConcRefinementThreads                  = 2                                         {product} {ergonomic}
   size_t G1HeapRegionSize                         = 1048576                                   {product} {ergonomic}
    uintx GCDrainStackTargetSize                   = 64                                        {product} {ergonomic}
   size_t InitialHeapSize                          = 31457280                                  {product} {ergonomic}
   size_t MarkStackSize                            = 4194304                                   {product} {ergonomic}
   size_t MaxHeapSize                              = 486539264                                 {product} {ergonomic}
   size_t MaxNewSize                               = 291504128                                 {product} {ergonomic}
   size_t MinHeapDeltaBytes                        = 1048576                                   {product} {ergonomic}
    uintx NonNMethodCodeHeapSize                   = 5824844                                {pd product} {ergonomic}
    uintx NonProfiledCodeHeapSize                  = 122916698                              {pd product} {ergonomic}
    uintx ProfiledCodeHeapSize                     = 122916698                              {pd product} {ergonomic}
    uintx ReservedCodeCacheSize                    = 251658240                              {pd product} {ergonomic}
     bool SegmentedCodeCache                       = true                                      {product} {ergonomic}
     bool UseCompressedClassPointers               = true                                 {lp64_product} {ergonomic}
     bool UseCompressedOops                        = true                                 {lp64_product} {ergonomic}
     bool UseG1GC                                  = true                                      {product} {ergonomic}

Logging:
Log output configuration:
 #0: stdout all=warning uptime,level,tags
 #1: stderr all=off uptime,level,tags

Environment Variables:
JAVA_HOME=/usr/lib/jvm/java-11-openjdk-amd64
PATH=/usr/local/sbin:/usr/local/bin:/usr/sbin:/usr/bin:/sbin:/bin:/usr/games:/usr/local/games
SHELL=/bin/bash
DISPLAY=:0

Signal Handlers:
SIGSEGV: [libjvm.so+0xde5f50], sa_mask[0]=11111111011111111101111111111110, sa_flags=SA_RESTART|SA_SIGINFO
SIGBUS: [libjvm.so+0xde5f50], sa_mask[0]=11111111011111111101111111111110, sa_flags=SA_RESTART|SA_SIGINFO
SIGFPE: [libjvm.so+0xde5f50], sa_mask[0]=11111111011111111101111111111110, sa_flags=SA_RESTART|SA_SIGINFO
SIGPIPE: [libjvm.so+0xbba5b0], sa_mask[0]=11111111011111111101111111111110, sa_flags=SA_RESTART|SA_SIGINFO
SIGXFSZ: [libjvm.so+0xbba5b0], sa_mask[0]=11111111011111111101111111111110, sa_flags=SA_RESTART|SA_SIGINFO
SIGILL: [libjvm.so+0xde5f50], sa_mask[0]=11111111011111111101111111111110, sa_flags=SA_RESTART|SA_SIGINFO
SIGUSR2: [libjvm.so+0xbba450], sa_mask[0]=00100000000000000000000000000000, sa_flags=SA_RESTART|SA_SIGINFO
SIGHUP: [libjvm.so+0xbba7b0], sa_mask[0]=11111111011111111101111111111110, sa_flags=SA_RESTART|SA_SIGINFO
SIGINT: SIG_IGN, sa_mask[0]=00000000000000000000000000000000, sa_flags=none
SIGTERM: [libjvm.so+0xbba7b0], sa_mask[0]=11111111011111111101111111111110, sa_flags=SA_RESTART|SA_SIGINFO
SIGQUIT: [libjvm.so+0xbba7b0], sa_mask[0]=11111111011111111101111111111110, sa_flags=SA_RESTART|SA_SIGINFO


---------------  S Y S T E M  ---------------

OS:DISTRIB_ID=LinuxMint
DISTRIB_RELEASE=19.2
DISTRIB_CODENAME=tina
DISTRIB_DESCRIPTION="Linux Mint 19.2 Tina"
uname:Linux 4.15.0-58-generic #64-Ubuntu SMP Tue Aug 6 11:12:41 UTC 2019 x86_64
libc:glibc 2.27 NPTL 2.27 
rlimit: STACK 8192k, CORE 0k, NPROC 6965, NOFILE 1048576, AS infinity, DATA infinity, FSIZE infinity
load average:22,00 12,07 5,92

/proc/meminfo:
MemTotal:        1897592 kB
MemFree:           53832 kB
MemAvailable:       9060 kB
Buffers:             332 kB
Cached:           123156 kB
SwapCached:          632 kB
Active:          1249272 kB
Inactive:         433676 kB
Active(anon):    1240992 kB
Inactive(anon):   413724 kB
Active(file):       8280 kB
Inactive(file):    19952 kB
Unevictable:          48 kB
Mlocked:              48 kB
SwapTotal:       1301168 kB
SwapFree:              4 kB
Dirty:               228 kB
Writeback:           412 kB
AnonPages:       1559016 kB
Mapped:            33400 kB
Shmem:             95160 kB
Slab:              71164 kB
SReclaimable:      31484 kB
SUnreclaim:        39680 kB
KernelStack:       11904 kB
PageTables:        42784 kB
NFS_Unstable:          0 kB
Bounce:                0 kB
WritebackTmp:          0 kB
CommitLimit:     2249964 kB
Committed_AS:    6352848 kB
VmallocTotal:   34359738367 kB
VmallocUsed:           0 kB
VmallocChunk:          0 kB
HardwareCorrupted:     0 kB
AnonHugePages:         0 kB
ShmemHugePages:        0 kB
ShmemPmdMapped:        0 kB
CmaTotal:              0 kB
CmaFree:               0 kB
HugePages_Total:       0
HugePages_Free:        0
HugePages_Rsvd:        0
HugePages_Surp:        0
Hugepagesize:       2048 kB
DirectMap4k:      145152 kB
DirectMap2M:     1806336 kB


/proc/sys/kernel/threads-max (system-wide limit on the number of threads):
13930


/proc/sys/vm/max_map_count (maximum number of memory map areas a process may have):
65530


/proc/sys/kernel/pid_max (system-wide limit on number of process identifiers):
32768



container (cgroup) information:
container_type: cgroupv1
cpu_cpuset_cpus: 0-1
cpu_memory_nodes: 0
active_processor_count: 2
cpu_quota: -1
cpu_period: 100000
cpu_shares: -1
memory_limit_in_bytes: -1
memory_and_swap_limit_in_bytes: -2
memory_soft_limit_in_bytes: -1
memory_usage_in_bytes: 1723904000
memory_max_usage_in_bytes: 0

Steal ticks since vm start: 0
Steal ticks percentage since vm start:  0,000

CPU:total 2 (initial active 2) (2 cores per cpu, 1 threads per core) family 6 model 76 stepping 3, cmov, cx8, fxsr, mmx, sse, sse2, sse3, ssse3, sse4.1, sse4.2, popcnt, aes, clmul, erms, 3dnowpref, tsc, tscinvbit
CPU Model and flags from /proc/cpuinfo:
model name	: Intel(R) Celeron(R) CPU  N3050  @ 1.60GHz
flags		: fpu vme de pse tsc msr pae mce cx8 apic sep mtrr pge mca cmov pat pse36 clflush dts acpi mmx fxsr sse sse2 ss ht tm pbe syscall nx rdtscp lm constant_tsc arch_perfmon pebs bts rep_good nopl xtopology tsc_reliable nonstop_tsc cpuid aperfmperf tsc_known_freq pni pclmulqdq dtes64 monitor ds_cpl vmx est tm2 ssse3 cx16 xtpr pdcm sse4_1 sse4_2 movbe popcnt tsc_deadline_timer aes rdrand lahf_lm 3dnowprefetch epb pti ibrs ibpb stibp tpr_shadow vnmi flexpriority ept vpid tsc_adjust smep erms dtherm ida arat md_clear

Memory: 4k page, physical 1897592k(52372k free), swap 1301168k(16k free)

vm_info: OpenJDK 64-Bit Server VM (11.0.4+11-post-Ubuntu-1ubuntu218.04.3) for linux-amd64 JRE (11.0.4+11-post-Ubuntu-1ubuntu218.04.3), built on Jul 18 2019 18:21:46 by "buildd" with gcc 7.4.0

END.
