#
# There is insufficient memory for the Java Runtime Environment to continue.
# Native memory allocation (mmap) failed to map 150994944 bytes for committing reserved memory.
# Possible reasons:
#   The system is out of physical RAM or swap space
#   The process is running with CompressedOops enabled, and the Java Heap may be blocking the growth of the native heap
# Possible solutions:
#   Reduce memory load on the system
#   Increase physical memory or swap space
#   Check if swap backing store is full
#   Decrease Java heap size (-Xmx/-Xms)
#   Decrease number of Java threads
#   Decrease Java thread stack sizes (-Xss)
#   Set larger code cache with -XX:ReservedCodeCacheSize=
#   JVM is running with Unscaled Compressed Oops mode in which the Java heap is
#     placed in the first 4GB address space. The Java Heap base address is the
#     maximum limit for the native heap growth. Please use -XX:HeapBaseMinAddress
#     to set the Java Heap base and to place the Java Heap above 4GB virtual address.
# This output file may be truncated or incomplete.
#
#  Out of Memory Error (os_linux.cpp:2893), pid=6501, tid=6538
#
# JRE version: OpenJDK Runtime Environment (11.0.4+11) (build 11.0.4+11-post-Ubuntu-1ubuntu218.04.3)
# Java VM: OpenJDK 64-Bit Server VM (11.0.4+11-post-Ubuntu-1ubuntu218.04.3, mixed mode, sharing, tiered, compressed oops, g1 gc, linux-amd64)
# Core dump will be written. Default location: Core dumps may be processed with "/lib/systemd/systemd-coredump %P %u %g %s %t 9223372036854775808 %e" (or dumping to /home/lizandra/NetBeansProjects/sistema-nutri/core.6501)
#

---------------  S U M M A R Y ------------

Command Line: -Dclassworlds.conf=/home/lizandra/Software/netbeans/java/maven/bin/m2.conf -Dmaven.home=/home/lizandra/Software/netbeans/java/maven -Dmaven.multiModuleProjectDirectory=/home/lizandra/NetBeansProjects/sistema-nutri org.codehaus.plexus.classworlds.launcher.Launcher -Dmaven.ext.class.path=/home/lizandra/Software/netbeans/java/maven-nblib/netbeans-eventspy.jar clean install

Host: Intel(R) Celeron(R) CPU  N3050  @ 1.60GHz, 2 cores, 1G, Linux Mint 19.2 Tina
Time: Thu Nov  7 09:11:49 2019 -03 elapsed time: 116 seconds (0d 0h 1m 56s)

---------------  T H R E A D  ---------------

Current thread (0x00007f04cc085000):  VMThread "VM Thread" [stack: 0x00007f04b4095000,0x00007f04b4195000] [id=6538]

Stack: [0x00007f04b4095000,0x00007f04b4195000],  sp=0x00007f04b4192ff0,  free space=1015k
Native frames: (J=compiled Java code, A=aot compiled Java code, j=interpreted, Vv=VM code, C=native code)
V  [libjvm.so+0xde4547]
V  [libjvm.so+0xde519b]
V  [libjvm.so+0x6511a5]
V  [libjvm.so+0xbbed38]
V  [libjvm.so+0xbb5ebd]
V  [libjvm.so+0x76f53f]
V  [libjvm.so+0x76f7ae]
V  [libjvm.so+0x77b820]
V  [libjvm.so+0x7f6969]
V  [libjvm.so+0x7f75c2]
V  [libjvm.so+0x7f7a29]
V  [libjvm.so+0x72de6f]
V  [libjvm.so+0x732b6a]
V  [libjvm.so+0xdf01e1]
V  [libjvm.so+0xdeeda8]
V  [libjvm.so+0xdec5e6]
V  [libjvm.so+0xdecaf0]
V  [libjvm.so+0xdecf23]
V  [libjvm.so+0xd7aeea]
V  [libjvm.so+0xbc4a5e]

VM_Operation (0x00007f04d5374670): G1CollectForAllocation, mode: safepoint, requested by thread 0x00007f04cc012000


---------------  P R O C E S S  ---------------

Threads class SMR info:
_java_thread_list=0x00007f04cc0cf150, length=9, elements={
0x00007f04cc012000, 0x00007f04cc088000, 0x00007f04cc08a000, 0x00007f04cc08f800,
0x00007f04cc091800, 0x00007f04cc093800, 0x00007f04cc095800, 0x00007f04cc0c5000,
0x00007f04cc0cd800
}

Java Threads: ( => current thread )
  0x00007f04cc012000 JavaThread "main" [_thread_blocked, id=6515, stack(0x00007f04d527c000,0x00007f04d537d000)]
  0x00007f04cc088000 JavaThread "Reference Handler" daemon [_thread_blocked, id=6545, stack(0x00007f04a56ff000,0x00007f04a5800000)]
  0x00007f04cc08a000 JavaThread "Finalizer" daemon [_thread_blocked, id=6547, stack(0x00007f04a55fe000,0x00007f04a56ff000)]
  0x00007f04cc08f800 JavaThread "Signal Dispatcher" daemon [_thread_blocked, id=6552, stack(0x00007f04a521e000,0x00007f04a531f000)]
  0x00007f04cc091800 JavaThread "C2 CompilerThread0" daemon [_thread_blocked, id=6553, stack(0x00007f04a511d000,0x00007f04a521e000)]
  0x00007f04cc093800 JavaThread "C1 CompilerThread0" daemon [_thread_blocked, id=6560, stack(0x00007f04a501c000,0x00007f04a511d000)]
  0x00007f04cc095800 JavaThread "Sweeper thread" daemon [_thread_blocked, id=6564, stack(0x00007f04a4f1b000,0x00007f04a501c000)]
  0x00007f04cc0c5000 JavaThread "Service Thread" daemon [_thread_blocked, id=6578, stack(0x00007f04a4e1a000,0x00007f04a4f1b000)]
  0x00007f04cc0cd800 JavaThread "Common-Cleaner" daemon [_thread_blocked, id=6581, stack(0x00007f04a4c17000,0x00007f04a4d18000)]

Other Threads:
=>0x00007f04cc085000 VMThread "VM Thread" [stack: 0x00007f04b4095000,0x00007f04b4195000] [id=6538]
  0x00007f04cc0c7800 WatcherThread [stack: 0x00007f04a4d1a000,0x00007f04a4e1a000] [id=6580]
  0x00007f04cc028000 GCTaskThread "GC Thread#0" [stack: 0x00007f04d1271000,0x00007f04d1371000] [id=6519]
  0x00007f049c001000 GCTaskThread "GC Thread#1" [stack: 0x00007f04a46ef000,0x00007f04a47ef000] [id=6619]
  0x00007f04cc037800 ConcurrentGCThread "G1 Main Marker" [stack: 0x00007f04d0575000,0x00007f04d0675000] [id=6521]
  0x00007f04cc039000 ConcurrentGCThread "G1 Conc#0" [stack: 0x00007f04d0473000,0x00007f04d0573000] [id=6522]
  0x00007f04cc05a800 ConcurrentGCThread "G1 Refine#0" [stack: 0x00007f04d016f000,0x00007f04d026f000] [id=6523]
  0x00007f04a0001000 ConcurrentGCThread "G1 Refine#1" [stack: 0x00007f04a45ed000,0x00007f04a46ed000] [id=6621]
  0x00007f04cc05c800 ConcurrentGCThread "G1 Young RemSet Sampling" [stack: 0x00007f04d006d000,0x00007f04d016d000] [id=6524]

Threads with active compile tasks:
C2 CompilerThread04146   !   4       jdk.internal.loader.BuiltinClassLoader::loadClassOrNull (143 bytes)

VM state:at safepoint (normal execution)

VM Mutex/Monitor currently owned by a thread:  ([mutex/lock_event])
[0x00007f04cc00e440] Threads_lock - owner thread: 0x00007f04cc085000
[0x00007f04cc00eb90] Heap_lock - owner thread: 0x00007f04cc012000

Heap address: 0x00000000e3000000, size: 464 MB, Compressed Oops mode: 32-bit
Narrow klass base: 0x0000000800000000, Narrow klass shift: 3
Compressed class space size: 1073741824 Address: 0x0000000840000000

Heap:
 garbage-first heap   total 254976K, used 19154K [0x00000000e3000000, 0x0000000100000000)
  region size 1024K, 1 young (1024K), 1 survivors (1024K)
 Metaspace       used 22659K, capacity 23551K, committed 23856K, reserved 1071104K
  class space    used 2676K, capacity 2925K, committed 2944K, reserved 1048576K
Heap Regions: E=young(eden), S=young(survivor), O=old, HS=humongous(starts), HC=humongous(continues), CS=collection set, F=free, A=archive, TAMS=top-at-mark-start (previous, next)
|   0|0x00000000e3000000, 0x00000000e3100000, 0x00000000e3100000|100%| O|  |TAMS 0x00000000e3100000, 0x00000000e3100000| Untracked 
|   1|0x00000000e3100000, 0x00000000e3200000, 0x00000000e3200000|100%| O|  |TAMS 0x00000000e3200000, 0x00000000e3200000| Untracked 
|   2|0x00000000e3200000, 0x00000000e3300000, 0x00000000e3300000|100%| O|  |TAMS 0x00000000e3300000, 0x00000000e3300000| Untracked 
|   3|0x00000000e3300000, 0x00000000e3400000, 0x00000000e3400000|100%| O|  |TAMS 0x00000000e3400000, 0x00000000e3400000| Untracked 
|   4|0x00000000e3400000, 0x00000000e3500000, 0x00000000e3500000|100%| O|  |TAMS 0x00000000e3500000, 0x00000000e3500000| Untracked 
|   5|0x00000000e3500000, 0x00000000e3600000, 0x00000000e3600000|100%| O|  |TAMS 0x00000000e3600000, 0x00000000e3600000| Untracked 
|   6|0x00000000e3600000, 0x00000000e3700000, 0x00000000e3700000|100%| O|  |TAMS 0x00000000e3700000, 0x00000000e3700000| Untracked 
|   7|0x00000000e3700000, 0x00000000e3800000, 0x00000000e3800000|100%| O|  |TAMS 0x00000000e3800000, 0x00000000e3800000| Untracked 
|   8|0x00000000e3800000, 0x00000000e3900000, 0x00000000e3900000|100%| O|  |TAMS 0x00000000e3900000, 0x00000000e3900000| Untracked 
|   9|0x00000000e3900000, 0x00000000e3a00000, 0x00000000e3a00000|100%| O|  |TAMS 0x00000000e3a00000, 0x00000000e3a00000| Untracked 
|  10|0x00000000e3a00000, 0x00000000e3b00000, 0x00000000e3b00000|100%| O|  |TAMS 0x00000000e3b00000, 0x00000000e3b00000| Untracked 
|  11|0x00000000e3b00000, 0x00000000e3c00000, 0x00000000e3c00000|100%| O|  |TAMS 0x00000000e3c00000, 0x00000000e3c00000| Untracked 
|  12|0x00000000e3c00000, 0x00000000e3d00000, 0x00000000e3d00000|100%| O|  |TAMS 0x00000000e3d00000, 0x00000000e3d00000| Untracked 
|  13|0x00000000e3d00000, 0x00000000e3e00000, 0x00000000e3e00000|100%| O|  |TAMS 0x00000000e3e00000, 0x00000000e3e00000| Untracked 
|  14|0x00000000e3e00000, 0x00000000e3f00000, 0x00000000e3f00000|100%| O|  |TAMS 0x00000000e3f00000, 0x00000000e3f00000| Untracked 
|  15|0x00000000e3f00000, 0x00000000e4000000, 0x00000000e4000000|100%| O|  |TAMS 0x00000000e3f42400, 0x00000000e4000000| Untracked 
|  16|0x00000000e4000000, 0x00000000e4100000, 0x00000000e4100000|100%| O|  |TAMS 0x00000000e4000000, 0x00000000e4100000| Untracked 
|  17|0x00000000e4100000, 0x00000000e4116800, 0x00000000e4200000|  8%| O|  |TAMS 0x00000000e4100000, 0x00000000e4116800| Untracked 
|  18|0x00000000e4200000, 0x00000000e4200000, 0x00000000e4300000|  0%| F|  |TAMS 0x00000000e4200000, 0x00000000e4200000| Untracked 
|  19|0x00000000e4300000, 0x00000000e4300000, 0x00000000e4400000|  0%| F|  |TAMS 0x00000000e4300000, 0x00000000e4300000| Untracked 
|  20|0x00000000e4400000, 0x00000000e4400000, 0x00000000e4500000|  0%| F|  |TAMS 0x00000000e4400000, 0x00000000e4400000| Untracked 
|  21|0x00000000e4500000, 0x00000000e4500000, 0x00000000e4600000|  0%| F|  |TAMS 0x00000000e4500000, 0x00000000e4500000| Untracked 
|  22|0x00000000e4600000, 0x00000000e4600000, 0x00000000e4700000|  0%| F|  |TAMS 0x00000000e4600000, 0x00000000e4600000| Untracked 
|  23|0x00000000e4700000, 0x00000000e4700000, 0x00000000e4800000|  0%| F|  |TAMS 0x00000000e4700000, 0x00000000e4700000| Untracked 
|  24|0x00000000e4800000, 0x00000000e4800000, 0x00000000e4900000|  0%| F|  |TAMS 0x00000000e4800000, 0x00000000e4800000| Untracked 
|  25|0x00000000e4900000, 0x00000000e4900000, 0x00000000e4a00000|  0%| F|  |TAMS 0x00000000e4900000, 0x00000000e4900000| Untracked 
|  26|0x00000000e4a00000, 0x00000000e4a00000, 0x00000000e4b00000|  0%| F|  |TAMS 0x00000000e4a00000, 0x00000000e4a00000| Untracked 
|  27|0x00000000e4b00000, 0x00000000e4b00000, 0x00000000e4c00000|  0%| F|  |TAMS 0x00000000e4b00000, 0x00000000e4b00000| Untracked 
|  28|0x00000000e4c00000, 0x00000000e4c00000, 0x00000000e4d00000|  0%| F|  |TAMS 0x00000000e4c00000, 0x00000000e4c00000| Untracked 
|  29|0x00000000e4d00000, 0x00000000e4d00000, 0x00000000e4e00000|  0%| F|  |TAMS 0x00000000e4d00000, 0x00000000e4d00000| Untracked 
|  30|0x00000000e4e00000, 0x00000000e4e00000, 0x00000000e4f00000|  0%| F|  |TAMS 0x00000000e4e00000, 0x00000000e4e00000| Untracked 
|  31|0x00000000e4f00000, 0x00000000e4f00000, 0x00000000e5000000|  0%| F|  |TAMS 0x00000000e4f00000, 0x00000000e4f00000| Untracked 
|  32|0x00000000e5000000, 0x00000000e5000000, 0x00000000e5100000|  0%| F|  |TAMS 0x00000000e5000000, 0x00000000e5000000| Untracked 
|  33|0x00000000e5100000, 0x00000000e5100000, 0x00000000e5200000|  0%| F|  |TAMS 0x00000000e5100000, 0x00000000e5100000| Untracked 
|  34|0x00000000e5200000, 0x00000000e5200000, 0x00000000e5300000|  0%| F|  |TAMS 0x00000000e5200000, 0x00000000e5200000| Untracked 
|  35|0x00000000e5300000, 0x00000000e5300000, 0x00000000e5400000|  0%| F|  |TAMS 0x00000000e5300000, 0x00000000e5300000| Untracked 
|  36|0x00000000e5400000, 0x00000000e5400000, 0x00000000e5500000|  0%| F|  |TAMS 0x00000000e5400000, 0x00000000e5400000| Untracked 
|  37|0x00000000e5500000, 0x00000000e5500000, 0x00000000e5600000|  0%| F|  |TAMS 0x00000000e5500000, 0x00000000e5500000| Untracked 
|  38|0x00000000e5600000, 0x00000000e5600000, 0x00000000e5700000|  0%| F|  |TAMS 0x00000000e5600000, 0x00000000e5600000| Untracked 
|  39|0x00000000e5700000, 0x00000000e5700000, 0x00000000e5800000|  0%| F|  |TAMS 0x00000000e5700000, 0x00000000e5700000| Untracked 
|  40|0x00000000e5800000, 0x00000000e5800000, 0x00000000e5900000|  0%| F|  |TAMS 0x00000000e5800000, 0x00000000e5800000| Untracked 
|  41|0x00000000e5900000, 0x00000000e5900000, 0x00000000e5a00000|  0%| F|  |TAMS 0x00000000e5900000, 0x00000000e5900000| Untracked 
|  42|0x00000000e5a00000, 0x00000000e5a00000, 0x00000000e5b00000|  0%| F|  |TAMS 0x00000000e5a00000, 0x00000000e5a00000| Untracked 
|  43|0x00000000e5b00000, 0x00000000e5b00000, 0x00000000e5c00000|  0%| F|  |TAMS 0x00000000e5b00000, 0x00000000e5b00000| Untracked 
|  44|0x00000000e5c00000, 0x00000000e5c00000, 0x00000000e5d00000|  0%| F|  |TAMS 0x00000000e5c00000, 0x00000000e5c00000| Untracked 
|  45|0x00000000e5d00000, 0x00000000e5d00000, 0x00000000e5e00000|  0%| F|  |TAMS 0x00000000e5d00000, 0x00000000e5d00000| Untracked 
|  46|0x00000000e5e00000, 0x00000000e5e00000, 0x00000000e5f00000|  0%| F|  |TAMS 0x00000000e5e00000, 0x00000000e5e00000| Untracked 
|  47|0x00000000e5f00000, 0x00000000e5f00000, 0x00000000e6000000|  0%| F|  |TAMS 0x00000000e5f00000, 0x00000000e5f00000| Untracked 
|  48|0x00000000e6000000, 0x00000000e6000000, 0x00000000e6100000|  0%| F|  |TAMS 0x00000000e6000000, 0x00000000e6000000| Untracked 
|  49|0x00000000e6100000, 0x00000000e6100000, 0x00000000e6200000|  0%| F|  |TAMS 0x00000000e6100000, 0x00000000e6100000| Untracked 
|  50|0x00000000e6200000, 0x00000000e6200000, 0x00000000e6300000|  0%| F|  |TAMS 0x00000000e6200000, 0x00000000e6200000| Untracked 
|  51|0x00000000e6300000, 0x00000000e6300000, 0x00000000e6400000|  0%| F|  |TAMS 0x00000000e6300000, 0x00000000e6300000| Untracked 
|  52|0x00000000e6400000, 0x00000000e6400000, 0x00000000e6500000|  0%| F|  |TAMS 0x00000000e6400000, 0x00000000e6400000| Untracked 
|  53|0x00000000e6500000, 0x00000000e6500000, 0x00000000e6600000|  0%| F|  |TAMS 0x00000000e6500000, 0x00000000e6500000| Untracked 
|  54|0x00000000e6600000, 0x00000000e6600000, 0x00000000e6700000|  0%| F|  |TAMS 0x00000000e6600000, 0x00000000e6600000| Untracked 
|  55|0x00000000e6700000, 0x00000000e6700000, 0x00000000e6800000|  0%| F|  |TAMS 0x00000000e6700000, 0x00000000e6700000| Untracked 
|  56|0x00000000e6800000, 0x00000000e6800000, 0x00000000e6900000|  0%| F|  |TAMS 0x00000000e6800000, 0x00000000e6800000| Untracked 
|  57|0x00000000e6900000, 0x00000000e6900000, 0x00000000e6a00000|  0%| F|  |TAMS 0x00000000e6900000, 0x00000000e6900000| Untracked 
|  58|0x00000000e6a00000, 0x00000000e6a00000, 0x00000000e6b00000|  0%| F|  |TAMS 0x00000000e6a00000, 0x00000000e6a00000| Untracked 
|  59|0x00000000e6b00000, 0x00000000e6b00000, 0x00000000e6c00000|  0%| F|  |TAMS 0x00000000e6b00000, 0x00000000e6b00000| Untracked 
|  60|0x00000000e6c00000, 0x00000000e6c00000, 0x00000000e6d00000|  0%| F|  |TAMS 0x00000000e6c00000, 0x00000000e6c00000| Untracked 
|  61|0x00000000e6d00000, 0x00000000e6d00000, 0x00000000e6e00000|  0%| F|  |TAMS 0x00000000e6d00000, 0x00000000e6d00000| Untracked 
|  62|0x00000000e6e00000, 0x00000000e6e00000, 0x00000000e6f00000|  0%| F|  |TAMS 0x00000000e6e00000, 0x00000000e6e00000| Untracked 
|  63|0x00000000e6f00000, 0x00000000e6f00000, 0x00000000e7000000|  0%| F|  |TAMS 0x00000000e6f00000, 0x00000000e6f00000| Untracked 
|  64|0x00000000e7000000, 0x00000000e7000000, 0x00000000e7100000|  0%| F|  |TAMS 0x00000000e7000000, 0x00000000e7000000| Untracked 
|  65|0x00000000e7100000, 0x00000000e7100000, 0x00000000e7200000|  0%| F|  |TAMS 0x00000000e7100000, 0x00000000e7100000| Untracked 
|  66|0x00000000e7200000, 0x00000000e7200000, 0x00000000e7300000|  0%| F|  |TAMS 0x00000000e7200000, 0x00000000e7200000| Untracked 
|  67|0x00000000e7300000, 0x00000000e7300000, 0x00000000e7400000|  0%| F|  |TAMS 0x00000000e7300000, 0x00000000e7300000| Untracked 
|  68|0x00000000e7400000, 0x00000000e7400000, 0x00000000e7500000|  0%| F|  |TAMS 0x00000000e7400000, 0x00000000e7400000| Untracked 
|  69|0x00000000e7500000, 0x00000000e7500000, 0x00000000e7600000|  0%| F|  |TAMS 0x00000000e7500000, 0x00000000e7500000| Untracked 
|  70|0x00000000e7600000, 0x00000000e7600000, 0x00000000e7700000|  0%| F|  |TAMS 0x00000000e7600000, 0x00000000e7600000| Untracked 
|  71|0x00000000e7700000, 0x00000000e7700000, 0x00000000e7800000|  0%| F|  |TAMS 0x00000000e7700000, 0x00000000e7700000| Untracked 
|  72|0x00000000e7800000, 0x00000000e7800000, 0x00000000e7900000|  0%| F|  |TAMS 0x00000000e7800000, 0x00000000e7800000| Untracked 
|  73|0x00000000e7900000, 0x00000000e7900000, 0x00000000e7a00000|  0%| F|  |TAMS 0x00000000e7900000, 0x00000000e7900000| Untracked 
|  74|0x00000000e7a00000, 0x00000000e7a00000, 0x00000000e7b00000|  0%| F|  |TAMS 0x00000000e7a00000, 0x00000000e7a00000| Untracked 
|  75|0x00000000e7b00000, 0x00000000e7b00000, 0x00000000e7c00000|  0%| F|  |TAMS 0x00000000e7b00000, 0x00000000e7b00000| Untracked 
|  76|0x00000000e7c00000, 0x00000000e7c00000, 0x00000000e7d00000|  0%| F|  |TAMS 0x00000000e7c00000, 0x00000000e7c00000| Untracked 
|  77|0x00000000e7d00000, 0x00000000e7d00000, 0x00000000e7e00000|  0%| F|  |TAMS 0x00000000e7d00000, 0x00000000e7d00000| Untracked 
|  78|0x00000000e7e00000, 0x00000000e7e00000, 0x00000000e7f00000|  0%| F|  |TAMS 0x00000000e7e00000, 0x00000000e7e00000| Untracked 
|  79|0x00000000e7f00000, 0x00000000e7f00000, 0x00000000e8000000|  0%| F|  |TAMS 0x00000000e7f00000, 0x00000000e7f00000| Untracked 
|  80|0x00000000e8000000, 0x00000000e8000000, 0x00000000e8100000|  0%| F|  |TAMS 0x00000000e8000000, 0x00000000e8000000| Untracked 
|  81|0x00000000e8100000, 0x00000000e8100000, 0x00000000e8200000|  0%| F|  |TAMS 0x00000000e8100000, 0x00000000e8100000| Untracked 
|  82|0x00000000e8200000, 0x00000000e8200000, 0x00000000e8300000|  0%| F|  |TAMS 0x00000000e8200000, 0x00000000e8200000| Untracked 
|  83|0x00000000e8300000, 0x00000000e8300000, 0x00000000e8400000|  0%| F|  |TAMS 0x00000000e8300000, 0x00000000e8300000| Untracked 
|  84|0x00000000e8400000, 0x00000000e8400000, 0x00000000e8500000|  0%| F|  |TAMS 0x00000000e8400000, 0x00000000e8400000| Untracked 
|  85|0x00000000e8500000, 0x00000000e8500000, 0x00000000e8600000|  0%| F|  |TAMS 0x00000000e8500000, 0x00000000e8500000| Untracked 
|  86|0x00000000e8600000, 0x00000000e8600000, 0x00000000e8700000|  0%| F|  |TAMS 0x00000000e8600000, 0x00000000e8600000| Untracked 
|  87|0x00000000e8700000, 0x00000000e8700000, 0x00000000e8800000|  0%| F|  |TAMS 0x00000000e8700000, 0x00000000e8700000| Untracked 
|  88|0x00000000e8800000, 0x00000000e8800000, 0x00000000e8900000|  0%| F|  |TAMS 0x00000000e8800000, 0x00000000e8800000| Untracked 
|  89|0x00000000e8900000, 0x00000000e8900000, 0x00000000e8a00000|  0%| F|  |TAMS 0x00000000e8900000, 0x00000000e8900000| Untracked 
|  90|0x00000000e8a00000, 0x00000000e8a00000, 0x00000000e8b00000|  0%| F|  |TAMS 0x00000000e8a00000, 0x00000000e8a00000| Untracked 
|  91|0x00000000e8b00000, 0x00000000e8b00000, 0x00000000e8c00000|  0%| F|  |TAMS 0x00000000e8b00000, 0x00000000e8b00000| Untracked 
|  92|0x00000000e8c00000, 0x00000000e8c00000, 0x00000000e8d00000|  0%| F|  |TAMS 0x00000000e8c00000, 0x00000000e8c00000| Untracked 
|  93|0x00000000e8d00000, 0x00000000e8d00000, 0x00000000e8e00000|  0%| F|  |TAMS 0x00000000e8d00000, 0x00000000e8d00000| Untracked 
|  94|0x00000000e8e00000, 0x00000000e8e00000, 0x00000000e8f00000|  0%| F|  |TAMS 0x00000000e8e00000, 0x00000000e8e00000| Untracked 
|  95|0x00000000e8f00000, 0x00000000e8f00000, 0x00000000e9000000|  0%| F|  |TAMS 0x00000000e8f00000, 0x00000000e8f00000| Untracked 
|  96|0x00000000e9000000, 0x00000000e9000000, 0x00000000e9100000|  0%| F|  |TAMS 0x00000000e9000000, 0x00000000e9000000| Untracked 
|  97|0x00000000e9100000, 0x00000000e9200000, 0x00000000e9200000|100%| S|CS|TAMS 0x00000000e9100000, 0x00000000e9100000| Complete 
|  98|0x00000000e9200000, 0x00000000e9200000, 0x00000000e9300000|  0%| F|  |TAMS 0x00000000e9200000, 0x00000000e9200000| Untracked 
|  99|0x00000000e9300000, 0x00000000e9300000, 0x00000000e9400000|  0%| F|  |TAMS 0x00000000e9300000, 0x00000000e9300000| Untracked 
| 100|0x00000000e9400000, 0x00000000e9400000, 0x00000000e9500000|  0%| F|  |TAMS 0x00000000e9400000, 0x00000000e9400000| Untracked 
| 101|0x00000000e9500000, 0x00000000e9500000, 0x00000000e9600000|  0%| F|  |TAMS 0x00000000e9500000, 0x00000000e9500000| Untracked 
| 102|0x00000000e9600000, 0x00000000e9600000, 0x00000000e9700000|  0%| F|  |TAMS 0x00000000e9600000, 0x00000000e9600000| Untracked 
| 462|0x00000000ffe00000, 0x00000000ffe34000, 0x00000000fff00000| 20%|OA|  |TAMS 0x00000000ffe34000, 0x00000000ffe34000| Untracked 
| 463|0x00000000fff00000, 0x00000000fff6a000, 0x0000000100000000| 41%|CA|  |TAMS 0x00000000fff6a000, 0x00000000fff6a000| Untracked 

Card table byte_map: [0x00007f04d0e9d000,0x00007f04d0f85000] _byte_map_base: 0x00007f04d0785000

Marking Bits (Prev, Next): (CMBitMap*) 0x00007f04cc034ac0, (CMBitMap*) 0x00007f04cc034a88
 Prev Bits: [0x00007f04b4216000, 0x00007f04b4956000)
 Next Bits: [0x00007f04d0675000, 0x00007f04d0db5000)

Polling page: 0x00007f04d5394000

Metaspace:

Usage:
  Non-class:     20,14 MB capacity,    19,52 MB ( 97%) used,   606,52 KB (  3%) free+waste,    36,06 KB ( <1%) overhead. 
      Class:      2,86 MB capacity,     2,61 MB ( 92%) used,   231,51 KB (  8%) free+waste,    16,94 KB ( <1%) overhead. 
       Both:     23,00 MB capacity,    22,13 MB ( 96%) used,   838,02 KB (  4%) free+waste,    53,00 KB ( <1%) overhead. 

Virtual space:
  Non-class space:       22,00 MB reserved,      20,42 MB ( 93%) committed 
      Class space:        1,00 GB reserved,       2,88 MB ( <1%) committed 
             Both:        1,02 GB reserved,      23,30 MB (  2%) committed 

Chunk freelists:
   Non-Class:  94,00 KB
       Class:  19,00 KB
        Both:  113,00 KB

CodeHeap 'non-profiled nmethods': size=120036Kb used=1521Kb max_used=1529Kb free=118514Kb
 bounds [0x00007f04bc41d000, 0x00007f04bc68d000, 0x00007f04c3956000]
CodeHeap 'profiled nmethods': size=120032Kb used=7323Kb max_used=8161Kb free=112708Kb
 bounds [0x00007f04b4ee5000, 0x00007f04b56e5000, 0x00007f04bc41d000]
CodeHeap 'non-nmethods': size=5692Kb used=1107Kb max_used=1148Kb free=4584Kb
 bounds [0x00007f04b4956000, 0x00007f04b4bc6000, 0x00007f04b4ee5000]
 total_blobs=5134 nmethods=3645 adapters=343
 compilation: enabled
              stopped_count=0, restarted_count=0
 full_count=0

Compilation events (10 events):
Event: 115,016 Thread 0x00007f04cc093800 4174       3       jdk.internal.loader.FileURLMapper::getPath (69 bytes)
Event: 115,017 Thread 0x00007f04cc093800 nmethod 4174 0x00007f04b505c590 code [0x00007f04b505c780, 0x00007f04b505cbc8]
Event: 115,036 Thread 0x00007f04cc093800 4175   !   3       jdk.internal.loader.URLClassPath$JarLoader::getResource (65 bytes)
Event: 115,037 Thread 0x00007f04cc093800 nmethod 4175 0x00007f04b5098210 code [0x00007f04b5098480, 0x00007f04b5098f28]
Event: 115,111 Thread 0x00007f04cc093800 4176       3       java.util.concurrent.atomic.AtomicBoolean::<init> (18 bytes)
Event: 115,111 Thread 0x00007f04cc093800 nmethod 4176 0x00007f04b505ac10 code [0x00007f04b505adc0, 0x00007f04b505aff0]
Event: 115,129 Thread 0x00007f04cc093800 4179       3       java.io.RandomAccessFile::<init> (8 bytes)
Event: 115,130 Thread 0x00007f04cc093800 nmethod 4179 0x00007f04b505fe90 code [0x00007f04b5060040, 0x00007f04b50601e8]
Event: 115,130 Thread 0x00007f04cc093800 4180       3       java.io.RandomAccessFile::<init> (263 bytes)
Event: 115,134 Thread 0x00007f04cc093800 nmethod 4180 0x00007f04b50cfc10 code [0x00007f04b50d0000, 0x00007f04b50d18e8]

GC Heap History (10 events):
Event: 105,683 GC heap after
{Heap after GC invocations=25 (full 0):
 garbage-first heap   total 107520K, used 16741K [0x00000000e3000000, 0x0000000100000000)
  region size 1024K, 1 young (1024K), 1 survivors (1024K)
 Metaspace       used 17993K, capacity 19278K, committed 19584K, reserved 1067008K
  class space    used 2082K, capacity 2347K, committed 2432K, reserved 1048576K
}
Event: 105,727 GC heap before
{Heap before GC invocations=25 (full 0):
 garbage-first heap   total 107520K, used 19813K [0x00000000e3000000, 0x0000000100000000)
  region size 1024K, 5 young (5120K), 1 survivors (1024K)
 Metaspace       used 17994K, capacity 19278K, committed 19584K, reserved 1067008K
  class space    used 2082K, capacity 2347K, committed 2432K, reserved 1048576K
}
Event: 105,729 GC heap after
{Heap after GC invocations=26 (full 0):
 garbage-first heap   total 107520K, used 16238K [0x00000000e3000000, 0x0000000100000000)
  region size 1024K, 1 young (1024K), 1 survivors (1024K)
 Metaspace       used 17994K, capacity 19278K, committed 19584K, reserved 1067008K
  class space    used 2082K, capacity 2347K, committed 2432K, reserved 1048576K
}
Event: 105,832 GC heap before
{Heap before GC invocations=26 (full 0):
 garbage-first heap   total 107520K, used 19310K [0x00000000e3000000, 0x0000000100000000)
  region size 1024K, 5 young (5120K), 1 survivors (1024K)
 Metaspace       used 17999K, capacity 19278K, committed 19584K, reserved 1067008K
  class space    used 2082K, capacity 2347K, committed 2432K, reserved 1048576K
}
Event: 105,841 GC heap after
{Heap after GC invocations=27 (full 0):
 garbage-first heap   total 107520K, used 16844K [0x00000000e3000000, 0x0000000100000000)
  region size 1024K, 1 young (1024K), 1 survivors (1024K)
 Metaspace       used 17999K, capacity 19278K, committed 19584K, reserved 1067008K
  class space    used 2082K, capacity 2347K, committed 2432K, reserved 1048576K
}
Event: 105,986 GC heap before
{Heap before GC invocations=27 (full 0):
 garbage-first heap   total 107520K, used 19916K [0x00000000e3000000, 0x0000000100000000)
  region size 1024K, 5 young (5120K), 1 survivors (1024K)
 Metaspace       used 18003K, capacity 19278K, committed 19584K, reserved 1067008K
  class space    used 2082K, capacity 2347K, committed 2432K, reserved 1048576K
}
Event: 105,987 GC heap after
{Heap after GC invocations=28 (full 0):
 garbage-first heap   total 107520K, used 16375K [0x00000000e3000000, 0x0000000100000000)
  region size 1024K, 1 young (1024K), 1 survivors (1024K)
 Metaspace       used 18003K, capacity 19278K, committed 19584K, reserved 1067008K
  class space    used 2082K, capacity 2347K, committed 2432K, reserved 1048576K
}
Event: 107,344 GC heap before
{Heap before GC invocations=28 (full 0):
 garbage-first heap   total 107520K, used 16375K [0x00000000e3000000, 0x0000000100000000)
  region size 1024K, 3 young (3072K), 1 survivors (1024K)
 Metaspace       used 20117K, capacity 21118K, committed 21296K, reserved 1069056K
  class space    used 2366K, capacity 2601K, committed 2688K, reserved 1048576K
}
Event: 107,350 GC heap after
{Heap after GC invocations=29 (full 0):
 garbage-first heap   total 107520K, used 16808K [0x00000000e3000000, 0x0000000100000000)
  region size 1024K, 1 young (1024K), 1 survivors (1024K)
 Metaspace       used 20117K, capacity 21118K, committed 21296K, reserved 1069056K
  class space    used 2366K, capacity 2601K, committed 2688K, reserved 1048576K
}
Event: 115,136 GC heap before
{Heap before GC invocations=30 (full 0):
 garbage-first heap   total 107520K, used 19880K [0x00000000e3000000, 0x0000000100000000)
  region size 1024K, 5 young (5120K), 1 survivors (1024K)
 Metaspace       used 22659K, capacity 23551K, committed 23856K, reserved 1071104K
  class space    used 2676K, capacity 2925K, committed 2944K, reserved 1048576K
}

Deoptimization events (10 events):
Event: 114,823 Thread 0x00007f04cc012000 Uncommon trap: trap_request=0xffffff4d fr.pc=0x00007f04bc451c34 relative=0x0000000000001354
Event: 114,823 Thread 0x00007f04cc012000 Uncommon trap: reason=unstable_if action=reinterpret pc=0x00007f04bc451c34 method=jdk.internal.loader.URLClassPath$JarLoader.getResource(Ljava/lang/String;Z)Ljdk/internal/loader/Resource; @ 42 c2
Event: 114,823 Thread 0x00007f04cc012000 DEOPT PACKING pc=0x00007f04bc451c34 sp=0x00007f04d53783d0
Event: 114,823 Thread 0x00007f04cc012000 DEOPT UNPACKING pc=0x00007f04b497de1f sp=0x00007f04d53783f8 mode 2
Event: 114,878 Thread 0x00007f04cc012000 DEOPT PACKING pc=0x00007f04b50b50ad sp=0x00007f04d53752f0
Event: 114,878 Thread 0x00007f04cc012000 DEOPT UNPACKING pc=0x00007f04b497dc2b sp=0x00007f04d5374780 mode 0
Event: 114,949 Thread 0x00007f04cc012000 Uncommon trap: trap_request=0xffffff4d fr.pc=0x00007f04bc44a248 relative=0x0000000000001608
Event: 114,958 Thread 0x00007f04cc012000 Uncommon trap: reason=unstable_if action=reinterpret pc=0x00007f04bc44a248 method=java.util.HashMap.putVal(ILjava/lang/Object;Ljava/lang/Object;ZZ)Ljava/lang/Object; @ 181 c2
Event: 114,958 Thread 0x00007f04cc012000 DEOPT PACKING pc=0x00007f04bc44a248 sp=0x00007f04d5378430
Event: 114,958 Thread 0x00007f04cc012000 DEOPT UNPACKING pc=0x00007f04b497de1f sp=0x00007f04d5378308 mode 2

Classes redefined (0 events):
No events

Internal exceptions (10 events):
Event: 33,557 Thread 0x00007f04cc012000 Implicit null exception at 0x00007f04bc4b521d to 0x00007f04bc4b5306
Event: 37,449 Thread 0x00007f04cc012000 Implicit null exception at 0x00007f04bc490c05 to 0x00007f04bc490de2
Event: 37,450 Thread 0x00007f04cc012000 Implicit null exception at 0x00007f04bc48b92f to 0x00007f04bc48b9ad
Event: 79,086 Thread 0x00007f04cc012000 Exception <a 'java/lang/NoClassDefFoundError'{0x00000000e4ad1428}: org/sonatype/aether/graph/Dependency> (0x00000000e4ad1428) thrown at [/build/openjdk-lts-7bqZff/openjdk-lts-11.0.4+11/src/hotspot/share/classfile/systemDictionary.cpp, line 220]
Event: 79,118 Thread 0x00007f04cc012000 Exception <a 'java/lang/NoClassDefFoundError'{0x00000000e4af2558}: org/codehaus/plexus/util/interpolation/ValueSource> (0x00000000e4af2558) thrown at [/build/openjdk-lts-7bqZff/openjdk-lts-11.0.4+11/src/hotspot/share/classfile/systemDictionary.cpp, line 2
Event: 106,170 Thread 0x00007f04cc012000 Exception <a 'java/lang/NoSuchMethodError'{0x00000000e965c5e8}: 'java.lang.Object java.lang.invoke.Invokers$Holder.linkToTargetMethod(java.lang.Object, int, java.lang.Object)'> (0x00000000e965c5e8) thrown at [/build/openjdk-lts-7bqZff/openjdk-lts-11.0.4+1
Event: 106,251 Thread 0x00007f04cc012000 Exception <a 'java/lang/NoSuchMethodError'{0x00000000e967cb20}: 'int java.lang.invoke.DirectMethodHandle$Holder.invokeVirtual(java.lang.Object, java.lang.Object, java.lang.Object)'> (0x00000000e967cb20) thrown at [/build/openjdk-lts-7bqZff/openjdk-lts-11.
Event: 107,155 Thread 0x00007f04cc012000 Exception <a 'java/lang/NoSuchMethodError'{0x00000000e9591200}: 'int java.lang.invoke.DirectMethodHandle$Holder.invokeStaticInit(java.lang.Object, java.lang.Object)'> (0x00000000e9591200) thrown at [/build/openjdk-lts-7bqZff/openjdk-lts-11.0.4+11/src/hots
Event: 111,717 Thread 0x00007f04cc012000 Exception <a 'java/lang/NoSuchMethodError'{0x00000000e96bc3e8}: 'int java.lang.invoke.DirectMethodHandle$Holder.invokeVirtual(java.lang.Object, java.lang.Object)'> (0x00000000e96bc3e8) thrown at [/build/openjdk-lts-7bqZff/openjdk-lts-11.0.4+11/src/hotspot
Event: 111,796 Thread 0x00007f04cc012000 Exception <a 'java/lang/NoSuchMethodError'{0x00000000e96eb760}: 'java.lang.Object java.lang.invoke.Invokers$Holder.linkToTargetMethod(java.lang.Object, java.lang.Object, java.lang.Object, java.lang.Object, java.lang.Object, java.lang.Object)'> (0x00000000

Events (10 events):
Event: 114,379 loading class java/util/regex/Pattern$GroupCurly done
Event: 114,379 loading class java/util/regex/Pattern$StartS
Event: 114,383 loading class java/util/regex/Pattern$StartS done
Event: 114,561 loading class java/lang/UnsupportedClassVersionError
Event: 114,565 loading class java/lang/ClassFormatError
Event: 114,591 loading class java/lang/ClassFormatError done
Event: 114,591 loading class java/lang/UnsupportedClassVersionError done
Event: 114,949 Executing VM operation: RevokeBias
Event: 114,958 Executing VM operation: RevokeBias done
Event: 115,136 Executing VM operation: G1CollectForAllocation


Dynamic libraries:
e3000000-e9700000 rw-p 00000000 00:00 0 
f2700000-ffe00000 ---p 00000000 00:00 0 
ffe00000-ffe34000 rw-p 01116000 b3:06 1437553                            /usr/lib/jvm/java-11-openjdk-amd64/lib/server/classes.jsa
ffe34000-fff00000 rw-p 00000000 00:00 0 
fff00000-fff6a000 rw-p 010ac000 b3:06 1437553                            /usr/lib/jvm/java-11-openjdk-amd64/lib/server/classes.jsa
fff6a000-100000000 rw-p 00000000 00:00 0 
800000000-800002000 rwxp 00001000 b3:06 1437553                          /usr/lib/jvm/java-11-openjdk-amd64/lib/server/classes.jsa
800002000-8003bd000 rw-p 00003000 b3:06 1437553                          /usr/lib/jvm/java-11-openjdk-amd64/lib/server/classes.jsa
8003bd000-800a98000 r--p 003be000 b3:06 1437553                          /usr/lib/jvm/java-11-openjdk-amd64/lib/server/classes.jsa
800a98000-800a99000 rw-p 00a99000 b3:06 1437553                          /usr/lib/jvm/java-11-openjdk-amd64/lib/server/classes.jsa
800a99000-8010ab000 r--p 00a9a000 b3:06 1437553                          /usr/lib/jvm/java-11-openjdk-amd64/lib/server/classes.jsa
840000000-8402e0000 rw-p 00000000 00:00 0 
8402e0000-880000000 ---p 00000000 00:00 0 
55f66d07d000-55f66d07e000 r-xp 00000000 b3:06 1441529                    /usr/lib/jvm/java-11-openjdk-amd64/bin/java
55f66d27e000-55f66d27f000 r--p 00001000 b3:06 1441529                    /usr/lib/jvm/java-11-openjdk-amd64/bin/java
55f66d27f000-55f66d280000 rw-p 00002000 b3:06 1441529                    /usr/lib/jvm/java-11-openjdk-amd64/bin/java
55f66e173000-55f66e194000 rw-p 00000000 00:00 0                          [heap]
7f0477600000-7f0477680000 rw-p 00000000 00:00 0 
7f0477680000-7f0477800000 ---p 00000000 00:00 0 
7f0477800000-7f04779ec000 rw-p 00000000 00:00 0 
7f04779ec000-7f0477a00000 ---p 00000000 00:00 0 
7f0477a00000-7f0477c00000 rw-p 00000000 00:00 0 
7f0477c00000-7f0477e00000 rw-p 00000000 00:00 0 
7f0477e00000-7f0478000000 rw-p 00000000 00:00 0 
7f0478000000-7f0478021000 rw-p 00000000 00:00 0 
7f0478021000-7f047c000000 ---p 00000000 00:00 0 
7f047c000000-7f047c021000 rw-p 00000000 00:00 0 
7f047c021000-7f0480000000 ---p 00000000 00:00 0 
7f0480000000-7f0480889000 rw-p 00000000 00:00 0 
7f0480889000-7f0484000000 ---p 00000000 00:00 0 
7f0484000000-7f0484021000 rw-p 00000000 00:00 0 
7f0484021000-7f0488000000 ---p 00000000 00:00 0 
7f0488000000-7f0488021000 rw-p 00000000 00:00 0 
7f0488021000-7f048c000000 ---p 00000000 00:00 0 
7f048c000000-7f048d787000 rw-p 00000000 00:00 0 
7f048d787000-7f0490000000 ---p 00000000 00:00 0 
7f0490000000-7f0490021000 rw-p 00000000 00:00 0 
7f0490021000-7f0494000000 ---p 00000000 00:00 0 
7f0494000000-7f0494021000 rw-p 00000000 00:00 0 
7f0494021000-7f0498000000 ---p 00000000 00:00 0 
7f0498000000-7f0498021000 rw-p 00000000 00:00 0 
7f0498021000-7f049c000000 ---p 00000000 00:00 0 
7f049c000000-7f049c22d000 rw-p 00000000 00:00 0 
7f049c22d000-7f04a0000000 ---p 00000000 00:00 0 
7f04a0000000-7f04a0021000 rw-p 00000000 00:00 0 
7f04a0021000-7f04a4000000 ---p 00000000 00:00 0 
7f04a41eb000-7f04a43eb000 rw-p 00000000 00:00 0 
7f04a43eb000-7f04a45eb000 rw-p 00000000 00:00 0 
7f04a45eb000-7f04a45ec000 ---p 00000000 00:00 0 
7f04a45ec000-7f04a46ed000 rw-p 00000000 00:00 0 
7f04a46ed000-7f04a46ee000 ---p 00000000 00:00 0 
7f04a46ee000-7f04a47ef000 rw-p 00000000 00:00 0 
7f04a47ef000-7f04a4805000 r-xp 00000000 b3:06 1441803                    /usr/lib/jvm/java-11-openjdk-amd64/lib/libnet.so
7f04a4805000-7f04a4a04000 ---p 00016000 b3:06 1441803                    /usr/lib/jvm/java-11-openjdk-amd64/lib/libnet.so
7f04a4a04000-7f04a4a05000 r--p 00015000 b3:06 1441803                    /usr/lib/jvm/java-11-openjdk-amd64/lib/libnet.so
7f04a4a05000-7f04a4a06000 rw-p 00016000 b3:06 1441803                    /usr/lib/jvm/java-11-openjdk-amd64/lib/libnet.so
7f04a4a06000-7f04a4a16000 r-xp 00000000 b3:06 1441805                    /usr/lib/jvm/java-11-openjdk-amd64/lib/libnio.so
7f04a4a16000-7f04a4c15000 ---p 00010000 b3:06 1441805                    /usr/lib/jvm/java-11-openjdk-amd64/lib/libnio.so
7f04a4c15000-7f04a4c16000 r--p 0000f000 b3:06 1441805                    /usr/lib/jvm/java-11-openjdk-amd64/lib/libnio.so
7f04a4c16000-7f04a4c17000 rw-p 00010000 b3:06 1441805                    /usr/lib/jvm/java-11-openjdk-amd64/lib/libnio.so
7f04a4c17000-7f04a4c1b000 ---p 00000000 00:00 0 
7f04a4c1b000-7f04a4d18000 rw-p 00000000 00:00 0 
7f04a4d18000-7f04a4d19000 ---p 00000000 00:00 0 
7f04a4d19000-7f04a4e1a000 rw-p 00000000 00:00 0 
7f04a4e1a000-7f04a4e1e000 ---p 00000000 00:00 0 
7f04a4e1e000-7f04a4f1b000 rw-p 00000000 00:00 0 
7f04a4f1b000-7f04a4f1f000 ---p 00000000 00:00 0 
7f04a4f1f000-7f04a501c000 rw-p 00000000 00:00 0 
7f04a501c000-7f04a5020000 ---p 00000000 00:00 0 
7f04a5020000-7f04a511d000 rw-p 00000000 00:00 0 
7f04a511d000-7f04a5121000 ---p 00000000 00:00 0 
7f04a5121000-7f04a521e000 rw-p 00000000 00:00 0 
7f04a521e000-7f04a5222000 ---p 00000000 00:00 0 
7f04a5222000-7f04a531f000 rw-p 00000000 00:00 0 
7f04a531f000-7f04a55fe000 r--p 00000000 b3:06 1443645                    /usr/lib/locale/locale-archive
7f04a55fe000-7f04a5602000 ---p 00000000 00:00 0 
7f04a5602000-7f04a56ff000 rw-p 00000000 00:00 0 
7f04a56ff000-7f04a5703000 ---p 00000000 00:00 0 
7f04a5703000-7f04a8000000 rw-p 00000000 00:00 0 
7f04a8000000-7f04a8021000 rw-p 00000000 00:00 0 
7f04a8021000-7f04ac000000 ---p 00000000 00:00 0 
7f04ac000000-7f04ac021000 rw-p 00000000 00:00 0 
7f04ac021000-7f04b0000000 ---p 00000000 00:00 0 
7f04b0000000-7f04b0021000 rw-p 00000000 00:00 0 
7f04b0021000-7f04b4000000 ---p 00000000 00:00 0 
7f04b4093000-7f04b4094000 ---p 00000000 00:00 0 
7f04b4094000-7f04b43b2000 rw-p 00000000 00:00 0 
7f04b43b2000-7f04b494e000 ---p 00000000 00:00 0 
7f04b494e000-7f04b4956000 rw-p 00000000 00:00 0 
7f04b4956000-7f04b4bc6000 rwxp 00000000 00:00 0 
7f04b4bc6000-7f04b4ee5000 ---p 00000000 00:00 0 
7f04b4ee5000-7f04b56e5000 rwxp 00000000 00:00 0 
7f04b56e5000-7f04bc41d000 ---p 00000000 00:00 0 
7f04bc41d000-7f04bc68d000 rwxp 00000000 00:00 0 
7f04bc68d000-7f04c3956000 ---p 00000000 00:00 0 
7f04c3956000-7f04cc000000 r--s 00000000 b3:06 1441815                    /usr/lib/jvm/java-11-openjdk-amd64/lib/modules
7f04cc000000-7f04cd315000 rw-p 00000000 00:00 0 
7f04cd315000-7f04d0000000 ---p 00000000 00:00 0 
7f04d003a000-7f04d006b000 rw-p 00000000 00:00 0 
7f04d006b000-7f04d006c000 ---p 00000000 00:00 0 
7f04d006c000-7f04d016d000 rw-p 00000000 00:00 0 
7f04d016d000-7f04d016e000 ---p 00000000 00:00 0 
7f04d016e000-7f04d0471000 rw-p 00000000 00:00 0 
7f04d0471000-7f04d0472000 ---p 00000000 00:00 0 
7f04d0472000-7f04d0573000 rw-p 00000000 00:00 0 
7f04d0573000-7f04d0574000 ---p 00000000 00:00 0 
7f04d0574000-7f04d0811000 rw-p 00000000 00:00 0 
7f04d0811000-7f04d0dad000 ---p 00000000 00:00 0 
7f04d0dad000-7f04d0de9000 rw-p 00000000 00:00 0 
7f04d0de9000-7f04d0e9c000 ---p 00000000 00:00 0 
7f04d0e9c000-7f04d0ed1000 rw-p 00000000 00:00 0 
7f04d0ed1000-7f04d0f84000 ---p 00000000 00:00 0 
7f04d0f84000-7f04d0fb9000 rw-p 00000000 00:00 0 
7f04d0fb9000-7f04d106c000 ---p 00000000 00:00 0 
7f04d106c000-7f04d126f000 rw-p 00000000 00:00 0 
7f04d126f000-7f04d1270000 ---p 00000000 00:00 0 
7f04d1270000-7f04d1376000 rw-p 00000000 00:00 0 
7f04d1376000-7f04d145c000 ---p 00000000 00:00 0 
7f04d145c000-7f04d146c000 rw-p 00000000 00:00 0 
7f04d146c000-7f04d1547000 ---p 00000000 00:00 0 
7f04d1547000-7f04d154c000 r-xp 00000000 b3:06 1441785                    /usr/lib/jvm/java-11-openjdk-amd64/lib/libjimage.so
7f04d154c000-7f04d174b000 ---p 00005000 b3:06 1441785                    /usr/lib/jvm/java-11-openjdk-amd64/lib/libjimage.so
7f04d174b000-7f04d174c000 r--p 00004000 b3:06 1441785                    /usr/lib/jvm/java-11-openjdk-amd64/lib/libjimage.so
7f04d174c000-7f04d174d000 rw-p 00005000 b3:06 1441785                    /usr/lib/jvm/java-11-openjdk-amd64/lib/libjimage.so
7f04d174d000-7f04d1754000 r-xp 00000000 b3:06 1441814                    /usr/lib/jvm/java-11-openjdk-amd64/lib/libzip.so
7f04d1754000-7f04d1953000 ---p 00007000 b3:06 1441814                    /usr/lib/jvm/java-11-openjdk-amd64/lib/libzip.so
7f04d1953000-7f04d1954000 r--p 00006000 b3:06 1441814                    /usr/lib/jvm/java-11-openjdk-amd64/lib/libzip.so
7f04d1954000-7f04d1955000 rw-p 00007000 b3:06 1441814                    /usr/lib/jvm/java-11-openjdk-amd64/lib/libzip.so
7f04d1955000-7f04d1960000 r-xp 00000000 b3:06 1050651                    /lib/x86_64-linux-gnu/libnss_files-2.27.so
7f04d1960000-7f04d1b5f000 ---p 0000b000 b3:06 1050651                    /lib/x86_64-linux-gnu/libnss_files-2.27.so
7f04d1b5f000-7f04d1b60000 r--p 0000a000 b3:06 1050651                    /lib/x86_64-linux-gnu/libnss_files-2.27.so
7f04d1b60000-7f04d1b61000 rw-p 0000b000 b3:06 1050651                    /lib/x86_64-linux-gnu/libnss_files-2.27.so
7f04d1b61000-7f04d1b67000 rw-p 00000000 00:00 0 
7f04d1b67000-7f04d1b7e000 r-xp 00000000 b3:06 1050645                    /lib/x86_64-linux-gnu/libnsl-2.27.so
7f04d1b7e000-7f04d1d7d000 ---p 00017000 b3:06 1050645                    /lib/x86_64-linux-gnu/libnsl-2.27.so
7f04d1d7d000-7f04d1d7e000 r--p 00016000 b3:06 1050645                    /lib/x86_64-linux-gnu/libnsl-2.27.so
7f04d1d7e000-7f04d1d7f000 rw-p 00017000 b3:06 1050645                    /lib/x86_64-linux-gnu/libnsl-2.27.so
7f04d1d7f000-7f04d1d81000 rw-p 00000000 00:00 0 
7f04d1d81000-7f04d1d8c000 r-xp 00000000 b3:06 1050662                    /lib/x86_64-linux-gnu/libnss_nis-2.27.so
7f04d1d8c000-7f04d1f8b000 ---p 0000b000 b3:06 1050662                    /lib/x86_64-linux-gnu/libnss_nis-2.27.so
7f04d1f8b000-7f04d1f8c000 r--p 0000a000 b3:06 1050662                    /lib/x86_64-linux-gnu/libnss_nis-2.27.so
7f04d1f8c000-7f04d1f8d000 rw-p 0000b000 b3:06 1050662                    /lib/x86_64-linux-gnu/libnss_nis-2.27.so
7f04d1f8d000-7f04d1f95000 r-xp 00000000 b3:06 1050647                    /lib/x86_64-linux-gnu/libnss_compat-2.27.so
7f04d1f95000-7f04d2195000 ---p 00008000 b3:06 1050647                    /lib/x86_64-linux-gnu/libnss_compat-2.27.so
7f04d2195000-7f04d2196000 r--p 00008000 b3:06 1050647                    /lib/x86_64-linux-gnu/libnss_compat-2.27.so
7f04d2196000-7f04d2197000 rw-p 00009000 b3:06 1050647                    /lib/x86_64-linux-gnu/libnss_compat-2.27.so
7f04d2197000-7f04d21c0000 r-xp 00000000 b3:06 1441777                    /usr/lib/jvm/java-11-openjdk-amd64/lib/libjava.so
7f04d21c0000-7f04d23bf000 ---p 00029000 b3:06 1441777                    /usr/lib/jvm/java-11-openjdk-amd64/lib/libjava.so
7f04d23bf000-7f04d23c0000 r--p 00028000 b3:06 1441777                    /usr/lib/jvm/java-11-openjdk-amd64/lib/libjava.so
7f04d23c0000-7f04d23c2000 rw-p 00029000 b3:06 1441777                    /usr/lib/jvm/java-11-openjdk-amd64/lib/libjava.so
7f04d23c2000-7f04d23cf000 r-xp 00000000 b3:06 1441812                    /usr/lib/jvm/java-11-openjdk-amd64/lib/libverify.so
7f04d23cf000-7f04d25ce000 ---p 0000d000 b3:06 1441812                    /usr/lib/jvm/java-11-openjdk-amd64/lib/libverify.so
7f04d25ce000-7f04d25d0000 r--p 0000c000 b3:06 1441812                    /usr/lib/jvm/java-11-openjdk-amd64/lib/libverify.so
7f04d25d0000-7f04d25d1000 rw-p 0000e000 b3:06 1441812                    /usr/lib/jvm/java-11-openjdk-amd64/lib/libverify.so
7f04d25d1000-7f04d25d8000 r-xp 00000000 b3:06 1050702                    /lib/x86_64-linux-gnu/librt-2.27.so
7f04d25d8000-7f04d27d7000 ---p 00007000 b3:06 1050702                    /lib/x86_64-linux-gnu/librt-2.27.so
7f04d27d7000-7f04d27d8000 r--p 00006000 b3:06 1050702                    /lib/x86_64-linux-gnu/librt-2.27.so
7f04d27d8000-7f04d27d9000 rw-p 00007000 b3:06 1050702                    /lib/x86_64-linux-gnu/librt-2.27.so
7f04d27d9000-7f04d27f0000 r-xp 00000000 b3:06 1050598                    /lib/x86_64-linux-gnu/libgcc_s.so.1
7f04d27f0000-7f04d29ef000 ---p 00017000 b3:06 1050598                    /lib/x86_64-linux-gnu/libgcc_s.so.1
7f04d29ef000-7f04d29f0000 r--p 00016000 b3:06 1050598                    /lib/x86_64-linux-gnu/libgcc_s.so.1
7f04d29f0000-7f04d29f1000 rw-p 00017000 b3:06 1050598                    /lib/x86_64-linux-gnu/libgcc_s.so.1
7f04d29f1000-7f04d2b8e000 r-xp 00000000 b3:06 1050624                    /lib/x86_64-linux-gnu/libm-2.27.so
7f04d2b8e000-7f04d2d8d000 ---p 0019d000 b3:06 1050624                    /lib/x86_64-linux-gnu/libm-2.27.so
7f04d2d8d000-7f04d2d8e000 r--p 0019c000 b3:06 1050624                    /lib/x86_64-linux-gnu/libm-2.27.so
7f04d2d8e000-7f04d2d8f000 rw-p 0019d000 b3:06 1050624                    /lib/x86_64-linux-gnu/libm-2.27.so
7f04d2d8f000-7f04d2f08000 r-xp 00000000 b3:06 1446455                    /usr/lib/x86_64-linux-gnu/libstdc++.so.6.0.25
7f04d2f08000-7f04d3108000 ---p 00179000 b3:06 1446455                    /usr/lib/x86_64-linux-gnu/libstdc++.so.6.0.25
7f04d3108000-7f04d3112000 r--p 00179000 b3:06 1446455                    /usr/lib/x86_64-linux-gnu/libstdc++.so.6.0.25
7f04d3112000-7f04d3114000 rw-p 00183000 b3:06 1446455                    /usr/lib/x86_64-linux-gnu/libstdc++.so.6.0.25
7f04d3114000-7f04d3118000 rw-p 00000000 00:00 0 
7f04d3118000-7f04d41e4000 r-xp 00000000 b3:06 1441824                    /usr/lib/jvm/java-11-openjdk-amd64/lib/server/libjvm.so
7f04d41e4000-7f04d43e3000 ---p 010cc000 b3:06 1441824                    /usr/lib/jvm/java-11-openjdk-amd64/lib/server/libjvm.so
7f04d43e3000-7f04d44a0000 r--p 010cb000 b3:06 1441824                    /usr/lib/jvm/java-11-openjdk-amd64/lib/server/libjvm.so
7f04d44a0000-7f04d44d9000 rw-p 01188000 b3:06 1441824                    /usr/lib/jvm/java-11-openjdk-amd64/lib/server/libjvm.so
7f04d44d9000-7f04d452f000 rw-p 00000000 00:00 0 
7f04d452f000-7f04d4549000 r-xp 00000000 b3:06 1050694                    /lib/x86_64-linux-gnu/libpthread-2.27.so
7f04d4549000-7f04d4748000 ---p 0001a000 b3:06 1050694                    /lib/x86_64-linux-gnu/libpthread-2.27.so
7f04d4748000-7f04d4749000 r--p 00019000 b3:06 1050694                    /lib/x86_64-linux-gnu/libpthread-2.27.so
7f04d4749000-7f04d474a000 rw-p 0001a000 b3:06 1050694                    /lib/x86_64-linux-gnu/libpthread-2.27.so
7f04d474a000-7f04d474e000 rw-p 00000000 00:00 0 
7f04d474e000-7f04d4751000 r-xp 00000000 b3:06 1050584                    /lib/x86_64-linux-gnu/libdl-2.27.so
7f04d4751000-7f04d4950000 ---p 00003000 b3:06 1050584                    /lib/x86_64-linux-gnu/libdl-2.27.so
7f04d4950000-7f04d4951000 r--p 00002000 b3:06 1050584                    /lib/x86_64-linux-gnu/libdl-2.27.so
7f04d4951000-7f04d4952000 rw-p 00003000 b3:06 1050584                    /lib/x86_64-linux-gnu/libdl-2.27.so
7f04d4952000-7f04d496e000 r-xp 00000000 b3:06 1050735                    /lib/x86_64-linux-gnu/libz.so.1.2.11
7f04d496e000-7f04d4b6d000 ---p 0001c000 b3:06 1050735                    /lib/x86_64-linux-gnu/libz.so.1.2.11
7f04d4b6d000-7f04d4b6e000 r--p 0001b000 b3:06 1050735                    /lib/x86_64-linux-gnu/libz.so.1.2.11
7f04d4b6e000-7f04d4b6f000 rw-p 0001c000 b3:06 1050735                    /lib/x86_64-linux-gnu/libz.so.1.2.11
7f04d4b6f000-7f04d4d56000 r-xp 00000000 b3:06 1050561                    /lib/x86_64-linux-gnu/libc-2.27.so
7f04d4d56000-7f04d4f56000 ---p 001e7000 b3:06 1050561                    /lib/x86_64-linux-gnu/libc-2.27.so
7f04d4f56000-7f04d4f5a000 r--p 001e7000 b3:06 1050561                    /lib/x86_64-linux-gnu/libc-2.27.so
7f04d4f5a000-7f04d4f5c000 rw-p 001eb000 b3:06 1050561                    /lib/x86_64-linux-gnu/libc-2.27.so
7f04d4f5c000-7f04d4f60000 rw-p 00000000 00:00 0 
7f04d4f60000-7f04d4f70000 r-xp 00000000 b3:06 1441749                    /usr/lib/jvm/java-11-openjdk-amd64/lib/jli/libjli.so
7f04d4f70000-7f04d516f000 ---p 00010000 b3:06 1441749                    /usr/lib/jvm/java-11-openjdk-amd64/lib/jli/libjli.so
7f04d516f000-7f04d5170000 r--p 0000f000 b3:06 1441749                    /usr/lib/jvm/java-11-openjdk-amd64/lib/jli/libjli.so
7f04d5170000-7f04d5171000 rw-p 00010000 b3:06 1441749                    /usr/lib/jvm/java-11-openjdk-amd64/lib/jli/libjli.so
7f04d5171000-7f04d5198000 r-xp 00000000 b3:06 1050533                    /lib/x86_64-linux-gnu/ld-2.27.so
7f04d51a7000-7f04d527c000 rw-p 00000000 00:00 0 
7f04d527c000-7f04d5280000 ---p 00000000 00:00 0 
7f04d5280000-7f04d537f000 rw-p 00000000 00:00 0 
7f04d5380000-7f04d5385000 rw-p 00000000 00:00 0 
7f04d5385000-7f04d538c000 ---p 00000000 00:00 0 
7f04d538c000-7f04d5394000 rw-s 00000000 b3:06 416857                     /tmp/hsperfdata_lizandra/6501
7f04d5394000-7f04d5395000 ---p 00000000 00:00 0 
7f04d5395000-7f04d5396000 r--p 00000000 00:00 0 
7f04d5396000-7f04d5398000 rw-p 00000000 00:00 0 
7f04d5398000-7f04d5399000 r--p 00027000 b3:06 1050533                    /lib/x86_64-linux-gnu/ld-2.27.so
7f04d5399000-7f04d539a000 rw-p 00028000 b3:06 1050533                    /lib/x86_64-linux-gnu/ld-2.27.so
7f04d539a000-7f04d539b000 rw-p 00000000 00:00 0 
7ffc2f5bf000-7ffc2f5e0000 rw-p 00000000 00:00 0                          [stack]
7ffc2f5eb000-7ffc2f5ee000 r--p 00000000 00:00 0                          [vvar]
7ffc2f5ee000-7ffc2f5f0000 r-xp 00000000 00:00 0                          [vdso]
ffffffffff600000-ffffffffff601000 r-xp 00000000 00:00 0                  [vsyscall]


VM Arguments:
jvm_args: -Dclassworlds.conf=/home/lizandra/Software/netbeans/java/maven/bin/m2.conf -Dmaven.home=/home/lizandra/Software/netbeans/java/maven -Dmaven.multiModuleProjectDirectory=/home/lizandra/NetBeansProjects/sistema-nutri 
java_command: org.codehaus.plexus.classworlds.launcher.Launcher -Dmaven.ext.class.path=/home/lizandra/Software/netbeans/java/maven-nblib/netbeans-eventspy.jar clean install
java_class_path (initial): /home/lizandra/Software/netbeans/java/maven/boot/plexus-classworlds-2.5.2.jar
Launcher Type: SUN_STANDARD

[Global flags]
     intx CICompilerCount                          = 2                                         {product} {ergonomic}
     uint ConcGCThreads                            = 1                                         {product} {ergonomic}
     uint G1ConcRefinementThreads                  = 2                                         {product} {ergonomic}
   size_t G1HeapRegionSize                         = 1048576                                   {product} {ergonomic}
    uintx GCDrainStackTargetSize                   = 64                                        {product} {ergonomic}
   size_t InitialHeapSize                          = 31457280                                  {product} {ergonomic}
   size_t MarkStackSize                            = 4194304                                   {product} {ergonomic}
   size_t MaxHeapSize                              = 486539264                                 {product} {ergonomic}
   size_t MaxNewSize                               = 291504128                                 {product} {ergonomic}
   size_t MinHeapDeltaBytes                        = 1048576                                   {product} {ergonomic}
    uintx NonNMethodCodeHeapSize                   = 5824844                                {pd product} {ergonomic}
    uintx NonProfiledCodeHeapSize                  = 122916698                              {pd product} {ergonomic}
    uintx ProfiledCodeHeapSize                     = 122916698                              {pd product} {ergonomic}
    uintx ReservedCodeCacheSize                    = 251658240                              {pd product} {ergonomic}
     bool SegmentedCodeCache                       = true                                      {product} {ergonomic}
     bool UseCompressedClassPointers               = true                                 {lp64_product} {ergonomic}
     bool UseCompressedOops                        = true                                 {lp64_product} {ergonomic}
     bool UseG1GC                                  = true                                      {product} {ergonomic}

Logging:
Log output configuration:
 #0: stdout all=warning uptime,level,tags
 #1: stderr all=off uptime,level,tags

Environment Variables:
JAVA_HOME=/usr/lib/jvm/java-11-openjdk-amd64
PATH=/usr/local/sbin:/usr/local/bin:/usr/sbin:/usr/bin:/sbin:/bin:/usr/games:/usr/local/games
SHELL=/bin/bash
DISPLAY=:0

Signal Handlers:
SIGSEGV: [libjvm.so+0xde5f50], sa_mask[0]=11111111011111111101111111111110, sa_flags=SA_RESTART|SA_SIGINFO
SIGBUS: [libjvm.so+0xde5f50], sa_mask[0]=11111111011111111101111111111110, sa_flags=SA_RESTART|SA_SIGINFO
SIGFPE: [libjvm.so+0xde5f50], sa_mask[0]=11111111011111111101111111111110, sa_flags=SA_RESTART|SA_SIGINFO
SIGPIPE: [libjvm.so+0xbba5b0], sa_mask[0]=11111111011111111101111111111110, sa_flags=SA_RESTART|SA_SIGINFO
SIGXFSZ: [libjvm.so+0xbba5b0], sa_mask[0]=11111111011111111101111111111110, sa_flags=SA_RESTART|SA_SIGINFO
SIGILL: [libjvm.so+0xde5f50], sa_mask[0]=11111111011111111101111111111110, sa_flags=SA_RESTART|SA_SIGINFO
SIGUSR2: [libjvm.so+0xbba450], sa_mask[0]=00100000000000000000000000000000, sa_flags=SA_RESTART|SA_SIGINFO
SIGHUP: [libjvm.so+0xbba7b0], sa_mask[0]=11111111011111111101111111111110, sa_flags=SA_RESTART|SA_SIGINFO
SIGINT: SIG_IGN, sa_mask[0]=00000000000000000000000000000000, sa_flags=none
SIGTERM: [libjvm.so+0xbba7b0], sa_mask[0]=11111111011111111101111111111110, sa_flags=SA_RESTART|SA_SIGINFO
SIGQUIT: [libjvm.so+0xbba7b0], sa_mask[0]=11111111011111111101111111111110, sa_flags=SA_RESTART|SA_SIGINFO


---------------  S Y S T E M  ---------------

OS:DISTRIB_ID=LinuxMint
DISTRIB_RELEASE=19.2
DISTRIB_CODENAME=tina
DISTRIB_DESCRIPTION="Linux Mint 19.2 Tina"
uname:Linux 4.15.0-58-generic #64-Ubuntu SMP Tue Aug 6 11:12:41 UTC 2019 x86_64
libc:glibc 2.27 NPTL 2.27 
rlimit: STACK 8192k, CORE 0k, NPROC 6965, NOFILE 1048576, AS infinity, DATA infinity, FSIZE infinity
load average:12,40 5,27 2,75

/proc/meminfo:
MemTotal:        1897592 kB
MemFree:           68272 kB
MemAvailable:      36116 kB
Buffers:             684 kB
Cached:           146956 kB
SwapCached:         1048 kB
Active:          1236800 kB
Inactive:         432700 kB
Active(anon):    1212248 kB
Inactive(anon):   403308 kB
Active(file):      24552 kB
Inactive(file):    29392 kB
Unevictable:          80 kB
Mlocked:              80 kB
SwapTotal:       1301168 kB
SwapFree:            232 kB
Dirty:               276 kB
Writeback:             0 kB
AnonPages:       1521156 kB
Mapped:            99724 kB
Shmem:             93684 kB
Slab:              70516 kB
SReclaimable:      30996 kB
SUnreclaim:        39520 kB
KernelStack:       11504 kB
PageTables:        42724 kB
NFS_Unstable:          0 kB
Bounce:                0 kB
WritebackTmp:          0 kB
CommitLimit:     2249964 kB
Committed_AS:    6363992 kB
VmallocTotal:   34359738367 kB
VmallocUsed:           0 kB
VmallocChunk:          0 kB
HardwareCorrupted:     0 kB
AnonHugePages:         0 kB
ShmemHugePages:        0 kB
ShmemPmdMapped:        0 kB
CmaTotal:              0 kB
CmaFree:               0 kB
HugePages_Total:       0
HugePages_Free:        0
HugePages_Rsvd:        0
HugePages_Surp:        0
Hugepagesize:       2048 kB
DirectMap4k:      169728 kB
DirectMap2M:     1781760 kB


/proc/sys/kernel/threads-max (system-wide limit on the number of threads):
13930


/proc/sys/vm/max_map_count (maximum number of memory map areas a process may have):
65530


/proc/sys/kernel/pid_max (system-wide limit on number of process identifiers):
32768



container (cgroup) information:
container_type: cgroupv1
cpu_cpuset_cpus: 0-1
cpu_memory_nodes: 0
active_processor_count: 2
cpu_quota: -1
cpu_period: 100000
cpu_shares: -1
memory_limit_in_bytes: -1
memory_and_swap_limit_in_bytes: -2
memory_soft_limit_in_bytes: -1
memory_usage_in_bytes: 1710272512
memory_max_usage_in_bytes: 0

Steal ticks since vm start: 0
Steal ticks percentage since vm start:  0,000

CPU:total 2 (initial active 2) (2 cores per cpu, 1 threads per core) family 6 model 76 stepping 3, cmov, cx8, fxsr, mmx, sse, sse2, sse3, ssse3, sse4.1, sse4.2, popcnt, aes, clmul, erms, 3dnowpref, tsc, tscinvbit
CPU Model and flags from /proc/cpuinfo:
model name	: Intel(R) Celeron(R) CPU  N3050  @ 1.60GHz
flags		: fpu vme de pse tsc msr pae mce cx8 apic sep mtrr pge mca cmov pat pse36 clflush dts acpi mmx fxsr sse sse2 ss ht tm pbe syscall nx rdtscp lm constant_tsc arch_perfmon pebs bts rep_good nopl xtopology tsc_reliable nonstop_tsc cpuid aperfmperf tsc_known_freq pni pclmulqdq dtes64 monitor ds_cpl vmx est tm2 ssse3 cx16 xtpr pdcm sse4_1 sse4_2 movbe popcnt tsc_deadline_timer aes rdrand lahf_lm 3dnowprefetch epb pti ibrs ibpb stibp tpr_shadow vnmi flexpriority ept vpid tsc_adjust smep erms dtherm ida arat md_clear

Memory: 4k page, physical 1897592k(67652k free), swap 1301168k(244k free)

vm_info: OpenJDK 64-Bit Server VM (11.0.4+11-post-Ubuntu-1ubuntu218.04.3) for linux-amd64 JRE (11.0.4+11-post-Ubuntu-1ubuntu218.04.3), built on Jul 18 2019 18:21:46 by "buildd" with gcc 7.4.0

END.
