#
# There is insufficient memory for the Java Runtime Environment to continue.
# Native memory allocation (mmap) failed to map 19922944 bytes for committing reserved memory.
# Possible reasons:
#   The system is out of physical RAM or swap space
#   The process is running with CompressedOops enabled, and the Java Heap may be blocking the growth of the native heap
# Possible solutions:
#   Reduce memory load on the system
#   Increase physical memory or swap space
#   Check if swap backing store is full
#   Decrease Java heap size (-Xmx/-Xms)
#   Decrease number of Java threads
#   Decrease Java thread stack sizes (-Xss)
#   Set larger code cache with -XX:ReservedCodeCacheSize=
#   JVM is running with Unscaled Compressed Oops mode in which the Java heap is
#     placed in the first 4GB address space. The Java Heap base address is the
#     maximum limit for the native heap growth. Please use -XX:HeapBaseMinAddress
#     to set the Java Heap base and to place the Java Heap above 4GB virtual address.
# This output file may be truncated or incomplete.
#
#  Out of Memory Error (os_linux.cpp:2893), pid=8108, tid=8125
#
# JRE version: OpenJDK Runtime Environment (11.0.4+11) (build 11.0.4+11-post-Ubuntu-1ubuntu218.04.3)
# Java VM: OpenJDK 64-Bit Server VM (11.0.4+11-post-Ubuntu-1ubuntu218.04.3, mixed mode, sharing, tiered, compressed oops, g1 gc, linux-amd64)
# Core dump will be written. Default location: Core dumps may be processed with "/lib/systemd/systemd-coredump %P %u %g %s %t 9223372036854775808 %e" (or dumping to /home/lizandra/NetBeansProjects/sistema-nutri/core.8108)
#

---------------  S U M M A R Y ------------

Command Line: -Dclassworlds.conf=/home/lizandra/Software/netbeans/java/maven/bin/m2.conf -Dmaven.home=/home/lizandra/Software/netbeans/java/maven -Dmaven.multiModuleProjectDirectory=/home/lizandra/NetBeansProjects/sistema-nutri org.codehaus.plexus.classworlds.launcher.Launcher -Dmaven.ext.class.path=/home/lizandra/Software/netbeans/java/maven-nblib/netbeans-eventspy.jar clean install

Host: Intel(R) Celeron(R) CPU  N3050  @ 1.60GHz, 2 cores, 1G, Linux Mint 19.2 Tina
Time: Wed Nov 20 18:57:05 2019 -03 elapsed time: 725 seconds (0d 0h 12m 5s)

---------------  T H R E A D  ---------------

Current thread (0x00007f665c085000):  VMThread "VM Thread" [stack: 0x00007f663ccbb000,0x00007f663cdbb000] [id=8125]

Stack: [0x00007f663ccbb000,0x00007f663cdbb000],  sp=0x00007f663cdb8ff0,  free space=1015k
Native frames: (J=compiled Java code, A=aot compiled Java code, j=interpreted, Vv=VM code, C=native code)
V  [libjvm.so+0xde4547]
V  [libjvm.so+0xde519b]
V  [libjvm.so+0x6511a5]
V  [libjvm.so+0xbbed38]
V  [libjvm.so+0xbb5ebd]
V  [libjvm.so+0x76f53f]
V  [libjvm.so+0x76f7ae]
V  [libjvm.so+0x77b820]
V  [libjvm.so+0x7f6969]
V  [libjvm.so+0x7f75c2]
V  [libjvm.so+0x7f7a29]
V  [libjvm.so+0x72de6f]
V  [libjvm.so+0x732b6a]
V  [libjvm.so+0xdf01e1]
V  [libjvm.so+0xdeeda8]
V  [libjvm.so+0xdec5e6]
V  [libjvm.so+0xdecaf0]
V  [libjvm.so+0xdecf23]
V  [libjvm.so+0xd7aeea]
V  [libjvm.so+0xbc4a5e]

VM_Operation (0x00007f6664769650): G1CollectForAllocation, mode: safepoint, requested by thread 0x00007f665c012000


---------------  P R O C E S S  ---------------

Threads class SMR info:
_java_thread_list=0x00007f665c0cecb0, length=9, elements={
0x00007f665c012000, 0x00007f665c088000, 0x00007f665c08a000, 0x00007f665c08f800,
0x00007f665c091800, 0x00007f665c093800, 0x00007f665c095800, 0x00007f665c0c4800,
0x00007f665c0cd800
}

Java Threads: ( => current thread )
  0x00007f665c012000 JavaThread "main" [_thread_blocked, id=8119, stack(0x00007f666466c000,0x00007f666476d000)]
  0x00007f665c088000 JavaThread "Reference Handler" daemon [_thread_blocked, id=8126, stack(0x00007f663cbb8000,0x00007f663ccb9000)]
  0x00007f665c08a000 JavaThread "Finalizer" daemon [_thread_blocked, id=8127, stack(0x00007f663cab7000,0x00007f663cbb8000)]
  0x00007f665c08f800 JavaThread "Signal Dispatcher" daemon [_thread_blocked, id=8128, stack(0x00007f663c6d7000,0x00007f663c7d8000)]
  0x00007f665c091800 JavaThread "C2 CompilerThread0" daemon [_thread_blocked, id=8129, stack(0x00007f663c5d6000,0x00007f663c6d7000)]
  0x00007f665c093800 JavaThread "C1 CompilerThread0" daemon [_thread_blocked, id=8130, stack(0x00007f663c4d5000,0x00007f663c5d6000)]
  0x00007f665c095800 JavaThread "Sweeper thread" daemon [_thread_blocked, id=8131, stack(0x00007f663c3d4000,0x00007f663c4d5000)]
  0x00007f665c0c4800 JavaThread "Service Thread" daemon [_thread_blocked, id=8132, stack(0x00007f663c2d3000,0x00007f663c3d4000)]
  0x00007f665c0cd800 JavaThread "Common-Cleaner" daemon [_thread_blocked, id=8134, stack(0x00007f663c0d0000,0x00007f663c1d1000)]

Other Threads:
=>0x00007f665c085000 VMThread "VM Thread" [stack: 0x00007f663ccbb000,0x00007f663cdbb000] [id=8125]
  0x00007f665c0c7000 WatcherThread [stack: 0x00007f663c1d3000,0x00007f663c2d3000] [id=8133]
  0x00007f665c028000 GCTaskThread "GC Thread#0" [stack: 0x00007f6660661000,0x00007f6660761000] [id=8120]
  0x00007f662c001000 GCTaskThread "GC Thread#1" [stack: 0x00007f6607ad8000,0x00007f6607bd8000] [id=8135]
  0x00007f665c037800 ConcurrentGCThread "G1 Main Marker" [stack: 0x00007f66600a5000,0x00007f66601a5000] [id=8121]
  0x00007f665c039000 ConcurrentGCThread "G1 Conc#0" [stack: 0x00007f6644116000,0x00007f6644216000] [id=8122]
  0x00007f665c05a800 ConcurrentGCThread "G1 Refine#0" [stack: 0x00007f663d6bf000,0x00007f663d7bf000] [id=8123]
  0x00007f665c05c800 ConcurrentGCThread "G1 Young RemSet Sampling" [stack: 0x00007f663d5bd000,0x00007f663d6bd000] [id=8124]

Threads with active compile tasks:
C2 CompilerThread03935  s    4       java.util.Vector::addElement (24 bytes)
C1 CompilerThread03937       3       org.codehaus.plexus.util.SelectorUtils::match (629 bytes)

VM state:at safepoint (normal execution)

VM Mutex/Monitor currently owned by a thread:  ([mutex/lock_event])
[0x00007f665c00e440] Threads_lock - owner thread: 0x00007f665c085000
[0x00007f665c00eb90] Heap_lock - owner thread: 0x00007f665c012000

Heap address: 0x00000000e3000000, size: 464 MB, Compressed Oops mode: 32-bit
Narrow klass base: 0x0000000800000000, Narrow klass shift: 3
Compressed class space size: 1073741824 Address: 0x0000000840000000

Heap:
 garbage-first heap   total 67584K, used 15377K [0x00000000e3000000, 0x0000000100000000)
  region size 1024K, 1 young (1024K), 1 survivors (1024K)
 Metaspace       used 16220K, capacity 17649K, committed 17792K, reserved 1064960K
  class space    used 1881K, capacity 2163K, committed 2176K, reserved 1048576K
Heap Regions: E=young(eden), S=young(survivor), O=old, HS=humongous(starts), HC=humongous(continues), CS=collection set, F=free, A=archive, TAMS=top-at-mark-start (previous, next)
|   0|0x00000000e3000000, 0x00000000e3100000, 0x00000000e3100000|100%| O|  |TAMS 0x00000000e3000000, 0x00000000e3000000| Untracked 
|   1|0x00000000e3100000, 0x00000000e3200000, 0x00000000e3200000|100%| O|  |TAMS 0x00000000e3100000, 0x00000000e3100000| Untracked 
|   2|0x00000000e3200000, 0x00000000e3300000, 0x00000000e3300000|100%| O|  |TAMS 0x00000000e3200000, 0x00000000e3200000| Untracked 
|   3|0x00000000e3300000, 0x00000000e3400000, 0x00000000e3400000|100%| O|  |TAMS 0x00000000e3300000, 0x00000000e3300000| Untracked 
|   4|0x00000000e3400000, 0x00000000e3500000, 0x00000000e3500000|100%| O|  |TAMS 0x00000000e3400000, 0x00000000e3400000| Untracked 
|   5|0x00000000e3500000, 0x00000000e3600000, 0x00000000e3600000|100%| O|  |TAMS 0x00000000e3500000, 0x00000000e3500000| Untracked 
|   6|0x00000000e3600000, 0x00000000e3700000, 0x00000000e3700000|100%| O|  |TAMS 0x00000000e3600000, 0x00000000e3600000| Untracked 
|   7|0x00000000e3700000, 0x00000000e3800000, 0x00000000e3800000|100%| O|  |TAMS 0x00000000e3700000, 0x00000000e3700000| Untracked 
|   8|0x00000000e3800000, 0x00000000e3900000, 0x00000000e3900000|100%| O|  |TAMS 0x00000000e3800000, 0x00000000e3800000| Untracked 
|   9|0x00000000e3900000, 0x00000000e3a00000, 0x00000000e3a00000|100%| O|  |TAMS 0x00000000e3900000, 0x00000000e3900000| Untracked 
|  10|0x00000000e3a00000, 0x00000000e3b00000, 0x00000000e3b00000|100%| O|  |TAMS 0x00000000e3a00000, 0x00000000e3a00000| Untracked 
|  11|0x00000000e3b00000, 0x00000000e3c00000, 0x00000000e3c00000|100%| O|  |TAMS 0x00000000e3b00000, 0x00000000e3b00000| Untracked 
|  12|0x00000000e3c00000, 0x00000000e3d00000, 0x00000000e3d00000|100%| O|  |TAMS 0x00000000e3c00000, 0x00000000e3c00000| Untracked 
|  13|0x00000000e3d00000, 0x00000000e3e00000, 0x00000000e3e00000|100%| O|  |TAMS 0x00000000e3d00000, 0x00000000e3d00000| Untracked 
|  14|0x00000000e3e00000, 0x00000000e3e18200, 0x00000000e3f00000|  9%| O|  |TAMS 0x00000000e3e00000, 0x00000000e3e00000| Untracked 
|  15|0x00000000e3f00000, 0x00000000e3f00000, 0x00000000e4000000|  0%| F|  |TAMS 0x00000000e3f00000, 0x00000000e3f00000| Untracked 
|  16|0x00000000e4000000, 0x00000000e4000000, 0x00000000e4100000|  0%| F|  |TAMS 0x00000000e4000000, 0x00000000e4000000| Untracked 
|  17|0x00000000e4100000, 0x00000000e4100000, 0x00000000e4200000|  0%| F|  |TAMS 0x00000000e4100000, 0x00000000e4100000| Untracked 
|  18|0x00000000e4200000, 0x00000000e4200000, 0x00000000e4300000|  0%| F|  |TAMS 0x00000000e4200000, 0x00000000e4200000| Untracked 
|  19|0x00000000e4300000, 0x00000000e4300000, 0x00000000e4400000|  0%| F|  |TAMS 0x00000000e4300000, 0x00000000e4300000| Untracked 
|  20|0x00000000e4400000, 0x00000000e4400000, 0x00000000e4500000|  0%| F|  |TAMS 0x00000000e4400000, 0x00000000e4400000| Untracked 
|  21|0x00000000e4500000, 0x00000000e4500000, 0x00000000e4600000|  0%| F|  |TAMS 0x00000000e4500000, 0x00000000e4500000| Untracked 
|  22|0x00000000e4600000, 0x00000000e4600000, 0x00000000e4700000|  0%| F|  |TAMS 0x00000000e4600000, 0x00000000e4600000| Untracked 
|  23|0x00000000e4700000, 0x00000000e4700000, 0x00000000e4800000|  0%| F|  |TAMS 0x00000000e4700000, 0x00000000e4700000| Untracked 
|  24|0x00000000e4800000, 0x00000000e4800000, 0x00000000e4900000|  0%| F|  |TAMS 0x00000000e4800000, 0x00000000e4800000| Untracked 
|  25|0x00000000e4900000, 0x00000000e4900000, 0x00000000e4a00000|  0%| F|  |TAMS 0x00000000e4900000, 0x00000000e4900000| Untracked 
|  26|0x00000000e4a00000, 0x00000000e4a00000, 0x00000000e4b00000|  0%| F|  |TAMS 0x00000000e4a00000, 0x00000000e4a00000| Untracked 
|  27|0x00000000e4b00000, 0x00000000e4b00000, 0x00000000e4c00000|  0%| F|  |TAMS 0x00000000e4b00000, 0x00000000e4b00000| Untracked 
|  28|0x00000000e4c00000, 0x00000000e4c00000, 0x00000000e4d00000|  0%| F|  |TAMS 0x00000000e4c00000, 0x00000000e4c00000| Untracked 
|  29|0x00000000e4d00000, 0x00000000e4d00000, 0x00000000e4e00000|  0%| F|  |TAMS 0x00000000e4d00000, 0x00000000e4d00000| Untracked 
|  30|0x00000000e4e00000, 0x00000000e4e00000, 0x00000000e4f00000|  0%| F|  |TAMS 0x00000000e4e00000, 0x00000000e4e00000| Untracked 
|  31|0x00000000e4f00000, 0x00000000e4f00000, 0x00000000e5000000|  0%| F|  |TAMS 0x00000000e4f00000, 0x00000000e4f00000| Untracked 
|  32|0x00000000e5000000, 0x00000000e5000000, 0x00000000e5100000|  0%| F|  |TAMS 0x00000000e5000000, 0x00000000e5000000| Untracked 
|  33|0x00000000e5100000, 0x00000000e5100000, 0x00000000e5200000|  0%| F|  |TAMS 0x00000000e5100000, 0x00000000e5100000| Untracked 
|  34|0x00000000e5200000, 0x00000000e5200000, 0x00000000e5300000|  0%| F|  |TAMS 0x00000000e5200000, 0x00000000e5200000| Untracked 
|  35|0x00000000e5300000, 0x00000000e5300000, 0x00000000e5400000|  0%| F|  |TAMS 0x00000000e5300000, 0x00000000e5300000| Untracked 
|  36|0x00000000e5400000, 0x00000000e5400000, 0x00000000e5500000|  0%| F|  |TAMS 0x00000000e5400000, 0x00000000e5400000| Untracked 
|  37|0x00000000e5500000, 0x00000000e5500000, 0x00000000e5600000|  0%| F|  |TAMS 0x00000000e5500000, 0x00000000e5500000| Untracked 
|  38|0x00000000e5600000, 0x00000000e5600000, 0x00000000e5700000|  0%| F|  |TAMS 0x00000000e5600000, 0x00000000e5600000| Untracked 
|  39|0x00000000e5700000, 0x00000000e5700000, 0x00000000e5800000|  0%| F|  |TAMS 0x00000000e5700000, 0x00000000e5700000| Untracked 
|  40|0x00000000e5800000, 0x00000000e5800000, 0x00000000e5900000|  0%| F|  |TAMS 0x00000000e5800000, 0x00000000e5800000| Untracked 
|  41|0x00000000e5900000, 0x00000000e5900000, 0x00000000e5a00000|  0%| F|  |TAMS 0x00000000e5900000, 0x00000000e5900000| Untracked 
|  42|0x00000000e5a00000, 0x00000000e5a00000, 0x00000000e5b00000|  0%| F|  |TAMS 0x00000000e5a00000, 0x00000000e5a00000| Untracked 
|  43|0x00000000e5b00000, 0x00000000e5b4e2f8, 0x00000000e5c00000| 30%| S|CS|TAMS 0x00000000e5b00000, 0x00000000e5b00000| Complete 
|  44|0x00000000e5c00000, 0x00000000e5c00000, 0x00000000e5d00000|  0%| F|  |TAMS 0x00000000e5c00000, 0x00000000e5c00000| Untracked 
| 462|0x00000000ffe00000, 0x00000000ffe34000, 0x00000000fff00000| 20%|OA|  |TAMS 0x00000000ffe00000, 0x00000000ffe00000| Untracked 
| 463|0x00000000fff00000, 0x00000000fff6a000, 0x0000000100000000| 41%|CA|  |TAMS 0x00000000fff00000, 0x00000000fff00000| Untracked 

Card table byte_map: [0x00007f666028d000,0x00007f6660375000] _byte_map_base: 0x00007f665fb75000

Marking Bits (Prev, Next): (CMBitMap*) 0x00007f665c034a88, (CMBitMap*) 0x00007f665c034ac0
 Prev Bits: [0x00007f6644216000, 0x00007f6644956000)
 Next Bits: [0x00007f663f8c0000, 0x00007f6640000000)

Polling page: 0x00007f6664784000

Metaspace:

Usage:
  Non-class:     15,12 MB capacity,    14,00 MB ( 93%) used,     1,10 MB (  7%) free+waste,    21,94 KB ( <1%) overhead. 
      Class:      2,11 MB capacity,     1,84 MB ( 87%) used,   271,66 KB ( 13%) free+waste,    10,19 KB ( <1%) overhead. 
       Both:     17,24 MB capacity,    15,84 MB ( 92%) used,     1,36 MB (  8%) free+waste,    32,12 KB ( <1%) overhead. 

Virtual space:
  Non-class space:       16,00 MB reserved,      15,25 MB ( 95%) committed 
      Class space:        1,00 GB reserved,       2,12 MB ( <1%) committed 
             Both:        1,02 GB reserved,      17,38 MB (  2%) committed 

Chunk freelists:
   Non-Class:  106,00 KB
       Class:  13,00 KB
        Both:  119,00 KB

CodeHeap 'non-profiled nmethods': size=120036Kb used=1620Kb max_used=1777Kb free=118415Kb
 bounds [0x00007f664c41d000, 0x00007f664c68d000, 0x00007f6653956000]
CodeHeap 'profiled nmethods': size=120032Kb used=6393Kb max_used=7791Kb free=113638Kb
 bounds [0x00007f6644ee5000, 0x00007f6645685000, 0x00007f664c41d000]
CodeHeap 'non-nmethods': size=5692Kb used=1096Kb max_used=1125Kb free=4595Kb
 bounds [0x00007f6644956000, 0x00007f6644bc6000, 0x00007f6644ee5000]
 total_blobs=4845 nmethods=3201 adapters=328
 compilation: enabled
              stopped_count=0, restarted_count=0
 full_count=0

Compilation events (10 events):
Event: 694,837 Thread 0x00007f665c093800 nmethod 3931 0x00007f6644ef4e10 code [0x00007f6644ef5060, 0x00007f6644ef58b8]
Event: 694,990 Thread 0x00007f665c093800 3932       3       jdk.internal.reflect.FieldAccessorImpl::<init> (5 bytes)
Event: 695,566 Thread 0x00007f665c093800 nmethod 3932 0x00007f6644ef2e10 code [0x00007f6644ef2fc0, 0x00007f6644ef31f0]
Event: 695,597 Thread 0x00007f665c093800 3927       1       org.apache.maven.artifact.DefaultArtifact::getScope (5 bytes)
Event: 696,702 Thread 0x00007f665c091800 nmethod 3933 0x00007f664c462d10 code [0x00007f664c462ee0, 0x00007f664c463658]
Event: 696,871 Thread 0x00007f665c091800 3934       4       java.lang.reflect.Field::copy (76 bytes)
Event: 697,094 Thread 0x00007f665c093800 nmethod 3927 0x00007f664c458b90 code [0x00007f664c458d40, 0x00007f664c458e70]
Event: 700,767 Thread 0x00007f665c091800 nmethod 3934 0x00007f664c45b090 code [0x00007f664c45b240, 0x00007f664c45b5b8]
Event: 722,575 Thread 0x00007f665c091800 3935  s    4       java.util.Vector::addElement (24 bytes)
Event: 722,606 Thread 0x00007f665c093800 3937       3       org.codehaus.plexus.util.SelectorUtils::match (629 bytes)

GC Heap History (10 events):
Event: 117,455 GC heap after
{Heap after GC invocations=14 (full 0):
 garbage-first heap   total 48128K, used 13485K [0x00000000e3000000, 0x0000000100000000)
  region size 1024K, 3 young (3072K), 3 survivors (3072K)
 Metaspace       used 14061K, capacity 15630K, committed 16000K, reserved 1062912K
  class space    used 1610K, capacity 1850K, committed 1920K, reserved 1048576K
}
Event: 321,414 GC heap before
{Heap before GC invocations=14 (full 0):
 garbage-first heap   total 48128K, used 31917K [0x00000000e3000000, 0x0000000100000000)
  region size 1024K, 21 young (21504K), 3 survivors (3072K)
 Metaspace       used 15567K, capacity 17050K, committed 17280K, reserved 1064960K
  class space    used 1828K, capacity 2086K, committed 2176K, reserved 1048576K
}
Event: 321,906 GC heap after
{Heap after GC invocations=15 (full 0):
 garbage-first heap   total 48128K, used 14522K [0x00000000e3000000, 0x0000000100000000)
  region size 1024K, 3 young (3072K), 3 survivors (3072K)
 Metaspace       used 15567K, capacity 17050K, committed 17280K, reserved 1064960K
  class space    used 1828K, capacity 2086K, committed 2176K, reserved 1048576K
}
Event: 571,090 GC heap before
{Heap before GC invocations=15 (full 0):
 garbage-first heap   total 48128K, used 31930K [0x00000000e3000000, 0x0000000100000000)
  region size 1024K, 20 young (20480K), 3 survivors (3072K)
 Metaspace       used 16012K, capacity 17421K, committed 17792K, reserved 1064960K
  class space    used 1862K, capacity 2127K, committed 2176K, reserved 1048576K
}
Event: 572,346 GC heap after
{Heap after GC invocations=16 (full 0):
 garbage-first heap   total 48128K, used 15306K [0x00000000e3000000, 0x0000000100000000)
  region size 1024K, 2 young (2048K), 2 survivors (2048K)
 Metaspace       used 16012K, capacity 17421K, committed 17792K, reserved 1064960K
  class space    used 1862K, capacity 2127K, committed 2176K, reserved 1048576K
}
Event: 627,239 GC heap before
{Heap before GC invocations=16 (full 0):
 garbage-first heap   total 48128K, used 15306K [0x00000000e3000000, 0x0000000100000000)
  region size 1024K, 3 young (3072K), 2 survivors (2048K)
 Metaspace       used 16066K, capacity 17521K, committed 17792K, reserved 1064960K
  class space    used 1871K, capacity 2163K, committed 2176K, reserved 1048576K
}
Event: 628,811 GC heap after
{Heap after GC invocations=17 (full 0):
 garbage-first heap   total 48128K, used 15429K [0x00000000e3000000, 0x0000000100000000)
  region size 1024K, 1 young (1024K), 1 survivors (1024K)
 Metaspace       used 16066K, capacity 17521K, committed 17792K, reserved 1064960K
  class space    used 1871K, capacity 2163K, committed 2176K, reserved 1048576K
}
Event: 707,486 GC heap before
{Heap before GC invocations=17 (full 0):
 garbage-first heap   total 48128K, used 16453K [0x00000000e3000000, 0x0000000100000000)
  region size 1024K, 2 young (2048K), 1 survivors (1024K)
 Metaspace       used 16183K, capacity 17585K, committed 17792K, reserved 1064960K
  class space    used 1878K, capacity 2163K, committed 2176K, reserved 1048576K
}
Event: 711,075 GC heap after
{Heap after GC invocations=18 (full 0):
 garbage-first heap   total 48128K, used 15384K [0x00000000e3000000, 0x0000000100000000)
  region size 1024K, 1 young (1024K), 1 survivors (1024K)
 Metaspace       used 16183K, capacity 17585K, committed 17792K, reserved 1064960K
  class space    used 1878K, capacity 2163K, committed 2176K, reserved 1048576K
}
Event: 723,852 GC heap before
{Heap before GC invocations=18 (full 0):
 garbage-first heap   total 48128K, used 16408K [0x00000000e3000000, 0x0000000100000000)
  region size 1024K, 2 young (2048K), 1 survivors (1024K)
 Metaspace       used 16220K, capacity 17649K, committed 17792K, reserved 1064960K
  class space    used 1881K, capacity 2163K, committed 2176K, reserved 1048576K
}

Deoptimization events (10 events):
Event: 428,369 Thread 0x00007f665c012000 DEOPT PACKING pc=0x00007f66452e1ad9 sp=0x00007f6664769f90
Event: 428,369 Thread 0x00007f665c012000 DEOPT UNPACKING pc=0x00007f664497dc2b sp=0x00007f6664769428 mode 0
Event: 428,378 Thread 0x00007f665c012000 DEOPT PACKING pc=0x00007f66452e1ad9 sp=0x00007f6664769f90
Event: 428,378 Thread 0x00007f665c012000 DEOPT UNPACKING pc=0x00007f664497dc2b sp=0x00007f6664769428 mode 0
Event: 428,395 Thread 0x00007f665c012000 DEOPT PACKING pc=0x00007f66452e1ad9 sp=0x00007f6664769f90
Event: 428,396 Thread 0x00007f665c012000 DEOPT UNPACKING pc=0x00007f664497dc2b sp=0x00007f6664769428 mode 0
Event: 428,409 Thread 0x00007f665c012000 DEOPT PACKING pc=0x00007f66452e1ad9 sp=0x00007f6664769f90
Event: 428,409 Thread 0x00007f665c012000 DEOPT UNPACKING pc=0x00007f664497dc2b sp=0x00007f6664769428 mode 0
Event: 534,544 Thread 0x00007f665c012000 DEOPT PACKING pc=0x00007f66453756dd sp=0x00007f6664769560
Event: 534,564 Thread 0x00007f665c012000 DEOPT UNPACKING pc=0x00007f664497dc2b sp=0x00007f6664768a60 mode 0

Classes redefined (0 events):
No events

Internal exceptions (10 events):
Event: 2,747 Thread 0x00007f665c012000 Exception <a 'java/security/PrivilegedActionException'{0x00000000e4bbd8d0}> (0x00000000e4bbd8d0) thrown at [/build/openjdk-lts-7bqZff/openjdk-lts-11.0.4+11/src/hotspot/share/prims/jvm.cpp, line 1300]
Event: 3,675 Thread 0x00007f665c012000 Exception <a 'java/lang/NoSuchMethodError'{0x00000000e4833fc8}: 'int java.lang.invoke.DirectMethodHandle$Holder.invokeSpecialIFC(java.lang.Object, java.lang.Object, int)'> (0x00000000e4833fc8) thrown at [/build/openjdk-lts-7bqZff/openjdk-lts-11.0.4+11/src
Event: 8,047 Thread 0x00007f665c012000 Exception <a 'java/lang/NoClassDefFoundError'{0x00000000e4286338}: com/google/inject/servlet/ServletModuleTargetVisitor> (0x00000000e4286338) thrown at [/build/openjdk-lts-7bqZff/openjdk-lts-11.0.4+11/src/hotspot/share/classfile/systemDictionary.cpp, line
Event: 8,047 Thread 0x00007f665c012000 Exception <a 'java/lang/NoClassDefFoundError'{0x00000000e4286338}> (0x00000000e4286338) thrown at [/build/openjdk-lts-7bqZff/openjdk-lts-11.0.4+11/src/hotspot/share/prims/jvm.cpp, line 1304]
Event: 8,049 Thread 0x00007f665c012000 Exception <a 'java/lang/NoClassDefFoundError'{0x00000000e42890f0}: javax/annotation/Priority> (0x00000000e42890f0) thrown at [/build/openjdk-lts-7bqZff/openjdk-lts-11.0.4+11/src/hotspot/share/classfile/systemDictionary.cpp, line 220]
Event: 9,265 Thread 0x00007f665c012000 Implicit null exception at 0x00007f664c4b4c1d to 0x00007f664c4b4d06
Event: 10,098 Thread 0x00007f665c012000 Implicit null exception at 0x00007f664c499c05 to 0x00007f664c499de2
Event: 10,098 Thread 0x00007f665c012000 Implicit null exception at 0x00007f664c48a02f to 0x00007f664c48a0ad
Event: 176,155 Thread 0x00007f665c012000 Exception <a 'java/lang/NoClassDefFoundError'{0x00000000e530bd58}: org/codehaus/plexus/util/interpolation/ValueSource> (0x00000000e530bd58) thrown at [/build/openjdk-lts-7bqZff/openjdk-lts-11.0.4+11/src/hotspot/share/classfile/systemDictionary.cpp, line 2
Event: 184,384 Thread 0x00007f665c012000 Exception <a 'java/lang/NoClassDefFoundError'{0x00000000e5399868}: org/sonatype/aether/version/VersionConstraint> (0x00000000e5399868) thrown at [/build/openjdk-lts-7bqZff/openjdk-lts-11.0.4+11/src/hotspot/share/classfile/systemDictionary.cpp, line 220]

Events (10 events):
Event: 712,916 Executing VM operation: RevokeBias done
Event: 713,229 loading class org/codehaus/plexus/util/DirectoryScanner
Event: 713,232 loading class org/codehaus/plexus/util/DirectoryScanner done
Event: 713,257 loading class org/codehaus/plexus/util/DirectoryScanner
Event: 713,257 loading class org/codehaus/plexus/util/DirectoryScanner done
Event: 718,187 loading class org/codehaus/plexus/util/SelectorUtils
Event: 718,187 loading class org/codehaus/plexus/util/SelectorUtils done
Event: 718,256 loading class org/codehaus/plexus/util/SelectorUtils
Event: 718,256 loading class org/codehaus/plexus/util/SelectorUtils done
Event: 722,808 Executing VM operation: G1CollectForAllocation


Dynamic libraries:
e3000000-e5d00000 rw-p 00000000 00:00 0 
e7000000-ffe00000 ---p 00000000 00:00 0 
ffe00000-ffe34000 rw-p 01116000 b3:06 1437553                            /usr/lib/jvm/java-11-openjdk-amd64/lib/server/classes.jsa
ffe34000-fff00000 rw-p 00000000 00:00 0 
fff00000-fff6a000 rw-p 010ac000 b3:06 1437553                            /usr/lib/jvm/java-11-openjdk-amd64/lib/server/classes.jsa
fff6a000-100000000 rw-p 00000000 00:00 0 
800000000-800002000 rwxp 00001000 b3:06 1437553                          /usr/lib/jvm/java-11-openjdk-amd64/lib/server/classes.jsa
800002000-8003bd000 rw-p 00003000 b3:06 1437553                          /usr/lib/jvm/java-11-openjdk-amd64/lib/server/classes.jsa
8003bd000-800a98000 r--p 003be000 b3:06 1437553                          /usr/lib/jvm/java-11-openjdk-amd64/lib/server/classes.jsa
800a98000-800a99000 rw-p 00a99000 b3:06 1437553                          /usr/lib/jvm/java-11-openjdk-amd64/lib/server/classes.jsa
800a99000-8010ab000 r--p 00a9a000 b3:06 1437553                          /usr/lib/jvm/java-11-openjdk-amd64/lib/server/classes.jsa
840000000-840220000 rw-p 00000000 00:00 0 
840220000-880000000 ---p 00000000 00:00 0 
562441dd3000-562441dd4000 r-xp 00000000 b3:06 1441529                    /usr/lib/jvm/java-11-openjdk-amd64/bin/java
562441fd4000-562441fd5000 r--p 00001000 b3:06 1441529                    /usr/lib/jvm/java-11-openjdk-amd64/bin/java
562441fd5000-562441fd6000 rw-p 00002000 b3:06 1441529                    /usr/lib/jvm/java-11-openjdk-amd64/bin/java
56244241a000-56244243b000 rw-p 00000000 00:00 0                          [heap]
7f66072d6000-7f6607416000 rw-p 00000000 00:00 0 
7f6607416000-7f66074d6000 ---p 00000000 00:00 0 
7f66074d6000-7f66076d6000 rw-p 00000000 00:00 0 
7f66076d6000-7f66078d6000 rw-p 00000000 00:00 0 
7f66078d6000-7f6607ad6000 rw-p 00000000 00:00 0 
7f6607ad6000-7f6607ad7000 ---p 00000000 00:00 0 
7f6607ad7000-7f6607bd8000 rw-p 00000000 00:00 0 
7f6607bd8000-7f6607bee000 r-xp 00000000 b3:06 1441803                    /usr/lib/jvm/java-11-openjdk-amd64/lib/libnet.so
7f6607bee000-7f6607ded000 ---p 00016000 b3:06 1441803                    /usr/lib/jvm/java-11-openjdk-amd64/lib/libnet.so
7f6607ded000-7f6607dee000 r--p 00015000 b3:06 1441803                    /usr/lib/jvm/java-11-openjdk-amd64/lib/libnet.so
7f6607dee000-7f6607def000 rw-p 00016000 b3:06 1441803                    /usr/lib/jvm/java-11-openjdk-amd64/lib/libnet.so
7f6607def000-7f6607dff000 r-xp 00000000 b3:06 1441805                    /usr/lib/jvm/java-11-openjdk-amd64/lib/libnio.so
7f6607dff000-7f6607ffe000 ---p 00010000 b3:06 1441805                    /usr/lib/jvm/java-11-openjdk-amd64/lib/libnio.so
7f6607ffe000-7f6607fff000 r--p 0000f000 b3:06 1441805                    /usr/lib/jvm/java-11-openjdk-amd64/lib/libnio.so
7f6607fff000-7f6608000000 rw-p 00010000 b3:06 1441805                    /usr/lib/jvm/java-11-openjdk-amd64/lib/libnio.so
7f6608000000-7f6608021000 rw-p 00000000 00:00 0 
7f6608021000-7f660c000000 ---p 00000000 00:00 0 
7f660c000000-7f660c021000 rw-p 00000000 00:00 0 
7f660c021000-7f6610000000 ---p 00000000 00:00 0 
7f6610000000-7f6610572000 rw-p 00000000 00:00 0 
7f6610572000-7f6614000000 ---p 00000000 00:00 0 
7f6614000000-7f6614021000 rw-p 00000000 00:00 0 
7f6614021000-7f6618000000 ---p 00000000 00:00 0 
7f6618000000-7f6618021000 rw-p 00000000 00:00 0 
7f6618021000-7f661c000000 ---p 00000000 00:00 0 
7f661c000000-7f661cff3000 rw-p 00000000 00:00 0 
7f661cff3000-7f6620000000 ---p 00000000 00:00 0 
7f6620000000-7f6620021000 rw-p 00000000 00:00 0 
7f6620021000-7f6624000000 ---p 00000000 00:00 0 
7f6624000000-7f6624021000 rw-p 00000000 00:00 0 
7f6624021000-7f6628000000 ---p 00000000 00:00 0 
7f6628000000-7f6628021000 rw-p 00000000 00:00 0 
7f6628021000-7f662c000000 ---p 00000000 00:00 0 
7f662c000000-7f662c087000 rw-p 00000000 00:00 0 
7f662c087000-7f6630000000 ---p 00000000 00:00 0 
7f6630000000-7f6630021000 rw-p 00000000 00:00 0 
7f6630021000-7f6634000000 ---p 00000000 00:00 0 
7f6634000000-7f6634021000 rw-p 00000000 00:00 0 
7f6634021000-7f6638000000 ---p 00000000 00:00 0 
7f6638000000-7f6638021000 rw-p 00000000 00:00 0 
7f6638021000-7f663c000000 ---p 00000000 00:00 0 
7f663c09f000-7f663c0d0000 rw-p 00000000 00:00 0 
7f663c0d0000-7f663c0d4000 ---p 00000000 00:00 0 
7f663c0d4000-7f663c1d1000 rw-p 00000000 00:00 0 
7f663c1d1000-7f663c1d2000 ---p 00000000 00:00 0 
7f663c1d2000-7f663c2d3000 rw-p 00000000 00:00 0 
7f663c2d3000-7f663c2d7000 ---p 00000000 00:00 0 
7f663c2d7000-7f663c3d4000 rw-p 00000000 00:00 0 
7f663c3d4000-7f663c3d8000 ---p 00000000 00:00 0 
7f663c3d8000-7f663c4d5000 rw-p 00000000 00:00 0 
7f663c4d5000-7f663c4d9000 ---p 00000000 00:00 0 
7f663c4d9000-7f663c5d6000 rw-p 00000000 00:00 0 
7f663c5d6000-7f663c5da000 ---p 00000000 00:00 0 
7f663c5da000-7f663c6d7000 rw-p 00000000 00:00 0 
7f663c6d7000-7f663c6db000 ---p 00000000 00:00 0 
7f663c6db000-7f663c7d8000 rw-p 00000000 00:00 0 
7f663c7d8000-7f663cab7000 r--p 00000000 b3:06 1443645                    /usr/lib/locale/locale-archive
7f663cab7000-7f663cabb000 ---p 00000000 00:00 0 
7f663cabb000-7f663cbb8000 rw-p 00000000 00:00 0 
7f663cbb8000-7f663cbbc000 ---p 00000000 00:00 0 
7f663cbbc000-7f663ccb9000 rw-p 00000000 00:00 0 
7f663ccb9000-7f663ccba000 ---p 00000000 00:00 0 
7f663ccba000-7f663d5bb000 rw-p 00000000 00:00 0 
7f663d5bb000-7f663d5bc000 ---p 00000000 00:00 0 
7f663d5bc000-7f663d6bd000 rw-p 00000000 00:00 0 
7f663d6bd000-7f663d6be000 ---p 00000000 00:00 0 
7f663d6be000-7f663f974000 rw-p 00000000 00:00 0 
7f663f974000-7f663fff8000 ---p 00000000 00:00 0 
7f663fff8000-7f6640000000 rw-p 00000000 00:00 0 
7f6640000000-7f6640021000 rw-p 00000000 00:00 0 
7f6640021000-7f6644000000 ---p 00000000 00:00 0 
7f6644013000-7f6644114000 rw-p 00000000 00:00 0 
7f6644114000-7f6644115000 ---p 00000000 00:00 0 
7f6644115000-7f66442ca000 rw-p 00000000 00:00 0 
7f66442ca000-7f664494e000 ---p 00000000 00:00 0 
7f664494e000-7f6644956000 rw-p 00000000 00:00 0 
7f6644956000-7f6644bc6000 rwxp 00000000 00:00 0 
7f6644bc6000-7f6644ee5000 ---p 00000000 00:00 0 
7f6644ee5000-7f6645685000 rwxp 00000000 00:00 0 
7f6645685000-7f664c41d000 ---p 00000000 00:00 0 
7f664c41d000-7f664c68d000 rwxp 00000000 00:00 0 
7f664c68d000-7f6653956000 ---p 00000000 00:00 0 
7f6653956000-7f665c000000 r--s 00000000 b3:06 1441815                    /usr/lib/jvm/java-11-openjdk-amd64/lib/modules
7f665c000000-7f665ce71000 rw-p 00000000 00:00 0 
7f665ce71000-7f6660000000 ---p 00000000 00:00 0 
7f6660022000-7f66600a3000 rw-p 00000000 00:00 0 
7f66600a3000-7f66600a4000 ---p 00000000 00:00 0 
7f66600a4000-7f66601bc000 rw-p 00000000 00:00 0 
7f66601bc000-7f666028c000 ---p 00000000 00:00 0 
7f666028c000-7f66602a4000 rw-p 00000000 00:00 0 
7f66602a4000-7f6660374000 ---p 00000000 00:00 0 
7f6660374000-7f666038c000 rw-p 00000000 00:00 0 
7f666038c000-7f666045c000 ---p 00000000 00:00 0 
7f666045c000-7f666065f000 rw-p 00000000 00:00 0 
7f666065f000-7f6660660000 ---p 00000000 00:00 0 
7f6660660000-7f6660766000 rw-p 00000000 00:00 0 
7f6660766000-7f666084c000 ---p 00000000 00:00 0 
7f666084c000-7f666085c000 rw-p 00000000 00:00 0 
7f666085c000-7f6660937000 ---p 00000000 00:00 0 
7f6660937000-7f666093c000 r-xp 00000000 b3:06 1441785                    /usr/lib/jvm/java-11-openjdk-amd64/lib/libjimage.so
7f666093c000-7f6660b3b000 ---p 00005000 b3:06 1441785                    /usr/lib/jvm/java-11-openjdk-amd64/lib/libjimage.so
7f6660b3b000-7f6660b3c000 r--p 00004000 b3:06 1441785                    /usr/lib/jvm/java-11-openjdk-amd64/lib/libjimage.so
7f6660b3c000-7f6660b3d000 rw-p 00005000 b3:06 1441785                    /usr/lib/jvm/java-11-openjdk-amd64/lib/libjimage.so
7f6660b3d000-7f6660b44000 r-xp 00000000 b3:06 1441814                    /usr/lib/jvm/java-11-openjdk-amd64/lib/libzip.so
7f6660b44000-7f6660d43000 ---p 00007000 b3:06 1441814                    /usr/lib/jvm/java-11-openjdk-amd64/lib/libzip.so
7f6660d43000-7f6660d44000 r--p 00006000 b3:06 1441814                    /usr/lib/jvm/java-11-openjdk-amd64/lib/libzip.so
7f6660d44000-7f6660d45000 rw-p 00007000 b3:06 1441814                    /usr/lib/jvm/java-11-openjdk-amd64/lib/libzip.so
7f6660d45000-7f6660d50000 r-xp 00000000 b3:06 1050651                    /lib/x86_64-linux-gnu/libnss_files-2.27.so
7f6660d50000-7f6660f4f000 ---p 0000b000 b3:06 1050651                    /lib/x86_64-linux-gnu/libnss_files-2.27.so
7f6660f4f000-7f6660f50000 r--p 0000a000 b3:06 1050651                    /lib/x86_64-linux-gnu/libnss_files-2.27.so
7f6660f50000-7f6660f51000 rw-p 0000b000 b3:06 1050651                    /lib/x86_64-linux-gnu/libnss_files-2.27.so
7f6660f51000-7f6660f57000 rw-p 00000000 00:00 0 
7f6660f57000-7f6660f6e000 r-xp 00000000 b3:06 1050645                    /lib/x86_64-linux-gnu/libnsl-2.27.so
7f6660f6e000-7f666116d000 ---p 00017000 b3:06 1050645                    /lib/x86_64-linux-gnu/libnsl-2.27.so
7f666116d000-7f666116e000 r--p 00016000 b3:06 1050645                    /lib/x86_64-linux-gnu/libnsl-2.27.so
7f666116e000-7f666116f000 rw-p 00017000 b3:06 1050645                    /lib/x86_64-linux-gnu/libnsl-2.27.so
7f666116f000-7f6661171000 rw-p 00000000 00:00 0 
7f6661171000-7f666117c000 r-xp 00000000 b3:06 1050662                    /lib/x86_64-linux-gnu/libnss_nis-2.27.so
7f666117c000-7f666137b000 ---p 0000b000 b3:06 1050662                    /lib/x86_64-linux-gnu/libnss_nis-2.27.so
7f666137b000-7f666137c000 r--p 0000a000 b3:06 1050662                    /lib/x86_64-linux-gnu/libnss_nis-2.27.so
7f666137c000-7f666137d000 rw-p 0000b000 b3:06 1050662                    /lib/x86_64-linux-gnu/libnss_nis-2.27.so
7f666137d000-7f6661385000 r-xp 00000000 b3:06 1050647                    /lib/x86_64-linux-gnu/libnss_compat-2.27.so
7f6661385000-7f6661585000 ---p 00008000 b3:06 1050647                    /lib/x86_64-linux-gnu/libnss_compat-2.27.so
7f6661585000-7f6661586000 r--p 00008000 b3:06 1050647                    /lib/x86_64-linux-gnu/libnss_compat-2.27.so
7f6661586000-7f6661587000 rw-p 00009000 b3:06 1050647                    /lib/x86_64-linux-gnu/libnss_compat-2.27.so
7f6661587000-7f66615b0000 r-xp 00000000 b3:06 1441777                    /usr/lib/jvm/java-11-openjdk-amd64/lib/libjava.so
7f66615b0000-7f66617af000 ---p 00029000 b3:06 1441777                    /usr/lib/jvm/java-11-openjdk-amd64/lib/libjava.so
7f66617af000-7f66617b0000 r--p 00028000 b3:06 1441777                    /usr/lib/jvm/java-11-openjdk-amd64/lib/libjava.so
7f66617b0000-7f66617b2000 rw-p 00029000 b3:06 1441777                    /usr/lib/jvm/java-11-openjdk-amd64/lib/libjava.so
7f66617b2000-7f66617bf000 r-xp 00000000 b3:06 1441812                    /usr/lib/jvm/java-11-openjdk-amd64/lib/libverify.so
7f66617bf000-7f66619be000 ---p 0000d000 b3:06 1441812                    /usr/lib/jvm/java-11-openjdk-amd64/lib/libverify.so
7f66619be000-7f66619c0000 r--p 0000c000 b3:06 1441812                    /usr/lib/jvm/java-11-openjdk-amd64/lib/libverify.so
7f66619c0000-7f66619c1000 rw-p 0000e000 b3:06 1441812                    /usr/lib/jvm/java-11-openjdk-amd64/lib/libverify.so
7f66619c1000-7f66619c8000 r-xp 00000000 b3:06 1050702                    /lib/x86_64-linux-gnu/librt-2.27.so
7f66619c8000-7f6661bc7000 ---p 00007000 b3:06 1050702                    /lib/x86_64-linux-gnu/librt-2.27.so
7f6661bc7000-7f6661bc8000 r--p 00006000 b3:06 1050702                    /lib/x86_64-linux-gnu/librt-2.27.so
7f6661bc8000-7f6661bc9000 rw-p 00007000 b3:06 1050702                    /lib/x86_64-linux-gnu/librt-2.27.so
7f6661bc9000-7f6661be0000 r-xp 00000000 b3:06 1050598                    /lib/x86_64-linux-gnu/libgcc_s.so.1
7f6661be0000-7f6661ddf000 ---p 00017000 b3:06 1050598                    /lib/x86_64-linux-gnu/libgcc_s.so.1
7f6661ddf000-7f6661de0000 r--p 00016000 b3:06 1050598                    /lib/x86_64-linux-gnu/libgcc_s.so.1
7f6661de0000-7f6661de1000 rw-p 00017000 b3:06 1050598                    /lib/x86_64-linux-gnu/libgcc_s.so.1
7f6661de1000-7f6661f7e000 r-xp 00000000 b3:06 1050624                    /lib/x86_64-linux-gnu/libm-2.27.so
7f6661f7e000-7f666217d000 ---p 0019d000 b3:06 1050624                    /lib/x86_64-linux-gnu/libm-2.27.so
7f666217d000-7f666217e000 r--p 0019c000 b3:06 1050624                    /lib/x86_64-linux-gnu/libm-2.27.so
7f666217e000-7f666217f000 rw-p 0019d000 b3:06 1050624                    /lib/x86_64-linux-gnu/libm-2.27.so
7f666217f000-7f66622f8000 r-xp 00000000 b3:06 1446455                    /usr/lib/x86_64-linux-gnu/libstdc++.so.6.0.25
7f66622f8000-7f66624f8000 ---p 00179000 b3:06 1446455                    /usr/lib/x86_64-linux-gnu/libstdc++.so.6.0.25
7f66624f8000-7f6662502000 r--p 00179000 b3:06 1446455                    /usr/lib/x86_64-linux-gnu/libstdc++.so.6.0.25
7f6662502000-7f6662504000 rw-p 00183000 b3:06 1446455                    /usr/lib/x86_64-linux-gnu/libstdc++.so.6.0.25
7f6662504000-7f6662508000 rw-p 00000000 00:00 0 
7f6662508000-7f66635d4000 r-xp 00000000 b3:06 1441824                    /usr/lib/jvm/java-11-openjdk-amd64/lib/server/libjvm.so
7f66635d4000-7f66637d3000 ---p 010cc000 b3:06 1441824                    /usr/lib/jvm/java-11-openjdk-amd64/lib/server/libjvm.so
7f66637d3000-7f6663890000 r--p 010cb000 b3:06 1441824                    /usr/lib/jvm/java-11-openjdk-amd64/lib/server/libjvm.so
7f6663890000-7f66638c9000 rw-p 01188000 b3:06 1441824                    /usr/lib/jvm/java-11-openjdk-amd64/lib/server/libjvm.so
7f66638c9000-7f666391f000 rw-p 00000000 00:00 0 
7f666391f000-7f6663939000 r-xp 00000000 b3:06 1050694                    /lib/x86_64-linux-gnu/libpthread-2.27.so
7f6663939000-7f6663b38000 ---p 0001a000 b3:06 1050694                    /lib/x86_64-linux-gnu/libpthread-2.27.so
7f6663b38000-7f6663b39000 r--p 00019000 b3:06 1050694                    /lib/x86_64-linux-gnu/libpthread-2.27.so
7f6663b39000-7f6663b3a000 rw-p 0001a000 b3:06 1050694                    /lib/x86_64-linux-gnu/libpthread-2.27.so
7f6663b3a000-7f6663b3e000 rw-p 00000000 00:00 0 
7f6663b3e000-7f6663b41000 r-xp 00000000 b3:06 1050584                    /lib/x86_64-linux-gnu/libdl-2.27.so
7f6663b41000-7f6663d40000 ---p 00003000 b3:06 1050584                    /lib/x86_64-linux-gnu/libdl-2.27.so
7f6663d40000-7f6663d41000 r--p 00002000 b3:06 1050584                    /lib/x86_64-linux-gnu/libdl-2.27.so
7f6663d41000-7f6663d42000 rw-p 00003000 b3:06 1050584                    /lib/x86_64-linux-gnu/libdl-2.27.so
7f6663d42000-7f6663d5e000 r-xp 00000000 b3:06 1050735                    /lib/x86_64-linux-gnu/libz.so.1.2.11
7f6663d5e000-7f6663f5d000 ---p 0001c000 b3:06 1050735                    /lib/x86_64-linux-gnu/libz.so.1.2.11
7f6663f5d000-7f6663f5e000 r--p 0001b000 b3:06 1050735                    /lib/x86_64-linux-gnu/libz.so.1.2.11
7f6663f5e000-7f6663f5f000 rw-p 0001c000 b3:06 1050735                    /lib/x86_64-linux-gnu/libz.so.1.2.11
7f6663f5f000-7f6664146000 r-xp 00000000 b3:06 1050561                    /lib/x86_64-linux-gnu/libc-2.27.so
7f6664146000-7f6664346000 ---p 001e7000 b3:06 1050561                    /lib/x86_64-linux-gnu/libc-2.27.so
7f6664346000-7f666434a000 r--p 001e7000 b3:06 1050561                    /lib/x86_64-linux-gnu/libc-2.27.so
7f666434a000-7f666434c000 rw-p 001eb000 b3:06 1050561                    /lib/x86_64-linux-gnu/libc-2.27.so
7f666434c000-7f6664350000 rw-p 00000000 00:00 0 
7f6664350000-7f6664360000 r-xp 00000000 b3:06 1441749                    /usr/lib/jvm/java-11-openjdk-amd64/lib/jli/libjli.so
7f6664360000-7f666455f000 ---p 00010000 b3:06 1441749                    /usr/lib/jvm/java-11-openjdk-amd64/lib/jli/libjli.so
7f666455f000-7f6664560000 r--p 0000f000 b3:06 1441749                    /usr/lib/jvm/java-11-openjdk-amd64/lib/jli/libjli.so
7f6664560000-7f6664561000 rw-p 00010000 b3:06 1441749                    /usr/lib/jvm/java-11-openjdk-amd64/lib/jli/libjli.so
7f6664561000-7f6664588000 r-xp 00000000 b3:06 1050533                    /lib/x86_64-linux-gnu/ld-2.27.so
7f6664597000-7f666466c000 rw-p 00000000 00:00 0 
7f666466c000-7f6664670000 ---p 00000000 00:00 0 
7f6664670000-7f666476f000 rw-p 00000000 00:00 0 
7f6664770000-7f6664775000 rw-p 00000000 00:00 0 
7f6664775000-7f666477c000 ---p 00000000 00:00 0 
7f666477c000-7f6664784000 rw-s 00000000 b3:06 417006                     /tmp/hsperfdata_lizandra/8108
7f6664784000-7f6664785000 ---p 00000000 00:00 0 
7f6664785000-7f6664786000 r--p 00000000 00:00 0 
7f6664786000-7f6664788000 rw-p 00000000 00:00 0 
7f6664788000-7f6664789000 r--p 00027000 b3:06 1050533                    /lib/x86_64-linux-gnu/ld-2.27.so
7f6664789000-7f666478a000 rw-p 00028000 b3:06 1050533                    /lib/x86_64-linux-gnu/ld-2.27.so
7f666478a000-7f666478b000 rw-p 00000000 00:00 0 
7fff35838000-7fff35859000 rw-p 00000000 00:00 0                          [stack]
7fff358be000-7fff358c1000 r--p 00000000 00:00 0                          [vvar]
7fff358c1000-7fff358c3000 r-xp 00000000 00:00 0                          [vdso]
ffffffffff600000-ffffffffff601000 r-xp 00000000 00:00 0                  [vsyscall]


VM Arguments:
jvm_args: -Dclassworlds.conf=/home/lizandra/Software/netbeans/java/maven/bin/m2.conf -Dmaven.home=/home/lizandra/Software/netbeans/java/maven -Dmaven.multiModuleProjectDirectory=/home/lizandra/NetBeansProjects/sistema-nutri 
java_command: org.codehaus.plexus.classworlds.launcher.Launcher -Dmaven.ext.class.path=/home/lizandra/Software/netbeans/java/maven-nblib/netbeans-eventspy.jar clean install
java_class_path (initial): /home/lizandra/Software/netbeans/java/maven/boot/plexus-classworlds-2.5.2.jar
Launcher Type: SUN_STANDARD

[Global flags]
     intx CICompilerCount                          = 2                                         {product} {ergonomic}
     uint ConcGCThreads                            = 1                                         {product} {ergonomic}
     uint G1ConcRefinementThreads                  = 2                                         {product} {ergonomic}
   size_t G1HeapRegionSize                         = 1048576                                   {product} {ergonomic}
    uintx GCDrainStackTargetSize                   = 64                                        {product} {ergonomic}
   size_t InitialHeapSize                          = 31457280                                  {product} {ergonomic}
   size_t MarkStackSize                            = 4194304                                   {product} {ergonomic}
   size_t MaxHeapSize                              = 486539264                                 {product} {ergonomic}
   size_t MaxNewSize                               = 291504128                                 {product} {ergonomic}
   size_t MinHeapDeltaBytes                        = 1048576                                   {product} {ergonomic}
    uintx NonNMethodCodeHeapSize                   = 5824844                                {pd product} {ergonomic}
    uintx NonProfiledCodeHeapSize                  = 122916698                              {pd product} {ergonomic}
    uintx ProfiledCodeHeapSize                     = 122916698                              {pd product} {ergonomic}
    uintx ReservedCodeCacheSize                    = 251658240                              {pd product} {ergonomic}
     bool SegmentedCodeCache                       = true                                      {product} {ergonomic}
     bool UseCompressedClassPointers               = true                                 {lp64_product} {ergonomic}
     bool UseCompressedOops                        = true                                 {lp64_product} {ergonomic}
     bool UseG1GC                                  = true                                      {product} {ergonomic}

Logging:
Log output configuration:
 #0: stdout all=warning uptime,level,tags
 #1: stderr all=off uptime,level,tags

Environment Variables:
JAVA_HOME=/usr/lib/jvm/java-11-openjdk-amd64
PATH=/usr/local/sbin:/usr/local/bin:/usr/sbin:/usr/bin:/sbin:/bin:/usr/games:/usr/local/games
SHELL=/bin/bash
DISPLAY=:0

Signal Handlers:
SIGSEGV: [libjvm.so+0xde5f50], sa_mask[0]=11111111011111111101111111111110, sa_flags=SA_RESTART|SA_SIGINFO
SIGBUS: [libjvm.so+0xde5f50], sa_mask[0]=11111111011111111101111111111110, sa_flags=SA_RESTART|SA_SIGINFO
SIGFPE: [libjvm.so+0xde5f50], sa_mask[0]=11111111011111111101111111111110, sa_flags=SA_RESTART|SA_SIGINFO
SIGPIPE: [libjvm.so+0xbba5b0], sa_mask[0]=11111111011111111101111111111110, sa_flags=SA_RESTART|SA_SIGINFO
SIGXFSZ: [libjvm.so+0xbba5b0], sa_mask[0]=11111111011111111101111111111110, sa_flags=SA_RESTART|SA_SIGINFO
SIGILL: [libjvm.so+0xde5f50], sa_mask[0]=11111111011111111101111111111110, sa_flags=SA_RESTART|SA_SIGINFO
SIGUSR2: [libjvm.so+0xbba450], sa_mask[0]=00100000000000000000000000000000, sa_flags=SA_RESTART|SA_SIGINFO
SIGHUP: [libjvm.so+0xbba7b0], sa_mask[0]=11111111011111111101111111111110, sa_flags=SA_RESTART|SA_SIGINFO
SIGINT: SIG_IGN, sa_mask[0]=00000000000000000000000000000000, sa_flags=none
SIGTERM: [libjvm.so+0xbba7b0], sa_mask[0]=11111111011111111101111111111110, sa_flags=SA_RESTART|SA_SIGINFO
SIGQUIT: [libjvm.so+0xbba7b0], sa_mask[0]=11111111011111111101111111111110, sa_flags=SA_RESTART|SA_SIGINFO


---------------  S Y S T E M  ---------------

OS:DISTRIB_ID=LinuxMint
DISTRIB_RELEASE=19.2
DISTRIB_CODENAME=tina
DISTRIB_DESCRIPTION="Linux Mint 19.2 Tina"
uname:Linux 4.15.0-58-generic #64-Ubuntu SMP Tue Aug 6 11:12:41 UTC 2019 x86_64
libc:glibc 2.27 NPTL 2.27 
rlimit: STACK 8192k, CORE 0k, NPROC 6965, NOFILE 1048576, AS infinity, DATA infinity, FSIZE infinity
load average:17,51 16,52 10,47

/proc/meminfo:
MemTotal:        1897592 kB
MemFree:           52044 kB
MemAvailable:       1476 kB
Buffers:             216 kB
Cached:           111428 kB
SwapCached:          348 kB
Active:          1262056 kB
Inactive:         428728 kB
Active(anon):    1254260 kB
Inactive(anon):   418180 kB
Active(file):       7796 kB
Inactive(file):    10548 kB
Unevictable:          72 kB
Mlocked:              72 kB
SwapTotal:       1301168 kB
SwapFree:              0 kB
Dirty:                28 kB
Writeback:           176 kB
AnonPages:       1579016 kB
Mapped:            35180 kB
Shmem:             93188 kB
Slab:              68804 kB
SReclaimable:      29784 kB
SUnreclaim:        39020 kB
KernelStack:       10576 kB
PageTables:        40164 kB
NFS_Unstable:          0 kB
Bounce:                0 kB
WritebackTmp:          0 kB
CommitLimit:     2249964 kB
Committed_AS:    5930024 kB
VmallocTotal:   34359738367 kB
VmallocUsed:           0 kB
VmallocChunk:          0 kB
HardwareCorrupted:     0 kB
AnonHugePages:         0 kB
ShmemHugePages:        0 kB
ShmemPmdMapped:        0 kB
CmaTotal:              0 kB
CmaFree:               0 kB
HugePages_Total:       0
HugePages_Free:        0
HugePages_Rsvd:        0
HugePages_Surp:        0
Hugepagesize:       2048 kB
DirectMap4k:      163584 kB
DirectMap2M:     1787904 kB


/proc/sys/kernel/threads-max (system-wide limit on the number of threads):
13930


/proc/sys/vm/max_map_count (maximum number of memory map areas a process may have):
65530


/proc/sys/kernel/pid_max (system-wide limit on number of process identifiers):
32768



container (cgroup) information:
container_type: cgroupv1
cpu_cpuset_cpus: 0-1
cpu_memory_nodes: 0
active_processor_count: 2
cpu_quota: -1
cpu_period: 100000
cpu_shares: -1
memory_limit_in_bytes: -1
memory_and_swap_limit_in_bytes: -2
memory_soft_limit_in_bytes: -1
memory_usage_in_bytes: 1730039808
memory_max_usage_in_bytes: 0

Steal ticks since vm start: 0
Steal ticks percentage since vm start:  0,000

CPU:total 2 (initial active 2) (2 cores per cpu, 1 threads per core) family 6 model 76 stepping 3, cmov, cx8, fxsr, mmx, sse, sse2, sse3, ssse3, sse4.1, sse4.2, popcnt, aes, clmul, erms, 3dnowpref, tsc, tscinvbit
CPU Model and flags from /proc/cpuinfo:
model name	: Intel(R) Celeron(R) CPU  N3050  @ 1.60GHz
flags		: fpu vme de pse tsc msr pae mce cx8 apic sep mtrr pge mca cmov pat pse36 clflush dts acpi mmx fxsr sse sse2 ss ht tm pbe syscall nx rdtscp lm constant_tsc arch_perfmon pebs bts rep_good nopl xtopology tsc_reliable nonstop_tsc cpuid aperfmperf tsc_known_freq pni pclmulqdq dtes64 monitor ds_cpl vmx est tm2 ssse3 cx16 xtpr pdcm sse4_1 sse4_2 movbe popcnt tsc_deadline_timer aes rdrand lahf_lm 3dnowprefetch epb pti ibrs ibpb stibp tpr_shadow vnmi flexpriority ept vpid tsc_adjust smep erms dtherm ida arat md_clear

Memory: 4k page, physical 1897592k(52284k free), swap 1301168k(0k free)

vm_info: OpenJDK 64-Bit Server VM (11.0.4+11-post-Ubuntu-1ubuntu218.04.3) for linux-amd64 JRE (11.0.4+11-post-Ubuntu-1ubuntu218.04.3), built on Jul 18 2019 18:21:46 by "buildd" with gcc 7.4.0

END.
