#
# There is insufficient memory for the Java Runtime Environment to continue.
# Native memory allocation (mmap) failed to map 52428800 bytes for committing reserved memory.
# Possible reasons:
#   The system is out of physical RAM or swap space
#   The process is running with CompressedOops enabled, and the Java Heap may be blocking the growth of the native heap
# Possible solutions:
#   Reduce memory load on the system
#   Increase physical memory or swap space
#   Check if swap backing store is full
#   Decrease Java heap size (-Xmx/-Xms)
#   Decrease number of Java threads
#   Decrease Java thread stack sizes (-Xss)
#   Set larger code cache with -XX:ReservedCodeCacheSize=
#   JVM is running with Unscaled Compressed Oops mode in which the Java heap is
#     placed in the first 4GB address space. The Java Heap base address is the
#     maximum limit for the native heap growth. Please use -XX:HeapBaseMinAddress
#     to set the Java Heap base and to place the Java Heap above 4GB virtual address.
# This output file may be truncated or incomplete.
#
#  Out of Memory Error (os_linux.cpp:2893), pid=6128, tid=6184
#
# JRE version: OpenJDK Runtime Environment (11.0.4+11) (build 11.0.4+11-post-Ubuntu-1ubuntu218.04.3)
# Java VM: OpenJDK 64-Bit Server VM (11.0.4+11-post-Ubuntu-1ubuntu218.04.3, mixed mode, sharing, tiered, compressed oops, g1 gc, linux-amd64)
# Core dump will be written. Default location: Core dumps may be processed with "/lib/systemd/systemd-coredump %P %u %g %s %t 9223372036854775808 %e" (or dumping to /home/lizandra/NetBeansProjects/sistema-nutri/core.6128)
#

---------------  S U M M A R Y ------------

Command Line: -Dclassworlds.conf=/home/lizandra/Software/netbeans/java/maven/bin/m2.conf -Dmaven.home=/home/lizandra/Software/netbeans/java/maven -Dmaven.multiModuleProjectDirectory=/home/lizandra/NetBeansProjects/sistema-nutri org.codehaus.plexus.classworlds.launcher.Launcher -Dmaven.ext.class.path=/home/lizandra/Software/netbeans/java/maven-nblib/netbeans-eventspy.jar clean install

Host: Intel(R) Celeron(R) CPU  N3050  @ 1.60GHz, 2 cores, 1G, Linux Mint 19.2 Tina
Time: Tue Dec  3 15:02:55 2019 -03 elapsed time: 285 seconds (0d 0h 4m 45s)

---------------  T H R E A D  ---------------

Current thread (0x00007fc95c085000):  VMThread "VM Thread" [stack: 0x00007fc944551000,0x00007fc944651000] [id=6184]

Stack: [0x00007fc944551000,0x00007fc944651000],  sp=0x00007fc94464eff0,  free space=1015k
Native frames: (J=compiled Java code, A=aot compiled Java code, j=interpreted, Vv=VM code, C=native code)
V  [libjvm.so+0xde4547]
V  [libjvm.so+0xde519b]
V  [libjvm.so+0x6511a5]
V  [libjvm.so+0xbbed38]
V  [libjvm.so+0xbb5ebd]
V  [libjvm.so+0x76f53f]
V  [libjvm.so+0x76f7ae]
V  [libjvm.so+0x77b820]
V  [libjvm.so+0x7f6969]
V  [libjvm.so+0x7f75c2]
V  [libjvm.so+0x7f7a29]
V  [libjvm.so+0x72de6f]
V  [libjvm.so+0x732b6a]
V  [libjvm.so+0xdf01e1]
V  [libjvm.so+0xdeeda8]
V  [libjvm.so+0xdec5e6]
V  [libjvm.so+0xdecaf0]
V  [libjvm.so+0xdecf23]
V  [libjvm.so+0xd7aeea]
V  [libjvm.so+0xbc4a5e]

VM_Operation (0x00007fc9657ca160): G1CollectForAllocation, mode: safepoint, requested by thread 0x00007fc95c012000


---------------  P R O C E S S  ---------------

Threads class SMR info:
_java_thread_list=0x00007fc95c0cedd0, length=9, elements={
0x00007fc95c012000, 0x00007fc95c088000, 0x00007fc95c08a000, 0x00007fc95c08f800,
0x00007fc95c091800, 0x00007fc95c093800, 0x00007fc95c095800, 0x00007fc95c0c4800,
0x00007fc95c0cd800
}

Java Threads: ( => current thread )
  0x00007fc95c012000 JavaThread "main" [_thread_blocked, id=6165, stack(0x00007fc9656cd000,0x00007fc9657ce000)]
  0x00007fc95c088000 JavaThread "Reference Handler" daemon [_thread_blocked, id=6188, stack(0x00007fc94444e000,0x00007fc94454f000)]
  0x00007fc95c08a000 JavaThread "Finalizer" daemon [_thread_blocked, id=6189, stack(0x00007fc94434d000,0x00007fc94444e000)]
  0x00007fc95c08f800 JavaThread "Signal Dispatcher" daemon [_thread_blocked, id=6192, stack(0x00007fc9356ff000,0x00007fc935800000)]
  0x00007fc95c091800 JavaThread "C2 CompilerThread0" daemon [_thread_blocked, id=6194, stack(0x00007fc9355fe000,0x00007fc9356ff000)]
  0x00007fc95c093800 JavaThread "C1 CompilerThread0" daemon [_thread_blocked, id=6200, stack(0x00007fc9354fd000,0x00007fc9355fe000)]
  0x00007fc95c095800 JavaThread "Sweeper thread" daemon [_thread_blocked, id=6203, stack(0x00007fc9353fc000,0x00007fc9354fd000)]
  0x00007fc95c0c4800 JavaThread "Service Thread" daemon [_thread_blocked, id=6238, stack(0x00007fc9352fb000,0x00007fc9353fc000)]
  0x00007fc95c0cd800 JavaThread "Common-Cleaner" daemon [_thread_blocked, id=6243, stack(0x00007fc9350f8000,0x00007fc9351f9000)]

Other Threads:
=>0x00007fc95c085000 VMThread "VM Thread" [stack: 0x00007fc944551000,0x00007fc944651000] [id=6184]
  0x00007fc95c0c7000 WatcherThread [stack: 0x00007fc9351fb000,0x00007fc9352fb000] [id=6240]
  0x00007fc95c028000 GCTaskThread "GC Thread#0" [stack: 0x00007fc9616c2000,0x00007fc9617c2000] [id=6172]
  0x00007fc92c001000 GCTaskThread "GC Thread#1" [stack: 0x00007fc934bd0000,0x00007fc934cd0000] [id=6311]
  0x00007fc95c037800 ConcurrentGCThread "G1 Main Marker" [stack: 0x00007fc960286000,0x00007fc960386000] [id=6173]
  0x00007fc95c039000 ConcurrentGCThread "G1 Conc#0" [stack: 0x00007fc960184000,0x00007fc960284000] [id=6175]
  0x00007fc95c05a800 ConcurrentGCThread "G1 Refine#0" [stack: 0x00007fc944755000,0x00007fc944855000] [id=6177]
  0x00007fc930001000 ConcurrentGCThread "G1 Refine#1" [stack: 0x00007fc934ace000,0x00007fc934bce000] [id=6312]
  0x00007fc95c05c800 ConcurrentGCThread "G1 Young RemSet Sampling" [stack: 0x00007fc944653000,0x00007fc944753000] [id=6178]

Threads with active compile tasks:
C2 CompilerThread04269       4       java.util.regex.Pattern$CharPropertyGreedy::match (122 bytes)

VM state:at safepoint (normal execution)

VM Mutex/Monitor currently owned by a thread:  ([mutex/lock_event])
[0x00007fc95c00e440] Threads_lock - owner thread: 0x00007fc95c085000
[0x00007fc95c00eb90] Heap_lock - owner thread: 0x00007fc95c012000

Heap address: 0x00000000e3000000, size: 464 MB, Compressed Oops mode: 32-bit
Narrow klass base: 0x0000000800000000, Narrow klass shift: 3
Compressed class space size: 1073741824 Address: 0x0000000840000000

Heap:
 garbage-first heap   total 102400K, used 25875K [0x00000000e3000000, 0x0000000100000000)
  region size 1024K, 1 young (1024K), 1 survivors (1024K)
 Metaspace       used 23781K, capacity 24563K, committed 24832K, reserved 1071104K
  class space    used 2763K, capacity 3006K, committed 3072K, reserved 1048576K
Heap Regions: E=young(eden), S=young(survivor), O=old, HS=humongous(starts), HC=humongous(continues), CS=collection set, F=free, A=archive, TAMS=top-at-mark-start (previous, next)
|   0|0x00000000e3000000, 0x00000000e3100000, 0x00000000e3100000|100%| O|  |TAMS 0x00000000e3100000, 0x00000000e3100000| Untracked 
|   1|0x00000000e3100000, 0x00000000e3200000, 0x00000000e3200000|100%| O|  |TAMS 0x00000000e3200000, 0x00000000e3200000| Untracked 
|   2|0x00000000e3200000, 0x00000000e3300000, 0x00000000e3300000|100%| O|  |TAMS 0x00000000e3300000, 0x00000000e3300000| Untracked 
|   3|0x00000000e3300000, 0x00000000e3400000, 0x00000000e3400000|100%| O|  |TAMS 0x00000000e3400000, 0x00000000e3400000| Untracked 
|   4|0x00000000e3400000, 0x00000000e3500000, 0x00000000e3500000|100%| O|  |TAMS 0x00000000e3500000, 0x00000000e3500000| Untracked 
|   5|0x00000000e3500000, 0x00000000e3600000, 0x00000000e3600000|100%| O|  |TAMS 0x00000000e3600000, 0x00000000e3600000| Untracked 
|   6|0x00000000e3600000, 0x00000000e3700000, 0x00000000e3700000|100%| O|  |TAMS 0x00000000e3700000, 0x00000000e3700000| Untracked 
|   7|0x00000000e3700000, 0x00000000e3800000, 0x00000000e3800000|100%| O|  |TAMS 0x00000000e3800000, 0x00000000e3800000| Untracked 
|   8|0x00000000e3800000, 0x00000000e3900000, 0x00000000e3900000|100%| O|  |TAMS 0x00000000e3900000, 0x00000000e3900000| Untracked 
|   9|0x00000000e3900000, 0x00000000e3a00000, 0x00000000e3a00000|100%| O|  |TAMS 0x00000000e3a00000, 0x00000000e3a00000| Untracked 
|  10|0x00000000e3a00000, 0x00000000e3b00000, 0x00000000e3b00000|100%| O|  |TAMS 0x00000000e3b00000, 0x00000000e3b00000| Untracked 
|  11|0x00000000e3b00000, 0x00000000e3c00000, 0x00000000e3c00000|100%| O|  |TAMS 0x00000000e3c00000, 0x00000000e3c00000| Untracked 
|  12|0x00000000e3c00000, 0x00000000e3d00000, 0x00000000e3d00000|100%| O|  |TAMS 0x00000000e3d00000, 0x00000000e3d00000| Untracked 
|  13|0x00000000e3d00000, 0x00000000e3e00000, 0x00000000e3e00000|100%| O|  |TAMS 0x00000000e3e00000, 0x00000000e3e00000| Untracked 
|  14|0x00000000e3e00000, 0x00000000e3f00000, 0x00000000e3f00000|100%|HS|  |TAMS 0x00000000e3e00000, 0x00000000e3f00000| Complete 
|  15|0x00000000e3f00000, 0x00000000e4000000, 0x00000000e4000000|100%| O|  |TAMS 0x00000000e3f56200, 0x00000000e4000000| Untracked 
|  16|0x00000000e4000000, 0x00000000e4100000, 0x00000000e4100000|100%| O|  |TAMS 0x00000000e4000000, 0x00000000e4100000| Untracked 
|  17|0x00000000e4100000, 0x00000000e4200000, 0x00000000e4200000|100%| O|  |TAMS 0x00000000e4100000, 0x00000000e4200000| Untracked 
|  18|0x00000000e4200000, 0x00000000e4300000, 0x00000000e4300000|100%| O|  |TAMS 0x00000000e4200000, 0x00000000e4300000| Untracked 
|  19|0x00000000e4300000, 0x00000000e4400000, 0x00000000e4400000|100%| O|  |TAMS 0x00000000e4300000, 0x00000000e4400000| Untracked 
|  20|0x00000000e4400000, 0x00000000e4497a00, 0x00000000e4500000| 59%| O|  |TAMS 0x00000000e4400000, 0x00000000e4400000| Untracked 
|  21|0x00000000e4500000, 0x00000000e4500000, 0x00000000e4600000|  0%| F|  |TAMS 0x00000000e4500000, 0x00000000e4500000| Untracked 
|  22|0x00000000e4600000, 0x00000000e4700000, 0x00000000e4700000|100%| O|  |TAMS 0x00000000e4600000, 0x00000000e4700000| Untracked 
|  23|0x00000000e4700000, 0x00000000e4800000, 0x00000000e4800000|100%| O|  |TAMS 0x00000000e4700000, 0x00000000e479c600| Untracked 
|  24|0x00000000e4800000, 0x00000000e4800000, 0x00000000e4900000|  0%| F|  |TAMS 0x00000000e4800000, 0x00000000e4800000| Untracked 
|  25|0x00000000e4900000, 0x00000000e4900000, 0x00000000e4a00000|  0%| F|  |TAMS 0x00000000e4900000, 0x00000000e4900000| Untracked 
|  26|0x00000000e4a00000, 0x00000000e4a00000, 0x00000000e4b00000|  0%| F|  |TAMS 0x00000000e4a00000, 0x00000000e4a00000| Untracked 
|  27|0x00000000e4b00000, 0x00000000e4b00000, 0x00000000e4c00000|  0%| F|  |TAMS 0x00000000e4b00000, 0x00000000e4b00000| Untracked 
|  28|0x00000000e4c00000, 0x00000000e4c00000, 0x00000000e4d00000|  0%| F|  |TAMS 0x00000000e4c00000, 0x00000000e4c00000| Untracked 
|  29|0x00000000e4d00000, 0x00000000e4d00000, 0x00000000e4e00000|  0%| F|  |TAMS 0x00000000e4d00000, 0x00000000e4d00000| Untracked 
|  30|0x00000000e4e00000, 0x00000000e4e00000, 0x00000000e4f00000|  0%| F|  |TAMS 0x00000000e4e00000, 0x00000000e4e00000| Untracked 
|  31|0x00000000e4f00000, 0x00000000e4f00000, 0x00000000e5000000|  0%| F|  |TAMS 0x00000000e4f00000, 0x00000000e4f00000| Untracked 
|  32|0x00000000e5000000, 0x00000000e5000000, 0x00000000e5100000|  0%| F|  |TAMS 0x00000000e5000000, 0x00000000e5000000| Untracked 
|  33|0x00000000e5100000, 0x00000000e5100000, 0x00000000e5200000|  0%| F|  |TAMS 0x00000000e5100000, 0x00000000e5100000| Untracked 
|  34|0x00000000e5200000, 0x00000000e5200000, 0x00000000e5300000|  0%| F|  |TAMS 0x00000000e5200000, 0x00000000e5200000| Untracked 
|  35|0x00000000e5300000, 0x00000000e5300000, 0x00000000e5400000|  0%| F|  |TAMS 0x00000000e5300000, 0x00000000e5300000| Untracked 
|  36|0x00000000e5400000, 0x00000000e5400000, 0x00000000e5500000|  0%| F|  |TAMS 0x00000000e5400000, 0x00000000e5400000| Untracked 
|  37|0x00000000e5500000, 0x00000000e5600000, 0x00000000e5600000|100%| O|  |TAMS 0x00000000e5500000, 0x00000000e5600000| Untracked 
|  38|0x00000000e5600000, 0x00000000e5700000, 0x00000000e5700000|100%| O|  |TAMS 0x00000000e5600000, 0x00000000e5700000| Untracked 
|  39|0x00000000e5700000, 0x00000000e5700000, 0x00000000e5800000|  0%| F|  |TAMS 0x00000000e5700000, 0x00000000e5700000| Untracked 
|  40|0x00000000e5800000, 0x00000000e5800000, 0x00000000e5900000|  0%| F|  |TAMS 0x00000000e5800000, 0x00000000e5800000| Untracked 
|  41|0x00000000e5900000, 0x00000000e5900000, 0x00000000e5a00000|  0%| F|  |TAMS 0x00000000e5900000, 0x00000000e5900000| Untracked 
|  42|0x00000000e5a00000, 0x00000000e5a00000, 0x00000000e5b00000|  0%| F|  |TAMS 0x00000000e5a00000, 0x00000000e5a00000| Untracked 
|  43|0x00000000e5b00000, 0x00000000e5b00000, 0x00000000e5c00000|  0%| F|  |TAMS 0x00000000e5b00000, 0x00000000e5b00000| Untracked 
|  44|0x00000000e5c00000, 0x00000000e5c00000, 0x00000000e5d00000|  0%| F|  |TAMS 0x00000000e5c00000, 0x00000000e5c00000| Untracked 
|  45|0x00000000e5d00000, 0x00000000e5d00000, 0x00000000e5e00000|  0%| F|  |TAMS 0x00000000e5d00000, 0x00000000e5d00000| Untracked 
|  46|0x00000000e5e00000, 0x00000000e5e0f278, 0x00000000e5f00000|  5%| S|CS|TAMS 0x00000000e5e00000, 0x00000000e5e00000| Complete 
|  47|0x00000000e5f00000, 0x00000000e5f00000, 0x00000000e6000000|  0%| F|  |TAMS 0x00000000e5f00000, 0x00000000e5f00000| Untracked 
| 462|0x00000000ffe00000, 0x00000000ffe34000, 0x00000000fff00000| 20%|OA|  |TAMS 0x00000000ffe34000, 0x00000000ffe34000| Untracked 
| 463|0x00000000fff00000, 0x00000000fff6a000, 0x0000000100000000| 41%|CA|  |TAMS 0x00000000fff6a000, 0x00000000fff6a000| Untracked 

Card table byte_map: [0x00007fc9612ee000,0x00007fc9613d6000] _byte_map_base: 0x00007fc960bd6000

Marking Bits (Prev, Next): (CMBitMap*) 0x00007fc95c034ac0, (CMBitMap*) 0x00007fc95c034a88
 Prev Bits: [0x00007fc960386000, 0x00007fc960ac6000)
 Next Bits: [0x00007fc960ac6000, 0x00007fc961206000)

Polling page: 0x00007fc9657e5000

Metaspace:

Usage:
  Non-class:     21,05 MB capacity,    20,53 MB ( 97%) used,   499,84 KB (  2%) free+waste,    39,12 KB ( <1%) overhead. 
      Class:      2,94 MB capacity,     2,70 MB ( 92%) used,   224,46 KB (  7%) free+waste,    18,12 KB ( <1%) overhead. 
       Both:     23,99 MB capacity,    23,22 MB ( 97%) used,   724,30 KB (  3%) free+waste,    57,25 KB ( <1%) overhead. 

Virtual space:
  Non-class space:       22,00 MB reserved,      21,25 MB ( 97%) committed 
      Class space:        1,00 GB reserved,       3,00 MB ( <1%) committed 
             Both:        1,02 GB reserved,      24,25 MB (  2%) committed 

Chunk freelists:
   Non-Class:  11,00 KB
       Class:  2,00 KB
        Both:  13,00 KB

CodeHeap 'non-profiled nmethods': size=120036Kb used=1686Kb max_used=1686Kb free=118349Kb
 bounds [0x00007fc94c41d000, 0x00007fc94c68d000, 0x00007fc953956000]
CodeHeap 'profiled nmethods': size=120032Kb used=9302Kb max_used=9302Kb free=110729Kb
 bounds [0x00007fc944ee5000, 0x00007fc945805000, 0x00007fc94c41d000]
CodeHeap 'non-nmethods': size=5692Kb used=1119Kb max_used=1164Kb free=4572Kb
 bounds [0x00007fc944956000, 0x00007fc944bc6000, 0x00007fc944ee5000]
 total_blobs=5478 nmethods=4258 adapters=360
 compilation: enabled
              stopped_count=0, restarted_count=0
 full_count=0

Compilation events (10 events):
Event: 275,196 Thread 0x00007fc95c093800 4523       1       jdk.nio.zipfs.ZipConstants::cenSigAt (8 bytes)
Event: 275,197 Thread 0x00007fc95c093800 nmethod 4523 0x00007fc94c5b5610 code [0x00007fc94c5b57c0, 0x00007fc94c5b58e8]
Event: 275,209 Thread 0x00007fc95c093800 4524       2       jdk.nio.zipfs.ZipFileSystem$IndexNode::<init> (10 bytes)
Event: 275,209 Thread 0x00007fc95c093800 nmethod 4524 0x00007fc9457fad90 code [0x00007fc9457faf40, 0x00007fc9457fb0b0]
Event: 275,211 Thread 0x00007fc95c093800 4525       3       jdk.nio.zipfs.ZipFileSystem$ParentLookup::name (43 bytes)
Event: 275,211 Thread 0x00007fc95c093800 nmethod 4525 0x00007fc9457fb190 code [0x00007fc9457fb360, 0x00007fc9457fb630]
Event: 275,214 Thread 0x00007fc95c093800 4526       3       jdk.nio.zipfs.ZipFileSystem::getParentOff (40 bytes)
Event: 275,214 Thread 0x00007fc95c093800 nmethod 4526 0x00007fc9457fb790 code [0x00007fc9457fb960, 0x00007fc9457fbc30]
Event: 282,482 Thread 0x00007fc95c091800 nmethod 4173 0x00007fc94c5b5990 code [0x00007fc94c5b5f80, 0x00007fc94c5be108]
Event: 283,732 Thread 0x00007fc95c091800 4269       4       java.util.regex.Pattern$CharPropertyGreedy::match (122 bytes)

GC Heap History (10 events):
Event: 273,938 GC heap after
{Heap after GC invocations=26 (full 0):
 garbage-first heap   total 41984K, used 24503K [0x00000000e3000000, 0x0000000100000000)
  region size 1024K, 2 young (2048K), 2 survivors (2048K)
 Metaspace       used 23720K, capacity 24495K, committed 24576K, reserved 1071104K
  class space    used 2760K, capacity 3005K, committed 3072K, reserved 1048576K
}
Event: 275,325 GC heap before
{Heap before GC invocations=26 (full 0):
 garbage-first heap   total 41984K, used 29623K [0x00000000e3000000, 0x0000000100000000)
  region size 1024K, 8 young (8192K), 2 survivors (2048K)
 Metaspace       used 23781K, capacity 24563K, committed 24832K, reserved 1071104K
  class space    used 2763K, capacity 3006K, committed 3072K, reserved 1048576K
}
Event: 275,733 GC heap after
{Heap after GC invocations=27 (full 0):
 garbage-first heap   total 51200K, used 25833K [0x00000000e3000000, 0x0000000100000000)
  region size 1024K, 1 young (1024K), 1 survivors (1024K)
 Metaspace       used 23781K, capacity 24563K, committed 24832K, reserved 1071104K
  class space    used 2763K, capacity 3006K, committed 3072K, reserved 1048576K
}
Event: 276,360 GC heap before
{Heap before GC invocations=27 (full 0):
 garbage-first heap   total 51200K, used 34025K [0x00000000e3000000, 0x0000000100000000)
  region size 1024K, 10 young (10240K), 1 survivors (1024K)
 Metaspace       used 23781K, capacity 24563K, committed 24832K, reserved 1071104K
  class space    used 2763K, capacity 3006K, committed 3072K, reserved 1048576K
}
Event: 277,530 GC heap after
{Heap after GC invocations=28 (full 0):
 garbage-first heap   total 51200K, used 25833K [0x00000000e3000000, 0x0000000100000000)
  region size 1024K, 1 young (1024K), 1 survivors (1024K)
 Metaspace       used 23781K, capacity 24563K, committed 24832K, reserved 1071104K
  class space    used 2763K, capacity 3006K, committed 3072K, reserved 1048576K
}
Event: 277,749 GC heap before
{Heap before GC invocations=28 (full 0):
 garbage-first heap   total 51200K, used 25833K [0x00000000e3000000, 0x0000000100000000)
  region size 1024K, 2 young (2048K), 1 survivors (1024K)
 Metaspace       used 23781K, capacity 24563K, committed 24832K, reserved 1071104K
  class space    used 2763K, capacity 3006K, committed 3072K, reserved 1048576K
}
Event: 278,983 GC heap after
{Heap after GC invocations=29 (full 0):
 garbage-first heap   total 51200K, used 25854K [0x00000000e3000000, 0x0000000100000000)
  region size 1024K, 1 young (1024K), 1 survivors (1024K)
 Metaspace       used 23781K, capacity 24563K, committed 24832K, reserved 1071104K
  class space    used 2763K, capacity 3006K, committed 3072K, reserved 1048576K
}
Event: 280,459 GC heap before
{Heap before GC invocations=29 (full 0):
 garbage-first heap   total 51200K, used 25854K [0x00000000e3000000, 0x0000000100000000)
  region size 1024K, 2 young (2048K), 1 survivors (1024K)
 Metaspace       used 23781K, capacity 24563K, committed 24832K, reserved 1071104K
  class space    used 2763K, capacity 3006K, committed 3072K, reserved 1048576K
}
Event: 281,868 GC heap after
{Heap after GC invocations=30 (full 0):
 garbage-first heap   total 51200K, used 25856K [0x00000000e3000000, 0x0000000100000000)
  region size 1024K, 1 young (1024K), 1 survivors (1024K)
 Metaspace       used 23781K, capacity 24563K, committed 24832K, reserved 1071104K
  class space    used 2763K, capacity 3006K, committed 3072K, reserved 1048576K
}
Event: 284,633 GC heap before
{Heap before GC invocations=30 (full 0):
 garbage-first heap   total 51200K, used 25856K [0x00000000e3000000, 0x0000000100000000)
  region size 1024K, 2 young (2048K), 1 survivors (1024K)
 Metaspace       used 23781K, capacity 24563K, committed 24832K, reserved 1071104K
  class space    used 2763K, capacity 3006K, committed 3072K, reserved 1048576K
}

Deoptimization events (10 events):
Event: 274,793 Thread 0x00007fc95c012000 Uncommon trap: trap_request=0xffffff4d fr.pc=0x00007fc94c599664 relative=0x0000000000000124
Event: 274,793 Thread 0x00007fc95c012000 Uncommon trap: reason=unstable_if action=reinterpret pc=0x00007fc94c599664 method=sun.nio.fs.UnixPath.normalizeAndCheck(Ljava/lang/String;)Ljava/lang/String; @ 61 c2
Event: 274,793 Thread 0x00007fc95c012000 DEOPT PACKING pc=0x00007fc94c599664 sp=0x00007fc9657ca790
Event: 274,793 Thread 0x00007fc95c012000 DEOPT UNPACKING pc=0x00007fc94497de1f sp=0x00007fc9657ca730 mode 2
Event: 275,029 Thread 0x00007fc95c012000 DEOPT PACKING pc=0x00007fc9457cff3e sp=0x00007fc9657ca5e0
Event: 275,029 Thread 0x00007fc95c012000 DEOPT UNPACKING pc=0x00007fc94497dc2b sp=0x00007fc9657c9a78 mode 0
Event: 275,213 Thread 0x00007fc95c012000 DEOPT PACKING pc=0x00007fc9457d13de sp=0x00007fc9657ca5b0
Event: 275,213 Thread 0x00007fc95c012000 DEOPT UNPACKING pc=0x00007fc94497dc2b sp=0x00007fc9657c9a50 mode 0
Event: 275,215 Thread 0x00007fc95c012000 DEOPT PACKING pc=0x00007fc9457d18db sp=0x00007fc9657ca600
Event: 275,215 Thread 0x00007fc95c012000 DEOPT UNPACKING pc=0x00007fc94497dc2b sp=0x00007fc9657c9ac0 mode 0

Classes redefined (0 events):
No events

Internal exceptions (10 events):
Event: 265,606 Thread 0x00007fc95c012000 Exception <a 'java/security/PrivilegedActionException'{0x00000000e5006858}> (0x00000000e5006858) thrown at [/build/openjdk-lts-7bqZff/openjdk-lts-11.0.4+11/src/hotspot/share/prims/jvm.cpp, line 1300]
Event: 265,606 Thread 0x00007fc95c012000 Exception <a 'java/security/PrivilegedActionException'{0x00000000e5006dd0}> (0x00000000e5006dd0) thrown at [/build/openjdk-lts-7bqZff/openjdk-lts-11.0.4+11/src/hotspot/share/prims/jvm.cpp, line 1300]
Event: 265,606 Thread 0x00007fc95c012000 Exception <a 'java/security/PrivilegedActionException'{0x00000000e5007eb0}> (0x00000000e5007eb0) thrown at [/build/openjdk-lts-7bqZff/openjdk-lts-11.0.4+11/src/hotspot/share/prims/jvm.cpp, line 1300]
Event: 265,607 Thread 0x00007fc95c012000 Exception <a 'java/security/PrivilegedActionException'{0x00000000e5008428}> (0x00000000e5008428) thrown at [/build/openjdk-lts-7bqZff/openjdk-lts-11.0.4+11/src/hotspot/share/prims/jvm.cpp, line 1300]
Event: 265,607 Thread 0x00007fc95c012000 Exception <a 'java/security/PrivilegedActionException'{0x00000000e5009460}> (0x00000000e5009460) thrown at [/build/openjdk-lts-7bqZff/openjdk-lts-11.0.4+11/src/hotspot/share/prims/jvm.cpp, line 1300]
Event: 265,607 Thread 0x00007fc95c012000 Exception <a 'java/security/PrivilegedActionException'{0x00000000e50099d8}> (0x00000000e50099d8) thrown at [/build/openjdk-lts-7bqZff/openjdk-lts-11.0.4+11/src/hotspot/share/prims/jvm.cpp, line 1300]
Event: 265,607 Thread 0x00007fc95c012000 Exception <a 'java/security/PrivilegedActionException'{0x00000000e500aa50}> (0x00000000e500aa50) thrown at [/build/openjdk-lts-7bqZff/openjdk-lts-11.0.4+11/src/hotspot/share/prims/jvm.cpp, line 1300]
Event: 265,607 Thread 0x00007fc95c012000 Exception <a 'java/security/PrivilegedActionException'{0x00000000e500afc8}> (0x00000000e500afc8) thrown at [/build/openjdk-lts-7bqZff/openjdk-lts-11.0.4+11/src/hotspot/share/prims/jvm.cpp, line 1300]
Event: 265,607 Thread 0x00007fc95c012000 Exception <a 'java/security/PrivilegedActionException'{0x00000000e500c088}> (0x00000000e500c088) thrown at [/build/openjdk-lts-7bqZff/openjdk-lts-11.0.4+11/src/hotspot/share/prims/jvm.cpp, line 1300]
Event: 265,607 Thread 0x00007fc95c012000 Exception <a 'java/security/PrivilegedActionException'{0x00000000e500c600}> (0x00000000e500c600) thrown at [/build/openjdk-lts-7bqZff/openjdk-lts-11.0.4+11/src/hotspot/share/prims/jvm.cpp, line 1300]

Events (10 events):
Event: 274,648 loading class com/sun/tools/javac/code/ClassFinder done
Event: 275,323 Executing VM operation: G1CollectForAllocation
Event: 275,743 Executing VM operation: G1CollectForAllocation done
Event: 276,039 Executing VM operation: G1CollectForAllocation
Event: 277,538 Executing VM operation: G1CollectForAllocation done
Event: 277,550 Executing VM operation: G1CollectForAllocation
Event: 279,026 Executing VM operation: G1CollectForAllocation done
Event: 279,036 Executing VM operation: G1CollectForAllocation
Event: 281,884 Executing VM operation: G1CollectForAllocation done
Event: 283,655 Executing VM operation: G1CollectForAllocation


Dynamic libraries:
e3000000-e6000000 rw-p 00000000 00:00 0 
e9200000-ffe00000 ---p 00000000 00:00 0 
ffe00000-ffe34000 rw-p 01116000 b3:06 1437553                            /usr/lib/jvm/java-11-openjdk-amd64/lib/server/classes.jsa
ffe34000-fff00000 rw-p 00000000 00:00 0 
fff00000-fff6a000 rw-p 010ac000 b3:06 1437553                            /usr/lib/jvm/java-11-openjdk-amd64/lib/server/classes.jsa
fff6a000-100000000 rw-p 00000000 00:00 0 
800000000-800002000 rwxp 00001000 b3:06 1437553                          /usr/lib/jvm/java-11-openjdk-amd64/lib/server/classes.jsa
800002000-8003bd000 rw-p 00003000 b3:06 1437553                          /usr/lib/jvm/java-11-openjdk-amd64/lib/server/classes.jsa
8003bd000-800a98000 r--p 003be000 b3:06 1437553                          /usr/lib/jvm/java-11-openjdk-amd64/lib/server/classes.jsa
800a98000-800a99000 rw-p 00a99000 b3:06 1437553                          /usr/lib/jvm/java-11-openjdk-amd64/lib/server/classes.jsa
800a99000-8010ab000 r--p 00a9a000 b3:06 1437553                          /usr/lib/jvm/java-11-openjdk-amd64/lib/server/classes.jsa
840000000-840300000 rw-p 00000000 00:00 0 
840300000-880000000 ---p 00000000 00:00 0 
5651855dd000-5651855de000 r-xp 00000000 b3:06 1441529                    /usr/lib/jvm/java-11-openjdk-amd64/bin/java
5651857de000-5651857df000 r--p 00001000 b3:06 1441529                    /usr/lib/jvm/java-11-openjdk-amd64/bin/java
5651857df000-5651857e0000 rw-p 00002000 b3:06 1441529                    /usr/lib/jvm/java-11-openjdk-amd64/bin/java
565187632000-565187653000 rw-p 00000000 00:00 0                          [heap]
7fc907c00000-7fc907d40000 rw-p 00000000 00:00 0 
7fc907d40000-7fc907e00000 ---p 00000000 00:00 0 
7fc907e00000-7fc908000000 rw-p 00000000 00:00 0 
7fc908000000-7fc908021000 rw-p 00000000 00:00 0 
7fc908021000-7fc90c000000 ---p 00000000 00:00 0 
7fc90c000000-7fc90c021000 rw-p 00000000 00:00 0 
7fc90c021000-7fc910000000 ---p 00000000 00:00 0 
7fc910000000-7fc91087b000 rw-p 00000000 00:00 0 
7fc91087b000-7fc914000000 ---p 00000000 00:00 0 
7fc914000000-7fc914021000 rw-p 00000000 00:00 0 
7fc914021000-7fc918000000 ---p 00000000 00:00 0 
7fc918000000-7fc918021000 rw-p 00000000 00:00 0 
7fc918021000-7fc91c000000 ---p 00000000 00:00 0 
7fc91c000000-7fc91d6f8000 rw-p 00000000 00:00 0 
7fc91d6f8000-7fc920000000 ---p 00000000 00:00 0 
7fc920000000-7fc920021000 rw-p 00000000 00:00 0 
7fc920021000-7fc924000000 ---p 00000000 00:00 0 
7fc924000000-7fc924021000 rw-p 00000000 00:00 0 
7fc924021000-7fc928000000 ---p 00000000 00:00 0 
7fc928000000-7fc928021000 rw-p 00000000 00:00 0 
7fc928021000-7fc92c000000 ---p 00000000 00:00 0 
7fc92c000000-7fc92c061000 rw-p 00000000 00:00 0 
7fc92c061000-7fc930000000 ---p 00000000 00:00 0 
7fc930000000-7fc930021000 rw-p 00000000 00:00 0 
7fc930021000-7fc934000000 ---p 00000000 00:00 0 
7fc9340cc000-7fc9342cc000 rw-p 00000000 00:00 0 
7fc9342cc000-7fc9344cc000 rw-p 00000000 00:00 0 
7fc9344cc000-7fc9346cc000 rw-p 00000000 00:00 0 
7fc9346cc000-7fc9348cc000 rw-p 00000000 00:00 0 
7fc9348cc000-7fc934acc000 rw-p 00000000 00:00 0 
7fc934acc000-7fc934acd000 ---p 00000000 00:00 0 
7fc934acd000-7fc934bce000 rw-p 00000000 00:00 0 
7fc934bce000-7fc934bcf000 ---p 00000000 00:00 0 
7fc934bcf000-7fc934cd0000 rw-p 00000000 00:00 0 
7fc934cd0000-7fc934ce6000 r-xp 00000000 b3:06 1441803                    /usr/lib/jvm/java-11-openjdk-amd64/lib/libnet.so
7fc934ce6000-7fc934ee5000 ---p 00016000 b3:06 1441803                    /usr/lib/jvm/java-11-openjdk-amd64/lib/libnet.so
7fc934ee5000-7fc934ee6000 r--p 00015000 b3:06 1441803                    /usr/lib/jvm/java-11-openjdk-amd64/lib/libnet.so
7fc934ee6000-7fc934ee7000 rw-p 00016000 b3:06 1441803                    /usr/lib/jvm/java-11-openjdk-amd64/lib/libnet.so
7fc934ee7000-7fc934ef7000 r-xp 00000000 b3:06 1441805                    /usr/lib/jvm/java-11-openjdk-amd64/lib/libnio.so
7fc934ef7000-7fc9350f6000 ---p 00010000 b3:06 1441805                    /usr/lib/jvm/java-11-openjdk-amd64/lib/libnio.so
7fc9350f6000-7fc9350f7000 r--p 0000f000 b3:06 1441805                    /usr/lib/jvm/java-11-openjdk-amd64/lib/libnio.so
7fc9350f7000-7fc9350f8000 rw-p 00010000 b3:06 1441805                    /usr/lib/jvm/java-11-openjdk-amd64/lib/libnio.so
7fc9350f8000-7fc9350fc000 ---p 00000000 00:00 0 
7fc9350fc000-7fc9351f9000 rw-p 00000000 00:00 0 
7fc9351f9000-7fc9351fa000 ---p 00000000 00:00 0 
7fc9351fa000-7fc9352fb000 rw-p 00000000 00:00 0 
7fc9352fb000-7fc9352ff000 ---p 00000000 00:00 0 
7fc9352ff000-7fc9353fc000 rw-p 00000000 00:00 0 
7fc9353fc000-7fc935400000 ---p 00000000 00:00 0 
7fc935400000-7fc9354fd000 rw-p 00000000 00:00 0 
7fc9354fd000-7fc935501000 ---p 00000000 00:00 0 
7fc935501000-7fc9355fe000 rw-p 00000000 00:00 0 
7fc9355fe000-7fc935602000 ---p 00000000 00:00 0 
7fc935602000-7fc9356ff000 rw-p 00000000 00:00 0 
7fc9356ff000-7fc935703000 ---p 00000000 00:00 0 
7fc935703000-7fc938000000 rw-p 00000000 00:00 0 
7fc938000000-7fc938021000 rw-p 00000000 00:00 0 
7fc938021000-7fc93c000000 ---p 00000000 00:00 0 
7fc93c000000-7fc93c021000 rw-p 00000000 00:00 0 
7fc93c021000-7fc940000000 ---p 00000000 00:00 0 
7fc940000000-7fc940021000 rw-p 00000000 00:00 0 
7fc940021000-7fc944000000 ---p 00000000 00:00 0 
7fc94403d000-7fc94406e000 rw-p 00000000 00:00 0 
7fc94406e000-7fc94434d000 r--p 00000000 b3:06 1443645                    /usr/lib/locale/locale-archive
7fc94434d000-7fc944351000 ---p 00000000 00:00 0 
7fc944351000-7fc94444e000 rw-p 00000000 00:00 0 
7fc94444e000-7fc944452000 ---p 00000000 00:00 0 
7fc944452000-7fc94454f000 rw-p 00000000 00:00 0 
7fc94454f000-7fc944550000 ---p 00000000 00:00 0 
7fc944550000-7fc944651000 rw-p 00000000 00:00 0 
7fc944651000-7fc944652000 ---p 00000000 00:00 0 
7fc944652000-7fc944753000 rw-p 00000000 00:00 0 
7fc944753000-7fc944754000 ---p 00000000 00:00 0 
7fc944754000-7fc944956000 rw-p 00000000 00:00 0 
7fc944956000-7fc944bc6000 rwxp 00000000 00:00 0 
7fc944bc6000-7fc944ee5000 ---p 00000000 00:00 0 
7fc944ee5000-7fc945805000 rwxp 00000000 00:00 0 
7fc945805000-7fc94c41d000 ---p 00000000 00:00 0 
7fc94c41d000-7fc94c68d000 rwxp 00000000 00:00 0 
7fc94c68d000-7fc953956000 ---p 00000000 00:00 0 
7fc953956000-7fc95c000000 r--s 00000000 b3:06 1441815                    /usr/lib/jvm/java-11-openjdk-amd64/lib/modules
7fc95c000000-7fc95d491000 rw-p 00000000 00:00 0 
7fc95d491000-7fc960000000 ---p 00000000 00:00 0 
7fc960000000-7fc960182000 rw-p 00000000 00:00 0 
7fc960182000-7fc960183000 ---p 00000000 00:00 0 
7fc960183000-7fc960284000 rw-p 00000000 00:00 0 
7fc960284000-7fc960285000 ---p 00000000 00:00 0 
7fc960285000-7fc960446000 rw-p 00000000 00:00 0 
7fc960446000-7fc960abe000 ---p 00000000 00:00 0 
7fc960abe000-7fc960b86000 rw-p 00000000 00:00 0 
7fc960b86000-7fc9611fe000 ---p 00000000 00:00 0 
7fc9611fe000-7fc96121e000 rw-p 00000000 00:00 0 
7fc96121e000-7fc9612ed000 ---p 00000000 00:00 0 
7fc9612ed000-7fc961306000 rw-p 00000000 00:00 0 
7fc961306000-7fc9613d5000 ---p 00000000 00:00 0 
7fc9613d5000-7fc9613ee000 rw-p 00000000 00:00 0 
7fc9613ee000-7fc9614bd000 ---p 00000000 00:00 0 
7fc9614bd000-7fc9616c0000 rw-p 00000000 00:00 0 
7fc9616c0000-7fc9616c1000 ---p 00000000 00:00 0 
7fc9616c1000-7fc9617c7000 rw-p 00000000 00:00 0 
7fc9617c7000-7fc9618ad000 ---p 00000000 00:00 0 
7fc9618ad000-7fc9618c0000 rw-p 00000000 00:00 0 
7fc9618c0000-7fc961998000 ---p 00000000 00:00 0 
7fc961998000-7fc96199d000 r-xp 00000000 b3:06 1441785                    /usr/lib/jvm/java-11-openjdk-amd64/lib/libjimage.so
7fc96199d000-7fc961b9c000 ---p 00005000 b3:06 1441785                    /usr/lib/jvm/java-11-openjdk-amd64/lib/libjimage.so
7fc961b9c000-7fc961b9d000 r--p 00004000 b3:06 1441785                    /usr/lib/jvm/java-11-openjdk-amd64/lib/libjimage.so
7fc961b9d000-7fc961b9e000 rw-p 00005000 b3:06 1441785                    /usr/lib/jvm/java-11-openjdk-amd64/lib/libjimage.so
7fc961b9e000-7fc961ba5000 r-xp 00000000 b3:06 1441814                    /usr/lib/jvm/java-11-openjdk-amd64/lib/libzip.so
7fc961ba5000-7fc961da4000 ---p 00007000 b3:06 1441814                    /usr/lib/jvm/java-11-openjdk-amd64/lib/libzip.so
7fc961da4000-7fc961da5000 r--p 00006000 b3:06 1441814                    /usr/lib/jvm/java-11-openjdk-amd64/lib/libzip.so
7fc961da5000-7fc961da6000 rw-p 00007000 b3:06 1441814                    /usr/lib/jvm/java-11-openjdk-amd64/lib/libzip.so
7fc961da6000-7fc961db1000 r-xp 00000000 b3:06 1050651                    /lib/x86_64-linux-gnu/libnss_files-2.27.so
7fc961db1000-7fc961fb0000 ---p 0000b000 b3:06 1050651                    /lib/x86_64-linux-gnu/libnss_files-2.27.so
7fc961fb0000-7fc961fb1000 r--p 0000a000 b3:06 1050651                    /lib/x86_64-linux-gnu/libnss_files-2.27.so
7fc961fb1000-7fc961fb2000 rw-p 0000b000 b3:06 1050651                    /lib/x86_64-linux-gnu/libnss_files-2.27.so
7fc961fb2000-7fc961fb8000 rw-p 00000000 00:00 0 
7fc961fb8000-7fc961fcf000 r-xp 00000000 b3:06 1050645                    /lib/x86_64-linux-gnu/libnsl-2.27.so
7fc961fcf000-7fc9621ce000 ---p 00017000 b3:06 1050645                    /lib/x86_64-linux-gnu/libnsl-2.27.so
7fc9621ce000-7fc9621cf000 r--p 00016000 b3:06 1050645                    /lib/x86_64-linux-gnu/libnsl-2.27.so
7fc9621cf000-7fc9621d0000 rw-p 00017000 b3:06 1050645                    /lib/x86_64-linux-gnu/libnsl-2.27.so
7fc9621d0000-7fc9621d2000 rw-p 00000000 00:00 0 
7fc9621d2000-7fc9621dd000 r-xp 00000000 b3:06 1050662                    /lib/x86_64-linux-gnu/libnss_nis-2.27.so
7fc9621dd000-7fc9623dc000 ---p 0000b000 b3:06 1050662                    /lib/x86_64-linux-gnu/libnss_nis-2.27.so
7fc9623dc000-7fc9623dd000 r--p 0000a000 b3:06 1050662                    /lib/x86_64-linux-gnu/libnss_nis-2.27.so
7fc9623dd000-7fc9623de000 rw-p 0000b000 b3:06 1050662                    /lib/x86_64-linux-gnu/libnss_nis-2.27.so
7fc9623de000-7fc9623e6000 r-xp 00000000 b3:06 1050647                    /lib/x86_64-linux-gnu/libnss_compat-2.27.so
7fc9623e6000-7fc9625e6000 ---p 00008000 b3:06 1050647                    /lib/x86_64-linux-gnu/libnss_compat-2.27.so
7fc9625e6000-7fc9625e7000 r--p 00008000 b3:06 1050647                    /lib/x86_64-linux-gnu/libnss_compat-2.27.so
7fc9625e7000-7fc9625e8000 rw-p 00009000 b3:06 1050647                    /lib/x86_64-linux-gnu/libnss_compat-2.27.so
7fc9625e8000-7fc962611000 r-xp 00000000 b3:06 1441777                    /usr/lib/jvm/java-11-openjdk-amd64/lib/libjava.so
7fc962611000-7fc962810000 ---p 00029000 b3:06 1441777                    /usr/lib/jvm/java-11-openjdk-amd64/lib/libjava.so
7fc962810000-7fc962811000 r--p 00028000 b3:06 1441777                    /usr/lib/jvm/java-11-openjdk-amd64/lib/libjava.so
7fc962811000-7fc962813000 rw-p 00029000 b3:06 1441777                    /usr/lib/jvm/java-11-openjdk-amd64/lib/libjava.so
7fc962813000-7fc962820000 r-xp 00000000 b3:06 1441812                    /usr/lib/jvm/java-11-openjdk-amd64/lib/libverify.so
7fc962820000-7fc962a1f000 ---p 0000d000 b3:06 1441812                    /usr/lib/jvm/java-11-openjdk-amd64/lib/libverify.so
7fc962a1f000-7fc962a21000 r--p 0000c000 b3:06 1441812                    /usr/lib/jvm/java-11-openjdk-amd64/lib/libverify.so
7fc962a21000-7fc962a22000 rw-p 0000e000 b3:06 1441812                    /usr/lib/jvm/java-11-openjdk-amd64/lib/libverify.so
7fc962a22000-7fc962a29000 r-xp 00000000 b3:06 1050702                    /lib/x86_64-linux-gnu/librt-2.27.so
7fc962a29000-7fc962c28000 ---p 00007000 b3:06 1050702                    /lib/x86_64-linux-gnu/librt-2.27.so
7fc962c28000-7fc962c29000 r--p 00006000 b3:06 1050702                    /lib/x86_64-linux-gnu/librt-2.27.so
7fc962c29000-7fc962c2a000 rw-p 00007000 b3:06 1050702                    /lib/x86_64-linux-gnu/librt-2.27.so
7fc962c2a000-7fc962c41000 r-xp 00000000 b3:06 1050598                    /lib/x86_64-linux-gnu/libgcc_s.so.1
7fc962c41000-7fc962e40000 ---p 00017000 b3:06 1050598                    /lib/x86_64-linux-gnu/libgcc_s.so.1
7fc962e40000-7fc962e41000 r--p 00016000 b3:06 1050598                    /lib/x86_64-linux-gnu/libgcc_s.so.1
7fc962e41000-7fc962e42000 rw-p 00017000 b3:06 1050598                    /lib/x86_64-linux-gnu/libgcc_s.so.1
7fc962e42000-7fc962fdf000 r-xp 00000000 b3:06 1050624                    /lib/x86_64-linux-gnu/libm-2.27.so
7fc962fdf000-7fc9631de000 ---p 0019d000 b3:06 1050624                    /lib/x86_64-linux-gnu/libm-2.27.so
7fc9631de000-7fc9631df000 r--p 0019c000 b3:06 1050624                    /lib/x86_64-linux-gnu/libm-2.27.so
7fc9631df000-7fc9631e0000 rw-p 0019d000 b3:06 1050624                    /lib/x86_64-linux-gnu/libm-2.27.so
7fc9631e0000-7fc963359000 r-xp 00000000 b3:06 1446455                    /usr/lib/x86_64-linux-gnu/libstdc++.so.6.0.25
7fc963359000-7fc963559000 ---p 00179000 b3:06 1446455                    /usr/lib/x86_64-linux-gnu/libstdc++.so.6.0.25
7fc963559000-7fc963563000 r--p 00179000 b3:06 1446455                    /usr/lib/x86_64-linux-gnu/libstdc++.so.6.0.25
7fc963563000-7fc963565000 rw-p 00183000 b3:06 1446455                    /usr/lib/x86_64-linux-gnu/libstdc++.so.6.0.25
7fc963565000-7fc963569000 rw-p 00000000 00:00 0 
7fc963569000-7fc964635000 r-xp 00000000 b3:06 1441824                    /usr/lib/jvm/java-11-openjdk-amd64/lib/server/libjvm.so
7fc964635000-7fc964834000 ---p 010cc000 b3:06 1441824                    /usr/lib/jvm/java-11-openjdk-amd64/lib/server/libjvm.so
7fc964834000-7fc9648f1000 r--p 010cb000 b3:06 1441824                    /usr/lib/jvm/java-11-openjdk-amd64/lib/server/libjvm.so
7fc9648f1000-7fc96492a000 rw-p 01188000 b3:06 1441824                    /usr/lib/jvm/java-11-openjdk-amd64/lib/server/libjvm.so
7fc96492a000-7fc964980000 rw-p 00000000 00:00 0 
7fc964980000-7fc96499a000 r-xp 00000000 b3:06 1050694                    /lib/x86_64-linux-gnu/libpthread-2.27.so
7fc96499a000-7fc964b99000 ---p 0001a000 b3:06 1050694                    /lib/x86_64-linux-gnu/libpthread-2.27.so
7fc964b99000-7fc964b9a000 r--p 00019000 b3:06 1050694                    /lib/x86_64-linux-gnu/libpthread-2.27.so
7fc964b9a000-7fc964b9b000 rw-p 0001a000 b3:06 1050694                    /lib/x86_64-linux-gnu/libpthread-2.27.so
7fc964b9b000-7fc964b9f000 rw-p 00000000 00:00 0 
7fc964b9f000-7fc964ba2000 r-xp 00000000 b3:06 1050584                    /lib/x86_64-linux-gnu/libdl-2.27.so
7fc964ba2000-7fc964da1000 ---p 00003000 b3:06 1050584                    /lib/x86_64-linux-gnu/libdl-2.27.so
7fc964da1000-7fc964da2000 r--p 00002000 b3:06 1050584                    /lib/x86_64-linux-gnu/libdl-2.27.so
7fc964da2000-7fc964da3000 rw-p 00003000 b3:06 1050584                    /lib/x86_64-linux-gnu/libdl-2.27.so
7fc964da3000-7fc964dbf000 r-xp 00000000 b3:06 1050735                    /lib/x86_64-linux-gnu/libz.so.1.2.11
7fc964dbf000-7fc964fbe000 ---p 0001c000 b3:06 1050735                    /lib/x86_64-linux-gnu/libz.so.1.2.11
7fc964fbe000-7fc964fbf000 r--p 0001b000 b3:06 1050735                    /lib/x86_64-linux-gnu/libz.so.1.2.11
7fc964fbf000-7fc964fc0000 rw-p 0001c000 b3:06 1050735                    /lib/x86_64-linux-gnu/libz.so.1.2.11
7fc964fc0000-7fc9651a7000 r-xp 00000000 b3:06 1050561                    /lib/x86_64-linux-gnu/libc-2.27.so
7fc9651a7000-7fc9653a7000 ---p 001e7000 b3:06 1050561                    /lib/x86_64-linux-gnu/libc-2.27.so
7fc9653a7000-7fc9653ab000 r--p 001e7000 b3:06 1050561                    /lib/x86_64-linux-gnu/libc-2.27.so
7fc9653ab000-7fc9653ad000 rw-p 001eb000 b3:06 1050561                    /lib/x86_64-linux-gnu/libc-2.27.so
7fc9653ad000-7fc9653b1000 rw-p 00000000 00:00 0 
7fc9653b1000-7fc9653c1000 r-xp 00000000 b3:06 1441749                    /usr/lib/jvm/java-11-openjdk-amd64/lib/jli/libjli.so
7fc9653c1000-7fc9655c0000 ---p 00010000 b3:06 1441749                    /usr/lib/jvm/java-11-openjdk-amd64/lib/jli/libjli.so
7fc9655c0000-7fc9655c1000 r--p 0000f000 b3:06 1441749                    /usr/lib/jvm/java-11-openjdk-amd64/lib/jli/libjli.so
7fc9655c1000-7fc9655c2000 rw-p 00010000 b3:06 1441749                    /usr/lib/jvm/java-11-openjdk-amd64/lib/jli/libjli.so
7fc9655c2000-7fc9655e9000 r-xp 00000000 b3:06 1050533                    /lib/x86_64-linux-gnu/ld-2.27.so
7fc9655f8000-7fc9656cd000 rw-p 00000000 00:00 0 
7fc9656cd000-7fc9656d1000 ---p 00000000 00:00 0 
7fc9656d1000-7fc9657d0000 rw-p 00000000 00:00 0 
7fc9657d1000-7fc9657d6000 rw-p 00000000 00:00 0 
7fc9657d6000-7fc9657dd000 ---p 00000000 00:00 0 
7fc9657dd000-7fc9657e5000 rw-s 00000000 b3:06 415777                     /tmp/hsperfdata_lizandra/6128
7fc9657e5000-7fc9657e6000 ---p 00000000 00:00 0 
7fc9657e6000-7fc9657e7000 r--p 00000000 00:00 0 
7fc9657e7000-7fc9657e9000 rw-p 00000000 00:00 0 
7fc9657e9000-7fc9657ea000 r--p 00027000 b3:06 1050533                    /lib/x86_64-linux-gnu/ld-2.27.so
7fc9657ea000-7fc9657eb000 rw-p 00028000 b3:06 1050533                    /lib/x86_64-linux-gnu/ld-2.27.so
7fc9657eb000-7fc9657ec000 rw-p 00000000 00:00 0 
7ffc47ea2000-7ffc47ec3000 rw-p 00000000 00:00 0                          [stack]
7ffc47fdb000-7ffc47fde000 r--p 00000000 00:00 0                          [vvar]
7ffc47fde000-7ffc47fe0000 r-xp 00000000 00:00 0                          [vdso]
ffffffffff600000-ffffffffff601000 r-xp 00000000 00:00 0                  [vsyscall]


VM Arguments:
jvm_args: -Dclassworlds.conf=/home/lizandra/Software/netbeans/java/maven/bin/m2.conf -Dmaven.home=/home/lizandra/Software/netbeans/java/maven -Dmaven.multiModuleProjectDirectory=/home/lizandra/NetBeansProjects/sistema-nutri 
java_command: org.codehaus.plexus.classworlds.launcher.Launcher -Dmaven.ext.class.path=/home/lizandra/Software/netbeans/java/maven-nblib/netbeans-eventspy.jar clean install
java_class_path (initial): /home/lizandra/Software/netbeans/java/maven/boot/plexus-classworlds-2.5.2.jar
Launcher Type: SUN_STANDARD

[Global flags]
     intx CICompilerCount                          = 2                                         {product} {ergonomic}
     uint ConcGCThreads                            = 1                                         {product} {ergonomic}
     uint G1ConcRefinementThreads                  = 2                                         {product} {ergonomic}
   size_t G1HeapRegionSize                         = 1048576                                   {product} {ergonomic}
    uintx GCDrainStackTargetSize                   = 64                                        {product} {ergonomic}
   size_t InitialHeapSize                          = 31457280                                  {product} {ergonomic}
   size_t MarkStackSize                            = 4194304                                   {product} {ergonomic}
   size_t MaxHeapSize                              = 486539264                                 {product} {ergonomic}
   size_t MaxNewSize                               = 291504128                                 {product} {ergonomic}
   size_t MinHeapDeltaBytes                        = 1048576                                   {product} {ergonomic}
    uintx NonNMethodCodeHeapSize                   = 5824844                                {pd product} {ergonomic}
    uintx NonProfiledCodeHeapSize                  = 122916698                              {pd product} {ergonomic}
    uintx ProfiledCodeHeapSize                     = 122916698                              {pd product} {ergonomic}
    uintx ReservedCodeCacheSize                    = 251658240                              {pd product} {ergonomic}
     bool SegmentedCodeCache                       = true                                      {product} {ergonomic}
     bool UseCompressedClassPointers               = true                                 {lp64_product} {ergonomic}
     bool UseCompressedOops                        = true                                 {lp64_product} {ergonomic}
     bool UseG1GC                                  = true                                      {product} {ergonomic}

Logging:
Log output configuration:
 #0: stdout all=warning uptime,level,tags
 #1: stderr all=off uptime,level,tags

Environment Variables:
JAVA_HOME=/usr/lib/jvm/java-11-openjdk-amd64
PATH=/usr/local/sbin:/usr/local/bin:/usr/sbin:/usr/bin:/sbin:/bin:/usr/games:/usr/local/games
SHELL=/bin/bash
DISPLAY=:0

Signal Handlers:
SIGSEGV: [libjvm.so+0xde5f50], sa_mask[0]=11111111011111111101111111111110, sa_flags=SA_RESTART|SA_SIGINFO
SIGBUS: [libjvm.so+0xde5f50], sa_mask[0]=11111111011111111101111111111110, sa_flags=SA_RESTART|SA_SIGINFO
SIGFPE: [libjvm.so+0xde5f50], sa_mask[0]=11111111011111111101111111111110, sa_flags=SA_RESTART|SA_SIGINFO
SIGPIPE: [libjvm.so+0xbba5b0], sa_mask[0]=11111111011111111101111111111110, sa_flags=SA_RESTART|SA_SIGINFO
SIGXFSZ: [libjvm.so+0xbba5b0], sa_mask[0]=11111111011111111101111111111110, sa_flags=SA_RESTART|SA_SIGINFO
SIGILL: [libjvm.so+0xde5f50], sa_mask[0]=11111111011111111101111111111110, sa_flags=SA_RESTART|SA_SIGINFO
SIGUSR2: [libjvm.so+0xbba450], sa_mask[0]=00100000000000000000000000000000, sa_flags=SA_RESTART|SA_SIGINFO
SIGHUP: [libjvm.so+0xbba7b0], sa_mask[0]=11111111011111111101111111111110, sa_flags=SA_RESTART|SA_SIGINFO
SIGINT: SIG_IGN, sa_mask[0]=00000000000000000000000000000000, sa_flags=none
SIGTERM: [libjvm.so+0xbba7b0], sa_mask[0]=11111111011111111101111111111110, sa_flags=SA_RESTART|SA_SIGINFO
SIGQUIT: [libjvm.so+0xbba7b0], sa_mask[0]=11111111011111111101111111111110, sa_flags=SA_RESTART|SA_SIGINFO


---------------  S Y S T E M  ---------------

OS:DISTRIB_ID=LinuxMint
DISTRIB_RELEASE=19.2
DISTRIB_CODENAME=tina
DISTRIB_DESCRIPTION="Linux Mint 19.2 Tina"
uname:Linux 4.15.0-58-generic #64-Ubuntu SMP Tue Aug 6 11:12:41 UTC 2019 x86_64
libc:glibc 2.27 NPTL 2.27 
rlimit: STACK 8192k, CORE 0k, NPROC 6965, NOFILE 1048576, AS infinity, DATA infinity, FSIZE infinity
load average:22,82 14,65 7,14

/proc/meminfo:
MemTotal:        1897592 kB
MemFree:           65224 kB
MemAvailable:      11284 kB
Buffers:             436 kB
Cached:            97388 kB
SwapCached:          692 kB
Active:          1248788 kB
Inactive:         422664 kB
Active(anon):    1245204 kB
Inactive(anon):   415160 kB
Active(file):       3584 kB
Inactive(file):     7504 kB
Unevictable:          48 kB
Mlocked:              48 kB
SwapTotal:       1301168 kB
SwapFree:            664 kB
Dirty:               120 kB
Writeback:           152 kB
AnonPages:       1573072 kB
Mapped:            20380 kB
Shmem:             86584 kB
Slab:              70236 kB
SReclaimable:      30296 kB
SUnreclaim:        39940 kB
KernelStack:       11936 kB
PageTables:        43040 kB
NFS_Unstable:          0 kB
Bounce:                0 kB
WritebackTmp:          0 kB
CommitLimit:     2249964 kB
Committed_AS:    6541008 kB
VmallocTotal:   34359738367 kB
VmallocUsed:           0 kB
VmallocChunk:          0 kB
HardwareCorrupted:     0 kB
AnonHugePages:         0 kB
ShmemHugePages:        0 kB
ShmemPmdMapped:        0 kB
CmaTotal:              0 kB
CmaFree:               0 kB
HugePages_Total:       0
HugePages_Free:        0
HugePages_Rsvd:        0
HugePages_Surp:        0
Hugepagesize:       2048 kB
DirectMap4k:      147200 kB
DirectMap2M:     1804288 kB


/proc/sys/kernel/threads-max (system-wide limit on the number of threads):
13930


/proc/sys/vm/max_map_count (maximum number of memory map areas a process may have):
65530


/proc/sys/kernel/pid_max (system-wide limit on number of process identifiers):
32768



container (cgroup) information:
container_type: cgroupv1
cpu_cpuset_cpus: 0-1
cpu_memory_nodes: 0
active_processor_count: 2
cpu_quota: -1
cpu_period: 100000
cpu_shares: -1
memory_limit_in_bytes: -1
memory_and_swap_limit_in_bytes: -2
memory_soft_limit_in_bytes: -1
memory_usage_in_bytes: 1712435200
memory_max_usage_in_bytes: 0

Steal ticks since vm start: 0
Steal ticks percentage since vm start:  0,000

CPU:total 2 (initial active 2) (2 cores per cpu, 1 threads per core) family 6 model 76 stepping 3, cmov, cx8, fxsr, mmx, sse, sse2, sse3, ssse3, sse4.1, sse4.2, popcnt, aes, clmul, erms, 3dnowpref, tsc, tscinvbit
CPU Model and flags from /proc/cpuinfo:
model name	: Intel(R) Celeron(R) CPU  N3050  @ 1.60GHz
flags		: fpu vme de pse tsc msr pae mce cx8 apic sep mtrr pge mca cmov pat pse36 clflush dts acpi mmx fxsr sse sse2 ss ht tm pbe syscall nx rdtscp lm constant_tsc arch_perfmon pebs bts rep_good nopl xtopology tsc_reliable nonstop_tsc cpuid aperfmperf tsc_known_freq pni pclmulqdq dtes64 monitor ds_cpl vmx est tm2 ssse3 cx16 xtpr pdcm sse4_1 sse4_2 movbe popcnt tsc_deadline_timer aes rdrand lahf_lm 3dnowprefetch epb pti ibrs ibpb stibp tpr_shadow vnmi flexpriority ept vpid tsc_adjust smep erms dtherm ida arat md_clear

Memory: 4k page, physical 1897592k(63764k free), swap 1301168k(720k free)

vm_info: OpenJDK 64-Bit Server VM (11.0.4+11-post-Ubuntu-1ubuntu218.04.3) for linux-amd64 JRE (11.0.4+11-post-Ubuntu-1ubuntu218.04.3), built on Jul 18 2019 18:21:46 by "buildd" with gcc 7.4.0

END.
