#
# There is insufficient memory for the Java Runtime Environment to continue.
# Native memory allocation (mmap) failed to map 123731968 bytes for committing reserved memory.
# Possible reasons:
#   The system is out of physical RAM or swap space
#   The process is running with CompressedOops enabled, and the Java Heap may be blocking the growth of the native heap
# Possible solutions:
#   Reduce memory load on the system
#   Increase physical memory or swap space
#   Check if swap backing store is full
#   Decrease Java heap size (-Xmx/-Xms)
#   Decrease number of Java threads
#   Decrease Java thread stack sizes (-Xss)
#   Set larger code cache with -XX:ReservedCodeCacheSize=
#   JVM is running with Unscaled Compressed Oops mode in which the Java heap is
#     placed in the first 4GB address space. The Java Heap base address is the
#     maximum limit for the native heap growth. Please use -XX:HeapBaseMinAddress
#     to set the Java Heap base and to place the Java Heap above 4GB virtual address.
# This output file may be truncated or incomplete.
#
#  Out of Memory Error (os_linux.cpp:2893), pid=3922, tid=3959
#
# JRE version: OpenJDK Runtime Environment (11.0.4+11) (build 11.0.4+11-post-Ubuntu-1ubuntu218.04.3)
# Java VM: OpenJDK 64-Bit Server VM (11.0.4+11-post-Ubuntu-1ubuntu218.04.3, mixed mode, sharing, tiered, compressed oops, g1 gc, linux-amd64)
# Core dump will be written. Default location: Core dumps may be processed with "/lib/systemd/systemd-coredump %P %u %g %s %t 9223372036854775808 %e" (or dumping to /home/lizandra/NetBeansProjects/sistema-nutri/core.3922)
#

---------------  S U M M A R Y ------------

Command Line: -Dclassworlds.conf=/home/lizandra/Software/netbeans/java/maven/bin/m2.conf -Dmaven.home=/home/lizandra/Software/netbeans/java/maven -Dmaven.multiModuleProjectDirectory=/home/lizandra/NetBeansProjects/sistema-nutri org.codehaus.plexus.classworlds.launcher.Launcher -Dmaven.ext.class.path=/home/lizandra/Software/netbeans/java/maven-nblib/netbeans-eventspy.jar clean install

Host: Intel(R) Celeron(R) CPU  N3050  @ 1.60GHz, 2 cores, 1G, Linux Mint 19.2 Tina
Time: Wed Oct  9 16:20:24 2019 -03 elapsed time: 125 seconds (0d 0h 2m 5s)

---------------  T H R E A D  ---------------

Current thread (0x00007f6784085000):  VMThread "VM Thread" [stack: 0x00007f676467c000,0x00007f676477c000] [id=3959]

Stack: [0x00007f676467c000,0x00007f676477c000],  sp=0x00007f6764779ff0,  free space=1015k
Native frames: (J=compiled Java code, A=aot compiled Java code, j=interpreted, Vv=VM code, C=native code)
V  [libjvm.so+0xde4547]
V  [libjvm.so+0xde519b]
V  [libjvm.so+0x6511a5]
V  [libjvm.so+0xbbed38]
V  [libjvm.so+0xbb5ebd]
V  [libjvm.so+0x76f53f]
V  [libjvm.so+0x76f7ae]
V  [libjvm.so+0x77b820]
V  [libjvm.so+0x7f6969]
V  [libjvm.so+0x7f75c2]
V  [libjvm.so+0x7f7a29]
V  [libjvm.so+0x72de6f]
V  [libjvm.so+0x732b6a]
V  [libjvm.so+0xdf01e1]
V  [libjvm.so+0xdeeda8]
V  [libjvm.so+0xdec5e6]
V  [libjvm.so+0xdecaf0]
V  [libjvm.so+0xdecf23]
V  [libjvm.so+0xd7aeea]
V  [libjvm.so+0xbc4a5e]

VM_Operation (0x00007f678c168f70): G1CollectForAllocation, mode: safepoint, requested by thread 0x00007f6784012000


---------------  P R O C E S S  ---------------

Threads class SMR info:
_java_thread_list=0x00007f67840d69a0, length=9, elements={
0x00007f6784012000, 0x00007f6784088000, 0x00007f678408a000, 0x00007f678408f800,
0x00007f6784091800, 0x00007f6784093800, 0x00007f6784095800, 0x00007f67840cc800,
0x00007f67840d5000
}

Java Threads: ( => current thread )
  0x00007f6784012000 JavaThread "main" [_thread_blocked, id=3944, stack(0x00007f678c06c000,0x00007f678c16d000)]
  0x00007f6784088000 JavaThread "Reference Handler" daemon [_thread_blocked, id=3961, stack(0x00007f6764579000,0x00007f676467a000)]
  0x00007f678408a000 JavaThread "Finalizer" daemon [_thread_blocked, id=3964, stack(0x00007f6764478000,0x00007f6764579000)]
  0x00007f678408f800 JavaThread "Signal Dispatcher" daemon [_thread_blocked, id=3967, stack(0x00007f6764098000,0x00007f6764199000)]
  0x00007f6784091800 JavaThread "C2 CompilerThread0" daemon [_thread_blocked, id=3968, stack(0x00007f6747eff000,0x00007f6748000000)]
  0x00007f6784093800 JavaThread "C1 CompilerThread0" daemon [_thread_blocked, id=3969, stack(0x00007f6747dfe000,0x00007f6747eff000)]
  0x00007f6784095800 JavaThread "Sweeper thread" daemon [_thread_blocked, id=3970, stack(0x00007f6747cfd000,0x00007f6747dfe000)]
  0x00007f67840cc800 JavaThread "Service Thread" daemon [_thread_blocked, id=3974, stack(0x00007f6747bfc000,0x00007f6747cfd000)]
  0x00007f67840d5000 JavaThread "Common-Cleaner" daemon [_thread_blocked, id=3976, stack(0x00007f67479f9000,0x00007f6747afa000)]

Other Threads:
=>0x00007f6784085000 VMThread "VM Thread" [stack: 0x00007f676467c000,0x00007f676477c000] [id=3959]
  0x00007f67840cf000 WatcherThread [stack: 0x00007f6747afc000,0x00007f6747bfc000] [id=3975]
  0x00007f6784028000 GCTaskThread "GC Thread#0" [stack: 0x00007f6788061000,0x00007f6788161000] [id=3949]
  0x00007f6754001000 GCTaskThread "GC Thread#1" [stack: 0x00007f67474d1000,0x00007f67475d1000] [id=3979]
  0x00007f6784037800 ConcurrentGCThread "G1 Main Marker" [stack: 0x00007f676c39c000,0x00007f676c49c000] [id=3950]
  0x00007f6784039000 ConcurrentGCThread "G1 Conc#0" [stack: 0x00007f676c29a000,0x00007f676c39a000] [id=3951]
  0x00007f678405a800 ConcurrentGCThread "G1 Refine#0" [stack: 0x00007f6765080000,0x00007f6765180000] [id=3952]
  0x00007f675c001000 ConcurrentGCThread "G1 Refine#1" [stack: 0x00007f67473cf000,0x00007f67474cf000] [id=3981]
  0x00007f678405c800 ConcurrentGCThread "G1 Young RemSet Sampling" [stack: 0x00007f6764f7e000,0x00007f676507e000] [id=3954]

Threads with active compile tasks:

VM state:at safepoint (normal execution)

VM Mutex/Monitor currently owned by a thread:  ([mutex/lock_event])
[0x00007f678400e440] Threads_lock - owner thread: 0x00007f6784085000
[0x00007f678400eb90] Heap_lock - owner thread: 0x00007f6784012000

Heap address: 0x00000000e3000000, size: 464 MB, Compressed Oops mode: 32-bit
Narrow klass base: 0x0000000800000000, Narrow klass shift: 3
Compressed class space size: 1073741824 Address: 0x0000000840000000

Heap:
 garbage-first heap   total 181248K, used 15940K [0x00000000e3000000, 0x0000000100000000)
  region size 1024K, 1 young (1024K), 1 survivors (1024K)
 Metaspace       used 17858K, capacity 19210K, committed 19584K, reserved 1067008K
  class space    used 2073K, capacity 2346K, committed 2432K, reserved 1048576K
Heap Regions: E=young(eden), S=young(survivor), O=old, HS=humongous(starts), HC=humongous(continues), CS=collection set, F=free, A=archive, TAMS=top-at-mark-start (previous, next)
|   0|0x00000000e3000000, 0x00000000e3100000, 0x00000000e3100000|100%| O|  |TAMS 0x00000000e3000000, 0x00000000e3000000| Untracked 
|   1|0x00000000e3100000, 0x00000000e3200000, 0x00000000e3200000|100%| O|  |TAMS 0x00000000e3100000, 0x00000000e3100000| Untracked 
|   2|0x00000000e3200000, 0x00000000e3300000, 0x00000000e3300000|100%| O|  |TAMS 0x00000000e3200000, 0x00000000e3200000| Untracked 
|   3|0x00000000e3300000, 0x00000000e3400000, 0x00000000e3400000|100%| O|  |TAMS 0x00000000e3300000, 0x00000000e3300000| Untracked 
|   4|0x00000000e3400000, 0x00000000e3500000, 0x00000000e3500000|100%| O|  |TAMS 0x00000000e3400000, 0x00000000e3400000| Untracked 
|   5|0x00000000e3500000, 0x00000000e3600000, 0x00000000e3600000|100%| O|  |TAMS 0x00000000e3500000, 0x00000000e3500000| Untracked 
|   6|0x00000000e3600000, 0x00000000e3700000, 0x00000000e3700000|100%| O|  |TAMS 0x00000000e3600000, 0x00000000e3600000| Untracked 
|   7|0x00000000e3700000, 0x00000000e3800000, 0x00000000e3800000|100%| O|  |TAMS 0x00000000e3700000, 0x00000000e3700000| Untracked 
|   8|0x00000000e3800000, 0x00000000e3900000, 0x00000000e3900000|100%| O|  |TAMS 0x00000000e3800000, 0x00000000e3800000| Untracked 
|   9|0x00000000e3900000, 0x00000000e3a00000, 0x00000000e3a00000|100%| O|  |TAMS 0x00000000e3900000, 0x00000000e3900000| Untracked 
|  10|0x00000000e3a00000, 0x00000000e3b00000, 0x00000000e3b00000|100%| O|  |TAMS 0x00000000e3a00000, 0x00000000e3a00000| Untracked 
|  11|0x00000000e3b00000, 0x00000000e3c00000, 0x00000000e3c00000|100%| O|  |TAMS 0x00000000e3b00000, 0x00000000e3b00000| Untracked 
|  12|0x00000000e3c00000, 0x00000000e3d00000, 0x00000000e3d00000|100%| O|  |TAMS 0x00000000e3c00000, 0x00000000e3c00000| Untracked 
|  13|0x00000000e3d00000, 0x00000000e3e00000, 0x00000000e3e00000|100%| O|  |TAMS 0x00000000e3d00000, 0x00000000e3d00000| Untracked 
|  14|0x00000000e3e00000, 0x00000000e3e77000, 0x00000000e3f00000| 46%| O|  |TAMS 0x00000000e3e00000, 0x00000000e3e00000| Untracked 
|  15|0x00000000e3f00000, 0x00000000e3f00000, 0x00000000e4000000|  0%| F|  |TAMS 0x00000000e3f00000, 0x00000000e3f00000| Untracked 
|  16|0x00000000e4000000, 0x00000000e4000000, 0x00000000e4100000|  0%| F|  |TAMS 0x00000000e4000000, 0x00000000e4000000| Untracked 
|  17|0x00000000e4100000, 0x00000000e4100000, 0x00000000e4200000|  0%| F|  |TAMS 0x00000000e4100000, 0x00000000e4100000| Untracked 
|  18|0x00000000e4200000, 0x00000000e4200000, 0x00000000e4300000|  0%| F|  |TAMS 0x00000000e4200000, 0x00000000e4200000| Untracked 
|  19|0x00000000e4300000, 0x00000000e4300000, 0x00000000e4400000|  0%| F|  |TAMS 0x00000000e4300000, 0x00000000e4300000| Untracked 
|  20|0x00000000e4400000, 0x00000000e4400000, 0x00000000e4500000|  0%| F|  |TAMS 0x00000000e4400000, 0x00000000e4400000| Untracked 
|  21|0x00000000e4500000, 0x00000000e4500000, 0x00000000e4600000|  0%| F|  |TAMS 0x00000000e4500000, 0x00000000e4500000| Untracked 
|  22|0x00000000e4600000, 0x00000000e4600000, 0x00000000e4700000|  0%| F|  |TAMS 0x00000000e4600000, 0x00000000e4600000| Untracked 
|  23|0x00000000e4700000, 0x00000000e4700000, 0x00000000e4800000|  0%| F|  |TAMS 0x00000000e4700000, 0x00000000e4700000| Untracked 
|  24|0x00000000e4800000, 0x00000000e4800000, 0x00000000e4900000|  0%| F|  |TAMS 0x00000000e4800000, 0x00000000e4800000| Untracked 
|  25|0x00000000e4900000, 0x00000000e4900000, 0x00000000e4a00000|  0%| F|  |TAMS 0x00000000e4900000, 0x00000000e4900000| Untracked 
|  26|0x00000000e4a00000, 0x00000000e4a00000, 0x00000000e4b00000|  0%| F|  |TAMS 0x00000000e4a00000, 0x00000000e4a00000| Untracked 
|  27|0x00000000e4b00000, 0x00000000e4b00000, 0x00000000e4c00000|  0%| F|  |TAMS 0x00000000e4b00000, 0x00000000e4b00000| Untracked 
|  28|0x00000000e4c00000, 0x00000000e4c00000, 0x00000000e4d00000|  0%| F|  |TAMS 0x00000000e4c00000, 0x00000000e4c00000| Untracked 
|  29|0x00000000e4d00000, 0x00000000e4d00000, 0x00000000e4e00000|  0%| F|  |TAMS 0x00000000e4d00000, 0x00000000e4d00000| Untracked 
|  30|0x00000000e4e00000, 0x00000000e4e00000, 0x00000000e4f00000|  0%| F|  |TAMS 0x00000000e4e00000, 0x00000000e4e00000| Untracked 
|  31|0x00000000e4f00000, 0x00000000e4f00000, 0x00000000e5000000|  0%| F|  |TAMS 0x00000000e4f00000, 0x00000000e4f00000| Untracked 
|  32|0x00000000e5000000, 0x00000000e5000000, 0x00000000e5100000|  0%| F|  |TAMS 0x00000000e5000000, 0x00000000e5000000| Untracked 
|  33|0x00000000e5100000, 0x00000000e5100000, 0x00000000e5200000|  0%| F|  |TAMS 0x00000000e5100000, 0x00000000e5100000| Untracked 
|  34|0x00000000e5200000, 0x00000000e5200000, 0x00000000e5300000|  0%| F|  |TAMS 0x00000000e5200000, 0x00000000e5200000| Untracked 
|  35|0x00000000e5300000, 0x00000000e5300000, 0x00000000e5400000|  0%| F|  |TAMS 0x00000000e5300000, 0x00000000e5300000| Untracked 
|  36|0x00000000e5400000, 0x00000000e5400000, 0x00000000e5500000|  0%| F|  |TAMS 0x00000000e5400000, 0x00000000e5400000| Untracked 
|  37|0x00000000e5500000, 0x00000000e5500000, 0x00000000e5600000|  0%| F|  |TAMS 0x00000000e5500000, 0x00000000e5500000| Untracked 
|  38|0x00000000e5600000, 0x00000000e5600000, 0x00000000e5700000|  0%| F|  |TAMS 0x00000000e5600000, 0x00000000e5600000| Untracked 
|  39|0x00000000e5700000, 0x00000000e5700000, 0x00000000e5800000|  0%| F|  |TAMS 0x00000000e5700000, 0x00000000e5700000| Untracked 
|  40|0x00000000e5800000, 0x00000000e5800000, 0x00000000e5900000|  0%| F|  |TAMS 0x00000000e5800000, 0x00000000e5800000| Untracked 
|  41|0x00000000e5900000, 0x00000000e5900000, 0x00000000e5a00000|  0%| F|  |TAMS 0x00000000e5900000, 0x00000000e5900000| Untracked 
|  42|0x00000000e5a00000, 0x00000000e5a00000, 0x00000000e5b00000|  0%| F|  |TAMS 0x00000000e5a00000, 0x00000000e5a00000| Untracked 
|  43|0x00000000e5b00000, 0x00000000e5b00000, 0x00000000e5c00000|  0%| F|  |TAMS 0x00000000e5b00000, 0x00000000e5b00000| Untracked 
|  44|0x00000000e5c00000, 0x00000000e5c00000, 0x00000000e5d00000|  0%| F|  |TAMS 0x00000000e5c00000, 0x00000000e5c00000| Untracked 
|  45|0x00000000e5d00000, 0x00000000e5d00000, 0x00000000e5e00000|  0%| F|  |TAMS 0x00000000e5d00000, 0x00000000e5d00000| Untracked 
|  46|0x00000000e5e00000, 0x00000000e5e00000, 0x00000000e5f00000|  0%| F|  |TAMS 0x00000000e5e00000, 0x00000000e5e00000| Untracked 
|  47|0x00000000e5f00000, 0x00000000e5f00000, 0x00000000e6000000|  0%| F|  |TAMS 0x00000000e5f00000, 0x00000000e5f00000| Untracked 
|  48|0x00000000e6000000, 0x00000000e6000000, 0x00000000e6100000|  0%| F|  |TAMS 0x00000000e6000000, 0x00000000e6000000| Untracked 
|  49|0x00000000e6100000, 0x00000000e6100000, 0x00000000e6200000|  0%| F|  |TAMS 0x00000000e6100000, 0x00000000e6100000| Untracked 
|  50|0x00000000e6200000, 0x00000000e6200000, 0x00000000e6300000|  0%| F|  |TAMS 0x00000000e6200000, 0x00000000e6200000| Untracked 
|  51|0x00000000e6300000, 0x00000000e6300000, 0x00000000e6400000|  0%| F|  |TAMS 0x00000000e6300000, 0x00000000e6300000| Untracked 
|  52|0x00000000e6400000, 0x00000000e6400000, 0x00000000e6500000|  0%| F|  |TAMS 0x00000000e6400000, 0x00000000e6400000| Untracked 
|  53|0x00000000e6500000, 0x00000000e6500000, 0x00000000e6600000|  0%| F|  |TAMS 0x00000000e6500000, 0x00000000e6500000| Untracked 
|  54|0x00000000e6600000, 0x00000000e6600000, 0x00000000e6700000|  0%| F|  |TAMS 0x00000000e6600000, 0x00000000e6600000| Untracked 
|  55|0x00000000e6700000, 0x00000000e677c118, 0x00000000e6800000| 48%| S|CS|TAMS 0x00000000e6700000, 0x00000000e6700000| Complete 
|  56|0x00000000e6800000, 0x00000000e6800000, 0x00000000e6900000|  0%| F|  |TAMS 0x00000000e6800000, 0x00000000e6800000| Untracked 
| 462|0x00000000ffe00000, 0x00000000ffe34000, 0x00000000fff00000| 20%|OA|  |TAMS 0x00000000ffe00000, 0x00000000ffe00000| Untracked 
| 463|0x00000000fff00000, 0x00000000fff6a000, 0x0000000100000000| 41%|CA|  |TAMS 0x00000000fff00000, 0x00000000fff00000| Untracked 

Card table byte_map: [0x00007f676c584000,0x00007f676c66c000] _byte_map_base: 0x00007f676be6c000

Marking Bits (Prev, Next): (CMBitMap*) 0x00007f6784034a88, (CMBitMap*) 0x00007f6784034ac0
 Prev Bits: [0x00007f67678c0000, 0x00007f6768000000)
 Next Bits: [0x00007f6767180000, 0x00007f67678c0000)

Polling page: 0x00007f678c184000

Metaspace:

Usage:
  Non-class:     16,47 MB capacity,    15,41 MB ( 94%) used,     1,03 MB (  6%) free+waste,    25,38 KB ( <1%) overhead. 
      Class:      2,29 MB capacity,     2,03 MB ( 88%) used,   260,28 KB ( 11%) free+waste,    11,75 KB ( <1%) overhead. 
       Both:     18,76 MB capacity,    17,44 MB ( 93%) used,     1,28 MB (  7%) free+waste,    37,12 KB ( <1%) overhead. 

Virtual space:
  Non-class space:       18,00 MB reserved,      16,75 MB ( 93%) committed 
      Class space:        1,00 GB reserved,       2,38 MB ( <1%) committed 
             Both:        1,02 GB reserved,      19,12 MB (  2%) committed 

Chunk freelists:
   Non-Class:  108,00 KB
       Class:  22,00 KB
        Both:  130,00 KB

CodeHeap 'non-profiled nmethods': size=120036Kb used=1546Kb max_used=1546Kb free=118489Kb
 bounds [0x00007f677441d000, 0x00007f677468d000, 0x00007f677b956000]
CodeHeap 'profiled nmethods': size=120032Kb used=8059Kb max_used=8059Kb free=111972Kb
 bounds [0x00007f676cee5000, 0x00007f676d6d5000, 0x00007f677441d000]
CodeHeap 'non-nmethods': size=5692Kb used=1100Kb max_used=1130Kb free=4591Kb
 bounds [0x00007f676c956000, 0x00007f676cbc6000, 0x00007f676cee5000]
 total_blobs=4948 nmethods=3816 adapters=329
 compilation: enabled
              stopped_count=0, restarted_count=0
 full_count=0

Compilation events (10 events):
Event: 107,144 Thread 0x00007f6784091800 nmethod 3963 0x00007f677459dd90 code [0x00007f677459df40, 0x00007f677459e158]
Event: 108,611 Thread 0x00007f6784091800 3966 %     4       java.util.jar.Manifest$FastInputStream::readLine @ 86 (296 bytes)
Event: 115,781 Thread 0x00007f6784093800 nmethod 3967 0x00007f676d6c3090 code [0x00007f676d6c3280, 0x00007f676d6c37b8]
Event: 118,646 Thread 0x00007f6784093800 3968       3       jdk.internal.misc.Unsafe::checkNativeAddress (28 bytes)
Event: 120,173 Thread 0x00007f6784093800 nmethod 3968 0x00007f676d6c3990 code [0x00007f676d6c3b40, 0x00007f676d6c3cd0]
Event: 120,197 Thread 0x00007f6784093800 3969       3       sun.nio.fs.NativeBuffers::copyCStringToNativeBuffer (67 bytes)
Event: 120,205 Thread 0x00007f6784093800 nmethod 3969 0x00007f676d6c3d90 code [0x00007f676d6c4040, 0x00007f676d6c4ac8]
Event: 121,404 Thread 0x00007f6784093800 3973       3       java.util.Hashtable::<init> (9 bytes)
Event: 123,324 Thread 0x00007f6784093800 nmethod 3973 0x00007f676d6c4f90 code [0x00007f676d6c5180, 0x00007f676d6c5328]
Event: 123,452 Thread 0x00007f6784091800 nmethod 3966% 0x00007f677459eb10 code [0x00007f677459ece0, 0x00007f677459f4f8]

GC Heap History (10 events):
Event: 94,002 GC heap after
{Heap after GC invocations=16 (full 0):
 garbage-first heap   total 60416K, used 15735K [0x00000000e3000000, 0x0000000100000000)
  region size 1024K, 2 young (2048K), 2 survivors (2048K)
 Metaspace       used 17856K, capacity 19210K, committed 19584K, reserved 1067008K
  class space    used 2073K, capacity 2346K, committed 2432K, reserved 1048576K
}
Event: 100,462 GC heap before
{Heap before GC invocations=16 (full 0):
 garbage-first heap   total 60416K, used 16759K [0x00000000e3000000, 0x0000000100000000)
  region size 1024K, 3 young (3072K), 2 survivors (2048K)
 Metaspace       used 17856K, capacity 19210K, committed 19584K, reserved 1067008K
  class space    used 2073K, capacity 2346K, committed 2432K, reserved 1048576K
}
Event: 106,830 GC heap after
{Heap after GC invocations=17 (full 0):
 garbage-first heap   total 60416K, used 15961K [0x00000000e3000000, 0x0000000100000000)
  region size 1024K, 1 young (1024K), 1 survivors (1024K)
 Metaspace       used 17856K, capacity 19210K, committed 19584K, reserved 1067008K
  class space    used 2073K, capacity 2346K, committed 2432K, reserved 1048576K
}
Event: 109,360 GC heap before
{Heap before GC invocations=17 (full 0):
 garbage-first heap   total 60416K, used 16985K [0x00000000e3000000, 0x0000000100000000)
  region size 1024K, 2 young (2048K), 1 survivors (1024K)
 Metaspace       used 17857K, capacity 19210K, committed 19584K, reserved 1067008K
  class space    used 2073K, capacity 2346K, committed 2432K, reserved 1048576K
}
Event: 114,420 GC heap after
{Heap after GC invocations=18 (full 0):
 garbage-first heap   total 60416K, used 15692K [0x00000000e3000000, 0x0000000100000000)
  region size 1024K, 1 young (1024K), 1 survivors (1024K)
 Metaspace       used 17857K, capacity 19210K, committed 19584K, reserved 1067008K
  class space    used 2073K, capacity 2346K, committed 2432K, reserved 1048576K
}
Event: 121,049 GC heap before
{Heap before GC invocations=18 (full 0):
 garbage-first heap   total 60416K, used 15692K [0x00000000e3000000, 0x0000000100000000)
  region size 1024K, 2 young (2048K), 1 survivors (1024K)
 Metaspace       used 17857K, capacity 19210K, committed 19584K, reserved 1067008K
  class space    used 2073K, capacity 2346K, committed 2432K, reserved 1048576K
}
Event: 121,203 GC heap after
{Heap after GC invocations=19 (full 0):
 garbage-first heap   total 60416K, used 15473K [0x00000000e3000000, 0x0000000100000000)
  region size 1024K, 1 young (1024K), 1 survivors (1024K)
 Metaspace       used 17857K, capacity 19210K, committed 19584K, reserved 1067008K
  class space    used 2073K, capacity 2346K, committed 2432K, reserved 1048576K
}
Event: 121,767 GC heap before
{Heap before GC invocations=19 (full 0):
 garbage-first heap   total 60416K, used 15473K [0x00000000e3000000, 0x0000000100000000)
  region size 1024K, 2 young (2048K), 1 survivors (1024K)
 Metaspace       used 17857K, capacity 19210K, committed 19584K, reserved 1067008K
  class space    used 2073K, capacity 2346K, committed 2432K, reserved 1048576K
}
Event: 123,112 GC heap after
{Heap after GC invocations=20 (full 0):
 garbage-first heap   total 60416K, used 15938K [0x00000000e3000000, 0x0000000100000000)
  region size 1024K, 1 young (1024K), 1 survivors (1024K)
 Metaspace       used 17857K, capacity 19210K, committed 19584K, reserved 1067008K
  class space    used 2073K, capacity 2346K, committed 2432K, reserved 1048576K
}
Event: 124,720 GC heap before
{Heap before GC invocations=20 (full 0):
 garbage-first heap   total 60416K, used 15938K [0x00000000e3000000, 0x0000000100000000)
  region size 1024K, 2 young (2048K), 1 survivors (1024K)
 Metaspace       used 17858K, capacity 19210K, committed 19584K, reserved 1067008K
  class space    used 2073K, capacity 2346K, committed 2432K, reserved 1048576K
}

Deoptimization events (10 events):
Event: 71,410 Thread 0x00007f6784012000 DEOPT PACKING pc=0x00007f676d540a0c sp=0x00007f678c168e50
Event: 71,410 Thread 0x00007f6784012000 DEOPT UNPACKING pc=0x00007f676c97dc2b sp=0x00007f678c168330 mode 0
Event: 75,367 Thread 0x00007f6784012000 DEOPT PACKING pc=0x00007f676d39ddb5 sp=0x00007f678c169ca0
Event: 75,367 Thread 0x00007f6784012000 DEOPT UNPACKING pc=0x00007f676c97dc2b sp=0x00007f678c1691c8 mode 0
Event: 80,216 Thread 0x00007f6784012000 DEOPT PACKING pc=0x00007f676d0fa387 sp=0x00007f678c169670
Event: 80,227 Thread 0x00007f6784012000 DEOPT UNPACKING pc=0x00007f676c97dc2b sp=0x00007f678c168c08 mode 0
Event: 89,975 Thread 0x00007f6784012000 Uncommon trap: trap_request=0xffffff4d fr.pc=0x00007f677456c378 relative=0x0000000000000438
Event: 90,000 Thread 0x00007f6784012000 Uncommon trap: reason=unstable_if action=reinterpret pc=0x00007f677456c378 method=java.util.jar.Manifest$FastInputStream.readLine([BII)I @ 90 c2
Event: 90,002 Thread 0x00007f6784012000 DEOPT PACKING pc=0x00007f677456c378 sp=0x00007f678c1696c0
Event: 90,017 Thread 0x00007f6784012000 DEOPT UNPACKING pc=0x00007f676c97de1f sp=0x00007f678c169650 mode 2

Classes redefined (0 events):
No events

Internal exceptions (10 events):
Event: 2,127 Thread 0x00007f6784012000 Exception <a 'java/security/PrivilegedActionException'{0x00000000e4b98e08}> (0x00000000e4b98e08) thrown at [/build/openjdk-lts-7bqZff/openjdk-lts-11.0.4+11/src/hotspot/share/prims/jvm.cpp, line 1300]
Event: 2,127 Thread 0x00007f6784012000 Exception <a 'java/security/PrivilegedActionException'{0x00000000e4b99380}> (0x00000000e4b99380) thrown at [/build/openjdk-lts-7bqZff/openjdk-lts-11.0.4+11/src/hotspot/share/prims/jvm.cpp, line 1300]
Event: 3,457 Thread 0x00007f6784012000 Exception <a 'java/lang/NoSuchMethodError'{0x00000000e480f0c8}: 'int java.lang.invoke.DirectMethodHandle$Holder.invokeSpecialIFC(java.lang.Object, java.lang.Object, int)'> (0x00000000e480f0c8) thrown at [/build/openjdk-lts-7bqZff/openjdk-lts-11.0.4+11/src
Event: 19,825 Thread 0x00007f6784012000 Exception <a 'java/lang/NoClassDefFoundError'{0x00000000e48e35d8}: com/google/inject/servlet/ServletModuleTargetVisitor> (0x00000000e48e35d8) thrown at [/build/openjdk-lts-7bqZff/openjdk-lts-11.0.4+11/src/hotspot/share/classfile/systemDictionary.cpp, line
Event: 19,825 Thread 0x00007f6784012000 Exception <a 'java/lang/NoClassDefFoundError'{0x00000000e48e35d8}> (0x00000000e48e35d8) thrown at [/build/openjdk-lts-7bqZff/openjdk-lts-11.0.4+11/src/hotspot/share/prims/jvm.cpp, line 1304]
Event: 19,832 Thread 0x00007f6784012000 Exception <a 'java/lang/NoClassDefFoundError'{0x00000000e48e60e0}: javax/annotation/Priority> (0x00000000e48e60e0) thrown at [/build/openjdk-lts-7bqZff/openjdk-lts-11.0.4+11/src/hotspot/share/classfile/systemDictionary.cpp, line 220]
Event: 28,340 Thread 0x00007f6784012000 Implicit null exception at 0x00007f6774499885 to 0x00007f6774499a62
Event: 28,340 Thread 0x00007f6784012000 Implicit null exception at 0x00007f67744893af to 0x00007f677448942d
Event: 64,036 Thread 0x00007f6784012000 Exception <a 'java/lang/NoClassDefFoundError'{0x00000000e4f45590}: org/codehaus/plexus/util/interpolation/ValueSource> (0x00000000e4f45590) thrown at [/build/openjdk-lts-7bqZff/openjdk-lts-11.0.4+11/src/hotspot/share/classfile/systemDictionary.cpp, line 2
Event: 66,105 Thread 0x00007f6784012000 Exception <a 'java/lang/NoClassDefFoundError'{0x00000000e4cc1908}: org/sonatype/aether/graph/Dependency> (0x00000000e4cc1908) thrown at [/build/openjdk-lts-7bqZff/openjdk-lts-11.0.4+11/src/hotspot/share/classfile/systemDictionary.cpp, line 220]

Events (10 events):
Event: 115,629 Executing VM operation: RevokeBias done
Event: 115,630 Executing VM operation: RevokeBias
Event: 115,630 Executing VM operation: RevokeBias done
Event: 115,630 Executing VM operation: RevokeBias
Event: 115,630 Executing VM operation: RevokeBias done
Event: 120,561 Executing VM operation: G1CollectForAllocation
Event: 121,264 Executing VM operation: G1CollectForAllocation done
Event: 121,404 Executing VM operation: G1CollectForAllocation
Event: 123,322 Executing VM operation: G1CollectForAllocation done
Event: 123,560 Executing VM operation: G1CollectForAllocation


Dynamic libraries:
e3000000-e6900000 rw-p 00000000 00:00 0 
edf00000-ffe00000 ---p 00000000 00:00 0 
ffe00000-ffe34000 rw-p 01116000 b3:06 1437553                            /usr/lib/jvm/java-11-openjdk-amd64/lib/server/classes.jsa
ffe34000-fff00000 rw-p 00000000 00:00 0 
fff00000-fff6a000 rw-p 010ac000 b3:06 1437553                            /usr/lib/jvm/java-11-openjdk-amd64/lib/server/classes.jsa
fff6a000-100000000 rw-p 00000000 00:00 0 
800000000-800002000 rwxp 00001000 b3:06 1437553                          /usr/lib/jvm/java-11-openjdk-amd64/lib/server/classes.jsa
800002000-8003bd000 rw-p 00003000 b3:06 1437553                          /usr/lib/jvm/java-11-openjdk-amd64/lib/server/classes.jsa
8003bd000-800a98000 r--p 003be000 b3:06 1437553                          /usr/lib/jvm/java-11-openjdk-amd64/lib/server/classes.jsa
800a98000-800a99000 rw-p 00a99000 b3:06 1437553                          /usr/lib/jvm/java-11-openjdk-amd64/lib/server/classes.jsa
800a99000-8010ab000 r--p 00a9a000 b3:06 1437553                          /usr/lib/jvm/java-11-openjdk-amd64/lib/server/classes.jsa
840000000-840260000 rw-p 00000000 00:00 0 
840260000-880000000 ---p 00000000 00:00 0 
5604c4719000-5604c471a000 r-xp 00000000 b3:06 1441529                    /usr/lib/jvm/java-11-openjdk-amd64/bin/java
5604c491a000-5604c491b000 r--p 00001000 b3:06 1441529                    /usr/lib/jvm/java-11-openjdk-amd64/bin/java
5604c491b000-5604c491c000 rw-p 00002000 b3:06 1441529                    /usr/lib/jvm/java-11-openjdk-amd64/bin/java
5604c50f4000-5604c5115000 rw-p 00000000 00:00 0                          [heap]
7f672c000000-7f672c021000 rw-p 00000000 00:00 0 
7f672c021000-7f6730000000 ---p 00000000 00:00 0 
7f6730000000-7f6730021000 rw-p 00000000 00:00 0 
7f6730021000-7f6734000000 ---p 00000000 00:00 0 
7f6734000000-7f67347a7000 rw-p 00000000 00:00 0 
7f67347a7000-7f6738000000 ---p 00000000 00:00 0 
7f6738000000-7f6738021000 rw-p 00000000 00:00 0 
7f6738021000-7f673c000000 ---p 00000000 00:00 0 
7f673c000000-7f673ca58000 rw-p 00000000 00:00 0 
7f673ca58000-7f6740000000 ---p 00000000 00:00 0 
7f6740000000-7f6740021000 rw-p 00000000 00:00 0 
7f6740021000-7f6744000000 ---p 00000000 00:00 0 
7f67469cd000-7f6746a8d000 rw-p 00000000 00:00 0 
7f6746a8d000-7f6746bcd000 ---p 00000000 00:00 0 
7f6746bcd000-7f6746dcd000 rw-p 00000000 00:00 0 
7f6746dcd000-7f6746fcd000 rw-p 00000000 00:00 0 
7f6746fcd000-7f67471cd000 rw-p 00000000 00:00 0 
7f67471cd000-7f67473cd000 rw-p 00000000 00:00 0 
7f67473cd000-7f67473ce000 ---p 00000000 00:00 0 
7f67473ce000-7f67474cf000 rw-p 00000000 00:00 0 
7f67474cf000-7f67474d0000 ---p 00000000 00:00 0 
7f67474d0000-7f67475d1000 rw-p 00000000 00:00 0 
7f67475d1000-7f67475e7000 r-xp 00000000 b3:06 1441803                    /usr/lib/jvm/java-11-openjdk-amd64/lib/libnet.so
7f67475e7000-7f67477e6000 ---p 00016000 b3:06 1441803                    /usr/lib/jvm/java-11-openjdk-amd64/lib/libnet.so
7f67477e6000-7f67477e7000 r--p 00015000 b3:06 1441803                    /usr/lib/jvm/java-11-openjdk-amd64/lib/libnet.so
7f67477e7000-7f67477e8000 rw-p 00016000 b3:06 1441803                    /usr/lib/jvm/java-11-openjdk-amd64/lib/libnet.so
7f67477e8000-7f67477f8000 r-xp 00000000 b3:06 1441805                    /usr/lib/jvm/java-11-openjdk-amd64/lib/libnio.so
7f67477f8000-7f67479f7000 ---p 00010000 b3:06 1441805                    /usr/lib/jvm/java-11-openjdk-amd64/lib/libnio.so
7f67479f7000-7f67479f8000 r--p 0000f000 b3:06 1441805                    /usr/lib/jvm/java-11-openjdk-amd64/lib/libnio.so
7f67479f8000-7f67479f9000 rw-p 00010000 b3:06 1441805                    /usr/lib/jvm/java-11-openjdk-amd64/lib/libnio.so
7f67479f9000-7f67479fd000 ---p 00000000 00:00 0 
7f67479fd000-7f6747afa000 rw-p 00000000 00:00 0 
7f6747afa000-7f6747afb000 ---p 00000000 00:00 0 
7f6747afb000-7f6747bfc000 rw-p 00000000 00:00 0 
7f6747bfc000-7f6747c00000 ---p 00000000 00:00 0 
7f6747c00000-7f6747cfd000 rw-p 00000000 00:00 0 
7f6747cfd000-7f6747d01000 ---p 00000000 00:00 0 
7f6747d01000-7f6747dfe000 rw-p 00000000 00:00 0 
7f6747dfe000-7f6747e02000 ---p 00000000 00:00 0 
7f6747e02000-7f6747eff000 rw-p 00000000 00:00 0 
7f6747eff000-7f6747f03000 ---p 00000000 00:00 0 
7f6747f03000-7f6748000000 rw-p 00000000 00:00 0 
7f6748000000-7f6748021000 rw-p 00000000 00:00 0 
7f6748021000-7f674c000000 ---p 00000000 00:00 0 
7f674c000000-7f674c021000 rw-p 00000000 00:00 0 
7f674c021000-7f6750000000 ---p 00000000 00:00 0 
7f6750000000-7f6750021000 rw-p 00000000 00:00 0 
7f6750021000-7f6754000000 ---p 00000000 00:00 0 
7f6754000000-7f6754081000 rw-p 00000000 00:00 0 
7f6754081000-7f6758000000 ---p 00000000 00:00 0 
7f6758000000-7f6758021000 rw-p 00000000 00:00 0 
7f6758021000-7f675c000000 ---p 00000000 00:00 0 
7f675c000000-7f675c021000 rw-p 00000000 00:00 0 
7f675c021000-7f6760000000 ---p 00000000 00:00 0 
7f6760000000-7f6760021000 rw-p 00000000 00:00 0 
7f6760021000-7f6764000000 ---p 00000000 00:00 0 
7f6764098000-7f676409c000 ---p 00000000 00:00 0 
7f676409c000-7f6764199000 rw-p 00000000 00:00 0 
7f6764199000-7f6764478000 r--p 00000000 b3:06 1443645                    /usr/lib/locale/locale-archive
7f6764478000-7f676447c000 ---p 00000000 00:00 0 
7f676447c000-7f6764579000 rw-p 00000000 00:00 0 
7f6764579000-7f676457d000 ---p 00000000 00:00 0 
7f676457d000-7f676467a000 rw-p 00000000 00:00 0 
7f676467a000-7f676467b000 ---p 00000000 00:00 0 
7f676467b000-7f6764f7c000 rw-p 00000000 00:00 0 
7f6764f7c000-7f6764f7d000 ---p 00000000 00:00 0 
7f6764f7d000-7f676507e000 rw-p 00000000 00:00 0 
7f676507e000-7f676507f000 ---p 00000000 00:00 0 
7f676507f000-7f6767264000 rw-p 00000000 00:00 0 
7f6767264000-7f67678b8000 ---p 00000000 00:00 0 
7f67678b8000-7f67679a4000 rw-p 00000000 00:00 0 
7f67679a4000-7f6767ff8000 ---p 00000000 00:00 0 
7f6767ff8000-7f6768000000 rw-p 00000000 00:00 0 
7f6768000000-7f6768021000 rw-p 00000000 00:00 0 
7f6768021000-7f676c000000 ---p 00000000 00:00 0 
7f676c015000-7f676c298000 rw-p 00000000 00:00 0 
7f676c298000-7f676c299000 ---p 00000000 00:00 0 
7f676c299000-7f676c39a000 rw-p 00000000 00:00 0 
7f676c39a000-7f676c39b000 ---p 00000000 00:00 0 
7f676c39b000-7f676c4b9000 rw-p 00000000 00:00 0 
7f676c4b9000-7f676c583000 ---p 00000000 00:00 0 
7f676c583000-7f676c5a1000 rw-p 00000000 00:00 0 
7f676c5a1000-7f676c66b000 ---p 00000000 00:00 0 
7f676c66b000-7f676c689000 rw-p 00000000 00:00 0 
7f676c689000-7f676c753000 ---p 00000000 00:00 0 
7f676c753000-7f676c956000 rw-p 00000000 00:00 0 
7f676c956000-7f676cbc6000 rwxp 00000000 00:00 0 
7f676cbc6000-7f676cee5000 ---p 00000000 00:00 0 
7f676cee5000-7f676d6d5000 rwxp 00000000 00:00 0 
7f676d6d5000-7f677441d000 ---p 00000000 00:00 0 
7f677441d000-7f677468d000 rwxp 00000000 00:00 0 
7f677468d000-7f677b956000 ---p 00000000 00:00 0 
7f677b956000-7f6784000000 r--s 00000000 b3:06 1441815                    /usr/lib/jvm/java-11-openjdk-amd64/lib/modules
7f6784000000-7f6784f5f000 rw-p 00000000 00:00 0 
7f6784f5f000-7f6788000000 ---p 00000000 00:00 0 
7f678802e000-7f678805f000 rw-p 00000000 00:00 0 
7f678805f000-7f6788060000 ---p 00000000 00:00 0 
7f6788060000-7f6788166000 rw-p 00000000 00:00 0 
7f6788166000-7f678824c000 ---p 00000000 00:00 0 
7f678824c000-7f678825c000 rw-p 00000000 00:00 0 
7f678825c000-7f6788337000 ---p 00000000 00:00 0 
7f6788337000-7f678833c000 r-xp 00000000 b3:06 1441785                    /usr/lib/jvm/java-11-openjdk-amd64/lib/libjimage.so
7f678833c000-7f678853b000 ---p 00005000 b3:06 1441785                    /usr/lib/jvm/java-11-openjdk-amd64/lib/libjimage.so
7f678853b000-7f678853c000 r--p 00004000 b3:06 1441785                    /usr/lib/jvm/java-11-openjdk-amd64/lib/libjimage.so
7f678853c000-7f678853d000 rw-p 00005000 b3:06 1441785                    /usr/lib/jvm/java-11-openjdk-amd64/lib/libjimage.so
7f678853d000-7f6788544000 r-xp 00000000 b3:06 1441814                    /usr/lib/jvm/java-11-openjdk-amd64/lib/libzip.so
7f6788544000-7f6788743000 ---p 00007000 b3:06 1441814                    /usr/lib/jvm/java-11-openjdk-amd64/lib/libzip.so
7f6788743000-7f6788744000 r--p 00006000 b3:06 1441814                    /usr/lib/jvm/java-11-openjdk-amd64/lib/libzip.so
7f6788744000-7f6788745000 rw-p 00007000 b3:06 1441814                    /usr/lib/jvm/java-11-openjdk-amd64/lib/libzip.so
7f6788745000-7f6788750000 r-xp 00000000 b3:06 1050651                    /lib/x86_64-linux-gnu/libnss_files-2.27.so
7f6788750000-7f678894f000 ---p 0000b000 b3:06 1050651                    /lib/x86_64-linux-gnu/libnss_files-2.27.so
7f678894f000-7f6788950000 r--p 0000a000 b3:06 1050651                    /lib/x86_64-linux-gnu/libnss_files-2.27.so
7f6788950000-7f6788951000 rw-p 0000b000 b3:06 1050651                    /lib/x86_64-linux-gnu/libnss_files-2.27.so
7f6788951000-7f6788957000 rw-p 00000000 00:00 0 
7f6788957000-7f678896e000 r-xp 00000000 b3:06 1050645                    /lib/x86_64-linux-gnu/libnsl-2.27.so
7f678896e000-7f6788b6d000 ---p 00017000 b3:06 1050645                    /lib/x86_64-linux-gnu/libnsl-2.27.so
7f6788b6d000-7f6788b6e000 r--p 00016000 b3:06 1050645                    /lib/x86_64-linux-gnu/libnsl-2.27.so
7f6788b6e000-7f6788b6f000 rw-p 00017000 b3:06 1050645                    /lib/x86_64-linux-gnu/libnsl-2.27.so
7f6788b6f000-7f6788b71000 rw-p 00000000 00:00 0 
7f6788b71000-7f6788b7c000 r-xp 00000000 b3:06 1050662                    /lib/x86_64-linux-gnu/libnss_nis-2.27.so
7f6788b7c000-7f6788d7b000 ---p 0000b000 b3:06 1050662                    /lib/x86_64-linux-gnu/libnss_nis-2.27.so
7f6788d7b000-7f6788d7c000 r--p 0000a000 b3:06 1050662                    /lib/x86_64-linux-gnu/libnss_nis-2.27.so
7f6788d7c000-7f6788d7d000 rw-p 0000b000 b3:06 1050662                    /lib/x86_64-linux-gnu/libnss_nis-2.27.so
7f6788d7d000-7f6788d85000 r-xp 00000000 b3:06 1050647                    /lib/x86_64-linux-gnu/libnss_compat-2.27.so
7f6788d85000-7f6788f85000 ---p 00008000 b3:06 1050647                    /lib/x86_64-linux-gnu/libnss_compat-2.27.so
7f6788f85000-7f6788f86000 r--p 00008000 b3:06 1050647                    /lib/x86_64-linux-gnu/libnss_compat-2.27.so
7f6788f86000-7f6788f87000 rw-p 00009000 b3:06 1050647                    /lib/x86_64-linux-gnu/libnss_compat-2.27.so
7f6788f87000-7f6788fb0000 r-xp 00000000 b3:06 1441777                    /usr/lib/jvm/java-11-openjdk-amd64/lib/libjava.so
7f6788fb0000-7f67891af000 ---p 00029000 b3:06 1441777                    /usr/lib/jvm/java-11-openjdk-amd64/lib/libjava.so
7f67891af000-7f67891b0000 r--p 00028000 b3:06 1441777                    /usr/lib/jvm/java-11-openjdk-amd64/lib/libjava.so
7f67891b0000-7f67891b2000 rw-p 00029000 b3:06 1441777                    /usr/lib/jvm/java-11-openjdk-amd64/lib/libjava.so
7f67891b2000-7f67891bf000 r-xp 00000000 b3:06 1441812                    /usr/lib/jvm/java-11-openjdk-amd64/lib/libverify.so
7f67891bf000-7f67893be000 ---p 0000d000 b3:06 1441812                    /usr/lib/jvm/java-11-openjdk-amd64/lib/libverify.so
7f67893be000-7f67893c0000 r--p 0000c000 b3:06 1441812                    /usr/lib/jvm/java-11-openjdk-amd64/lib/libverify.so
7f67893c0000-7f67893c1000 rw-p 0000e000 b3:06 1441812                    /usr/lib/jvm/java-11-openjdk-amd64/lib/libverify.so
7f67893c1000-7f67893c8000 r-xp 00000000 b3:06 1050702                    /lib/x86_64-linux-gnu/librt-2.27.so
7f67893c8000-7f67895c7000 ---p 00007000 b3:06 1050702                    /lib/x86_64-linux-gnu/librt-2.27.so
7f67895c7000-7f67895c8000 r--p 00006000 b3:06 1050702                    /lib/x86_64-linux-gnu/librt-2.27.so
7f67895c8000-7f67895c9000 rw-p 00007000 b3:06 1050702                    /lib/x86_64-linux-gnu/librt-2.27.so
7f67895c9000-7f67895e0000 r-xp 00000000 b3:06 1050598                    /lib/x86_64-linux-gnu/libgcc_s.so.1
7f67895e0000-7f67897df000 ---p 00017000 b3:06 1050598                    /lib/x86_64-linux-gnu/libgcc_s.so.1
7f67897df000-7f67897e0000 r--p 00016000 b3:06 1050598                    /lib/x86_64-linux-gnu/libgcc_s.so.1
7f67897e0000-7f67897e1000 rw-p 00017000 b3:06 1050598                    /lib/x86_64-linux-gnu/libgcc_s.so.1
7f67897e1000-7f678997e000 r-xp 00000000 b3:06 1050624                    /lib/x86_64-linux-gnu/libm-2.27.so
7f678997e000-7f6789b7d000 ---p 0019d000 b3:06 1050624                    /lib/x86_64-linux-gnu/libm-2.27.so
7f6789b7d000-7f6789b7e000 r--p 0019c000 b3:06 1050624                    /lib/x86_64-linux-gnu/libm-2.27.so
7f6789b7e000-7f6789b7f000 rw-p 0019d000 b3:06 1050624                    /lib/x86_64-linux-gnu/libm-2.27.so
7f6789b7f000-7f6789cf8000 r-xp 00000000 b3:06 1446455                    /usr/lib/x86_64-linux-gnu/libstdc++.so.6.0.25
7f6789cf8000-7f6789ef8000 ---p 00179000 b3:06 1446455                    /usr/lib/x86_64-linux-gnu/libstdc++.so.6.0.25
7f6789ef8000-7f6789f02000 r--p 00179000 b3:06 1446455                    /usr/lib/x86_64-linux-gnu/libstdc++.so.6.0.25
7f6789f02000-7f6789f04000 rw-p 00183000 b3:06 1446455                    /usr/lib/x86_64-linux-gnu/libstdc++.so.6.0.25
7f6789f04000-7f6789f08000 rw-p 00000000 00:00 0 
7f6789f08000-7f678afd4000 r-xp 00000000 b3:06 1441824                    /usr/lib/jvm/java-11-openjdk-amd64/lib/server/libjvm.so
7f678afd4000-7f678b1d3000 ---p 010cc000 b3:06 1441824                    /usr/lib/jvm/java-11-openjdk-amd64/lib/server/libjvm.so
7f678b1d3000-7f678b290000 r--p 010cb000 b3:06 1441824                    /usr/lib/jvm/java-11-openjdk-amd64/lib/server/libjvm.so
7f678b290000-7f678b2c9000 rw-p 01188000 b3:06 1441824                    /usr/lib/jvm/java-11-openjdk-amd64/lib/server/libjvm.so
7f678b2c9000-7f678b31f000 rw-p 00000000 00:00 0 
7f678b31f000-7f678b339000 r-xp 00000000 b3:06 1050694                    /lib/x86_64-linux-gnu/libpthread-2.27.so
7f678b339000-7f678b538000 ---p 0001a000 b3:06 1050694                    /lib/x86_64-linux-gnu/libpthread-2.27.so
7f678b538000-7f678b539000 r--p 00019000 b3:06 1050694                    /lib/x86_64-linux-gnu/libpthread-2.27.so
7f678b539000-7f678b53a000 rw-p 0001a000 b3:06 1050694                    /lib/x86_64-linux-gnu/libpthread-2.27.so
7f678b53a000-7f678b53e000 rw-p 00000000 00:00 0 
7f678b53e000-7f678b541000 r-xp 00000000 b3:06 1050584                    /lib/x86_64-linux-gnu/libdl-2.27.so
7f678b541000-7f678b740000 ---p 00003000 b3:06 1050584                    /lib/x86_64-linux-gnu/libdl-2.27.so
7f678b740000-7f678b741000 r--p 00002000 b3:06 1050584                    /lib/x86_64-linux-gnu/libdl-2.27.so
7f678b741000-7f678b742000 rw-p 00003000 b3:06 1050584                    /lib/x86_64-linux-gnu/libdl-2.27.so
7f678b742000-7f678b75e000 r-xp 00000000 b3:06 1050735                    /lib/x86_64-linux-gnu/libz.so.1.2.11
7f678b75e000-7f678b95d000 ---p 0001c000 b3:06 1050735                    /lib/x86_64-linux-gnu/libz.so.1.2.11
7f678b95d000-7f678b95e000 r--p 0001b000 b3:06 1050735                    /lib/x86_64-linux-gnu/libz.so.1.2.11
7f678b95e000-7f678b95f000 rw-p 0001c000 b3:06 1050735                    /lib/x86_64-linux-gnu/libz.so.1.2.11
7f678b95f000-7f678bb46000 r-xp 00000000 b3:06 1050561                    /lib/x86_64-linux-gnu/libc-2.27.so
7f678bb46000-7f678bd46000 ---p 001e7000 b3:06 1050561                    /lib/x86_64-linux-gnu/libc-2.27.so
7f678bd46000-7f678bd4a000 r--p 001e7000 b3:06 1050561                    /lib/x86_64-linux-gnu/libc-2.27.so
7f678bd4a000-7f678bd4c000 rw-p 001eb000 b3:06 1050561                    /lib/x86_64-linux-gnu/libc-2.27.so
7f678bd4c000-7f678bd50000 rw-p 00000000 00:00 0 
7f678bd50000-7f678bd60000 r-xp 00000000 b3:06 1441749                    /usr/lib/jvm/java-11-openjdk-amd64/lib/jli/libjli.so
7f678bd60000-7f678bf5f000 ---p 00010000 b3:06 1441749                    /usr/lib/jvm/java-11-openjdk-amd64/lib/jli/libjli.so
7f678bf5f000-7f678bf60000 r--p 0000f000 b3:06 1441749                    /usr/lib/jvm/java-11-openjdk-amd64/lib/jli/libjli.so
7f678bf60000-7f678bf61000 rw-p 00010000 b3:06 1441749                    /usr/lib/jvm/java-11-openjdk-amd64/lib/jli/libjli.so
7f678bf61000-7f678bf88000 r-xp 00000000 b3:06 1050533                    /lib/x86_64-linux-gnu/ld-2.27.so
7f678bf97000-7f678c06c000 rw-p 00000000 00:00 0 
7f678c06c000-7f678c070000 ---p 00000000 00:00 0 
7f678c070000-7f678c16f000 rw-p 00000000 00:00 0 
7f678c170000-7f678c175000 rw-p 00000000 00:00 0 
7f678c175000-7f678c17c000 ---p 00000000 00:00 0 
7f678c17c000-7f678c184000 rw-s 00000000 b3:06 417270                     /tmp/hsperfdata_lizandra/3922
7f678c184000-7f678c185000 ---p 00000000 00:00 0 
7f678c185000-7f678c186000 r--p 00000000 00:00 0 
7f678c186000-7f678c188000 rw-p 00000000 00:00 0 
7f678c188000-7f678c189000 r--p 00027000 b3:06 1050533                    /lib/x86_64-linux-gnu/ld-2.27.so
7f678c189000-7f678c18a000 rw-p 00028000 b3:06 1050533                    /lib/x86_64-linux-gnu/ld-2.27.so
7f678c18a000-7f678c18b000 rw-p 00000000 00:00 0 
7ffecac64000-7ffecac85000 rw-p 00000000 00:00 0                          [stack]
7ffecac95000-7ffecac98000 r--p 00000000 00:00 0                          [vvar]
7ffecac98000-7ffecac9a000 r-xp 00000000 00:00 0                          [vdso]
ffffffffff600000-ffffffffff601000 r-xp 00000000 00:00 0                  [vsyscall]


VM Arguments:
jvm_args: -Dclassworlds.conf=/home/lizandra/Software/netbeans/java/maven/bin/m2.conf -Dmaven.home=/home/lizandra/Software/netbeans/java/maven -Dmaven.multiModuleProjectDirectory=/home/lizandra/NetBeansProjects/sistema-nutri 
java_command: org.codehaus.plexus.classworlds.launcher.Launcher -Dmaven.ext.class.path=/home/lizandra/Software/netbeans/java/maven-nblib/netbeans-eventspy.jar clean install
java_class_path (initial): /home/lizandra/Software/netbeans/java/maven/boot/plexus-classworlds-2.5.2.jar
Launcher Type: SUN_STANDARD

[Global flags]
     intx CICompilerCount                          = 2                                         {product} {ergonomic}
     uint ConcGCThreads                            = 1                                         {product} {ergonomic}
     uint G1ConcRefinementThreads                  = 2                                         {product} {ergonomic}
   size_t G1HeapRegionSize                         = 1048576                                   {product} {ergonomic}
    uintx GCDrainStackTargetSize                   = 64                                        {product} {ergonomic}
   size_t InitialHeapSize                          = 31457280                                  {product} {ergonomic}
   size_t MarkStackSize                            = 4194304                                   {product} {ergonomic}
   size_t MaxHeapSize                              = 486539264                                 {product} {ergonomic}
   size_t MaxNewSize                               = 291504128                                 {product} {ergonomic}
   size_t MinHeapDeltaBytes                        = 1048576                                   {product} {ergonomic}
    uintx NonNMethodCodeHeapSize                   = 5824844                                {pd product} {ergonomic}
    uintx NonProfiledCodeHeapSize                  = 122916698                              {pd product} {ergonomic}
    uintx ProfiledCodeHeapSize                     = 122916698                              {pd product} {ergonomic}
    uintx ReservedCodeCacheSize                    = 251658240                              {pd product} {ergonomic}
     bool SegmentedCodeCache                       = true                                      {product} {ergonomic}
     bool UseCompressedClassPointers               = true                                 {lp64_product} {ergonomic}
     bool UseCompressedOops                        = true                                 {lp64_product} {ergonomic}
     bool UseG1GC                                  = true                                      {product} {ergonomic}

Logging:
Log output configuration:
 #0: stdout all=warning uptime,level,tags
 #1: stderr all=off uptime,level,tags

Environment Variables:
JAVA_HOME=/usr/lib/jvm/java-11-openjdk-amd64
PATH=/usr/local/sbin:/usr/local/bin:/usr/sbin:/usr/bin:/sbin:/bin:/usr/games:/usr/local/games
SHELL=/bin/bash
DISPLAY=:0

Signal Handlers:
SIGSEGV: [libjvm.so+0xde5f50], sa_mask[0]=11111111011111111101111111111110, sa_flags=SA_RESTART|SA_SIGINFO
SIGBUS: [libjvm.so+0xde5f50], sa_mask[0]=11111111011111111101111111111110, sa_flags=SA_RESTART|SA_SIGINFO
SIGFPE: [libjvm.so+0xde5f50], sa_mask[0]=11111111011111111101111111111110, sa_flags=SA_RESTART|SA_SIGINFO
SIGPIPE: [libjvm.so+0xbba5b0], sa_mask[0]=11111111011111111101111111111110, sa_flags=SA_RESTART|SA_SIGINFO
SIGXFSZ: [libjvm.so+0xbba5b0], sa_mask[0]=11111111011111111101111111111110, sa_flags=SA_RESTART|SA_SIGINFO
SIGILL: [libjvm.so+0xde5f50], sa_mask[0]=11111111011111111101111111111110, sa_flags=SA_RESTART|SA_SIGINFO
SIGUSR2: [libjvm.so+0xbba450], sa_mask[0]=00100000000000000000000000000000, sa_flags=SA_RESTART|SA_SIGINFO
SIGHUP: [libjvm.so+0xbba7b0], sa_mask[0]=11111111011111111101111111111110, sa_flags=SA_RESTART|SA_SIGINFO
SIGINT: SIG_IGN, sa_mask[0]=00000000000000000000000000000000, sa_flags=none
SIGTERM: [libjvm.so+0xbba7b0], sa_mask[0]=11111111011111111101111111111110, sa_flags=SA_RESTART|SA_SIGINFO
SIGQUIT: [libjvm.so+0xbba7b0], sa_mask[0]=11111111011111111101111111111110, sa_flags=SA_RESTART|SA_SIGINFO


---------------  S Y S T E M  ---------------

OS:DISTRIB_ID=LinuxMint
DISTRIB_RELEASE=19.2
DISTRIB_CODENAME=tina
DISTRIB_DESCRIPTION="Linux Mint 19.2 Tina"
uname:Linux 4.15.0-58-generic #64-Ubuntu SMP Tue Aug 6 11:12:41 UTC 2019 x86_64
libc:glibc 2.27 NPTL 2.27 
rlimit: STACK 8192k, CORE 0k, NPROC 6965, NOFILE 1048576, AS infinity, DATA infinity, FSIZE infinity
load average:19,39 8,52 4,28

/proc/meminfo:
MemTotal:        1897592 kB
MemFree:           63088 kB
MemAvailable:       7344 kB
Buffers:             272 kB
Cached:            74244 kB
SwapCached:          988 kB
Active:          1263076 kB
Inactive:         425824 kB
Active(anon):    1260000 kB
Inactive(anon):   420420 kB
Active(file):       3076 kB
Inactive(file):     5404 kB
Unevictable:          48 kB
Mlocked:              48 kB
SwapTotal:       1301168 kB
SwapFree:              0 kB
Dirty:                68 kB
Writeback:           128 kB
AnonPages:       1613584 kB
Mapped:            32088 kB
Shmem:             65896 kB
Slab:              63732 kB
SReclaimable:      29292 kB
SUnreclaim:        34440 kB
KernelStack:       10384 kB
PageTables:        36476 kB
NFS_Unstable:          0 kB
Bounce:                0 kB
WritebackTmp:          0 kB
CommitLimit:     2249964 kB
Committed_AS:    5944504 kB
VmallocTotal:   34359738367 kB
VmallocUsed:           0 kB
VmallocChunk:          0 kB
HardwareCorrupted:     0 kB
AnonHugePages:         0 kB
ShmemHugePages:        0 kB
ShmemPmdMapped:        0 kB
CmaTotal:              0 kB
CmaFree:               0 kB
HugePages_Total:       0
HugePages_Free:        0
HugePages_Rsvd:        0
HugePages_Surp:        0
Hugepagesize:       2048 kB
DirectMap4k:      128768 kB
DirectMap2M:     1822720 kB


/proc/sys/kernel/threads-max (system-wide limit on the number of threads):
13930


/proc/sys/vm/max_map_count (maximum number of memory map areas a process may have):
65530


/proc/sys/kernel/pid_max (system-wide limit on number of process identifiers):
32768



container (cgroup) information:
container_type: cgroupv1
cpu_cpuset_cpus: 0-1
cpu_memory_nodes: 0
active_processor_count: 2
cpu_quota: -1
cpu_period: 100000
cpu_shares: -1
memory_limit_in_bytes: -1
memory_and_swap_limit_in_bytes: -2
memory_soft_limit_in_bytes: -1
memory_usage_in_bytes: 1727852544
memory_max_usage_in_bytes: 0

Steal ticks since vm start: 0
Steal ticks percentage since vm start:  0,000

CPU:total 2 (initial active 2) (2 cores per cpu, 1 threads per core) family 6 model 76 stepping 3, cmov, cx8, fxsr, mmx, sse, sse2, sse3, ssse3, sse4.1, sse4.2, popcnt, aes, clmul, erms, 3dnowpref, tsc, tscinvbit
CPU Model and flags from /proc/cpuinfo:
model name	: Intel(R) Celeron(R) CPU  N3050  @ 1.60GHz
flags		: fpu vme de pse tsc msr pae mce cx8 apic sep mtrr pge mca cmov pat pse36 clflush dts acpi mmx fxsr sse sse2 ss ht tm pbe syscall nx rdtscp lm constant_tsc arch_perfmon pebs bts rep_good nopl xtopology tsc_reliable nonstop_tsc cpuid aperfmperf tsc_known_freq pni pclmulqdq dtes64 monitor ds_cpl vmx est tm2 ssse3 cx16 xtpr pdcm sse4_1 sse4_2 movbe popcnt tsc_deadline_timer aes rdrand lahf_lm 3dnowprefetch epb pti ibrs ibpb stibp tpr_shadow vnmi flexpriority ept vpid tsc_adjust smep erms dtherm ida arat md_clear

Memory: 4k page, physical 1897592k(63224k free), swap 1301168k(0k free)

vm_info: OpenJDK 64-Bit Server VM (11.0.4+11-post-Ubuntu-1ubuntu218.04.3) for linux-amd64 JRE (11.0.4+11-post-Ubuntu-1ubuntu218.04.3), built on Jul 18 2019 18:21:46 by "buildd" with gcc 7.4.0

END.
