#
# There is insufficient memory for the Java Runtime Environment to continue.
# Native memory allocation (mmap) failed to map 53477376 bytes for committing reserved memory.
# Possible reasons:
#   The system is out of physical RAM or swap space
#   The process is running with CompressedOops enabled, and the Java Heap may be blocking the growth of the native heap
# Possible solutions:
#   Reduce memory load on the system
#   Increase physical memory or swap space
#   Check if swap backing store is full
#   Decrease Java heap size (-Xmx/-Xms)
#   Decrease number of Java threads
#   Decrease Java thread stack sizes (-Xss)
#   Set larger code cache with -XX:ReservedCodeCacheSize=
#   JVM is running with Unscaled Compressed Oops mode in which the Java heap is
#     placed in the first 4GB address space. The Java Heap base address is the
#     maximum limit for the native heap growth. Please use -XX:HeapBaseMinAddress
#     to set the Java Heap base and to place the Java Heap above 4GB virtual address.
# This output file may be truncated or incomplete.
#
#  Out of Memory Error (os_linux.cpp:2893), pid=3897, tid=3915
#
# JRE version: OpenJDK Runtime Environment (11.0.4+11) (build 11.0.4+11-post-Ubuntu-1ubuntu218.04.3)
# Java VM: OpenJDK 64-Bit Server VM (11.0.4+11-post-Ubuntu-1ubuntu218.04.3, mixed mode, sharing, tiered, compressed oops, g1 gc, linux-amd64)
# Core dump will be written. Default location: Core dumps may be processed with "/lib/systemd/systemd-coredump %P %u %g %s %t 9223372036854775808 %e" (or dumping to /home/lizandra/NetBeansProjects/sistema-nutri/core.3897)
#

---------------  S U M M A R Y ------------

Command Line: -Dclassworlds.conf=/home/lizandra/Software/netbeans/java/maven/bin/m2.conf -Dmaven.home=/home/lizandra/Software/netbeans/java/maven -Dmaven.multiModuleProjectDirectory=/home/lizandra/NetBeansProjects/sistema-nutri org.codehaus.plexus.classworlds.launcher.Launcher -Dmaven.ext.class.path=/home/lizandra/Software/netbeans/java/maven-nblib/netbeans-eventspy.jar clean install

Host: Intel(R) Celeron(R) CPU  N3050  @ 1.60GHz, 2 cores, 1G, Linux Mint 19.2 Tina
Time: Wed Oct  9 16:20:59 2019 -03 elapsed time: 160 seconds (0d 0h 2m 40s)

---------------  T H R E A D  ---------------

Current thread (0x00007fd3f8085000):  VMThread "VM Thread" [stack: 0x00007fd3d8378000,0x00007fd3d8478000] [id=3915]

Stack: [0x00007fd3d8378000,0x00007fd3d8478000],  sp=0x00007fd3d8475ff0,  free space=1015k
Native frames: (J=compiled Java code, A=aot compiled Java code, j=interpreted, Vv=VM code, C=native code)
V  [libjvm.so+0xde4547]
V  [libjvm.so+0xde519b]
V  [libjvm.so+0x6511a5]
V  [libjvm.so+0xbbed38]
V  [libjvm.so+0xbb5ebd]
V  [libjvm.so+0x76f53f]
V  [libjvm.so+0x76f7ae]
V  [libjvm.so+0x77b820]
V  [libjvm.so+0x7f6969]
V  [libjvm.so+0x7f75c2]
V  [libjvm.so+0x7f7a29]
V  [libjvm.so+0x72de6f]
V  [libjvm.so+0x732b6a]
V  [libjvm.so+0xdf01e1]
V  [libjvm.so+0xdeeda8]
V  [libjvm.so+0xdec5e6]
V  [libjvm.so+0xdecaf0]
V  [libjvm.so+0xdecf23]
V  [libjvm.so+0xd7aeea]
V  [libjvm.so+0xbc4a5e]

VM_Operation (0x00007fd3ffef7180): G1CollectForAllocation, mode: safepoint, requested by thread 0x00007fd3f8012000


---------------  P R O C E S S  ---------------

Threads class SMR info:
_java_thread_list=0x00007fd3f80d6b90, length=9, elements={
0x00007fd3f8012000, 0x00007fd3f8088000, 0x00007fd3f808a000, 0x00007fd3f808f800,
0x00007fd3f8091800, 0x00007fd3f8093800, 0x00007fd3f8095800, 0x00007fd3f80cc800,
0x00007fd3f80d5800
}

Java Threads: ( => current thread )
  0x00007fd3f8012000 JavaThread "main" [_thread_blocked, id=3907, stack(0x00007fd3ffdfa000,0x00007fd3ffefb000)]
  0x00007fd3f8088000 JavaThread "Reference Handler" daemon [_thread_blocked, id=3917, stack(0x00007fd3d8275000,0x00007fd3d8376000)]
  0x00007fd3f808a000 JavaThread "Finalizer" daemon [_thread_blocked, id=3920, stack(0x00007fd3d8174000,0x00007fd3d8275000)]
  0x00007fd3f808f800 JavaThread "Signal Dispatcher" daemon [_thread_blocked, id=3924, stack(0x00007fd3d8073000,0x00007fd3d8174000)]
  0x00007fd3f8091800 JavaThread "C2 CompilerThread0" daemon [_thread_blocked, id=3928, stack(0x00007fd3bbc20000,0x00007fd3bbd21000)]
  0x00007fd3f8093800 JavaThread "C1 CompilerThread0" daemon [_thread_blocked, id=3930, stack(0x00007fd3bbb1f000,0x00007fd3bbc20000)]
  0x00007fd3f8095800 JavaThread "Sweeper thread" daemon [_thread_blocked, id=3933, stack(0x00007fd3bba1e000,0x00007fd3bbb1f000)]
  0x00007fd3f80cc800 JavaThread "Service Thread" daemon [_thread_blocked, id=3957, stack(0x00007fd3bb91d000,0x00007fd3bba1e000)]
  0x00007fd3f80d5800 JavaThread "Common-Cleaner" daemon [_thread_blocked, id=3963, stack(0x00007fd3bb71a000,0x00007fd3bb81b000)]

Other Threads:
=>0x00007fd3f8085000 VMThread "VM Thread" [stack: 0x00007fd3d8378000,0x00007fd3d8478000] [id=3915]
  0x00007fd3f80cf000 WatcherThread [stack: 0x00007fd3bb81d000,0x00007fd3bb91d000] [id=3958]
  0x00007fd3f8028000 GCTaskThread "GC Thread#0" [stack: 0x00007fd3e0680000,0x00007fd3e0780000] [id=3908]
  0x00007fd3c8001000 GCTaskThread "GC Thread#1" [stack: 0x00007fd3bb1f2000,0x00007fd3bb2f2000] [id=3977]
  0x00007fd3f8037800 ConcurrentGCThread "G1 Main Marker" [stack: 0x00007fd3e00c4000,0x00007fd3e01c4000] [id=3909]
  0x00007fd3f8039000 ConcurrentGCThread "G1 Conc#0" [stack: 0x00007fd3db080000,0x00007fd3db180000] [id=3910]
  0x00007fd3f805a800 ConcurrentGCThread "G1 Refine#0" [stack: 0x00007fd3d8d7c000,0x00007fd3d8e7c000] [id=3911]
  0x00007fd3d0001000 ConcurrentGCThread "G1 Refine#1" [stack: 0x00007fd3bb0f0000,0x00007fd3bb1f0000] [id=3978]
  0x00007fd3f805c800 ConcurrentGCThread "G1 Young RemSet Sampling" [stack: 0x00007fd3d8c7a000,0x00007fd3d8d7a000] [id=3912]

Threads with active compile tasks:
C2 CompilerThread04229   !   4       com.sun.tools.javac.parser.JavaTokenizer::readToken (2179 bytes)

VM state:at safepoint (normal execution)

VM Mutex/Monitor currently owned by a thread:  ([mutex/lock_event])
[0x00007fd3f800e440] Threads_lock - owner thread: 0x00007fd3f8085000
[0x00007fd3f800eb90] Heap_lock - owner thread: 0x00007fd3f8012000

Heap address: 0x00000000e3000000, size: 464 MB, Compressed Oops mode: 32-bit
Narrow klass base: 0x0000000800000000, Narrow klass shift: 3
Compressed class space size: 1073741824 Address: 0x0000000840000000

Heap:
 garbage-first heap   total 104448K, used 22607K [0x00000000e3000000, 0x0000000100000000)
  region size 1024K, 1 young (1024K), 1 survivors (1024K)
 Metaspace       used 23641K, capacity 24418K, committed 24832K, reserved 1071104K
  class space    used 2763K, capacity 3000K, committed 3072K, reserved 1048576K
Heap Regions: E=young(eden), S=young(survivor), O=old, HS=humongous(starts), HC=humongous(continues), CS=collection set, F=free, A=archive, TAMS=top-at-mark-start (previous, next)
|   0|0x00000000e3000000, 0x00000000e3100000, 0x00000000e3100000|100%| O|  |TAMS 0x00000000e3100000, 0x00000000e3100000| Untracked 
|   1|0x00000000e3100000, 0x00000000e3200000, 0x00000000e3200000|100%| O|  |TAMS 0x00000000e3200000, 0x00000000e3200000| Untracked 
|   2|0x00000000e3200000, 0x00000000e3300000, 0x00000000e3300000|100%| O|  |TAMS 0x00000000e3300000, 0x00000000e3300000| Untracked 
|   3|0x00000000e3300000, 0x00000000e3400000, 0x00000000e3400000|100%| O|  |TAMS 0x00000000e3400000, 0x00000000e3400000| Untracked 
|   4|0x00000000e3400000, 0x00000000e3500000, 0x00000000e3500000|100%| O|  |TAMS 0x00000000e3500000, 0x00000000e3500000| Untracked 
|   5|0x00000000e3500000, 0x00000000e3600000, 0x00000000e3600000|100%| O|  |TAMS 0x00000000e3600000, 0x00000000e3600000| Untracked 
|   6|0x00000000e3600000, 0x00000000e3700000, 0x00000000e3700000|100%| O|  |TAMS 0x00000000e3700000, 0x00000000e3700000| Untracked 
|   7|0x00000000e3700000, 0x00000000e3800000, 0x00000000e3800000|100%| O|  |TAMS 0x00000000e3800000, 0x00000000e3800000| Untracked 
|   8|0x00000000e3800000, 0x00000000e3900000, 0x00000000e3900000|100%| O|  |TAMS 0x00000000e3900000, 0x00000000e3900000| Untracked 
|   9|0x00000000e3900000, 0x00000000e3a00000, 0x00000000e3a00000|100%| O|  |TAMS 0x00000000e3a00000, 0x00000000e3a00000| Untracked 
|  10|0x00000000e3a00000, 0x00000000e3b00000, 0x00000000e3b00000|100%| O|  |TAMS 0x00000000e3b00000, 0x00000000e3b00000| Untracked 
|  11|0x00000000e3b00000, 0x00000000e3c00000, 0x00000000e3c00000|100%| O|  |TAMS 0x00000000e3c00000, 0x00000000e3c00000| Untracked 
|  12|0x00000000e3c00000, 0x00000000e3d00000, 0x00000000e3d00000|100%| O|  |TAMS 0x00000000e3d00000, 0x00000000e3d00000| Untracked 
|  13|0x00000000e3d00000, 0x00000000e3e00000, 0x00000000e3e00000|100%| O|  |TAMS 0x00000000e3d3b200, 0x00000000e3e00000| Untracked 
|  14|0x00000000e3e00000, 0x00000000e3f00000, 0x00000000e3f00000|100%| O|  |TAMS 0x00000000e3e00000, 0x00000000e3f00000| Untracked 
|  15|0x00000000e3f00000, 0x00000000e4000000, 0x00000000e4000000|100%| O|  |TAMS 0x00000000e3f00000, 0x00000000e4000000| Untracked 
|  16|0x00000000e4000000, 0x00000000e4100000, 0x00000000e4100000|100%| O|  |TAMS 0x00000000e4000000, 0x00000000e4100000| Untracked 
|  17|0x00000000e4100000, 0x00000000e4200000, 0x00000000e4200000|100%| O|  |TAMS 0x00000000e4100000, 0x00000000e4200000| Untracked 
|  18|0x00000000e4200000, 0x00000000e4300000, 0x00000000e4300000|100%| O|  |TAMS 0x00000000e4200000, 0x00000000e426fa00| Untracked 
|  19|0x00000000e4300000, 0x00000000e4400000, 0x00000000e4400000|100%| O|  |TAMS 0x00000000e4300000, 0x00000000e4300000| Untracked 
|  20|0x00000000e4400000, 0x00000000e4500000, 0x00000000e4500000|100%| O|  |TAMS 0x00000000e4400000, 0x00000000e4400000| Untracked 
|  21|0x00000000e4500000, 0x00000000e456fe00, 0x00000000e4600000| 43%| O|  |TAMS 0x00000000e4500000, 0x00000000e4500000| Untracked 
|  22|0x00000000e4600000, 0x00000000e4600000, 0x00000000e4700000|  0%| F|  |TAMS 0x00000000e4600000, 0x00000000e4600000| Untracked 
|  23|0x00000000e4700000, 0x00000000e4700000, 0x00000000e4800000|  0%| F|  |TAMS 0x00000000e4700000, 0x00000000e4700000| Untracked 
|  24|0x00000000e4800000, 0x00000000e4800000, 0x00000000e4900000|  0%| F|  |TAMS 0x00000000e4800000, 0x00000000e4800000| Untracked 
|  25|0x00000000e4900000, 0x00000000e4900000, 0x00000000e4a00000|  0%| F|  |TAMS 0x00000000e4900000, 0x00000000e4900000| Untracked 
|  26|0x00000000e4a00000, 0x00000000e4a00000, 0x00000000e4b00000|  0%| F|  |TAMS 0x00000000e4a00000, 0x00000000e4a00000| Untracked 
|  27|0x00000000e4b00000, 0x00000000e4b00000, 0x00000000e4c00000|  0%| F|  |TAMS 0x00000000e4b00000, 0x00000000e4b00000| Untracked 
|  28|0x00000000e4c00000, 0x00000000e4c00000, 0x00000000e4d00000|  0%| F|  |TAMS 0x00000000e4c00000, 0x00000000e4c00000| Untracked 
|  29|0x00000000e4d00000, 0x00000000e4d00000, 0x00000000e4e00000|  0%| F|  |TAMS 0x00000000e4d00000, 0x00000000e4d00000| Untracked 
|  30|0x00000000e4e00000, 0x00000000e4e00000, 0x00000000e4f00000|  0%| F|  |TAMS 0x00000000e4e00000, 0x00000000e4e00000| Untracked 
|  31|0x00000000e4f00000, 0x00000000e4f00000, 0x00000000e5000000|  0%| F|  |TAMS 0x00000000e4f00000, 0x00000000e4f00000| Untracked 
|  32|0x00000000e5000000, 0x00000000e5000000, 0x00000000e5100000|  0%| F|  |TAMS 0x00000000e5000000, 0x00000000e5000000| Untracked 
|  33|0x00000000e5100000, 0x00000000e5100000, 0x00000000e5200000|  0%| F|  |TAMS 0x00000000e5100000, 0x00000000e5100000| Untracked 
|  34|0x00000000e5200000, 0x00000000e5200000, 0x00000000e5300000|  0%| F|  |TAMS 0x00000000e5200000, 0x00000000e5200000| Untracked 
|  35|0x00000000e5300000, 0x00000000e5300000, 0x00000000e5400000|  0%| F|  |TAMS 0x00000000e5300000, 0x00000000e5300000| Untracked 
|  36|0x00000000e5400000, 0x00000000e5400000, 0x00000000e5500000|  0%| F|  |TAMS 0x00000000e5400000, 0x00000000e5400000| Untracked 
|  37|0x00000000e5500000, 0x00000000e5500000, 0x00000000e5600000|  0%| F|  |TAMS 0x00000000e5500000, 0x00000000e5500000| Untracked 
|  38|0x00000000e5600000, 0x00000000e5600000, 0x00000000e5700000|  0%| F|  |TAMS 0x00000000e5600000, 0x00000000e5600000| Untracked 
|  39|0x00000000e5700000, 0x00000000e5700000, 0x00000000e5800000|  0%| F|  |TAMS 0x00000000e5700000, 0x00000000e5700000| Untracked 
|  40|0x00000000e5800000, 0x00000000e5800000, 0x00000000e5900000|  0%| F|  |TAMS 0x00000000e5800000, 0x00000000e5800000| Untracked 
|  41|0x00000000e5900000, 0x00000000e5900000, 0x00000000e5a00000|  0%| F|  |TAMS 0x00000000e5900000, 0x00000000e5900000| Untracked 
|  42|0x00000000e5a00000, 0x00000000e5a00000, 0x00000000e5b00000|  0%| F|  |TAMS 0x00000000e5a00000, 0x00000000e5a00000| Untracked 
|  43|0x00000000e5b00000, 0x00000000e5b00000, 0x00000000e5c00000|  0%| F|  |TAMS 0x00000000e5b00000, 0x00000000e5b00000| Untracked 
|  44|0x00000000e5c00000, 0x00000000e5c00000, 0x00000000e5d00000|  0%| F|  |TAMS 0x00000000e5c00000, 0x00000000e5c00000| Untracked 
|  45|0x00000000e5d00000, 0x00000000e5d00000, 0x00000000e5e00000|  0%| F|  |TAMS 0x00000000e5d00000, 0x00000000e5d00000| Untracked 
|  46|0x00000000e5e00000, 0x00000000e5e00000, 0x00000000e5f00000|  0%| F|  |TAMS 0x00000000e5e00000, 0x00000000e5e00000| Untracked 
|  47|0x00000000e5f00000, 0x00000000e5f05ee8, 0x00000000e6000000|  2%| S|CS|TAMS 0x00000000e5f00000, 0x00000000e5f00000| Complete 
|  48|0x00000000e6000000, 0x00000000e6000000, 0x00000000e6100000|  0%| F|  |TAMS 0x00000000e6000000, 0x00000000e6000000| Untracked 
| 462|0x00000000ffe00000, 0x00000000ffe34000, 0x00000000fff00000| 20%|OA|  |TAMS 0x00000000ffe34000, 0x00000000ffe34000| Untracked 
| 463|0x00000000fff00000, 0x00000000fff6a000, 0x0000000100000000| 41%|CA|  |TAMS 0x00000000fff6a000, 0x00000000fff6a000| Untracked 

Card table byte_map: [0x00007fd3e02ac000,0x00007fd3e0394000] _byte_map_base: 0x00007fd3dfb94000

Marking Bits (Prev, Next): (CMBitMap*) 0x00007fd3f8034ac0, (CMBitMap*) 0x00007fd3f8034a88
 Prev Bits: [0x00007fd3db180000, 0x00007fd3db8c0000)
 Next Bits: [0x00007fd3db8c0000, 0x00007fd3dc000000)

Polling page: 0x00007fd3fff12000

Metaspace:

Usage:
  Non-class:     20,92 MB capacity,    20,39 MB ( 97%) used,   501,52 KB (  2%) free+waste,    38,31 KB ( <1%) overhead. 
      Class:      2,93 MB capacity,     2,70 MB ( 92%) used,   219,06 KB (  7%) free+waste,    17,75 KB ( <1%) overhead. 
       Both:     23,85 MB capacity,    23,09 MB ( 97%) used,   720,58 KB (  3%) free+waste,    56,06 KB ( <1%) overhead. 

Virtual space:
  Non-class space:       22,00 MB reserved,      21,25 MB ( 97%) committed 
      Class space:        1,00 GB reserved,       3,00 MB ( <1%) committed 
             Both:        1,02 GB reserved,      24,25 MB (  2%) committed 

Chunk freelists:
   Non-Class:  94,00 KB
       Class:  8,00 KB
        Both:  102,00 KB

CodeHeap 'non-profiled nmethods': size=120036Kb used=1635Kb max_used=1635Kb free=118400Kb
 bounds [0x00007fd3e841d000, 0x00007fd3e868d000, 0x00007fd3ef956000]
CodeHeap 'profiled nmethods': size=120032Kb used=8861Kb max_used=8861Kb free=111170Kb
 bounds [0x00007fd3e0ee5000, 0x00007fd3e1795000, 0x00007fd3e841d000]
CodeHeap 'non-nmethods': size=5692Kb used=1121Kb max_used=1138Kb free=4570Kb
 bounds [0x00007fd3e0956000, 0x00007fd3e0bc6000, 0x00007fd3e0ee5000]
 total_blobs=5391 nmethods=4134 adapters=363
 compilation: enabled
              stopped_count=0, restarted_count=0
 full_count=0

Compilation events (10 events):
Event: 149,961 Thread 0x00007fd3f8093800 4422       2       jdk.nio.zipfs.ZipConstants::CENCOM (9 bytes)
Event: 149,964 Thread 0x00007fd3f8093800 nmethod 4422 0x00007fd3e178c510 code [0x00007fd3e178c6c0, 0x00007fd3e178c850]
Event: 149,964 Thread 0x00007fd3f8093800 4421       2       jdk.nio.zipfs.ZipFileSystem$IndexNode::<init> (109 bytes)
Event: 149,984 Thread 0x00007fd3f8093800 nmethod 4421 0x00007fd3e178c990 code [0x00007fd3e178cb80, 0x00007fd3e178d068]
Event: 149,984 Thread 0x00007fd3f8093800 4423       2       jdk.nio.zipfs.ZipFileSystem$ParentLookup::as (8 bytes)
Event: 149,985 Thread 0x00007fd3f8093800 nmethod 4423 0x00007fd3e178d290 code [0x00007fd3e178d440, 0x00007fd3e178d5e8]
Event: 151,073 Thread 0x00007fd3f8093800 4424       2       java.nio.file.Files$AcceptAllFilter::accept (9 bytes)
Event: 151,174 Thread 0x00007fd3f8093800 nmethod 4424 0x00007fd3e178d690 code [0x00007fd3e178d840, 0x00007fd3e178da10]
Event: 151,231 Thread 0x00007fd3f8093800 4426       2       jdk.nio.zipfs.ZipFileSystem$IndexNode::<init> (10 bytes)
Event: 151,239 Thread 0x00007fd3f8093800 nmethod 4426 0x00007fd3e178da90 code [0x00007fd3e178dc40, 0x00007fd3e178ddb0]

GC Heap History (10 events):
Event: 73,576 GC heap after
{Heap after GC invocations=14 (full 0):
 garbage-first heap   total 52224K, used 14463K [0x00000000e3000000, 0x0000000100000000)
  region size 1024K, 3 young (3072K), 3 survivors (3072K)
 Metaspace       used 16033K, capacity 17472K, committed 17792K, reserved 1064960K
  class space    used 1857K, capacity 2122K, committed 2176K, reserved 1048576K
}
Event: 122,898 GC heap before
{Heap before GC invocations=14 (full 0):
 garbage-first heap   total 52224K, used 36991K [0x00000000e3000000, 0x0000000100000000)
  region size 1024K, 26 young (26624K), 3 survivors (3072K)
 Metaspace       used 17906K, capacity 19275K, committed 19584K, reserved 1067008K
  class space    used 2079K, capacity 2346K, committed 2432K, reserved 1048576K
}
Event: 123,475 GC heap after
{Heap after GC invocations=15 (full 0):
 garbage-first heap   total 52224K, used 15224K [0x00000000e3000000, 0x0000000100000000)
  region size 1024K, 3 young (3072K), 3 survivors (3072K)
 Metaspace       used 17906K, capacity 19275K, committed 19584K, reserved 1067008K
  class space    used 2079K, capacity 2346K, committed 2432K, reserved 1048576K
}
Event: 131,061 GC heap before
{Heap before GC invocations=15 (full 0):
 garbage-first heap   total 52224K, used 36728K [0x00000000e3000000, 0x0000000100000000)
  region size 1024K, 25 young (25600K), 3 survivors (3072K)
 Metaspace       used 17913K, capacity 19275K, committed 19584K, reserved 1067008K
  class space    used 2079K, capacity 2346K, committed 2432K, reserved 1048576K
}
Event: 131,125 GC heap after
{Heap after GC invocations=16 (full 0):
 garbage-first heap   total 52224K, used 15873K [0x00000000e3000000, 0x0000000100000000)
  region size 1024K, 2 young (2048K), 2 survivors (2048K)
 Metaspace       used 17913K, capacity 19275K, committed 19584K, reserved 1067008K
  class space    used 2079K, capacity 2346K, committed 2432K, reserved 1048576K
}
Event: 134,922 GC heap before
{Heap before GC invocations=16 (full 0):
 garbage-first heap   total 52224K, used 19969K [0x00000000e3000000, 0x0000000100000000)
  region size 1024K, 8 young (8192K), 2 survivors (2048K)
 Metaspace       used 19947K, capacity 21051K, committed 21296K, reserved 1069056K
  class space    used 2361K, capacity 2600K, committed 2688K, reserved 1048576K
}
Event: 134,948 GC heap after
{Heap after GC invocations=17 (full 0):
 garbage-first heap   total 52224K, used 15591K [0x00000000e3000000, 0x0000000100000000)
  region size 1024K, 2 young (2048K), 2 survivors (2048K)
 Metaspace       used 19947K, capacity 21051K, committed 21296K, reserved 1069056K
  class space    used 2361K, capacity 2600K, committed 2688K, reserved 1048576K
}
Event: 152,444 GC heap before
{Heap before GC invocations=18 (full 0):
 garbage-first heap   total 52224K, used 32999K [0x00000000e3000000, 0x0000000100000000)
  region size 1024K, 20 young (20480K), 2 survivors (2048K)
 Metaspace       used 23641K, capacity 24418K, committed 24832K, reserved 1071104K
  class space    used 2763K, capacity 3000K, committed 3072K, reserved 1048576K
}
Event: 157,465 GC heap after
{Heap after GC invocations=19 (full 0):
 garbage-first heap   total 52224K, used 22582K [0x00000000e3000000, 0x0000000100000000)
  region size 1024K, 3 young (3072K), 3 survivors (3072K)
 Metaspace       used 23641K, capacity 24418K, committed 24832K, reserved 1071104K
  class space    used 2763K, capacity 3000K, committed 3072K, reserved 1048576K
}
Event: 157,828 GC heap before
{Heap before GC invocations=19 (full 0):
 garbage-first heap   total 52224K, used 22582K [0x00000000e3000000, 0x0000000100000000)
  region size 1024K, 4 young (4096K), 3 survivors (3072K)
 Metaspace       used 23641K, capacity 24418K, committed 24832K, reserved 1071104K
  class space    used 2763K, capacity 3000K, committed 3072K, reserved 1048576K
}

Deoptimization events (10 events):
Event: 141,435 Thread 0x00007fd3f8012000 DEOPT PACKING pc=0x00007fd3e85a685c sp=0x00007fd3ffef7350
Event: 141,435 Thread 0x00007fd3f8012000 DEOPT UNPACKING pc=0x00007fd3e097de1f sp=0x00007fd3ffef7310 mode 2
Event: 143,139 Thread 0x00007fd3f8012000 Uncommon trap: trap_request=0xffffff4d fr.pc=0x00007fd3e85abd3c relative=0x000000000000021c
Event: 143,140 Thread 0x00007fd3f8012000 Uncommon trap: reason=unstable_if action=reinterpret pc=0x00007fd3e85abd3c method=com.sun.tools.javac.util.Name$Table.equals([BI[BII)Z @ 22 c2
Event: 143,140 Thread 0x00007fd3f8012000 DEOPT PACKING pc=0x00007fd3e85abd3c sp=0x00007fd3ffef6da0
Event: 143,141 Thread 0x00007fd3f8012000 DEOPT UNPACKING pc=0x00007fd3e097de1f sp=0x00007fd3ffef6d38 mode 2
Event: 143,644 Thread 0x00007fd3f8012000 Uncommon trap: trap_request=0xffffff4d fr.pc=0x00007fd3e847fe30 relative=0x0000000000000090
Event: 143,645 Thread 0x00007fd3f8012000 Uncommon trap: reason=unstable_if action=reinterpret pc=0x00007fd3e847fe30 method=java.lang.CharacterDataLatin1.isWhitespace(I)Z @ 14 c2
Event: 143,645 Thread 0x00007fd3f8012000 DEOPT PACKING pc=0x00007fd3e847fe30 sp=0x00007fd3ffef7440
Event: 143,645 Thread 0x00007fd3f8012000 DEOPT UNPACKING pc=0x00007fd3e097de1f sp=0x00007fd3ffef73d0 mode 2

Classes redefined (0 events):
No events

Internal exceptions (10 events):
Event: 29,899 Thread 0x00007fd3f8012000 Implicit null exception at 0x00007fd3e8490885 to 0x00007fd3e8490a62
Event: 29,908 Thread 0x00007fd3f8012000 Implicit null exception at 0x00007fd3e848902f to 0x00007fd3e84890ad
Event: 66,574 Thread 0x00007fd3f8012000 Exception <a 'java/lang/NoClassDefFoundError'{0x00000000e5e10fb8}: org/codehaus/plexus/util/interpolation/ValueSource> (0x00000000e5e10fb8) thrown at [/build/openjdk-lts-7bqZff/openjdk-lts-11.0.4+11/src/hotspot/share/classfile/systemDictionary.cpp, line 2
Event: 66,903 Thread 0x00007fd3f8012000 Exception <a 'java/lang/NoClassDefFoundError'{0x00000000e5eb11d8}: org/sonatype/aether/graph/DependencyNode> (0x00000000e5eb11d8) thrown at [/build/openjdk-lts-7bqZff/openjdk-lts-11.0.4+11/src/hotspot/share/classfile/systemDictionary.cpp, line 220]
Event: 132,250 Thread 0x00007fd3f8012000 Exception <a 'java/lang/NoSuchMethodError'{0x00000000e5dd7218}: 'void java.lang.invoke.DirectMethodHandle$Holder.invokeSpecial(java.lang.Object, java.lang.Object, int, java.lang.Object)'> (0x00000000e5dd7218) thrown at [/build/openjdk-lts-7bqZff/openjdk-l
Event: 132,289 Thread 0x00007fd3f8012000 Exception <a 'java/lang/NoSuchMethodError'{0x00000000e5dde408}: 'java.lang.Object java.lang.invoke.Invokers$Holder.linkToTargetMethod(java.lang.Object, int, java.lang.Object)'> (0x00000000e5dde408) thrown at [/build/openjdk-lts-7bqZff/openjdk-lts-11.0.4+1
Event: 132,597 Thread 0x00007fd3f8012000 Exception <a 'java/lang/NoSuchMethodError'{0x00000000e5dff438}: 'int java.lang.invoke.DirectMethodHandle$Holder.invokeVirtual(java.lang.Object, java.lang.Object, java.lang.Object)'> (0x00000000e5dff438) thrown at [/build/openjdk-lts-7bqZff/openjdk-lts-11.
Event: 134,657 Thread 0x00007fd3f8012000 Exception <a 'java/lang/NoSuchMethodError'{0x00000000e5b12ed0}: 'int java.lang.invoke.DirectMethodHandle$Holder.invokeStaticInit(java.lang.Object, java.lang.Object)'> (0x00000000e5b12ed0) thrown at [/build/openjdk-lts-7bqZff/openjdk-lts-11.0.4+11/src/hots
Event: 137,109 Thread 0x00007fd3f8012000 Exception <a 'java/lang/NoSuchMethodError'{0x00000000e60bcc28}: 'int java.lang.invoke.DirectMethodHandle$Holder.invokeVirtual(java.lang.Object, java.lang.Object)'> (0x00000000e60bcc28) thrown at [/build/openjdk-lts-7bqZff/openjdk-lts-11.0.4+11/src/hotspot
Event: 137,383 Thread 0x00007fd3f8012000 Exception <a 'java/lang/NoSuchMethodError'{0x00000000e60eb8b0}: 'java.lang.Object java.lang.invoke.Invokers$Holder.linkToTargetMethod(java.lang.Object, java.lang.Object, java.lang.Object, java.lang.Object, java.lang.Object, java.lang.Object)'> (0x00000000

Events (10 events):
Event: 146,424 loading class jdk/internal/jimage/ImageReader$LinkNode done
Event: 148,882 loading class com/sun/tools/javac/resources/spi/ctProvider
Event: 148,882 loading class com/sun/tools/javac/resources/spi/ctProvider done
Event: 149,090 loading class com/sun/tools/javac/code/Symbol$PackageSymbol
Event: 149,090 loading class com/sun/tools/javac/code/Symbol$PackageSymbol done
Event: 149,174 loading class com/sun/tools/javac/code/ClassFinder
Event: 149,174 loading class com/sun/tools/javac/code/ClassFinder done
Event: 152,017 Executing VM operation: G1CollectForAllocation
Event: 157,498 Executing VM operation: G1CollectForAllocation done
Event: 157,769 Executing VM operation: G1CollectForAllocation


Dynamic libraries:
e3000000-e6100000 rw-p 00000000 00:00 0 
e9400000-ffe00000 ---p 00000000 00:00 0 
ffe00000-ffe34000 rw-p 01116000 b3:06 1437553                            /usr/lib/jvm/java-11-openjdk-amd64/lib/server/classes.jsa
ffe34000-fff00000 rw-p 00000000 00:00 0 
fff00000-fff6a000 rw-p 010ac000 b3:06 1437553                            /usr/lib/jvm/java-11-openjdk-amd64/lib/server/classes.jsa
fff6a000-100000000 rw-p 00000000 00:00 0 
800000000-800002000 rwxp 00001000 b3:06 1437553                          /usr/lib/jvm/java-11-openjdk-amd64/lib/server/classes.jsa
800002000-8003bd000 rw-p 00003000 b3:06 1437553                          /usr/lib/jvm/java-11-openjdk-amd64/lib/server/classes.jsa
8003bd000-800a98000 r--p 003be000 b3:06 1437553                          /usr/lib/jvm/java-11-openjdk-amd64/lib/server/classes.jsa
800a98000-800a99000 rw-p 00a99000 b3:06 1437553                          /usr/lib/jvm/java-11-openjdk-amd64/lib/server/classes.jsa
800a99000-8010ab000 r--p 00a9a000 b3:06 1437553                          /usr/lib/jvm/java-11-openjdk-amd64/lib/server/classes.jsa
840000000-840300000 rw-p 00000000 00:00 0 
840300000-880000000 ---p 00000000 00:00 0 
555c70944000-555c70945000 r-xp 00000000 b3:06 1441529                    /usr/lib/jvm/java-11-openjdk-amd64/bin/java
555c70b45000-555c70b46000 r--p 00001000 b3:06 1441529                    /usr/lib/jvm/java-11-openjdk-amd64/bin/java
555c70b46000-555c70b47000 rw-p 00002000 b3:06 1441529                    /usr/lib/jvm/java-11-openjdk-amd64/bin/java
555c70fc0000-555c70fe1000 rw-p 00000000 00:00 0                          [heap]
7fd39c000000-7fd39c021000 rw-p 00000000 00:00 0 
7fd39c021000-7fd3a0000000 ---p 00000000 00:00 0 
7fd3a4000000-7fd3a4021000 rw-p 00000000 00:00 0 
7fd3a4021000-7fd3a8000000 ---p 00000000 00:00 0 
7fd3a8000000-7fd3a8021000 rw-p 00000000 00:00 0 
7fd3a8021000-7fd3ac000000 ---p 00000000 00:00 0 
7fd3ac000000-7fd3ad39a000 rw-p 00000000 00:00 0 
7fd3ad39a000-7fd3b0000000 ---p 00000000 00:00 0 
7fd3b0000000-7fd3b069f000 rw-p 00000000 00:00 0 
7fd3b069f000-7fd3b4000000 ---p 00000000 00:00 0 
7fd3b4000000-7fd3b4021000 rw-p 00000000 00:00 0 
7fd3b4021000-7fd3b8000000 ---p 00000000 00:00 0 
7fd3ba2ee000-7fd3ba42e000 rw-p 00000000 00:00 0 
7fd3ba42e000-7fd3ba4ee000 ---p 00000000 00:00 0 
7fd3ba4ee000-7fd3ba6ee000 rw-p 00000000 00:00 0 
7fd3ba6ee000-7fd3ba8ee000 rw-p 00000000 00:00 0 
7fd3ba8ee000-7fd3baaee000 rw-p 00000000 00:00 0 
7fd3baaee000-7fd3bacee000 rw-p 00000000 00:00 0 
7fd3bacee000-7fd3baeee000 rw-p 00000000 00:00 0 
7fd3baeee000-7fd3bb0ee000 rw-p 00000000 00:00 0 
7fd3bb0ee000-7fd3bb0ef000 ---p 00000000 00:00 0 
7fd3bb0ef000-7fd3bb1f0000 rw-p 00000000 00:00 0 
7fd3bb1f0000-7fd3bb1f1000 ---p 00000000 00:00 0 
7fd3bb1f1000-7fd3bb2f2000 rw-p 00000000 00:00 0 
7fd3bb2f2000-7fd3bb308000 r-xp 00000000 b3:06 1441803                    /usr/lib/jvm/java-11-openjdk-amd64/lib/libnet.so
7fd3bb308000-7fd3bb507000 ---p 00016000 b3:06 1441803                    /usr/lib/jvm/java-11-openjdk-amd64/lib/libnet.so
7fd3bb507000-7fd3bb508000 r--p 00015000 b3:06 1441803                    /usr/lib/jvm/java-11-openjdk-amd64/lib/libnet.so
7fd3bb508000-7fd3bb509000 rw-p 00016000 b3:06 1441803                    /usr/lib/jvm/java-11-openjdk-amd64/lib/libnet.so
7fd3bb509000-7fd3bb519000 r-xp 00000000 b3:06 1441805                    /usr/lib/jvm/java-11-openjdk-amd64/lib/libnio.so
7fd3bb519000-7fd3bb718000 ---p 00010000 b3:06 1441805                    /usr/lib/jvm/java-11-openjdk-amd64/lib/libnio.so
7fd3bb718000-7fd3bb719000 r--p 0000f000 b3:06 1441805                    /usr/lib/jvm/java-11-openjdk-amd64/lib/libnio.so
7fd3bb719000-7fd3bb71a000 rw-p 00010000 b3:06 1441805                    /usr/lib/jvm/java-11-openjdk-amd64/lib/libnio.so
7fd3bb71a000-7fd3bb71e000 ---p 00000000 00:00 0 
7fd3bb71e000-7fd3bb81b000 rw-p 00000000 00:00 0 
7fd3bb81b000-7fd3bb81c000 ---p 00000000 00:00 0 
7fd3bb81c000-7fd3bb91d000 rw-p 00000000 00:00 0 
7fd3bb91d000-7fd3bb921000 ---p 00000000 00:00 0 
7fd3bb921000-7fd3bba1e000 rw-p 00000000 00:00 0 
7fd3bba1e000-7fd3bba22000 ---p 00000000 00:00 0 
7fd3bba22000-7fd3bbb1f000 rw-p 00000000 00:00 0 
7fd3bbb1f000-7fd3bbb23000 ---p 00000000 00:00 0 
7fd3bbb23000-7fd3bbc20000 rw-p 00000000 00:00 0 
7fd3bbc20000-7fd3bbc24000 ---p 00000000 00:00 0 
7fd3bbc24000-7fd3bbd21000 rw-p 00000000 00:00 0 
7fd3bbd21000-7fd3bc000000 r--p 00000000 b3:06 1443645                    /usr/lib/locale/locale-archive
7fd3bc000000-7fd3bc021000 rw-p 00000000 00:00 0 
7fd3bc021000-7fd3c0000000 ---p 00000000 00:00 0 
7fd3c0000000-7fd3c0021000 rw-p 00000000 00:00 0 
7fd3c0021000-7fd3c4000000 ---p 00000000 00:00 0 
7fd3c4000000-7fd3c4021000 rw-p 00000000 00:00 0 
7fd3c4021000-7fd3c8000000 ---p 00000000 00:00 0 
7fd3c8000000-7fd3c804b000 rw-p 00000000 00:00 0 
7fd3c804b000-7fd3cc000000 ---p 00000000 00:00 0 
7fd3cc000000-7fd3cc021000 rw-p 00000000 00:00 0 
7fd3cc021000-7fd3d0000000 ---p 00000000 00:00 0 
7fd3d0000000-7fd3d0021000 rw-p 00000000 00:00 0 
7fd3d0021000-7fd3d4000000 ---p 00000000 00:00 0 
7fd3d4000000-7fd3d4021000 rw-p 00000000 00:00 0 
7fd3d4021000-7fd3d8000000 ---p 00000000 00:00 0 
7fd3d8073000-7fd3d8077000 ---p 00000000 00:00 0 
7fd3d8077000-7fd3d8174000 rw-p 00000000 00:00 0 
7fd3d8174000-7fd3d8178000 ---p 00000000 00:00 0 
7fd3d8178000-7fd3d8275000 rw-p 00000000 00:00 0 
7fd3d8275000-7fd3d8279000 ---p 00000000 00:00 0 
7fd3d8279000-7fd3d8376000 rw-p 00000000 00:00 0 
7fd3d8376000-7fd3d8377000 ---p 00000000 00:00 0 
7fd3d8377000-7fd3d8c78000 rw-p 00000000 00:00 0 
7fd3d8c78000-7fd3d8c79000 ---p 00000000 00:00 0 
7fd3d8c79000-7fd3d8d7a000 rw-p 00000000 00:00 0 
7fd3d8d7a000-7fd3d8d7b000 ---p 00000000 00:00 0 
7fd3d8d7b000-7fd3db07e000 rw-p 00000000 00:00 0 
7fd3db07e000-7fd3db07f000 ---p 00000000 00:00 0 
7fd3db07f000-7fd3db244000 rw-p 00000000 00:00 0 
7fd3db244000-7fd3db8b8000 ---p 00000000 00:00 0 
7fd3db8b8000-7fd3db984000 rw-p 00000000 00:00 0 
7fd3db984000-7fd3dbff8000 ---p 00000000 00:00 0 
7fd3dbff8000-7fd3dc000000 rw-p 00000000 00:00 0 
7fd3dc000000-7fd3dc021000 rw-p 00000000 00:00 0 
7fd3dc021000-7fd3e0000000 ---p 00000000 00:00 0 
7fd3e00c2000-7fd3e00c3000 ---p 00000000 00:00 0 
7fd3e00c3000-7fd3e01dd000 rw-p 00000000 00:00 0 
7fd3e01dd000-7fd3e02ab000 ---p 00000000 00:00 0 
7fd3e02ab000-7fd3e02c5000 rw-p 00000000 00:00 0 
7fd3e02c5000-7fd3e0393000 ---p 00000000 00:00 0 
7fd3e0393000-7fd3e03ad000 rw-p 00000000 00:00 0 
7fd3e03ad000-7fd3e047b000 ---p 00000000 00:00 0 
7fd3e047b000-7fd3e067e000 rw-p 00000000 00:00 0 
7fd3e067e000-7fd3e067f000 ---p 00000000 00:00 0 
7fd3e067f000-7fd3e0785000 rw-p 00000000 00:00 0 
7fd3e0785000-7fd3e086b000 ---p 00000000 00:00 0 
7fd3e086b000-7fd3e087d000 rw-p 00000000 00:00 0 
7fd3e087d000-7fd3e0956000 ---p 00000000 00:00 0 
7fd3e0956000-7fd3e0bc6000 rwxp 00000000 00:00 0 
7fd3e0bc6000-7fd3e0ee5000 ---p 00000000 00:00 0 
7fd3e0ee5000-7fd3e1795000 rwxp 00000000 00:00 0 
7fd3e1795000-7fd3e841d000 ---p 00000000 00:00 0 
7fd3e841d000-7fd3e868d000 rwxp 00000000 00:00 0 
7fd3e868d000-7fd3ef956000 ---p 00000000 00:00 0 
7fd3ef956000-7fd3f8000000 r--s 00000000 b3:06 1441815                    /usr/lib/jvm/java-11-openjdk-amd64/lib/modules
7fd3f8000000-7fd3f93bf000 rw-p 00000000 00:00 0 
7fd3f93bf000-7fd3fc000000 ---p 00000000 00:00 0 
7fd3fc013000-7fd3fc0c5000 rw-p 00000000 00:00 0 
7fd3fc0c5000-7fd3fc0ca000 r-xp 00000000 b3:06 1441785                    /usr/lib/jvm/java-11-openjdk-amd64/lib/libjimage.so
7fd3fc0ca000-7fd3fc2c9000 ---p 00005000 b3:06 1441785                    /usr/lib/jvm/java-11-openjdk-amd64/lib/libjimage.so
7fd3fc2c9000-7fd3fc2ca000 r--p 00004000 b3:06 1441785                    /usr/lib/jvm/java-11-openjdk-amd64/lib/libjimage.so
7fd3fc2ca000-7fd3fc2cb000 rw-p 00005000 b3:06 1441785                    /usr/lib/jvm/java-11-openjdk-amd64/lib/libjimage.so
7fd3fc2cb000-7fd3fc2d2000 r-xp 00000000 b3:06 1441814                    /usr/lib/jvm/java-11-openjdk-amd64/lib/libzip.so
7fd3fc2d2000-7fd3fc4d1000 ---p 00007000 b3:06 1441814                    /usr/lib/jvm/java-11-openjdk-amd64/lib/libzip.so
7fd3fc4d1000-7fd3fc4d2000 r--p 00006000 b3:06 1441814                    /usr/lib/jvm/java-11-openjdk-amd64/lib/libzip.so
7fd3fc4d2000-7fd3fc4d3000 rw-p 00007000 b3:06 1441814                    /usr/lib/jvm/java-11-openjdk-amd64/lib/libzip.so
7fd3fc4d3000-7fd3fc4de000 r-xp 00000000 b3:06 1050651                    /lib/x86_64-linux-gnu/libnss_files-2.27.so
7fd3fc4de000-7fd3fc6dd000 ---p 0000b000 b3:06 1050651                    /lib/x86_64-linux-gnu/libnss_files-2.27.so
7fd3fc6dd000-7fd3fc6de000 r--p 0000a000 b3:06 1050651                    /lib/x86_64-linux-gnu/libnss_files-2.27.so
7fd3fc6de000-7fd3fc6df000 rw-p 0000b000 b3:06 1050651                    /lib/x86_64-linux-gnu/libnss_files-2.27.so
7fd3fc6df000-7fd3fc6e5000 rw-p 00000000 00:00 0 
7fd3fc6e5000-7fd3fc6fc000 r-xp 00000000 b3:06 1050645                    /lib/x86_64-linux-gnu/libnsl-2.27.so
7fd3fc6fc000-7fd3fc8fb000 ---p 00017000 b3:06 1050645                    /lib/x86_64-linux-gnu/libnsl-2.27.so
7fd3fc8fb000-7fd3fc8fc000 r--p 00016000 b3:06 1050645                    /lib/x86_64-linux-gnu/libnsl-2.27.so
7fd3fc8fc000-7fd3fc8fd000 rw-p 00017000 b3:06 1050645                    /lib/x86_64-linux-gnu/libnsl-2.27.so
7fd3fc8fd000-7fd3fc8ff000 rw-p 00000000 00:00 0 
7fd3fc8ff000-7fd3fc90a000 r-xp 00000000 b3:06 1050662                    /lib/x86_64-linux-gnu/libnss_nis-2.27.so
7fd3fc90a000-7fd3fcb09000 ---p 0000b000 b3:06 1050662                    /lib/x86_64-linux-gnu/libnss_nis-2.27.so
7fd3fcb09000-7fd3fcb0a000 r--p 0000a000 b3:06 1050662                    /lib/x86_64-linux-gnu/libnss_nis-2.27.so
7fd3fcb0a000-7fd3fcb0b000 rw-p 0000b000 b3:06 1050662                    /lib/x86_64-linux-gnu/libnss_nis-2.27.so
7fd3fcb0b000-7fd3fcb13000 r-xp 00000000 b3:06 1050647                    /lib/x86_64-linux-gnu/libnss_compat-2.27.so
7fd3fcb13000-7fd3fcd13000 ---p 00008000 b3:06 1050647                    /lib/x86_64-linux-gnu/libnss_compat-2.27.so
7fd3fcd13000-7fd3fcd14000 r--p 00008000 b3:06 1050647                    /lib/x86_64-linux-gnu/libnss_compat-2.27.so
7fd3fcd14000-7fd3fcd15000 rw-p 00009000 b3:06 1050647                    /lib/x86_64-linux-gnu/libnss_compat-2.27.so
7fd3fcd15000-7fd3fcd3e000 r-xp 00000000 b3:06 1441777                    /usr/lib/jvm/java-11-openjdk-amd64/lib/libjava.so
7fd3fcd3e000-7fd3fcf3d000 ---p 00029000 b3:06 1441777                    /usr/lib/jvm/java-11-openjdk-amd64/lib/libjava.so
7fd3fcf3d000-7fd3fcf3e000 r--p 00028000 b3:06 1441777                    /usr/lib/jvm/java-11-openjdk-amd64/lib/libjava.so
7fd3fcf3e000-7fd3fcf40000 rw-p 00029000 b3:06 1441777                    /usr/lib/jvm/java-11-openjdk-amd64/lib/libjava.so
7fd3fcf40000-7fd3fcf4d000 r-xp 00000000 b3:06 1441812                    /usr/lib/jvm/java-11-openjdk-amd64/lib/libverify.so
7fd3fcf4d000-7fd3fd14c000 ---p 0000d000 b3:06 1441812                    /usr/lib/jvm/java-11-openjdk-amd64/lib/libverify.so
7fd3fd14c000-7fd3fd14e000 r--p 0000c000 b3:06 1441812                    /usr/lib/jvm/java-11-openjdk-amd64/lib/libverify.so
7fd3fd14e000-7fd3fd14f000 rw-p 0000e000 b3:06 1441812                    /usr/lib/jvm/java-11-openjdk-amd64/lib/libverify.so
7fd3fd14f000-7fd3fd156000 r-xp 00000000 b3:06 1050702                    /lib/x86_64-linux-gnu/librt-2.27.so
7fd3fd156000-7fd3fd355000 ---p 00007000 b3:06 1050702                    /lib/x86_64-linux-gnu/librt-2.27.so
7fd3fd355000-7fd3fd356000 r--p 00006000 b3:06 1050702                    /lib/x86_64-linux-gnu/librt-2.27.so
7fd3fd356000-7fd3fd357000 rw-p 00007000 b3:06 1050702                    /lib/x86_64-linux-gnu/librt-2.27.so
7fd3fd357000-7fd3fd36e000 r-xp 00000000 b3:06 1050598                    /lib/x86_64-linux-gnu/libgcc_s.so.1
7fd3fd36e000-7fd3fd56d000 ---p 00017000 b3:06 1050598                    /lib/x86_64-linux-gnu/libgcc_s.so.1
7fd3fd56d000-7fd3fd56e000 r--p 00016000 b3:06 1050598                    /lib/x86_64-linux-gnu/libgcc_s.so.1
7fd3fd56e000-7fd3fd56f000 rw-p 00017000 b3:06 1050598                    /lib/x86_64-linux-gnu/libgcc_s.so.1
7fd3fd56f000-7fd3fd70c000 r-xp 00000000 b3:06 1050624                    /lib/x86_64-linux-gnu/libm-2.27.so
7fd3fd70c000-7fd3fd90b000 ---p 0019d000 b3:06 1050624                    /lib/x86_64-linux-gnu/libm-2.27.so
7fd3fd90b000-7fd3fd90c000 r--p 0019c000 b3:06 1050624                    /lib/x86_64-linux-gnu/libm-2.27.so
7fd3fd90c000-7fd3fd90d000 rw-p 0019d000 b3:06 1050624                    /lib/x86_64-linux-gnu/libm-2.27.so
7fd3fd90d000-7fd3fda86000 r-xp 00000000 b3:06 1446455                    /usr/lib/x86_64-linux-gnu/libstdc++.so.6.0.25
7fd3fda86000-7fd3fdc86000 ---p 00179000 b3:06 1446455                    /usr/lib/x86_64-linux-gnu/libstdc++.so.6.0.25
7fd3fdc86000-7fd3fdc90000 r--p 00179000 b3:06 1446455                    /usr/lib/x86_64-linux-gnu/libstdc++.so.6.0.25
7fd3fdc90000-7fd3fdc92000 rw-p 00183000 b3:06 1446455                    /usr/lib/x86_64-linux-gnu/libstdc++.so.6.0.25
7fd3fdc92000-7fd3fdc96000 rw-p 00000000 00:00 0 
7fd3fdc96000-7fd3fed62000 r-xp 00000000 b3:06 1441824                    /usr/lib/jvm/java-11-openjdk-amd64/lib/server/libjvm.so
7fd3fed62000-7fd3fef61000 ---p 010cc000 b3:06 1441824                    /usr/lib/jvm/java-11-openjdk-amd64/lib/server/libjvm.so
7fd3fef61000-7fd3ff01e000 r--p 010cb000 b3:06 1441824                    /usr/lib/jvm/java-11-openjdk-amd64/lib/server/libjvm.so
7fd3ff01e000-7fd3ff057000 rw-p 01188000 b3:06 1441824                    /usr/lib/jvm/java-11-openjdk-amd64/lib/server/libjvm.so
7fd3ff057000-7fd3ff0ad000 rw-p 00000000 00:00 0 
7fd3ff0ad000-7fd3ff0c7000 r-xp 00000000 b3:06 1050694                    /lib/x86_64-linux-gnu/libpthread-2.27.so
7fd3ff0c7000-7fd3ff2c6000 ---p 0001a000 b3:06 1050694                    /lib/x86_64-linux-gnu/libpthread-2.27.so
7fd3ff2c6000-7fd3ff2c7000 r--p 00019000 b3:06 1050694                    /lib/x86_64-linux-gnu/libpthread-2.27.so
7fd3ff2c7000-7fd3ff2c8000 rw-p 0001a000 b3:06 1050694                    /lib/x86_64-linux-gnu/libpthread-2.27.so
7fd3ff2c8000-7fd3ff2cc000 rw-p 00000000 00:00 0 
7fd3ff2cc000-7fd3ff2cf000 r-xp 00000000 b3:06 1050584                    /lib/x86_64-linux-gnu/libdl-2.27.so
7fd3ff2cf000-7fd3ff4ce000 ---p 00003000 b3:06 1050584                    /lib/x86_64-linux-gnu/libdl-2.27.so
7fd3ff4ce000-7fd3ff4cf000 r--p 00002000 b3:06 1050584                    /lib/x86_64-linux-gnu/libdl-2.27.so
7fd3ff4cf000-7fd3ff4d0000 rw-p 00003000 b3:06 1050584                    /lib/x86_64-linux-gnu/libdl-2.27.so
7fd3ff4d0000-7fd3ff4ec000 r-xp 00000000 b3:06 1050735                    /lib/x86_64-linux-gnu/libz.so.1.2.11
7fd3ff4ec000-7fd3ff6eb000 ---p 0001c000 b3:06 1050735                    /lib/x86_64-linux-gnu/libz.so.1.2.11
7fd3ff6eb000-7fd3ff6ec000 r--p 0001b000 b3:06 1050735                    /lib/x86_64-linux-gnu/libz.so.1.2.11
7fd3ff6ec000-7fd3ff6ed000 rw-p 0001c000 b3:06 1050735                    /lib/x86_64-linux-gnu/libz.so.1.2.11
7fd3ff6ed000-7fd3ff8d4000 r-xp 00000000 b3:06 1050561                    /lib/x86_64-linux-gnu/libc-2.27.so
7fd3ff8d4000-7fd3ffad4000 ---p 001e7000 b3:06 1050561                    /lib/x86_64-linux-gnu/libc-2.27.so
7fd3ffad4000-7fd3ffad8000 r--p 001e7000 b3:06 1050561                    /lib/x86_64-linux-gnu/libc-2.27.so
7fd3ffad8000-7fd3ffada000 rw-p 001eb000 b3:06 1050561                    /lib/x86_64-linux-gnu/libc-2.27.so
7fd3ffada000-7fd3ffade000 rw-p 00000000 00:00 0 
7fd3ffade000-7fd3ffaee000 r-xp 00000000 b3:06 1441749                    /usr/lib/jvm/java-11-openjdk-amd64/lib/jli/libjli.so
7fd3ffaee000-7fd3ffced000 ---p 00010000 b3:06 1441749                    /usr/lib/jvm/java-11-openjdk-amd64/lib/jli/libjli.so
7fd3ffced000-7fd3ffcee000 r--p 0000f000 b3:06 1441749                    /usr/lib/jvm/java-11-openjdk-amd64/lib/jli/libjli.so
7fd3ffcee000-7fd3ffcef000 rw-p 00010000 b3:06 1441749                    /usr/lib/jvm/java-11-openjdk-amd64/lib/jli/libjli.so
7fd3ffcef000-7fd3ffd16000 r-xp 00000000 b3:06 1050533                    /lib/x86_64-linux-gnu/ld-2.27.so
7fd3ffd25000-7fd3ffdfa000 rw-p 00000000 00:00 0 
7fd3ffdfa000-7fd3ffdfe000 ---p 00000000 00:00 0 
7fd3ffdfe000-7fd3ffefd000 rw-p 00000000 00:00 0 
7fd3ffefe000-7fd3fff03000 rw-p 00000000 00:00 0 
7fd3fff03000-7fd3fff0a000 ---p 00000000 00:00 0 
7fd3fff0a000-7fd3fff12000 rw-s 00000000 b3:06 417268                     /tmp/hsperfdata_lizandra/3897
7fd3fff12000-7fd3fff13000 ---p 00000000 00:00 0 
7fd3fff13000-7fd3fff14000 r--p 00000000 00:00 0 
7fd3fff14000-7fd3fff16000 rw-p 00000000 00:00 0 
7fd3fff16000-7fd3fff17000 r--p 00027000 b3:06 1050533                    /lib/x86_64-linux-gnu/ld-2.27.so
7fd3fff17000-7fd3fff18000 rw-p 00028000 b3:06 1050533                    /lib/x86_64-linux-gnu/ld-2.27.so
7fd3fff18000-7fd3fff19000 rw-p 00000000 00:00 0 
7ffc28e47000-7ffc28e68000 rw-p 00000000 00:00 0                          [stack]
7ffc28e9d000-7ffc28ea0000 r--p 00000000 00:00 0                          [vvar]
7ffc28ea0000-7ffc28ea2000 r-xp 00000000 00:00 0                          [vdso]
ffffffffff600000-ffffffffff601000 r-xp 00000000 00:00 0                  [vsyscall]


VM Arguments:
jvm_args: -Dclassworlds.conf=/home/lizandra/Software/netbeans/java/maven/bin/m2.conf -Dmaven.home=/home/lizandra/Software/netbeans/java/maven -Dmaven.multiModuleProjectDirectory=/home/lizandra/NetBeansProjects/sistema-nutri 
java_command: org.codehaus.plexus.classworlds.launcher.Launcher -Dmaven.ext.class.path=/home/lizandra/Software/netbeans/java/maven-nblib/netbeans-eventspy.jar clean install
java_class_path (initial): /home/lizandra/Software/netbeans/java/maven/boot/plexus-classworlds-2.5.2.jar
Launcher Type: SUN_STANDARD

[Global flags]
     intx CICompilerCount                          = 2                                         {product} {ergonomic}
     uint ConcGCThreads                            = 1                                         {product} {ergonomic}
     uint G1ConcRefinementThreads                  = 2                                         {product} {ergonomic}
   size_t G1HeapRegionSize                         = 1048576                                   {product} {ergonomic}
    uintx GCDrainStackTargetSize                   = 64                                        {product} {ergonomic}
   size_t InitialHeapSize                          = 31457280                                  {product} {ergonomic}
   size_t MarkStackSize                            = 4194304                                   {product} {ergonomic}
   size_t MaxHeapSize                              = 486539264                                 {product} {ergonomic}
   size_t MaxNewSize                               = 291504128                                 {product} {ergonomic}
   size_t MinHeapDeltaBytes                        = 1048576                                   {product} {ergonomic}
    uintx NonNMethodCodeHeapSize                   = 5824844                                {pd product} {ergonomic}
    uintx NonProfiledCodeHeapSize                  = 122916698                              {pd product} {ergonomic}
    uintx ProfiledCodeHeapSize                     = 122916698                              {pd product} {ergonomic}
    uintx ReservedCodeCacheSize                    = 251658240                              {pd product} {ergonomic}
     bool SegmentedCodeCache                       = true                                      {product} {ergonomic}
     bool UseCompressedClassPointers               = true                                 {lp64_product} {ergonomic}
     bool UseCompressedOops                        = true                                 {lp64_product} {ergonomic}
     bool UseG1GC                                  = true                                      {product} {ergonomic}

Logging:
Log output configuration:
 #0: stdout all=warning uptime,level,tags
 #1: stderr all=off uptime,level,tags

Environment Variables:
JAVA_HOME=/usr/lib/jvm/java-11-openjdk-amd64
PATH=/usr/local/sbin:/usr/local/bin:/usr/sbin:/usr/bin:/sbin:/bin:/usr/games:/usr/local/games
SHELL=/bin/bash
DISPLAY=:0

Signal Handlers:
SIGSEGV: [libjvm.so+0xde5f50], sa_mask[0]=11111111011111111101111111111110, sa_flags=SA_RESTART|SA_SIGINFO
SIGBUS: [libjvm.so+0xde5f50], sa_mask[0]=11111111011111111101111111111110, sa_flags=SA_RESTART|SA_SIGINFO
SIGFPE: [libjvm.so+0xde5f50], sa_mask[0]=11111111011111111101111111111110, sa_flags=SA_RESTART|SA_SIGINFO
SIGPIPE: [libjvm.so+0xbba5b0], sa_mask[0]=11111111011111111101111111111110, sa_flags=SA_RESTART|SA_SIGINFO
SIGXFSZ: [libjvm.so+0xbba5b0], sa_mask[0]=11111111011111111101111111111110, sa_flags=SA_RESTART|SA_SIGINFO
SIGILL: [libjvm.so+0xde5f50], sa_mask[0]=11111111011111111101111111111110, sa_flags=SA_RESTART|SA_SIGINFO
SIGUSR2: [libjvm.so+0xbba450], sa_mask[0]=00100000000000000000000000000000, sa_flags=SA_RESTART|SA_SIGINFO
SIGHUP: [libjvm.so+0xbba7b0], sa_mask[0]=11111111011111111101111111111110, sa_flags=SA_RESTART|SA_SIGINFO
SIGINT: SIG_IGN, sa_mask[0]=00000000000000000000000000000000, sa_flags=none
SIGTERM: [libjvm.so+0xbba7b0], sa_mask[0]=11111111011111111101111111111110, sa_flags=SA_RESTART|SA_SIGINFO
SIGQUIT: [libjvm.so+0xbba7b0], sa_mask[0]=11111111011111111101111111111110, sa_flags=SA_RESTART|SA_SIGINFO


---------------  S Y S T E M  ---------------

OS:DISTRIB_ID=LinuxMint
DISTRIB_RELEASE=19.2
DISTRIB_CODENAME=tina
DISTRIB_DESCRIPTION="Linux Mint 19.2 Tina"
uname:Linux 4.15.0-58-generic #64-Ubuntu SMP Tue Aug 6 11:12:41 UTC 2019 x86_64
libc:glibc 2.27 NPTL 2.27 
rlimit: STACK 8192k, CORE 0k, NPROC 6965, NOFILE 1048576, AS infinity, DATA infinity, FSIZE infinity
load average:23,29 10,85 5,24

/proc/meminfo:
MemTotal:        1897592 kB
MemFree:           65192 kB
MemAvailable:       9588 kB
Buffers:             536 kB
Cached:            77184 kB
SwapCached:          596 kB
Active:          1260392 kB
Inactive:         424772 kB
Active(anon):    1257348 kB
Inactive(anon):   419124 kB
Active(file):       3044 kB
Inactive(file):     5648 kB
Unevictable:          48 kB
Mlocked:              48 kB
SwapTotal:       1301168 kB
SwapFree:              0 kB
Dirty:               176 kB
Writeback:           488 kB
AnonPages:       1607452 kB
Mapped:            22772 kB
Shmem:             68616 kB
Slab:              64952 kB
SReclaimable:      29360 kB
SUnreclaim:        35592 kB
KernelStack:       11360 kB
PageTables:        36432 kB
NFS_Unstable:          0 kB
Bounce:                0 kB
WritebackTmp:          0 kB
CommitLimit:     2249964 kB
Committed_AS:    5898944 kB
VmallocTotal:   34359738367 kB
VmallocUsed:           0 kB
VmallocChunk:          0 kB
HardwareCorrupted:     0 kB
AnonHugePages:         0 kB
ShmemHugePages:        0 kB
ShmemPmdMapped:        0 kB
CmaTotal:              0 kB
CmaFree:               0 kB
HugePages_Total:       0
HugePages_Free:        0
HugePages_Rsvd:        0
HugePages_Surp:        0
Hugepagesize:       2048 kB
DirectMap4k:      128768 kB
DirectMap2M:     1822720 kB


/proc/sys/kernel/threads-max (system-wide limit on the number of threads):
13930


/proc/sys/vm/max_map_count (maximum number of memory map areas a process may have):
65530


/proc/sys/kernel/pid_max (system-wide limit on number of process identifiers):
32768



container (cgroup) information:
container_type: cgroupv1
cpu_cpuset_cpus: 0-1
cpu_memory_nodes: 0
active_processor_count: 2
cpu_quota: -1
cpu_period: 100000
cpu_shares: -1
memory_limit_in_bytes: -1
memory_and_swap_limit_in_bytes: -2
memory_soft_limit_in_bytes: -1
memory_usage_in_bytes: 1727950848
memory_max_usage_in_bytes: 0

Steal ticks since vm start: 0
Steal ticks percentage since vm start:  0,000

CPU:total 2 (initial active 2) (2 cores per cpu, 1 threads per core) family 6 model 76 stepping 3, cmov, cx8, fxsr, mmx, sse, sse2, sse3, ssse3, sse4.1, sse4.2, popcnt, aes, clmul, erms, 3dnowpref, tsc, tscinvbit
CPU Model and flags from /proc/cpuinfo:
model name	: Intel(R) Celeron(R) CPU  N3050  @ 1.60GHz
flags		: fpu vme de pse tsc msr pae mce cx8 apic sep mtrr pge mca cmov pat pse36 clflush dts acpi mmx fxsr sse sse2 ss ht tm pbe syscall nx rdtscp lm constant_tsc arch_perfmon pebs bts rep_good nopl xtopology tsc_reliable nonstop_tsc cpuid aperfmperf tsc_known_freq pni pclmulqdq dtes64 monitor ds_cpl vmx est tm2 ssse3 cx16 xtpr pdcm sse4_1 sse4_2 movbe popcnt tsc_deadline_timer aes rdrand lahf_lm 3dnowprefetch epb pti ibrs ibpb stibp tpr_shadow vnmi flexpriority ept vpid tsc_adjust smep erms dtherm ida arat md_clear

Memory: 4k page, physical 1897592k(64928k free), swap 1301168k(0k free)

vm_info: OpenJDK 64-Bit Server VM (11.0.4+11-post-Ubuntu-1ubuntu218.04.3) for linux-amd64 JRE (11.0.4+11-post-Ubuntu-1ubuntu218.04.3), built on Jul 18 2019 18:21:46 by "buildd" with gcc 7.4.0

END.
