#
# There is insufficient memory for the Java Runtime Environment to continue.
# Native memory allocation (mmap) failed to map 161480704 bytes for committing reserved memory.
# Possible reasons:
#   The system is out of physical RAM or swap space
#   The process is running with CompressedOops enabled, and the Java Heap may be blocking the growth of the native heap
# Possible solutions:
#   Reduce memory load on the system
#   Increase physical memory or swap space
#   Check if swap backing store is full
#   Decrease Java heap size (-Xmx/-Xms)
#   Decrease number of Java threads
#   Decrease Java thread stack sizes (-Xss)
#   Set larger code cache with -XX:ReservedCodeCacheSize=
#   JVM is running with Unscaled Compressed Oops mode in which the Java heap is
#     placed in the first 4GB address space. The Java Heap base address is the
#     maximum limit for the native heap growth. Please use -XX:HeapBaseMinAddress
#     to set the Java Heap base and to place the Java Heap above 4GB virtual address.
# This output file may be truncated or incomplete.
#
#  Out of Memory Error (os_linux.cpp:2893), pid=9415, tid=9432
#
# JRE version: OpenJDK Runtime Environment (11.0.4+11) (build 11.0.4+11-post-Ubuntu-1ubuntu218.04.3)
# Java VM: OpenJDK 64-Bit Server VM (11.0.4+11-post-Ubuntu-1ubuntu218.04.3, mixed mode, sharing, tiered, compressed oops, g1 gc, linux-amd64)
# Core dump will be written. Default location: Core dumps may be processed with "/lib/systemd/systemd-coredump %P %u %g %s %t 9223372036854775808 %e" (or dumping to /home/lizandra/NetBeansProjects/sistema-nutri/core.9415)
#

---------------  S U M M A R Y ------------

Command Line: -Dclassworlds.conf=/home/lizandra/Software/netbeans/java/maven/bin/m2.conf -Dmaven.home=/home/lizandra/Software/netbeans/java/maven -Dmaven.multiModuleProjectDirectory=/home/lizandra/NetBeansProjects/sistema-nutri org.codehaus.plexus.classworlds.launcher.Launcher -Dmaven.ext.class.path=/home/lizandra/Software/netbeans/java/maven-nblib/netbeans-eventspy.jar clean install

Host: Intel(R) Celeron(R) CPU  N3050  @ 1.60GHz, 2 cores, 1G, Linux Mint 19.2 Tina
Time: Sat Nov 30 03:28:34 2019 -03 elapsed time: 85 seconds (0d 0h 1m 25s)

---------------  T H R E A D  ---------------

Current thread (0x00007f4748085000):  VMThread "VM Thread" [stack: 0x00007f471f5fe000,0x00007f471f6fe000] [id=9432]

Stack: [0x00007f471f5fe000,0x00007f471f6fe000],  sp=0x00007f471f6fbff0,  free space=1015k
Native frames: (J=compiled Java code, A=aot compiled Java code, j=interpreted, Vv=VM code, C=native code)
V  [libjvm.so+0xde4547]
V  [libjvm.so+0xde519b]
V  [libjvm.so+0x6511a5]
V  [libjvm.so+0xbbed38]
V  [libjvm.so+0xbb5ebd]
V  [libjvm.so+0x76f53f]
V  [libjvm.so+0x76f7ae]
V  [libjvm.so+0x77b820]
V  [libjvm.so+0x7f6969]
V  [libjvm.so+0x7f75c2]
V  [libjvm.so+0x7f7a29]
V  [libjvm.so+0x72de6f]
V  [libjvm.so+0x732b6a]
V  [libjvm.so+0xdf01e1]
V  [libjvm.so+0xdeeda8]
V  [libjvm.so+0xdec5e6]
V  [libjvm.so+0xdecaf0]
V  [libjvm.so+0xdecf23]
V  [libjvm.so+0xd7aeea]
V  [libjvm.so+0xbc4a5e]

VM_Operation (0x00007f474f0e0250): G1CollectForAllocation, mode: safepoint, requested by thread 0x00007f4748012000


---------------  P R O C E S S  ---------------

Threads class SMR info:
_java_thread_list=0x00007f47480d6a50, length=9, elements={
0x00007f4748012000, 0x00007f4748088000, 0x00007f474808a000, 0x00007f474808f800,
0x00007f4748091800, 0x00007f4748093800, 0x00007f4748095800, 0x00007f47480cc800,
0x00007f47480d5000
}

Java Threads: ( => current thread )
  0x00007f4748012000 JavaThread "main" [_thread_blocked, id=9426, stack(0x00007f474efe4000,0x00007f474f0e5000)]
  0x00007f4748088000 JavaThread "Reference Handler" daemon [_thread_blocked, id=9433, stack(0x00007f471f4fb000,0x00007f471f5fc000)]
  0x00007f474808a000 JavaThread "Finalizer" daemon [_thread_blocked, id=9434, stack(0x00007f471f3fa000,0x00007f471f4fb000)]
  0x00007f474808f800 JavaThread "Signal Dispatcher" daemon [_thread_blocked, id=9435, stack(0x00007f471f01a000,0x00007f471f11b000)]
  0x00007f4748091800 JavaThread "C2 CompilerThread0" daemon [_thread_blocked, id=9436, stack(0x00007f471ef19000,0x00007f471f01a000)]
  0x00007f4748093800 JavaThread "C1 CompilerThread0" daemon [_thread_blocked, id=9437, stack(0x00007f471ee18000,0x00007f471ef19000)]
  0x00007f4748095800 JavaThread "Sweeper thread" daemon [_thread_blocked, id=9438, stack(0x00007f471ed17000,0x00007f471ee18000)]
  0x00007f47480cc800 JavaThread "Service Thread" daemon [_thread_blocked, id=9439, stack(0x00007f471ec16000,0x00007f471ed17000)]
  0x00007f47480d5000 JavaThread "Common-Cleaner" daemon [_thread_blocked, id=9441, stack(0x00007f471ea13000,0x00007f471eb14000)]

Other Threads:
=>0x00007f4748085000 VMThread "VM Thread" [stack: 0x00007f471f5fe000,0x00007f471f6fe000] [id=9432]
  0x00007f47480cf000 WatcherThread [stack: 0x00007f471eb16000,0x00007f471ec16000] [id=9440]
  0x00007f4748028000 GCTaskThread "GC Thread#0" [stack: 0x00007f472f8f0000,0x00007f472f9f0000] [id=9427]
  0x00007f470c001000 GCTaskThread "GC Thread#1" [stack: 0x00007f471e4eb000,0x00007f471e5eb000] [id=9443]
  0x00007f4748037800 ConcurrentGCThread "G1 Main Marker" [stack: 0x00007f472e4b4000,0x00007f472e5b4000] [id=9428]
  0x00007f4748039000 ConcurrentGCThread "G1 Conc#0" [stack: 0x00007f472e3b2000,0x00007f472e4b2000] [id=9429]
  0x00007f474805a800 ConcurrentGCThread "G1 Refine#0" [stack: 0x00007f472c0ae000,0x00007f472c1ae000] [id=9430]
  0x00007f474805c800 ConcurrentGCThread "G1 Young RemSet Sampling" [stack: 0x00007f471ff00000,0x00007f4720000000] [id=9431]

Threads with active compile tasks:
C2 CompilerThread05512       4       java.util.TimeZone::getDefaultRef (32 bytes)
C1 CompilerThread05528       1       java.util.concurrent.locks.ReentrantReadWriteLock$Sync::exclusiveCount (5 bytes)

VM state:at safepoint (normal execution)

VM Mutex/Monitor currently owned by a thread:  ([mutex/lock_event])
[0x00007f474800e440] Threads_lock - owner thread: 0x00007f4748085000
[0x00007f474800eb90] Heap_lock - owner thread: 0x00007f4748012000

Heap address: 0x00000000e3000000, size: 464 MB, Compressed Oops mode: 32-bit
Narrow klass base: 0x0000000800000000, Narrow klass shift: 3
Compressed class space size: 1073741824 Address: 0x0000000840000000

Heap:
 garbage-first heap   total 238592K, used 43727K [0x00000000e3000000, 0x0000000100000000)
  region size 1024K, 1 young (1024K), 1 survivors (1024K)
 Metaspace       used 24835K, capacity 25490K, committed 25600K, reserved 1071104K
  class space    used 2821K, capacity 3069K, committed 3072K, reserved 1048576K
Heap Regions: E=young(eden), S=young(survivor), O=old, HS=humongous(starts), HC=humongous(continues), CS=collection set, F=free, A=archive, TAMS=top-at-mark-start (previous, next)
|   0|0x00000000e3000000, 0x00000000e3100000, 0x00000000e3100000|100%| O|  |TAMS 0x00000000e3100000, 0x00000000e3100000| Untracked 
|   1|0x00000000e3100000, 0x00000000e3200000, 0x00000000e3200000|100%| O|  |TAMS 0x00000000e3200000, 0x00000000e3200000| Untracked 
|   2|0x00000000e3200000, 0x00000000e3300000, 0x00000000e3300000|100%| O|  |TAMS 0x00000000e3300000, 0x00000000e3300000| Untracked 
|   3|0x00000000e3300000, 0x00000000e3400000, 0x00000000e3400000|100%| O|  |TAMS 0x00000000e3400000, 0x00000000e3400000| Untracked 
|   4|0x00000000e3400000, 0x00000000e3500000, 0x00000000e3500000|100%| O|  |TAMS 0x00000000e3500000, 0x00000000e3500000| Untracked 
|   5|0x00000000e3500000, 0x00000000e3600000, 0x00000000e3600000|100%| O|  |TAMS 0x00000000e3600000, 0x00000000e3600000| Untracked 
|   6|0x00000000e3600000, 0x00000000e3700000, 0x00000000e3700000|100%| O|  |TAMS 0x00000000e3700000, 0x00000000e3700000| Untracked 
|   7|0x00000000e3700000, 0x00000000e3800000, 0x00000000e3800000|100%| O|  |TAMS 0x00000000e3800000, 0x00000000e3800000| Untracked 
|   8|0x00000000e3800000, 0x00000000e3900000, 0x00000000e3900000|100%| O|  |TAMS 0x00000000e3900000, 0x00000000e3900000| Untracked 
|   9|0x00000000e3900000, 0x00000000e3a00000, 0x00000000e3a00000|100%| O|  |TAMS 0x00000000e3a00000, 0x00000000e3a00000| Untracked 
|  10|0x00000000e3a00000, 0x00000000e3b00000, 0x00000000e3b00000|100%| O|  |TAMS 0x00000000e3b00000, 0x00000000e3b00000| Untracked 
|  11|0x00000000e3b00000, 0x00000000e3c00000, 0x00000000e3c00000|100%| O|  |TAMS 0x00000000e3c00000, 0x00000000e3c00000| Untracked 
|  12|0x00000000e3c00000, 0x00000000e3d00000, 0x00000000e3d00000|100%| O|  |TAMS 0x00000000e3d00000, 0x00000000e3d00000| Untracked 
|  13|0x00000000e3d00000, 0x00000000e3e00000, 0x00000000e3e00000|100%| O|  |TAMS 0x00000000e3e00000, 0x00000000e3e00000| Untracked 
|  14|0x00000000e3e00000, 0x00000000e3f00000, 0x00000000e3f00000|100%|HS|  |TAMS 0x00000000e3f00000, 0x00000000e3f00000| Complete 
|  15|0x00000000e3f00000, 0x00000000e4000000, 0x00000000e4000000|100%| O|  |TAMS 0x00000000e4000000, 0x00000000e4000000| Untracked 
|  16|0x00000000e4000000, 0x00000000e4100000, 0x00000000e4100000|100%| O|  |TAMS 0x00000000e4100000, 0x00000000e4100000| Untracked 
|  17|0x00000000e4100000, 0x00000000e4200000, 0x00000000e4200000|100%| O|  |TAMS 0x00000000e4200000, 0x00000000e4200000| Untracked 
|  18|0x00000000e4200000, 0x00000000e4300000, 0x00000000e4300000|100%| O|  |TAMS 0x00000000e4300000, 0x00000000e4300000| Untracked 
|  19|0x00000000e4300000, 0x00000000e4400000, 0x00000000e4400000|100%| O|  |TAMS 0x00000000e4400000, 0x00000000e4400000| Untracked 
|  20|0x00000000e4400000, 0x00000000e4500000, 0x00000000e4500000|100%| O|  |TAMS 0x00000000e4500000, 0x00000000e4500000| Untracked 
|  21|0x00000000e4500000, 0x00000000e4600000, 0x00000000e4600000|100%|HS|  |TAMS 0x00000000e4600000, 0x00000000e4600000| Complete 
|  22|0x00000000e4600000, 0x00000000e4700000, 0x00000000e4700000|100%| O|  |TAMS 0x00000000e4700000, 0x00000000e4700000| Untracked 
|  23|0x00000000e4700000, 0x00000000e4800000, 0x00000000e4800000|100%| O|  |TAMS 0x00000000e4800000, 0x00000000e4800000| Untracked 
|  24|0x00000000e4800000, 0x00000000e4900000, 0x00000000e4900000|100%| O|  |TAMS 0x00000000e4900000, 0x00000000e4900000| Untracked 
|  25|0x00000000e4900000, 0x00000000e4a00000, 0x00000000e4a00000|100%| O|  |TAMS 0x00000000e4a00000, 0x00000000e4a00000| Untracked 
|  26|0x00000000e4a00000, 0x00000000e4b00000, 0x00000000e4b00000|100%| O|  |TAMS 0x00000000e4b00000, 0x00000000e4b00000| Untracked 
|  27|0x00000000e4b00000, 0x00000000e4c00000, 0x00000000e4c00000|100%| O|  |TAMS 0x00000000e4c00000, 0x00000000e4c00000| Untracked 
|  28|0x00000000e4c00000, 0x00000000e4d00000, 0x00000000e4d00000|100%| O|  |TAMS 0x00000000e4d00000, 0x00000000e4d00000| Untracked 
|  29|0x00000000e4d00000, 0x00000000e4e00000, 0x00000000e4e00000|100%| O|  |TAMS 0x00000000e4e00000, 0x00000000e4e00000| Untracked 
|  30|0x00000000e4e00000, 0x00000000e4f00000, 0x00000000e4f00000|100%| O|  |TAMS 0x00000000e4f00000, 0x00000000e4f00000| Untracked 
|  31|0x00000000e4f00000, 0x00000000e5000000, 0x00000000e5000000|100%| O|  |TAMS 0x00000000e5000000, 0x00000000e5000000| Untracked 
|  32|0x00000000e5000000, 0x00000000e5100000, 0x00000000e5100000|100%| O|  |TAMS 0x00000000e5100000, 0x00000000e5100000| Untracked 
|  33|0x00000000e5100000, 0x00000000e5200000, 0x00000000e5200000|100%| O|  |TAMS 0x00000000e5200000, 0x00000000e5200000| Untracked 
|  34|0x00000000e5200000, 0x00000000e5300000, 0x00000000e5300000|100%| O|  |TAMS 0x00000000e5300000, 0x00000000e5300000| Untracked 
|  35|0x00000000e5300000, 0x00000000e5400000, 0x00000000e5400000|100%| O|  |TAMS 0x00000000e5400000, 0x00000000e5400000| Untracked 
|  36|0x00000000e5400000, 0x00000000e5500000, 0x00000000e5500000|100%| O|  |TAMS 0x00000000e5500000, 0x00000000e5500000| Untracked 
|  37|0x00000000e5500000, 0x00000000e5600000, 0x00000000e5600000|100%| O|  |TAMS 0x00000000e5600000, 0x00000000e5600000| Untracked 
|  38|0x00000000e5600000, 0x00000000e5700000, 0x00000000e5700000|100%| O|  |TAMS 0x00000000e5700000, 0x00000000e5700000| Untracked 
|  39|0x00000000e5700000, 0x00000000e5800000, 0x00000000e5800000|100%| O|  |TAMS 0x00000000e5800000, 0x00000000e5800000| Untracked 
|  40|0x00000000e5800000, 0x00000000e589b800, 0x00000000e5900000| 60%| O|  |TAMS 0x00000000e581fc00, 0x00000000e589b800| Untracked 
|  41|0x00000000e5900000, 0x00000000e5900000, 0x00000000e5a00000|  0%| F|  |TAMS 0x00000000e5900000, 0x00000000e5900000| Untracked 
|  42|0x00000000e5a00000, 0x00000000e5a00000, 0x00000000e5b00000|  0%| F|  |TAMS 0x00000000e5a00000, 0x00000000e5a00000| Untracked 
|  43|0x00000000e5b00000, 0x00000000e5b00000, 0x00000000e5c00000|  0%| F|  |TAMS 0x00000000e5b00000, 0x00000000e5b00000| Untracked 
|  44|0x00000000e5c00000, 0x00000000e5c00000, 0x00000000e5d00000|  0%| F|  |TAMS 0x00000000e5c00000, 0x00000000e5c00000| Untracked 
|  45|0x00000000e5d00000, 0x00000000e5e00000, 0x00000000e5e00000|100%| O|  |TAMS 0x00000000e5e00000, 0x00000000e5e00000| Untracked 
|  46|0x00000000e5e00000, 0x00000000e5e00000, 0x00000000e5f00000|  0%| F|  |TAMS 0x00000000e5e00000, 0x00000000e5e00000| Untracked 
|  47|0x00000000e5f00000, 0x00000000e5f00000, 0x00000000e6000000|  0%| F|  |TAMS 0x00000000e5f00000, 0x00000000e5f00000| Untracked 
|  48|0x00000000e6000000, 0x00000000e6000000, 0x00000000e6100000|  0%| F|  |TAMS 0x00000000e6000000, 0x00000000e6000000| Untracked 
|  49|0x00000000e6100000, 0x00000000e6100000, 0x00000000e6200000|  0%| F|  |TAMS 0x00000000e6100000, 0x00000000e6100000| Untracked 
|  50|0x00000000e6200000, 0x00000000e6200000, 0x00000000e6300000|  0%| F|  |TAMS 0x00000000e6200000, 0x00000000e6200000| Untracked 
|  51|0x00000000e6300000, 0x00000000e6300000, 0x00000000e6400000|  0%| F|  |TAMS 0x00000000e6300000, 0x00000000e6300000| Untracked 
|  52|0x00000000e6400000, 0x00000000e6400000, 0x00000000e6500000|  0%| F|  |TAMS 0x00000000e6400000, 0x00000000e6400000| Untracked 
|  53|0x00000000e6500000, 0x00000000e6500000, 0x00000000e6600000|  0%| F|  |TAMS 0x00000000e6500000, 0x00000000e6500000| Untracked 
|  54|0x00000000e6600000, 0x00000000e6600000, 0x00000000e6700000|  0%| F|  |TAMS 0x00000000e6600000, 0x00000000e6600000| Untracked 
|  55|0x00000000e6700000, 0x00000000e6700000, 0x00000000e6800000|  0%| F|  |TAMS 0x00000000e6700000, 0x00000000e6700000| Untracked 
|  56|0x00000000e6800000, 0x00000000e6800000, 0x00000000e6900000|  0%| F|  |TAMS 0x00000000e6800000, 0x00000000e6800000| Untracked 
|  57|0x00000000e6900000, 0x00000000e6900000, 0x00000000e6a00000|  0%| F|  |TAMS 0x00000000e6900000, 0x00000000e6900000| Untracked 
|  58|0x00000000e6a00000, 0x00000000e6a00000, 0x00000000e6b00000|  0%| F|  |TAMS 0x00000000e6a00000, 0x00000000e6a00000| Untracked 
|  59|0x00000000e6b00000, 0x00000000e6b00000, 0x00000000e6c00000|  0%| F|  |TAMS 0x00000000e6b00000, 0x00000000e6b00000| Untracked 
|  60|0x00000000e6c00000, 0x00000000e6c00000, 0x00000000e6d00000|  0%| F|  |TAMS 0x00000000e6c00000, 0x00000000e6c00000| Untracked 
|  61|0x00000000e6d00000, 0x00000000e6d00000, 0x00000000e6e00000|  0%| F|  |TAMS 0x00000000e6d00000, 0x00000000e6d00000| Untracked 
|  62|0x00000000e6e00000, 0x00000000e6e00000, 0x00000000e6f00000|  0%| F|  |TAMS 0x00000000e6e00000, 0x00000000e6e00000| Untracked 
|  63|0x00000000e6f00000, 0x00000000e6f00000, 0x00000000e7000000|  0%| F|  |TAMS 0x00000000e6f00000, 0x00000000e6f00000| Untracked 
|  64|0x00000000e7000000, 0x00000000e7000000, 0x00000000e7100000|  0%| F|  |TAMS 0x00000000e7000000, 0x00000000e7000000| Untracked 
|  65|0x00000000e7100000, 0x00000000e7100000, 0x00000000e7200000|  0%| F|  |TAMS 0x00000000e7100000, 0x00000000e7100000| Untracked 
|  66|0x00000000e7200000, 0x00000000e7200000, 0x00000000e7300000|  0%| F|  |TAMS 0x00000000e7200000, 0x00000000e7200000| Untracked 
|  67|0x00000000e7300000, 0x00000000e7300000, 0x00000000e7400000|  0%| F|  |TAMS 0x00000000e7300000, 0x00000000e7300000| Untracked 
|  68|0x00000000e7400000, 0x00000000e7400000, 0x00000000e7500000|  0%| F|  |TAMS 0x00000000e7400000, 0x00000000e7400000| Untracked 
|  69|0x00000000e7500000, 0x00000000e7500000, 0x00000000e7600000|  0%| F|  |TAMS 0x00000000e7500000, 0x00000000e7500000| Untracked 
|  70|0x00000000e7600000, 0x00000000e7600000, 0x00000000e7700000|  0%| F|  |TAMS 0x00000000e7600000, 0x00000000e7600000| Untracked 
|  71|0x00000000e7700000, 0x00000000e7700000, 0x00000000e7800000|  0%| F|  |TAMS 0x00000000e7700000, 0x00000000e7700000| Untracked 
|  72|0x00000000e7800000, 0x00000000e7800000, 0x00000000e7900000|  0%| F|  |TAMS 0x00000000e7800000, 0x00000000e7800000| Untracked 
|  73|0x00000000e7900000, 0x00000000e7900000, 0x00000000e7a00000|  0%| F|  |TAMS 0x00000000e7900000, 0x00000000e7900000| Untracked 
|  74|0x00000000e7a00000, 0x00000000e7a00000, 0x00000000e7b00000|  0%| F|  |TAMS 0x00000000e7a00000, 0x00000000e7a00000| Untracked 
|  75|0x00000000e7b00000, 0x00000000e7b7a528, 0x00000000e7c00000| 47%| S|CS|TAMS 0x00000000e7b00000, 0x00000000e7b00000| Complete 
|  76|0x00000000e7c00000, 0x00000000e7c00000, 0x00000000e7d00000|  0%| F|  |TAMS 0x00000000e7c00000, 0x00000000e7c00000| Untracked 
| 462|0x00000000ffe00000, 0x00000000ffe34000, 0x00000000fff00000| 20%|OA|  |TAMS 0x00000000ffe34000, 0x00000000ffe34000| Untracked 
| 463|0x00000000fff00000, 0x00000000fff6a000, 0x0000000100000000| 41%|CA|  |TAMS 0x00000000fff6a000, 0x00000000fff6a000| Untracked 

Card table byte_map: [0x00007f472f51c000,0x00007f472f604000] _byte_map_base: 0x00007f472ee04000

Marking Bits (Prev, Next): (CMBitMap*) 0x00007f4748034a88, (CMBitMap*) 0x00007f4748034ac0
 Prev Bits: [0x00007f472ecf4000, 0x00007f472f434000)
 Next Bits: [0x00007f472e5b4000, 0x00007f472ecf4000)

Polling page: 0x00007f474f0fc000

Metaspace:

Usage:
  Non-class:     21,90 MB capacity,    21,50 MB ( 98%) used,   361,32 KB (  2%) free+waste,    45,12 KB ( <1%) overhead. 
      Class:      3,00 MB capacity,     2,76 MB ( 92%) used,   227,66 KB (  7%) free+waste,    20,12 KB ( <1%) overhead. 
       Both:     24,89 MB capacity,    24,25 MB ( 97%) used,   588,98 KB (  2%) free+waste,    65,25 KB ( <1%) overhead. 

Virtual space:
  Non-class space:       22,00 MB reserved,      22,00 MB (100%) committed 
      Class space:        1,00 GB reserved,       3,00 MB ( <1%) committed 
             Both:        1,02 GB reserved,      25,00 MB (  2%) committed 

Chunk freelists:
   Non-Class:  7,00 KB
       Class:  3,00 KB
        Both:  10,00 KB

CodeHeap 'non-profiled nmethods': size=120036Kb used=2332Kb max_used=2332Kb free=117703Kb
 bounds [0x00007f47375a2000, 0x00007f4737812000, 0x00007f473eadb000]
CodeHeap 'profiled nmethods': size=120032Kb used=11710Kb max_used=11710Kb free=108321Kb
 bounds [0x00007f473006a000, 0x00007f4730bda000, 0x00007f47375a2000]
CodeHeap 'non-nmethods': size=5692Kb used=1125Kb max_used=1167Kb free=4566Kb
 bounds [0x00007f472fadb000, 0x00007f472fd4b000, 0x00007f473006a000]
 total_blobs=6736 nmethods=5360 adapters=362
 compilation: enabled
              stopped_count=0, restarted_count=0
 full_count=0

Compilation events (10 events):
Event: 71,054 Thread 0x00007f4748093800 5525   !   3       com.sun.tools.javac.jvm.ClassReader::classSigToType (498 bytes)
Event: 71,054 Thread 0x00007f4748091800 5508       4       jdk.nio.zipfs.ZipFileSystem$Entry::isDirectory (5 bytes)
Event: 73,409 Thread 0x00007f4748091800 nmethod 5508 0x00007f47377e8710 code [0x00007f47377e88a0, 0x00007f47377e8918]
Event: 74,879 Thread 0x00007f4748091800 5510       4       sun.util.calendar.ZoneInfo::clone (15 bytes)
Event: 82,636 Thread 0x00007f4748093800 nmethod 5525 0x00007f4730bd6f10 code [0x00007f4730bd72e0, 0x00007f4730bd8d58]
Event: 82,736 Thread 0x00007f4748091800 nmethod 5510 0x00007f47377e8990 code [0x00007f47377e8b20, 0x00007f47377e8c78]
Event: 82,768 Thread 0x00007f4748091800 5512       4       java.util.TimeZone::getDefaultRef (32 bytes)
Event: 82,773 Thread 0x00007f4748093800 5527       1       com.sun.tools.javac.tree.JCTree$JCIdent::accept (6 bytes)
Event: 84,445 Thread 0x00007f4748093800 nmethod 5527 0x00007f47377e8d90 code [0x00007f47377e8f40, 0x00007f47377e90a8]
Event: 84,505 Thread 0x00007f4748093800 5528       1       java.util.concurrent.locks.ReentrantReadWriteLock$Sync::exclusiveCount (5 bytes)

GC Heap History (10 events):
Event: 33,560 GC heap after
{Heap after GC invocations=39 (full 0):
 garbage-first heap   total 80896K, used 40293K [0x00000000e3000000, 0x0000000100000000)
  region size 1024K, 1 young (1024K), 1 survivors (1024K)
 Metaspace       used 24509K, capacity 25203K, committed 25344K, reserved 1071104K
  class space    used 2817K, capacity 3063K, committed 3072K, reserved 1048576K
}
Event: 47,401 GC heap before
{Heap before GC invocations=40 (full 0):
 garbage-first heap   total 80896K, used 54629K [0x00000000e3000000, 0x0000000100000000)
  region size 1024K, 15 young (15360K), 1 survivors (1024K)
 Metaspace       used 24805K, capacity 25488K, committed 25600K, reserved 1071104K
  class space    used 2821K, capacity 3069K, committed 3072K, reserved 1048576K
}
Event: 49,278 GC heap after
{Heap after GC invocations=41 (full 0):
 garbage-first heap   total 80896K, used 42722K [0x00000000e3000000, 0x0000000100000000)
  region size 1024K, 2 young (2048K), 2 survivors (2048K)
 Metaspace       used 24805K, capacity 25488K, committed 25600K, reserved 1071104K
  class space    used 2821K, capacity 3069K, committed 3072K, reserved 1048576K
}
Event: 49,895 GC heap before
{Heap before GC invocations=41 (full 0):
 garbage-first heap   total 80896K, used 42722K [0x00000000e3000000, 0x0000000100000000)
  region size 1024K, 3 young (3072K), 2 survivors (2048K)
 Metaspace       used 24808K, capacity 25488K, committed 25600K, reserved 1071104K
  class space    used 2821K, capacity 3069K, committed 3072K, reserved 1048576K
}
Event: 50,528 GC heap after
{Heap after GC invocations=42 (full 0):
 garbage-first heap   total 80896K, used 43197K [0x00000000e3000000, 0x0000000100000000)
  region size 1024K, 1 young (1024K), 1 survivors (1024K)
 Metaspace       used 24808K, capacity 25488K, committed 25600K, reserved 1071104K
  class space    used 2821K, capacity 3069K, committed 3072K, reserved 1048576K
}
Event: 61,199 GC heap before
{Heap before GC invocations=43 (full 0):
 garbage-first heap   total 80896K, used 45245K [0x00000000e3000000, 0x0000000100000000)
  region size 1024K, 3 young (3072K), 1 survivors (1024K)
 Metaspace       used 24832K, capacity 25489K, committed 25600K, reserved 1071104K
  class space    used 2821K, capacity 3069K, committed 3072K, reserved 1048576K
}
Event: 61,293 GC heap after
{Heap after GC invocations=44 (full 0):
 garbage-first heap   total 80896K, used 43344K [0x00000000e3000000, 0x0000000100000000)
  region size 1024K, 1 young (1024K), 1 survivors (1024K)
 Metaspace       used 24832K, capacity 25489K, committed 25600K, reserved 1071104K
  class space    used 2821K, capacity 3069K, committed 3072K, reserved 1048576K
}
Event: 75,550 GC heap before
{Heap before GC invocations=44 (full 0):
 garbage-first heap   total 80896K, used 45392K [0x00000000e3000000, 0x0000000100000000)
  region size 1024K, 3 young (3072K), 1 survivors (1024K)
 Metaspace       used 24835K, capacity 25490K, committed 25600K, reserved 1071104K
  class space    used 2821K, capacity 3069K, committed 3072K, reserved 1048576K
}
Event: 80,020 GC heap after
{Heap after GC invocations=45 (full 0):
 garbage-first heap   total 80896K, used 43553K [0x00000000e3000000, 0x0000000100000000)
  region size 1024K, 1 young (1024K), 1 survivors (1024K)
 Metaspace       used 24835K, capacity 25490K, committed 25600K, reserved 1071104K
  class space    used 2821K, capacity 3069K, committed 3072K, reserved 1048576K
}
Event: 84,523 GC heap before
{Heap before GC invocations=46 (full 0):
 garbage-first heap   total 80896K, used 43553K [0x00000000e3000000, 0x0000000100000000)
  region size 1024K, 2 young (2048K), 1 survivors (1024K)
 Metaspace       used 24835K, capacity 25490K, committed 25600K, reserved 1071104K
  class space    used 2821K, capacity 3069K, committed 3072K, reserved 1048576K
}

Deoptimization events (10 events):
Event: 34,064 Thread 0x00007f4748012000 DEOPT PACKING pc=0x00007f4730b16063 sp=0x00007f474f0dfb10
Event: 34,064 Thread 0x00007f4748012000 DEOPT UNPACKING pc=0x00007f472fb02c2b sp=0x00007f474f0df0b0 mode 0
Event: 52,080 Thread 0x00007f4748012000 DEOPT PACKING pc=0x00007f4730b1f2bb sp=0x00007f474f0e1290
Event: 52,150 Thread 0x00007f4748012000 DEOPT UNPACKING pc=0x00007f472fb02c2b sp=0x00007f474f0e0710 mode 0
Event: 52,905 Thread 0x00007f4748012000 DEOPT PACKING pc=0x00007f47302863d1 sp=0x00007f474f0e0e60
Event: 52,916 Thread 0x00007f4748012000 DEOPT UNPACKING pc=0x00007f472fb02c2b sp=0x00007f474f0e0390 mode 0
Event: 70,372 Thread 0x00007f4748012000 Uncommon trap: trap_request=0xffffff4d fr.pc=0x00007f47377d9030 relative=0x00000000000026b0
Event: 70,396 Thread 0x00007f4748012000 Uncommon trap: reason=unstable_if action=reinterpret pc=0x00007f47377d9030 method=com.sun.tools.javac.jvm.ClassReader.classSigToType()Lcom/sun/tools/javac/code/Type; @ 254 c2
Event: 70,404 Thread 0x00007f4748012000 DEOPT PACKING pc=0x00007f47377d9030 sp=0x00007f474f0e0470
Event: 70,431 Thread 0x00007f4748012000 DEOPT UNPACKING pc=0x00007f472fb02e1f sp=0x00007f474f0e0478 mode 2

Classes redefined (0 events):
No events

Internal exceptions (10 events):
Event: 28,162 Thread 0x00007f4748012000 Exception <a 'java/security/PrivilegedActionException'{0x00000000e590dd10}> (0x00000000e590dd10) thrown at [/build/openjdk-lts-7bqZff/openjdk-lts-11.0.4+11/src/hotspot/share/prims/jvm.cpp, line 1300]
Event: 28,162 Thread 0x00007f4748012000 Exception <a 'java/security/PrivilegedActionException'{0x00000000e590edd0}> (0x00000000e590edd0) thrown at [/build/openjdk-lts-7bqZff/openjdk-lts-11.0.4+11/src/hotspot/share/prims/jvm.cpp, line 1300]
Event: 28,162 Thread 0x00007f4748012000 Exception <a 'java/security/PrivilegedActionException'{0x00000000e590f348}> (0x00000000e590f348) thrown at [/build/openjdk-lts-7bqZff/openjdk-lts-11.0.4+11/src/hotspot/share/prims/jvm.cpp, line 1300]
Event: 31,208 Thread 0x00007f4748012000 Exception <a 'sun/nio/fs/UnixException'{0x00000000e555b5a8}> (0x00000000e555b5a8) thrown at [/build/openjdk-lts-7bqZff/openjdk-lts-11.0.4+11/src/hotspot/share/prims/jni.cpp, line 615]
Event: 31,208 Thread 0x00007f4748012000 Exception <a 'sun/nio/fs/UnixException'{0x00000000e555bc20}> (0x00000000e555bc20) thrown at [/build/openjdk-lts-7bqZff/openjdk-lts-11.0.4+11/src/hotspot/share/prims/jni.cpp, line 615]
Event: 31,208 Thread 0x00007f4748012000 Exception <a 'sun/nio/fs/UnixException'{0x00000000e555c298}> (0x00000000e555c298) thrown at [/build/openjdk-lts-7bqZff/openjdk-lts-11.0.4+11/src/hotspot/share/prims/jni.cpp, line 615]
Event: 31,209 Thread 0x00007f4748012000 Exception <a 'sun/nio/fs/UnixException'{0x00000000e555c910}> (0x00000000e555c910) thrown at [/build/openjdk-lts-7bqZff/openjdk-lts-11.0.4+11/src/hotspot/share/prims/jni.cpp, line 615]
Event: 31,209 Thread 0x00007f4748012000 Exception <a 'sun/nio/fs/UnixException'{0x00000000e555cf88}> (0x00000000e555cf88) thrown at [/build/openjdk-lts-7bqZff/openjdk-lts-11.0.4+11/src/hotspot/share/prims/jni.cpp, line 615]
Event: 31,209 Thread 0x00007f4748012000 Exception <a 'sun/nio/fs/UnixException'{0x00000000e555d600}> (0x00000000e555d600) thrown at [/build/openjdk-lts-7bqZff/openjdk-lts-11.0.4+11/src/hotspot/share/prims/jni.cpp, line 615]
Event: 32,305 Thread 0x00007f4748012000 Exception <a 'java/lang/NoSuchMethodError'{0x00000000e65bd488}: 'int java.lang.invoke.DirectMethodHandle$Holder.invokeSpecial(java.lang.Object, java.lang.Object, java.lang.Object, java.lang.Object, java.lang.Object)'> (0x00000000e65bd488) thrown at [/buil

Events (10 events):
Event: 52,069 Executing VM operation: CGC_Operation done
Event: 61,148 Executing VM operation: G1CollectForAllocation
Event: 61,297 Executing VM operation: G1CollectForAllocation done
Event: 75,394 Executing VM operation: G1CollectForAllocation
Event: 80,055 Executing VM operation: G1CollectForAllocation done
Event: 80,421 Executing VM operation: CGC_Operation
Event: 81,572 Executing VM operation: CGC_Operation done
Event: 81,767 Executing VM operation: CGC_Operation
Event: 82,265 Executing VM operation: CGC_Operation done
Event: 84,504 Executing VM operation: G1CollectForAllocation


Dynamic libraries:
e3000000-e7d00000 rw-p 00000000 00:00 0 
f1700000-ffe00000 ---p 00000000 00:00 0 
ffe00000-ffe34000 rw-p 01116000 b3:06 1437553                            /usr/lib/jvm/java-11-openjdk-amd64/lib/server/classes.jsa
ffe34000-fff00000 rw-p 00000000 00:00 0 
fff00000-fff6a000 rw-p 010ac000 b3:06 1437553                            /usr/lib/jvm/java-11-openjdk-amd64/lib/server/classes.jsa
fff6a000-100000000 rw-p 00000000 00:00 0 
800000000-800002000 rwxp 00001000 b3:06 1437553                          /usr/lib/jvm/java-11-openjdk-amd64/lib/server/classes.jsa
800002000-8003bd000 rw-p 00003000 b3:06 1437553                          /usr/lib/jvm/java-11-openjdk-amd64/lib/server/classes.jsa
8003bd000-800a98000 r--p 003be000 b3:06 1437553                          /usr/lib/jvm/java-11-openjdk-amd64/lib/server/classes.jsa
800a98000-800a99000 rw-p 00a99000 b3:06 1437553                          /usr/lib/jvm/java-11-openjdk-amd64/lib/server/classes.jsa
800a99000-8010ab000 r--p 00a9a000 b3:06 1437553                          /usr/lib/jvm/java-11-openjdk-amd64/lib/server/classes.jsa
840000000-840300000 rw-p 00000000 00:00 0 
840300000-880000000 ---p 00000000 00:00 0 
55c906f75000-55c906f76000 r-xp 00000000 b3:06 1441529                    /usr/lib/jvm/java-11-openjdk-amd64/bin/java
55c907176000-55c907177000 r--p 00001000 b3:06 1441529                    /usr/lib/jvm/java-11-openjdk-amd64/bin/java
55c907177000-55c907178000 rw-p 00002000 b3:06 1441529                    /usr/lib/jvm/java-11-openjdk-amd64/bin/java
55c908fd9000-55c908ffa000 rw-p 00000000 00:00 0                          [heap]
7f46ec000000-7f46ec021000 rw-p 00000000 00:00 0 
7f46ec021000-7f46f0000000 ---p 00000000 00:00 0 
7f46f4000000-7f46f4021000 rw-p 00000000 00:00 0 
7f46f4021000-7f46f8000000 ---p 00000000 00:00 0 
7f46f8000000-7f46f8021000 rw-p 00000000 00:00 0 
7f46f8021000-7f46fc000000 ---p 00000000 00:00 0 
7f46fc000000-7f46fdee5000 rw-p 00000000 00:00 0 
7f46fdee5000-7f4700000000 ---p 00000000 00:00 0 
7f4700000000-7f4700842000 rw-p 00000000 00:00 0 
7f4700842000-7f4704000000 ---p 00000000 00:00 0 
7f4704000000-7f4704021000 rw-p 00000000 00:00 0 
7f4704021000-7f4708000000 ---p 00000000 00:00 0 
7f4708000000-7f4708021000 rw-p 00000000 00:00 0 
7f4708021000-7f470c000000 ---p 00000000 00:00 0 
7f470c000000-7f470c038000 rw-p 00000000 00:00 0 
7f470c038000-7f4710000000 ---p 00000000 00:00 0 
7f4710000000-7f4710021000 rw-p 00000000 00:00 0 
7f4710021000-7f4714000000 ---p 00000000 00:00 0 
7f4714000000-7f4714021000 rw-p 00000000 00:00 0 
7f4714021000-7f4718000000 ---p 00000000 00:00 0 
7f4718000000-7f4718021000 rw-p 00000000 00:00 0 
7f4718021000-7f471c000000 ---p 00000000 00:00 0 
7f471d6e9000-7f471d8e9000 rw-p 00000000 00:00 0 
7f471d8e9000-7f471dae9000 rw-p 00000000 00:00 0 
7f471dae9000-7f471dce9000 rw-p 00000000 00:00 0 
7f471dce9000-7f471dee9000 rw-p 00000000 00:00 0 
7f471dee9000-7f471e0e9000 rw-p 00000000 00:00 0 
7f471e0e9000-7f471e2e9000 rw-p 00000000 00:00 0 
7f471e2e9000-7f471e4e9000 rw-p 00000000 00:00 0 
7f471e4e9000-7f471e4ea000 ---p 00000000 00:00 0 
7f471e4ea000-7f471e5eb000 rw-p 00000000 00:00 0 
7f471e5eb000-7f471e601000 r-xp 00000000 b3:06 1441803                    /usr/lib/jvm/java-11-openjdk-amd64/lib/libnet.so
7f471e601000-7f471e800000 ---p 00016000 b3:06 1441803                    /usr/lib/jvm/java-11-openjdk-amd64/lib/libnet.so
7f471e800000-7f471e801000 r--p 00015000 b3:06 1441803                    /usr/lib/jvm/java-11-openjdk-amd64/lib/libnet.so
7f471e801000-7f471e802000 rw-p 00016000 b3:06 1441803                    /usr/lib/jvm/java-11-openjdk-amd64/lib/libnet.so
7f471e802000-7f471e812000 r-xp 00000000 b3:06 1441805                    /usr/lib/jvm/java-11-openjdk-amd64/lib/libnio.so
7f471e812000-7f471ea11000 ---p 00010000 b3:06 1441805                    /usr/lib/jvm/java-11-openjdk-amd64/lib/libnio.so
7f471ea11000-7f471ea12000 r--p 0000f000 b3:06 1441805                    /usr/lib/jvm/java-11-openjdk-amd64/lib/libnio.so
7f471ea12000-7f471ea13000 rw-p 00010000 b3:06 1441805                    /usr/lib/jvm/java-11-openjdk-amd64/lib/libnio.so
7f471ea13000-7f471ea17000 ---p 00000000 00:00 0 
7f471ea17000-7f471eb14000 rw-p 00000000 00:00 0 
7f471eb14000-7f471eb15000 ---p 00000000 00:00 0 
7f471eb15000-7f471ec16000 rw-p 00000000 00:00 0 
7f471ec16000-7f471ec1a000 ---p 00000000 00:00 0 
7f471ec1a000-7f471ed17000 rw-p 00000000 00:00 0 
7f471ed17000-7f471ed1b000 ---p 00000000 00:00 0 
7f471ed1b000-7f471ee18000 rw-p 00000000 00:00 0 
7f471ee18000-7f471ee1c000 ---p 00000000 00:00 0 
7f471ee1c000-7f471ef19000 rw-p 00000000 00:00 0 
7f471ef19000-7f471ef1d000 ---p 00000000 00:00 0 
7f471ef1d000-7f471f01a000 rw-p 00000000 00:00 0 
7f471f01a000-7f471f01e000 ---p 00000000 00:00 0 
7f471f01e000-7f471f11b000 rw-p 00000000 00:00 0 
7f471f11b000-7f471f3fa000 r--p 00000000 b3:06 1443645                    /usr/lib/locale/locale-archive
7f471f3fa000-7f471f3fe000 ---p 00000000 00:00 0 
7f471f3fe000-7f471f4fb000 rw-p 00000000 00:00 0 
7f471f4fb000-7f471f4ff000 ---p 00000000 00:00 0 
7f471f4ff000-7f471f5fc000 rw-p 00000000 00:00 0 
7f471f5fc000-7f471f5fd000 ---p 00000000 00:00 0 
7f471f5fd000-7f471fefe000 rw-p 00000000 00:00 0 
7f471fefe000-7f471feff000 ---p 00000000 00:00 0 
7f471feff000-7f4720000000 rw-p 00000000 00:00 0 
7f4720000000-7f4720021000 rw-p 00000000 00:00 0 
7f4720021000-7f4724000000 ---p 00000000 00:00 0 
7f4724000000-7f472402f000 rw-p 00000000 00:00 0 
7f472402f000-7f4728000000 ---p 00000000 00:00 0 
7f4728000000-7f4728021000 rw-p 00000000 00:00 0 
7f4728021000-7f472c000000 ---p 00000000 00:00 0 
7f472c02b000-7f472c0ac000 rw-p 00000000 00:00 0 
7f472c0ac000-7f472c0ad000 ---p 00000000 00:00 0 
7f472c0ad000-7f472e3b0000 rw-p 00000000 00:00 0 
7f472e3b0000-7f472e3b1000 ---p 00000000 00:00 0 
7f472e3b1000-7f472e4b2000 rw-p 00000000 00:00 0 
7f472e4b2000-7f472e4b3000 ---p 00000000 00:00 0 
7f472e4b3000-7f472e6e8000 rw-p 00000000 00:00 0 
7f472e6e8000-7f472ecec000 ---p 00000000 00:00 0 
7f472ecec000-7f472ee28000 rw-p 00000000 00:00 0 
7f472ee28000-7f472f42c000 ---p 00000000 00:00 0 
7f472f42c000-7f472f45b000 rw-p 00000000 00:00 0 
7f472f45b000-7f472f51b000 ---p 00000000 00:00 0 
7f472f51b000-7f472f543000 rw-p 00000000 00:00 0 
7f472f543000-7f472f603000 ---p 00000000 00:00 0 
7f472f603000-7f472f62b000 rw-p 00000000 00:00 0 
7f472f62b000-7f472f6eb000 ---p 00000000 00:00 0 
7f472f6eb000-7f472f8ee000 rw-p 00000000 00:00 0 
7f472f8ee000-7f472f8ef000 ---p 00000000 00:00 0 
7f472f8ef000-7f472f9f5000 rw-p 00000000 00:00 0 
7f472f9f5000-7f472fadb000 ---p 00000000 00:00 0 
7f472fadb000-7f472fd4b000 rwxp 00000000 00:00 0 
7f472fd4b000-7f473006a000 ---p 00000000 00:00 0 
7f473006a000-7f4730bda000 rwxp 00000000 00:00 0 
7f4730bda000-7f47375a2000 ---p 00000000 00:00 0 
7f47375a2000-7f4737812000 rwxp 00000000 00:00 0 
7f4737812000-7f473eadb000 ---p 00000000 00:00 0 
7f473eadb000-7f4747185000 r--s 00000000 b3:06 1441815                    /usr/lib/jvm/java-11-openjdk-amd64/lib/modules
7f4747185000-7f474718a000 r-xp 00000000 b3:06 1441785                    /usr/lib/jvm/java-11-openjdk-amd64/lib/libjimage.so
7f474718a000-7f4747389000 ---p 00005000 b3:06 1441785                    /usr/lib/jvm/java-11-openjdk-amd64/lib/libjimage.so
7f4747389000-7f474738a000 r--p 00004000 b3:06 1441785                    /usr/lib/jvm/java-11-openjdk-amd64/lib/libjimage.so
7f474738a000-7f474738b000 rw-p 00005000 b3:06 1441785                    /usr/lib/jvm/java-11-openjdk-amd64/lib/libjimage.so
7f474738b000-7f4747392000 r-xp 00000000 b3:06 1441814                    /usr/lib/jvm/java-11-openjdk-amd64/lib/libzip.so
7f4747392000-7f4747591000 ---p 00007000 b3:06 1441814                    /usr/lib/jvm/java-11-openjdk-amd64/lib/libzip.so
7f4747591000-7f4747592000 r--p 00006000 b3:06 1441814                    /usr/lib/jvm/java-11-openjdk-amd64/lib/libzip.so
7f4747592000-7f4747593000 rw-p 00007000 b3:06 1441814                    /usr/lib/jvm/java-11-openjdk-amd64/lib/libzip.so
7f4747593000-7f474759e000 r-xp 00000000 b3:06 1050651                    /lib/x86_64-linux-gnu/libnss_files-2.27.so
7f474759e000-7f474779d000 ---p 0000b000 b3:06 1050651                    /lib/x86_64-linux-gnu/libnss_files-2.27.so
7f474779d000-7f474779e000 r--p 0000a000 b3:06 1050651                    /lib/x86_64-linux-gnu/libnss_files-2.27.so
7f474779e000-7f474779f000 rw-p 0000b000 b3:06 1050651                    /lib/x86_64-linux-gnu/libnss_files-2.27.so
7f474779f000-7f47477a5000 rw-p 00000000 00:00 0 
7f47477a5000-7f47477bc000 r-xp 00000000 b3:06 1050645                    /lib/x86_64-linux-gnu/libnsl-2.27.so
7f47477bc000-7f47479bb000 ---p 00017000 b3:06 1050645                    /lib/x86_64-linux-gnu/libnsl-2.27.so
7f47479bb000-7f47479bc000 r--p 00016000 b3:06 1050645                    /lib/x86_64-linux-gnu/libnsl-2.27.so
7f47479bc000-7f47479bd000 rw-p 00017000 b3:06 1050645                    /lib/x86_64-linux-gnu/libnsl-2.27.so
7f47479bd000-7f47479bf000 rw-p 00000000 00:00 0 
7f47479bf000-7f47479ca000 r-xp 00000000 b3:06 1050662                    /lib/x86_64-linux-gnu/libnss_nis-2.27.so
7f47479ca000-7f4747bc9000 ---p 0000b000 b3:06 1050662                    /lib/x86_64-linux-gnu/libnss_nis-2.27.so
7f4747bc9000-7f4747bca000 r--p 0000a000 b3:06 1050662                    /lib/x86_64-linux-gnu/libnss_nis-2.27.so
7f4747bca000-7f4747bcb000 rw-p 0000b000 b3:06 1050662                    /lib/x86_64-linux-gnu/libnss_nis-2.27.so
7f4747bcb000-7f4747bd3000 r-xp 00000000 b3:06 1050647                    /lib/x86_64-linux-gnu/libnss_compat-2.27.so
7f4747bd3000-7f4747dd3000 ---p 00008000 b3:06 1050647                    /lib/x86_64-linux-gnu/libnss_compat-2.27.so
7f4747dd3000-7f4747dd4000 r--p 00008000 b3:06 1050647                    /lib/x86_64-linux-gnu/libnss_compat-2.27.so
7f4747dd4000-7f4747dd5000 rw-p 00009000 b3:06 1050647                    /lib/x86_64-linux-gnu/libnss_compat-2.27.so
7f4747dd5000-7f4747dfe000 r-xp 00000000 b3:06 1441777                    /usr/lib/jvm/java-11-openjdk-amd64/lib/libjava.so
7f4747dfe000-7f4747ffd000 ---p 00029000 b3:06 1441777                    /usr/lib/jvm/java-11-openjdk-amd64/lib/libjava.so
7f4747ffd000-7f4747ffe000 r--p 00028000 b3:06 1441777                    /usr/lib/jvm/java-11-openjdk-amd64/lib/libjava.so
7f4747ffe000-7f4748000000 rw-p 00029000 b3:06 1441777                    /usr/lib/jvm/java-11-openjdk-amd64/lib/libjava.so
7f4748000000-7f47496aa000 rw-p 00000000 00:00 0 
7f47496aa000-7f474c000000 ---p 00000000 00:00 0 
7f474c00e000-7f474c056000 rw-p 00000000 00:00 0 
7f474c056000-7f474c12a000 ---p 00000000 00:00 0 
7f474c12a000-7f474c137000 r-xp 00000000 b3:06 1441812                    /usr/lib/jvm/java-11-openjdk-amd64/lib/libverify.so
7f474c137000-7f474c336000 ---p 0000d000 b3:06 1441812                    /usr/lib/jvm/java-11-openjdk-amd64/lib/libverify.so
7f474c336000-7f474c338000 r--p 0000c000 b3:06 1441812                    /usr/lib/jvm/java-11-openjdk-amd64/lib/libverify.so
7f474c338000-7f474c339000 rw-p 0000e000 b3:06 1441812                    /usr/lib/jvm/java-11-openjdk-amd64/lib/libverify.so
7f474c339000-7f474c340000 r-xp 00000000 b3:06 1050702                    /lib/x86_64-linux-gnu/librt-2.27.so
7f474c340000-7f474c53f000 ---p 00007000 b3:06 1050702                    /lib/x86_64-linux-gnu/librt-2.27.so
7f474c53f000-7f474c540000 r--p 00006000 b3:06 1050702                    /lib/x86_64-linux-gnu/librt-2.27.so
7f474c540000-7f474c541000 rw-p 00007000 b3:06 1050702                    /lib/x86_64-linux-gnu/librt-2.27.so
7f474c541000-7f474c558000 r-xp 00000000 b3:06 1050598                    /lib/x86_64-linux-gnu/libgcc_s.so.1
7f474c558000-7f474c757000 ---p 00017000 b3:06 1050598                    /lib/x86_64-linux-gnu/libgcc_s.so.1
7f474c757000-7f474c758000 r--p 00016000 b3:06 1050598                    /lib/x86_64-linux-gnu/libgcc_s.so.1
7f474c758000-7f474c759000 rw-p 00017000 b3:06 1050598                    /lib/x86_64-linux-gnu/libgcc_s.so.1
7f474c759000-7f474c8f6000 r-xp 00000000 b3:06 1050624                    /lib/x86_64-linux-gnu/libm-2.27.so
7f474c8f6000-7f474caf5000 ---p 0019d000 b3:06 1050624                    /lib/x86_64-linux-gnu/libm-2.27.so
7f474caf5000-7f474caf6000 r--p 0019c000 b3:06 1050624                    /lib/x86_64-linux-gnu/libm-2.27.so
7f474caf6000-7f474caf7000 rw-p 0019d000 b3:06 1050624                    /lib/x86_64-linux-gnu/libm-2.27.so
7f474caf7000-7f474cc70000 r-xp 00000000 b3:06 1446455                    /usr/lib/x86_64-linux-gnu/libstdc++.so.6.0.25
7f474cc70000-7f474ce70000 ---p 00179000 b3:06 1446455                    /usr/lib/x86_64-linux-gnu/libstdc++.so.6.0.25
7f474ce70000-7f474ce7a000 r--p 00179000 b3:06 1446455                    /usr/lib/x86_64-linux-gnu/libstdc++.so.6.0.25
7f474ce7a000-7f474ce7c000 rw-p 00183000 b3:06 1446455                    /usr/lib/x86_64-linux-gnu/libstdc++.so.6.0.25
7f474ce7c000-7f474ce80000 rw-p 00000000 00:00 0 
7f474ce80000-7f474df4c000 r-xp 00000000 b3:06 1441824                    /usr/lib/jvm/java-11-openjdk-amd64/lib/server/libjvm.so
7f474df4c000-7f474e14b000 ---p 010cc000 b3:06 1441824                    /usr/lib/jvm/java-11-openjdk-amd64/lib/server/libjvm.so
7f474e14b000-7f474e208000 r--p 010cb000 b3:06 1441824                    /usr/lib/jvm/java-11-openjdk-amd64/lib/server/libjvm.so
7f474e208000-7f474e241000 rw-p 01188000 b3:06 1441824                    /usr/lib/jvm/java-11-openjdk-amd64/lib/server/libjvm.so
7f474e241000-7f474e297000 rw-p 00000000 00:00 0 
7f474e297000-7f474e2b1000 r-xp 00000000 b3:06 1050694                    /lib/x86_64-linux-gnu/libpthread-2.27.so
7f474e2b1000-7f474e4b0000 ---p 0001a000 b3:06 1050694                    /lib/x86_64-linux-gnu/libpthread-2.27.so
7f474e4b0000-7f474e4b1000 r--p 00019000 b3:06 1050694                    /lib/x86_64-linux-gnu/libpthread-2.27.so
7f474e4b1000-7f474e4b2000 rw-p 0001a000 b3:06 1050694                    /lib/x86_64-linux-gnu/libpthread-2.27.so
7f474e4b2000-7f474e4b6000 rw-p 00000000 00:00 0 
7f474e4b6000-7f474e4b9000 r-xp 00000000 b3:06 1050584                    /lib/x86_64-linux-gnu/libdl-2.27.so
7f474e4b9000-7f474e6b8000 ---p 00003000 b3:06 1050584                    /lib/x86_64-linux-gnu/libdl-2.27.so
7f474e6b8000-7f474e6b9000 r--p 00002000 b3:06 1050584                    /lib/x86_64-linux-gnu/libdl-2.27.so
7f474e6b9000-7f474e6ba000 rw-p 00003000 b3:06 1050584                    /lib/x86_64-linux-gnu/libdl-2.27.so
7f474e6ba000-7f474e6d6000 r-xp 00000000 b3:06 1050735                    /lib/x86_64-linux-gnu/libz.so.1.2.11
7f474e6d6000-7f474e8d5000 ---p 0001c000 b3:06 1050735                    /lib/x86_64-linux-gnu/libz.so.1.2.11
7f474e8d5000-7f474e8d6000 r--p 0001b000 b3:06 1050735                    /lib/x86_64-linux-gnu/libz.so.1.2.11
7f474e8d6000-7f474e8d7000 rw-p 0001c000 b3:06 1050735                    /lib/x86_64-linux-gnu/libz.so.1.2.11
7f474e8d7000-7f474eabe000 r-xp 00000000 b3:06 1050561                    /lib/x86_64-linux-gnu/libc-2.27.so
7f474eabe000-7f474ecbe000 ---p 001e7000 b3:06 1050561                    /lib/x86_64-linux-gnu/libc-2.27.so
7f474ecbe000-7f474ecc2000 r--p 001e7000 b3:06 1050561                    /lib/x86_64-linux-gnu/libc-2.27.so
7f474ecc2000-7f474ecc4000 rw-p 001eb000 b3:06 1050561                    /lib/x86_64-linux-gnu/libc-2.27.so
7f474ecc4000-7f474ecc8000 rw-p 00000000 00:00 0 
7f474ecc8000-7f474ecd8000 r-xp 00000000 b3:06 1441749                    /usr/lib/jvm/java-11-openjdk-amd64/lib/jli/libjli.so
7f474ecd8000-7f474eed7000 ---p 00010000 b3:06 1441749                    /usr/lib/jvm/java-11-openjdk-amd64/lib/jli/libjli.so
7f474eed7000-7f474eed8000 r--p 0000f000 b3:06 1441749                    /usr/lib/jvm/java-11-openjdk-amd64/lib/jli/libjli.so
7f474eed8000-7f474eed9000 rw-p 00010000 b3:06 1441749                    /usr/lib/jvm/java-11-openjdk-amd64/lib/jli/libjli.so
7f474eed9000-7f474ef00000 r-xp 00000000 b3:06 1050533                    /lib/x86_64-linux-gnu/ld-2.27.so
7f474ef0f000-7f474efe4000 rw-p 00000000 00:00 0 
7f474efe4000-7f474efe8000 ---p 00000000 00:00 0 
7f474efe8000-7f474f0e7000 rw-p 00000000 00:00 0 
7f474f0e8000-7f474f0ed000 rw-p 00000000 00:00 0 
7f474f0ed000-7f474f0f4000 ---p 00000000 00:00 0 
7f474f0f4000-7f474f0fc000 rw-s 00000000 b3:06 415495                     /tmp/hsperfdata_lizandra/9415
7f474f0fc000-7f474f0fd000 ---p 00000000 00:00 0 
7f474f0fd000-7f474f0fe000 r--p 00000000 00:00 0 
7f474f0fe000-7f474f100000 rw-p 00000000 00:00 0 
7f474f100000-7f474f101000 r--p 00027000 b3:06 1050533                    /lib/x86_64-linux-gnu/ld-2.27.so
7f474f101000-7f474f102000 rw-p 00028000 b3:06 1050533                    /lib/x86_64-linux-gnu/ld-2.27.so
7f474f102000-7f474f103000 rw-p 00000000 00:00 0 
7ffe0dc96000-7ffe0dcb7000 rw-p 00000000 00:00 0                          [stack]
7ffe0dd83000-7ffe0dd86000 r--p 00000000 00:00 0                          [vvar]
7ffe0dd86000-7ffe0dd88000 r-xp 00000000 00:00 0                          [vdso]
ffffffffff600000-ffffffffff601000 r-xp 00000000 00:00 0                  [vsyscall]


VM Arguments:
jvm_args: -Dclassworlds.conf=/home/lizandra/Software/netbeans/java/maven/bin/m2.conf -Dmaven.home=/home/lizandra/Software/netbeans/java/maven -Dmaven.multiModuleProjectDirectory=/home/lizandra/NetBeansProjects/sistema-nutri 
java_command: org.codehaus.plexus.classworlds.launcher.Launcher -Dmaven.ext.class.path=/home/lizandra/Software/netbeans/java/maven-nblib/netbeans-eventspy.jar clean install
java_class_path (initial): /home/lizandra/Software/netbeans/java/maven/boot/plexus-classworlds-2.5.2.jar
Launcher Type: SUN_STANDARD

[Global flags]
     intx CICompilerCount                          = 2                                         {product} {ergonomic}
     uint ConcGCThreads                            = 1                                         {product} {ergonomic}
     uint G1ConcRefinementThreads                  = 2                                         {product} {ergonomic}
   size_t G1HeapRegionSize                         = 1048576                                   {product} {ergonomic}
    uintx GCDrainStackTargetSize                   = 64                                        {product} {ergonomic}
   size_t InitialHeapSize                          = 31457280                                  {product} {ergonomic}
   size_t MarkStackSize                            = 4194304                                   {product} {ergonomic}
   size_t MaxHeapSize                              = 486539264                                 {product} {ergonomic}
   size_t MaxNewSize                               = 291504128                                 {product} {ergonomic}
   size_t MinHeapDeltaBytes                        = 1048576                                   {product} {ergonomic}
    uintx NonNMethodCodeHeapSize                   = 5824844                                {pd product} {ergonomic}
    uintx NonProfiledCodeHeapSize                  = 122916698                              {pd product} {ergonomic}
    uintx ProfiledCodeHeapSize                     = 122916698                              {pd product} {ergonomic}
    uintx ReservedCodeCacheSize                    = 251658240                              {pd product} {ergonomic}
     bool SegmentedCodeCache                       = true                                      {product} {ergonomic}
     bool UseCompressedClassPointers               = true                                 {lp64_product} {ergonomic}
     bool UseCompressedOops                        = true                                 {lp64_product} {ergonomic}
     bool UseG1GC                                  = true                                      {product} {ergonomic}

Logging:
Log output configuration:
 #0: stdout all=warning uptime,level,tags
 #1: stderr all=off uptime,level,tags

Environment Variables:
JAVA_HOME=/usr/lib/jvm/java-11-openjdk-amd64
PATH=/usr/local/sbin:/usr/local/bin:/usr/sbin:/usr/bin:/sbin:/bin:/usr/games:/usr/local/games
SHELL=/bin/bash
DISPLAY=:0

Signal Handlers:
SIGSEGV: [libjvm.so+0xde5f50], sa_mask[0]=11111111011111111101111111111110, sa_flags=SA_RESTART|SA_SIGINFO
SIGBUS: [libjvm.so+0xde5f50], sa_mask[0]=11111111011111111101111111111110, sa_flags=SA_RESTART|SA_SIGINFO
SIGFPE: [libjvm.so+0xde5f50], sa_mask[0]=11111111011111111101111111111110, sa_flags=SA_RESTART|SA_SIGINFO
SIGPIPE: [libjvm.so+0xbba5b0], sa_mask[0]=11111111011111111101111111111110, sa_flags=SA_RESTART|SA_SIGINFO
SIGXFSZ: [libjvm.so+0xbba5b0], sa_mask[0]=11111111011111111101111111111110, sa_flags=SA_RESTART|SA_SIGINFO
SIGILL: [libjvm.so+0xde5f50], sa_mask[0]=11111111011111111101111111111110, sa_flags=SA_RESTART|SA_SIGINFO
SIGUSR2: [libjvm.so+0xbba450], sa_mask[0]=00100000000000000000000000000000, sa_flags=SA_RESTART|SA_SIGINFO
SIGHUP: [libjvm.so+0xbba7b0], sa_mask[0]=11111111011111111101111111111110, sa_flags=SA_RESTART|SA_SIGINFO
SIGINT: SIG_IGN, sa_mask[0]=00000000000000000000000000000000, sa_flags=none
SIGTERM: [libjvm.so+0xbba7b0], sa_mask[0]=11111111011111111101111111111110, sa_flags=SA_RESTART|SA_SIGINFO
SIGQUIT: [libjvm.so+0xbba7b0], sa_mask[0]=11111111011111111101111111111110, sa_flags=SA_RESTART|SA_SIGINFO


---------------  S Y S T E M  ---------------

OS:DISTRIB_ID=LinuxMint
DISTRIB_RELEASE=19.2
DISTRIB_CODENAME=tina
DISTRIB_DESCRIPTION="Linux Mint 19.2 Tina"
uname:Linux 4.15.0-58-generic #64-Ubuntu SMP Tue Aug 6 11:12:41 UTC 2019 x86_64
libc:glibc 2.27 NPTL 2.27 
rlimit: STACK 8192k, CORE 0k, NPROC 6965, NOFILE 1048576, AS infinity, DATA infinity, FSIZE infinity
load average:9,40 3,79 2,21

/proc/meminfo:
MemTotal:        1897592 kB
MemFree:           63740 kB
MemAvailable:      14492 kB
Buffers:             304 kB
Cached:           110328 kB
SwapCached:          312 kB
Active:          1246268 kB
Inactive:         427364 kB
Active(anon):    1240028 kB
Inactive(anon):   413440 kB
Active(file):       6240 kB
Inactive(file):    13924 kB
Unevictable:          48 kB
Mlocked:              48 kB
SwapTotal:       1301168 kB
SwapFree:              0 kB
Dirty:               108 kB
Writeback:             4 kB
AnonPages:       1562928 kB
Mapped:            49840 kB
Shmem:             90300 kB
Slab:              70368 kB
SReclaimable:      30600 kB
SUnreclaim:        39768 kB
KernelStack:       11712 kB
PageTables:        42884 kB
NFS_Unstable:          0 kB
Bounce:                0 kB
WritebackTmp:          0 kB
CommitLimit:     2249964 kB
Committed_AS:    6467756 kB
VmallocTotal:   34359738367 kB
VmallocUsed:           0 kB
VmallocChunk:          0 kB
HardwareCorrupted:     0 kB
AnonHugePages:         0 kB
ShmemHugePages:        0 kB
ShmemPmdMapped:        0 kB
CmaTotal:              0 kB
CmaFree:               0 kB
HugePages_Total:       0
HugePages_Free:        0
HugePages_Rsvd:        0
HugePages_Surp:        0
Hugepagesize:       2048 kB
DirectMap4k:      151296 kB
DirectMap2M:     1800192 kB


/proc/sys/kernel/threads-max (system-wide limit on the number of threads):
13930


/proc/sys/vm/max_map_count (maximum number of memory map areas a process may have):
65530


/proc/sys/kernel/pid_max (system-wide limit on number of process identifiers):
32768



container (cgroup) information:
container_type: cgroupv1
cpu_cpuset_cpus: 0-1
cpu_memory_nodes: 0
active_processor_count: 2
cpu_quota: -1
cpu_period: 100000
cpu_shares: -1
memory_limit_in_bytes: -1
memory_and_swap_limit_in_bytes: -2
memory_soft_limit_in_bytes: -1
memory_usage_in_bytes: 1711861760
memory_max_usage_in_bytes: 53248

Steal ticks since vm start: 0
Steal ticks percentage since vm start:  0,000

CPU:total 2 (initial active 2) (2 cores per cpu, 1 threads per core) family 6 model 76 stepping 3, cmov, cx8, fxsr, mmx, sse, sse2, sse3, ssse3, sse4.1, sse4.2, popcnt, aes, clmul, erms, 3dnowpref, tsc, tscinvbit
CPU Model and flags from /proc/cpuinfo:
model name	: Intel(R) Celeron(R) CPU  N3050  @ 1.60GHz
flags		: fpu vme de pse tsc msr pae mce cx8 apic sep mtrr pge mca cmov pat pse36 clflush dts acpi mmx fxsr sse sse2 ss ht tm pbe syscall nx rdtscp lm constant_tsc arch_perfmon pebs bts rep_good nopl xtopology tsc_reliable nonstop_tsc cpuid aperfmperf tsc_known_freq pni pclmulqdq dtes64 monitor ds_cpl vmx est tm2 ssse3 cx16 xtpr pdcm sse4_1 sse4_2 movbe popcnt tsc_deadline_timer aes rdrand lahf_lm 3dnowprefetch epb pti ibrs ibpb stibp tpr_shadow vnmi flexpriority ept vpid tsc_adjust smep erms dtherm ida arat md_clear

Memory: 4k page, physical 1897592k(63236k free), swap 1301168k(0k free)

vm_info: OpenJDK 64-Bit Server VM (11.0.4+11-post-Ubuntu-1ubuntu218.04.3) for linux-amd64 JRE (11.0.4+11-post-Ubuntu-1ubuntu218.04.3), built on Jul 18 2019 18:21:46 by "buildd" with gcc 7.4.0

END.
