#
# There is insufficient memory for the Java Runtime Environment to continue.
# Native memory allocation (mmap) failed to map 78643200 bytes for committing reserved memory.
# Possible reasons:
#   The system is out of physical RAM or swap space
#   The process is running with CompressedOops enabled, and the Java Heap may be blocking the growth of the native heap
# Possible solutions:
#   Reduce memory load on the system
#   Increase physical memory or swap space
#   Check if swap backing store is full
#   Decrease Java heap size (-Xmx/-Xms)
#   Decrease number of Java threads
#   Decrease Java thread stack sizes (-Xss)
#   Set larger code cache with -XX:ReservedCodeCacheSize=
#   JVM is running with Unscaled Compressed Oops mode in which the Java heap is
#     placed in the first 4GB address space. The Java Heap base address is the
#     maximum limit for the native heap growth. Please use -XX:HeapBaseMinAddress
#     to set the Java Heap base and to place the Java Heap above 4GB virtual address.
# This output file may be truncated or incomplete.
#
#  Out of Memory Error (os_linux.cpp:2893), pid=3715, tid=3732
#
# JRE version: OpenJDK Runtime Environment (11.0.4+11) (build 11.0.4+11-post-Ubuntu-1ubuntu218.04.3)
# Java VM: OpenJDK 64-Bit Server VM (11.0.4+11-post-Ubuntu-1ubuntu218.04.3, mixed mode, sharing, tiered, compressed oops, g1 gc, linux-amd64)
# Core dump will be written. Default location: Core dumps may be processed with "/lib/systemd/systemd-coredump %P %u %g %s %t 9223372036854775808 %e" (or dumping to /home/lizandra/NetBeansProjects/sistema-nutri/core.3715)
#

---------------  S U M M A R Y ------------

Command Line: -Dclassworlds.conf=/home/lizandra/Software/netbeans/java/maven/bin/m2.conf -Dmaven.home=/home/lizandra/Software/netbeans/java/maven -Dmaven.multiModuleProjectDirectory=/home/lizandra/NetBeansProjects/sistema-nutri org.codehaus.plexus.classworlds.launcher.Launcher -Dmaven.ext.class.path=/home/lizandra/Software/netbeans/java/maven-nblib/netbeans-eventspy.jar clean install

Host: Intel(R) Celeron(R) CPU  N3050  @ 1.60GHz, 2 cores, 1G, Linux Mint 19.2 Tina
Time: Tue Oct 15 21:51:36 2019 -03 elapsed time: 120 seconds (0d 0h 2m 0s)

---------------  T H R E A D  ---------------

Current thread (0x00007ff080085000):  VMThread "VM Thread" [stack: 0x00007ff0842e7000,0x00007ff0843e7000] [id=3732]

Stack: [0x00007ff0842e7000,0x00007ff0843e7000],  sp=0x00007ff0843e4ff0,  free space=1015k
Native frames: (J=compiled Java code, A=aot compiled Java code, j=interpreted, Vv=VM code, C=native code)
V  [libjvm.so+0xde4547]
V  [libjvm.so+0xde519b]
V  [libjvm.so+0x6511a5]
V  [libjvm.so+0xbbed38]
V  [libjvm.so+0xbb5ebd]
V  [libjvm.so+0x76f53f]
V  [libjvm.so+0x76f7ae]
V  [libjvm.so+0x77b820]
V  [libjvm.so+0x7f6969]
V  [libjvm.so+0x7f75c2]
V  [libjvm.so+0x7f7a29]
V  [libjvm.so+0x72de6f]
V  [libjvm.so+0x732b6a]
V  [libjvm.so+0xdf01e1]
V  [libjvm.so+0xdeeda8]
V  [libjvm.so+0xdec5e6]
V  [libjvm.so+0xdecaf0]
V  [libjvm.so+0xdecf23]
V  [libjvm.so+0xd7aeea]
V  [libjvm.so+0xbc4a5e]

VM_Operation (0x00007ff089eb63b0): G1CollectForAllocation, mode: safepoint, requested by thread 0x00007ff080012000


---------------  P R O C E S S  ---------------

Threads class SMR info:
_java_thread_list=0x00007ff0800d69a0, length=9, elements={
0x00007ff080012000, 0x00007ff080088000, 0x00007ff08008a000, 0x00007ff08008f800,
0x00007ff080091800, 0x00007ff080093800, 0x00007ff080095800, 0x00007ff0800cc800,
0x00007ff0800d5000
}

Java Threads: ( => current thread )
  0x00007ff080012000 JavaThread "main" [_thread_blocked, id=3726, stack(0x00007ff089db9000,0x00007ff089eba000)]
  0x00007ff080088000 JavaThread "Reference Handler" daemon [_thread_blocked, id=3733, stack(0x00007ff0841e4000,0x00007ff0842e5000)]
  0x00007ff08008a000 JavaThread "Finalizer" daemon [_thread_blocked, id=3734, stack(0x00007ff0840e3000,0x00007ff0841e4000)]
  0x00007ff08008f800 JavaThread "Signal Dispatcher" daemon [_thread_blocked, id=3735, stack(0x00007ff068055000,0x00007ff068156000)]
  0x00007ff080091800 JavaThread "C2 CompilerThread0" daemon [_thread_blocked, id=3736, stack(0x00007ff059c20000,0x00007ff059d21000)]
  0x00007ff080093800 JavaThread "C1 CompilerThread0" daemon [_thread_blocked, id=3737, stack(0x00007ff059b1f000,0x00007ff059c20000)]
  0x00007ff080095800 JavaThread "Sweeper thread" daemon [_thread_blocked, id=3738, stack(0x00007ff059a1e000,0x00007ff059b1f000)]
  0x00007ff0800cc800 JavaThread "Service Thread" daemon [_thread_blocked, id=3739, stack(0x00007ff05991d000,0x00007ff059a1e000)]
  0x00007ff0800d5000 JavaThread "Common-Cleaner" daemon [_thread_blocked, id=3741, stack(0x00007ff05971a000,0x00007ff05981b000)]

Other Threads:
=>0x00007ff080085000 VMThread "VM Thread" [stack: 0x00007ff0842e7000,0x00007ff0843e7000] [id=3732]
  0x00007ff0800cf000 WatcherThread [stack: 0x00007ff05981d000,0x00007ff05991d000] [id=3740]
  0x00007ff080028000 GCTaskThread "GC Thread#0" [stack: 0x00007ff085dae000,0x00007ff085eae000] [id=3727]
  0x00007ff050001000 GCTaskThread "GC Thread#1" [stack: 0x00007ff0591f2000,0x00007ff0592f2000] [id=3744]
  0x00007ff080037800 ConcurrentGCThread "G1 Main Marker" [stack: 0x00007ff084972000,0x00007ff084a72000] [id=3728]
  0x00007ff080039000 ConcurrentGCThread "G1 Conc#0" [stack: 0x00007ff084870000,0x00007ff084970000] [id=3729]
  0x00007ff08005a800 ConcurrentGCThread "G1 Refine#0" [stack: 0x00007ff08456c000,0x00007ff08466c000] [id=3730]
  0x00007ff054001000 ConcurrentGCThread "G1 Refine#1" [stack: 0x00007ff0590f0000,0x00007ff0591f0000] [id=3745]
  0x00007ff08005c800 ConcurrentGCThread "G1 Young RemSet Sampling" [stack: 0x00007ff08446a000,0x00007ff08456a000] [id=3731]

Threads with active compile tasks:
C2 CompilerThread02739 % !   4       sun.nio.cs.ISO_8859_1$Decoder::decodeArrayLoop @ 129 (263 bytes)

VM state:at safepoint (normal execution)

VM Mutex/Monitor currently owned by a thread:  ([mutex/lock_event])
[0x00007ff08000e440] Threads_lock - owner thread: 0x00007ff080085000
[0x00007ff08000eb90] Heap_lock - owner thread: 0x00007ff080012000

Heap address: 0x00000000e3000000, size: 464 MB, Compressed Oops mode: 32-bit
Narrow klass base: 0x0000000800000000, Narrow klass shift: 3
Compressed class space size: 1073741824 Address: 0x0000000840000000

Heap:
 garbage-first heap   total 156672K, used 9432K [0x00000000e3000000, 0x0000000100000000)
  region size 1024K, 1 young (1024K), 1 survivors (1024K)
 Metaspace       used 12789K, capacity 14519K, committed 14848K, reserved 1062912K
  class space    used 1503K, capacity 1736K, committed 1792K, reserved 1048576K
Heap Regions: E=young(eden), S=young(survivor), O=old, HS=humongous(starts), HC=humongous(continues), CS=collection set, F=free, A=archive, TAMS=top-at-mark-start (previous, next)
|   0|0x00000000e3000000, 0x00000000e3100000, 0x00000000e3100000|100%| O|  |TAMS 0x00000000e3000000, 0x00000000e3000000| Untracked 
|   1|0x00000000e3100000, 0x00000000e3200000, 0x00000000e3200000|100%| O|  |TAMS 0x00000000e3100000, 0x00000000e3100000| Untracked 
|   2|0x00000000e3200000, 0x00000000e3300000, 0x00000000e3300000|100%| O|  |TAMS 0x00000000e3200000, 0x00000000e3200000| Untracked 
|   3|0x00000000e3300000, 0x00000000e3400000, 0x00000000e3400000|100%| O|  |TAMS 0x00000000e3300000, 0x00000000e3300000| Untracked 
|   4|0x00000000e3400000, 0x00000000e3500000, 0x00000000e3500000|100%| O|  |TAMS 0x00000000e3400000, 0x00000000e3400000| Untracked 
|   5|0x00000000e3500000, 0x00000000e3600000, 0x00000000e3600000|100%| O|  |TAMS 0x00000000e3500000, 0x00000000e3500000| Untracked 
|   6|0x00000000e3600000, 0x00000000e3700000, 0x00000000e3700000|100%| O|  |TAMS 0x00000000e3600000, 0x00000000e3600000| Untracked 
|   7|0x00000000e3700000, 0x00000000e3800000, 0x00000000e3800000|100%| O|  |TAMS 0x00000000e3700000, 0x00000000e3700000| Untracked 
|   8|0x00000000e3800000, 0x00000000e3825200, 0x00000000e3900000| 14%| O|  |TAMS 0x00000000e3800000, 0x00000000e3800000| Untracked 
|   9|0x00000000e3900000, 0x00000000e3900000, 0x00000000e3a00000|  0%| F|  |TAMS 0x00000000e3900000, 0x00000000e3900000| Untracked 
|  10|0x00000000e3a00000, 0x00000000e3a00000, 0x00000000e3b00000|  0%| F|  |TAMS 0x00000000e3a00000, 0x00000000e3a00000| Untracked 
|  11|0x00000000e3b00000, 0x00000000e3b00000, 0x00000000e3c00000|  0%| F|  |TAMS 0x00000000e3b00000, 0x00000000e3b00000| Untracked 
|  12|0x00000000e3c00000, 0x00000000e3c00000, 0x00000000e3d00000|  0%| F|  |TAMS 0x00000000e3c00000, 0x00000000e3c00000| Untracked 
|  13|0x00000000e3d00000, 0x00000000e3d00000, 0x00000000e3e00000|  0%| F|  |TAMS 0x00000000e3d00000, 0x00000000e3d00000| Untracked 
|  14|0x00000000e3e00000, 0x00000000e3e00000, 0x00000000e3f00000|  0%| F|  |TAMS 0x00000000e3e00000, 0x00000000e3e00000| Untracked 
|  15|0x00000000e3f00000, 0x00000000e3f00000, 0x00000000e4000000|  0%| F|  |TAMS 0x00000000e3f00000, 0x00000000e3f00000| Untracked 
|  16|0x00000000e4000000, 0x00000000e4000000, 0x00000000e4100000|  0%| F|  |TAMS 0x00000000e4000000, 0x00000000e4000000| Untracked 
|  17|0x00000000e4100000, 0x00000000e4100000, 0x00000000e4200000|  0%| F|  |TAMS 0x00000000e4100000, 0x00000000e4100000| Untracked 
|  18|0x00000000e4200000, 0x00000000e4200000, 0x00000000e4300000|  0%| F|  |TAMS 0x00000000e4200000, 0x00000000e4200000| Untracked 
|  19|0x00000000e4300000, 0x00000000e4300000, 0x00000000e4400000|  0%| F|  |TAMS 0x00000000e4300000, 0x00000000e4300000| Untracked 
|  20|0x00000000e4400000, 0x00000000e4400000, 0x00000000e4500000|  0%| F|  |TAMS 0x00000000e4400000, 0x00000000e4400000| Untracked 
|  21|0x00000000e4500000, 0x00000000e4500000, 0x00000000e4600000|  0%| F|  |TAMS 0x00000000e4500000, 0x00000000e4500000| Untracked 
|  22|0x00000000e4600000, 0x00000000e4600000, 0x00000000e4700000|  0%| F|  |TAMS 0x00000000e4600000, 0x00000000e4600000| Untracked 
|  23|0x00000000e4700000, 0x00000000e4700000, 0x00000000e4800000|  0%| F|  |TAMS 0x00000000e4700000, 0x00000000e4700000| Untracked 
|  24|0x00000000e4800000, 0x00000000e4800000, 0x00000000e4900000|  0%| F|  |TAMS 0x00000000e4800000, 0x00000000e4800000| Untracked 
|  25|0x00000000e4900000, 0x00000000e4900000, 0x00000000e4a00000|  0%| F|  |TAMS 0x00000000e4900000, 0x00000000e4900000| Untracked 
|  26|0x00000000e4a00000, 0x00000000e4a00000, 0x00000000e4b00000|  0%| F|  |TAMS 0x00000000e4a00000, 0x00000000e4a00000| Untracked 
|  27|0x00000000e4b00000, 0x00000000e4b00000, 0x00000000e4c00000|  0%| F|  |TAMS 0x00000000e4b00000, 0x00000000e4b00000| Untracked 
|  28|0x00000000e4c00000, 0x00000000e4c00000, 0x00000000e4d00000|  0%| F|  |TAMS 0x00000000e4c00000, 0x00000000e4c00000| Untracked 
|  29|0x00000000e4d00000, 0x00000000e4d00000, 0x00000000e4e00000|  0%| F|  |TAMS 0x00000000e4d00000, 0x00000000e4d00000| Untracked 
|  30|0x00000000e4e00000, 0x00000000e4e00000, 0x00000000e4f00000|  0%| F|  |TAMS 0x00000000e4e00000, 0x00000000e4e00000| Untracked 
|  31|0x00000000e4f00000, 0x00000000e4f00000, 0x00000000e5000000|  0%| F|  |TAMS 0x00000000e4f00000, 0x00000000e4f00000| Untracked 
|  32|0x00000000e5000000, 0x00000000e5000000, 0x00000000e5100000|  0%| F|  |TAMS 0x00000000e5000000, 0x00000000e5000000| Untracked 
|  33|0x00000000e5100000, 0x00000000e5100000, 0x00000000e5200000|  0%| F|  |TAMS 0x00000000e5100000, 0x00000000e5100000| Untracked 
|  34|0x00000000e5200000, 0x00000000e5200000, 0x00000000e5300000|  0%| F|  |TAMS 0x00000000e5200000, 0x00000000e5200000| Untracked 
|  35|0x00000000e5300000, 0x00000000e5300000, 0x00000000e5400000|  0%| F|  |TAMS 0x00000000e5300000, 0x00000000e5300000| Untracked 
|  36|0x00000000e5400000, 0x00000000e5400000, 0x00000000e5500000|  0%| F|  |TAMS 0x00000000e5400000, 0x00000000e5400000| Untracked 
|  37|0x00000000e5500000, 0x00000000e5500000, 0x00000000e5600000|  0%| F|  |TAMS 0x00000000e5500000, 0x00000000e5500000| Untracked 
|  38|0x00000000e5600000, 0x00000000e5600000, 0x00000000e5700000|  0%| F|  |TAMS 0x00000000e5600000, 0x00000000e5600000| Untracked 
|  39|0x00000000e5700000, 0x00000000e5700000, 0x00000000e5800000|  0%| F|  |TAMS 0x00000000e5700000, 0x00000000e5700000| Untracked 
|  40|0x00000000e5800000, 0x00000000e5800000, 0x00000000e5900000|  0%| F|  |TAMS 0x00000000e5800000, 0x00000000e5800000| Untracked 
|  41|0x00000000e5900000, 0x00000000e5900000, 0x00000000e5a00000|  0%| F|  |TAMS 0x00000000e5900000, 0x00000000e5900000| Untracked 
|  42|0x00000000e5a00000, 0x00000000e5a00000, 0x00000000e5b00000|  0%| F|  |TAMS 0x00000000e5a00000, 0x00000000e5a00000| Untracked 
|  43|0x00000000e5b00000, 0x00000000e5b00000, 0x00000000e5c00000|  0%| F|  |TAMS 0x00000000e5b00000, 0x00000000e5b00000| Untracked 
|  44|0x00000000e5c00000, 0x00000000e5c00000, 0x00000000e5d00000|  0%| F|  |TAMS 0x00000000e5c00000, 0x00000000e5c00000| Untracked 
|  45|0x00000000e5d00000, 0x00000000e5d00000, 0x00000000e5e00000|  0%| F|  |TAMS 0x00000000e5d00000, 0x00000000e5d00000| Untracked 
|  46|0x00000000e5e00000, 0x00000000e5e00000, 0x00000000e5f00000|  0%| F|  |TAMS 0x00000000e5e00000, 0x00000000e5e00000| Untracked 
|  47|0x00000000e5f00000, 0x00000000e5f00000, 0x00000000e6000000|  0%| F|  |TAMS 0x00000000e5f00000, 0x00000000e5f00000| Untracked 
|  48|0x00000000e6000000, 0x00000000e6000000, 0x00000000e6100000|  0%| F|  |TAMS 0x00000000e6000000, 0x00000000e6000000| Untracked 
|  49|0x00000000e6100000, 0x00000000e6100000, 0x00000000e6200000|  0%| F|  |TAMS 0x00000000e6100000, 0x00000000e6100000| Untracked 
|  50|0x00000000e6200000, 0x00000000e6200000, 0x00000000e6300000|  0%| F|  |TAMS 0x00000000e6200000, 0x00000000e6200000| Untracked 
|  51|0x00000000e6300000, 0x00000000e6300000, 0x00000000e6400000|  0%| F|  |TAMS 0x00000000e6300000, 0x00000000e6300000| Untracked 
|  52|0x00000000e6400000, 0x00000000e6400000, 0x00000000e6500000|  0%| F|  |TAMS 0x00000000e6400000, 0x00000000e6400000| Untracked 
|  53|0x00000000e6500000, 0x00000000e6500000, 0x00000000e6600000|  0%| F|  |TAMS 0x00000000e6500000, 0x00000000e6500000| Untracked 
|  54|0x00000000e6600000, 0x00000000e6600000, 0x00000000e6700000|  0%| F|  |TAMS 0x00000000e6600000, 0x00000000e6600000| Untracked 
|  55|0x00000000e6700000, 0x00000000e6700000, 0x00000000e6800000|  0%| F|  |TAMS 0x00000000e6700000, 0x00000000e6700000| Untracked 
|  56|0x00000000e6800000, 0x00000000e6800000, 0x00000000e6900000|  0%| F|  |TAMS 0x00000000e6800000, 0x00000000e6800000| Untracked 
|  57|0x00000000e6900000, 0x00000000e6900000, 0x00000000e6a00000|  0%| F|  |TAMS 0x00000000e6900000, 0x00000000e6900000| Untracked 
|  58|0x00000000e6a00000, 0x00000000e6a00000, 0x00000000e6b00000|  0%| F|  |TAMS 0x00000000e6a00000, 0x00000000e6a00000| Untracked 
|  59|0x00000000e6b00000, 0x00000000e6b00000, 0x00000000e6c00000|  0%| F|  |TAMS 0x00000000e6b00000, 0x00000000e6b00000| Untracked 
|  60|0x00000000e6c00000, 0x00000000e6c00000, 0x00000000e6d00000|  0%| F|  |TAMS 0x00000000e6c00000, 0x00000000e6c00000| Untracked 
|  61|0x00000000e6d00000, 0x00000000e6d00000, 0x00000000e6e00000|  0%| F|  |TAMS 0x00000000e6d00000, 0x00000000e6d00000| Untracked 
|  62|0x00000000e6e00000, 0x00000000e6e00000, 0x00000000e6f00000|  0%| F|  |TAMS 0x00000000e6e00000, 0x00000000e6e00000| Untracked 
|  63|0x00000000e6f00000, 0x00000000e6f00000, 0x00000000e7000000|  0%| F|  |TAMS 0x00000000e6f00000, 0x00000000e6f00000| Untracked 
|  64|0x00000000e7000000, 0x00000000e7000000, 0x00000000e7100000|  0%| F|  |TAMS 0x00000000e7000000, 0x00000000e7000000| Untracked 
|  65|0x00000000e7100000, 0x00000000e7100000, 0x00000000e7200000|  0%| F|  |TAMS 0x00000000e7100000, 0x00000000e7100000| Untracked 
|  66|0x00000000e7200000, 0x00000000e7200000, 0x00000000e7300000|  0%| F|  |TAMS 0x00000000e7200000, 0x00000000e7200000| Untracked 
|  67|0x00000000e7300000, 0x00000000e7300000, 0x00000000e7400000|  0%| F|  |TAMS 0x00000000e7300000, 0x00000000e7300000| Untracked 
|  68|0x00000000e7400000, 0x00000000e7400000, 0x00000000e7500000|  0%| F|  |TAMS 0x00000000e7400000, 0x00000000e7400000| Untracked 
|  69|0x00000000e7500000, 0x00000000e7500000, 0x00000000e7600000|  0%| F|  |TAMS 0x00000000e7500000, 0x00000000e7500000| Untracked 
|  70|0x00000000e7600000, 0x00000000e7600000, 0x00000000e7700000|  0%| F|  |TAMS 0x00000000e7600000, 0x00000000e7600000| Untracked 
|  71|0x00000000e7700000, 0x00000000e7700000, 0x00000000e7800000|  0%| F|  |TAMS 0x00000000e7700000, 0x00000000e7700000| Untracked 
|  72|0x00000000e7800000, 0x00000000e7873000, 0x00000000e7900000| 44%| S|CS|TAMS 0x00000000e7800000, 0x00000000e7800000| Complete 
|  73|0x00000000e7900000, 0x00000000e7900000, 0x00000000e7a00000|  0%| F|  |TAMS 0x00000000e7900000, 0x00000000e7900000| Untracked 
|  74|0x00000000e7a00000, 0x00000000e7a00000, 0x00000000e7b00000|  0%| F|  |TAMS 0x00000000e7a00000, 0x00000000e7a00000| Untracked 
|  75|0x00000000e7b00000, 0x00000000e7b00000, 0x00000000e7c00000|  0%| F|  |TAMS 0x00000000e7b00000, 0x00000000e7b00000| Untracked 
| 462|0x00000000ffe00000, 0x00000000ffe34000, 0x00000000fff00000| 20%|OA|  |TAMS 0x00000000ffe00000, 0x00000000ffe00000| Untracked 
| 463|0x00000000fff00000, 0x00000000fff6a000, 0x0000000100000000| 41%|CA|  |TAMS 0x00000000fff00000, 0x00000000fff00000| Untracked 

Card table byte_map: [0x00007ff0859da000,0x00007ff085ac2000] _byte_map_base: 0x00007ff0852c2000

Marking Bits (Prev, Next): (CMBitMap*) 0x00007ff080034a88, (CMBitMap*) 0x00007ff080034ac0
 Prev Bits: [0x00007ff0851b2000, 0x00007ff0858f2000)
 Next Bits: [0x00007ff084a72000, 0x00007ff0851b2000)

Polling page: 0x00007ff089ed1000

Metaspace:

Usage:
  Non-class:     12,48 MB capacity,    11,02 MB ( 88%) used,     1,44 MB ( 12%) free+waste,    17,81 KB ( <1%) overhead. 
      Class:      1,70 MB capacity,     1,47 MB ( 87%) used,   224,41 KB ( 13%) free+waste,     8,00 KB ( <1%) overhead. 
       Both:     14,18 MB capacity,    12,49 MB ( 88%) used,     1,66 MB ( 12%) free+waste,    25,81 KB ( <1%) overhead. 

Virtual space:
  Non-class space:       14,00 MB reserved,      12,75 MB ( 91%) committed 
      Class space:        1,00 GB reserved,       1,75 MB ( <1%) committed 
             Both:        1,01 GB reserved,      14,50 MB (  1%) committed 

Chunk freelists:
   Non-Class:  89,00 KB
       Class:  0 bytes
        Both:  89,00 KB

CodeHeap 'non-profiled nmethods': size=120036Kb used=1183Kb max_used=1183Kb free=118852Kb
 bounds [0x00007ff07041d000, 0x00007ff07068d000, 0x00007ff077956000]
CodeHeap 'profiled nmethods': size=120032Kb used=5717Kb max_used=5717Kb free=114314Kb
 bounds [0x00007ff068ee5000, 0x00007ff069485000, 0x00007ff07041d000]
CodeHeap 'non-nmethods': size=5692Kb used=1090Kb max_used=1136Kb free=4601Kb
 bounds [0x00007ff068956000, 0x00007ff068bc6000, 0x00007ff068ee5000]
 total_blobs=3595 nmethods=2650 adapters=318
 compilation: enabled
              stopped_count=0, restarted_count=0
 full_count=0

Compilation events (10 events):
Event: 119,611 Thread 0x00007ff080093800 2766       2       java.io.FileCleanable::register (49 bytes)
Event: 119,625 Thread 0x00007ff080093800 nmethod 2766 0x00007ff069476090 code [0x00007ff069476260, 0x00007ff069476758]
Event: 119,625 Thread 0x00007ff080093800 2767       2       java.io.FileDescriptor$1::get (5 bytes)
Event: 119,625 Thread 0x00007ff080093800 nmethod 2767 0x00007ff069476910 code [0x00007ff069476ac0, 0x00007ff069476c30]
Event: 119,705 Thread 0x00007ff080093800 2769       2       org.apache.maven.model.io.xpp3.MavenXpp3Reader::parseContributor (464 bytes)
Event: 119,796 Thread 0x00007ff080093800 nmethod 2769 0x00007ff069476d10 code [0x00007ff069477200, 0x00007ff069478e48]
Event: 119,796 Thread 0x00007ff080093800 2770       2       java.util.regex.Pattern$Node::study (21 bytes)
Event: 119,803 Thread 0x00007ff080093800 nmethod 2770 0x00007ff069479c10 code [0x00007ff069479dc0, 0x00007ff069479f88]
Event: 119,803 Thread 0x00007ff080093800 2771       2       java.util.regex.Pattern::nextEscaped (19 bytes)
Event: 119,827 Thread 0x00007ff080093800 nmethod 2771 0x00007ff06947a090 code [0x00007ff06947a240, 0x00007ff06947a3f0]

GC Heap History (10 events):
Event: 89,076 GC heap after
{Heap after GC invocations=11 (full 0):
 garbage-first heap   total 39936K, used 8674K [0x00000000e3000000, 0x0000000100000000)
  region size 1024K, 1 young (1024K), 1 survivors (1024K)
 Metaspace       used 12714K, capacity 14448K, committed 14848K, reserved 1062912K
  class space    used 1501K, capacity 1734K, committed 1792K, reserved 1048576K
}
Event: 91,102 GC heap before
{Heap before GC invocations=11 (full 0):
 garbage-first heap   total 39936K, used 9698K [0x00000000e3000000, 0x0000000100000000)
  region size 1024K, 2 young (2048K), 1 survivors (1024K)
 Metaspace       used 12724K, capacity 14448K, committed 14848K, reserved 1062912K
  class space    used 1501K, capacity 1734K, committed 1792K, reserved 1048576K
}
Event: 91,723 GC heap after
{Heap after GC invocations=12 (full 0):
 garbage-first heap   total 79872K, used 8766K [0x00000000e3000000, 0x0000000100000000)
  region size 1024K, 1 young (1024K), 1 survivors (1024K)
 Metaspace       used 12724K, capacity 14448K, committed 14848K, reserved 1062912K
  class space    used 1501K, capacity 1734K, committed 1792K, reserved 1048576K
}
Event: 101,714 GC heap before
{Heap before GC invocations=12 (full 0):
 garbage-first heap   total 79872K, used 10814K [0x00000000e3000000, 0x0000000100000000)
  region size 1024K, 3 young (3072K), 1 survivors (1024K)
 Metaspace       used 12742K, capacity 14448K, committed 14848K, reserved 1062912K
  class space    used 1502K, capacity 1734K, committed 1792K, reserved 1048576K
}
Event: 102,073 GC heap after
{Heap after GC invocations=13 (full 0):
 garbage-first heap   total 79872K, used 8817K [0x00000000e3000000, 0x0000000100000000)
  region size 1024K, 1 young (1024K), 1 survivors (1024K)
 Metaspace       used 12742K, capacity 14448K, committed 14848K, reserved 1062912K
  class space    used 1502K, capacity 1734K, committed 1792K, reserved 1048576K
}
Event: 108,055 GC heap before
{Heap before GC invocations=13 (full 0):
 garbage-first heap   total 79872K, used 10865K [0x00000000e3000000, 0x0000000100000000)
  region size 1024K, 3 young (3072K), 1 survivors (1024K)
 Metaspace       used 12760K, capacity 14448K, committed 14848K, reserved 1062912K
  class space    used 1502K, capacity 1734K, committed 1792K, reserved 1048576K
}
Event: 110,775 GC heap after
{Heap after GC invocations=14 (full 0):
 garbage-first heap   total 79872K, used 9207K [0x00000000e3000000, 0x0000000100000000)
  region size 1024K, 1 young (1024K), 1 survivors (1024K)
 Metaspace       used 12760K, capacity 14448K, committed 14848K, reserved 1062912K
  class space    used 1502K, capacity 1734K, committed 1792K, reserved 1048576K
}
Event: 113,711 GC heap before
{Heap before GC invocations=14 (full 0):
 garbage-first heap   total 79872K, used 11255K [0x00000000e3000000, 0x0000000100000000)
  region size 1024K, 3 young (3072K), 1 survivors (1024K)
 Metaspace       used 12768K, capacity 14448K, committed 14848K, reserved 1062912K
  class space    used 1502K, capacity 1734K, committed 1792K, reserved 1048576K
}
Event: 114,306 GC heap after
{Heap after GC invocations=15 (full 0):
 garbage-first heap   total 79872K, used 9368K [0x00000000e3000000, 0x0000000100000000)
  region size 1024K, 1 young (1024K), 1 survivors (1024K)
 Metaspace       used 12768K, capacity 14448K, committed 14848K, reserved 1062912K
  class space    used 1502K, capacity 1734K, committed 1792K, reserved 1048576K
}
Event: 119,985 GC heap before
{Heap before GC invocations=15 (full 0):
 garbage-first heap   total 79872K, used 10392K [0x00000000e3000000, 0x0000000100000000)
  region size 1024K, 3 young (3072K), 1 survivors (1024K)
 Metaspace       used 12789K, capacity 14519K, committed 14848K, reserved 1062912K
  class space    used 1503K, capacity 1736K, committed 1792K, reserved 1048576K
}

Deoptimization events (10 events):
Event: 107,363 Thread 0x00007ff080012000 DEOPT PACKING pc=0x00007ff07053ab30 sp=0x00007ff089eb5d40
Event: 107,363 Thread 0x00007ff080012000 DEOPT UNPACKING pc=0x00007ff06897de1f sp=0x00007ff089eb5c90 mode 2
Event: 111,188 Thread 0x00007ff080012000 Uncommon trap: trap_request=0xffffffde fr.pc=0x00007ff070506a98 relative=0x0000000000001bf8
Event: 111,199 Thread 0x00007ff080012000 Uncommon trap: reason=class_check action=maybe_recompile pc=0x00007ff070506a98 method=org.apache.maven.model.interpolation.StringSearchModelInterpolator$InterpolateObjectAction$MapField.doInterpolate(Ljava/lang/Object;Lorg/apache/maven/model/interpolation
Event: 111,199 Thread 0x00007ff080012000 DEOPT PACKING pc=0x00007ff070506a98 sp=0x00007ff089eb4e50
Event: 111,215 Thread 0x00007ff080012000 DEOPT UNPACKING pc=0x00007ff06897de1f sp=0x00007ff089eb4e00 mode 2
Event: 111,303 Thread 0x00007ff080012000 Uncommon trap: trap_request=0xffffffde fr.pc=0x00007ff070506a98 relative=0x0000000000001bf8
Event: 111,303 Thread 0x00007ff080012000 Uncommon trap: reason=class_check action=maybe_recompile pc=0x00007ff070506a98 method=org.apache.maven.model.interpolation.StringSearchModelInterpolator$InterpolateObjectAction$MapField.doInterpolate(Ljava/lang/Object;Lorg/apache/maven/model/interpolation
Event: 111,303 Thread 0x00007ff080012000 DEOPT PACKING pc=0x00007ff070506a98 sp=0x00007ff089eb4e50
Event: 111,304 Thread 0x00007ff080012000 DEOPT UNPACKING pc=0x00007ff06897de1f sp=0x00007ff089eb4e00 mode 2

Classes redefined (0 events):
No events

Internal exceptions (9 events):
Event: 2,407 Thread 0x00007ff080012000 Exception <a 'java/security/PrivilegedActionException'{0x00000000e4b98e18}> (0x00000000e4b98e18) thrown at [/build/openjdk-lts-7bqZff/openjdk-lts-11.0.4+11/src/hotspot/share/prims/jvm.cpp, line 1300]
Event: 2,407 Thread 0x00007ff080012000 Exception <a 'java/security/PrivilegedActionException'{0x00000000e4b99390}> (0x00000000e4b99390) thrown at [/build/openjdk-lts-7bqZff/openjdk-lts-11.0.4+11/src/hotspot/share/prims/jvm.cpp, line 1300]
Event: 4,081 Thread 0x00007ff080012000 Exception <a 'java/lang/NoSuchMethodError'{0x00000000e480f0c8}: 'int java.lang.invoke.DirectMethodHandle$Holder.invokeSpecialIFC(java.lang.Object, java.lang.Object, int)'> (0x00000000e480f0c8) thrown at [/build/openjdk-lts-7bqZff/openjdk-lts-11.0.4+11/src
Event: 34,460 Thread 0x00007ff080012000 Exception <a 'java/lang/NoClassDefFoundError'{0x00000000e4e5b420}: com/google/inject/servlet/ServletModuleTargetVisitor> (0x00000000e4e5b420) thrown at [/build/openjdk-lts-7bqZff/openjdk-lts-11.0.4+11/src/hotspot/share/classfile/systemDictionary.cpp, line
Event: 34,460 Thread 0x00007ff080012000 Exception <a 'java/lang/NoClassDefFoundError'{0x00000000e4e5b420}> (0x00000000e4e5b420) thrown at [/build/openjdk-lts-7bqZff/openjdk-lts-11.0.4+11/src/hotspot/share/prims/jvm.cpp, line 1304]
Event: 34,472 Thread 0x00007ff080012000 Exception <a 'java/lang/NoClassDefFoundError'{0x00000000e4e5e1d8}: javax/annotation/Priority> (0x00000000e4e5e1d8) thrown at [/build/openjdk-lts-7bqZff/openjdk-lts-11.0.4+11/src/hotspot/share/classfile/systemDictionary.cpp, line 220]
Event: 42,253 Thread 0x00007ff080012000 Implicit null exception at 0x00007ff0704b5f9d to 0x00007ff0704b6086
Event: 46,471 Thread 0x00007ff080012000 Implicit null exception at 0x00007ff070491885 to 0x00007ff070491a62
Event: 46,471 Thread 0x00007ff080012000 Implicit null exception at 0x00007ff070488caf to 0x00007ff070488d2d

Events (10 events):
Event: 97,613 loading class sun/nio/cs/ISO_8859_1$Decoder done
Event: 97,613 Executing VM operation: Deoptimize
Event: 97,727 Executing VM operation: Deoptimize done
Event: 101,576 Executing VM operation: G1CollectForAllocation
Event: 102,187 Executing VM operation: G1CollectForAllocation done
Event: 107,762 Executing VM operation: G1CollectForAllocation
Event: 111,060 Executing VM operation: G1CollectForAllocation done
Event: 113,415 Executing VM operation: G1CollectForAllocation
Event: 114,411 Executing VM operation: G1CollectForAllocation done
Event: 119,858 Executing VM operation: G1CollectForAllocation


Dynamic libraries:
e3000000-e7c00000 rw-p 00000000 00:00 0 
ec700000-ffe00000 ---p 00000000 00:00 0 
ffe00000-ffe34000 rw-p 01116000 b3:06 1437553                            /usr/lib/jvm/java-11-openjdk-amd64/lib/server/classes.jsa
ffe34000-fff00000 rw-p 00000000 00:00 0 
fff00000-fff6a000 rw-p 010ac000 b3:06 1437553                            /usr/lib/jvm/java-11-openjdk-amd64/lib/server/classes.jsa
fff6a000-100000000 rw-p 00000000 00:00 0 
800000000-800002000 rwxp 00001000 b3:06 1437553                          /usr/lib/jvm/java-11-openjdk-amd64/lib/server/classes.jsa
800002000-8003bd000 rw-p 00003000 b3:06 1437553                          /usr/lib/jvm/java-11-openjdk-amd64/lib/server/classes.jsa
8003bd000-800a98000 r--p 003be000 b3:06 1437553                          /usr/lib/jvm/java-11-openjdk-amd64/lib/server/classes.jsa
800a98000-800a99000 rw-p 00a99000 b3:06 1437553                          /usr/lib/jvm/java-11-openjdk-amd64/lib/server/classes.jsa
800a99000-8010ab000 r--p 00a9a000 b3:06 1437553                          /usr/lib/jvm/java-11-openjdk-amd64/lib/server/classes.jsa
840000000-8401c0000 rw-p 00000000 00:00 0 
8401c0000-880000000 ---p 00000000 00:00 0 
55e198f15000-55e198f16000 r-xp 00000000 b3:06 1441529                    /usr/lib/jvm/java-11-openjdk-amd64/bin/java
55e199116000-55e199117000 r--p 00001000 b3:06 1441529                    /usr/lib/jvm/java-11-openjdk-amd64/bin/java
55e199117000-55e199118000 rw-p 00002000 b3:06 1441529                    /usr/lib/jvm/java-11-openjdk-amd64/bin/java
55e199ede000-55e199eff000 rw-p 00000000 00:00 0                          [heap]
7ff02c000000-7ff02c021000 rw-p 00000000 00:00 0 
7ff02c021000-7ff030000000 ---p 00000000 00:00 0 
7ff030000000-7ff030021000 rw-p 00000000 00:00 0 
7ff030021000-7ff034000000 ---p 00000000 00:00 0 
7ff034000000-7ff034370000 rw-p 00000000 00:00 0 
7ff034370000-7ff038000000 ---p 00000000 00:00 0 
7ff038000000-7ff038021000 rw-p 00000000 00:00 0 
7ff038021000-7ff03c000000 ---p 00000000 00:00 0 
7ff03c000000-7ff03c021000 rw-p 00000000 00:00 0 
7ff03c021000-7ff040000000 ---p 00000000 00:00 0 
7ff040000000-7ff0418be000 rw-p 00000000 00:00 0 
7ff0418be000-7ff044000000 ---p 00000000 00:00 0 
7ff044000000-7ff044021000 rw-p 00000000 00:00 0 
7ff044021000-7ff048000000 ---p 00000000 00:00 0 
7ff048000000-7ff048021000 rw-p 00000000 00:00 0 
7ff048021000-7ff04c000000 ---p 00000000 00:00 0 
7ff04c000000-7ff04c021000 rw-p 00000000 00:00 0 
7ff04c021000-7ff050000000 ---p 00000000 00:00 0 
7ff050000000-7ff05002d000 rw-p 00000000 00:00 0 
7ff05002d000-7ff054000000 ---p 00000000 00:00 0 
7ff054000000-7ff054021000 rw-p 00000000 00:00 0 
7ff054021000-7ff058000000 ---p 00000000 00:00 0 
7ff058aee000-7ff058bae000 rw-p 00000000 00:00 0 
7ff058bae000-7ff058cee000 ---p 00000000 00:00 0 
7ff058cee000-7ff058eee000 rw-p 00000000 00:00 0 
7ff058eee000-7ff0590ee000 rw-p 00000000 00:00 0 
7ff0590ee000-7ff0590ef000 ---p 00000000 00:00 0 
7ff0590ef000-7ff0591f0000 rw-p 00000000 00:00 0 
7ff0591f0000-7ff0591f1000 ---p 00000000 00:00 0 
7ff0591f1000-7ff0592f2000 rw-p 00000000 00:00 0 
7ff0592f2000-7ff059308000 r-xp 00000000 b3:06 1441803                    /usr/lib/jvm/java-11-openjdk-amd64/lib/libnet.so
7ff059308000-7ff059507000 ---p 00016000 b3:06 1441803                    /usr/lib/jvm/java-11-openjdk-amd64/lib/libnet.so
7ff059507000-7ff059508000 r--p 00015000 b3:06 1441803                    /usr/lib/jvm/java-11-openjdk-amd64/lib/libnet.so
7ff059508000-7ff059509000 rw-p 00016000 b3:06 1441803                    /usr/lib/jvm/java-11-openjdk-amd64/lib/libnet.so
7ff059509000-7ff059519000 r-xp 00000000 b3:06 1441805                    /usr/lib/jvm/java-11-openjdk-amd64/lib/libnio.so
7ff059519000-7ff059718000 ---p 00010000 b3:06 1441805                    /usr/lib/jvm/java-11-openjdk-amd64/lib/libnio.so
7ff059718000-7ff059719000 r--p 0000f000 b3:06 1441805                    /usr/lib/jvm/java-11-openjdk-amd64/lib/libnio.so
7ff059719000-7ff05971a000 rw-p 00010000 b3:06 1441805                    /usr/lib/jvm/java-11-openjdk-amd64/lib/libnio.so
7ff05971a000-7ff05971e000 ---p 00000000 00:00 0 
7ff05971e000-7ff05981b000 rw-p 00000000 00:00 0 
7ff05981b000-7ff05981c000 ---p 00000000 00:00 0 
7ff05981c000-7ff05991d000 rw-p 00000000 00:00 0 
7ff05991d000-7ff059921000 ---p 00000000 00:00 0 
7ff059921000-7ff059a1e000 rw-p 00000000 00:00 0 
7ff059a1e000-7ff059a22000 ---p 00000000 00:00 0 
7ff059a22000-7ff059b1f000 rw-p 00000000 00:00 0 
7ff059b1f000-7ff059b23000 ---p 00000000 00:00 0 
7ff059b23000-7ff059c20000 rw-p 00000000 00:00 0 
7ff059c20000-7ff059c24000 ---p 00000000 00:00 0 
7ff059c24000-7ff059d21000 rw-p 00000000 00:00 0 
7ff059d21000-7ff05a000000 r--p 00000000 b3:06 1443645                    /usr/lib/locale/locale-archive
7ff05a000000-7ff05c000000 rw-p 00000000 00:00 0 
7ff05c000000-7ff05c021000 rw-p 00000000 00:00 0 
7ff05c021000-7ff060000000 ---p 00000000 00:00 0 
7ff060000000-7ff060021000 rw-p 00000000 00:00 0 
7ff060021000-7ff064000000 ---p 00000000 00:00 0 
7ff064000000-7ff064021000 rw-p 00000000 00:00 0 
7ff064021000-7ff068000000 ---p 00000000 00:00 0 
7ff068055000-7ff068059000 ---p 00000000 00:00 0 
7ff068059000-7ff068956000 rw-p 00000000 00:00 0 
7ff068956000-7ff068bc6000 rwxp 00000000 00:00 0 
7ff068bc6000-7ff068ee5000 ---p 00000000 00:00 0 
7ff068ee5000-7ff069485000 rwxp 00000000 00:00 0 
7ff069485000-7ff07041d000 ---p 00000000 00:00 0 
7ff07041d000-7ff07068d000 rwxp 00000000 00:00 0 
7ff07068d000-7ff077956000 ---p 00000000 00:00 0 
7ff077956000-7ff080000000 r--s 00000000 b3:06 1441815                    /usr/lib/jvm/java-11-openjdk-amd64/lib/modules
7ff080000000-7ff0807bb000 rw-p 00000000 00:00 0 
7ff0807bb000-7ff084000000 ---p 00000000 00:00 0 
7ff0840b2000-7ff0840e3000 rw-p 00000000 00:00 0 
7ff0840e3000-7ff0840e7000 ---p 00000000 00:00 0 
7ff0840e7000-7ff0841e4000 rw-p 00000000 00:00 0 
7ff0841e4000-7ff0841e8000 ---p 00000000 00:00 0 
7ff0841e8000-7ff0842e5000 rw-p 00000000 00:00 0 
7ff0842e5000-7ff0842e6000 ---p 00000000 00:00 0 
7ff0842e6000-7ff084468000 rw-p 00000000 00:00 0 
7ff084468000-7ff084469000 ---p 00000000 00:00 0 
7ff084469000-7ff08456a000 rw-p 00000000 00:00 0 
7ff08456a000-7ff08456b000 ---p 00000000 00:00 0 
7ff08456b000-7ff08486e000 rw-p 00000000 00:00 0 
7ff08486e000-7ff08486f000 ---p 00000000 00:00 0 
7ff08486f000-7ff084970000 rw-p 00000000 00:00 0 
7ff084970000-7ff084971000 ---p 00000000 00:00 0 
7ff084971000-7ff084ba2000 rw-p 00000000 00:00 0 
7ff084ba2000-7ff0851aa000 ---p 00000000 00:00 0 
7ff0851aa000-7ff0852e2000 rw-p 00000000 00:00 0 
7ff0852e2000-7ff0858ea000 ---p 00000000 00:00 0 
7ff0858ea000-7ff085918000 rw-p 00000000 00:00 0 
7ff085918000-7ff0859d9000 ---p 00000000 00:00 0 
7ff0859d9000-7ff085a00000 rw-p 00000000 00:00 0 
7ff085a00000-7ff085ac1000 ---p 00000000 00:00 0 
7ff085ac1000-7ff085ae8000 rw-p 00000000 00:00 0 
7ff085ae8000-7ff085ba9000 ---p 00000000 00:00 0 
7ff085ba9000-7ff085dac000 rw-p 00000000 00:00 0 
7ff085dac000-7ff085dad000 ---p 00000000 00:00 0 
7ff085dad000-7ff085eb3000 rw-p 00000000 00:00 0 
7ff085eb3000-7ff085f99000 ---p 00000000 00:00 0 
7ff085f99000-7ff085fa5000 rw-p 00000000 00:00 0 
7ff085fa5000-7ff086084000 ---p 00000000 00:00 0 
7ff086084000-7ff086089000 r-xp 00000000 b3:06 1441785                    /usr/lib/jvm/java-11-openjdk-amd64/lib/libjimage.so
7ff086089000-7ff086288000 ---p 00005000 b3:06 1441785                    /usr/lib/jvm/java-11-openjdk-amd64/lib/libjimage.so
7ff086288000-7ff086289000 r--p 00004000 b3:06 1441785                    /usr/lib/jvm/java-11-openjdk-amd64/lib/libjimage.so
7ff086289000-7ff08628a000 rw-p 00005000 b3:06 1441785                    /usr/lib/jvm/java-11-openjdk-amd64/lib/libjimage.so
7ff08628a000-7ff086291000 r-xp 00000000 b3:06 1441814                    /usr/lib/jvm/java-11-openjdk-amd64/lib/libzip.so
7ff086291000-7ff086490000 ---p 00007000 b3:06 1441814                    /usr/lib/jvm/java-11-openjdk-amd64/lib/libzip.so
7ff086490000-7ff086491000 r--p 00006000 b3:06 1441814                    /usr/lib/jvm/java-11-openjdk-amd64/lib/libzip.so
7ff086491000-7ff086492000 rw-p 00007000 b3:06 1441814                    /usr/lib/jvm/java-11-openjdk-amd64/lib/libzip.so
7ff086492000-7ff08649d000 r-xp 00000000 b3:06 1050651                    /lib/x86_64-linux-gnu/libnss_files-2.27.so
7ff08649d000-7ff08669c000 ---p 0000b000 b3:06 1050651                    /lib/x86_64-linux-gnu/libnss_files-2.27.so
7ff08669c000-7ff08669d000 r--p 0000a000 b3:06 1050651                    /lib/x86_64-linux-gnu/libnss_files-2.27.so
7ff08669d000-7ff08669e000 rw-p 0000b000 b3:06 1050651                    /lib/x86_64-linux-gnu/libnss_files-2.27.so
7ff08669e000-7ff0866a4000 rw-p 00000000 00:00 0 
7ff0866a4000-7ff0866bb000 r-xp 00000000 b3:06 1050645                    /lib/x86_64-linux-gnu/libnsl-2.27.so
7ff0866bb000-7ff0868ba000 ---p 00017000 b3:06 1050645                    /lib/x86_64-linux-gnu/libnsl-2.27.so
7ff0868ba000-7ff0868bb000 r--p 00016000 b3:06 1050645                    /lib/x86_64-linux-gnu/libnsl-2.27.so
7ff0868bb000-7ff0868bc000 rw-p 00017000 b3:06 1050645                    /lib/x86_64-linux-gnu/libnsl-2.27.so
7ff0868bc000-7ff0868be000 rw-p 00000000 00:00 0 
7ff0868be000-7ff0868c9000 r-xp 00000000 b3:06 1050662                    /lib/x86_64-linux-gnu/libnss_nis-2.27.so
7ff0868c9000-7ff086ac8000 ---p 0000b000 b3:06 1050662                    /lib/x86_64-linux-gnu/libnss_nis-2.27.so
7ff086ac8000-7ff086ac9000 r--p 0000a000 b3:06 1050662                    /lib/x86_64-linux-gnu/libnss_nis-2.27.so
7ff086ac9000-7ff086aca000 rw-p 0000b000 b3:06 1050662                    /lib/x86_64-linux-gnu/libnss_nis-2.27.so
7ff086aca000-7ff086ad2000 r-xp 00000000 b3:06 1050647                    /lib/x86_64-linux-gnu/libnss_compat-2.27.so
7ff086ad2000-7ff086cd2000 ---p 00008000 b3:06 1050647                    /lib/x86_64-linux-gnu/libnss_compat-2.27.so
7ff086cd2000-7ff086cd3000 r--p 00008000 b3:06 1050647                    /lib/x86_64-linux-gnu/libnss_compat-2.27.so
7ff086cd3000-7ff086cd4000 rw-p 00009000 b3:06 1050647                    /lib/x86_64-linux-gnu/libnss_compat-2.27.so
7ff086cd4000-7ff086cfd000 r-xp 00000000 b3:06 1441777                    /usr/lib/jvm/java-11-openjdk-amd64/lib/libjava.so
7ff086cfd000-7ff086efc000 ---p 00029000 b3:06 1441777                    /usr/lib/jvm/java-11-openjdk-amd64/lib/libjava.so
7ff086efc000-7ff086efd000 r--p 00028000 b3:06 1441777                    /usr/lib/jvm/java-11-openjdk-amd64/lib/libjava.so
7ff086efd000-7ff086eff000 rw-p 00029000 b3:06 1441777                    /usr/lib/jvm/java-11-openjdk-amd64/lib/libjava.so
7ff086eff000-7ff086f0c000 r-xp 00000000 b3:06 1441812                    /usr/lib/jvm/java-11-openjdk-amd64/lib/libverify.so
7ff086f0c000-7ff08710b000 ---p 0000d000 b3:06 1441812                    /usr/lib/jvm/java-11-openjdk-amd64/lib/libverify.so
7ff08710b000-7ff08710d000 r--p 0000c000 b3:06 1441812                    /usr/lib/jvm/java-11-openjdk-amd64/lib/libverify.so
7ff08710d000-7ff08710e000 rw-p 0000e000 b3:06 1441812                    /usr/lib/jvm/java-11-openjdk-amd64/lib/libverify.so
7ff08710e000-7ff087115000 r-xp 00000000 b3:06 1050702                    /lib/x86_64-linux-gnu/librt-2.27.so
7ff087115000-7ff087314000 ---p 00007000 b3:06 1050702                    /lib/x86_64-linux-gnu/librt-2.27.so
7ff087314000-7ff087315000 r--p 00006000 b3:06 1050702                    /lib/x86_64-linux-gnu/librt-2.27.so
7ff087315000-7ff087316000 rw-p 00007000 b3:06 1050702                    /lib/x86_64-linux-gnu/librt-2.27.so
7ff087316000-7ff08732d000 r-xp 00000000 b3:06 1050598                    /lib/x86_64-linux-gnu/libgcc_s.so.1
7ff08732d000-7ff08752c000 ---p 00017000 b3:06 1050598                    /lib/x86_64-linux-gnu/libgcc_s.so.1
7ff08752c000-7ff08752d000 r--p 00016000 b3:06 1050598                    /lib/x86_64-linux-gnu/libgcc_s.so.1
7ff08752d000-7ff08752e000 rw-p 00017000 b3:06 1050598                    /lib/x86_64-linux-gnu/libgcc_s.so.1
7ff08752e000-7ff0876cb000 r-xp 00000000 b3:06 1050624                    /lib/x86_64-linux-gnu/libm-2.27.so
7ff0876cb000-7ff0878ca000 ---p 0019d000 b3:06 1050624                    /lib/x86_64-linux-gnu/libm-2.27.so
7ff0878ca000-7ff0878cb000 r--p 0019c000 b3:06 1050624                    /lib/x86_64-linux-gnu/libm-2.27.so
7ff0878cb000-7ff0878cc000 rw-p 0019d000 b3:06 1050624                    /lib/x86_64-linux-gnu/libm-2.27.so
7ff0878cc000-7ff087a45000 r-xp 00000000 b3:06 1446455                    /usr/lib/x86_64-linux-gnu/libstdc++.so.6.0.25
7ff087a45000-7ff087c45000 ---p 00179000 b3:06 1446455                    /usr/lib/x86_64-linux-gnu/libstdc++.so.6.0.25
7ff087c45000-7ff087c4f000 r--p 00179000 b3:06 1446455                    /usr/lib/x86_64-linux-gnu/libstdc++.so.6.0.25
7ff087c4f000-7ff087c51000 rw-p 00183000 b3:06 1446455                    /usr/lib/x86_64-linux-gnu/libstdc++.so.6.0.25
7ff087c51000-7ff087c55000 rw-p 00000000 00:00 0 
7ff087c55000-7ff088d21000 r-xp 00000000 b3:06 1441824                    /usr/lib/jvm/java-11-openjdk-amd64/lib/server/libjvm.so
7ff088d21000-7ff088f20000 ---p 010cc000 b3:06 1441824                    /usr/lib/jvm/java-11-openjdk-amd64/lib/server/libjvm.so
7ff088f20000-7ff088fdd000 r--p 010cb000 b3:06 1441824                    /usr/lib/jvm/java-11-openjdk-amd64/lib/server/libjvm.so
7ff088fdd000-7ff089016000 rw-p 01188000 b3:06 1441824                    /usr/lib/jvm/java-11-openjdk-amd64/lib/server/libjvm.so
7ff089016000-7ff08906c000 rw-p 00000000 00:00 0 
7ff08906c000-7ff089086000 r-xp 00000000 b3:06 1050694                    /lib/x86_64-linux-gnu/libpthread-2.27.so
7ff089086000-7ff089285000 ---p 0001a000 b3:06 1050694                    /lib/x86_64-linux-gnu/libpthread-2.27.so
7ff089285000-7ff089286000 r--p 00019000 b3:06 1050694                    /lib/x86_64-linux-gnu/libpthread-2.27.so
7ff089286000-7ff089287000 rw-p 0001a000 b3:06 1050694                    /lib/x86_64-linux-gnu/libpthread-2.27.so
7ff089287000-7ff08928b000 rw-p 00000000 00:00 0 
7ff08928b000-7ff08928e000 r-xp 00000000 b3:06 1050584                    /lib/x86_64-linux-gnu/libdl-2.27.so
7ff08928e000-7ff08948d000 ---p 00003000 b3:06 1050584                    /lib/x86_64-linux-gnu/libdl-2.27.so
7ff08948d000-7ff08948e000 r--p 00002000 b3:06 1050584                    /lib/x86_64-linux-gnu/libdl-2.27.so
7ff08948e000-7ff08948f000 rw-p 00003000 b3:06 1050584                    /lib/x86_64-linux-gnu/libdl-2.27.so
7ff08948f000-7ff0894ab000 r-xp 00000000 b3:06 1050735                    /lib/x86_64-linux-gnu/libz.so.1.2.11
7ff0894ab000-7ff0896aa000 ---p 0001c000 b3:06 1050735                    /lib/x86_64-linux-gnu/libz.so.1.2.11
7ff0896aa000-7ff0896ab000 r--p 0001b000 b3:06 1050735                    /lib/x86_64-linux-gnu/libz.so.1.2.11
7ff0896ab000-7ff0896ac000 rw-p 0001c000 b3:06 1050735                    /lib/x86_64-linux-gnu/libz.so.1.2.11
7ff0896ac000-7ff089893000 r-xp 00000000 b3:06 1050561                    /lib/x86_64-linux-gnu/libc-2.27.so
7ff089893000-7ff089a93000 ---p 001e7000 b3:06 1050561                    /lib/x86_64-linux-gnu/libc-2.27.so
7ff089a93000-7ff089a97000 r--p 001e7000 b3:06 1050561                    /lib/x86_64-linux-gnu/libc-2.27.so
7ff089a97000-7ff089a99000 rw-p 001eb000 b3:06 1050561                    /lib/x86_64-linux-gnu/libc-2.27.so
7ff089a99000-7ff089a9d000 rw-p 00000000 00:00 0 
7ff089a9d000-7ff089aad000 r-xp 00000000 b3:06 1441749                    /usr/lib/jvm/java-11-openjdk-amd64/lib/jli/libjli.so
7ff089aad000-7ff089cac000 ---p 00010000 b3:06 1441749                    /usr/lib/jvm/java-11-openjdk-amd64/lib/jli/libjli.so
7ff089cac000-7ff089cad000 r--p 0000f000 b3:06 1441749                    /usr/lib/jvm/java-11-openjdk-amd64/lib/jli/libjli.so
7ff089cad000-7ff089cae000 rw-p 00010000 b3:06 1441749                    /usr/lib/jvm/java-11-openjdk-amd64/lib/jli/libjli.so
7ff089cae000-7ff089cd5000 r-xp 00000000 b3:06 1050533                    /lib/x86_64-linux-gnu/ld-2.27.so
7ff089ce4000-7ff089db9000 rw-p 00000000 00:00 0 
7ff089db9000-7ff089dbd000 ---p 00000000 00:00 0 
7ff089dbd000-7ff089ebc000 rw-p 00000000 00:00 0 
7ff089ebd000-7ff089ec2000 rw-p 00000000 00:00 0 
7ff089ec2000-7ff089ec9000 ---p 00000000 00:00 0 
7ff089ec9000-7ff089ed1000 rw-s 00000000 b3:06 416910                     /tmp/hsperfdata_lizandra/3715
7ff089ed1000-7ff089ed2000 ---p 00000000 00:00 0 
7ff089ed2000-7ff089ed3000 r--p 00000000 00:00 0 
7ff089ed3000-7ff089ed5000 rw-p 00000000 00:00 0 
7ff089ed5000-7ff089ed6000 r--p 00027000 b3:06 1050533                    /lib/x86_64-linux-gnu/ld-2.27.so
7ff089ed6000-7ff089ed7000 rw-p 00028000 b3:06 1050533                    /lib/x86_64-linux-gnu/ld-2.27.so
7ff089ed7000-7ff089ed8000 rw-p 00000000 00:00 0 
7ffe20af5000-7ffe20b16000 rw-p 00000000 00:00 0                          [stack]
7ffe20b48000-7ffe20b4b000 r--p 00000000 00:00 0                          [vvar]
7ffe20b4b000-7ffe20b4d000 r-xp 00000000 00:00 0                          [vdso]
ffffffffff600000-ffffffffff601000 r-xp 00000000 00:00 0                  [vsyscall]


VM Arguments:
jvm_args: -Dclassworlds.conf=/home/lizandra/Software/netbeans/java/maven/bin/m2.conf -Dmaven.home=/home/lizandra/Software/netbeans/java/maven -Dmaven.multiModuleProjectDirectory=/home/lizandra/NetBeansProjects/sistema-nutri 
java_command: org.codehaus.plexus.classworlds.launcher.Launcher -Dmaven.ext.class.path=/home/lizandra/Software/netbeans/java/maven-nblib/netbeans-eventspy.jar clean install
java_class_path (initial): /home/lizandra/Software/netbeans/java/maven/boot/plexus-classworlds-2.5.2.jar
Launcher Type: SUN_STANDARD

[Global flags]
     intx CICompilerCount                          = 2                                         {product} {ergonomic}
     uint ConcGCThreads                            = 1                                         {product} {ergonomic}
     uint G1ConcRefinementThreads                  = 2                                         {product} {ergonomic}
   size_t G1HeapRegionSize                         = 1048576                                   {product} {ergonomic}
    uintx GCDrainStackTargetSize                   = 64                                        {product} {ergonomic}
   size_t InitialHeapSize                          = 31457280                                  {product} {ergonomic}
   size_t MarkStackSize                            = 4194304                                   {product} {ergonomic}
   size_t MaxHeapSize                              = 486539264                                 {product} {ergonomic}
   size_t MaxNewSize                               = 291504128                                 {product} {ergonomic}
   size_t MinHeapDeltaBytes                        = 1048576                                   {product} {ergonomic}
    uintx NonNMethodCodeHeapSize                   = 5824844                                {pd product} {ergonomic}
    uintx NonProfiledCodeHeapSize                  = 122916698                              {pd product} {ergonomic}
    uintx ProfiledCodeHeapSize                     = 122916698                              {pd product} {ergonomic}
    uintx ReservedCodeCacheSize                    = 251658240                              {pd product} {ergonomic}
     bool SegmentedCodeCache                       = true                                      {product} {ergonomic}
     bool UseCompressedClassPointers               = true                                 {lp64_product} {ergonomic}
     bool UseCompressedOops                        = true                                 {lp64_product} {ergonomic}
     bool UseG1GC                                  = true                                      {product} {ergonomic}

Logging:
Log output configuration:
 #0: stdout all=warning uptime,level,tags
 #1: stderr all=off uptime,level,tags

Environment Variables:
JAVA_HOME=/usr/lib/jvm/java-11-openjdk-amd64
PATH=/usr/local/sbin:/usr/local/bin:/usr/sbin:/usr/bin:/sbin:/bin:/usr/games:/usr/local/games
SHELL=/bin/bash
DISPLAY=:0

Signal Handlers:
SIGSEGV: [libjvm.so+0xde5f50], sa_mask[0]=11111111011111111101111111111110, sa_flags=SA_RESTART|SA_SIGINFO
SIGBUS: [libjvm.so+0xde5f50], sa_mask[0]=11111111011111111101111111111110, sa_flags=SA_RESTART|SA_SIGINFO
SIGFPE: [libjvm.so+0xde5f50], sa_mask[0]=11111111011111111101111111111110, sa_flags=SA_RESTART|SA_SIGINFO
SIGPIPE: [libjvm.so+0xbba5b0], sa_mask[0]=11111111011111111101111111111110, sa_flags=SA_RESTART|SA_SIGINFO
SIGXFSZ: [libjvm.so+0xbba5b0], sa_mask[0]=11111111011111111101111111111110, sa_flags=SA_RESTART|SA_SIGINFO
SIGILL: [libjvm.so+0xde5f50], sa_mask[0]=11111111011111111101111111111110, sa_flags=SA_RESTART|SA_SIGINFO
SIGUSR2: [libjvm.so+0xbba450], sa_mask[0]=00100000000000000000000000000000, sa_flags=SA_RESTART|SA_SIGINFO
SIGHUP: [libjvm.so+0xbba7b0], sa_mask[0]=11111111011111111101111111111110, sa_flags=SA_RESTART|SA_SIGINFO
SIGINT: SIG_IGN, sa_mask[0]=00000000000000000000000000000000, sa_flags=none
SIGTERM: [libjvm.so+0xbba7b0], sa_mask[0]=11111111011111111101111111111110, sa_flags=SA_RESTART|SA_SIGINFO
SIGQUIT: [libjvm.so+0xbba7b0], sa_mask[0]=11111111011111111101111111111110, sa_flags=SA_RESTART|SA_SIGINFO


---------------  S Y S T E M  ---------------

OS:DISTRIB_ID=LinuxMint
DISTRIB_RELEASE=19.2
DISTRIB_CODENAME=tina
DISTRIB_DESCRIPTION="Linux Mint 19.2 Tina"
uname:Linux 4.15.0-58-generic #64-Ubuntu SMP Tue Aug 6 11:12:41 UTC 2019 x86_64
libc:glibc 2.27 NPTL 2.27 
rlimit: STACK 8192k, CORE 0k, NPROC 6965, NOFILE 1048576, AS infinity, DATA infinity, FSIZE infinity
load average:14,06 6,95 3,85

/proc/meminfo:
MemTotal:        1897592 kB
MemFree:           55996 kB
MemAvailable:      10480 kB
Buffers:            1880 kB
Cached:           120220 kB
SwapCached:         1164 kB
Active:          1256104 kB
Inactive:         430812 kB
Active(anon):    1244176 kB
Inactive(anon):   414912 kB
Active(file):      11928 kB
Inactive(file):    15900 kB
Unevictable:          72 kB
Mlocked:              72 kB
SwapTotal:       1301168 kB
SwapFree:             12 kB
Dirty:               116 kB
Writeback:           640 kB
AnonPages:       1563748 kB
Mapped:            29152 kB
Shmem:             94252 kB
Slab:              69048 kB
SReclaimable:      30396 kB
SUnreclaim:        38652 kB
KernelStack:       11024 kB
PageTables:        40284 kB
NFS_Unstable:          0 kB
Bounce:                0 kB
WritebackTmp:          0 kB
CommitLimit:     2249964 kB
Committed_AS:    5897792 kB
VmallocTotal:   34359738367 kB
VmallocUsed:           0 kB
VmallocChunk:          0 kB
HardwareCorrupted:     0 kB
AnonHugePages:         0 kB
ShmemHugePages:        0 kB
ShmemPmdMapped:        0 kB
CmaTotal:              0 kB
CmaFree:               0 kB
HugePages_Total:       0
HugePages_Free:        0
HugePages_Rsvd:        0
HugePages_Surp:        0
Hugepagesize:       2048 kB
DirectMap4k:      132864 kB
DirectMap2M:     1818624 kB


/proc/sys/kernel/threads-max (system-wide limit on the number of threads):
13930


/proc/sys/vm/max_map_count (maximum number of memory map areas a process may have):
65530


/proc/sys/kernel/pid_max (system-wide limit on number of process identifiers):
32768



container (cgroup) information:
container_type: cgroupv1
cpu_cpuset_cpus: 0-1
cpu_memory_nodes: 0
active_processor_count: 2
cpu_quota: -1
cpu_period: 100000
cpu_shares: -1
memory_limit_in_bytes: -1
memory_and_swap_limit_in_bytes: -2
memory_soft_limit_in_bytes: -1
memory_usage_in_bytes: 1728016384
memory_max_usage_in_bytes: 0

Steal ticks since vm start: 0
Steal ticks percentage since vm start:  0,000

CPU:total 2 (initial active 2) (2 cores per cpu, 1 threads per core) family 6 model 76 stepping 3, cmov, cx8, fxsr, mmx, sse, sse2, sse3, ssse3, sse4.1, sse4.2, popcnt, aes, clmul, erms, 3dnowpref, tsc, tscinvbit
CPU Model and flags from /proc/cpuinfo:
model name	: Intel(R) Celeron(R) CPU  N3050  @ 1.60GHz
flags		: fpu vme de pse tsc msr pae mce cx8 apic sep mtrr pge mca cmov pat pse36 clflush dts acpi mmx fxsr sse sse2 ss ht tm pbe syscall nx rdtscp lm constant_tsc arch_perfmon pebs bts rep_good nopl xtopology tsc_reliable nonstop_tsc cpuid aperfmperf tsc_known_freq pni pclmulqdq dtes64 monitor ds_cpl vmx est tm2 ssse3 cx16 xtpr pdcm sse4_1 sse4_2 movbe popcnt tsc_deadline_timer aes rdrand lahf_lm 3dnowprefetch epb pti ibrs ibpb stibp tpr_shadow vnmi flexpriority ept vpid tsc_adjust smep erms dtherm ida arat md_clear

Memory: 4k page, physical 1897592k(55376k free), swap 1301168k(12k free)

vm_info: OpenJDK 64-Bit Server VM (11.0.4+11-post-Ubuntu-1ubuntu218.04.3) for linux-amd64 JRE (11.0.4+11-post-Ubuntu-1ubuntu218.04.3), built on Jul 18 2019 18:21:46 by "buildd" with gcc 7.4.0

END.
