#
# There is insufficient memory for the Java Runtime Environment to continue.
# Native memory allocation (mmap) failed to map 31457280 bytes for committing reserved memory.
# Possible reasons:
#   The system is out of physical RAM or swap space
#   The process is running with CompressedOops enabled, and the Java Heap may be blocking the growth of the native heap
# Possible solutions:
#   Reduce memory load on the system
#   Increase physical memory or swap space
#   Check if swap backing store is full
#   Decrease Java heap size (-Xmx/-Xms)
#   Decrease number of Java threads
#   Decrease Java thread stack sizes (-Xss)
#   Set larger code cache with -XX:ReservedCodeCacheSize=
#   JVM is running with Unscaled Compressed Oops mode in which the Java heap is
#     placed in the first 4GB address space. The Java Heap base address is the
#     maximum limit for the native heap growth. Please use -XX:HeapBaseMinAddress
#     to set the Java Heap base and to place the Java Heap above 4GB virtual address.
# This output file may be truncated or incomplete.
#
#  Out of Memory Error (os_linux.cpp:2893), pid=3996, tid=4013
#
# JRE version: OpenJDK Runtime Environment (11.0.4+11) (build 11.0.4+11-post-Ubuntu-1ubuntu218.04.3)
# Java VM: OpenJDK 64-Bit Server VM (11.0.4+11-post-Ubuntu-1ubuntu218.04.3, mixed mode, sharing, tiered, compressed oops, g1 gc, linux-amd64)
# Core dump will be written. Default location: Core dumps may be processed with "/lib/systemd/systemd-coredump %P %u %g %s %t 9223372036854775808 %e" (or dumping to /home/lizandra/NetBeansProjects/sistema-nutri/core.3996)
#

---------------  S U M M A R Y ------------

Command Line: -Dclassworlds.conf=/home/lizandra/Software/netbeans/java/maven/bin/m2.conf -Dmaven.home=/home/lizandra/Software/netbeans/java/maven -Dmaven.multiModuleProjectDirectory=/home/lizandra/NetBeansProjects/sistema-nutri org.codehaus.plexus.classworlds.launcher.Launcher -Dmaven.ext.class.path=/home/lizandra/Software/netbeans/java/maven-nblib/netbeans-eventspy.jar clean install

Host: Intel(R) Celeron(R) CPU  N3050  @ 1.60GHz, 2 cores, 1G, Linux Mint 19.2 Tina
Time: Thu Oct  3 07:58:00 2019 -03 elapsed time: 179 seconds (0d 0h 2m 59s)

---------------  T H R E A D  ---------------

Current thread (0x00007fb30c085000):  VMThread "VM Thread" [stack: 0x00007fb2e5279000,0x00007fb2e5379000] [id=4013]

Stack: [0x00007fb2e5279000,0x00007fb2e5379000],  sp=0x00007fb2e5376ff0,  free space=1015k
Native frames: (J=compiled Java code, A=aot compiled Java code, j=interpreted, Vv=VM code, C=native code)
V  [libjvm.so+0xde4547]
V  [libjvm.so+0xde519b]
V  [libjvm.so+0x6511a5]
V  [libjvm.so+0xbbed38]
V  [libjvm.so+0xbb5ebd]
V  [libjvm.so+0x76f53f]
V  [libjvm.so+0x76f7ae]
V  [libjvm.so+0x77b820]
V  [libjvm.so+0x7f6969]
V  [libjvm.so+0x7f75c2]
V  [libjvm.so+0x7f7a29]
V  [libjvm.so+0x72de6f]
V  [libjvm.so+0x732b6a]
V  [libjvm.so+0xdf01e1]
V  [libjvm.so+0xdeeda8]
V  [libjvm.so+0xdec5e6]
V  [libjvm.so+0xdecaf0]
V  [libjvm.so+0xdecf23]
V  [libjvm.so+0xd7aeea]
V  [libjvm.so+0xbc4a5e]

VM_Operation (0x00007fb314d42fc0): G1CollectForAllocation, mode: safepoint, requested by thread 0x00007fb30c012000


---------------  P R O C E S S  ---------------

Threads class SMR info:
_java_thread_list=0x00007fb30c0d6a30, length=9, elements={
0x00007fb30c012000, 0x00007fb30c088000, 0x00007fb30c08a000, 0x00007fb30c08f800,
0x00007fb30c091800, 0x00007fb30c093800, 0x00007fb30c095800, 0x00007fb30c0cc800,
0x00007fb30c0d5000
}

Java Threads: ( => current thread )
  0x00007fb30c012000 JavaThread "main" [_thread_blocked, id=4007, stack(0x00007fb314c49000,0x00007fb314d4a000)]
  0x00007fb30c088000 JavaThread "Reference Handler" daemon [_thread_blocked, id=4014, stack(0x00007fb2e5176000,0x00007fb2e5277000)]
  0x00007fb30c08a000 JavaThread "Finalizer" daemon [_thread_blocked, id=4015, stack(0x00007fb2e5075000,0x00007fb2e5176000)]
  0x00007fb30c08f800 JavaThread "Signal Dispatcher" daemon [_thread_blocked, id=4016, stack(0x00007fb2e4c95000,0x00007fb2e4d96000)]
  0x00007fb30c091800 JavaThread "C2 CompilerThread0" daemon [_thread_blocked, id=4017, stack(0x00007fb2e4b94000,0x00007fb2e4c95000)]
  0x00007fb30c093800 JavaThread "C1 CompilerThread0" daemon [_thread_blocked, id=4018, stack(0x00007fb2e4a93000,0x00007fb2e4b94000)]
  0x00007fb30c095800 JavaThread "Sweeper thread" daemon [_thread_blocked, id=4019, stack(0x00007fb2e4992000,0x00007fb2e4a93000)]
  0x00007fb30c0cc800 JavaThread "Service Thread" daemon [_thread_blocked, id=4020, stack(0x00007fb2e4891000,0x00007fb2e4992000)]
  0x00007fb30c0d5000 JavaThread "Common-Cleaner" daemon [_thread_blocked, id=4022, stack(0x00007fb2e468e000,0x00007fb2e478f000)]

Other Threads:
=>0x00007fb30c085000 VMThread "VM Thread" [stack: 0x00007fb2e5279000,0x00007fb2e5379000] [id=4013]
  0x00007fb30c0cf000 WatcherThread [stack: 0x00007fb2e4791000,0x00007fb2e4891000] [id=4021]
  0x00007fb30c028000 GCTaskThread "GC Thread#0" [stack: 0x00007fb310c3e000,0x00007fb310d3e000] [id=4008]
  0x00007fb2dc001000 GCTaskThread "GC Thread#1" [stack: 0x00007fb2e4166000,0x00007fb2e4266000] [id=4023]
  0x00007fb30c037800 ConcurrentGCThread "G1 Main Marker" [stack: 0x00007fb2f4116000,0x00007fb2f4216000] [id=4009]
  0x00007fb30c039000 ConcurrentGCThread "G1 Conc#0" [stack: 0x00007fb2f4014000,0x00007fb2f4114000] [id=4010]
  0x00007fb30c05a800 ConcurrentGCThread "G1 Refine#0" [stack: 0x00007fb2e5cfe000,0x00007fb2e5dfe000] [id=4011]
  0x00007fb30c05c800 ConcurrentGCThread "G1 Young RemSet Sampling" [stack: 0x00007fb2e5bfc000,0x00007fb2e5cfc000] [id=4012]

Threads with active compile tasks:

VM state:at safepoint (normal execution)

VM Mutex/Monitor currently owned by a thread:  ([mutex/lock_event])
[0x00007fb30c00e440] Threads_lock - owner thread: 0x00007fb30c085000
[0x00007fb30c00eb90] Heap_lock - owner thread: 0x00007fb30c012000

Heap address: 0x00000000e3000000, size: 464 MB, Compressed Oops mode: 32-bit
Narrow klass base: 0x0000000800000000, Narrow klass shift: 3
Compressed class space size: 1073741824 Address: 0x0000000840000000

Heap:
 garbage-first heap   total 92160K, used 31906K [0x00000000e3000000, 0x0000000100000000)
  region size 1024K, 1 young (1024K), 1 survivors (1024K)
 Metaspace       used 26794K, capacity 27598K, committed 27824K, reserved 1073152K
  class space    used 3033K, capacity 3324K, committed 3328K, reserved 1048576K
Heap Regions: E=young(eden), S=young(survivor), O=old, HS=humongous(starts), HC=humongous(continues), CS=collection set, F=free, A=archive, TAMS=top-at-mark-start (previous, next)
|   0|0x00000000e3000000, 0x00000000e3100000, 0x00000000e3100000|100%| O|  |TAMS 0x00000000e3100000, 0x00000000e3000000| Untracked 
|   1|0x00000000e3100000, 0x00000000e3200000, 0x00000000e3200000|100%| O|  |TAMS 0x00000000e3200000, 0x00000000e3100000| Untracked 
|   2|0x00000000e3200000, 0x00000000e3300000, 0x00000000e3300000|100%| O|  |TAMS 0x00000000e3300000, 0x00000000e3200000| Untracked 
|   3|0x00000000e3300000, 0x00000000e3400000, 0x00000000e3400000|100%| O|  |TAMS 0x00000000e3400000, 0x00000000e3300000| Complete 
|   4|0x00000000e3400000, 0x00000000e3500000, 0x00000000e3500000|100%| O|  |TAMS 0x00000000e3500000, 0x00000000e3400000| Untracked 
|   5|0x00000000e3500000, 0x00000000e3600000, 0x00000000e3600000|100%| O|  |TAMS 0x00000000e3600000, 0x00000000e3500000| Untracked 
|   6|0x00000000e3600000, 0x00000000e36e8600, 0x00000000e3700000| 90%| O|  |TAMS 0x00000000e3600000, 0x00000000e3600000| Untracked 
|   7|0x00000000e3700000, 0x00000000e3800000, 0x00000000e3800000|100%| O|  |TAMS 0x00000000e3800000, 0x00000000e3700000| Complete 
|   8|0x00000000e3800000, 0x00000000e3900000, 0x00000000e3900000|100%| O|  |TAMS 0x00000000e3900000, 0x00000000e3800000| Untracked 
|   9|0x00000000e3900000, 0x00000000e3a00000, 0x00000000e3a00000|100%| O|  |TAMS 0x00000000e3a00000, 0x00000000e3900000| Untracked 
|  10|0x00000000e3a00000, 0x00000000e3b00000, 0x00000000e3b00000|100%| O|  |TAMS 0x00000000e3b00000, 0x00000000e3a00000| Untracked 
|  11|0x00000000e3b00000, 0x00000000e3c00000, 0x00000000e3c00000|100%| O|  |TAMS 0x00000000e3c00000, 0x00000000e3b00000| Untracked 
|  12|0x00000000e3c00000, 0x00000000e3d00000, 0x00000000e3d00000|100%| O|  |TAMS 0x00000000e3d00000, 0x00000000e3c00000| Untracked 
|  13|0x00000000e3d00000, 0x00000000e3e00000, 0x00000000e3e00000|100%| O|  |TAMS 0x00000000e3e00000, 0x00000000e3d00000| Complete 
|  14|0x00000000e3e00000, 0x00000000e3e00000, 0x00000000e3f00000|  0%| F|  |TAMS 0x00000000e3e00000, 0x00000000e3e00000| Untracked 
|  15|0x00000000e3f00000, 0x00000000e4000000, 0x00000000e4000000|100%| O|  |TAMS 0x00000000e3f00000, 0x00000000e3f00000| Untracked 
|  16|0x00000000e4000000, 0x00000000e4100000, 0x00000000e4100000|100%| O|  |TAMS 0x00000000e4100000, 0x00000000e4000000| Complete 
|  17|0x00000000e4100000, 0x00000000e4200000, 0x00000000e4200000|100%| O|  |TAMS 0x00000000e4200000, 0x00000000e4100000| Untracked 
|  18|0x00000000e4200000, 0x00000000e4300000, 0x00000000e4300000|100%| O|  |TAMS 0x00000000e4300000, 0x00000000e4200000| Complete 
|  19|0x00000000e4300000, 0x00000000e4400000, 0x00000000e4400000|100%| O|  |TAMS 0x00000000e4400000, 0x00000000e4300000| Complete 
|  20|0x00000000e4400000, 0x00000000e4400000, 0x00000000e4500000|  0%| F|  |TAMS 0x00000000e4400000, 0x00000000e4400000| Untracked 
|  21|0x00000000e4500000, 0x00000000e4600000, 0x00000000e4600000|100%| O|  |TAMS 0x00000000e4500000, 0x00000000e4500000| Untracked 
|  22|0x00000000e4600000, 0x00000000e4600000, 0x00000000e4700000|  0%| F|  |TAMS 0x00000000e4600000, 0x00000000e4600000| Untracked 
|  23|0x00000000e4700000, 0x00000000e4800000, 0x00000000e4800000|100%| O|  |TAMS 0x00000000e4800000, 0x00000000e4700000| Complete 
|  24|0x00000000e4800000, 0x00000000e4900000, 0x00000000e4900000|100%| O|  |TAMS 0x00000000e4900000, 0x00000000e4800000| Untracked 
|  25|0x00000000e4900000, 0x00000000e4a00000, 0x00000000e4a00000|100%| O|  |TAMS 0x00000000e4a00000, 0x00000000e4900000| Untracked 
|  26|0x00000000e4a00000, 0x00000000e4b00000, 0x00000000e4b00000|100%| O|  |TAMS 0x00000000e4b00000, 0x00000000e4a00000| Complete 
|  27|0x00000000e4b00000, 0x00000000e4c00000, 0x00000000e4c00000|100%| O|  |TAMS 0x00000000e4c00000, 0x00000000e4b00000| Untracked 
|  28|0x00000000e4c00000, 0x00000000e4d00000, 0x00000000e4d00000|100%| O|  |TAMS 0x00000000e4d00000, 0x00000000e4c00000| Untracked 
|  29|0x00000000e4d00000, 0x00000000e4e00000, 0x00000000e4e00000|100%| O|  |TAMS 0x00000000e4e00000, 0x00000000e4d00000| Untracked 
|  30|0x00000000e4e00000, 0x00000000e4f00000, 0x00000000e4f00000|100%| O|  |TAMS 0x00000000e4f00000, 0x00000000e4e00000| Complete 
|  31|0x00000000e4f00000, 0x00000000e4f00000, 0x00000000e5000000|  0%| F|  |TAMS 0x00000000e4f00000, 0x00000000e4f00000| Untracked 
|  32|0x00000000e5000000, 0x00000000e5000000, 0x00000000e5100000|  0%| F|  |TAMS 0x00000000e5000000, 0x00000000e5000000| Untracked 
|  33|0x00000000e5100000, 0x00000000e5200000, 0x00000000e5200000|100%| O|  |TAMS 0x00000000e5200000, 0x00000000e5100000| Complete 
|  34|0x00000000e5200000, 0x00000000e5200000, 0x00000000e5300000|  0%| F|  |TAMS 0x00000000e5200000, 0x00000000e5200000| Untracked 
|  35|0x00000000e5300000, 0x00000000e5300000, 0x00000000e5400000|  0%| F|  |TAMS 0x00000000e5300000, 0x00000000e5300000| Untracked 
|  36|0x00000000e5400000, 0x00000000e5400000, 0x00000000e5500000|  0%| F|  |TAMS 0x00000000e5400000, 0x00000000e5400000| Untracked 
|  37|0x00000000e5500000, 0x00000000e5600000, 0x00000000e5600000|100%| O|  |TAMS 0x00000000e554ec00, 0x00000000e5500000| Untracked 
|  38|0x00000000e5600000, 0x00000000e5600000, 0x00000000e5700000|  0%| F|  |TAMS 0x00000000e5600000, 0x00000000e5600000| Untracked 
|  39|0x00000000e5700000, 0x00000000e5700000, 0x00000000e5800000|  0%| F|  |TAMS 0x00000000e5700000, 0x00000000e5700000| Untracked 
|  40|0x00000000e5800000, 0x00000000e5800000, 0x00000000e5900000|  0%| F|  |TAMS 0x00000000e5800000, 0x00000000e5800000| Untracked 
|  41|0x00000000e5900000, 0x00000000e5900000, 0x00000000e5a00000|  0%| F|  |TAMS 0x00000000e5900000, 0x00000000e5900000| Untracked 
|  42|0x00000000e5a00000, 0x00000000e5a00000, 0x00000000e5b00000|  0%| F|  |TAMS 0x00000000e5a00000, 0x00000000e5a00000| Untracked 
|  43|0x00000000e5b00000, 0x00000000e5b00000, 0x00000000e5c00000|  0%| F|  |TAMS 0x00000000e5b00000, 0x00000000e5b00000| Untracked 
|  44|0x00000000e5c00000, 0x00000000e5c00000, 0x00000000e5d00000|  0%| F|  |TAMS 0x00000000e5c00000, 0x00000000e5c00000| Untracked 
|  45|0x00000000e5d00000, 0x00000000e5d00000, 0x00000000e5e00000|  0%| F|  |TAMS 0x00000000e5d00000, 0x00000000e5d00000| Untracked 
|  46|0x00000000e5e00000, 0x00000000e5e00000, 0x00000000e5f00000|  0%| F|  |TAMS 0x00000000e5e00000, 0x00000000e5e00000| Untracked 
|  47|0x00000000e5f00000, 0x00000000e5f00000, 0x00000000e6000000|  0%| F|  |TAMS 0x00000000e5f00000, 0x00000000e5f00000| Untracked 
|  48|0x00000000e6000000, 0x00000000e6000000, 0x00000000e6100000|  0%| F|  |TAMS 0x00000000e6000000, 0x00000000e6000000| Untracked 
|  49|0x00000000e6100000, 0x00000000e6100000, 0x00000000e6200000|  0%| F|  |TAMS 0x00000000e6100000, 0x00000000e6100000| Untracked 
|  50|0x00000000e6200000, 0x00000000e6200000, 0x00000000e6300000|  0%| F|  |TAMS 0x00000000e6200000, 0x00000000e6200000| Untracked 
|  51|0x00000000e6300000, 0x00000000e6300000, 0x00000000e6400000|  0%| F|  |TAMS 0x00000000e6300000, 0x00000000e6300000| Untracked 
|  52|0x00000000e6400000, 0x00000000e6400000, 0x00000000e6500000|  0%| F|  |TAMS 0x00000000e6400000, 0x00000000e6400000| Untracked 
|  53|0x00000000e6500000, 0x00000000e6500000, 0x00000000e6600000|  0%| F|  |TAMS 0x00000000e6500000, 0x00000000e6500000| Untracked 
|  54|0x00000000e6600000, 0x00000000e66a2308, 0x00000000e6700000| 63%| S|CS|TAMS 0x00000000e6600000, 0x00000000e6600000| Complete 
|  55|0x00000000e6700000, 0x00000000e6700000, 0x00000000e6800000|  0%| F|  |TAMS 0x00000000e6700000, 0x00000000e6700000| Untracked 
|  56|0x00000000e6800000, 0x00000000e6800000, 0x00000000e6900000|  0%| F|  |TAMS 0x00000000e6800000, 0x00000000e6800000| Untracked 
|  57|0x00000000e6900000, 0x00000000e6900000, 0x00000000e6a00000|  0%| F|  |TAMS 0x00000000e6900000, 0x00000000e6900000| Untracked 
| 462|0x00000000ffe00000, 0x00000000ffe34000, 0x00000000fff00000| 20%|OA|  |TAMS 0x00000000ffe34000, 0x00000000ffe00000| Untracked 
| 463|0x00000000fff00000, 0x00000000fff6a000, 0x0000000100000000| 41%|CA|  |TAMS 0x00000000fff6a000, 0x00000000fff00000| Untracked 

Card table byte_map: [0x00007fb31086a000,0x00007fb310952000] _byte_map_base: 0x00007fb310152000

Marking Bits (Prev, Next): (CMBitMap*) 0x00007fb30c034ac0, (CMBitMap*) 0x00007fb30c034a88
 Prev Bits: [0x00007fb2f4216000, 0x00007fb2f4956000)
 Next Bits: [0x00007fb310042000, 0x00007fb310782000)

Polling page: 0x00007fb314d61000

Metaspace:

Usage:
  Non-class:     23,71 MB capacity,    23,20 MB ( 98%) used,   460,23 KB (  2%) free+waste,    52,94 KB ( <1%) overhead. 
      Class:      3,25 MB capacity,     2,96 MB ( 91%) used,   266,68 KB (  8%) free+waste,    23,81 KB ( <1%) overhead. 
       Both:     26,95 MB capacity,    26,17 MB ( 97%) used,   726,91 KB (  3%) free+waste,    76,75 KB ( <1%) overhead. 

Virtual space:
  Non-class space:       24,00 MB reserved,      23,92 MB (>99%) committed 
      Class space:        1,00 GB reserved,       3,25 MB ( <1%) committed 
             Both:        1,02 GB reserved,      27,17 MB (  3%) committed 

Chunk freelists:
   Non-Class:  30,00 KB
       Class:  4,00 KB
        Both:  34,00 KB

CodeHeap 'non-profiled nmethods': size=120036Kb used=2397Kb max_used=2556Kb free=117639Kb
 bounds [0x00007fb2fc41d000, 0x00007fb2fc69d000, 0x00007fb303956000]
CodeHeap 'profiled nmethods': size=120032Kb used=11767Kb max_used=13203Kb free=108265Kb
 bounds [0x00007fb2f4ee5000, 0x00007fb2f5bd5000, 0x00007fb2fc41d000]
CodeHeap 'non-nmethods': size=5692Kb used=1122Kb max_used=1158Kb free=4569Kb
 bounds [0x00007fb2f4956000, 0x00007fb2f4bc6000, 0x00007fb2f4ee5000]
 total_blobs=7337 nmethods=5397 adapters=367
 compilation: enabled
              stopped_count=0, restarted_count=0
 full_count=0

Compilation events (10 events):
Event: 154,553 Thread 0x00007fb30c093800 nmethod 6159 0x00007fb2f4efc910 code [0x00007fb2f4efcb60, 0x00007fb2f4efd668]
Event: 154,553 Thread 0x00007fb30c093800 6162   !   3       sun.net.www.protocol.jar.JarFileFactory::getConnection (40 bytes)
Event: 154,559 Thread 0x00007fb30c093800 nmethod 6162 0x00007fb2f4ef3a10 code [0x00007fb2f4ef3c40, 0x00007fb2f4ef4568]
Event: 154,559 Thread 0x00007fb30c093800 6161       3       sun.net.www.protocol.jar.JarFileFactory::urlKey (39 bytes)
Event: 154,611 Thread 0x00007fb30c093800 nmethod 6161 0x00007fb2f4effb10 code [0x00007fb2f4effd80, 0x00007fb2f4f00668]
Event: 154,611 Thread 0x00007fb30c093800 6156       3       org.eclipse.sisu.plexus.PlexusXmlMetadata::addIfMissing (40 bytes)
Event: 154,616 Thread 0x00007fb30c093800 nmethod 6156 0x00007fb2f4efbe10 code [0x00007fb2f4efc020, 0x00007fb2f4efc6d8]
Event: 158,370 Thread 0x00007fb30c091800 nmethod 6154% 0x00007fb2fc461190 code [0x00007fb2fc4613c0, 0x00007fb2fc462f78]
Event: 177,854 Thread 0x00007fb30c093800 6163   !   3       jdk.internal.loader.URLClassPath$JarLoader::getResource (65 bytes)
Event: 178,121 Thread 0x00007fb30c093800 nmethod 6163 0x00007fb2f4f02e10 code [0x00007fb2f4f03080, 0x00007fb2f4f03b28]

GC Heap History (10 events):
Event: 50,051 GC heap after
{Heap after GC invocations=33 (full 0):
 garbage-first heap   total 61440K, used 37609K [0x00000000e3000000, 0x0000000100000000)
  region size 1024K, 2 young (2048K), 2 survivors (2048K)
 Metaspace       used 25646K, capacity 26379K, committed 26416K, reserved 1073152K
  class space    used 2933K, capacity 3197K, committed 3200K, reserved 1048576K
}
Event: 82,830 GC heap before
{Heap before GC invocations=34 (full 0):
 garbage-first heap   total 61440K, used 45801K [0x00000000e3000000, 0x0000000100000000)
  region size 1024K, 10 young (10240K), 2 survivors (2048K)
 Metaspace       used 26044K, capacity 26738K, committed 27056K, reserved 1073152K
  class space    used 2951K, capacity 3208K, committed 3328K, reserved 1048576K
}
Event: 83,418 GC heap after
{Heap after GC invocations=35 (full 0):
 garbage-first heap   total 61440K, used 38850K [0x00000000e3000000, 0x0000000100000000)
  region size 1024K, 2 young (2048K), 2 survivors (2048K)
 Metaspace       used 26044K, capacity 26738K, committed 27056K, reserved 1073152K
  class space    used 2951K, capacity 3208K, committed 3328K, reserved 1048576K
}
Event: 120,669 GC heap before
{Heap before GC invocations=35 (full 0):
 garbage-first heap   total 61440K, used 46018K [0x00000000e3000000, 0x0000000100000000)
  region size 1024K, 9 young (9216K), 2 survivors (2048K)
 Metaspace       used 26188K, capacity 26919K, committed 27056K, reserved 1073152K
  class space    used 2964K, capacity 3243K, committed 3328K, reserved 1048576K
}
Event: 120,724 GC heap after
{Heap after GC invocations=36 (full 0):
 garbage-first heap   total 61440K, used 39311K [0x00000000e3000000, 0x0000000100000000)
  region size 1024K, 1 young (1024K), 1 survivors (1024K)
 Metaspace       used 26188K, capacity 26919K, committed 27056K, reserved 1073152K
  class space    used 2964K, capacity 3243K, committed 3328K, reserved 1048576K
}
Event: 136,552 GC heap before
{Heap before GC invocations=37 (full 0):
 garbage-first heap   total 61440K, used 45455K [0x00000000e3000000, 0x0000000100000000)
  region size 1024K, 9 young (9216K), 1 survivors (1024K)
 Metaspace       used 26551K, capacity 27302K, committed 27568K, reserved 1073152K
  class space    used 2995K, capacity 3288K, committed 3328K, reserved 1048576K
}
Event: 136,778 GC heap after
{Heap after GC invocations=38 (full 0):
 garbage-first heap   total 61440K, used 37550K [0x00000000e3000000, 0x0000000100000000)
  region size 1024K, 1 young (1024K), 1 survivors (1024K)
 Metaspace       used 26551K, capacity 27302K, committed 27568K, reserved 1073152K
  class space    used 2995K, capacity 3288K, committed 3328K, reserved 1048576K
}
Event: 151,202 GC heap before
{Heap before GC invocations=38 (full 0):
 garbage-first heap   total 61440K, used 39598K [0x00000000e3000000, 0x0000000100000000)
  region size 1024K, 3 young (3072K), 1 survivors (1024K)
 Metaspace       used 26579K, capacity 27366K, committed 27568K, reserved 1073152K
  class space    used 3000K, capacity 3288K, committed 3328K, reserved 1048576K
}
Event: 151,729 GC heap after
{Heap after GC invocations=39 (full 0):
 garbage-first heap   total 61440K, used 33475K [0x00000000e3000000, 0x0000000100000000)
  region size 1024K, 1 young (1024K), 1 survivors (1024K)
 Metaspace       used 26579K, capacity 27366K, committed 27568K, reserved 1073152K
  class space    used 3000K, capacity 3288K, committed 3328K, reserved 1048576K
}
Event: 179,624 GC heap before
{Heap before GC invocations=39 (full 0):
 garbage-first heap   total 61440K, used 35523K [0x00000000e3000000, 0x0000000100000000)
  region size 1024K, 3 young (3072K), 1 survivors (1024K)
 Metaspace       used 26794K, capacity 27598K, committed 27824K, reserved 1073152K
  class space    used 3033K, capacity 3324K, committed 3328K, reserved 1048576K
}

Deoptimization events (10 events):
Event: 95,372 Thread 0x00007fb30c012000 DEOPT PACKING pc=0x00007fb2fc577688 sp=0x00007fb314d45990
Event: 95,372 Thread 0x00007fb30c012000 DEOPT UNPACKING pc=0x00007fb2f497de1f sp=0x00007fb314d45920 mode 2
Event: 95,373 Thread 0x00007fb30c012000 Uncommon trap: trap_request=0xffffffbe fr.pc=0x00007fb2fc577688 relative=0x0000000000000428
Event: 95,373 Thread 0x00007fb30c012000 Uncommon trap: reason=profile_predicate action=maybe_recompile pc=0x00007fb2fc577688 method=sun.nio.cs.ISO_8859_1$Decoder.decodeArrayLoop(Ljava/nio/ByteBuffer;Ljava/nio/CharBuffer;)Ljava/nio/charset/CoderResult; @ 133 c2
Event: 95,382 Thread 0x00007fb30c012000 DEOPT PACKING pc=0x00007fb2fc577688 sp=0x00007fb314d45c10
Event: 95,382 Thread 0x00007fb30c012000 DEOPT UNPACKING pc=0x00007fb2f497de1f sp=0x00007fb314d45ba0 mode 2
Event: 139,537 Thread 0x00007fb30c012000 Uncommon trap: trap_request=0xffffff4d fr.pc=0x00007fb2fc5fa86c relative=0x0000000000003b6c
Event: 139,593 Thread 0x00007fb30c012000 Uncommon trap: reason=unstable_if action=reinterpret pc=0x00007fb2fc5fa86c method=java.util.jar.Attributes.read(Ljava/util/jar/Manifest$FastInputStream;[B)V @ 55 c2
Event: 139,724 Thread 0x00007fb30c012000 DEOPT PACKING pc=0x00007fb2fc5fa86c sp=0x00007fb314d46790
Event: 139,937 Thread 0x00007fb30c012000 DEOPT UNPACKING pc=0x00007fb2f497de1f sp=0x00007fb314d467a8 mode 2

Classes redefined (0 events):
No events

Internal exceptions (10 events):
Event: 21,671 Thread 0x00007fb30c012000 Exception <a 'java/lang/NoSuchMethodError'{0x00000000e5fe9eb8}: 'java.lang.Object java.lang.invoke.Invokers$Holder.linkToTargetMethod(java.lang.Object, java.lang.Object, java.lang.Object, java.lang.Object, java.lang.Object, java.lang.Object)'> (0x00000000
Event: 27,986 Thread 0x00007fb30c012000 Exception <a 'java/lang/NoSuchMethodError'{0x00000000e5e4da50}: 'int java.lang.invoke.DirectMethodHandle$Holder.invokeSpecial(java.lang.Object, java.lang.Object, java.lang.Object, java.lang.Object, java.lang.Object)'> (0x00000000e5e4da50) thrown at [/buil
Event: 31,817 Thread 0x00007fb30c012000 Exception <a 'java/lang/NoSuchMethodError'{0x00000000e632de40}: 'void java.lang.invoke.DirectMethodHandle$Holder.invokeVirtual(java.lang.Object, java.lang.Object)'> (0x00000000e632de40) thrown at [/build/openjdk-lts-7bqZff/openjdk-lts-11.0.4+11/src/hotspo
Event: 33,888 Thread 0x00007fb30c012000 Exception <a 'java/lang/NoSuchMethodError'{0x00000000e633fb78}: 'java.lang.Object java.lang.invoke.DirectMethodHandle$Holder.invokeVirtual(java.lang.Object, java.lang.Object, java.lang.Object)'> (0x00000000e633fb78) thrown at [/build/openjdk-lts-7bqZff/op
Event: 37,069 Thread 0x00007fb30c012000 Exception <a 'java/lang/NoSuchMethodError'{0x00000000e6217080}: 'int java.lang.invoke.DirectMethodHandle$Holder.invokeSpecial(java.lang.Object, java.lang.Object, java.lang.Object, java.lang.Object)'> (0x00000000e6217080) thrown at [/build/openjdk-lts-7bqZ
Event: 42,552 Thread 0x00007fb30c012000 Exception <a 'sun/nio/fs/UnixException'{0x00000000e62e5550}> (0x00000000e62e5550) thrown at [/build/openjdk-lts-7bqZff/openjdk-lts-11.0.4+11/src/hotspot/share/prims/jni.cpp, line 615]
Event: 42,627 Thread 0x00007fb30c012000 Exception <a 'sun/nio/fs/UnixException'{0x00000000e62e5ec8}> (0x00000000e62e5ec8) thrown at [/build/openjdk-lts-7bqZff/openjdk-lts-11.0.4+11/src/hotspot/share/prims/jni.cpp, line 615]
Event: 73,759 Thread 0x00007fb30c012000 Exception <a 'java/lang/NoSuchMethodError'{0x00000000e63f7e78}: 'java.lang.Object java.lang.invoke.DirectMethodHandle$Holder.invokeStatic(java.lang.Object, java.lang.Object, java.lang.Object, int)'> (0x00000000e63f7e78) thrown at [/build/openjdk-lts-7bqZf
Event: 73,914 Thread 0x00007fb30c012000 Exception <a 'java/lang/NoSuchMethodError'{0x00000000e63fc1e8}: 'java.lang.Object java.lang.invoke.DirectMethodHandle$Holder.invokeSpecial(java.lang.Object, java.lang.Object, java.lang.Object, java.lang.Object, int)'> (0x00000000e63fc1e8) thrown at [/buil
Event: 74,483 Thread 0x00007fb30c012000 Exception <a 'java/lang/NoSuchMethodError'{0x00000000e6200370}: 'java.lang.Object java.lang.invoke.Invokers$Holder.linkToTargetMethod(java.lang.Object, java.lang.Object, int, java.lang.Object)'> (0x00000000e6200370) thrown at [/build/openjdk-lts-7bqZff/op

Events (10 events):
Event: 179,264 loading class org/codehaus/plexus/archiver/ArchiveFile$Entry done
Event: 179,266 loading class org/codehaus/plexus/archiver/ArchiveFile$Entry
Event: 179,266 loading class org/codehaus/plexus/archiver/ArchiveFile$Entry done
Event: 179,510 loading class org/codehaus/plexus/archiver/jar/JarArchiver$__sisu5
Event: 179,510 loading class org/codehaus/plexus/archiver/jar/JarArchiver$__sisu5 done
Event: 179,523 loading class org/codehaus/plexus/archiver/jar/Manifest
Event: 179,523 loading class org/codehaus/plexus/archiver/jar/Manifest done
Event: 179,543 loading class org/codehaus/plexus/archiver/jar/Manifest
Event: 179,543 loading class org/codehaus/plexus/archiver/jar/Manifest done
Event: 179,606 Executing VM operation: G1CollectForAllocation


Dynamic libraries:
e3000000-e6a00000 rw-p 00000000 00:00 0 
e8800000-ffe00000 ---p 00000000 00:00 0 
ffe00000-ffe34000 rw-p 01116000 b3:06 1437553                            /usr/lib/jvm/java-11-openjdk-amd64/lib/server/classes.jsa
ffe34000-fff00000 rw-p 00000000 00:00 0 
fff00000-fff6a000 rw-p 010ac000 b3:06 1437553                            /usr/lib/jvm/java-11-openjdk-amd64/lib/server/classes.jsa
fff6a000-100000000 rw-p 00000000 00:00 0 
800000000-800002000 rwxp 00001000 b3:06 1437553                          /usr/lib/jvm/java-11-openjdk-amd64/lib/server/classes.jsa
800002000-8003bd000 rw-p 00003000 b3:06 1437553                          /usr/lib/jvm/java-11-openjdk-amd64/lib/server/classes.jsa
8003bd000-800a98000 r--p 003be000 b3:06 1437553                          /usr/lib/jvm/java-11-openjdk-amd64/lib/server/classes.jsa
800a98000-800a99000 rw-p 00a99000 b3:06 1437553                          /usr/lib/jvm/java-11-openjdk-amd64/lib/server/classes.jsa
800a99000-8010ab000 r--p 00a9a000 b3:06 1437553                          /usr/lib/jvm/java-11-openjdk-amd64/lib/server/classes.jsa
840000000-840340000 rw-p 00000000 00:00 0 
840340000-880000000 ---p 00000000 00:00 0 
55d221d37000-55d221d38000 r-xp 00000000 b3:06 1441529                    /usr/lib/jvm/java-11-openjdk-amd64/bin/java
55d221f38000-55d221f39000 r--p 00001000 b3:06 1441529                    /usr/lib/jvm/java-11-openjdk-amd64/bin/java
55d221f39000-55d221f3a000 rw-p 00002000 b3:06 1441529                    /usr/lib/jvm/java-11-openjdk-amd64/bin/java
55d222fdc000-55d222ffd000 rw-p 00000000 00:00 0                          [heap]
7fb2b7000000-7fb2b7200000 rw-p 00000000 00:00 0 
7fb2b7200000-7fb2b7400000 rw-p 00000000 00:00 0 
7fb2b7400000-7fb2b75ec000 rw-p 00000000 00:00 0 
7fb2b75ec000-7fb2b7600000 ---p 00000000 00:00 0 
7fb2b7600000-7fb2b7800000 rw-p 00000000 00:00 0 
7fb2b7800000-7fb2b7a00000 rw-p 00000000 00:00 0 
7fb2b7a00000-7fb2b7c00000 rw-p 00000000 00:00 0 
7fb2b7c00000-7fb2b7e00000 rw-p 00000000 00:00 0 
7fb2b7e00000-7fb2b8000000 rw-p 00000000 00:00 0 
7fb2b8000000-7fb2b8021000 rw-p 00000000 00:00 0 
7fb2b8021000-7fb2bc000000 ---p 00000000 00:00 0 
7fb2bc000000-7fb2bc021000 rw-p 00000000 00:00 0 
7fb2bc021000-7fb2c0000000 ---p 00000000 00:00 0 
7fb2c0000000-7fb2c084c000 rw-p 00000000 00:00 0 
7fb2c084c000-7fb2c4000000 ---p 00000000 00:00 0 
7fb2c4000000-7fb2c4021000 rw-p 00000000 00:00 0 
7fb2c4021000-7fb2c8000000 ---p 00000000 00:00 0 
7fb2c8000000-7fb2c8021000 rw-p 00000000 00:00 0 
7fb2c8021000-7fb2cc000000 ---p 00000000 00:00 0 
7fb2cc000000-7fb2cda9d000 rw-p 00000000 00:00 0 
7fb2cda9d000-7fb2d0000000 ---p 00000000 00:00 0 
7fb2d0000000-7fb2d0021000 rw-p 00000000 00:00 0 
7fb2d0021000-7fb2d4000000 ---p 00000000 00:00 0 
7fb2d4000000-7fb2d4021000 rw-p 00000000 00:00 0 
7fb2d4021000-7fb2d8000000 ---p 00000000 00:00 0 
7fb2d8000000-7fb2d8021000 rw-p 00000000 00:00 0 
7fb2d8021000-7fb2dc000000 ---p 00000000 00:00 0 
7fb2dc000000-7fb2dc0a9000 rw-p 00000000 00:00 0 
7fb2dc0a9000-7fb2e0000000 ---p 00000000 00:00 0 
7fb2e0000000-7fb2e0021000 rw-p 00000000 00:00 0 
7fb2e0021000-7fb2e4000000 ---p 00000000 00:00 0 
7fb2e4164000-7fb2e4165000 ---p 00000000 00:00 0 
7fb2e4165000-7fb2e4266000 rw-p 00000000 00:00 0 
7fb2e4266000-7fb2e427c000 r-xp 00000000 b3:06 1441803                    /usr/lib/jvm/java-11-openjdk-amd64/lib/libnet.so
7fb2e427c000-7fb2e447b000 ---p 00016000 b3:06 1441803                    /usr/lib/jvm/java-11-openjdk-amd64/lib/libnet.so
7fb2e447b000-7fb2e447c000 r--p 00015000 b3:06 1441803                    /usr/lib/jvm/java-11-openjdk-amd64/lib/libnet.so
7fb2e447c000-7fb2e447d000 rw-p 00016000 b3:06 1441803                    /usr/lib/jvm/java-11-openjdk-amd64/lib/libnet.so
7fb2e447d000-7fb2e448d000 r-xp 00000000 b3:06 1441805                    /usr/lib/jvm/java-11-openjdk-amd64/lib/libnio.so
7fb2e448d000-7fb2e468c000 ---p 00010000 b3:06 1441805                    /usr/lib/jvm/java-11-openjdk-amd64/lib/libnio.so
7fb2e468c000-7fb2e468d000 r--p 0000f000 b3:06 1441805                    /usr/lib/jvm/java-11-openjdk-amd64/lib/libnio.so
7fb2e468d000-7fb2e468e000 rw-p 00010000 b3:06 1441805                    /usr/lib/jvm/java-11-openjdk-amd64/lib/libnio.so
7fb2e468e000-7fb2e4692000 ---p 00000000 00:00 0 
7fb2e4692000-7fb2e478f000 rw-p 00000000 00:00 0 
7fb2e478f000-7fb2e4790000 ---p 00000000 00:00 0 
7fb2e4790000-7fb2e4891000 rw-p 00000000 00:00 0 
7fb2e4891000-7fb2e4895000 ---p 00000000 00:00 0 
7fb2e4895000-7fb2e4992000 rw-p 00000000 00:00 0 
7fb2e4992000-7fb2e4996000 ---p 00000000 00:00 0 
7fb2e4996000-7fb2e4a93000 rw-p 00000000 00:00 0 
7fb2e4a93000-7fb2e4a97000 ---p 00000000 00:00 0 
7fb2e4a97000-7fb2e4b94000 rw-p 00000000 00:00 0 
7fb2e4b94000-7fb2e4b98000 ---p 00000000 00:00 0 
7fb2e4b98000-7fb2e4c95000 rw-p 00000000 00:00 0 
7fb2e4c95000-7fb2e4c99000 ---p 00000000 00:00 0 
7fb2e4c99000-7fb2e4d96000 rw-p 00000000 00:00 0 
7fb2e4d96000-7fb2e5075000 r--p 00000000 b3:06 1443645                    /usr/lib/locale/locale-archive
7fb2e5075000-7fb2e5079000 ---p 00000000 00:00 0 
7fb2e5079000-7fb2e5176000 rw-p 00000000 00:00 0 
7fb2e5176000-7fb2e517a000 ---p 00000000 00:00 0 
7fb2e517a000-7fb2e5277000 rw-p 00000000 00:00 0 
7fb2e5277000-7fb2e5278000 ---p 00000000 00:00 0 
7fb2e5278000-7fb2e5bfa000 rw-p 00000000 00:00 0 
7fb2e5bfa000-7fb2e5bfb000 ---p 00000000 00:00 0 
7fb2e5bfb000-7fb2e5cfc000 rw-p 00000000 00:00 0 
7fb2e5cfc000-7fb2e5cfd000 ---p 00000000 00:00 0 
7fb2e5cfd000-7fb2e8000000 rw-p 00000000 00:00 0 
7fb2e8000000-7fb2e8021000 rw-p 00000000 00:00 0 
7fb2e8021000-7fb2ec000000 ---p 00000000 00:00 0 
7fb2ec000000-7fb2ec028000 rw-p 00000000 00:00 0 
7fb2ec028000-7fb2f0000000 ---p 00000000 00:00 0 
7fb2f0000000-7fb2f007c000 rw-p 00000000 00:00 0 
7fb2f007c000-7fb2f4000000 ---p 00000000 00:00 0 
7fb2f4012000-7fb2f4013000 ---p 00000000 00:00 0 
7fb2f4013000-7fb2f4114000 rw-p 00000000 00:00 0 
7fb2f4114000-7fb2f4115000 ---p 00000000 00:00 0 
7fb2f4115000-7fb2f42fe000 rw-p 00000000 00:00 0 
7fb2f42fe000-7fb2f494e000 ---p 00000000 00:00 0 
7fb2f494e000-7fb2f4956000 rw-p 00000000 00:00 0 
7fb2f4956000-7fb2f4bc6000 rwxp 00000000 00:00 0 
7fb2f4bc6000-7fb2f4ee5000 ---p 00000000 00:00 0 
7fb2f4ee5000-7fb2f5bd5000 rwxp 00000000 00:00 0 
7fb2f5bd5000-7fb2fc41d000 ---p 00000000 00:00 0 
7fb2fc41d000-7fb2fc69d000 rwxp 00000000 00:00 0 
7fb2fc69d000-7fb303956000 ---p 00000000 00:00 0 
7fb303956000-7fb30c000000 r--s 00000000 b3:06 1441815                    /usr/lib/jvm/java-11-openjdk-amd64/lib/modules
7fb30c000000-7fb30d59b000 rw-p 00000000 00:00 0 
7fb30d59b000-7fb310000000 ---p 00000000 00:00 0 
7fb310011000-7fb31012a000 rw-p 00000000 00:00 0 
7fb31012a000-7fb31077a000 ---p 00000000 00:00 0 
7fb31077a000-7fb31079f000 rw-p 00000000 00:00 0 
7fb31079f000-7fb310869000 ---p 00000000 00:00 0 
7fb310869000-7fb310887000 rw-p 00000000 00:00 0 
7fb310887000-7fb310951000 ---p 00000000 00:00 0 
7fb310951000-7fb31096f000 rw-p 00000000 00:00 0 
7fb31096f000-7fb310a39000 ---p 00000000 00:00 0 
7fb310a39000-7fb310c3c000 rw-p 00000000 00:00 0 
7fb310c3c000-7fb310c3d000 ---p 00000000 00:00 0 
7fb310c3d000-7fb310d43000 rw-p 00000000 00:00 0 
7fb310d43000-7fb310e29000 ---p 00000000 00:00 0 
7fb310e29000-7fb310e43000 rw-p 00000000 00:00 0 
7fb310e43000-7fb310f14000 ---p 00000000 00:00 0 
7fb310f14000-7fb310f19000 r-xp 00000000 b3:06 1441785                    /usr/lib/jvm/java-11-openjdk-amd64/lib/libjimage.so
7fb310f19000-7fb311118000 ---p 00005000 b3:06 1441785                    /usr/lib/jvm/java-11-openjdk-amd64/lib/libjimage.so
7fb311118000-7fb311119000 r--p 00004000 b3:06 1441785                    /usr/lib/jvm/java-11-openjdk-amd64/lib/libjimage.so
7fb311119000-7fb31111a000 rw-p 00005000 b3:06 1441785                    /usr/lib/jvm/java-11-openjdk-amd64/lib/libjimage.so
7fb31111a000-7fb311121000 r-xp 00000000 b3:06 1441814                    /usr/lib/jvm/java-11-openjdk-amd64/lib/libzip.so
7fb311121000-7fb311320000 ---p 00007000 b3:06 1441814                    /usr/lib/jvm/java-11-openjdk-amd64/lib/libzip.so
7fb311320000-7fb311321000 r--p 00006000 b3:06 1441814                    /usr/lib/jvm/java-11-openjdk-amd64/lib/libzip.so
7fb311321000-7fb311322000 rw-p 00007000 b3:06 1441814                    /usr/lib/jvm/java-11-openjdk-amd64/lib/libzip.so
7fb311322000-7fb31132d000 r-xp 00000000 b3:06 1050651                    /lib/x86_64-linux-gnu/libnss_files-2.27.so
7fb31132d000-7fb31152c000 ---p 0000b000 b3:06 1050651                    /lib/x86_64-linux-gnu/libnss_files-2.27.so
7fb31152c000-7fb31152d000 r--p 0000a000 b3:06 1050651                    /lib/x86_64-linux-gnu/libnss_files-2.27.so
7fb31152d000-7fb31152e000 rw-p 0000b000 b3:06 1050651                    /lib/x86_64-linux-gnu/libnss_files-2.27.so
7fb31152e000-7fb311534000 rw-p 00000000 00:00 0 
7fb311534000-7fb31154b000 r-xp 00000000 b3:06 1050645                    /lib/x86_64-linux-gnu/libnsl-2.27.so
7fb31154b000-7fb31174a000 ---p 00017000 b3:06 1050645                    /lib/x86_64-linux-gnu/libnsl-2.27.so
7fb31174a000-7fb31174b000 r--p 00016000 b3:06 1050645                    /lib/x86_64-linux-gnu/libnsl-2.27.so
7fb31174b000-7fb31174c000 rw-p 00017000 b3:06 1050645                    /lib/x86_64-linux-gnu/libnsl-2.27.so
7fb31174c000-7fb31174e000 rw-p 00000000 00:00 0 
7fb31174e000-7fb311759000 r-xp 00000000 b3:06 1050662                    /lib/x86_64-linux-gnu/libnss_nis-2.27.so
7fb311759000-7fb311958000 ---p 0000b000 b3:06 1050662                    /lib/x86_64-linux-gnu/libnss_nis-2.27.so
7fb311958000-7fb311959000 r--p 0000a000 b3:06 1050662                    /lib/x86_64-linux-gnu/libnss_nis-2.27.so
7fb311959000-7fb31195a000 rw-p 0000b000 b3:06 1050662                    /lib/x86_64-linux-gnu/libnss_nis-2.27.so
7fb31195a000-7fb311962000 r-xp 00000000 b3:06 1050647                    /lib/x86_64-linux-gnu/libnss_compat-2.27.so
7fb311962000-7fb311b62000 ---p 00008000 b3:06 1050647                    /lib/x86_64-linux-gnu/libnss_compat-2.27.so
7fb311b62000-7fb311b63000 r--p 00008000 b3:06 1050647                    /lib/x86_64-linux-gnu/libnss_compat-2.27.so
7fb311b63000-7fb311b64000 rw-p 00009000 b3:06 1050647                    /lib/x86_64-linux-gnu/libnss_compat-2.27.so
7fb311b64000-7fb311b8d000 r-xp 00000000 b3:06 1441777                    /usr/lib/jvm/java-11-openjdk-amd64/lib/libjava.so
7fb311b8d000-7fb311d8c000 ---p 00029000 b3:06 1441777                    /usr/lib/jvm/java-11-openjdk-amd64/lib/libjava.so
7fb311d8c000-7fb311d8d000 r--p 00028000 b3:06 1441777                    /usr/lib/jvm/java-11-openjdk-amd64/lib/libjava.so
7fb311d8d000-7fb311d8f000 rw-p 00029000 b3:06 1441777                    /usr/lib/jvm/java-11-openjdk-amd64/lib/libjava.so
7fb311d8f000-7fb311d9c000 r-xp 00000000 b3:06 1441812                    /usr/lib/jvm/java-11-openjdk-amd64/lib/libverify.so
7fb311d9c000-7fb311f9b000 ---p 0000d000 b3:06 1441812                    /usr/lib/jvm/java-11-openjdk-amd64/lib/libverify.so
7fb311f9b000-7fb311f9d000 r--p 0000c000 b3:06 1441812                    /usr/lib/jvm/java-11-openjdk-amd64/lib/libverify.so
7fb311f9d000-7fb311f9e000 rw-p 0000e000 b3:06 1441812                    /usr/lib/jvm/java-11-openjdk-amd64/lib/libverify.so
7fb311f9e000-7fb311fa5000 r-xp 00000000 b3:06 1050702                    /lib/x86_64-linux-gnu/librt-2.27.so
7fb311fa5000-7fb3121a4000 ---p 00007000 b3:06 1050702                    /lib/x86_64-linux-gnu/librt-2.27.so
7fb3121a4000-7fb3121a5000 r--p 00006000 b3:06 1050702                    /lib/x86_64-linux-gnu/librt-2.27.so
7fb3121a5000-7fb3121a6000 rw-p 00007000 b3:06 1050702                    /lib/x86_64-linux-gnu/librt-2.27.so
7fb3121a6000-7fb3121bd000 r-xp 00000000 b3:06 1050598                    /lib/x86_64-linux-gnu/libgcc_s.so.1
7fb3121bd000-7fb3123bc000 ---p 00017000 b3:06 1050598                    /lib/x86_64-linux-gnu/libgcc_s.so.1
7fb3123bc000-7fb3123bd000 r--p 00016000 b3:06 1050598                    /lib/x86_64-linux-gnu/libgcc_s.so.1
7fb3123bd000-7fb3123be000 rw-p 00017000 b3:06 1050598                    /lib/x86_64-linux-gnu/libgcc_s.so.1
7fb3123be000-7fb31255b000 r-xp 00000000 b3:06 1050624                    /lib/x86_64-linux-gnu/libm-2.27.so
7fb31255b000-7fb31275a000 ---p 0019d000 b3:06 1050624                    /lib/x86_64-linux-gnu/libm-2.27.so
7fb31275a000-7fb31275b000 r--p 0019c000 b3:06 1050624                    /lib/x86_64-linux-gnu/libm-2.27.so
7fb31275b000-7fb31275c000 rw-p 0019d000 b3:06 1050624                    /lib/x86_64-linux-gnu/libm-2.27.so
7fb31275c000-7fb3128d5000 r-xp 00000000 b3:06 1446455                    /usr/lib/x86_64-linux-gnu/libstdc++.so.6.0.25
7fb3128d5000-7fb312ad5000 ---p 00179000 b3:06 1446455                    /usr/lib/x86_64-linux-gnu/libstdc++.so.6.0.25
7fb312ad5000-7fb312adf000 r--p 00179000 b3:06 1446455                    /usr/lib/x86_64-linux-gnu/libstdc++.so.6.0.25
7fb312adf000-7fb312ae1000 rw-p 00183000 b3:06 1446455                    /usr/lib/x86_64-linux-gnu/libstdc++.so.6.0.25
7fb312ae1000-7fb312ae5000 rw-p 00000000 00:00 0 
7fb312ae5000-7fb313bb1000 r-xp 00000000 b3:06 1441824                    /usr/lib/jvm/java-11-openjdk-amd64/lib/server/libjvm.so
7fb313bb1000-7fb313db0000 ---p 010cc000 b3:06 1441824                    /usr/lib/jvm/java-11-openjdk-amd64/lib/server/libjvm.so
7fb313db0000-7fb313e6d000 r--p 010cb000 b3:06 1441824                    /usr/lib/jvm/java-11-openjdk-amd64/lib/server/libjvm.so
7fb313e6d000-7fb313ea6000 rw-p 01188000 b3:06 1441824                    /usr/lib/jvm/java-11-openjdk-amd64/lib/server/libjvm.so
7fb313ea6000-7fb313efc000 rw-p 00000000 00:00 0 
7fb313efc000-7fb313f16000 r-xp 00000000 b3:06 1050694                    /lib/x86_64-linux-gnu/libpthread-2.27.so
7fb313f16000-7fb314115000 ---p 0001a000 b3:06 1050694                    /lib/x86_64-linux-gnu/libpthread-2.27.so
7fb314115000-7fb314116000 r--p 00019000 b3:06 1050694                    /lib/x86_64-linux-gnu/libpthread-2.27.so
7fb314116000-7fb314117000 rw-p 0001a000 b3:06 1050694                    /lib/x86_64-linux-gnu/libpthread-2.27.so
7fb314117000-7fb31411b000 rw-p 00000000 00:00 0 
7fb31411b000-7fb31411e000 r-xp 00000000 b3:06 1050584                    /lib/x86_64-linux-gnu/libdl-2.27.so
7fb31411e000-7fb31431d000 ---p 00003000 b3:06 1050584                    /lib/x86_64-linux-gnu/libdl-2.27.so
7fb31431d000-7fb31431e000 r--p 00002000 b3:06 1050584                    /lib/x86_64-linux-gnu/libdl-2.27.so
7fb31431e000-7fb31431f000 rw-p 00003000 b3:06 1050584                    /lib/x86_64-linux-gnu/libdl-2.27.so
7fb31431f000-7fb31433b000 r-xp 00000000 b3:06 1050735                    /lib/x86_64-linux-gnu/libz.so.1.2.11
7fb31433b000-7fb31453a000 ---p 0001c000 b3:06 1050735                    /lib/x86_64-linux-gnu/libz.so.1.2.11
7fb31453a000-7fb31453b000 r--p 0001b000 b3:06 1050735                    /lib/x86_64-linux-gnu/libz.so.1.2.11
7fb31453b000-7fb31453c000 rw-p 0001c000 b3:06 1050735                    /lib/x86_64-linux-gnu/libz.so.1.2.11
7fb31453c000-7fb314723000 r-xp 00000000 b3:06 1050561                    /lib/x86_64-linux-gnu/libc-2.27.so
7fb314723000-7fb314923000 ---p 001e7000 b3:06 1050561                    /lib/x86_64-linux-gnu/libc-2.27.so
7fb314923000-7fb314927000 r--p 001e7000 b3:06 1050561                    /lib/x86_64-linux-gnu/libc-2.27.so
7fb314927000-7fb314929000 rw-p 001eb000 b3:06 1050561                    /lib/x86_64-linux-gnu/libc-2.27.so
7fb314929000-7fb31492d000 rw-p 00000000 00:00 0 
7fb31492d000-7fb31493d000 r-xp 00000000 b3:06 1441749                    /usr/lib/jvm/java-11-openjdk-amd64/lib/jli/libjli.so
7fb31493d000-7fb314b3c000 ---p 00010000 b3:06 1441749                    /usr/lib/jvm/java-11-openjdk-amd64/lib/jli/libjli.so
7fb314b3c000-7fb314b3d000 r--p 0000f000 b3:06 1441749                    /usr/lib/jvm/java-11-openjdk-amd64/lib/jli/libjli.so
7fb314b3d000-7fb314b3e000 rw-p 00010000 b3:06 1441749                    /usr/lib/jvm/java-11-openjdk-amd64/lib/jli/libjli.so
7fb314b3e000-7fb314b65000 r-xp 00000000 b3:06 1050533                    /lib/x86_64-linux-gnu/ld-2.27.so
7fb314b74000-7fb314c49000 rw-p 00000000 00:00 0 
7fb314c49000-7fb314c4d000 ---p 00000000 00:00 0 
7fb314c4d000-7fb314d4c000 rw-p 00000000 00:00 0 
7fb314d4d000-7fb314d52000 rw-p 00000000 00:00 0 
7fb314d52000-7fb314d59000 ---p 00000000 00:00 0 
7fb314d59000-7fb314d61000 rw-s 00000000 b3:06 416346                     /tmp/hsperfdata_lizandra/3996
7fb314d61000-7fb314d62000 ---p 00000000 00:00 0 
7fb314d62000-7fb314d63000 r--p 00000000 00:00 0 
7fb314d63000-7fb314d65000 rw-p 00000000 00:00 0 
7fb314d65000-7fb314d66000 r--p 00027000 b3:06 1050533                    /lib/x86_64-linux-gnu/ld-2.27.so
7fb314d66000-7fb314d67000 rw-p 00028000 b3:06 1050533                    /lib/x86_64-linux-gnu/ld-2.27.so
7fb314d67000-7fb314d68000 rw-p 00000000 00:00 0 
7ffe230ea000-7ffe2310b000 rw-p 00000000 00:00 0                          [stack]
7ffe231ae000-7ffe231b1000 r--p 00000000 00:00 0                          [vvar]
7ffe231b1000-7ffe231b3000 r-xp 00000000 00:00 0                          [vdso]
ffffffffff600000-ffffffffff601000 r-xp 00000000 00:00 0                  [vsyscall]


VM Arguments:
jvm_args: -Dclassworlds.conf=/home/lizandra/Software/netbeans/java/maven/bin/m2.conf -Dmaven.home=/home/lizandra/Software/netbeans/java/maven -Dmaven.multiModuleProjectDirectory=/home/lizandra/NetBeansProjects/sistema-nutri 
java_command: org.codehaus.plexus.classworlds.launcher.Launcher -Dmaven.ext.class.path=/home/lizandra/Software/netbeans/java/maven-nblib/netbeans-eventspy.jar clean install
java_class_path (initial): /home/lizandra/Software/netbeans/java/maven/boot/plexus-classworlds-2.5.2.jar
Launcher Type: SUN_STANDARD

[Global flags]
     intx CICompilerCount                          = 2                                         {product} {ergonomic}
     uint ConcGCThreads                            = 1                                         {product} {ergonomic}
     uint G1ConcRefinementThreads                  = 2                                         {product} {ergonomic}
   size_t G1HeapRegionSize                         = 1048576                                   {product} {ergonomic}
    uintx GCDrainStackTargetSize                   = 64                                        {product} {ergonomic}
   size_t InitialHeapSize                          = 31457280                                  {product} {ergonomic}
   size_t MarkStackSize                            = 4194304                                   {product} {ergonomic}
   size_t MaxHeapSize                              = 486539264                                 {product} {ergonomic}
   size_t MaxNewSize                               = 291504128                                 {product} {ergonomic}
   size_t MinHeapDeltaBytes                        = 1048576                                   {product} {ergonomic}
    uintx NonNMethodCodeHeapSize                   = 5824844                                {pd product} {ergonomic}
    uintx NonProfiledCodeHeapSize                  = 122916698                              {pd product} {ergonomic}
    uintx ProfiledCodeHeapSize                     = 122916698                              {pd product} {ergonomic}
    uintx ReservedCodeCacheSize                    = 251658240                              {pd product} {ergonomic}
     bool SegmentedCodeCache                       = true                                      {product} {ergonomic}
     bool UseCompressedClassPointers               = true                                 {lp64_product} {ergonomic}
     bool UseCompressedOops                        = true                                 {lp64_product} {ergonomic}
     bool UseG1GC                                  = true                                      {product} {ergonomic}

Logging:
Log output configuration:
 #0: stdout all=warning uptime,level,tags
 #1: stderr all=off uptime,level,tags

Environment Variables:
JAVA_HOME=/usr/lib/jvm/java-11-openjdk-amd64
PATH=/usr/local/sbin:/usr/local/bin:/usr/sbin:/usr/bin:/sbin:/bin:/usr/games:/usr/local/games
SHELL=/bin/bash
DISPLAY=:0

Signal Handlers:
SIGSEGV: [libjvm.so+0xde5f50], sa_mask[0]=11111111011111111101111111111110, sa_flags=SA_RESTART|SA_SIGINFO
SIGBUS: [libjvm.so+0xde5f50], sa_mask[0]=11111111011111111101111111111110, sa_flags=SA_RESTART|SA_SIGINFO
SIGFPE: [libjvm.so+0xde5f50], sa_mask[0]=11111111011111111101111111111110, sa_flags=SA_RESTART|SA_SIGINFO
SIGPIPE: [libjvm.so+0xbba5b0], sa_mask[0]=11111111011111111101111111111110, sa_flags=SA_RESTART|SA_SIGINFO
SIGXFSZ: [libjvm.so+0xbba5b0], sa_mask[0]=11111111011111111101111111111110, sa_flags=SA_RESTART|SA_SIGINFO
SIGILL: [libjvm.so+0xde5f50], sa_mask[0]=11111111011111111101111111111110, sa_flags=SA_RESTART|SA_SIGINFO
SIGUSR2: [libjvm.so+0xbba450], sa_mask[0]=00100000000000000000000000000000, sa_flags=SA_RESTART|SA_SIGINFO
SIGHUP: [libjvm.so+0xbba7b0], sa_mask[0]=11111111011111111101111111111110, sa_flags=SA_RESTART|SA_SIGINFO
SIGINT: SIG_IGN, sa_mask[0]=00000000000000000000000000000000, sa_flags=none
SIGTERM: [libjvm.so+0xbba7b0], sa_mask[0]=11111111011111111101111111111110, sa_flags=SA_RESTART|SA_SIGINFO
SIGQUIT: [libjvm.so+0xbba7b0], sa_mask[0]=11111111011111111101111111111110, sa_flags=SA_RESTART|SA_SIGINFO


---------------  S Y S T E M  ---------------

OS:DISTRIB_ID=LinuxMint
DISTRIB_RELEASE=19.2
DISTRIB_CODENAME=tina
DISTRIB_DESCRIPTION="Linux Mint 19.2 Tina"
uname:Linux 4.15.0-58-generic #64-Ubuntu SMP Tue Aug 6 11:12:41 UTC 2019 x86_64
libc:glibc 2.27 NPTL 2.27 
rlimit: STACK 8192k, CORE 0k, NPROC 6965, NOFILE 1048576, AS infinity, DATA infinity, FSIZE infinity
load average:16,08 7,64 3,87

/proc/meminfo:
MemTotal:        1897592 kB
MemFree:           55432 kB
MemAvailable:       7840 kB
Buffers:             156 kB
Cached:           101068 kB
SwapCached:          776 kB
Active:          1257768 kB
Inactive:         427980 kB
Active(anon):    1246528 kB
Inactive(anon):   415576 kB
Active(file):      11240 kB
Inactive(file):    12404 kB
Unevictable:          72 kB
Mlocked:              72 kB
SwapTotal:       1301168 kB
SwapFree:              0 kB
Dirty:               316 kB
Writeback:             0 kB
AnonPages:       1584120 kB
Mapped:            33292 kB
Shmem:             77332 kB
Slab:              68296 kB
SReclaimable:      30428 kB
SUnreclaim:        37868 kB
KernelStack:       11088 kB
PageTables:        41408 kB
NFS_Unstable:          0 kB
Bounce:                0 kB
WritebackTmp:          0 kB
CommitLimit:     2249964 kB
Committed_AS:    5929060 kB
VmallocTotal:   34359738367 kB
VmallocUsed:           0 kB
VmallocChunk:          0 kB
HardwareCorrupted:     0 kB
AnonHugePages:         0 kB
ShmemHugePages:        0 kB
ShmemPmdMapped:        0 kB
CmaTotal:              0 kB
CmaFree:               0 kB
HugePages_Total:       0
HugePages_Free:        0
HugePages_Rsvd:        0
HugePages_Surp:        0
Hugepagesize:       2048 kB
DirectMap4k:      134912 kB
DirectMap2M:     1816576 kB


/proc/sys/kernel/threads-max (system-wide limit on the number of threads):
13930


/proc/sys/vm/max_map_count (maximum number of memory map areas a process may have):
65530


/proc/sys/kernel/pid_max (system-wide limit on number of process identifiers):
32768



container (cgroup) information:
container_type: cgroupv1
cpu_cpuset_cpus: 0-1
cpu_memory_nodes: 0
active_processor_count: 2
cpu_quota: -1
cpu_period: 100000
cpu_shares: -1
memory_limit_in_bytes: -1
memory_and_swap_limit_in_bytes: -2
memory_soft_limit_in_bytes: -1
memory_usage_in_bytes: 1730035712
memory_max_usage_in_bytes: 0

Steal ticks since vm start: 0
Steal ticks percentage since vm start:  0,000

CPU:total 2 (initial active 2) (2 cores per cpu, 1 threads per core) family 6 model 76 stepping 3, cmov, cx8, fxsr, mmx, sse, sse2, sse3, ssse3, sse4.1, sse4.2, popcnt, aes, clmul, erms, 3dnowpref, tsc, tscinvbit
CPU Model and flags from /proc/cpuinfo:
model name	: Intel(R) Celeron(R) CPU  N3050  @ 1.60GHz
flags		: fpu vme de pse tsc msr pae mce cx8 apic sep mtrr pge mca cmov pat pse36 clflush dts acpi mmx fxsr sse sse2 ss ht tm pbe syscall nx rdtscp lm constant_tsc arch_perfmon pebs bts rep_good nopl xtopology tsc_reliable nonstop_tsc cpuid aperfmperf tsc_known_freq pni pclmulqdq dtes64 monitor ds_cpl vmx est tm2 ssse3 cx16 xtpr pdcm sse4_1 sse4_2 movbe popcnt tsc_deadline_timer aes rdrand lahf_lm 3dnowprefetch epb pti ibrs ibpb stibp tpr_shadow vnmi flexpriority ept vpid tsc_adjust smep erms dtherm ida arat md_clear

Memory: 4k page, physical 1897592k(52476k free), swap 1301168k(8k free)

vm_info: OpenJDK 64-Bit Server VM (11.0.4+11-post-Ubuntu-1ubuntu218.04.3) for linux-amd64 JRE (11.0.4+11-post-Ubuntu-1ubuntu218.04.3), built on Jul 18 2019 18:21:46 by "buildd" with gcc 7.4.0

END.
