#
# There is insufficient memory for the Java Runtime Environment to continue.
# Native memory allocation (mmap) failed to map 84934656 bytes for committing reserved memory.
# Possible reasons:
#   The system is out of physical RAM or swap space
#   The process is running with CompressedOops enabled, and the Java Heap may be blocking the growth of the native heap
# Possible solutions:
#   Reduce memory load on the system
#   Increase physical memory or swap space
#   Check if swap backing store is full
#   Decrease Java heap size (-Xmx/-Xms)
#   Decrease number of Java threads
#   Decrease Java thread stack sizes (-Xss)
#   Set larger code cache with -XX:ReservedCodeCacheSize=
#   JVM is running with Unscaled Compressed Oops mode in which the Java heap is
#     placed in the first 4GB address space. The Java Heap base address is the
#     maximum limit for the native heap growth. Please use -XX:HeapBaseMinAddress
#     to set the Java Heap base and to place the Java Heap above 4GB virtual address.
# This output file may be truncated or incomplete.
#
#  Out of Memory Error (os_linux.cpp:2893), pid=3455, tid=3512
#
# JRE version: OpenJDK Runtime Environment (11.0.4+11) (build 11.0.4+11-post-Ubuntu-1ubuntu218.04.3)
# Java VM: OpenJDK 64-Bit Server VM (11.0.4+11-post-Ubuntu-1ubuntu218.04.3, mixed mode, sharing, tiered, compressed oops, g1 gc, linux-amd64)
# Core dump will be written. Default location: Core dumps may be processed with "/lib/systemd/systemd-coredump %P %u %g %s %t 9223372036854775808 %e" (or dumping to /home/lizandra/NetBeansProjects/sistema-nutri/core.3455)
#

---------------  S U M M A R Y ------------

Command Line: -Dclassworlds.conf=/home/lizandra/Software/netbeans/java/maven/bin/m2.conf -Dmaven.home=/home/lizandra/Software/netbeans/java/maven -Dmaven.multiModuleProjectDirectory=/home/lizandra/NetBeansProjects/sistema-nutri org.codehaus.plexus.classworlds.launcher.Launcher -Dmaven.ext.class.path=/home/lizandra/Software/netbeans/java/maven-nblib/netbeans-eventspy.jar clean install

Host: Intel(R) Celeron(R) CPU  N3050  @ 1.60GHz, 2 cores, 1G, Linux Mint 19.2 Tina
Time: Fri Oct 11 20:06:40 2019 -03 elapsed time: 102 seconds (0d 0h 1m 42s)

---------------  T H R E A D  ---------------

Current thread (0x00007fa99c085000):  VMThread "VM Thread" [stack: 0x00007fa9a017a000,0x00007fa9a027a000] [id=3512]

Stack: [0x00007fa9a017a000,0x00007fa9a027a000],  sp=0x00007fa9a0277ff0,  free space=1015k
Native frames: (J=compiled Java code, A=aot compiled Java code, j=interpreted, Vv=VM code, C=native code)
V  [libjvm.so+0xde4547]
V  [libjvm.so+0xde519b]
V  [libjvm.so+0x6511a5]
V  [libjvm.so+0xbbed38]
V  [libjvm.so+0xbb5ebd]
V  [libjvm.so+0x76f53f]
V  [libjvm.so+0x76f7ae]
V  [libjvm.so+0x77b820]
V  [libjvm.so+0x7f6969]
V  [libjvm.so+0x7f75c2]
V  [libjvm.so+0x7f7a29]
V  [libjvm.so+0x72de6f]
V  [libjvm.so+0x732b6a]
V  [libjvm.so+0xdf01e1]
V  [libjvm.so+0xdeeda8]
V  [libjvm.so+0xdec5e6]
V  [libjvm.so+0xdecaf0]
V  [libjvm.so+0xdecf23]
V  [libjvm.so+0xd7aeea]
V  [libjvm.so+0xbc4a5e]

VM_Operation (0x00007fa9a6548160): G1CollectForAllocation, mode: safepoint, requested by thread 0x00007fa99c012000


---------------  P R O C E S S  ---------------

Threads class SMR info:
_java_thread_list=0x00007fa99c0ceae0, length=9, elements={
0x00007fa99c012000, 0x00007fa99c088000, 0x00007fa99c08a000, 0x00007fa99c08f800,
0x00007fa99c091800, 0x00007fa99c093800, 0x00007fa99c095800, 0x00007fa99c0c4800,
0x00007fa99c0cd000
}

Java Threads: ( => current thread )
  0x00007fa99c012000 JavaThread "main" [_thread_blocked, id=3488, stack(0x00007fa9a644c000,0x00007fa9a654d000)]
  0x00007fa99c088000 JavaThread "Reference Handler" daemon [_thread_blocked, id=3513, stack(0x00007fa9a0077000,0x00007fa9a0178000)]
  0x00007fa99c08a000 JavaThread "Finalizer" daemon [_thread_blocked, id=3514, stack(0x00007fa984855000,0x00007fa984956000)]
  0x00007fa99c08f800 JavaThread "Signal Dispatcher" daemon [_thread_blocked, id=3515, stack(0x00007fa984475000,0x00007fa984576000)]
  0x00007fa99c091800 JavaThread "C2 CompilerThread0" daemon [_thread_blocked, id=3518, stack(0x00007fa984374000,0x00007fa984475000)]
  0x00007fa99c093800 JavaThread "C1 CompilerThread0" daemon [_thread_blocked, id=3523, stack(0x00007fa984273000,0x00007fa984374000)]
  0x00007fa99c095800 JavaThread "Sweeper thread" daemon [_thread_blocked, id=3526, stack(0x00007fa984172000,0x00007fa984273000)]
  0x00007fa99c0c4800 JavaThread "Service Thread" daemon [_thread_blocked, id=3527, stack(0x00007fa984071000,0x00007fa984172000)]
  0x00007fa99c0cd000 JavaThread "Common-Cleaner" daemon [_thread_blocked, id=3534, stack(0x00007fa975dfd000,0x00007fa975efe000)]

Other Threads:
=>0x00007fa99c085000 VMThread "VM Thread" [stack: 0x00007fa9a017a000,0x00007fa9a027a000] [id=3512]
  0x00007fa99c0c7000 WatcherThread [stack: 0x00007fa975f00000,0x00007fa976000000] [id=3530]
  0x00007fa99c028000 GCTaskThread "GC Thread#0" [stack: 0x00007fa9a2441000,0x00007fa9a2541000] [id=3492]
  0x00007fa96c001000 GCTaskThread "GC Thread#1" [stack: 0x00007fa9758d5000,0x00007fa9759d5000] [id=3542]
  0x00007fa99c037800 ConcurrentGCThread "G1 Main Marker" [stack: 0x00007fa9a1005000,0x00007fa9a1105000] [id=3496]
  0x00007fa99c039000 ConcurrentGCThread "G1 Conc#0" [stack: 0x00007fa9a0f03000,0x00007fa9a1003000] [id=3499]
  0x00007fa99c05a800 ConcurrentGCThread "G1 Refine#0" [stack: 0x00007fa9a0bff000,0x00007fa9a0cff000] [id=3500]
  0x00007fa970001000 ConcurrentGCThread "G1 Refine#1" [stack: 0x00007fa9757d3000,0x00007fa9758d3000] [id=3545]
  0x00007fa99c05c800 ConcurrentGCThread "G1 Young RemSet Sampling" [stack: 0x00007fa9a0afd000,0x00007fa9a0bfd000] [id=3502]

Threads with active compile tasks:
C2 CompilerThread06210       4       org.eclipse.sisu.inject.LocatedBeans$Itr::hasNext (161 bytes)

VM state:at safepoint (normal execution)

VM Mutex/Monitor currently owned by a thread:  ([mutex/lock_event])
[0x00007fa99c00e440] Threads_lock - owner thread: 0x00007fa99c085000
[0x00007fa99c00eb90] Heap_lock - owner thread: 0x00007fa99c012000

Heap address: 0x00000000e3000000, size: 464 MB, Compressed Oops mode: 32-bit
Narrow klass base: 0x0000000800000000, Narrow klass shift: 3
Compressed class space size: 1073741824 Address: 0x0000000840000000

Heap:
 garbage-first heap   total 163840K, used 33591K [0x00000000e3000000, 0x0000000100000000)
  region size 1024K, 1 young (1024K), 1 survivors (1024K)
 Metaspace       used 26868K, capacity 27586K, committed 27824K, reserved 1073152K
  class space    used 2989K, capacity 3248K, committed 3328K, reserved 1048576K
Heap Regions: E=young(eden), S=young(survivor), O=old, HS=humongous(starts), HC=humongous(continues), CS=collection set, F=free, A=archive, TAMS=top-at-mark-start (previous, next)
|   0|0x00000000e3000000, 0x00000000e3100000, 0x00000000e3100000|100%| O|  |TAMS 0x00000000e3100000, 0x00000000e3000000| Untracked 
|   1|0x00000000e3100000, 0x00000000e3200000, 0x00000000e3200000|100%| O|  |TAMS 0x00000000e3200000, 0x00000000e3100000| Untracked 
|   2|0x00000000e3200000, 0x00000000e3300000, 0x00000000e3300000|100%| O|  |TAMS 0x00000000e3300000, 0x00000000e3200000| Untracked 
|   3|0x00000000e3300000, 0x00000000e3400000, 0x00000000e3400000|100%| O|  |TAMS 0x00000000e3400000, 0x00000000e3300000| Untracked 
|   4|0x00000000e3400000, 0x00000000e3500000, 0x00000000e3500000|100%| O|  |TAMS 0x00000000e3500000, 0x00000000e3400000| Untracked 
|   5|0x00000000e3500000, 0x00000000e3600000, 0x00000000e3600000|100%| O|  |TAMS 0x00000000e3600000, 0x00000000e3500000| Untracked 
|   6|0x00000000e3600000, 0x00000000e3700000, 0x00000000e3700000|100%| O|  |TAMS 0x00000000e3700000, 0x00000000e3600000| Untracked 
|   7|0x00000000e3700000, 0x00000000e3800000, 0x00000000e3800000|100%| O|  |TAMS 0x00000000e3800000, 0x00000000e3700000| Untracked 
|   8|0x00000000e3800000, 0x00000000e3900000, 0x00000000e3900000|100%| O|  |TAMS 0x00000000e3900000, 0x00000000e3800000| Untracked 
|   9|0x00000000e3900000, 0x00000000e3a00000, 0x00000000e3a00000|100%| O|  |TAMS 0x00000000e3a00000, 0x00000000e3900000| Untracked 
|  10|0x00000000e3a00000, 0x00000000e3b00000, 0x00000000e3b00000|100%| O|  |TAMS 0x00000000e3b00000, 0x00000000e3a00000| Untracked 
|  11|0x00000000e3b00000, 0x00000000e3c00000, 0x00000000e3c00000|100%| O|  |TAMS 0x00000000e3c00000, 0x00000000e3b00000| Untracked 
|  12|0x00000000e3c00000, 0x00000000e3d00000, 0x00000000e3d00000|100%| O|  |TAMS 0x00000000e3d00000, 0x00000000e3c00000| Complete 
|  13|0x00000000e3d00000, 0x00000000e3e00000, 0x00000000e3e00000|100%| O|  |TAMS 0x00000000e3e00000, 0x00000000e3d00000| Complete 
|  14|0x00000000e3e00000, 0x00000000e3eb9000, 0x00000000e3f00000| 72%| O|  |TAMS 0x00000000e3e00000, 0x00000000e3e00000| Untracked 
|  15|0x00000000e3f00000, 0x00000000e3f00000, 0x00000000e4000000|  0%| F|  |TAMS 0x00000000e3f00000, 0x00000000e3f00000| Untracked 
|  16|0x00000000e4000000, 0x00000000e4100000, 0x00000000e4100000|100%| O|  |TAMS 0x00000000e4100000, 0x00000000e4000000| Complete 
|  17|0x00000000e4100000, 0x00000000e4200000, 0x00000000e4200000|100%| O|  |TAMS 0x00000000e4200000, 0x00000000e4100000| Untracked 
|  18|0x00000000e4200000, 0x00000000e4300000, 0x00000000e4300000|100%| O|  |TAMS 0x00000000e4300000, 0x00000000e4200000| Complete 
|  19|0x00000000e4300000, 0x00000000e4400000, 0x00000000e4400000|100%| O|  |TAMS 0x00000000e4400000, 0x00000000e4300000| Complete 
|  20|0x00000000e4400000, 0x00000000e4400000, 0x00000000e4500000|  0%| F|  |TAMS 0x00000000e4400000, 0x00000000e4400000| Untracked 
|  21|0x00000000e4500000, 0x00000000e4600000, 0x00000000e4600000|100%| O|  |TAMS 0x00000000e4600000, 0x00000000e4500000| Untracked 
|  22|0x00000000e4600000, 0x00000000e4700000, 0x00000000e4700000|100%| O|  |TAMS 0x00000000e4700000, 0x00000000e4600000| Untracked 
|  23|0x00000000e4700000, 0x00000000e4800000, 0x00000000e4800000|100%| O|  |TAMS 0x00000000e4800000, 0x00000000e4700000| Untracked 
|  24|0x00000000e4800000, 0x00000000e4800000, 0x00000000e4900000|  0%| F|  |TAMS 0x00000000e4800000, 0x00000000e4800000| Untracked 
|  25|0x00000000e4900000, 0x00000000e4a00000, 0x00000000e4a00000|100%| O|  |TAMS 0x00000000e4a00000, 0x00000000e4900000| Complete 
|  26|0x00000000e4a00000, 0x00000000e4b00000, 0x00000000e4b00000|100%| O|  |TAMS 0x00000000e4b00000, 0x00000000e4a00000| Untracked 
|  27|0x00000000e4b00000, 0x00000000e4c00000, 0x00000000e4c00000|100%| O|  |TAMS 0x00000000e4c00000, 0x00000000e4b00000| Untracked 
|  28|0x00000000e4c00000, 0x00000000e4d00000, 0x00000000e4d00000|100%| O|  |TAMS 0x00000000e4d00000, 0x00000000e4c00000| Complete 
|  29|0x00000000e4d00000, 0x00000000e4e00000, 0x00000000e4e00000|100%| O|  |TAMS 0x00000000e4e00000, 0x00000000e4d00000| Untracked 
|  30|0x00000000e4e00000, 0x00000000e4f00000, 0x00000000e4f00000|100%| O|  |TAMS 0x00000000e4f00000, 0x00000000e4e00000| Untracked 
|  31|0x00000000e4f00000, 0x00000000e5000000, 0x00000000e5000000|100%| O|  |TAMS 0x00000000e5000000, 0x00000000e4f00000| Complete 
|  32|0x00000000e5000000, 0x00000000e5100000, 0x00000000e5100000|100%| O|  |TAMS 0x00000000e5100000, 0x00000000e5000000| Complete 
|  33|0x00000000e5100000, 0x00000000e5100000, 0x00000000e5200000|  0%| F|  |TAMS 0x00000000e5100000, 0x00000000e5100000| Untracked 
|  34|0x00000000e5200000, 0x00000000e5200000, 0x00000000e5300000|  0%| F|  |TAMS 0x00000000e5200000, 0x00000000e5200000| Untracked 
|  35|0x00000000e5300000, 0x00000000e5400000, 0x00000000e5400000|100%| O|  |TAMS 0x00000000e5400000, 0x00000000e5300000| Complete 
|  36|0x00000000e5400000, 0x00000000e5400000, 0x00000000e5500000|  0%| F|  |TAMS 0x00000000e5400000, 0x00000000e5400000| Untracked 
|  37|0x00000000e5500000, 0x00000000e5600000, 0x00000000e5600000|100%| O|  |TAMS 0x00000000e55c5200, 0x00000000e5500000| Untracked 
|  38|0x00000000e5600000, 0x00000000e5600000, 0x00000000e5700000|  0%| F|  |TAMS 0x00000000e5600000, 0x00000000e5600000| Untracked 
|  39|0x00000000e5700000, 0x00000000e5700000, 0x00000000e5800000|  0%| F|  |TAMS 0x00000000e5700000, 0x00000000e5700000| Untracked 
|  40|0x00000000e5800000, 0x00000000e5800000, 0x00000000e5900000|  0%| F|  |TAMS 0x00000000e5800000, 0x00000000e5800000| Untracked 
|  41|0x00000000e5900000, 0x00000000e5900000, 0x00000000e5a00000|  0%| F|  |TAMS 0x00000000e5900000, 0x00000000e5900000| Untracked 
|  42|0x00000000e5a00000, 0x00000000e5a00000, 0x00000000e5b00000|  0%| F|  |TAMS 0x00000000e5a00000, 0x00000000e5a00000| Untracked 
|  43|0x00000000e5b00000, 0x00000000e5b00000, 0x00000000e5c00000|  0%| F|  |TAMS 0x00000000e5b00000, 0x00000000e5b00000| Untracked 
|  44|0x00000000e5c00000, 0x00000000e5c00000, 0x00000000e5d00000|  0%| F|  |TAMS 0x00000000e5c00000, 0x00000000e5c00000| Untracked 
|  45|0x00000000e5d00000, 0x00000000e5d00000, 0x00000000e5e00000|  0%| F|  |TAMS 0x00000000e5d00000, 0x00000000e5d00000| Untracked 
|  46|0x00000000e5e00000, 0x00000000e5e00000, 0x00000000e5f00000|  0%| F|  |TAMS 0x00000000e5e00000, 0x00000000e5e00000| Untracked 
|  47|0x00000000e5f00000, 0x00000000e5f00000, 0x00000000e6000000|  0%| F|  |TAMS 0x00000000e5f00000, 0x00000000e5f00000| Untracked 
|  48|0x00000000e6000000, 0x00000000e6000000, 0x00000000e6100000|  0%| F|  |TAMS 0x00000000e6000000, 0x00000000e6000000| Untracked 
|  49|0x00000000e6100000, 0x00000000e6100000, 0x00000000e6200000|  0%| F|  |TAMS 0x00000000e6100000, 0x00000000e6100000| Untracked 
|  50|0x00000000e6200000, 0x00000000e6200000, 0x00000000e6300000|  0%| F|  |TAMS 0x00000000e6200000, 0x00000000e6200000| Untracked 
|  51|0x00000000e6300000, 0x00000000e6300000, 0x00000000e6400000|  0%| F|  |TAMS 0x00000000e6300000, 0x00000000e6300000| Untracked 
|  52|0x00000000e6400000, 0x00000000e6400000, 0x00000000e6500000|  0%| F|  |TAMS 0x00000000e6400000, 0x00000000e6400000| Untracked 
|  53|0x00000000e6500000, 0x00000000e6500000, 0x00000000e6600000|  0%| F|  |TAMS 0x00000000e6500000, 0x00000000e6500000| Untracked 
|  54|0x00000000e6600000, 0x00000000e6600000, 0x00000000e6700000|  0%| F|  |TAMS 0x00000000e6600000, 0x00000000e6600000| Untracked 
|  55|0x00000000e6700000, 0x00000000e6700000, 0x00000000e6800000|  0%| F|  |TAMS 0x00000000e6700000, 0x00000000e6700000| Untracked 
|  56|0x00000000e6800000, 0x00000000e6800000, 0x00000000e6900000|  0%| F|  |TAMS 0x00000000e6800000, 0x00000000e6800000| Untracked 
|  57|0x00000000e6900000, 0x00000000e6900000, 0x00000000e6a00000|  0%| F|  |TAMS 0x00000000e6900000, 0x00000000e6900000| Untracked 
|  58|0x00000000e6a00000, 0x00000000e6a00000, 0x00000000e6b00000|  0%| F|  |TAMS 0x00000000e6a00000, 0x00000000e6a00000| Untracked 
|  59|0x00000000e6b00000, 0x00000000e6b00000, 0x00000000e6c00000|  0%| F|  |TAMS 0x00000000e6b00000, 0x00000000e6b00000| Untracked 
|  60|0x00000000e6c00000, 0x00000000e6c00000, 0x00000000e6d00000|  0%| F|  |TAMS 0x00000000e6c00000, 0x00000000e6c00000| Untracked 
|  61|0x00000000e6d00000, 0x00000000e6d00000, 0x00000000e6e00000|  0%| F|  |TAMS 0x00000000e6d00000, 0x00000000e6d00000| Untracked 
|  62|0x00000000e6e00000, 0x00000000e6e00000, 0x00000000e6f00000|  0%| F|  |TAMS 0x00000000e6e00000, 0x00000000e6e00000| Untracked 
|  63|0x00000000e6f00000, 0x00000000e6f00000, 0x00000000e7000000|  0%| F|  |TAMS 0x00000000e6f00000, 0x00000000e6f00000| Untracked 
|  64|0x00000000e7000000, 0x00000000e7000000, 0x00000000e7100000|  0%| F|  |TAMS 0x00000000e7000000, 0x00000000e7000000| Untracked 
|  65|0x00000000e7100000, 0x00000000e7100000, 0x00000000e7200000|  0%| F|  |TAMS 0x00000000e7100000, 0x00000000e7100000| Untracked 
|  66|0x00000000e7200000, 0x00000000e7200000, 0x00000000e7300000|  0%| F|  |TAMS 0x00000000e7200000, 0x00000000e7200000| Untracked 
|  67|0x00000000e7300000, 0x00000000e7300000, 0x00000000e7400000|  0%| F|  |TAMS 0x00000000e7300000, 0x00000000e7300000| Untracked 
|  68|0x00000000e7400000, 0x00000000e7400000, 0x00000000e7500000|  0%| F|  |TAMS 0x00000000e7400000, 0x00000000e7400000| Untracked 
|  69|0x00000000e7500000, 0x00000000e7500000, 0x00000000e7600000|  0%| F|  |TAMS 0x00000000e7500000, 0x00000000e7500000| Untracked 
|  70|0x00000000e7600000, 0x00000000e7600000, 0x00000000e7700000|  0%| F|  |TAMS 0x00000000e7600000, 0x00000000e7600000| Untracked 
|  71|0x00000000e7700000, 0x00000000e7700000, 0x00000000e7800000|  0%| F|  |TAMS 0x00000000e7700000, 0x00000000e7700000| Untracked 
|  72|0x00000000e7800000, 0x00000000e7800000, 0x00000000e7900000|  0%| F|  |TAMS 0x00000000e7800000, 0x00000000e7800000| Untracked 
|  73|0x00000000e7900000, 0x00000000e7900000, 0x00000000e7a00000|  0%| F|  |TAMS 0x00000000e7900000, 0x00000000e7900000| Untracked 
|  74|0x00000000e7a00000, 0x00000000e7a76cd0, 0x00000000e7b00000| 46%| S|CS|TAMS 0x00000000e7a00000, 0x00000000e7a00000| Complete 
|  75|0x00000000e7b00000, 0x00000000e7b00000, 0x00000000e7c00000|  0%| F|  |TAMS 0x00000000e7b00000, 0x00000000e7b00000| Untracked 
|  76|0x00000000e7c00000, 0x00000000e7c00000, 0x00000000e7d00000|  0%| F|  |TAMS 0x00000000e7c00000, 0x00000000e7c00000| Untracked 
| 462|0x00000000ffe00000, 0x00000000ffe34000, 0x00000000fff00000| 20%|OA|  |TAMS 0x00000000ffe34000, 0x00000000ffe00000| Untracked 
| 463|0x00000000fff00000, 0x00000000fff6a000, 0x0000000100000000| 41%|CA|  |TAMS 0x00000000fff6a000, 0x00000000fff00000| Untracked 

Card table byte_map: [0x00007fa9a206d000,0x00007fa9a2155000] _byte_map_base: 0x00007fa9a1955000

Marking Bits (Prev, Next): (CMBitMap*) 0x00007fa99c034ac0, (CMBitMap*) 0x00007fa99c034a88
 Prev Bits: [0x00007fa9a1105000, 0x00007fa9a1845000)
 Next Bits: [0x00007fa9a1845000, 0x00007fa9a1f85000)

Polling page: 0x00007fa9a6564000

Metaspace:

Usage:
  Non-class:     23,77 MB capacity,    23,32 MB ( 98%) used,   405,53 KB (  2%) free+waste,    53,56 KB ( <1%) overhead. 
      Class:      3,17 MB capacity,     2,92 MB ( 92%) used,   235,26 KB (  7%) free+waste,    23,31 KB ( <1%) overhead. 
       Both:     26,94 MB capacity,    26,24 MB ( 97%) used,   640,79 KB (  2%) free+waste,    76,88 KB ( <1%) overhead. 

Virtual space:
  Non-class space:       24,00 MB reserved,      23,92 MB (>99%) committed 
      Class space:        1,00 GB reserved,       3,25 MB ( <1%) committed 
             Both:        1,02 GB reserved,      27,17 MB (  3%) committed 

Chunk freelists:
   Non-Class:  26,00 KB
       Class:  16,00 KB
        Both:  42,00 KB

CodeHeap 'non-profiled nmethods': size=120036Kb used=2005Kb max_used=2005Kb free=118031Kb
 bounds [0x00007fa98c41d000, 0x00007fa98c68d000, 0x00007fa993956000]
CodeHeap 'profiled nmethods': size=120032Kb used=13056Kb max_used=13056Kb free=106975Kb
 bounds [0x00007fa984ee5000, 0x00007fa985bb5000, 0x00007fa98c41d000]
CodeHeap 'non-nmethods': size=5692Kb used=1122Kb max_used=1164Kb free=4569Kb
 bounds [0x00007fa984956000, 0x00007fa984bc6000, 0x00007fa984ee5000]
 total_blobs=7196 nmethods=5992 adapters=367
 compilation: enabled
              stopped_count=0, restarted_count=0
 full_count=0

Compilation events (10 events):
Event: 102,399 Thread 0x00007fa99c093800 6247       2       org.eclipse.aether.util.graph.transformer.ConflictResolver$State::scopes (51 bytes)
Event: 102,400 Thread 0x00007fa99c093800 nmethod 6247 0x00007fa985ba3610 code [0x00007fa985ba37e0, 0x00007fa985ba3b48]
Event: 102,400 Thread 0x00007fa99c093800 6243       2       org.eclipse.aether.util.graph.transformer.NearestVersionSelector::isAcceptable (48 bytes)
Event: 102,433 Thread 0x00007fa99c093800 nmethod 6243 0x00007fa985ba3d10 code [0x00007fa985ba3f20, 0x00007fa985ba42a8]
Event: 102,433 Thread 0x00007fa99c093800 6244       2       org.eclipse.aether.util.graph.transformer.JavaScopeDeriver::deriveScope (17 bytes)
Event: 102,434 Thread 0x00007fa99c093800 nmethod 6244 0x00007fa985ba4490 code [0x00007fa985ba4660, 0x00007fa985ba4868]
Event: 102,434 Thread 0x00007fa99c093800 6245       2       org.eclipse.aether.util.graph.transformer.JavaScopeDeriver::getDerivedScope (100 bytes)
Event: 102,462 Thread 0x00007fa99c093800 nmethod 6245 0x00007fa985ba4990 code [0x00007fa985ba4ba0, 0x00007fa985ba4ee8]
Event: 102,462 Thread 0x00007fa99c093800 6242       2       org.eclipse.aether.util.graph.transformer.ConflictResolver$ConflictItem::getDependency (10 bytes)
Event: 102,462 Thread 0x00007fa99c093800 nmethod 6242 0x00007fa985ba5090 code [0x00007fa985ba5240, 0x00007fa985ba53f0]

GC Heap History (10 events):
Event: 81,234 GC heap after
{Heap after GC invocations=36 (full 0):
 garbage-first heap   total 80896K, used 39408K [0x00000000e3000000, 0x0000000100000000)
  region size 1024K, 3 young (3072K), 3 survivors (3072K)
 Metaspace       used 26389K, capacity 27085K, committed 27312K, reserved 1073152K
  class space    used 2955K, capacity 3209K, committed 3328K, reserved 1048576K
}
Event: 90,330 GC heap before
{Heap before GC invocations=36 (full 0):
 garbage-first heap   total 80896K, used 40432K [0x00000000e3000000, 0x0000000100000000)
  region size 1024K, 4 young (4096K), 3 survivors (3072K)
 Metaspace       used 26473K, capacity 27249K, committed 27568K, reserved 1073152K
  class space    used 2961K, capacity 3241K, committed 3328K, reserved 1048576K
}
Event: 90,548 GC heap after
{Heap after GC invocations=37 (full 0):
 garbage-first heap   total 80896K, used 39680K [0x00000000e3000000, 0x0000000100000000)
  region size 1024K, 1 young (1024K), 1 survivors (1024K)
 Metaspace       used 26473K, capacity 27249K, committed 27568K, reserved 1073152K
  class space    used 2961K, capacity 3241K, committed 3328K, reserved 1048576K
}
Event: 92,792 GC heap before
{Heap before GC invocations=38 (full 0):
 garbage-first heap   total 80896K, used 39680K [0x00000000e3000000, 0x0000000100000000)
  region size 1024K, 3 young (3072K), 1 survivors (1024K)
 Metaspace       used 26602K, capacity 27316K, committed 27568K, reserved 1073152K
  class space    used 2977K, capacity 3242K, committed 3328K, reserved 1048576K
}
Event: 92,817 GC heap after
{Heap after GC invocations=39 (full 0):
 garbage-first heap   total 80896K, used 37583K [0x00000000e3000000, 0x0000000100000000)
  region size 1024K, 1 young (1024K), 1 survivors (1024K)
 Metaspace       used 26602K, capacity 27316K, committed 27568K, reserved 1073152K
  class space    used 2977K, capacity 3242K, committed 3328K, reserved 1048576K
}
Event: 96,790 GC heap before
{Heap before GC invocations=39 (full 0):
 garbage-first heap   total 80896K, used 39631K [0x00000000e3000000, 0x0000000100000000)
  region size 1024K, 3 young (3072K), 1 survivors (1024K)
 Metaspace       used 26840K, capacity 27576K, committed 27824K, reserved 1073152K
  class space    used 2988K, capacity 3246K, committed 3328K, reserved 1048576K
}
Event: 97,206 GC heap after
{Heap after GC invocations=40 (full 0):
 garbage-first heap   total 80896K, used 35885K [0x00000000e3000000, 0x0000000100000000)
  region size 1024K, 1 young (1024K), 1 survivors (1024K)
 Metaspace       used 26840K, capacity 27576K, committed 27824K, reserved 1073152K
  class space    used 2988K, capacity 3246K, committed 3328K, reserved 1048576K
}
Event: 97,942 GC heap before
{Heap before GC invocations=40 (full 0):
 garbage-first heap   total 80896K, used 37933K [0x00000000e3000000, 0x0000000100000000)
  region size 1024K, 3 young (3072K), 1 survivors (1024K)
 Metaspace       used 26854K, capacity 27576K, committed 27824K, reserved 1073152K
  class space    used 2988K, capacity 3246K, committed 3328K, reserved 1048576K
}
Event: 98,402 GC heap after
{Heap after GC invocations=41 (full 0):
 garbage-first heap   total 80896K, used 34307K [0x00000000e3000000, 0x0000000100000000)
  region size 1024K, 1 young (1024K), 1 survivors (1024K)
 Metaspace       used 26854K, capacity 27576K, committed 27824K, reserved 1073152K
  class space    used 2988K, capacity 3246K, committed 3328K, reserved 1048576K
}
Event: 102,593 GC heap before
{Heap before GC invocations=41 (full 0):
 garbage-first heap   total 80896K, used 36355K [0x00000000e3000000, 0x0000000100000000)
  region size 1024K, 3 young (3072K), 1 survivors (1024K)
 Metaspace       used 26868K, capacity 27586K, committed 27824K, reserved 1073152K
  class space    used 2989K, capacity 3248K, committed 3328K, reserved 1048576K
}

Deoptimization events (10 events):
Event: 78,685 Thread 0x00007fa99c012000 DEOPT PACKING pc=0x00007fa98c52ec08 sp=0x00007fa9a6548a60
Event: 78,685 Thread 0x00007fa99c012000 DEOPT UNPACKING pc=0x00007fa98497de1f sp=0x00007fa9a65489f0 mode 2
Event: 78,688 Thread 0x00007fa99c012000 Uncommon trap: trap_request=0xffffffbe fr.pc=0x00007fa98c52ec08 relative=0x0000000000000428
Event: 78,688 Thread 0x00007fa99c012000 Uncommon trap: reason=profile_predicate action=maybe_recompile pc=0x00007fa98c52ec08 method=sun.nio.cs.ISO_8859_1$Decoder.decodeArrayLoop(Ljava/nio/ByteBuffer;Ljava/nio/CharBuffer;)Ljava/nio/charset/CoderResult; @ 133 c2
Event: 78,688 Thread 0x00007fa99c012000 DEOPT PACKING pc=0x00007fa98c52ec08 sp=0x00007fa9a6548a50
Event: 78,688 Thread 0x00007fa99c012000 DEOPT UNPACKING pc=0x00007fa98497de1f sp=0x00007fa9a65489e0 mode 2
Event: 79,332 Thread 0x00007fa99c012000 DEOPT PACKING pc=0x00007fa984f3fa30 sp=0x00007fa9a6549d40
Event: 79,332 Thread 0x00007fa99c012000 DEOPT UNPACKING pc=0x00007fa98497dc2b sp=0x00007fa9a6549278 mode 0
Event: 90,047 Thread 0x00007fa99c012000 DEOPT PACKING pc=0x00007fa984f3fa30 sp=0x00007fa9a6549500
Event: 90,047 Thread 0x00007fa99c012000 DEOPT UNPACKING pc=0x00007fa98497dc2b sp=0x00007fa9a6548a38 mode 0

Classes redefined (0 events):
No events

Internal exceptions (10 events):
Event: 45,536 Thread 0x00007fa99c012000 Exception <a 'java/lang/NoSuchMethodError'{0x00000000e4c30000}: 'int java.lang.invoke.DirectMethodHandle$Holder.invokeStaticInit(java.lang.Object, java.lang.Object)'> (0x00000000e4c30000) thrown at [/build/openjdk-lts-7bqZff/openjdk-lts-11.0.4+11/src/hots
Event: 46,560 Thread 0x00007fa99c012000 Exception <a 'java/lang/NoSuchMethodError'{0x00000000e5cc3450}: 'int java.lang.invoke.DirectMethodHandle$Holder.invokeVirtual(java.lang.Object, java.lang.Object)'> (0x00000000e5cc3450) thrown at [/build/openjdk-lts-7bqZff/openjdk-lts-11.0.4+11/src/hotspot
Event: 46,598 Thread 0x00007fa99c012000 Exception <a 'java/lang/NoSuchMethodError'{0x00000000e5cf20d8}: 'java.lang.Object java.lang.invoke.Invokers$Holder.linkToTargetMethod(java.lang.Object, java.lang.Object, java.lang.Object, java.lang.Object, java.lang.Object, java.lang.Object)'> (0x00000000
Event: 53,612 Thread 0x00007fa99c012000 Exception <a 'java/lang/NoSuchMethodError'{0x00000000e5e48af0}: 'int java.lang.invoke.DirectMethodHandle$Holder.invokeSpecial(java.lang.Object, java.lang.Object, java.lang.Object, java.lang.Object, java.lang.Object)'> (0x00000000e5e48af0) thrown at [/buil
Event: 64,985 Thread 0x00007fa99c012000 Exception <a 'java/lang/NoSuchMethodError'{0x00000000e65b4200}: 'void java.lang.invoke.DirectMethodHandle$Holder.invokeVirtual(java.lang.Object, java.lang.Object)'> (0x00000000e65b4200) thrown at [/build/openjdk-lts-7bqZff/openjdk-lts-11.0.4+11/src/hotspo
Event: 65,133 Thread 0x00007fa99c012000 Exception <a 'java/lang/NoSuchMethodError'{0x00000000e65c5ce8}: 'java.lang.Object java.lang.invoke.DirectMethodHandle$Holder.invokeVirtual(java.lang.Object, java.lang.Object, java.lang.Object)'> (0x00000000e65c5ce8) thrown at [/build/openjdk-lts-7bqZff/op
Event: 66,004 Thread 0x00007fa99c012000 Exception <a 'java/lang/NoSuchMethodError'{0x00000000e649cfa0}: 'int java.lang.invoke.DirectMethodHandle$Holder.invokeSpecial(java.lang.Object, java.lang.Object, java.lang.Object, java.lang.Object)'> (0x00000000e649cfa0) thrown at [/build/openjdk-lts-7bqZ
Event: 74,087 Thread 0x00007fa99c012000 Exception <a 'java/lang/NoSuchMethodError'{0x00000000e78c6490}: 'java.lang.Object java.lang.invoke.DirectMethodHandle$Holder.invokeStatic(java.lang.Object, java.lang.Object, java.lang.Object, int)'> (0x00000000e78c6490) thrown at [/build/openjdk-lts-7bqZf
Event: 74,106 Thread 0x00007fa99c012000 Exception <a 'java/lang/NoSuchMethodError'{0x00000000e78ca800}: 'java.lang.Object java.lang.invoke.DirectMethodHandle$Holder.invokeSpecial(java.lang.Object, java.lang.Object, java.lang.Object, java.lang.Object, int)'> (0x00000000e78ca800) thrown at [/buil
Event: 74,122 Thread 0x00007fa99c012000 Exception <a 'java/lang/NoSuchMethodError'{0x00000000e78ce490}: 'java.lang.Object java.lang.invoke.Invokers$Holder.linkToTargetMethod(java.lang.Object, java.lang.Object, int, java.lang.Object)'> (0x00000000e78ce490) thrown at [/build/openjdk-lts-7bqZff/op

Events (10 events):
Event: 102,585 loading class org/apache/maven/plugin/Mojo done
Event: 102,586 loading class org/apache/maven/plugin/war/WarMojo
Event: 102,586 loading class org/apache/maven/plugin/war/WarMojo done
Event: 102,586 loading class org/apache/maven/plugin/war/WarMojo
Event: 102,586 loading class org/apache/maven/plugin/war/WarMojo done
Event: 102,586 loading class org/apache/maven/plugin/war/WarMojo
Event: 102,586 loading class org/apache/maven/plugin/war/WarMojo done
Event: 102,586 loading class org/apache/maven/plugin/war/WarMojo
Event: 102,586 loading class org/apache/maven/plugin/war/WarMojo done
Event: 102,592 Executing VM operation: G1CollectForAllocation


Dynamic libraries:
e3000000-e7d00000 rw-p 00000000 00:00 0 
ece00000-ffe00000 ---p 00000000 00:00 0 
ffe00000-ffe34000 rw-p 01116000 b3:06 1437553                            /usr/lib/jvm/java-11-openjdk-amd64/lib/server/classes.jsa
ffe34000-fff00000 rw-p 00000000 00:00 0 
fff00000-fff6a000 rw-p 010ac000 b3:06 1437553                            /usr/lib/jvm/java-11-openjdk-amd64/lib/server/classes.jsa
fff6a000-100000000 rw-p 00000000 00:00 0 
800000000-800002000 rwxp 00001000 b3:06 1437553                          /usr/lib/jvm/java-11-openjdk-amd64/lib/server/classes.jsa
800002000-8003bd000 rw-p 00003000 b3:06 1437553                          /usr/lib/jvm/java-11-openjdk-amd64/lib/server/classes.jsa
8003bd000-800a98000 r--p 003be000 b3:06 1437553                          /usr/lib/jvm/java-11-openjdk-amd64/lib/server/classes.jsa
800a98000-800a99000 rw-p 00a99000 b3:06 1437553                          /usr/lib/jvm/java-11-openjdk-amd64/lib/server/classes.jsa
800a99000-8010ab000 r--p 00a9a000 b3:06 1437553                          /usr/lib/jvm/java-11-openjdk-amd64/lib/server/classes.jsa
840000000-840340000 rw-p 00000000 00:00 0 
840340000-880000000 ---p 00000000 00:00 0 
55737d1c3000-55737d1c4000 r-xp 00000000 b3:06 1441529                    /usr/lib/jvm/java-11-openjdk-amd64/bin/java
55737d3c4000-55737d3c5000 r--p 00001000 b3:06 1441529                    /usr/lib/jvm/java-11-openjdk-amd64/bin/java
55737d3c5000-55737d3c6000 rw-p 00002000 b3:06 1441529                    /usr/lib/jvm/java-11-openjdk-amd64/bin/java
55737e595000-55737e5b6000 rw-p 00000000 00:00 0                          [heap]
7fa948000000-7fa948021000 rw-p 00000000 00:00 0 
7fa948021000-7fa94c000000 ---p 00000000 00:00 0 
7fa94c000000-7fa94c024000 rw-p 00000000 00:00 0 
7fa94c024000-7fa950000000 ---p 00000000 00:00 0 
7fa950000000-7fa950aff000 rw-p 00000000 00:00 0 
7fa950aff000-7fa954000000 ---p 00000000 00:00 0 
7fa954000000-7fa954021000 rw-p 00000000 00:00 0 
7fa954021000-7fa958000000 ---p 00000000 00:00 0 
7fa958000000-7fa958021000 rw-p 00000000 00:00 0 
7fa958021000-7fa95c000000 ---p 00000000 00:00 0 
7fa95c000000-7fa95d84b000 rw-p 00000000 00:00 0 
7fa95d84b000-7fa960000000 ---p 00000000 00:00 0 
7fa960000000-7fa960021000 rw-p 00000000 00:00 0 
7fa960021000-7fa964000000 ---p 00000000 00:00 0 
7fa964000000-7fa964021000 rw-p 00000000 00:00 0 
7fa964021000-7fa968000000 ---p 00000000 00:00 0 
7fa968000000-7fa968021000 rw-p 00000000 00:00 0 
7fa968021000-7fa96c000000 ---p 00000000 00:00 0 
7fa96c000000-7fa96c14a000 rw-p 00000000 00:00 0 
7fa96c14a000-7fa970000000 ---p 00000000 00:00 0 
7fa970000000-7fa970021000 rw-p 00000000 00:00 0 
7fa970021000-7fa974000000 ---p 00000000 00:00 0 
7fa9747d1000-7fa9749d1000 rw-p 00000000 00:00 0 
7fa9749d1000-7fa974bd1000 rw-p 00000000 00:00 0 
7fa974bd1000-7fa974dbd000 rw-p 00000000 00:00 0 
7fa974dbd000-7fa974dd1000 ---p 00000000 00:00 0 
7fa974dd1000-7fa974fd1000 rw-p 00000000 00:00 0 
7fa974fd1000-7fa9751d1000 rw-p 00000000 00:00 0 
7fa9751d1000-7fa9753d1000 rw-p 00000000 00:00 0 
7fa9753d1000-7fa9755d1000 rw-p 00000000 00:00 0 
7fa9755d1000-7fa9757d1000 rw-p 00000000 00:00 0 
7fa9757d1000-7fa9757d2000 ---p 00000000 00:00 0 
7fa9757d2000-7fa9758d3000 rw-p 00000000 00:00 0 
7fa9758d3000-7fa9758d4000 ---p 00000000 00:00 0 
7fa9758d4000-7fa9759d5000 rw-p 00000000 00:00 0 
7fa9759d5000-7fa9759eb000 r-xp 00000000 b3:06 1441803                    /usr/lib/jvm/java-11-openjdk-amd64/lib/libnet.so
7fa9759eb000-7fa975bea000 ---p 00016000 b3:06 1441803                    /usr/lib/jvm/java-11-openjdk-amd64/lib/libnet.so
7fa975bea000-7fa975beb000 r--p 00015000 b3:06 1441803                    /usr/lib/jvm/java-11-openjdk-amd64/lib/libnet.so
7fa975beb000-7fa975bec000 rw-p 00016000 b3:06 1441803                    /usr/lib/jvm/java-11-openjdk-amd64/lib/libnet.so
7fa975bec000-7fa975bfc000 r-xp 00000000 b3:06 1441805                    /usr/lib/jvm/java-11-openjdk-amd64/lib/libnio.so
7fa975bfc000-7fa975dfb000 ---p 00010000 b3:06 1441805                    /usr/lib/jvm/java-11-openjdk-amd64/lib/libnio.so
7fa975dfb000-7fa975dfc000 r--p 0000f000 b3:06 1441805                    /usr/lib/jvm/java-11-openjdk-amd64/lib/libnio.so
7fa975dfc000-7fa975dfd000 rw-p 00010000 b3:06 1441805                    /usr/lib/jvm/java-11-openjdk-amd64/lib/libnio.so
7fa975dfd000-7fa975e01000 ---p 00000000 00:00 0 
7fa975e01000-7fa975efe000 rw-p 00000000 00:00 0 
7fa975efe000-7fa975eff000 ---p 00000000 00:00 0 
7fa975eff000-7fa978000000 rw-p 00000000 00:00 0 
7fa978000000-7fa978021000 rw-p 00000000 00:00 0 
7fa978021000-7fa97c000000 ---p 00000000 00:00 0 
7fa97c000000-7fa97c030000 rw-p 00000000 00:00 0 
7fa97c030000-7fa980000000 ---p 00000000 00:00 0 
7fa980000000-7fa980022000 rw-p 00000000 00:00 0 
7fa980022000-7fa984000000 ---p 00000000 00:00 0 
7fa984071000-7fa984075000 ---p 00000000 00:00 0 
7fa984075000-7fa984172000 rw-p 00000000 00:00 0 
7fa984172000-7fa984176000 ---p 00000000 00:00 0 
7fa984176000-7fa984273000 rw-p 00000000 00:00 0 
7fa984273000-7fa984277000 ---p 00000000 00:00 0 
7fa984277000-7fa984374000 rw-p 00000000 00:00 0 
7fa984374000-7fa984378000 ---p 00000000 00:00 0 
7fa984378000-7fa984475000 rw-p 00000000 00:00 0 
7fa984475000-7fa984479000 ---p 00000000 00:00 0 
7fa984479000-7fa984576000 rw-p 00000000 00:00 0 
7fa984576000-7fa984855000 r--p 00000000 b3:06 1443645                    /usr/lib/locale/locale-archive
7fa984855000-7fa984859000 ---p 00000000 00:00 0 
7fa984859000-7fa984956000 rw-p 00000000 00:00 0 
7fa984956000-7fa984bc6000 rwxp 00000000 00:00 0 
7fa984bc6000-7fa984ee5000 ---p 00000000 00:00 0 
7fa984ee5000-7fa985bb5000 rwxp 00000000 00:00 0 
7fa985bb5000-7fa98c41d000 ---p 00000000 00:00 0 
7fa98c41d000-7fa98c68d000 rwxp 00000000 00:00 0 
7fa98c68d000-7fa993956000 ---p 00000000 00:00 0 
7fa993956000-7fa99c000000 r--s 00000000 b3:06 1441815                    /usr/lib/jvm/java-11-openjdk-amd64/lib/modules
7fa99c000000-7fa99d5bd000 rw-p 00000000 00:00 0 
7fa99d5bd000-7fa9a0000000 ---p 00000000 00:00 0 
7fa9a0046000-7fa9a0077000 rw-p 00000000 00:00 0 
7fa9a0077000-7fa9a007b000 ---p 00000000 00:00 0 
7fa9a007b000-7fa9a0178000 rw-p 00000000 00:00 0 
7fa9a0178000-7fa9a0179000 ---p 00000000 00:00 0 
7fa9a0179000-7fa9a0afb000 rw-p 00000000 00:00 0 
7fa9a0afb000-7fa9a0afc000 ---p 00000000 00:00 0 
7fa9a0afc000-7fa9a0bfd000 rw-p 00000000 00:00 0 
7fa9a0bfd000-7fa9a0bfe000 ---p 00000000 00:00 0 
7fa9a0bfe000-7fa9a0f01000 rw-p 00000000 00:00 0 
7fa9a0f01000-7fa9a0f02000 ---p 00000000 00:00 0 
7fa9a0f02000-7fa9a1003000 rw-p 00000000 00:00 0 
7fa9a1003000-7fa9a1004000 ---p 00000000 00:00 0 
7fa9a1004000-7fa9a1239000 rw-p 00000000 00:00 0 
7fa9a1239000-7fa9a183d000 ---p 00000000 00:00 0 
7fa9a183d000-7fa9a1979000 rw-p 00000000 00:00 0 
7fa9a1979000-7fa9a1f7d000 ---p 00000000 00:00 0 
7fa9a1f7d000-7fa9a1fac000 rw-p 00000000 00:00 0 
7fa9a1fac000-7fa9a206c000 ---p 00000000 00:00 0 
7fa9a206c000-7fa9a2094000 rw-p 00000000 00:00 0 
7fa9a2094000-7fa9a2154000 ---p 00000000 00:00 0 
7fa9a2154000-7fa9a217c000 rw-p 00000000 00:00 0 
7fa9a217c000-7fa9a223c000 ---p 00000000 00:00 0 
7fa9a223c000-7fa9a243f000 rw-p 00000000 00:00 0 
7fa9a243f000-7fa9a2440000 ---p 00000000 00:00 0 
7fa9a2440000-7fa9a2546000 rw-p 00000000 00:00 0 
7fa9a2546000-7fa9a262c000 ---p 00000000 00:00 0 
7fa9a262c000-7fa9a2646000 rw-p 00000000 00:00 0 
7fa9a2646000-7fa9a2717000 ---p 00000000 00:00 0 
7fa9a2717000-7fa9a271c000 r-xp 00000000 b3:06 1441785                    /usr/lib/jvm/java-11-openjdk-amd64/lib/libjimage.so
7fa9a271c000-7fa9a291b000 ---p 00005000 b3:06 1441785                    /usr/lib/jvm/java-11-openjdk-amd64/lib/libjimage.so
7fa9a291b000-7fa9a291c000 r--p 00004000 b3:06 1441785                    /usr/lib/jvm/java-11-openjdk-amd64/lib/libjimage.so
7fa9a291c000-7fa9a291d000 rw-p 00005000 b3:06 1441785                    /usr/lib/jvm/java-11-openjdk-amd64/lib/libjimage.so
7fa9a291d000-7fa9a2924000 r-xp 00000000 b3:06 1441814                    /usr/lib/jvm/java-11-openjdk-amd64/lib/libzip.so
7fa9a2924000-7fa9a2b23000 ---p 00007000 b3:06 1441814                    /usr/lib/jvm/java-11-openjdk-amd64/lib/libzip.so
7fa9a2b23000-7fa9a2b24000 r--p 00006000 b3:06 1441814                    /usr/lib/jvm/java-11-openjdk-amd64/lib/libzip.so
7fa9a2b24000-7fa9a2b25000 rw-p 00007000 b3:06 1441814                    /usr/lib/jvm/java-11-openjdk-amd64/lib/libzip.so
7fa9a2b25000-7fa9a2b30000 r-xp 00000000 b3:06 1050651                    /lib/x86_64-linux-gnu/libnss_files-2.27.so
7fa9a2b30000-7fa9a2d2f000 ---p 0000b000 b3:06 1050651                    /lib/x86_64-linux-gnu/libnss_files-2.27.so
7fa9a2d2f000-7fa9a2d30000 r--p 0000a000 b3:06 1050651                    /lib/x86_64-linux-gnu/libnss_files-2.27.so
7fa9a2d30000-7fa9a2d31000 rw-p 0000b000 b3:06 1050651                    /lib/x86_64-linux-gnu/libnss_files-2.27.so
7fa9a2d31000-7fa9a2d37000 rw-p 00000000 00:00 0 
7fa9a2d37000-7fa9a2d4e000 r-xp 00000000 b3:06 1050645                    /lib/x86_64-linux-gnu/libnsl-2.27.so
7fa9a2d4e000-7fa9a2f4d000 ---p 00017000 b3:06 1050645                    /lib/x86_64-linux-gnu/libnsl-2.27.so
7fa9a2f4d000-7fa9a2f4e000 r--p 00016000 b3:06 1050645                    /lib/x86_64-linux-gnu/libnsl-2.27.so
7fa9a2f4e000-7fa9a2f4f000 rw-p 00017000 b3:06 1050645                    /lib/x86_64-linux-gnu/libnsl-2.27.so
7fa9a2f4f000-7fa9a2f51000 rw-p 00000000 00:00 0 
7fa9a2f51000-7fa9a2f5c000 r-xp 00000000 b3:06 1050662                    /lib/x86_64-linux-gnu/libnss_nis-2.27.so
7fa9a2f5c000-7fa9a315b000 ---p 0000b000 b3:06 1050662                    /lib/x86_64-linux-gnu/libnss_nis-2.27.so
7fa9a315b000-7fa9a315c000 r--p 0000a000 b3:06 1050662                    /lib/x86_64-linux-gnu/libnss_nis-2.27.so
7fa9a315c000-7fa9a315d000 rw-p 0000b000 b3:06 1050662                    /lib/x86_64-linux-gnu/libnss_nis-2.27.so
7fa9a315d000-7fa9a3165000 r-xp 00000000 b3:06 1050647                    /lib/x86_64-linux-gnu/libnss_compat-2.27.so
7fa9a3165000-7fa9a3365000 ---p 00008000 b3:06 1050647                    /lib/x86_64-linux-gnu/libnss_compat-2.27.so
7fa9a3365000-7fa9a3366000 r--p 00008000 b3:06 1050647                    /lib/x86_64-linux-gnu/libnss_compat-2.27.so
7fa9a3366000-7fa9a3367000 rw-p 00009000 b3:06 1050647                    /lib/x86_64-linux-gnu/libnss_compat-2.27.so
7fa9a3367000-7fa9a3390000 r-xp 00000000 b3:06 1441777                    /usr/lib/jvm/java-11-openjdk-amd64/lib/libjava.so
7fa9a3390000-7fa9a358f000 ---p 00029000 b3:06 1441777                    /usr/lib/jvm/java-11-openjdk-amd64/lib/libjava.so
7fa9a358f000-7fa9a3590000 r--p 00028000 b3:06 1441777                    /usr/lib/jvm/java-11-openjdk-amd64/lib/libjava.so
7fa9a3590000-7fa9a3592000 rw-p 00029000 b3:06 1441777                    /usr/lib/jvm/java-11-openjdk-amd64/lib/libjava.so
7fa9a3592000-7fa9a359f000 r-xp 00000000 b3:06 1441812                    /usr/lib/jvm/java-11-openjdk-amd64/lib/libverify.so
7fa9a359f000-7fa9a379e000 ---p 0000d000 b3:06 1441812                    /usr/lib/jvm/java-11-openjdk-amd64/lib/libverify.so
7fa9a379e000-7fa9a37a0000 r--p 0000c000 b3:06 1441812                    /usr/lib/jvm/java-11-openjdk-amd64/lib/libverify.so
7fa9a37a0000-7fa9a37a1000 rw-p 0000e000 b3:06 1441812                    /usr/lib/jvm/java-11-openjdk-amd64/lib/libverify.so
7fa9a37a1000-7fa9a37a8000 r-xp 00000000 b3:06 1050702                    /lib/x86_64-linux-gnu/librt-2.27.so
7fa9a37a8000-7fa9a39a7000 ---p 00007000 b3:06 1050702                    /lib/x86_64-linux-gnu/librt-2.27.so
7fa9a39a7000-7fa9a39a8000 r--p 00006000 b3:06 1050702                    /lib/x86_64-linux-gnu/librt-2.27.so
7fa9a39a8000-7fa9a39a9000 rw-p 00007000 b3:06 1050702                    /lib/x86_64-linux-gnu/librt-2.27.so
7fa9a39a9000-7fa9a39c0000 r-xp 00000000 b3:06 1050598                    /lib/x86_64-linux-gnu/libgcc_s.so.1
7fa9a39c0000-7fa9a3bbf000 ---p 00017000 b3:06 1050598                    /lib/x86_64-linux-gnu/libgcc_s.so.1
7fa9a3bbf000-7fa9a3bc0000 r--p 00016000 b3:06 1050598                    /lib/x86_64-linux-gnu/libgcc_s.so.1
7fa9a3bc0000-7fa9a3bc1000 rw-p 00017000 b3:06 1050598                    /lib/x86_64-linux-gnu/libgcc_s.so.1
7fa9a3bc1000-7fa9a3d5e000 r-xp 00000000 b3:06 1050624                    /lib/x86_64-linux-gnu/libm-2.27.so
7fa9a3d5e000-7fa9a3f5d000 ---p 0019d000 b3:06 1050624                    /lib/x86_64-linux-gnu/libm-2.27.so
7fa9a3f5d000-7fa9a3f5e000 r--p 0019c000 b3:06 1050624                    /lib/x86_64-linux-gnu/libm-2.27.so
7fa9a3f5e000-7fa9a3f5f000 rw-p 0019d000 b3:06 1050624                    /lib/x86_64-linux-gnu/libm-2.27.so
7fa9a3f5f000-7fa9a40d8000 r-xp 00000000 b3:06 1446455                    /usr/lib/x86_64-linux-gnu/libstdc++.so.6.0.25
7fa9a40d8000-7fa9a42d8000 ---p 00179000 b3:06 1446455                    /usr/lib/x86_64-linux-gnu/libstdc++.so.6.0.25
7fa9a42d8000-7fa9a42e2000 r--p 00179000 b3:06 1446455                    /usr/lib/x86_64-linux-gnu/libstdc++.so.6.0.25
7fa9a42e2000-7fa9a42e4000 rw-p 00183000 b3:06 1446455                    /usr/lib/x86_64-linux-gnu/libstdc++.so.6.0.25
7fa9a42e4000-7fa9a42e8000 rw-p 00000000 00:00 0 
7fa9a42e8000-7fa9a53b4000 r-xp 00000000 b3:06 1441824                    /usr/lib/jvm/java-11-openjdk-amd64/lib/server/libjvm.so
7fa9a53b4000-7fa9a55b3000 ---p 010cc000 b3:06 1441824                    /usr/lib/jvm/java-11-openjdk-amd64/lib/server/libjvm.so
7fa9a55b3000-7fa9a5670000 r--p 010cb000 b3:06 1441824                    /usr/lib/jvm/java-11-openjdk-amd64/lib/server/libjvm.so
7fa9a5670000-7fa9a56a9000 rw-p 01188000 b3:06 1441824                    /usr/lib/jvm/java-11-openjdk-amd64/lib/server/libjvm.so
7fa9a56a9000-7fa9a56ff000 rw-p 00000000 00:00 0 
7fa9a56ff000-7fa9a5719000 r-xp 00000000 b3:06 1050694                    /lib/x86_64-linux-gnu/libpthread-2.27.so
7fa9a5719000-7fa9a5918000 ---p 0001a000 b3:06 1050694                    /lib/x86_64-linux-gnu/libpthread-2.27.so
7fa9a5918000-7fa9a5919000 r--p 00019000 b3:06 1050694                    /lib/x86_64-linux-gnu/libpthread-2.27.so
7fa9a5919000-7fa9a591a000 rw-p 0001a000 b3:06 1050694                    /lib/x86_64-linux-gnu/libpthread-2.27.so
7fa9a591a000-7fa9a591e000 rw-p 00000000 00:00 0 
7fa9a591e000-7fa9a5921000 r-xp 00000000 b3:06 1050584                    /lib/x86_64-linux-gnu/libdl-2.27.so
7fa9a5921000-7fa9a5b20000 ---p 00003000 b3:06 1050584                    /lib/x86_64-linux-gnu/libdl-2.27.so
7fa9a5b20000-7fa9a5b21000 r--p 00002000 b3:06 1050584                    /lib/x86_64-linux-gnu/libdl-2.27.so
7fa9a5b21000-7fa9a5b22000 rw-p 00003000 b3:06 1050584                    /lib/x86_64-linux-gnu/libdl-2.27.so
7fa9a5b22000-7fa9a5b3e000 r-xp 00000000 b3:06 1050735                    /lib/x86_64-linux-gnu/libz.so.1.2.11
7fa9a5b3e000-7fa9a5d3d000 ---p 0001c000 b3:06 1050735                    /lib/x86_64-linux-gnu/libz.so.1.2.11
7fa9a5d3d000-7fa9a5d3e000 r--p 0001b000 b3:06 1050735                    /lib/x86_64-linux-gnu/libz.so.1.2.11
7fa9a5d3e000-7fa9a5d3f000 rw-p 0001c000 b3:06 1050735                    /lib/x86_64-linux-gnu/libz.so.1.2.11
7fa9a5d3f000-7fa9a5f26000 r-xp 00000000 b3:06 1050561                    /lib/x86_64-linux-gnu/libc-2.27.so
7fa9a5f26000-7fa9a6126000 ---p 001e7000 b3:06 1050561                    /lib/x86_64-linux-gnu/libc-2.27.so
7fa9a6126000-7fa9a612a000 r--p 001e7000 b3:06 1050561                    /lib/x86_64-linux-gnu/libc-2.27.so
7fa9a612a000-7fa9a612c000 rw-p 001eb000 b3:06 1050561                    /lib/x86_64-linux-gnu/libc-2.27.so
7fa9a612c000-7fa9a6130000 rw-p 00000000 00:00 0 
7fa9a6130000-7fa9a6140000 r-xp 00000000 b3:06 1441749                    /usr/lib/jvm/java-11-openjdk-amd64/lib/jli/libjli.so
7fa9a6140000-7fa9a633f000 ---p 00010000 b3:06 1441749                    /usr/lib/jvm/java-11-openjdk-amd64/lib/jli/libjli.so
7fa9a633f000-7fa9a6340000 r--p 0000f000 b3:06 1441749                    /usr/lib/jvm/java-11-openjdk-amd64/lib/jli/libjli.so
7fa9a6340000-7fa9a6341000 rw-p 00010000 b3:06 1441749                    /usr/lib/jvm/java-11-openjdk-amd64/lib/jli/libjli.so
7fa9a6341000-7fa9a6368000 r-xp 00000000 b3:06 1050533                    /lib/x86_64-linux-gnu/ld-2.27.so
7fa9a6377000-7fa9a644c000 rw-p 00000000 00:00 0 
7fa9a644c000-7fa9a6450000 ---p 00000000 00:00 0 
7fa9a6450000-7fa9a654f000 rw-p 00000000 00:00 0 
7fa9a6550000-7fa9a6555000 rw-p 00000000 00:00 0 
7fa9a6555000-7fa9a655c000 ---p 00000000 00:00 0 
7fa9a655c000-7fa9a6564000 rw-s 00000000 b3:06 416362                     /tmp/hsperfdata_lizandra/3455
7fa9a6564000-7fa9a6565000 ---p 00000000 00:00 0 
7fa9a6565000-7fa9a6566000 r--p 00000000 00:00 0 
7fa9a6566000-7fa9a6568000 rw-p 00000000 00:00 0 
7fa9a6568000-7fa9a6569000 r--p 00027000 b3:06 1050533                    /lib/x86_64-linux-gnu/ld-2.27.so
7fa9a6569000-7fa9a656a000 rw-p 00028000 b3:06 1050533                    /lib/x86_64-linux-gnu/ld-2.27.so
7fa9a656a000-7fa9a656b000 rw-p 00000000 00:00 0 
7fff24162000-7fff24183000 rw-p 00000000 00:00 0                          [stack]
7fff24199000-7fff2419c000 r--p 00000000 00:00 0                          [vvar]
7fff2419c000-7fff2419e000 r-xp 00000000 00:00 0                          [vdso]
ffffffffff600000-ffffffffff601000 r-xp 00000000 00:00 0                  [vsyscall]


VM Arguments:
jvm_args: -Dclassworlds.conf=/home/lizandra/Software/netbeans/java/maven/bin/m2.conf -Dmaven.home=/home/lizandra/Software/netbeans/java/maven -Dmaven.multiModuleProjectDirectory=/home/lizandra/NetBeansProjects/sistema-nutri 
java_command: org.codehaus.plexus.classworlds.launcher.Launcher -Dmaven.ext.class.path=/home/lizandra/Software/netbeans/java/maven-nblib/netbeans-eventspy.jar clean install
java_class_path (initial): /home/lizandra/Software/netbeans/java/maven/boot/plexus-classworlds-2.5.2.jar
Launcher Type: SUN_STANDARD

[Global flags]
     intx CICompilerCount                          = 2                                         {product} {ergonomic}
     uint ConcGCThreads                            = 1                                         {product} {ergonomic}
     uint G1ConcRefinementThreads                  = 2                                         {product} {ergonomic}
   size_t G1HeapRegionSize                         = 1048576                                   {product} {ergonomic}
    uintx GCDrainStackTargetSize                   = 64                                        {product} {ergonomic}
   size_t InitialHeapSize                          = 31457280                                  {product} {ergonomic}
   size_t MarkStackSize                            = 4194304                                   {product} {ergonomic}
   size_t MaxHeapSize                              = 486539264                                 {product} {ergonomic}
   size_t MaxNewSize                               = 291504128                                 {product} {ergonomic}
   size_t MinHeapDeltaBytes                        = 1048576                                   {product} {ergonomic}
    uintx NonNMethodCodeHeapSize                   = 5824844                                {pd product} {ergonomic}
    uintx NonProfiledCodeHeapSize                  = 122916698                              {pd product} {ergonomic}
    uintx ProfiledCodeHeapSize                     = 122916698                              {pd product} {ergonomic}
    uintx ReservedCodeCacheSize                    = 251658240                              {pd product} {ergonomic}
     bool SegmentedCodeCache                       = true                                      {product} {ergonomic}
     bool UseCompressedClassPointers               = true                                 {lp64_product} {ergonomic}
     bool UseCompressedOops                        = true                                 {lp64_product} {ergonomic}
     bool UseG1GC                                  = true                                      {product} {ergonomic}

Logging:
Log output configuration:
 #0: stdout all=warning uptime,level,tags
 #1: stderr all=off uptime,level,tags

Environment Variables:
JAVA_HOME=/usr/lib/jvm/java-11-openjdk-amd64
PATH=/usr/local/sbin:/usr/local/bin:/usr/sbin:/usr/bin:/sbin:/bin:/usr/games:/usr/local/games
SHELL=/bin/bash
DISPLAY=:0

Signal Handlers:
SIGSEGV: [libjvm.so+0xde5f50], sa_mask[0]=11111111011111111101111111111110, sa_flags=SA_RESTART|SA_SIGINFO
SIGBUS: [libjvm.so+0xde5f50], sa_mask[0]=11111111011111111101111111111110, sa_flags=SA_RESTART|SA_SIGINFO
SIGFPE: [libjvm.so+0xde5f50], sa_mask[0]=11111111011111111101111111111110, sa_flags=SA_RESTART|SA_SIGINFO
SIGPIPE: [libjvm.so+0xbba5b0], sa_mask[0]=11111111011111111101111111111110, sa_flags=SA_RESTART|SA_SIGINFO
SIGXFSZ: [libjvm.so+0xbba5b0], sa_mask[0]=11111111011111111101111111111110, sa_flags=SA_RESTART|SA_SIGINFO
SIGILL: [libjvm.so+0xde5f50], sa_mask[0]=11111111011111111101111111111110, sa_flags=SA_RESTART|SA_SIGINFO
SIGUSR2: [libjvm.so+0xbba450], sa_mask[0]=00100000000000000000000000000000, sa_flags=SA_RESTART|SA_SIGINFO
SIGHUP: [libjvm.so+0xbba7b0], sa_mask[0]=11111111011111111101111111111110, sa_flags=SA_RESTART|SA_SIGINFO
SIGINT: SIG_IGN, sa_mask[0]=00000000000000000000000000000000, sa_flags=none
SIGTERM: [libjvm.so+0xbba7b0], sa_mask[0]=11111111011111111101111111111110, sa_flags=SA_RESTART|SA_SIGINFO
SIGQUIT: [libjvm.so+0xbba7b0], sa_mask[0]=11111111011111111101111111111110, sa_flags=SA_RESTART|SA_SIGINFO


---------------  S Y S T E M  ---------------

OS:DISTRIB_ID=LinuxMint
DISTRIB_RELEASE=19.2
DISTRIB_CODENAME=tina
DISTRIB_DESCRIPTION="Linux Mint 19.2 Tina"
uname:Linux 4.15.0-58-generic #64-Ubuntu SMP Tue Aug 6 11:12:41 UTC 2019 x86_64
libc:glibc 2.27 NPTL 2.27 
rlimit: STACK 8192k, CORE 0k, NPROC 6965, NOFILE 1048576, AS infinity, DATA infinity, FSIZE infinity
load average:11,27 5,28 2,67

/proc/meminfo:
MemTotal:        1897592 kB
MemFree:           63792 kB
MemAvailable:      18424 kB
Buffers:             324 kB
Cached:           111924 kB
SwapCached:         1812 kB
Active:          1247948 kB
Inactive:         426580 kB
Active(anon):    1235600 kB
Inactive(anon):   411932 kB
Active(file):      12348 kB
Inactive(file):    14648 kB
Unevictable:          48 kB
Mlocked:              48 kB
SwapTotal:       1301168 kB
SwapFree:            176 kB
Dirty:               140 kB
Writeback:           288 kB
AnonPages:       1561048 kB
Mapped:            38696 kB
Shmem:             84920 kB
Slab:              69584 kB
SReclaimable:      31524 kB
SUnreclaim:        38060 kB
KernelStack:       12144 kB
PageTables:        41888 kB
NFS_Unstable:          0 kB
Bounce:                0 kB
WritebackTmp:          0 kB
CommitLimit:     2249964 kB
Committed_AS:    6167172 kB
VmallocTotal:   34359738367 kB
VmallocUsed:           0 kB
VmallocChunk:          0 kB
HardwareCorrupted:     0 kB
AnonHugePages:         0 kB
ShmemHugePages:        0 kB
ShmemPmdMapped:        0 kB
CmaTotal:              0 kB
CmaFree:               0 kB
HugePages_Total:       0
HugePages_Free:        0
HugePages_Rsvd:        0
HugePages_Surp:        0
Hugepagesize:       2048 kB
DirectMap4k:      134912 kB
DirectMap2M:     1816576 kB


/proc/sys/kernel/threads-max (system-wide limit on the number of threads):
13930


/proc/sys/vm/max_map_count (maximum number of memory map areas a process may have):
65530


/proc/sys/kernel/pid_max (system-wide limit on number of process identifiers):
32768



container (cgroup) information:
container_type: cgroupv1
cpu_cpuset_cpus: 0-1
cpu_memory_nodes: 0
active_processor_count: 2
cpu_quota: -1
cpu_period: 100000
cpu_shares: -1
memory_limit_in_bytes: -1
memory_and_swap_limit_in_bytes: -2
memory_soft_limit_in_bytes: -1
memory_usage_in_bytes: 1712873472
memory_max_usage_in_bytes: 0

Steal ticks since vm start: 0
Steal ticks percentage since vm start:  0,000

CPU:total 2 (initial active 2) (2 cores per cpu, 1 threads per core) family 6 model 76 stepping 3, cmov, cx8, fxsr, mmx, sse, sse2, sse3, ssse3, sse4.1, sse4.2, popcnt, aes, clmul, erms, 3dnowpref, tsc, tscinvbit
CPU Model and flags from /proc/cpuinfo:
model name	: Intel(R) Celeron(R) CPU  N3050  @ 1.60GHz
flags		: fpu vme de pse tsc msr pae mce cx8 apic sep mtrr pge mca cmov pat pse36 clflush dts acpi mmx fxsr sse sse2 ss ht tm pbe syscall nx rdtscp lm constant_tsc arch_perfmon pebs bts rep_good nopl xtopology tsc_reliable nonstop_tsc cpuid aperfmperf tsc_known_freq pni pclmulqdq dtes64 monitor ds_cpl vmx est tm2 ssse3 cx16 xtpr pdcm sse4_1 sse4_2 movbe popcnt tsc_deadline_timer aes rdrand lahf_lm 3dnowprefetch epb pti ibrs ibpb stibp tpr_shadow vnmi flexpriority ept vpid tsc_adjust smep erms dtherm ida arat md_clear

Memory: 4k page, physical 1897592k(65304k free), swap 1301168k(184k free)

vm_info: OpenJDK 64-Bit Server VM (11.0.4+11-post-Ubuntu-1ubuntu218.04.3) for linux-amd64 JRE (11.0.4+11-post-Ubuntu-1ubuntu218.04.3), built on Jul 18 2019 18:21:46 by "buildd" with gcc 7.4.0

END.
