#
# There is insufficient memory for the Java Runtime Environment to continue.
# Native memory allocation (mmap) failed to map 49283072 bytes for committing reserved memory.
# Possible reasons:
#   The system is out of physical RAM or swap space
#   The process is running with CompressedOops enabled, and the Java Heap may be blocking the growth of the native heap
# Possible solutions:
#   Reduce memory load on the system
#   Increase physical memory or swap space
#   Check if swap backing store is full
#   Decrease Java heap size (-Xmx/-Xms)
#   Decrease number of Java threads
#   Decrease Java thread stack sizes (-Xss)
#   Set larger code cache with -XX:ReservedCodeCacheSize=
#   JVM is running with Unscaled Compressed Oops mode in which the Java heap is
#     placed in the first 4GB address space. The Java Heap base address is the
#     maximum limit for the native heap growth. Please use -XX:HeapBaseMinAddress
#     to set the Java Heap base and to place the Java Heap above 4GB virtual address.
# This output file may be truncated or incomplete.
#
#  Out of Memory Error (os_linux.cpp:2893), pid=4003, tid=4040
#
# JRE version: OpenJDK Runtime Environment (11.0.4+11) (build 11.0.4+11-post-Ubuntu-1ubuntu218.04.3)
# Java VM: OpenJDK 64-Bit Server VM (11.0.4+11-post-Ubuntu-1ubuntu218.04.3, mixed mode, sharing, tiered, compressed oops, g1 gc, linux-amd64)
# Core dump will be written. Default location: Core dumps may be processed with "/lib/systemd/systemd-coredump %P %u %g %s %t 9223372036854775808 %e" (or dumping to /home/lizandra/NetBeansProjects/sistema-nutri/core.4003)
#

---------------  S U M M A R Y ------------

Command Line: -Dclassworlds.conf=/home/lizandra/Software/netbeans/java/maven/bin/m2.conf -Dmaven.home=/home/lizandra/Software/netbeans/java/maven -Dmaven.multiModuleProjectDirectory=/home/lizandra/NetBeansProjects/sistema-nutri org.codehaus.plexus.classworlds.launcher.Launcher -Dnetbeans.deploy=true -Dmaven.ext.class.path=/home/lizandra/Software/netbeans/java/maven-nblib/netbeans-eventspy.jar package

Host: Intel(R) Celeron(R) CPU  N3050  @ 1.60GHz, 2 cores, 1G, Linux Mint 19.2 Tina
Time: Wed Oct  9 16:21:59 2019 -03 elapsed time: 186 seconds (0d 0h 3m 6s)

---------------  T H R E A D  ---------------

Current thread (0x00007fa294085000):  VMThread "VM Thread" [stack: 0x00007fa2981eb000,0x00007fa2982eb000] [id=4040]

Stack: [0x00007fa2981eb000,0x00007fa2982eb000],  sp=0x00007fa2982e8ff0,  free space=1015k
Native frames: (J=compiled Java code, A=aot compiled Java code, j=interpreted, Vv=VM code, C=native code)
V  [libjvm.so+0xde4547]
V  [libjvm.so+0xde519b]
V  [libjvm.so+0x6511a5]
V  [libjvm.so+0xbbed38]
V  [libjvm.so+0xbb5ebd]
V  [libjvm.so+0x76f53f]
V  [libjvm.so+0x76f7ae]
V  [libjvm.so+0x77b820]
V  [libjvm.so+0x7f6969]
V  [libjvm.so+0x7f75c2]
V  [libjvm.so+0x7f7a29]
V  [libjvm.so+0x72de6f]
V  [libjvm.so+0x732b6a]
V  [libjvm.so+0xdf01e1]
V  [libjvm.so+0xdeeda8]
V  [libjvm.so+0xdec5e6]
V  [libjvm.so+0xdecaf0]
V  [libjvm.so+0xdecf23]
V  [libjvm.so+0xd7aeea]
V  [libjvm.so+0xbc4a5e]

VM_Operation (0x00007fa29ddb9800): G1CollectForAllocation, mode: safepoint, requested by thread 0x00007fa294012000


---------------  P R O C E S S  ---------------

Threads class SMR info:
_java_thread_list=0x00007fa2940cec80, length=9, elements={
0x00007fa294012000, 0x00007fa294088000, 0x00007fa29408a000, 0x00007fa29408f800,
0x00007fa294091800, 0x00007fa294093800, 0x00007fa294095800, 0x00007fa2940c4800,
0x00007fa2940cd800
}

Java Threads: ( => current thread )
  0x00007fa294012000 JavaThread "main" [_thread_blocked, id=4027, stack(0x00007fa29dcbd000,0x00007fa29ddbe000)]
  0x00007fa294088000 JavaThread "Reference Handler" daemon [_thread_blocked, id=4041, stack(0x00007fa2980e8000,0x00007fa2981e9000)]
  0x00007fa29408a000 JavaThread "Finalizer" daemon [_thread_blocked, id=4043, stack(0x00007fa27c055000,0x00007fa27c156000)]
  0x00007fa29408f800 JavaThread "Signal Dispatcher" daemon [_thread_blocked, id=4046, stack(0x00007fa26dc20000,0x00007fa26dd21000)]
  0x00007fa294091800 JavaThread "C2 CompilerThread0" daemon [_thread_blocked, id=4048, stack(0x00007fa26db1f000,0x00007fa26dc20000)]
  0x00007fa294093800 JavaThread "C1 CompilerThread0" daemon [_thread_blocked, id=4050, stack(0x00007fa26da1e000,0x00007fa26db1f000)]
  0x00007fa294095800 JavaThread "Sweeper thread" daemon [_thread_blocked, id=4052, stack(0x00007fa26d91d000,0x00007fa26da1e000)]
  0x00007fa2940c4800 JavaThread "Service Thread" daemon [_thread_blocked, id=4056, stack(0x00007fa26d81c000,0x00007fa26d91d000)]
  0x00007fa2940cd800 JavaThread "Common-Cleaner" daemon [_thread_blocked, id=4058, stack(0x00007fa26d619000,0x00007fa26d71a000)]

Other Threads:
=>0x00007fa294085000 VMThread "VM Thread" [stack: 0x00007fa2981eb000,0x00007fa2982eb000] [id=4040]
  0x00007fa2940c7000 WatcherThread [stack: 0x00007fa26d71c000,0x00007fa26d81c000] [id=4057]
  0x00007fa294028000 GCTaskThread "GC Thread#0" [stack: 0x00007fa299cb2000,0x00007fa299db2000] [id=4030]
  0x00007fa264001000 GCTaskThread "GC Thread#1" [stack: 0x00007fa26d0f1000,0x00007fa26d1f1000] [id=4064]
  0x00007fa294037800 ConcurrentGCThread "G1 Main Marker" [stack: 0x00007fa298876000,0x00007fa298976000] [id=4032]
  0x00007fa294039000 ConcurrentGCThread "G1 Conc#0" [stack: 0x00007fa298774000,0x00007fa298874000] [id=4034]
  0x00007fa29405a800 ConcurrentGCThread "G1 Refine#0" [stack: 0x00007fa298470000,0x00007fa298570000] [id=4036]
  0x00007fa268001000 ConcurrentGCThread "G1 Refine#1" [stack: 0x00007fa26cfef000,0x00007fa26d0ef000] [id=4065]
  0x00007fa29405c800 ConcurrentGCThread "G1 Young RemSet Sampling" [stack: 0x00007fa29836e000,0x00007fa29846e000] [id=4037]

Threads with active compile tasks:
C2 CompilerThread03752       4       java.util.regex.Pattern$CharPropertyGreedy::match (122 bytes)
C1 CompilerThread03770       2       org.apache.maven.model.merge.ModelMerger::mergeScm_Tag (43 bytes)

VM state:at safepoint (normal execution)

VM Mutex/Monitor currently owned by a thread:  ([mutex/lock_event])
[0x00007fa29400e460] Threads_lock - owner thread: 0x00007fa294085000
[0x00007fa29400ebb0] Heap_lock - owner thread: 0x00007fa294012000

Heap address: 0x00000000e3000000, size: 464 MB, Compressed Oops mode: 32-bit
Narrow klass base: 0x0000000800000000, Narrow klass shift: 3
Compressed class space size: 1073741824 Address: 0x0000000840000000

Heap:
 garbage-first heap   total 96256K, used 14143K [0x00000000e3000000, 0x0000000100000000)
  region size 1024K, 1 young (1024K), 1 survivors (1024K)
 Metaspace       used 15869K, capacity 17316K, committed 17536K, reserved 1064960K
  class space    used 1845K, capacity 2113K, committed 2176K, reserved 1048576K
Heap Regions: E=young(eden), S=young(survivor), O=old, HS=humongous(starts), HC=humongous(continues), CS=collection set, F=free, A=archive, TAMS=top-at-mark-start (previous, next)
|   0|0x00000000e3000000, 0x00000000e3100000, 0x00000000e3100000|100%| O|  |TAMS 0x00000000e3000000, 0x00000000e3000000| Untracked 
|   1|0x00000000e3100000, 0x00000000e3200000, 0x00000000e3200000|100%| O|  |TAMS 0x00000000e3100000, 0x00000000e3100000| Untracked 
|   2|0x00000000e3200000, 0x00000000e3300000, 0x00000000e3300000|100%| O|  |TAMS 0x00000000e3200000, 0x00000000e3200000| Untracked 
|   3|0x00000000e3300000, 0x00000000e3400000, 0x00000000e3400000|100%| O|  |TAMS 0x00000000e3300000, 0x00000000e3300000| Untracked 
|   4|0x00000000e3400000, 0x00000000e3500000, 0x00000000e3500000|100%| O|  |TAMS 0x00000000e3400000, 0x00000000e3400000| Untracked 
|   5|0x00000000e3500000, 0x00000000e3600000, 0x00000000e3600000|100%| O|  |TAMS 0x00000000e3500000, 0x00000000e3500000| Untracked 
|   6|0x00000000e3600000, 0x00000000e3700000, 0x00000000e3700000|100%| O|  |TAMS 0x00000000e3600000, 0x00000000e3600000| Untracked 
|   7|0x00000000e3700000, 0x00000000e3800000, 0x00000000e3800000|100%| O|  |TAMS 0x00000000e3700000, 0x00000000e3700000| Untracked 
|   8|0x00000000e3800000, 0x00000000e3900000, 0x00000000e3900000|100%| O|  |TAMS 0x00000000e3800000, 0x00000000e3800000| Untracked 
|   9|0x00000000e3900000, 0x00000000e3a00000, 0x00000000e3a00000|100%| O|  |TAMS 0x00000000e3900000, 0x00000000e3900000| Untracked 
|  10|0x00000000e3a00000, 0x00000000e3b00000, 0x00000000e3b00000|100%| O|  |TAMS 0x00000000e3a00000, 0x00000000e3a00000| Untracked 
|  11|0x00000000e3b00000, 0x00000000e3c00000, 0x00000000e3c00000|100%| O|  |TAMS 0x00000000e3b00000, 0x00000000e3b00000| Untracked 
|  12|0x00000000e3c00000, 0x00000000e3cc7e00, 0x00000000e3d00000| 78%| O|  |TAMS 0x00000000e3c00000, 0x00000000e3c00000| Untracked 
|  13|0x00000000e3d00000, 0x00000000e3d00000, 0x00000000e3e00000|  0%| F|  |TAMS 0x00000000e3d00000, 0x00000000e3d00000| Untracked 
|  14|0x00000000e3e00000, 0x00000000e3e00000, 0x00000000e3f00000|  0%| F|  |TAMS 0x00000000e3e00000, 0x00000000e3e00000| Untracked 
|  15|0x00000000e3f00000, 0x00000000e3f00000, 0x00000000e4000000|  0%| F|  |TAMS 0x00000000e3f00000, 0x00000000e3f00000| Untracked 
|  16|0x00000000e4000000, 0x00000000e4000000, 0x00000000e4100000|  0%| F|  |TAMS 0x00000000e4000000, 0x00000000e4000000| Untracked 
|  17|0x00000000e4100000, 0x00000000e4100000, 0x00000000e4200000|  0%| F|  |TAMS 0x00000000e4100000, 0x00000000e4100000| Untracked 
|  18|0x00000000e4200000, 0x00000000e4200000, 0x00000000e4300000|  0%| F|  |TAMS 0x00000000e4200000, 0x00000000e4200000| Untracked 
|  19|0x00000000e4300000, 0x00000000e4300000, 0x00000000e4400000|  0%| F|  |TAMS 0x00000000e4300000, 0x00000000e4300000| Untracked 
|  20|0x00000000e4400000, 0x00000000e4400000, 0x00000000e4500000|  0%| F|  |TAMS 0x00000000e4400000, 0x00000000e4400000| Untracked 
|  21|0x00000000e4500000, 0x00000000e4500000, 0x00000000e4600000|  0%| F|  |TAMS 0x00000000e4500000, 0x00000000e4500000| Untracked 
|  22|0x00000000e4600000, 0x00000000e4600000, 0x00000000e4700000|  0%| F|  |TAMS 0x00000000e4600000, 0x00000000e4600000| Untracked 
|  23|0x00000000e4700000, 0x00000000e4700000, 0x00000000e4800000|  0%| F|  |TAMS 0x00000000e4700000, 0x00000000e4700000| Untracked 
|  24|0x00000000e4800000, 0x00000000e4800000, 0x00000000e4900000|  0%| F|  |TAMS 0x00000000e4800000, 0x00000000e4800000| Untracked 
|  25|0x00000000e4900000, 0x00000000e4900000, 0x00000000e4a00000|  0%| F|  |TAMS 0x00000000e4900000, 0x00000000e4900000| Untracked 
|  26|0x00000000e4a00000, 0x00000000e4a00000, 0x00000000e4b00000|  0%| F|  |TAMS 0x00000000e4a00000, 0x00000000e4a00000| Untracked 
|  27|0x00000000e4b00000, 0x00000000e4b00000, 0x00000000e4c00000|  0%| F|  |TAMS 0x00000000e4b00000, 0x00000000e4b00000| Untracked 
|  28|0x00000000e4c00000, 0x00000000e4c00000, 0x00000000e4d00000|  0%| F|  |TAMS 0x00000000e4c00000, 0x00000000e4c00000| Untracked 
|  29|0x00000000e4d00000, 0x00000000e4d00000, 0x00000000e4e00000|  0%| F|  |TAMS 0x00000000e4d00000, 0x00000000e4d00000| Untracked 
|  30|0x00000000e4e00000, 0x00000000e4e00000, 0x00000000e4f00000|  0%| F|  |TAMS 0x00000000e4e00000, 0x00000000e4e00000| Untracked 
|  31|0x00000000e4f00000, 0x00000000e4f00000, 0x00000000e5000000|  0%| F|  |TAMS 0x00000000e4f00000, 0x00000000e4f00000| Untracked 
|  32|0x00000000e5000000, 0x00000000e5000000, 0x00000000e5100000|  0%| F|  |TAMS 0x00000000e5000000, 0x00000000e5000000| Untracked 
|  33|0x00000000e5100000, 0x00000000e5100000, 0x00000000e5200000|  0%| F|  |TAMS 0x00000000e5100000, 0x00000000e5100000| Untracked 
|  34|0x00000000e5200000, 0x00000000e5200000, 0x00000000e5300000|  0%| F|  |TAMS 0x00000000e5200000, 0x00000000e5200000| Untracked 
|  35|0x00000000e5300000, 0x00000000e5300000, 0x00000000e5400000|  0%| F|  |TAMS 0x00000000e5300000, 0x00000000e5300000| Untracked 
|  36|0x00000000e5400000, 0x00000000e5400000, 0x00000000e5500000|  0%| F|  |TAMS 0x00000000e5400000, 0x00000000e5400000| Untracked 
|  37|0x00000000e5500000, 0x00000000e5500000, 0x00000000e5600000|  0%| F|  |TAMS 0x00000000e5500000, 0x00000000e5500000| Untracked 
|  38|0x00000000e5600000, 0x00000000e5600000, 0x00000000e5700000|  0%| F|  |TAMS 0x00000000e5600000, 0x00000000e5600000| Untracked 
|  39|0x00000000e5700000, 0x00000000e5700000, 0x00000000e5800000|  0%| F|  |TAMS 0x00000000e5700000, 0x00000000e5700000| Untracked 
|  40|0x00000000e5800000, 0x00000000e5800000, 0x00000000e5900000|  0%| F|  |TAMS 0x00000000e5800000, 0x00000000e5800000| Untracked 
|  41|0x00000000e5900000, 0x00000000e5900000, 0x00000000e5a00000|  0%| F|  |TAMS 0x00000000e5900000, 0x00000000e5900000| Untracked 
|  42|0x00000000e5a00000, 0x00000000e5a69ed0, 0x00000000e5b00000| 41%| S|CS|TAMS 0x00000000e5a00000, 0x00000000e5a00000| Complete 
|  43|0x00000000e5b00000, 0x00000000e5b00000, 0x00000000e5c00000|  0%| F|  |TAMS 0x00000000e5b00000, 0x00000000e5b00000| Untracked 
|  44|0x00000000e5c00000, 0x00000000e5c00000, 0x00000000e5d00000|  0%| F|  |TAMS 0x00000000e5c00000, 0x00000000e5c00000| Untracked 
| 462|0x00000000ffe00000, 0x00000000ffe34000, 0x00000000fff00000| 20%|OA|  |TAMS 0x00000000ffe00000, 0x00000000ffe00000| Untracked 
| 463|0x00000000fff00000, 0x00000000fff6a000, 0x0000000100000000| 41%|CA|  |TAMS 0x00000000fff00000, 0x00000000fff00000| Untracked 

Card table byte_map: [0x00007fa2998de000,0x00007fa2999c6000] _byte_map_base: 0x00007fa2991c6000

Marking Bits (Prev, Next): (CMBitMap*) 0x00007fa294034aa8, (CMBitMap*) 0x00007fa294034ae0
 Prev Bits: [0x00007fa2990b6000, 0x00007fa2997f6000)
 Next Bits: [0x00007fa298976000, 0x00007fa2990b6000)

Polling page: 0x00007fa29ddd5000

Metaspace:

Usage:
  Non-class:     14,85 MB capacity,    13,70 MB ( 92%) used,     1,13 MB (  8%) free+waste,    21,12 KB ( <1%) overhead. 
      Class:      2,06 MB capacity,     1,80 MB ( 87%) used,   258,05 KB ( 12%) free+waste,     9,50 KB ( <1%) overhead. 
       Both:     16,91 MB capacity,    15,50 MB ( 92%) used,     1,38 MB (  8%) free+waste,    30,62 KB ( <1%) overhead. 

Virtual space:
  Non-class space:       16,00 MB reserved,      15,00 MB ( 94%) committed 
      Class space:        1,00 GB reserved,       2,12 MB ( <1%) committed 
             Both:        1,02 GB reserved,      17,12 MB (  2%) committed 

Chunk freelists:
   Non-Class:  105,00 KB
       Class:  31,00 KB
        Both:  136,00 KB

CodeHeap 'non-profiled nmethods': size=120036Kb used=1407Kb max_used=1407Kb free=118628Kb
 bounds [0x00007fa28441d000, 0x00007fa28468d000, 0x00007fa28b956000]
CodeHeap 'profiled nmethods': size=120032Kb used=7285Kb max_used=7285Kb free=112746Kb
 bounds [0x00007fa27cee5000, 0x00007fa27d615000, 0x00007fa28441d000]
CodeHeap 'non-nmethods': size=5692Kb used=1110Kb max_used=1127Kb free=4581Kb
 bounds [0x00007fa27c956000, 0x00007fa27cbc6000, 0x00007fa27cee5000]
 total_blobs=4613 nmethods=3515 adapters=325
 compilation: enabled
              stopped_count=0, restarted_count=0
 full_count=0

Compilation events (10 events):
Event: 186,004 Thread 0x00007fa294093800 nmethod 3764 0x00007fa27d602890 code [0x00007fa27d602a60, 0x00007fa27d602d48]
Event: 186,004 Thread 0x00007fa294093800 3765       2       java.nio.HeapCharBuffer::<init> (29 bytes)
Event: 186,005 Thread 0x00007fa294093800 nmethod 3765 0x00007fa27d602e90 code [0x00007fa27d603040, 0x00007fa27d603288]
Event: 186,026 Thread 0x00007fa294093800 3767       2       org.apache.maven.model.merge.MavenModelMerger::mergeScm_Url (68 bytes)
Event: 186,035 Thread 0x00007fa294093800 nmethod 3767 0x00007fa27d603390 code [0x00007fa27d6035c0, 0x00007fa27d603c48]
Event: 186,035 Thread 0x00007fa294093800 3768       2       org.apache.maven.model.merge.MavenModelMerger::mergeScm_Connection (68 bytes)
Event: 186,039 Thread 0x00007fa294093800 nmethod 3768 0x00007fa27d603e90 code [0x00007fa27d6040c0, 0x00007fa27d604748]
Event: 186,039 Thread 0x00007fa294093800 3769       2       org.apache.maven.model.merge.MavenModelMerger::mergeScm_DeveloperConnection (68 bytes)
Event: 186,042 Thread 0x00007fa294093800 nmethod 3769 0x00007fa27d604990 code [0x00007fa27d604bc0, 0x00007fa27d605248]
Event: 186,049 Thread 0x00007fa294093800 3770       2       org.apache.maven.model.merge.ModelMerger::mergeScm_Tag (43 bytes)

GC Heap History (10 events):
Event: 173,255 GC heap after
{Heap after GC invocations=17 (full 0):
 garbage-first heap   total 39936K, used 14081K [0x00000000e3000000, 0x0000000100000000)
  region size 1024K, 1 young (1024K), 1 survivors (1024K)
 Metaspace       used 15671K, capacity 17188K, committed 17536K, reserved 1064960K
  class space    used 1830K, capacity 2113K, committed 2176K, reserved 1048576K
}
Event: 176,732 GC heap before
{Heap before GC invocations=17 (full 0):
 garbage-first heap   total 39936K, used 15105K [0x00000000e3000000, 0x0000000100000000)
  region size 1024K, 2 young (2048K), 1 survivors (1024K)
 Metaspace       used 15801K, capacity 17252K, committed 17536K, reserved 1064960K
  class space    used 1842K, capacity 2113K, committed 2176K, reserved 1048576K
}
Event: 178,118 GC heap after
{Heap after GC invocations=18 (full 0):
 garbage-first heap   total 48128K, used 13921K [0x00000000e3000000, 0x0000000100000000)
  region size 1024K, 1 young (1024K), 1 survivors (1024K)
 Metaspace       used 15801K, capacity 17252K, committed 17536K, reserved 1064960K
  class space    used 1842K, capacity 2113K, committed 2176K, reserved 1048576K
}
Event: 179,143 GC heap before
{Heap before GC invocations=18 (full 0):
 garbage-first heap   total 48128K, used 13921K [0x00000000e3000000, 0x0000000100000000)
  region size 1024K, 2 young (2048K), 1 survivors (1024K)
 Metaspace       used 15815K, capacity 17316K, committed 17536K, reserved 1064960K
  class space    used 1842K, capacity 2113K, committed 2176K, reserved 1048576K
}
Event: 180,212 GC heap after
{Heap after GC invocations=19 (full 0):
 garbage-first heap   total 48128K, used 13931K [0x00000000e3000000, 0x0000000100000000)
  region size 1024K, 1 young (1024K), 1 survivors (1024K)
 Metaspace       used 15815K, capacity 17316K, committed 17536K, reserved 1064960K
  class space    used 1842K, capacity 2113K, committed 2176K, reserved 1048576K
}
Event: 181,582 GC heap before
{Heap before GC invocations=19 (full 0):
 garbage-first heap   total 48128K, used 14955K [0x00000000e3000000, 0x0000000100000000)
  region size 1024K, 2 young (2048K), 1 survivors (1024K)
 Metaspace       used 15864K, capacity 17316K, committed 17536K, reserved 1064960K
  class space    used 1845K, capacity 2113K, committed 2176K, reserved 1048576K
}
Event: 182,135 GC heap after
{Heap after GC invocations=20 (full 0):
 garbage-first heap   total 48128K, used 13948K [0x00000000e3000000, 0x0000000100000000)
  region size 1024K, 1 young (1024K), 1 survivors (1024K)
 Metaspace       used 15864K, capacity 17316K, committed 17536K, reserved 1064960K
  class space    used 1845K, capacity 2113K, committed 2176K, reserved 1048576K
}
Event: 184,385 GC heap before
{Heap before GC invocations=20 (full 0):
 garbage-first heap   total 48128K, used 13948K [0x00000000e3000000, 0x0000000100000000)
  region size 1024K, 2 young (2048K), 1 survivors (1024K)
 Metaspace       used 15866K, capacity 17316K, committed 17536K, reserved 1064960K
  class space    used 1845K, capacity 2113K, committed 2176K, reserved 1048576K
}
Event: 185,860 GC heap after
{Heap after GC invocations=21 (full 0):
 garbage-first heap   total 48128K, used 13980K [0x00000000e3000000, 0x0000000100000000)
  region size 1024K, 1 young (1024K), 1 survivors (1024K)
 Metaspace       used 15866K, capacity 17316K, committed 17536K, reserved 1064960K
  class space    used 1845K, capacity 2113K, committed 2176K, reserved 1048576K
}
Event: 186,126 GC heap before
{Heap before GC invocations=21 (full 0):
 garbage-first heap   total 48128K, used 15004K [0x00000000e3000000, 0x0000000100000000)
  region size 1024K, 2 young (2048K), 1 survivors (1024K)
 Metaspace       used 15869K, capacity 17316K, committed 17536K, reserved 1064960K
  class space    used 1845K, capacity 2113K, committed 2176K, reserved 1048576K
}

Deoptimization events (10 events):
Event: 180,841 Thread 0x00007fa294012000 DEOPT PACKING pc=0x00007fa2845745f0 sp=0x00007fa29ddbaba0
Event: 180,841 Thread 0x00007fa294012000 DEOPT UNPACKING pc=0x00007fa27c97de1f sp=0x00007fa29ddbab70 mode 2
Event: 180,894 Thread 0x00007fa294012000 Uncommon trap: trap_request=0xffffffbe fr.pc=0x00007fa2845745f0 relative=0x0000000000000a90
Event: 180,894 Thread 0x00007fa294012000 Uncommon trap: reason=profile_predicate action=maybe_recompile pc=0x00007fa2845745f0 method=java.util.regex.Pattern$CharPropertyGreedy.match(Ljava/util/regex/Matcher;ILjava/lang/CharSequence;)Z @ 12 c2
Event: 180,894 Thread 0x00007fa294012000 DEOPT PACKING pc=0x00007fa2845745f0 sp=0x00007fa29ddbabe0
Event: 180,894 Thread 0x00007fa294012000 DEOPT UNPACKING pc=0x00007fa27c97de1f sp=0x00007fa29ddbabb0 mode 2
Event: 181,000 Thread 0x00007fa294012000 Uncommon trap: trap_request=0xffffffbe fr.pc=0x00007fa2845745f0 relative=0x0000000000000a90
Event: 181,000 Thread 0x00007fa294012000 Uncommon trap: reason=profile_predicate action=maybe_recompile pc=0x00007fa2845745f0 method=java.util.regex.Pattern$CharPropertyGreedy.match(Ljava/util/regex/Matcher;ILjava/lang/CharSequence;)Z @ 12 c2
Event: 181,000 Thread 0x00007fa294012000 DEOPT PACKING pc=0x00007fa2845745f0 sp=0x00007fa29ddbad10
Event: 181,000 Thread 0x00007fa294012000 DEOPT UNPACKING pc=0x00007fa27c97de1f sp=0x00007fa29ddbace0 mode 2

Classes redefined (0 events):
No events

Internal exceptions (10 events):
Event: 4,182 Thread 0x00007fa294012000 Exception <a 'java/security/PrivilegedActionException'{0x00000000e4bbdb20}> (0x00000000e4bbdb20) thrown at [/build/openjdk-lts-7bqZff/openjdk-lts-11.0.4+11/src/hotspot/share/prims/jvm.cpp, line 1300]
Event: 7,194 Thread 0x00007fa294012000 Exception <a 'java/lang/NoSuchMethodError'{0x00000000e4833fc8}: 'int java.lang.invoke.DirectMethodHandle$Holder.invokeSpecialIFC(java.lang.Object, java.lang.Object, int)'> (0x00000000e4833fc8) thrown at [/build/openjdk-lts-7bqZff/openjdk-lts-11.0.4+11/src
Event: 39,570 Thread 0x00007fa294012000 Exception <a 'java/lang/NoClassDefFoundError'{0x00000000e4770ef0}: com/google/inject/servlet/ServletModuleTargetVisitor> (0x00000000e4770ef0) thrown at [/build/openjdk-lts-7bqZff/openjdk-lts-11.0.4+11/src/hotspot/share/classfile/systemDictionary.cpp, line
Event: 39,570 Thread 0x00007fa294012000 Exception <a 'java/lang/NoClassDefFoundError'{0x00000000e4770ef0}> (0x00000000e4770ef0) thrown at [/build/openjdk-lts-7bqZff/openjdk-lts-11.0.4+11/src/hotspot/share/prims/jvm.cpp, line 1304]
Event: 39,570 Thread 0x00007fa294012000 Exception <a 'java/lang/NoClassDefFoundError'{0x00000000e4773ca8}: javax/annotation/Priority> (0x00000000e4773ca8) thrown at [/build/openjdk-lts-7bqZff/openjdk-lts-11.0.4+11/src/hotspot/share/classfile/systemDictionary.cpp, line 220]
Event: 96,102 Thread 0x00007fa294012000 Implicit null exception at 0x00007fa2844b3b9d to 0x00007fa2844b3c86
Event: 102,901 Thread 0x00007fa294012000 Implicit null exception at 0x00007fa284490505 to 0x00007fa2844906e2
Event: 102,902 Thread 0x00007fa294012000 Implicit null exception at 0x00007fa28448262f to 0x00007fa2844826ad
Event: 157,219 Thread 0x00007fa294012000 Exception <a 'java/lang/NoClassDefFoundError'{0x00000000e4fe0130}: org/sonatype/aether/graph/Dependency> (0x00000000e4fe0130) thrown at [/build/openjdk-lts-7bqZff/openjdk-lts-11.0.4+11/src/hotspot/share/classfile/systemDictionary.cpp, line 220]
Event: 158,120 Thread 0x00007fa294012000 Exception <a 'java/lang/NoClassDefFoundError'{0x00000000e4d46008}: org/codehaus/plexus/util/interpolation/ValueSource> (0x00000000e4d46008) thrown at [/build/openjdk-lts-7bqZff/openjdk-lts-11.0.4+11/src/hotspot/share/classfile/systemDictionary.cpp, line 2

Events (10 events):
Event: 180,638 loading class org/apache/maven/plugin/logging/Log done
Event: 180,798 loading class org/apache/maven/artifact/resolver/filter/CumulativeScopeArtifactFilter
Event: 180,798 loading class org/apache/maven/artifact/resolver/filter/CumulativeScopeArtifactFilter done
Event: 180,812 loading class org/apache/maven/artifact/resolver/filter/AbstractScopeArtifactFilter
Event: 180,812 loading class org/apache/maven/artifact/resolver/filter/AbstractScopeArtifactFilter done
Event: 181,346 Executing VM operation: G1CollectForAllocation
Event: 182,139 Executing VM operation: G1CollectForAllocation done
Event: 183,484 Executing VM operation: G1CollectForAllocation
Event: 185,884 Executing VM operation: G1CollectForAllocation done
Event: 186,050 Executing VM operation: G1CollectForAllocation


Dynamic libraries:
e3000000-e5d00000 rw-p 00000000 00:00 0 
e8c00000-ffe00000 ---p 00000000 00:00 0 
ffe00000-ffe34000 rw-p 01116000 b3:06 1437553                            /usr/lib/jvm/java-11-openjdk-amd64/lib/server/classes.jsa
ffe34000-fff00000 rw-p 00000000 00:00 0 
fff00000-fff6a000 rw-p 010ac000 b3:06 1437553                            /usr/lib/jvm/java-11-openjdk-amd64/lib/server/classes.jsa
fff6a000-100000000 rw-p 00000000 00:00 0 
800000000-800002000 rwxp 00001000 b3:06 1437553                          /usr/lib/jvm/java-11-openjdk-amd64/lib/server/classes.jsa
800002000-8003bd000 rw-p 00003000 b3:06 1437553                          /usr/lib/jvm/java-11-openjdk-amd64/lib/server/classes.jsa
8003bd000-800a98000 r--p 003be000 b3:06 1437553                          /usr/lib/jvm/java-11-openjdk-amd64/lib/server/classes.jsa
800a98000-800a99000 rw-p 00a99000 b3:06 1437553                          /usr/lib/jvm/java-11-openjdk-amd64/lib/server/classes.jsa
800a99000-8010ab000 r--p 00a9a000 b3:06 1437553                          /usr/lib/jvm/java-11-openjdk-amd64/lib/server/classes.jsa
840000000-840220000 rw-p 00000000 00:00 0 
840220000-880000000 ---p 00000000 00:00 0 
558afa69a000-558afa69b000 r-xp 00000000 b3:06 1441529                    /usr/lib/jvm/java-11-openjdk-amd64/bin/java
558afa89b000-558afa89c000 r--p 00001000 b3:06 1441529                    /usr/lib/jvm/java-11-openjdk-amd64/bin/java
558afa89c000-558afa89d000 rw-p 00002000 b3:06 1441529                    /usr/lib/jvm/java-11-openjdk-amd64/bin/java
558afb6c0000-558afb6e1000 rw-p 00000000 00:00 0                          [heap]
7fa240000000-7fa240021000 rw-p 00000000 00:00 0 
7fa240021000-7fa244000000 ---p 00000000 00:00 0 
7fa244000000-7fa244021000 rw-p 00000000 00:00 0 
7fa244021000-7fa248000000 ---p 00000000 00:00 0 
7fa248000000-7fa24896d000 rw-p 00000000 00:00 0 
7fa24896d000-7fa24c000000 ---p 00000000 00:00 0 
7fa24c000000-7fa24c021000 rw-p 00000000 00:00 0 
7fa24c021000-7fa250000000 ---p 00000000 00:00 0 
7fa250000000-7fa250021000 rw-p 00000000 00:00 0 
7fa250021000-7fa254000000 ---p 00000000 00:00 0 
7fa254000000-7fa254a23000 rw-p 00000000 00:00 0 
7fa254a23000-7fa258000000 ---p 00000000 00:00 0 
7fa258000000-7fa258021000 rw-p 00000000 00:00 0 
7fa258021000-7fa25c000000 ---p 00000000 00:00 0 
7fa25c000000-7fa25c021000 rw-p 00000000 00:00 0 
7fa25c021000-7fa260000000 ---p 00000000 00:00 0 
7fa260000000-7fa260021000 rw-p 00000000 00:00 0 
7fa260021000-7fa264000000 ---p 00000000 00:00 0 
7fa264000000-7fa264041000 rw-p 00000000 00:00 0 
7fa264041000-7fa268000000 ---p 00000000 00:00 0 
7fa268000000-7fa268021000 rw-p 00000000 00:00 0 
7fa268021000-7fa26c000000 ---p 00000000 00:00 0 
7fa26c7ed000-7fa26c8ed000 rw-p 00000000 00:00 0 
7fa26c8ed000-7fa26c9ed000 ---p 00000000 00:00 0 
7fa26c9ed000-7fa26cbed000 rw-p 00000000 00:00 0 
7fa26cbed000-7fa26cded000 rw-p 00000000 00:00 0 
7fa26cded000-7fa26cfed000 rw-p 00000000 00:00 0 
7fa26cfed000-7fa26cfee000 ---p 00000000 00:00 0 
7fa26cfee000-7fa26d0ef000 rw-p 00000000 00:00 0 
7fa26d0ef000-7fa26d0f0000 ---p 00000000 00:00 0 
7fa26d0f0000-7fa26d1f1000 rw-p 00000000 00:00 0 
7fa26d1f1000-7fa26d207000 r-xp 00000000 b3:06 1441803                    /usr/lib/jvm/java-11-openjdk-amd64/lib/libnet.so
7fa26d207000-7fa26d406000 ---p 00016000 b3:06 1441803                    /usr/lib/jvm/java-11-openjdk-amd64/lib/libnet.so
7fa26d406000-7fa26d407000 r--p 00015000 b3:06 1441803                    /usr/lib/jvm/java-11-openjdk-amd64/lib/libnet.so
7fa26d407000-7fa26d408000 rw-p 00016000 b3:06 1441803                    /usr/lib/jvm/java-11-openjdk-amd64/lib/libnet.so
7fa26d408000-7fa26d418000 r-xp 00000000 b3:06 1441805                    /usr/lib/jvm/java-11-openjdk-amd64/lib/libnio.so
7fa26d418000-7fa26d617000 ---p 00010000 b3:06 1441805                    /usr/lib/jvm/java-11-openjdk-amd64/lib/libnio.so
7fa26d617000-7fa26d618000 r--p 0000f000 b3:06 1441805                    /usr/lib/jvm/java-11-openjdk-amd64/lib/libnio.so
7fa26d618000-7fa26d619000 rw-p 00010000 b3:06 1441805                    /usr/lib/jvm/java-11-openjdk-amd64/lib/libnio.so
7fa26d619000-7fa26d61d000 ---p 00000000 00:00 0 
7fa26d61d000-7fa26d71a000 rw-p 00000000 00:00 0 
7fa26d71a000-7fa26d71b000 ---p 00000000 00:00 0 
7fa26d71b000-7fa26d81c000 rw-p 00000000 00:00 0 
7fa26d81c000-7fa26d820000 ---p 00000000 00:00 0 
7fa26d820000-7fa26d91d000 rw-p 00000000 00:00 0 
7fa26d91d000-7fa26d921000 ---p 00000000 00:00 0 
7fa26d921000-7fa26da1e000 rw-p 00000000 00:00 0 
7fa26da1e000-7fa26da22000 ---p 00000000 00:00 0 
7fa26da22000-7fa26db1f000 rw-p 00000000 00:00 0 
7fa26db1f000-7fa26db23000 ---p 00000000 00:00 0 
7fa26db23000-7fa26dc20000 rw-p 00000000 00:00 0 
7fa26dc20000-7fa26dc24000 ---p 00000000 00:00 0 
7fa26dc24000-7fa26dd21000 rw-p 00000000 00:00 0 
7fa26dd21000-7fa26e000000 r--p 00000000 b3:06 1443645                    /usr/lib/locale/locale-archive
7fa26e000000-7fa270000000 rw-p 00000000 00:00 0 
7fa270000000-7fa270021000 rw-p 00000000 00:00 0 
7fa270021000-7fa274000000 ---p 00000000 00:00 0 
7fa274000000-7fa274021000 rw-p 00000000 00:00 0 
7fa274021000-7fa278000000 ---p 00000000 00:00 0 
7fa278000000-7fa278021000 rw-p 00000000 00:00 0 
7fa278021000-7fa27c000000 ---p 00000000 00:00 0 
7fa27c055000-7fa27c059000 ---p 00000000 00:00 0 
7fa27c059000-7fa27c956000 rw-p 00000000 00:00 0 
7fa27c956000-7fa27cbc6000 rwxp 00000000 00:00 0 
7fa27cbc6000-7fa27cee5000 ---p 00000000 00:00 0 
7fa27cee5000-7fa27d615000 rwxp 00000000 00:00 0 
7fa27d615000-7fa28441d000 ---p 00000000 00:00 0 
7fa28441d000-7fa28468d000 rwxp 00000000 00:00 0 
7fa28468d000-7fa28b956000 ---p 00000000 00:00 0 
7fa28b956000-7fa294000000 r--s 00000000 b3:06 1441815                    /usr/lib/jvm/java-11-openjdk-amd64/lib/modules
7fa294000000-7fa294d0e000 rw-p 00000000 00:00 0 
7fa294d0e000-7fa298000000 ---p 00000000 00:00 0 
7fa2980b7000-7fa2980e8000 rw-p 00000000 00:00 0 
7fa2980e8000-7fa2980ec000 ---p 00000000 00:00 0 
7fa2980ec000-7fa2981e9000 rw-p 00000000 00:00 0 
7fa2981e9000-7fa2981ea000 ---p 00000000 00:00 0 
7fa2981ea000-7fa29836c000 rw-p 00000000 00:00 0 
7fa29836c000-7fa29836d000 ---p 00000000 00:00 0 
7fa29836d000-7fa29846e000 rw-p 00000000 00:00 0 
7fa29846e000-7fa29846f000 ---p 00000000 00:00 0 
7fa29846f000-7fa298772000 rw-p 00000000 00:00 0 
7fa298772000-7fa298773000 ---p 00000000 00:00 0 
7fa298773000-7fa298874000 rw-p 00000000 00:00 0 
7fa298874000-7fa298875000 ---p 00000000 00:00 0 
7fa298875000-7fa298a2a000 rw-p 00000000 00:00 0 
7fa298a2a000-7fa2990ae000 ---p 00000000 00:00 0 
7fa2990ae000-7fa29916a000 rw-p 00000000 00:00 0 
7fa29916a000-7fa2997ee000 ---p 00000000 00:00 0 
7fa2997ee000-7fa29980d000 rw-p 00000000 00:00 0 
7fa29980d000-7fa2998dd000 ---p 00000000 00:00 0 
7fa2998dd000-7fa2998f5000 rw-p 00000000 00:00 0 
7fa2998f5000-7fa2999c5000 ---p 00000000 00:00 0 
7fa2999c5000-7fa2999dd000 rw-p 00000000 00:00 0 
7fa2999dd000-7fa299aad000 ---p 00000000 00:00 0 
7fa299aad000-7fa299cb0000 rw-p 00000000 00:00 0 
7fa299cb0000-7fa299cb1000 ---p 00000000 00:00 0 
7fa299cb1000-7fa299db7000 rw-p 00000000 00:00 0 
7fa299db7000-7fa299e9d000 ---p 00000000 00:00 0 
7fa299e9d000-7fa299eac000 rw-p 00000000 00:00 0 
7fa299eac000-7fa299f88000 ---p 00000000 00:00 0 
7fa299f88000-7fa299f8d000 r-xp 00000000 b3:06 1441785                    /usr/lib/jvm/java-11-openjdk-amd64/lib/libjimage.so
7fa299f8d000-7fa29a18c000 ---p 00005000 b3:06 1441785                    /usr/lib/jvm/java-11-openjdk-amd64/lib/libjimage.so
7fa29a18c000-7fa29a18d000 r--p 00004000 b3:06 1441785                    /usr/lib/jvm/java-11-openjdk-amd64/lib/libjimage.so
7fa29a18d000-7fa29a18e000 rw-p 00005000 b3:06 1441785                    /usr/lib/jvm/java-11-openjdk-amd64/lib/libjimage.so
7fa29a18e000-7fa29a195000 r-xp 00000000 b3:06 1441814                    /usr/lib/jvm/java-11-openjdk-amd64/lib/libzip.so
7fa29a195000-7fa29a394000 ---p 00007000 b3:06 1441814                    /usr/lib/jvm/java-11-openjdk-amd64/lib/libzip.so
7fa29a394000-7fa29a395000 r--p 00006000 b3:06 1441814                    /usr/lib/jvm/java-11-openjdk-amd64/lib/libzip.so
7fa29a395000-7fa29a396000 rw-p 00007000 b3:06 1441814                    /usr/lib/jvm/java-11-openjdk-amd64/lib/libzip.so
7fa29a396000-7fa29a3a1000 r-xp 00000000 b3:06 1050651                    /lib/x86_64-linux-gnu/libnss_files-2.27.so
7fa29a3a1000-7fa29a5a0000 ---p 0000b000 b3:06 1050651                    /lib/x86_64-linux-gnu/libnss_files-2.27.so
7fa29a5a0000-7fa29a5a1000 r--p 0000a000 b3:06 1050651                    /lib/x86_64-linux-gnu/libnss_files-2.27.so
7fa29a5a1000-7fa29a5a2000 rw-p 0000b000 b3:06 1050651                    /lib/x86_64-linux-gnu/libnss_files-2.27.so
7fa29a5a2000-7fa29a5a8000 rw-p 00000000 00:00 0 
7fa29a5a8000-7fa29a5bf000 r-xp 00000000 b3:06 1050645                    /lib/x86_64-linux-gnu/libnsl-2.27.so
7fa29a5bf000-7fa29a7be000 ---p 00017000 b3:06 1050645                    /lib/x86_64-linux-gnu/libnsl-2.27.so
7fa29a7be000-7fa29a7bf000 r--p 00016000 b3:06 1050645                    /lib/x86_64-linux-gnu/libnsl-2.27.so
7fa29a7bf000-7fa29a7c0000 rw-p 00017000 b3:06 1050645                    /lib/x86_64-linux-gnu/libnsl-2.27.so
7fa29a7c0000-7fa29a7c2000 rw-p 00000000 00:00 0 
7fa29a7c2000-7fa29a7cd000 r-xp 00000000 b3:06 1050662                    /lib/x86_64-linux-gnu/libnss_nis-2.27.so
7fa29a7cd000-7fa29a9cc000 ---p 0000b000 b3:06 1050662                    /lib/x86_64-linux-gnu/libnss_nis-2.27.so
7fa29a9cc000-7fa29a9cd000 r--p 0000a000 b3:06 1050662                    /lib/x86_64-linux-gnu/libnss_nis-2.27.so
7fa29a9cd000-7fa29a9ce000 rw-p 0000b000 b3:06 1050662                    /lib/x86_64-linux-gnu/libnss_nis-2.27.so
7fa29a9ce000-7fa29a9d6000 r-xp 00000000 b3:06 1050647                    /lib/x86_64-linux-gnu/libnss_compat-2.27.so
7fa29a9d6000-7fa29abd6000 ---p 00008000 b3:06 1050647                    /lib/x86_64-linux-gnu/libnss_compat-2.27.so
7fa29abd6000-7fa29abd7000 r--p 00008000 b3:06 1050647                    /lib/x86_64-linux-gnu/libnss_compat-2.27.so
7fa29abd7000-7fa29abd8000 rw-p 00009000 b3:06 1050647                    /lib/x86_64-linux-gnu/libnss_compat-2.27.so
7fa29abd8000-7fa29ac01000 r-xp 00000000 b3:06 1441777                    /usr/lib/jvm/java-11-openjdk-amd64/lib/libjava.so
7fa29ac01000-7fa29ae00000 ---p 00029000 b3:06 1441777                    /usr/lib/jvm/java-11-openjdk-amd64/lib/libjava.so
7fa29ae00000-7fa29ae01000 r--p 00028000 b3:06 1441777                    /usr/lib/jvm/java-11-openjdk-amd64/lib/libjava.so
7fa29ae01000-7fa29ae03000 rw-p 00029000 b3:06 1441777                    /usr/lib/jvm/java-11-openjdk-amd64/lib/libjava.so
7fa29ae03000-7fa29ae10000 r-xp 00000000 b3:06 1441812                    /usr/lib/jvm/java-11-openjdk-amd64/lib/libverify.so
7fa29ae10000-7fa29b00f000 ---p 0000d000 b3:06 1441812                    /usr/lib/jvm/java-11-openjdk-amd64/lib/libverify.so
7fa29b00f000-7fa29b011000 r--p 0000c000 b3:06 1441812                    /usr/lib/jvm/java-11-openjdk-amd64/lib/libverify.so
7fa29b011000-7fa29b012000 rw-p 0000e000 b3:06 1441812                    /usr/lib/jvm/java-11-openjdk-amd64/lib/libverify.so
7fa29b012000-7fa29b019000 r-xp 00000000 b3:06 1050702                    /lib/x86_64-linux-gnu/librt-2.27.so
7fa29b019000-7fa29b218000 ---p 00007000 b3:06 1050702                    /lib/x86_64-linux-gnu/librt-2.27.so
7fa29b218000-7fa29b219000 r--p 00006000 b3:06 1050702                    /lib/x86_64-linux-gnu/librt-2.27.so
7fa29b219000-7fa29b21a000 rw-p 00007000 b3:06 1050702                    /lib/x86_64-linux-gnu/librt-2.27.so
7fa29b21a000-7fa29b231000 r-xp 00000000 b3:06 1050598                    /lib/x86_64-linux-gnu/libgcc_s.so.1
7fa29b231000-7fa29b430000 ---p 00017000 b3:06 1050598                    /lib/x86_64-linux-gnu/libgcc_s.so.1
7fa29b430000-7fa29b431000 r--p 00016000 b3:06 1050598                    /lib/x86_64-linux-gnu/libgcc_s.so.1
7fa29b431000-7fa29b432000 rw-p 00017000 b3:06 1050598                    /lib/x86_64-linux-gnu/libgcc_s.so.1
7fa29b432000-7fa29b5cf000 r-xp 00000000 b3:06 1050624                    /lib/x86_64-linux-gnu/libm-2.27.so
7fa29b5cf000-7fa29b7ce000 ---p 0019d000 b3:06 1050624                    /lib/x86_64-linux-gnu/libm-2.27.so
7fa29b7ce000-7fa29b7cf000 r--p 0019c000 b3:06 1050624                    /lib/x86_64-linux-gnu/libm-2.27.so
7fa29b7cf000-7fa29b7d0000 rw-p 0019d000 b3:06 1050624                    /lib/x86_64-linux-gnu/libm-2.27.so
7fa29b7d0000-7fa29b949000 r-xp 00000000 b3:06 1446455                    /usr/lib/x86_64-linux-gnu/libstdc++.so.6.0.25
7fa29b949000-7fa29bb49000 ---p 00179000 b3:06 1446455                    /usr/lib/x86_64-linux-gnu/libstdc++.so.6.0.25
7fa29bb49000-7fa29bb53000 r--p 00179000 b3:06 1446455                    /usr/lib/x86_64-linux-gnu/libstdc++.so.6.0.25
7fa29bb53000-7fa29bb55000 rw-p 00183000 b3:06 1446455                    /usr/lib/x86_64-linux-gnu/libstdc++.so.6.0.25
7fa29bb55000-7fa29bb59000 rw-p 00000000 00:00 0 
7fa29bb59000-7fa29cc25000 r-xp 00000000 b3:06 1441824                    /usr/lib/jvm/java-11-openjdk-amd64/lib/server/libjvm.so
7fa29cc25000-7fa29ce24000 ---p 010cc000 b3:06 1441824                    /usr/lib/jvm/java-11-openjdk-amd64/lib/server/libjvm.so
7fa29ce24000-7fa29cee1000 r--p 010cb000 b3:06 1441824                    /usr/lib/jvm/java-11-openjdk-amd64/lib/server/libjvm.so
7fa29cee1000-7fa29cf1a000 rw-p 01188000 b3:06 1441824                    /usr/lib/jvm/java-11-openjdk-amd64/lib/server/libjvm.so
7fa29cf1a000-7fa29cf70000 rw-p 00000000 00:00 0 
7fa29cf70000-7fa29cf8a000 r-xp 00000000 b3:06 1050694                    /lib/x86_64-linux-gnu/libpthread-2.27.so
7fa29cf8a000-7fa29d189000 ---p 0001a000 b3:06 1050694                    /lib/x86_64-linux-gnu/libpthread-2.27.so
7fa29d189000-7fa29d18a000 r--p 00019000 b3:06 1050694                    /lib/x86_64-linux-gnu/libpthread-2.27.so
7fa29d18a000-7fa29d18b000 rw-p 0001a000 b3:06 1050694                    /lib/x86_64-linux-gnu/libpthread-2.27.so
7fa29d18b000-7fa29d18f000 rw-p 00000000 00:00 0 
7fa29d18f000-7fa29d192000 r-xp 00000000 b3:06 1050584                    /lib/x86_64-linux-gnu/libdl-2.27.so
7fa29d192000-7fa29d391000 ---p 00003000 b3:06 1050584                    /lib/x86_64-linux-gnu/libdl-2.27.so
7fa29d391000-7fa29d392000 r--p 00002000 b3:06 1050584                    /lib/x86_64-linux-gnu/libdl-2.27.so
7fa29d392000-7fa29d393000 rw-p 00003000 b3:06 1050584                    /lib/x86_64-linux-gnu/libdl-2.27.so
7fa29d393000-7fa29d3af000 r-xp 00000000 b3:06 1050735                    /lib/x86_64-linux-gnu/libz.so.1.2.11
7fa29d3af000-7fa29d5ae000 ---p 0001c000 b3:06 1050735                    /lib/x86_64-linux-gnu/libz.so.1.2.11
7fa29d5ae000-7fa29d5af000 r--p 0001b000 b3:06 1050735                    /lib/x86_64-linux-gnu/libz.so.1.2.11
7fa29d5af000-7fa29d5b0000 rw-p 0001c000 b3:06 1050735                    /lib/x86_64-linux-gnu/libz.so.1.2.11
7fa29d5b0000-7fa29d797000 r-xp 00000000 b3:06 1050561                    /lib/x86_64-linux-gnu/libc-2.27.so
7fa29d797000-7fa29d997000 ---p 001e7000 b3:06 1050561                    /lib/x86_64-linux-gnu/libc-2.27.so
7fa29d997000-7fa29d99b000 r--p 001e7000 b3:06 1050561                    /lib/x86_64-linux-gnu/libc-2.27.so
7fa29d99b000-7fa29d99d000 rw-p 001eb000 b3:06 1050561                    /lib/x86_64-linux-gnu/libc-2.27.so
7fa29d99d000-7fa29d9a1000 rw-p 00000000 00:00 0 
7fa29d9a1000-7fa29d9b1000 r-xp 00000000 b3:06 1441749                    /usr/lib/jvm/java-11-openjdk-amd64/lib/jli/libjli.so
7fa29d9b1000-7fa29dbb0000 ---p 00010000 b3:06 1441749                    /usr/lib/jvm/java-11-openjdk-amd64/lib/jli/libjli.so
7fa29dbb0000-7fa29dbb1000 r--p 0000f000 b3:06 1441749                    /usr/lib/jvm/java-11-openjdk-amd64/lib/jli/libjli.so
7fa29dbb1000-7fa29dbb2000 rw-p 00010000 b3:06 1441749                    /usr/lib/jvm/java-11-openjdk-amd64/lib/jli/libjli.so
7fa29dbb2000-7fa29dbd9000 r-xp 00000000 b3:06 1050533                    /lib/x86_64-linux-gnu/ld-2.27.so
7fa29dbe8000-7fa29dcbd000 rw-p 00000000 00:00 0 
7fa29dcbd000-7fa29dcc1000 ---p 00000000 00:00 0 
7fa29dcc1000-7fa29ddc0000 rw-p 00000000 00:00 0 
7fa29ddc1000-7fa29ddc6000 rw-p 00000000 00:00 0 
7fa29ddc6000-7fa29ddcd000 ---p 00000000 00:00 0 
7fa29ddcd000-7fa29ddd5000 rw-s 00000000 b3:06 417274                     /tmp/hsperfdata_lizandra/4003
7fa29ddd5000-7fa29ddd6000 ---p 00000000 00:00 0 
7fa29ddd6000-7fa29ddd7000 r--p 00000000 00:00 0 
7fa29ddd7000-7fa29ddd9000 rw-p 00000000 00:00 0 
7fa29ddd9000-7fa29ddda000 r--p 00027000 b3:06 1050533                    /lib/x86_64-linux-gnu/ld-2.27.so
7fa29ddda000-7fa29dddb000 rw-p 00028000 b3:06 1050533                    /lib/x86_64-linux-gnu/ld-2.27.so
7fa29dddb000-7fa29dddc000 rw-p 00000000 00:00 0 
7ffe22120000-7ffe22141000 rw-p 00000000 00:00 0                          [stack]
7ffe221b2000-7ffe221b5000 r--p 00000000 00:00 0                          [vvar]
7ffe221b5000-7ffe221b7000 r-xp 00000000 00:00 0                          [vdso]
ffffffffff600000-ffffffffff601000 r-xp 00000000 00:00 0                  [vsyscall]


VM Arguments:
jvm_args: -Dclassworlds.conf=/home/lizandra/Software/netbeans/java/maven/bin/m2.conf -Dmaven.home=/home/lizandra/Software/netbeans/java/maven -Dmaven.multiModuleProjectDirectory=/home/lizandra/NetBeansProjects/sistema-nutri 
java_command: org.codehaus.plexus.classworlds.launcher.Launcher -Dnetbeans.deploy=true -Dmaven.ext.class.path=/home/lizandra/Software/netbeans/java/maven-nblib/netbeans-eventspy.jar package
java_class_path (initial): /home/lizandra/Software/netbeans/java/maven/boot/plexus-classworlds-2.5.2.jar
Launcher Type: SUN_STANDARD

[Global flags]
     intx CICompilerCount                          = 2                                         {product} {ergonomic}
     uint ConcGCThreads                            = 1                                         {product} {ergonomic}
     uint G1ConcRefinementThreads                  = 2                                         {product} {ergonomic}
   size_t G1HeapRegionSize                         = 1048576                                   {product} {ergonomic}
    uintx GCDrainStackTargetSize                   = 64                                        {product} {ergonomic}
   size_t InitialHeapSize                          = 31457280                                  {product} {ergonomic}
   size_t MarkStackSize                            = 4194304                                   {product} {ergonomic}
   size_t MaxHeapSize                              = 486539264                                 {product} {ergonomic}
   size_t MaxNewSize                               = 291504128                                 {product} {ergonomic}
   size_t MinHeapDeltaBytes                        = 1048576                                   {product} {ergonomic}
    uintx NonNMethodCodeHeapSize                   = 5824844                                {pd product} {ergonomic}
    uintx NonProfiledCodeHeapSize                  = 122916698                              {pd product} {ergonomic}
    uintx ProfiledCodeHeapSize                     = 122916698                              {pd product} {ergonomic}
    uintx ReservedCodeCacheSize                    = 251658240                              {pd product} {ergonomic}
     bool SegmentedCodeCache                       = true                                      {product} {ergonomic}
     bool UseCompressedClassPointers               = true                                 {lp64_product} {ergonomic}
     bool UseCompressedOops                        = true                                 {lp64_product} {ergonomic}
     bool UseG1GC                                  = true                                      {product} {ergonomic}

Logging:
Log output configuration:
 #0: stdout all=warning uptime,level,tags
 #1: stderr all=off uptime,level,tags

Environment Variables:
JAVA_HOME=/usr/lib/jvm/java-11-openjdk-amd64
PATH=/usr/local/sbin:/usr/local/bin:/usr/sbin:/usr/bin:/sbin:/bin:/usr/games:/usr/local/games
SHELL=/bin/bash
DISPLAY=:0

Signal Handlers:
SIGSEGV: [libjvm.so+0xde5f50], sa_mask[0]=11111111011111111101111111111110, sa_flags=SA_RESTART|SA_SIGINFO
SIGBUS: [libjvm.so+0xde5f50], sa_mask[0]=11111111011111111101111111111110, sa_flags=SA_RESTART|SA_SIGINFO
SIGFPE: [libjvm.so+0xde5f50], sa_mask[0]=11111111011111111101111111111110, sa_flags=SA_RESTART|SA_SIGINFO
SIGPIPE: [libjvm.so+0xbba5b0], sa_mask[0]=11111111011111111101111111111110, sa_flags=SA_RESTART|SA_SIGINFO
SIGXFSZ: [libjvm.so+0xbba5b0], sa_mask[0]=11111111011111111101111111111110, sa_flags=SA_RESTART|SA_SIGINFO
SIGILL: [libjvm.so+0xde5f50], sa_mask[0]=11111111011111111101111111111110, sa_flags=SA_RESTART|SA_SIGINFO
SIGUSR2: [libjvm.so+0xbba450], sa_mask[0]=00100000000000000000000000000000, sa_flags=SA_RESTART|SA_SIGINFO
SIGHUP: [libjvm.so+0xbba7b0], sa_mask[0]=11111111011111111101111111111110, sa_flags=SA_RESTART|SA_SIGINFO
SIGINT: SIG_IGN, sa_mask[0]=00000000000000000000000000000000, sa_flags=none
SIGTERM: [libjvm.so+0xbba7b0], sa_mask[0]=11111111011111111101111111111110, sa_flags=SA_RESTART|SA_SIGINFO
SIGQUIT: [libjvm.so+0xbba7b0], sa_mask[0]=11111111011111111101111111111110, sa_flags=SA_RESTART|SA_SIGINFO


---------------  S Y S T E M  ---------------

OS:DISTRIB_ID=LinuxMint
DISTRIB_RELEASE=19.2
DISTRIB_CODENAME=tina
DISTRIB_DESCRIPTION="Linux Mint 19.2 Tina"
uname:Linux 4.15.0-58-generic #64-Ubuntu SMP Tue Aug 6 11:12:41 UTC 2019 x86_64
libc:glibc 2.27 NPTL 2.27 
rlimit: STACK 8192k, CORE 0k, NPROC 6965, NOFILE 1048576, AS infinity, DATA infinity, FSIZE infinity
load average:21,21 12,19 6,01

/proc/meminfo:
MemTotal:        1897592 kB
MemFree:           65680 kB
MemAvailable:      12364 kB
Buffers:             368 kB
Cached:            81664 kB
SwapCached:          456 kB
Active:          1260932 kB
Inactive:         426592 kB
Active(anon):    1255656 kB
Inactive(anon):   418596 kB
Active(file):       5276 kB
Inactive(file):     7996 kB
Unevictable:          48 kB
Mlocked:              48 kB
SwapTotal:       1301168 kB
SwapFree:              0 kB
Dirty:               252 kB
Writeback:           200 kB
AnonPages:       1605196 kB
Mapped:            25712 kB
Shmem:             68648 kB
Slab:              64264 kB
SReclaimable:      29360 kB
SUnreclaim:        34904 kB
KernelStack:       10992 kB
PageTables:        35968 kB
NFS_Unstable:          0 kB
Bounce:                0 kB
WritebackTmp:          0 kB
CommitLimit:     2249964 kB
Committed_AS:    5818872 kB
VmallocTotal:   34359738367 kB
VmallocUsed:           0 kB
VmallocChunk:          0 kB
HardwareCorrupted:     0 kB
AnonHugePages:         0 kB
ShmemHugePages:        0 kB
ShmemPmdMapped:        0 kB
CmaTotal:              0 kB
CmaFree:               0 kB
HugePages_Total:       0
HugePages_Free:        0
HugePages_Rsvd:        0
HugePages_Surp:        0
Hugepagesize:       2048 kB
DirectMap4k:      128768 kB
DirectMap2M:     1822720 kB


/proc/sys/kernel/threads-max (system-wide limit on the number of threads):
13930


/proc/sys/vm/max_map_count (maximum number of memory map areas a process may have):
65530


/proc/sys/kernel/pid_max (system-wide limit on number of process identifiers):
32768



container (cgroup) information:
container_type: cgroupv1
cpu_cpuset_cpus: 0-1
cpu_memory_nodes: 0
active_processor_count: 2
cpu_quota: -1
cpu_period: 100000
cpu_shares: -1
memory_limit_in_bytes: -1
memory_and_swap_limit_in_bytes: -2
memory_soft_limit_in_bytes: -1
memory_usage_in_bytes: 1728512000
memory_max_usage_in_bytes: 0

Steal ticks since vm start: 0
Steal ticks percentage since vm start:  0,000

CPU:total 2 (initial active 2) (2 cores per cpu, 1 threads per core) family 6 model 76 stepping 3, cmov, cx8, fxsr, mmx, sse, sse2, sse3, ssse3, sse4.1, sse4.2, popcnt, aes, clmul, erms, 3dnowpref, tsc, tscinvbit
CPU Model and flags from /proc/cpuinfo:
model name	: Intel(R) Celeron(R) CPU  N3050  @ 1.60GHz
flags		: fpu vme de pse tsc msr pae mce cx8 apic sep mtrr pge mca cmov pat pse36 clflush dts acpi mmx fxsr sse sse2 ss ht tm pbe syscall nx rdtscp lm constant_tsc arch_perfmon pebs bts rep_good nopl xtopology tsc_reliable nonstop_tsc cpuid aperfmperf tsc_known_freq pni pclmulqdq dtes64 monitor ds_cpl vmx est tm2 ssse3 cx16 xtpr pdcm sse4_1 sse4_2 movbe popcnt tsc_deadline_timer aes rdrand lahf_lm 3dnowprefetch epb pti ibrs ibpb stibp tpr_shadow vnmi flexpriority ept vpid tsc_adjust smep erms dtherm ida arat md_clear

Memory: 4k page, physical 1897592k(64688k free), swap 1301168k(0k free)

vm_info: OpenJDK 64-Bit Server VM (11.0.4+11-post-Ubuntu-1ubuntu218.04.3) for linux-amd64 JRE (11.0.4+11-post-Ubuntu-1ubuntu218.04.3), built on Jul 18 2019 18:21:46 by "buildd" with gcc 7.4.0

END.
