#
# There is insufficient memory for the Java Runtime Environment to continue.
# Native memory allocation (mmap) failed to map 33554432 bytes for committing reserved memory.
# Possible reasons:
#   The system is out of physical RAM or swap space
#   The process is running with CompressedOops enabled, and the Java Heap may be blocking the growth of the native heap
# Possible solutions:
#   Reduce memory load on the system
#   Increase physical memory or swap space
#   Check if swap backing store is full
#   Decrease Java heap size (-Xmx/-Xms)
#   Decrease number of Java threads
#   Decrease Java thread stack sizes (-Xss)
#   Set larger code cache with -XX:ReservedCodeCacheSize=
# This output file may be truncated or incomplete.
#
#  Out of Memory Error (os_linux.cpp:2893), pid=4240, tid=4251
#
# JRE version:  (11.0.4+11) (build )
# Java VM: OpenJDK 64-Bit Server VM (11.0.4+11-post-Ubuntu-1ubuntu218.04.3, mixed mode, aot, sharing, tiered, compressed oops, g1 gc, linux-amd64)
# Core dump will be written. Default location: Core dumps may be processed with "/lib/systemd/systemd-coredump %P %u %g %s %t 9223372036854775808 %e" (or dumping to /home/lizandra/NetBeansProjects/sistema-nutri/core.4240)
#

---------------  S U M M A R Y ------------

Command Line: -Dclassworlds.conf=/home/lizandra/Software/netbeans/java/maven/bin/m2.conf -Dmaven.home=/home/lizandra/Software/netbeans/java/maven -Dmaven.multiModuleProjectDirectory=/home/lizandra/NetBeansProjects/sistema-nutri org.codehaus.plexus.classworlds.launcher.Launcher -Dnetbeans.deploy=true -Dmaven.ext.class.path=/home/lizandra/Software/netbeans/java/maven-nblib/netbeans-eventspy.jar package

Host: Intel(R) Celeron(R) CPU  N3050  @ 1.60GHz, 2 cores, 1G, Linux Mint 19.2 Tina
Time: Mon Oct 14 12:25:37 2019 -03 elapsed time: 3 seconds (0d 0h 0m 3s)

---------------  T H R E A D  ---------------

Current thread (0x00007f78bc012000):  JavaThread "Unknown thread" [_thread_in_vm, id=4251, stack(0x00007f78c5b24000,0x00007f78c5c25000)]

Stack: [0x00007f78c5b24000,0x00007f78c5c25000],  sp=0x00007f78c5c23560,  free space=1021k
Native frames: (J=compiled Java code, A=aot compiled Java code, j=interpreted, Vv=VM code, C=native code)
V  [libjvm.so+0xde4547]
V  [libjvm.so+0xde519b]
V  [libjvm.so+0x6511a5]
V  [libjvm.so+0xbbe7c8]
V  [libjvm.so+0xbb5a7f]
V  [libjvm.so+0x73cf23]
V  [libjvm.so+0x740892]
V  [libjvm.so+0x72e52a]
V  [libjvm.so+0xd9ea32]
V  [libjvm.so+0xd9ecc6]
V  [libjvm.so+0x80f907]
V  [libjvm.so+0xd7d627]
V  [libjvm.so+0x8c8611]  JNI_CreateJavaVM+0x51
C  [libjli.so+0x4a66]
C  [libjli.so+0x92cd]


---------------  P R O C E S S  ---------------

Threads class SMR info:
_java_thread_list=0x000056256a32b1b0, length=0, elements={
}

Java Threads: ( => current thread )

Other Threads:
  0x00007f78bc028000 GCTaskThread "GC Thread#0" [stack: 0x00007f78c1b19000,0x00007f78c1c19000] [id=4252]

[error occurred during error reporting (printing all threads), id 0xb, SIGSEGV (0xb) at pc=0x00007f78c40fc1b1]

VM state:not at safepoint (not fully initialized)

VM Mutex/Monitor currently owned by a thread:  ([mutex/lock_event])
[0x00007f78bc00ebb0] Heap_lock - owner thread: 0x00007f78bc012000

Heap address: 0x00000000e3000000, size: 464 MB, Compressed Oops mode: Non-zero based: 0x00000000e3000000
Narrow klass base: 0x0000000000000000, Narrow klass shift: 0

GC Heap History (0 events):
No events

Deoptimization events (0 events):
No events

Classes redefined (0 events):
No events

Internal exceptions (0 events):
No events

Events (0 events):
No events


Dynamic libraries:
e3000000-100000000 ---p 00000000 00:00 0 
562568b22000-562568b23000 r-xp 00000000 b3:06 1441529                    /usr/lib/jvm/java-11-openjdk-amd64/bin/java
562568d23000-562568d24000 r--p 00001000 b3:06 1441529                    /usr/lib/jvm/java-11-openjdk-amd64/bin/java
562568d24000-562568d25000 rw-p 00002000 b3:06 1441529                    /usr/lib/jvm/java-11-openjdk-amd64/bin/java
56256a313000-56256a334000 rw-p 00000000 00:00 0                          [heap]
7f7898000000-7f7898021000 rw-p 00000000 00:00 0 
7f7898021000-7f789c000000 ---p 00000000 00:00 0 
7f789c000000-7f789c021000 rw-p 00000000 00:00 0 
7f789c021000-7f78a0000000 ---p 00000000 00:00 0 
7f78a0000000-7f78a0021000 rw-p 00000000 00:00 0 
7f78a0021000-7f78a4000000 ---p 00000000 00:00 0 
7f78a4956000-7f78a4bc6000 rwxp 00000000 00:00 0 
7f78a4bc6000-7f78a4ee5000 ---p 00000000 00:00 0 
7f78a4ee5000-7f78a5155000 rwxp 00000000 00:00 0 
7f78a5155000-7f78ac41d000 ---p 00000000 00:00 0 
7f78ac41d000-7f78ac68d000 rwxp 00000000 00:00 0 
7f78ac68d000-7f78b3956000 ---p 00000000 00:00 0 
7f78b3956000-7f78bc000000 r--s 00000000 b3:06 1441815                    /usr/lib/jvm/java-11-openjdk-amd64/lib/modules
7f78bc000000-7f78bc043000 rw-p 00000000 00:00 0 
7f78bc043000-7f78c0000000 ---p 00000000 00:00 0 
7f78c05d9000-7f78c05da000 ---p 00000000 00:00 0 
7f78c05da000-7f78c06db000 rw-p 00000000 00:00 0 
7f78c06db000-7f78c06dc000 ---p 00000000 00:00 0 
7f78c06dc000-7f78c07dd000 rw-p 00000000 00:00 0 
7f78c07dd000-7f78c1915000 ---p 00000000 00:00 0 
7f78c1915000-7f78c1b17000 rw-p 00000000 00:00 0 
7f78c1b17000-7f78c1b18000 ---p 00000000 00:00 0 
7f78c1b18000-7f78c1c1e000 rw-p 00000000 00:00 0 
7f78c1c1e000-7f78c1d04000 ---p 00000000 00:00 0 
7f78c1d04000-7f78c1d09000 rw-p 00000000 00:00 0 
7f78c1d09000-7f78c1def000 ---p 00000000 00:00 0 
7f78c1def000-7f78c1df4000 r-xp 00000000 b3:06 1441785                    /usr/lib/jvm/java-11-openjdk-amd64/lib/libjimage.so
7f78c1df4000-7f78c1ff3000 ---p 00005000 b3:06 1441785                    /usr/lib/jvm/java-11-openjdk-amd64/lib/libjimage.so
7f78c1ff3000-7f78c1ff4000 r--p 00004000 b3:06 1441785                    /usr/lib/jvm/java-11-openjdk-amd64/lib/libjimage.so
7f78c1ff4000-7f78c1ff5000 rw-p 00005000 b3:06 1441785                    /usr/lib/jvm/java-11-openjdk-amd64/lib/libjimage.so
7f78c1ff5000-7f78c1ffc000 r-xp 00000000 b3:06 1441814                    /usr/lib/jvm/java-11-openjdk-amd64/lib/libzip.so
7f78c1ffc000-7f78c21fb000 ---p 00007000 b3:06 1441814                    /usr/lib/jvm/java-11-openjdk-amd64/lib/libzip.so
7f78c21fb000-7f78c21fc000 r--p 00006000 b3:06 1441814                    /usr/lib/jvm/java-11-openjdk-amd64/lib/libzip.so
7f78c21fc000-7f78c21fd000 rw-p 00007000 b3:06 1441814                    /usr/lib/jvm/java-11-openjdk-amd64/lib/libzip.so
7f78c21fd000-7f78c2208000 r-xp 00000000 b3:06 1050651                    /lib/x86_64-linux-gnu/libnss_files-2.27.so
7f78c2208000-7f78c2407000 ---p 0000b000 b3:06 1050651                    /lib/x86_64-linux-gnu/libnss_files-2.27.so
7f78c2407000-7f78c2408000 r--p 0000a000 b3:06 1050651                    /lib/x86_64-linux-gnu/libnss_files-2.27.so
7f78c2408000-7f78c2409000 rw-p 0000b000 b3:06 1050651                    /lib/x86_64-linux-gnu/libnss_files-2.27.so
7f78c2409000-7f78c240f000 rw-p 00000000 00:00 0 
7f78c240f000-7f78c2426000 r-xp 00000000 b3:06 1050645                    /lib/x86_64-linux-gnu/libnsl-2.27.so
7f78c2426000-7f78c2625000 ---p 00017000 b3:06 1050645                    /lib/x86_64-linux-gnu/libnsl-2.27.so
7f78c2625000-7f78c2626000 r--p 00016000 b3:06 1050645                    /lib/x86_64-linux-gnu/libnsl-2.27.so
7f78c2626000-7f78c2627000 rw-p 00017000 b3:06 1050645                    /lib/x86_64-linux-gnu/libnsl-2.27.so
7f78c2627000-7f78c2629000 rw-p 00000000 00:00 0 
7f78c2629000-7f78c2634000 r-xp 00000000 b3:06 1050662                    /lib/x86_64-linux-gnu/libnss_nis-2.27.so
7f78c2634000-7f78c2833000 ---p 0000b000 b3:06 1050662                    /lib/x86_64-linux-gnu/libnss_nis-2.27.so
7f78c2833000-7f78c2834000 r--p 0000a000 b3:06 1050662                    /lib/x86_64-linux-gnu/libnss_nis-2.27.so
7f78c2834000-7f78c2835000 rw-p 0000b000 b3:06 1050662                    /lib/x86_64-linux-gnu/libnss_nis-2.27.so
7f78c2835000-7f78c283d000 r-xp 00000000 b3:06 1050647                    /lib/x86_64-linux-gnu/libnss_compat-2.27.so
7f78c283d000-7f78c2a3d000 ---p 00008000 b3:06 1050647                    /lib/x86_64-linux-gnu/libnss_compat-2.27.so
7f78c2a3d000-7f78c2a3e000 r--p 00008000 b3:06 1050647                    /lib/x86_64-linux-gnu/libnss_compat-2.27.so
7f78c2a3e000-7f78c2a3f000 rw-p 00009000 b3:06 1050647                    /lib/x86_64-linux-gnu/libnss_compat-2.27.so
7f78c2a3f000-7f78c2a68000 r-xp 00000000 b3:06 1441777                    /usr/lib/jvm/java-11-openjdk-amd64/lib/libjava.so
7f78c2a68000-7f78c2c67000 ---p 00029000 b3:06 1441777                    /usr/lib/jvm/java-11-openjdk-amd64/lib/libjava.so
7f78c2c67000-7f78c2c68000 r--p 00028000 b3:06 1441777                    /usr/lib/jvm/java-11-openjdk-amd64/lib/libjava.so
7f78c2c68000-7f78c2c6a000 rw-p 00029000 b3:06 1441777                    /usr/lib/jvm/java-11-openjdk-amd64/lib/libjava.so
7f78c2c6a000-7f78c2c77000 r-xp 00000000 b3:06 1441812                    /usr/lib/jvm/java-11-openjdk-amd64/lib/libverify.so
7f78c2c77000-7f78c2e76000 ---p 0000d000 b3:06 1441812                    /usr/lib/jvm/java-11-openjdk-amd64/lib/libverify.so
7f78c2e76000-7f78c2e78000 r--p 0000c000 b3:06 1441812                    /usr/lib/jvm/java-11-openjdk-amd64/lib/libverify.so
7f78c2e78000-7f78c2e79000 rw-p 0000e000 b3:06 1441812                    /usr/lib/jvm/java-11-openjdk-amd64/lib/libverify.so
7f78c2e79000-7f78c2e80000 r-xp 00000000 b3:06 1050702                    /lib/x86_64-linux-gnu/librt-2.27.so
7f78c2e80000-7f78c307f000 ---p 00007000 b3:06 1050702                    /lib/x86_64-linux-gnu/librt-2.27.so
7f78c307f000-7f78c3080000 r--p 00006000 b3:06 1050702                    /lib/x86_64-linux-gnu/librt-2.27.so
7f78c3080000-7f78c3081000 rw-p 00007000 b3:06 1050702                    /lib/x86_64-linux-gnu/librt-2.27.so
7f78c3081000-7f78c3098000 r-xp 00000000 b3:06 1050598                    /lib/x86_64-linux-gnu/libgcc_s.so.1
7f78c3098000-7f78c3297000 ---p 00017000 b3:06 1050598                    /lib/x86_64-linux-gnu/libgcc_s.so.1
7f78c3297000-7f78c3298000 r--p 00016000 b3:06 1050598                    /lib/x86_64-linux-gnu/libgcc_s.so.1
7f78c3298000-7f78c3299000 rw-p 00017000 b3:06 1050598                    /lib/x86_64-linux-gnu/libgcc_s.so.1
7f78c3299000-7f78c3436000 r-xp 00000000 b3:06 1050624                    /lib/x86_64-linux-gnu/libm-2.27.so
7f78c3436000-7f78c3635000 ---p 0019d000 b3:06 1050624                    /lib/x86_64-linux-gnu/libm-2.27.so
7f78c3635000-7f78c3636000 r--p 0019c000 b3:06 1050624                    /lib/x86_64-linux-gnu/libm-2.27.so
7f78c3636000-7f78c3637000 rw-p 0019d000 b3:06 1050624                    /lib/x86_64-linux-gnu/libm-2.27.so
7f78c3637000-7f78c37b0000 r-xp 00000000 b3:06 1446455                    /usr/lib/x86_64-linux-gnu/libstdc++.so.6.0.25
7f78c37b0000-7f78c39b0000 ---p 00179000 b3:06 1446455                    /usr/lib/x86_64-linux-gnu/libstdc++.so.6.0.25
7f78c39b0000-7f78c39ba000 r--p 00179000 b3:06 1446455                    /usr/lib/x86_64-linux-gnu/libstdc++.so.6.0.25
7f78c39ba000-7f78c39bc000 rw-p 00183000 b3:06 1446455                    /usr/lib/x86_64-linux-gnu/libstdc++.so.6.0.25
7f78c39bc000-7f78c39c0000 rw-p 00000000 00:00 0 
7f78c39c0000-7f78c4a8c000 r-xp 00000000 b3:06 1441824                    /usr/lib/jvm/java-11-openjdk-amd64/lib/server/libjvm.so
7f78c4a8c000-7f78c4c8b000 ---p 010cc000 b3:06 1441824                    /usr/lib/jvm/java-11-openjdk-amd64/lib/server/libjvm.so
7f78c4c8b000-7f78c4d48000 r--p 010cb000 b3:06 1441824                    /usr/lib/jvm/java-11-openjdk-amd64/lib/server/libjvm.so
7f78c4d48000-7f78c4d81000 rw-p 01188000 b3:06 1441824                    /usr/lib/jvm/java-11-openjdk-amd64/lib/server/libjvm.so
7f78c4d81000-7f78c4dd7000 rw-p 00000000 00:00 0 
7f78c4dd7000-7f78c4df1000 r-xp 00000000 b3:06 1050694                    /lib/x86_64-linux-gnu/libpthread-2.27.so
7f78c4df1000-7f78c4ff0000 ---p 0001a000 b3:06 1050694                    /lib/x86_64-linux-gnu/libpthread-2.27.so
7f78c4ff0000-7f78c4ff1000 r--p 00019000 b3:06 1050694                    /lib/x86_64-linux-gnu/libpthread-2.27.so
7f78c4ff1000-7f78c4ff2000 rw-p 0001a000 b3:06 1050694                    /lib/x86_64-linux-gnu/libpthread-2.27.so
7f78c4ff2000-7f78c4ff6000 rw-p 00000000 00:00 0 
7f78c4ff6000-7f78c4ff9000 r-xp 00000000 b3:06 1050584                    /lib/x86_64-linux-gnu/libdl-2.27.so
7f78c4ff9000-7f78c51f8000 ---p 00003000 b3:06 1050584                    /lib/x86_64-linux-gnu/libdl-2.27.so
7f78c51f8000-7f78c51f9000 r--p 00002000 b3:06 1050584                    /lib/x86_64-linux-gnu/libdl-2.27.so
7f78c51f9000-7f78c51fa000 rw-p 00003000 b3:06 1050584                    /lib/x86_64-linux-gnu/libdl-2.27.so
7f78c51fa000-7f78c5216000 r-xp 00000000 b3:06 1050735                    /lib/x86_64-linux-gnu/libz.so.1.2.11
7f78c5216000-7f78c5415000 ---p 0001c000 b3:06 1050735                    /lib/x86_64-linux-gnu/libz.so.1.2.11
7f78c5415000-7f78c5416000 r--p 0001b000 b3:06 1050735                    /lib/x86_64-linux-gnu/libz.so.1.2.11
7f78c5416000-7f78c5417000 rw-p 0001c000 b3:06 1050735                    /lib/x86_64-linux-gnu/libz.so.1.2.11
7f78c5417000-7f78c55fe000 r-xp 00000000 b3:06 1050561                    /lib/x86_64-linux-gnu/libc-2.27.so
7f78c55fe000-7f78c57fe000 ---p 001e7000 b3:06 1050561                    /lib/x86_64-linux-gnu/libc-2.27.so
7f78c57fe000-7f78c5802000 r--p 001e7000 b3:06 1050561                    /lib/x86_64-linux-gnu/libc-2.27.so
7f78c5802000-7f78c5804000 rw-p 001eb000 b3:06 1050561                    /lib/x86_64-linux-gnu/libc-2.27.so
7f78c5804000-7f78c5808000 rw-p 00000000 00:00 0 
7f78c5808000-7f78c5818000 r-xp 00000000 b3:06 1441749                    /usr/lib/jvm/java-11-openjdk-amd64/lib/jli/libjli.so
7f78c5818000-7f78c5a17000 ---p 00010000 b3:06 1441749                    /usr/lib/jvm/java-11-openjdk-amd64/lib/jli/libjli.so
7f78c5a17000-7f78c5a18000 r--p 0000f000 b3:06 1441749                    /usr/lib/jvm/java-11-openjdk-amd64/lib/jli/libjli.so
7f78c5a18000-7f78c5a19000 rw-p 00010000 b3:06 1441749                    /usr/lib/jvm/java-11-openjdk-amd64/lib/jli/libjli.so
7f78c5a19000-7f78c5a40000 r-xp 00000000 b3:06 1050533                    /lib/x86_64-linux-gnu/ld-2.27.so
7f78c5b14000-7f78c5b24000 rw-p 00000000 00:00 0 
7f78c5b24000-7f78c5b28000 ---p 00000000 00:00 0 
7f78c5b28000-7f78c5c27000 rw-p 00000000 00:00 0 
7f78c5c28000-7f78c5c2d000 rw-p 00000000 00:00 0 
7f78c5c2d000-7f78c5c34000 ---p 00000000 00:00 0 
7f78c5c34000-7f78c5c3c000 rw-s 00000000 b3:06 416945                     /tmp/hsperfdata_lizandra/4240
7f78c5c3c000-7f78c5c3d000 ---p 00000000 00:00 0 
7f78c5c3d000-7f78c5c3e000 r--p 00000000 00:00 0 
7f78c5c3e000-7f78c5c40000 rw-p 00000000 00:00 0 
7f78c5c40000-7f78c5c41000 r--p 00027000 b3:06 1050533                    /lib/x86_64-linux-gnu/ld-2.27.so
7f78c5c41000-7f78c5c42000 rw-p 00028000 b3:06 1050533                    /lib/x86_64-linux-gnu/ld-2.27.so
7f78c5c42000-7f78c5c43000 rw-p 00000000 00:00 0 
7ffffbdb9000-7ffffbdda000 rw-p 00000000 00:00 0                          [stack]
7ffffbde6000-7ffffbde9000 r--p 00000000 00:00 0                          [vvar]
7ffffbde9000-7ffffbdeb000 r-xp 00000000 00:00 0                          [vdso]
ffffffffff600000-ffffffffff601000 r-xp 00000000 00:00 0                  [vsyscall]


VM Arguments:
jvm_args: -Dclassworlds.conf=/home/lizandra/Software/netbeans/java/maven/bin/m2.conf -Dmaven.home=/home/lizandra/Software/netbeans/java/maven -Dmaven.multiModuleProjectDirectory=/home/lizandra/NetBeansProjects/sistema-nutri 
java_command: org.codehaus.plexus.classworlds.launcher.Launcher -Dnetbeans.deploy=true -Dmaven.ext.class.path=/home/lizandra/Software/netbeans/java/maven-nblib/netbeans-eventspy.jar package
java_class_path (initial): /home/lizandra/Software/netbeans/java/maven/boot/plexus-classworlds-2.5.2.jar
Launcher Type: SUN_STANDARD

[Global flags]
     intx CICompilerCount                          = 2                                         {product} {ergonomic}
     uint ConcGCThreads                            = 1                                         {product} {ergonomic}
     uint G1ConcRefinementThreads                  = 2                                         {product} {ergonomic}
   size_t G1HeapRegionSize                         = 1048576                                   {product} {ergonomic}
    uintx GCDrainStackTargetSize                   = 64                                        {product} {ergonomic}
   size_t InitialHeapSize                          = 31457280                                  {product} {ergonomic}
   size_t MarkStackSize                            = 4194304                                   {product} {ergonomic}
   size_t MaxHeapSize                              = 486539264                                 {product} {ergonomic}
   size_t MinHeapDeltaBytes                        = 1048576                                   {product} {ergonomic}
    uintx NonNMethodCodeHeapSize                   = 5824844                                {pd product} {ergonomic}
    uintx NonProfiledCodeHeapSize                  = 122916698                              {pd product} {ergonomic}
    uintx ProfiledCodeHeapSize                     = 122916698                              {pd product} {ergonomic}
    uintx ReservedCodeCacheSize                    = 251658240                              {pd product} {ergonomic}
     bool SegmentedCodeCache                       = true                                      {product} {ergonomic}
     bool UseCompressedClassPointers               = true                                 {lp64_product} {ergonomic}
     bool UseCompressedOops                        = true                                 {lp64_product} {ergonomic}
     bool UseG1GC                                  = true                                      {product} {ergonomic}

Logging:
Log output configuration:
 #0: stdout all=warning uptime,level,tags
 #1: stderr all=off uptime,level,tags

Environment Variables:
JAVA_HOME=/usr/lib/jvm/java-11-openjdk-amd64
PATH=/usr/local/sbin:/usr/local/bin:/usr/sbin:/usr/bin:/sbin:/bin:/usr/games:/usr/local/games
SHELL=/bin/bash
DISPLAY=:0

Signal Handlers:
SIGSEGV: [libjvm.so+0xde5f50], sa_mask[0]=11111111011111111101111111111110, sa_flags=SA_RESTART|SA_SIGINFO
SIGBUS: [libjvm.so+0xde5f50], sa_mask[0]=11111111011111111101111111111110, sa_flags=SA_RESTART|SA_SIGINFO
SIGFPE: [libjvm.so+0xde5f50], sa_mask[0]=11111111011111111101111111111110, sa_flags=SA_RESTART|SA_SIGINFO
SIGPIPE: [libjvm.so+0xbba5b0], sa_mask[0]=11111111011111111101111111111110, sa_flags=SA_RESTART|SA_SIGINFO
SIGXFSZ: [libjvm.so+0xbba5b0], sa_mask[0]=11111111011111111101111111111110, sa_flags=SA_RESTART|SA_SIGINFO
SIGILL: [libjvm.so+0xde5f50], sa_mask[0]=11111111011111111101111111111110, sa_flags=SA_RESTART|SA_SIGINFO
SIGUSR2: [libjvm.so+0xbba450], sa_mask[0]=00100000000000000000000000000000, sa_flags=SA_RESTART|SA_SIGINFO
SIGHUP: SIG_DFL, sa_mask[0]=00000000000000000000000000000000, sa_flags=none
SIGINT: SIG_IGN, sa_mask[0]=00000000000000000000000000000000, sa_flags=none
SIGTERM: SIG_DFL, sa_mask[0]=00000000000000000000000000000000, sa_flags=none
SIGQUIT: SIG_DFL, sa_mask[0]=00000000000000000000000000000000, sa_flags=none


---------------  S Y S T E M  ---------------

OS:DISTRIB_ID=LinuxMint
DISTRIB_RELEASE=19.2
DISTRIB_CODENAME=tina
DISTRIB_DESCRIPTION="Linux Mint 19.2 Tina"
uname:Linux 4.15.0-58-generic #64-Ubuntu SMP Tue Aug 6 11:12:41 UTC 2019 x86_64
libc:glibc 2.27 NPTL 2.27 
rlimit: STACK 8192k, CORE 0k, NPROC 6965, NOFILE 1048576, AS infinity, DATA infinity, FSIZE infinity
load average:16.69 9.62 5.18

/proc/meminfo:
MemTotal:        1897592 kB
MemFree:           53004 kB
MemAvailable:       5992 kB
Buffers:             844 kB
Cached:           124696 kB
SwapCached:         1240 kB
Active:          1259952 kB
Inactive:         430672 kB
Active(anon):    1249104 kB
Inactive(anon):   416592 kB
Active(file):      10848 kB
Inactive(file):    14080 kB
Unevictable:          72 kB
Mlocked:              72 kB
SwapTotal:       1301168 kB
SwapFree:             12 kB
Dirty:                52 kB
Writeback:            40 kB
AnonPages:       1564652 kB
Mapped:            33208 kB
Shmem:            100328 kB
Slab:              67708 kB
SReclaimable:      30312 kB
SUnreclaim:        37396 kB
KernelStack:       10560 kB
PageTables:        41204 kB
NFS_Unstable:          0 kB
Bounce:                0 kB
WritebackTmp:          0 kB
CommitLimit:     2249964 kB
Committed_AS:    5886952 kB
VmallocTotal:   34359738367 kB
VmallocUsed:           0 kB
VmallocChunk:          0 kB
HardwareCorrupted:     0 kB
AnonHugePages:         0 kB
ShmemHugePages:        0 kB
ShmemPmdMapped:        0 kB
CmaTotal:              0 kB
CmaFree:               0 kB
HugePages_Total:       0
HugePages_Free:        0
HugePages_Rsvd:        0
HugePages_Surp:        0
Hugepagesize:       2048 kB
DirectMap4k:      134912 kB
DirectMap2M:     1816576 kB


/proc/sys/kernel/threads-max (system-wide limit on the number of threads):
13930


/proc/sys/vm/max_map_count (maximum number of memory map areas a process may have):
65530


/proc/sys/kernel/pid_max (system-wide limit on number of process identifiers):
32768



container (cgroup) information:
container_type: cgroupv1
cpu_cpuset_cpus: 0-1
cpu_memory_nodes: 0
active_processor_count: 2
cpu_quota: -1
cpu_period: 100000
cpu_shares: -1
memory_limit_in_bytes: -1
memory_and_swap_limit_in_bytes: -2
memory_soft_limit_in_bytes: -1
memory_usage_in_bytes: 1731579904
memory_max_usage_in_bytes: 0

Steal ticks since vm start: 0
Steal ticks percentage since vm start:  0.000

CPU:total 2 (initial active 2) (2 cores per cpu, 1 threads per core) family 6 model 76 stepping 3, cmov, cx8, fxsr, mmx, sse, sse2, sse3, ssse3, sse4.1, sse4.2, popcnt, aes, clmul, erms, 3dnowpref, tsc, tscinvbit
CPU Model and flags from /proc/cpuinfo:
model name	: Intel(R) Celeron(R) CPU  N3050  @ 1.60GHz
flags		: fpu vme de pse tsc msr pae mce cx8 apic sep mtrr pge mca cmov pat pse36 clflush dts acpi mmx fxsr sse sse2 ss ht tm pbe syscall nx rdtscp lm constant_tsc arch_perfmon pebs bts rep_good nopl xtopology tsc_reliable nonstop_tsc cpuid aperfmperf tsc_known_freq pni pclmulqdq dtes64 monitor ds_cpl vmx est tm2 ssse3 cx16 xtpr pdcm sse4_1 sse4_2 movbe popcnt tsc_deadline_timer aes rdrand lahf_lm 3dnowprefetch epb pti ibrs ibpb stibp tpr_shadow vnmi flexpriority ept vpid tsc_adjust smep erms dtherm ida arat md_clear

Memory: 4k page, physical 1897592k(52252k free), swap 1301168k(0k free)

vm_info: OpenJDK 64-Bit Server VM (11.0.4+11-post-Ubuntu-1ubuntu218.04.3) for linux-amd64 JRE (11.0.4+11-post-Ubuntu-1ubuntu218.04.3), built on Jul 18 2019 18:21:46 by "buildd" with gcc 7.4.0

END.
