#
# There is insufficient memory for the Java Runtime Environment to continue.
# Native memory allocation (mmap) failed to map 51380224 bytes for committing reserved memory.
# Possible reasons:
#   The system is out of physical RAM or swap space
#   The process is running with CompressedOops enabled, and the Java Heap may be blocking the growth of the native heap
# Possible solutions:
#   Reduce memory load on the system
#   Increase physical memory or swap space
#   Check if swap backing store is full
#   Decrease Java heap size (-Xmx/-Xms)
#   Decrease number of Java threads
#   Decrease Java thread stack sizes (-Xss)
#   Set larger code cache with -XX:ReservedCodeCacheSize=
#   JVM is running with Unscaled Compressed Oops mode in which the Java heap is
#     placed in the first 4GB address space. The Java Heap base address is the
#     maximum limit for the native heap growth. Please use -XX:HeapBaseMinAddress
#     to set the Java Heap base and to place the Java Heap above 4GB virtual address.
# This output file may be truncated or incomplete.
#
#  Out of Memory Error (os_linux.cpp:2893), pid=6279, tid=6296
#
# JRE version: OpenJDK Runtime Environment (11.0.4+11) (build 11.0.4+11-post-Ubuntu-1ubuntu218.04.3)
# Java VM: OpenJDK 64-Bit Server VM (11.0.4+11-post-Ubuntu-1ubuntu218.04.3, mixed mode, sharing, tiered, compressed oops, g1 gc, linux-amd64)
# Core dump will be written. Default location: Core dumps may be processed with "/lib/systemd/systemd-coredump %P %u %g %s %t 9223372036854775808 %e" (or dumping to /home/lizandra/NetBeansProjects/sistema-nutri/core.6279)
#

---------------  S U M M A R Y ------------

Command Line: -Dclassworlds.conf=/home/lizandra/Software/netbeans/java/maven/bin/m2.conf -Dmaven.home=/home/lizandra/Software/netbeans/java/maven -Dmaven.multiModuleProjectDirectory=/home/lizandra/NetBeansProjects/sistema-nutri org.codehaus.plexus.classworlds.launcher.Launcher -Dmaven.ext.class.path=/home/lizandra/Software/netbeans/java/maven-nblib/netbeans-eventspy.jar clean install

Host: Intel(R) Celeron(R) CPU  N3050  @ 1.60GHz, 2 cores, 1G, Linux Mint 19.2 Tina
Time: Sun Oct 13 07:10:10 2019 -03 elapsed time: 82 seconds (0d 0h 1m 22s)

---------------  T H R E A D  ---------------

Current thread (0x00007f28ac085000):  VMThread "VM Thread" [stack: 0x00007f28b022d000,0x00007f28b032d000] [id=6296]

Stack: [0x00007f28b022d000,0x00007f28b032d000],  sp=0x00007f28b032aff0,  free space=1015k
Native frames: (J=compiled Java code, A=aot compiled Java code, j=interpreted, Vv=VM code, C=native code)
V  [libjvm.so+0xde4547]
V  [libjvm.so+0xde519b]
V  [libjvm.so+0x6511a5]
V  [libjvm.so+0xbbed38]
V  [libjvm.so+0xbb5ebd]
V  [libjvm.so+0x76f53f]
V  [libjvm.so+0x76f7ae]
V  [libjvm.so+0x77b820]
V  [libjvm.so+0x7f6969]
V  [libjvm.so+0x7f75c2]
V  [libjvm.so+0x7f7a29]
V  [libjvm.so+0x72de6f]
V  [libjvm.so+0x732b6a]
V  [libjvm.so+0xdf01e1]
V  [libjvm.so+0xdeeda8]
V  [libjvm.so+0xdec5e6]
V  [libjvm.so+0xdecaf0]
V  [libjvm.so+0xdecf23]
V  [libjvm.so+0xd7aeea]
V  [libjvm.so+0xbc4a5e]

VM_Operation (0x00007f28b65faed0): G1CollectForAllocation, mode: safepoint, requested by thread 0x00007f28ac012000


---------------  P R O C E S S  ---------------

Threads class SMR info:
_java_thread_list=0x00007f28ac0d6b00, length=9, elements={
0x00007f28ac012000, 0x00007f28ac088000, 0x00007f28ac08a000, 0x00007f28ac08f800,
0x00007f28ac091800, 0x00007f28ac093800, 0x00007f28ac095800, 0x00007f28ac0cc800,
0x00007f28ac0d5000
}

Java Threads: ( => current thread )
  0x00007f28ac012000 JavaThread "main" [_thread_blocked, id=6290, stack(0x00007f28b64ff000,0x00007f28b6600000)]
  0x00007f28ac088000 JavaThread "Reference Handler" daemon [_thread_blocked, id=6297, stack(0x00007f28b012a000,0x00007f28b022b000)]
  0x00007f28ac08a000 JavaThread "Finalizer" daemon [_thread_blocked, id=6298, stack(0x00007f28b0029000,0x00007f28b012a000)]
  0x00007f28ac08f800 JavaThread "Signal Dispatcher" daemon [_thread_blocked, id=6299, stack(0x00007f2894576000,0x00007f2894677000)]
  0x00007f28ac091800 JavaThread "C2 CompilerThread0" daemon [_thread_blocked, id=6300, stack(0x00007f2894475000,0x00007f2894576000)]
  0x00007f28ac093800 JavaThread "C1 CompilerThread0" daemon [_thread_blocked, id=6301, stack(0x00007f2894374000,0x00007f2894475000)]
  0x00007f28ac095800 JavaThread "Sweeper thread" daemon [_thread_blocked, id=6302, stack(0x00007f2894273000,0x00007f2894374000)]
  0x00007f28ac0cc800 JavaThread "Service Thread" daemon [_thread_blocked, id=6303, stack(0x00007f2894172000,0x00007f2894273000)]
  0x00007f28ac0d5000 JavaThread "Common-Cleaner" daemon [_thread_blocked, id=6305, stack(0x00007f2885eff000,0x00007f2886000000)]

Other Threads:
=>0x00007f28ac085000 VMThread "VM Thread" [stack: 0x00007f28b022d000,0x00007f28b032d000] [id=6296]
  0x00007f28ac0cf000 WatcherThread [stack: 0x00007f2894072000,0x00007f2894172000] [id=6304]
  0x00007f28ac028000 GCTaskThread "GC Thread#0" [stack: 0x00007f28b24f4000,0x00007f28b25f4000] [id=6291]
  0x00007f287c001000 GCTaskThread "GC Thread#1" [stack: 0x00007f28859d7000,0x00007f2885ad7000] [id=6306]
  0x00007f28ac037800 ConcurrentGCThread "G1 Main Marker" [stack: 0x00007f28b10b8000,0x00007f28b11b8000] [id=6292]
  0x00007f28ac039000 ConcurrentGCThread "G1 Conc#0" [stack: 0x00007f28b0fb6000,0x00007f28b10b6000] [id=6293]
  0x00007f28ac05a800 ConcurrentGCThread "G1 Refine#0" [stack: 0x00007f28b0cb2000,0x00007f28b0db2000] [id=6294]
  0x00007f28ac05c800 ConcurrentGCThread "G1 Young RemSet Sampling" [stack: 0x00007f28b0bb0000,0x00007f28b0cb0000] [id=6295]

Threads with active compile tasks:
C2 CompilerThread05066       4       jdk.nio.zipfs.ZipFileSystemProvider::readAttributes (22 bytes)
C1 CompilerThread05080       2       com.sun.tools.javac.comp.Attr::checkIdInternal (762 bytes)

VM state:at safepoint (normal execution)

VM Mutex/Monitor currently owned by a thread:  ([mutex/lock_event])
[0x00007f28ac00e440] Threads_lock - owner thread: 0x00007f28ac085000
[0x00007f28ac00eb90] Heap_lock - owner thread: 0x00007f28ac012000

Heap address: 0x00000000e3000000, size: 464 MB, Compressed Oops mode: 32-bit
Narrow klass base: 0x0000000800000000, Narrow klass shift: 3
Compressed class space size: 1073741824 Address: 0x0000000840000000

Heap:
 garbage-first heap   total 112640K, used 35446K [0x00000000e3000000, 0x0000000100000000)
  region size 1024K, 1 young (1024K), 1 survivors (1024K)
 Metaspace       used 24362K, capacity 25110K, committed 25344K, reserved 1071104K
  class space    used 2807K, capacity 3054K, committed 3072K, reserved 1048576K
Heap Regions: E=young(eden), S=young(survivor), O=old, HS=humongous(starts), HC=humongous(continues), CS=collection set, F=free, A=archive, TAMS=top-at-mark-start (previous, next)
|   0|0x00000000e3000000, 0x00000000e3100000, 0x00000000e3100000|100%| O|  |TAMS 0x00000000e3100000, 0x00000000e3100000| Untracked 
|   1|0x00000000e3100000, 0x00000000e3200000, 0x00000000e3200000|100%| O|  |TAMS 0x00000000e3200000, 0x00000000e3200000| Untracked 
|   2|0x00000000e3200000, 0x00000000e3300000, 0x00000000e3300000|100%| O|  |TAMS 0x00000000e3300000, 0x00000000e3300000| Untracked 
|   3|0x00000000e3300000, 0x00000000e3400000, 0x00000000e3400000|100%| O|  |TAMS 0x00000000e3400000, 0x00000000e3400000| Untracked 
|   4|0x00000000e3400000, 0x00000000e3500000, 0x00000000e3500000|100%| O|  |TAMS 0x00000000e3500000, 0x00000000e3500000| Untracked 
|   5|0x00000000e3500000, 0x00000000e3600000, 0x00000000e3600000|100%| O|  |TAMS 0x00000000e3600000, 0x00000000e3600000| Untracked 
|   6|0x00000000e3600000, 0x00000000e3700000, 0x00000000e3700000|100%| O|  |TAMS 0x00000000e3700000, 0x00000000e3700000| Untracked 
|   7|0x00000000e3700000, 0x00000000e3800000, 0x00000000e3800000|100%| O|  |TAMS 0x00000000e3800000, 0x00000000e3800000| Untracked 
|   8|0x00000000e3800000, 0x00000000e3900000, 0x00000000e3900000|100%| O|  |TAMS 0x00000000e3900000, 0x00000000e3900000| Untracked 
|   9|0x00000000e3900000, 0x00000000e3a00000, 0x00000000e3a00000|100%| O|  |TAMS 0x00000000e3a00000, 0x00000000e3a00000| Untracked 
|  10|0x00000000e3a00000, 0x00000000e3b00000, 0x00000000e3b00000|100%| O|  |TAMS 0x00000000e3b00000, 0x00000000e3b00000| Untracked 
|  11|0x00000000e3b00000, 0x00000000e3c00000, 0x00000000e3c00000|100%| O|  |TAMS 0x00000000e3c00000, 0x00000000e3c00000| Untracked 
|  12|0x00000000e3c00000, 0x00000000e3d00000, 0x00000000e3d00000|100%| O|  |TAMS 0x00000000e3d00000, 0x00000000e3d00000| Untracked 
|  13|0x00000000e3d00000, 0x00000000e3e00000, 0x00000000e3e00000|100%| O|  |TAMS 0x00000000e3e00000, 0x00000000e3e00000| Untracked 
|  14|0x00000000e3e00000, 0x00000000e3f00000, 0x00000000e3f00000|100%| O|  |TAMS 0x00000000e3f00000, 0x00000000e3f00000| Untracked 
|  15|0x00000000e3f00000, 0x00000000e4000000, 0x00000000e4000000|100%| O|  |TAMS 0x00000000e4000000, 0x00000000e4000000| Untracked 
|  16|0x00000000e4000000, 0x00000000e4100000, 0x00000000e4100000|100%| O|  |TAMS 0x00000000e4100000, 0x00000000e4100000| Untracked 
|  17|0x00000000e4100000, 0x00000000e4200000, 0x00000000e4200000|100%| O|  |TAMS 0x00000000e4200000, 0x00000000e4200000| Untracked 
|  18|0x00000000e4200000, 0x00000000e4300000, 0x00000000e4300000|100%| O|  |TAMS 0x00000000e4300000, 0x00000000e4300000| Untracked 
|  19|0x00000000e4300000, 0x00000000e4400000, 0x00000000e4400000|100%| O|  |TAMS 0x00000000e4400000, 0x00000000e4400000| Untracked 
|  20|0x00000000e4400000, 0x00000000e4500000, 0x00000000e4500000|100%| O|  |TAMS 0x00000000e4500000, 0x00000000e4500000| Untracked 
|  21|0x00000000e4500000, 0x00000000e4600000, 0x00000000e4600000|100%| O|  |TAMS 0x00000000e4600000, 0x00000000e4600000| Untracked 
|  22|0x00000000e4600000, 0x00000000e4700000, 0x00000000e4700000|100%| O|  |TAMS 0x00000000e4700000, 0x00000000e4700000| Untracked 
|  23|0x00000000e4700000, 0x00000000e4800000, 0x00000000e4800000|100%| O|  |TAMS 0x00000000e4800000, 0x00000000e4800000| Untracked 
|  24|0x00000000e4800000, 0x00000000e4900000, 0x00000000e4900000|100%| O|  |TAMS 0x00000000e4900000, 0x00000000e4900000| Untracked 
|  25|0x00000000e4900000, 0x00000000e4a00000, 0x00000000e4a00000|100%| O|  |TAMS 0x00000000e4a00000, 0x00000000e4a00000| Untracked 
|  26|0x00000000e4a00000, 0x00000000e4b00000, 0x00000000e4b00000|100%| O|  |TAMS 0x00000000e4b00000, 0x00000000e4b00000| Untracked 
|  27|0x00000000e4b00000, 0x00000000e4c00000, 0x00000000e4c00000|100%| O|  |TAMS 0x00000000e4c00000, 0x00000000e4c00000| Untracked 
|  28|0x00000000e4c00000, 0x00000000e4d00000, 0x00000000e4d00000|100%| O|  |TAMS 0x00000000e4d00000, 0x00000000e4d00000| Untracked 
|  29|0x00000000e4d00000, 0x00000000e4e00000, 0x00000000e4e00000|100%| O|  |TAMS 0x00000000e4dc9408, 0x00000000e4e00000| Untracked 
|  30|0x00000000e4e00000, 0x00000000e4f00000, 0x00000000e4f00000|100%| O|  |TAMS 0x00000000e4e00000, 0x00000000e4f00000| Untracked 
|  31|0x00000000e4f00000, 0x00000000e5000000, 0x00000000e5000000|100%| O|  |TAMS 0x00000000e4f00000, 0x00000000e5000000| Untracked 
|  32|0x00000000e5000000, 0x00000000e5100000, 0x00000000e5100000|100%| O|  |TAMS 0x00000000e5000000, 0x00000000e5100000| Untracked 
|  33|0x00000000e5100000, 0x00000000e51ace00, 0x00000000e5200000| 67%| O|  |TAMS 0x00000000e5100000, 0x00000000e51ace00| Untracked 
|  34|0x00000000e5200000, 0x00000000e5200000, 0x00000000e5300000|  0%| F|  |TAMS 0x00000000e5200000, 0x00000000e5200000| Untracked 
|  35|0x00000000e5300000, 0x00000000e5300000, 0x00000000e5400000|  0%| F|  |TAMS 0x00000000e5300000, 0x00000000e5300000| Untracked 
|  36|0x00000000e5400000, 0x00000000e5400000, 0x00000000e5500000|  0%| F|  |TAMS 0x00000000e5400000, 0x00000000e5400000| Untracked 
|  37|0x00000000e5500000, 0x00000000e5500000, 0x00000000e5600000|  0%| F|  |TAMS 0x00000000e5500000, 0x00000000e5500000| Untracked 
|  38|0x00000000e5600000, 0x00000000e5600000, 0x00000000e5700000|  0%| F|  |TAMS 0x00000000e5600000, 0x00000000e5600000| Untracked 
|  39|0x00000000e5700000, 0x00000000e5700000, 0x00000000e5800000|  0%| F|  |TAMS 0x00000000e5700000, 0x00000000e5700000| Untracked 
|  40|0x00000000e5800000, 0x00000000e5800000, 0x00000000e5900000|  0%| F|  |TAMS 0x00000000e5800000, 0x00000000e5800000| Untracked 
|  41|0x00000000e5900000, 0x00000000e5900000, 0x00000000e5a00000|  0%| F|  |TAMS 0x00000000e5900000, 0x00000000e5900000| Untracked 
|  42|0x00000000e5a00000, 0x00000000e5a00000, 0x00000000e5b00000|  0%| F|  |TAMS 0x00000000e5a00000, 0x00000000e5a00000| Untracked 
|  43|0x00000000e5b00000, 0x00000000e5b00000, 0x00000000e5c00000|  0%| F|  |TAMS 0x00000000e5b00000, 0x00000000e5b00000| Untracked 
|  44|0x00000000e5c00000, 0x00000000e5c00000, 0x00000000e5d00000|  0%| F|  |TAMS 0x00000000e5c00000, 0x00000000e5c00000| Untracked 
|  45|0x00000000e5d00000, 0x00000000e5d00000, 0x00000000e5e00000|  0%| F|  |TAMS 0x00000000e5d00000, 0x00000000e5d00000| Untracked 
|  46|0x00000000e5e00000, 0x00000000e5e00000, 0x00000000e5f00000|  0%| F|  |TAMS 0x00000000e5e00000, 0x00000000e5e00000| Untracked 
|  47|0x00000000e5f00000, 0x00000000e5f00000, 0x00000000e6000000|  0%| F|  |TAMS 0x00000000e5f00000, 0x00000000e5f00000| Untracked 
|  48|0x00000000e6000000, 0x00000000e6000000, 0x00000000e6100000|  0%| F|  |TAMS 0x00000000e6000000, 0x00000000e6000000| Untracked 
|  49|0x00000000e6100000, 0x00000000e6100000, 0x00000000e6200000|  0%| F|  |TAMS 0x00000000e6100000, 0x00000000e6100000| Untracked 
|  50|0x00000000e6200000, 0x00000000e6200000, 0x00000000e6300000|  0%| F|  |TAMS 0x00000000e6200000, 0x00000000e6200000| Untracked 
|  51|0x00000000e6300000, 0x00000000e6300000, 0x00000000e6400000|  0%| F|  |TAMS 0x00000000e6300000, 0x00000000e6300000| Untracked 
|  52|0x00000000e6400000, 0x00000000e6400000, 0x00000000e6500000|  0%| F|  |TAMS 0x00000000e6400000, 0x00000000e6400000| Untracked 
|  53|0x00000000e6500000, 0x00000000e6500000, 0x00000000e6600000|  0%| F|  |TAMS 0x00000000e6500000, 0x00000000e6500000| Untracked 
|  54|0x00000000e6600000, 0x00000000e6600000, 0x00000000e6700000|  0%| F|  |TAMS 0x00000000e6600000, 0x00000000e6600000| Untracked 
|  55|0x00000000e6700000, 0x00000000e6700000, 0x00000000e6800000|  0%| F|  |TAMS 0x00000000e6700000, 0x00000000e6700000| Untracked 
|  56|0x00000000e6800000, 0x00000000e6800000, 0x00000000e6900000|  0%| F|  |TAMS 0x00000000e6800000, 0x00000000e6800000| Untracked 
|  57|0x00000000e6900000, 0x00000000e6952d70, 0x00000000e6a00000| 32%| S|CS|TAMS 0x00000000e6900000, 0x00000000e6900000| Complete 
|  58|0x00000000e6a00000, 0x00000000e6a00000, 0x00000000e6b00000|  0%| F|  |TAMS 0x00000000e6a00000, 0x00000000e6a00000| Untracked 
| 462|0x00000000ffe00000, 0x00000000ffe34000, 0x00000000fff00000| 20%|OA|  |TAMS 0x00000000ffe34000, 0x00000000ffe34000| Untracked 
| 463|0x00000000fff00000, 0x00000000fff6a000, 0x0000000100000000| 41%|CA|  |TAMS 0x00000000fff6a000, 0x00000000fff6a000| Untracked 

Card table byte_map: [0x00007f28b2120000,0x00007f28b2208000] _byte_map_base: 0x00007f28b1a08000

Marking Bits (Prev, Next): (CMBitMap*) 0x00007f28ac034ac0, (CMBitMap*) 0x00007f28ac034a88
 Prev Bits: [0x00007f28b11b8000, 0x00007f28b18f8000)
 Next Bits: [0x00007f28b18f8000, 0x00007f28b2038000)

Polling page: 0x00007f28b6617000

Metaspace:

Usage:
  Non-class:     21,54 MB capacity,    21,05 MB ( 98%) used,   458,88 KB (  2%) free+waste,    42,00 KB ( <1%) overhead. 
      Class:      2,98 MB capacity,     2,74 MB ( 92%) used,   227,55 KB (  7%) free+waste,    19,19 KB ( <1%) overhead. 
       Both:     24,52 MB capacity,    23,79 MB ( 97%) used,   686,43 KB (  3%) free+waste,    61,19 KB ( <1%) overhead. 

Virtual space:
  Non-class space:       22,00 MB reserved,      21,75 MB ( 99%) committed 
      Class space:        1,00 GB reserved,       3,00 MB ( <1%) committed 
             Both:        1,02 GB reserved,      24,75 MB (  2%) committed 

Chunk freelists:
   Non-Class:  68,00 KB
       Class:  18,00 KB
        Both:  86,00 KB

CodeHeap 'non-profiled nmethods': size=120036Kb used=2063Kb max_used=2063Kb free=117972Kb
 bounds [0x00007f289c41d000, 0x00007f289c68d000, 0x00007f28a3956000]
CodeHeap 'profiled nmethods': size=120032Kb used=10426Kb max_used=10426Kb free=109605Kb
 bounds [0x00007f2894ee5000, 0x00007f2895915000, 0x00007f289c41d000]
CodeHeap 'non-nmethods': size=5692Kb used=1120Kb max_used=1154Kb free=4572Kb
 bounds [0x00007f2894956000, 0x00007f2894bc6000, 0x00007f2894ee5000]
 total_blobs=6160 nmethods=4867 adapters=364
 compilation: enabled
              stopped_count=0, restarted_count=0
 full_count=0

Compilation events (10 events):
Event: 82,730 Thread 0x00007f28ac093800 nmethod 5079 0x00007f2895913410 code [0x00007f2895913600, 0x00007f28959138f8]
Event: 82,730 Thread 0x00007f28ac093800 5081       1       com.sun.tools.javac.code.Kinds$Kind::toSelector (5 bytes)
Event: 82,730 Thread 0x00007f28ac093800 nmethod 5081 0x00007f289c61fd10 code [0x00007f289c61fec0, 0x00007f289c61fff0]
Event: 82,730 Thread 0x00007f28ac093800 5085       1       com.sun.tools.javac.comp.Attr$CheckMode::updateTreeType (2 bytes)
Event: 82,731 Thread 0x00007f28ac093800 nmethod 5085 0x00007f289c620090 code [0x00007f289c620240, 0x00007f289c620370]
Event: 82,731 Thread 0x00007f28ac093800 5080       2       com.sun.tools.javac.comp.Attr::checkIdInternal (762 bytes)
Event: 82,750 Thread 0x00007f28ac091800 nmethod 5007 0x00007f289c620410 code [0x00007f289c6205c0, 0x00007f289c620998]
Event: 82,750 Thread 0x00007f28ac091800 5067       4       sun.util.calendar.ZoneInfo::clone (15 bytes)
Event: 82,763 Thread 0x00007f28ac091800 nmethod 5067 0x00007f289c620b90 code [0x00007f289c620d20, 0x00007f289c620e78]
Event: 82,763 Thread 0x00007f28ac091800 5066       4       jdk.nio.zipfs.ZipFileSystemProvider::readAttributes (22 bytes)

GC Heap History (10 events):
Event: 21,292 GC heap after
{Heap after GC invocations=20 (full 0):
 garbage-first heap   total 62464K, used 23974K [0x00000000e3000000, 0x0000000100000000)
  region size 1024K, 1 young (1024K), 1 survivors (1024K)
 Metaspace       used 23721K, capacity 24482K, committed 24832K, reserved 1071104K
  class space    used 2763K, capacity 3000K, committed 3072K, reserved 1048576K
}
Event: 21,856 GC heap before
{Heap before GC invocations=21 (full 0):
 garbage-first heap   total 62464K, used 40358K [0x00000000e3000000, 0x0000000100000000)
  region size 1024K, 18 young (18432K), 1 survivors (1024K)
 Metaspace       used 23796K, capacity 24482K, committed 24832K, reserved 1071104K
  class space    used 2763K, capacity 3000K, committed 3072K, reserved 1048576K
}
Event: 22,050 GC heap after
{Heap after GC invocations=22 (full 0):
 garbage-first heap   total 62464K, used 25775K [0x00000000e3000000, 0x0000000100000000)
  region size 1024K, 2 young (2048K), 2 survivors (2048K)
 Metaspace       used 23796K, capacity 24482K, committed 24832K, reserved 1071104K
  class space    used 2763K, capacity 3000K, committed 3072K, reserved 1048576K
}
Event: 39,951 GC heap before
{Heap before GC invocations=22 (full 0):
 garbage-first heap   total 62464K, used 42159K [0x00000000e3000000, 0x0000000100000000)
  region size 1024K, 19 young (19456K), 2 survivors (2048K)
 Metaspace       used 23818K, capacity 24486K, committed 24832K, reserved 1071104K
  class space    used 2763K, capacity 3000K, committed 3072K, reserved 1048576K
}
Event: 40,189 GC heap after
{Heap after GC invocations=23 (full 0):
 garbage-first heap   total 62464K, used 30447K [0x00000000e3000000, 0x0000000100000000)
  region size 1024K, 3 young (3072K), 3 survivors (3072K)
 Metaspace       used 23818K, capacity 24486K, committed 24832K, reserved 1071104K
  class space    used 2763K, capacity 3000K, committed 3072K, reserved 1048576K
}
Event: 63,614 GC heap before
{Heap before GC invocations=23 (full 0):
 garbage-first heap   total 62464K, used 43759K [0x00000000e3000000, 0x0000000100000000)
  region size 1024K, 16 young (16384K), 3 survivors (3072K)
 Metaspace       used 24075K, capacity 24740K, committed 25088K, reserved 1071104K
  class space    used 2790K, capacity 3017K, committed 3072K, reserved 1048576K
}
Event: 63,773 GC heap after
{Heap after GC invocations=24 (full 0):
 garbage-first heap   total 62464K, used 33181K [0x00000000e3000000, 0x0000000100000000)
  region size 1024K, 2 young (2048K), 2 survivors (2048K)
 Metaspace       used 24075K, capacity 24740K, committed 25088K, reserved 1071104K
  class space    used 2790K, capacity 3017K, committed 3072K, reserved 1048576K
}
Event: 79,585 GC heap before
{Heap before GC invocations=25 (full 0):
 garbage-first heap   total 62464K, used 45469K [0x00000000e3000000, 0x0000000100000000)
  region size 1024K, 14 young (14336K), 2 survivors (2048K)
 Metaspace       used 24281K, capacity 25041K, committed 25344K, reserved 1071104K
  class space    used 2805K, capacity 3052K, committed 3072K, reserved 1048576K
}
Event: 80,440 GC heap after
{Heap after GC invocations=26 (full 0):
 garbage-first heap   total 62464K, used 35148K [0x00000000e3000000, 0x0000000100000000)
  region size 1024K, 2 young (2048K), 2 survivors (2048K)
 Metaspace       used 24281K, capacity 25041K, committed 25344K, reserved 1071104K
  class space    used 2805K, capacity 3052K, committed 3072K, reserved 1048576K
}
Event: 82,771 GC heap before
{Heap before GC invocations=26 (full 0):
 garbage-first heap   total 62464K, used 36172K [0x00000000e3000000, 0x0000000100000000)
  region size 1024K, 3 young (3072K), 2 survivors (2048K)
 Metaspace       used 24362K, capacity 25110K, committed 25344K, reserved 1071104K
  class space    used 2807K, capacity 3054K, committed 3072K, reserved 1048576K
}

Deoptimization events (10 events):
Event: 46,583 Thread 0x00007f28ac012000 DEOPT PACKING pc=0x00007f289c5fef80 sp=0x00007f28b65fc4c0
Event: 46,583 Thread 0x00007f28ac012000 DEOPT UNPACKING pc=0x00007f289497de1f sp=0x00007f28b65fc460 mode 2
Event: 46,584 Thread 0x00007f28ac012000 Uncommon trap: trap_request=0xffffffde fr.pc=0x00007f289c5fef80 relative=0x0000000000000240
Event: 46,584 Thread 0x00007f28ac012000 Uncommon trap: reason=class_check action=maybe_recompile pc=0x00007f289c5fef80 method=java.util.concurrent.locks.ReentrantReadWriteLock$Sync.tryAcquireShared(I)I @ 33 c2
Event: 46,587 Thread 0x00007f28ac012000 DEOPT PACKING pc=0x00007f289c5fef80 sp=0x00007f28b65fc4c0
Event: 46,587 Thread 0x00007f28ac012000 DEOPT UNPACKING pc=0x00007f289497de1f sp=0x00007f28b65fc460 mode 2
Event: 51,314 Thread 0x00007f28ac012000 DEOPT PACKING pc=0x00007f2895111d93 sp=0x00007f28b65fc8f0
Event: 51,338 Thread 0x00007f28ac012000 DEOPT UNPACKING pc=0x00007f289497dc2b sp=0x00007f28b65fbda8 mode 0
Event: 65,181 Thread 0x00007f28ac012000 DEOPT PACKING pc=0x00007f2895854e67 sp=0x00007f28b65fc1c0
Event: 65,181 Thread 0x00007f28ac012000 DEOPT UNPACKING pc=0x00007f289497dc2b sp=0x00007f28b65fb648 mode 0

Classes redefined (0 events):
No events

Internal exceptions (10 events):
Event: 7,784 Thread 0x00007f28ac012000 Implicit null exception at 0x00007f289c4847af to 0x00007f289c48482d
Event: 13,877 Thread 0x00007f28ac012000 Exception <a 'java/lang/NoClassDefFoundError'{0x00000000e4c3eed0}: org/codehaus/plexus/util/interpolation/ValueSource> (0x00000000e4c3eed0) thrown at [/build/openjdk-lts-7bqZff/openjdk-lts-11.0.4+11/src/hotspot/share/classfile/systemDictionary.cpp, line 2
Event: 13,905 Thread 0x00007f28ac012000 Exception <a 'java/lang/NoClassDefFoundError'{0x00000000e4c8ef08}: org/sonatype/aether/graph/DependencyNode> (0x00000000e4c8ef08) thrown at [/build/openjdk-lts-7bqZff/openjdk-lts-11.0.4+11/src/hotspot/share/classfile/systemDictionary.cpp, line 220]
Event: 17,009 Thread 0x00007f28ac012000 Exception <a 'java/lang/NoSuchMethodError'{0x00000000e55f6d40}: 'void java.lang.invoke.DirectMethodHandle$Holder.invokeSpecial(java.lang.Object, java.lang.Object, int, java.lang.Object)'> (0x00000000e55f6d40) thrown at [/build/openjdk-lts-7bqZff/openjdk-l
Event: 17,014 Thread 0x00007f28ac012000 Exception <a 'java/lang/NoSuchMethodError'{0x00000000e55fdf30}: 'java.lang.Object java.lang.invoke.Invokers$Holder.linkToTargetMethod(java.lang.Object, int, java.lang.Object)'> (0x00000000e55fdf30) thrown at [/build/openjdk-lts-7bqZff/openjdk-lts-11.0.4+1
Event: 17,049 Thread 0x00007f28ac012000 Exception <a 'java/lang/NoSuchMethodError'{0x00000000e541e6b8}: 'int java.lang.invoke.DirectMethodHandle$Holder.invokeVirtual(java.lang.Object, java.lang.Object, java.lang.Object)'> (0x00000000e541e6b8) thrown at [/build/openjdk-lts-7bqZff/openjdk-lts-11.
Event: 17,301 Thread 0x00007f28ac012000 Exception <a 'java/lang/NoSuchMethodError'{0x00000000e5332d78}: 'int java.lang.invoke.DirectMethodHandle$Holder.invokeStaticInit(java.lang.Object, java.lang.Object)'> (0x00000000e5332d78) thrown at [/build/openjdk-lts-7bqZff/openjdk-lts-11.0.4+11/src/hots
Event: 17,582 Thread 0x00007f28ac012000 Exception <a 'java/lang/NoSuchMethodError'{0x00000000e5cbcea0}: 'int java.lang.invoke.DirectMethodHandle$Holder.invokeVirtual(java.lang.Object, java.lang.Object)'> (0x00000000e5cbcea0) thrown at [/build/openjdk-lts-7bqZff/openjdk-lts-11.0.4+11/src/hotspot
Event: 17,619 Thread 0x00007f28ac012000 Exception <a 'java/lang/NoSuchMethodError'{0x00000000e5cebb28}: 'java.lang.Object java.lang.invoke.Invokers$Holder.linkToTargetMethod(java.lang.Object, java.lang.Object, java.lang.Object, java.lang.Object, java.lang.Object, java.lang.Object)'> (0x00000000
Event: 45,812 Thread 0x00007f28ac012000 Exception <a 'java/lang/NoSuchMethodError'{0x00000000e6397f60}: 'int java.lang.invoke.DirectMethodHandle$Holder.invokeSpecial(java.lang.Object, java.lang.Object, java.lang.Object, java.lang.Object, java.lang.Object)'> (0x00000000e6397f60) thrown at [/buil

Events (10 events):
Event: 76,551 loading class com/sun/tools/javac/code/Scope done
Event: 76,552 loading class com/sun/tools/javac/util/Name
Event: 76,552 loading class com/sun/tools/javac/util/Name done
Event: 79,533 Executing VM operation: G1CollectForAllocation
Event: 80,482 Executing VM operation: G1CollectForAllocation done
Event: 82,503 loading class com/sun/tools/javac/tree/JCTree
Event: 82,503 loading class com/sun/tools/javac/tree/JCTree done
Event: 82,566 loading class com/sun/tools/javac/comp/Annotate
Event: 82,566 loading class com/sun/tools/javac/comp/Annotate done
Event: 82,764 Executing VM operation: G1CollectForAllocation


Dynamic libraries:
e3000000-e6b00000 rw-p 00000000 00:00 0 
e9c00000-ffe00000 ---p 00000000 00:00 0 
ffe00000-ffe34000 rw-p 01116000 b3:06 1437553                            /usr/lib/jvm/java-11-openjdk-amd64/lib/server/classes.jsa
ffe34000-fff00000 rw-p 00000000 00:00 0 
fff00000-fff6a000 rw-p 010ac000 b3:06 1437553                            /usr/lib/jvm/java-11-openjdk-amd64/lib/server/classes.jsa
fff6a000-100000000 rw-p 00000000 00:00 0 
800000000-800002000 rwxp 00001000 b3:06 1437553                          /usr/lib/jvm/java-11-openjdk-amd64/lib/server/classes.jsa
800002000-8003bd000 rw-p 00003000 b3:06 1437553                          /usr/lib/jvm/java-11-openjdk-amd64/lib/server/classes.jsa
8003bd000-800a98000 r--p 003be000 b3:06 1437553                          /usr/lib/jvm/java-11-openjdk-amd64/lib/server/classes.jsa
800a98000-800a99000 rw-p 00a99000 b3:06 1437553                          /usr/lib/jvm/java-11-openjdk-amd64/lib/server/classes.jsa
800a99000-8010ab000 r--p 00a9a000 b3:06 1437553                          /usr/lib/jvm/java-11-openjdk-amd64/lib/server/classes.jsa
840000000-840300000 rw-p 00000000 00:00 0 
840300000-880000000 ---p 00000000 00:00 0 
558ce3edd000-558ce3ede000 r-xp 00000000 b3:06 1441529                    /usr/lib/jvm/java-11-openjdk-amd64/bin/java
558ce40de000-558ce40df000 r--p 00001000 b3:06 1441529                    /usr/lib/jvm/java-11-openjdk-amd64/bin/java
558ce40df000-558ce40e0000 rw-p 00002000 b3:06 1441529                    /usr/lib/jvm/java-11-openjdk-amd64/bin/java
558ce5821000-558ce5842000 rw-p 00000000 00:00 0                          [heap]
7f2858000000-7f2858021000 rw-p 00000000 00:00 0 
7f2858021000-7f285c000000 ---p 00000000 00:00 0 
7f285c000000-7f285c021000 rw-p 00000000 00:00 0 
7f285c021000-7f2860000000 ---p 00000000 00:00 0 
7f2860000000-7f28609e7000 rw-p 00000000 00:00 0 
7f28609e7000-7f2864000000 ---p 00000000 00:00 0 
7f2864000000-7f2864021000 rw-p 00000000 00:00 0 
7f2864021000-7f2868000000 ---p 00000000 00:00 0 
7f2868000000-7f2868021000 rw-p 00000000 00:00 0 
7f2868021000-7f286c000000 ---p 00000000 00:00 0 
7f286c000000-7f286da6b000 rw-p 00000000 00:00 0 
7f286da6b000-7f2870000000 ---p 00000000 00:00 0 
7f2870000000-7f2870021000 rw-p 00000000 00:00 0 
7f2870021000-7f2874000000 ---p 00000000 00:00 0 
7f2874000000-7f2874021000 rw-p 00000000 00:00 0 
7f2874021000-7f2878000000 ---p 00000000 00:00 0 
7f2878000000-7f2878021000 rw-p 00000000 00:00 0 
7f2878021000-7f287c000000 ---p 00000000 00:00 0 
7f287c000000-7f287c021000 rw-p 00000000 00:00 0 
7f287c021000-7f2880000000 ---p 00000000 00:00 0 
7f2880000000-7f2880021000 rw-p 00000000 00:00 0 
7f2880021000-7f2884000000 ---p 00000000 00:00 0 
7f2884bd5000-7f2884d95000 rw-p 00000000 00:00 0 
7f2884d95000-7f2884dd5000 ---p 00000000 00:00 0 
7f2884dd5000-7f2884fd5000 rw-p 00000000 00:00 0 
7f2884fd5000-7f28851d5000 rw-p 00000000 00:00 0 
7f28851d5000-7f28853d5000 rw-p 00000000 00:00 0 
7f28853d5000-7f28855d5000 rw-p 00000000 00:00 0 
7f28855d5000-7f28857d5000 rw-p 00000000 00:00 0 
7f28857d5000-7f28859d5000 rw-p 00000000 00:00 0 
7f28859d5000-7f28859d6000 ---p 00000000 00:00 0 
7f28859d6000-7f2885ad7000 rw-p 00000000 00:00 0 
7f2885ad7000-7f2885aed000 r-xp 00000000 b3:06 1441803                    /usr/lib/jvm/java-11-openjdk-amd64/lib/libnet.so
7f2885aed000-7f2885cec000 ---p 00016000 b3:06 1441803                    /usr/lib/jvm/java-11-openjdk-amd64/lib/libnet.so
7f2885cec000-7f2885ced000 r--p 00015000 b3:06 1441803                    /usr/lib/jvm/java-11-openjdk-amd64/lib/libnet.so
7f2885ced000-7f2885cee000 rw-p 00016000 b3:06 1441803                    /usr/lib/jvm/java-11-openjdk-amd64/lib/libnet.so
7f2885cee000-7f2885cfe000 r-xp 00000000 b3:06 1441805                    /usr/lib/jvm/java-11-openjdk-amd64/lib/libnio.so
7f2885cfe000-7f2885efd000 ---p 00010000 b3:06 1441805                    /usr/lib/jvm/java-11-openjdk-amd64/lib/libnio.so
7f2885efd000-7f2885efe000 r--p 0000f000 b3:06 1441805                    /usr/lib/jvm/java-11-openjdk-amd64/lib/libnio.so
7f2885efe000-7f2885eff000 rw-p 00010000 b3:06 1441805                    /usr/lib/jvm/java-11-openjdk-amd64/lib/libnio.so
7f2885eff000-7f2885f03000 ---p 00000000 00:00 0 
7f2885f03000-7f2888000000 rw-p 00000000 00:00 0 
7f2888000000-7f2888021000 rw-p 00000000 00:00 0 
7f2888021000-7f288c000000 ---p 00000000 00:00 0 
7f288c000000-7f288c021000 rw-p 00000000 00:00 0 
7f288c021000-7f2890000000 ---p 00000000 00:00 0 
7f2890000000-7f2890021000 rw-p 00000000 00:00 0 
7f2890021000-7f2894000000 ---p 00000000 00:00 0 
7f289403f000-7f2894070000 rw-p 00000000 00:00 0 
7f2894070000-7f2894071000 ---p 00000000 00:00 0 
7f2894071000-7f2894172000 rw-p 00000000 00:00 0 
7f2894172000-7f2894176000 ---p 00000000 00:00 0 
7f2894176000-7f2894273000 rw-p 00000000 00:00 0 
7f2894273000-7f2894277000 ---p 00000000 00:00 0 
7f2894277000-7f2894374000 rw-p 00000000 00:00 0 
7f2894374000-7f2894378000 ---p 00000000 00:00 0 
7f2894378000-7f2894475000 rw-p 00000000 00:00 0 
7f2894475000-7f2894479000 ---p 00000000 00:00 0 
7f2894479000-7f2894576000 rw-p 00000000 00:00 0 
7f2894576000-7f289457a000 ---p 00000000 00:00 0 
7f289457a000-7f2894677000 rw-p 00000000 00:00 0 
7f2894677000-7f2894956000 r--p 00000000 b3:06 1443645                    /usr/lib/locale/locale-archive
7f2894956000-7f2894bc6000 rwxp 00000000 00:00 0 
7f2894bc6000-7f2894ee5000 ---p 00000000 00:00 0 
7f2894ee5000-7f2895915000 rwxp 00000000 00:00 0 
7f2895915000-7f289c41d000 ---p 00000000 00:00 0 
7f289c41d000-7f289c68d000 rwxp 00000000 00:00 0 
7f289c68d000-7f28a3956000 ---p 00000000 00:00 0 
7f28a3956000-7f28ac000000 r--s 00000000 b3:06 1441815                    /usr/lib/jvm/java-11-openjdk-amd64/lib/modules
7f28ac000000-7f28ad505000 rw-p 00000000 00:00 0 
7f28ad505000-7f28b0000000 ---p 00000000 00:00 0 
7f28b0029000-7f28b002d000 ---p 00000000 00:00 0 
7f28b002d000-7f28b012a000 rw-p 00000000 00:00 0 
7f28b012a000-7f28b012e000 ---p 00000000 00:00 0 
7f28b012e000-7f28b022b000 rw-p 00000000 00:00 0 
7f28b022b000-7f28b022c000 ---p 00000000 00:00 0 
7f28b022c000-7f28b0bae000 rw-p 00000000 00:00 0 
7f28b0bae000-7f28b0baf000 ---p 00000000 00:00 0 
7f28b0baf000-7f28b0cb0000 rw-p 00000000 00:00 0 
7f28b0cb0000-7f28b0cb1000 ---p 00000000 00:00 0 
7f28b0cb1000-7f28b0fb4000 rw-p 00000000 00:00 0 
7f28b0fb4000-7f28b0fb5000 ---p 00000000 00:00 0 
7f28b0fb5000-7f28b10b6000 rw-p 00000000 00:00 0 
7f28b10b6000-7f28b10b7000 ---p 00000000 00:00 0 
7f28b10b7000-7f28b12a4000 rw-p 00000000 00:00 0 
7f28b12a4000-7f28b18f0000 ---p 00000000 00:00 0 
7f28b18f0000-7f28b19e4000 rw-p 00000000 00:00 0 
7f28b19e4000-7f28b2030000 ---p 00000000 00:00 0 
7f28b2030000-7f28b2056000 rw-p 00000000 00:00 0 
7f28b2056000-7f28b211f000 ---p 00000000 00:00 0 
7f28b211f000-7f28b213e000 rw-p 00000000 00:00 0 
7f28b213e000-7f28b2207000 ---p 00000000 00:00 0 
7f28b2207000-7f28b2226000 rw-p 00000000 00:00 0 
7f28b2226000-7f28b22ef000 ---p 00000000 00:00 0 
7f28b22ef000-7f28b24f2000 rw-p 00000000 00:00 0 
7f28b24f2000-7f28b24f3000 ---p 00000000 00:00 0 
7f28b24f3000-7f28b25f9000 rw-p 00000000 00:00 0 
7f28b25f9000-7f28b26df000 ---p 00000000 00:00 0 
7f28b26df000-7f28b26f4000 rw-p 00000000 00:00 0 
7f28b26f4000-7f28b27ca000 ---p 00000000 00:00 0 
7f28b27ca000-7f28b27cf000 r-xp 00000000 b3:06 1441785                    /usr/lib/jvm/java-11-openjdk-amd64/lib/libjimage.so
7f28b27cf000-7f28b29ce000 ---p 00005000 b3:06 1441785                    /usr/lib/jvm/java-11-openjdk-amd64/lib/libjimage.so
7f28b29ce000-7f28b29cf000 r--p 00004000 b3:06 1441785                    /usr/lib/jvm/java-11-openjdk-amd64/lib/libjimage.so
7f28b29cf000-7f28b29d0000 rw-p 00005000 b3:06 1441785                    /usr/lib/jvm/java-11-openjdk-amd64/lib/libjimage.so
7f28b29d0000-7f28b29d7000 r-xp 00000000 b3:06 1441814                    /usr/lib/jvm/java-11-openjdk-amd64/lib/libzip.so
7f28b29d7000-7f28b2bd6000 ---p 00007000 b3:06 1441814                    /usr/lib/jvm/java-11-openjdk-amd64/lib/libzip.so
7f28b2bd6000-7f28b2bd7000 r--p 00006000 b3:06 1441814                    /usr/lib/jvm/java-11-openjdk-amd64/lib/libzip.so
7f28b2bd7000-7f28b2bd8000 rw-p 00007000 b3:06 1441814                    /usr/lib/jvm/java-11-openjdk-amd64/lib/libzip.so
7f28b2bd8000-7f28b2be3000 r-xp 00000000 b3:06 1050651                    /lib/x86_64-linux-gnu/libnss_files-2.27.so
7f28b2be3000-7f28b2de2000 ---p 0000b000 b3:06 1050651                    /lib/x86_64-linux-gnu/libnss_files-2.27.so
7f28b2de2000-7f28b2de3000 r--p 0000a000 b3:06 1050651                    /lib/x86_64-linux-gnu/libnss_files-2.27.so
7f28b2de3000-7f28b2de4000 rw-p 0000b000 b3:06 1050651                    /lib/x86_64-linux-gnu/libnss_files-2.27.so
7f28b2de4000-7f28b2dea000 rw-p 00000000 00:00 0 
7f28b2dea000-7f28b2e01000 r-xp 00000000 b3:06 1050645                    /lib/x86_64-linux-gnu/libnsl-2.27.so
7f28b2e01000-7f28b3000000 ---p 00017000 b3:06 1050645                    /lib/x86_64-linux-gnu/libnsl-2.27.so
7f28b3000000-7f28b3001000 r--p 00016000 b3:06 1050645                    /lib/x86_64-linux-gnu/libnsl-2.27.so
7f28b3001000-7f28b3002000 rw-p 00017000 b3:06 1050645                    /lib/x86_64-linux-gnu/libnsl-2.27.so
7f28b3002000-7f28b3004000 rw-p 00000000 00:00 0 
7f28b3004000-7f28b300f000 r-xp 00000000 b3:06 1050662                    /lib/x86_64-linux-gnu/libnss_nis-2.27.so
7f28b300f000-7f28b320e000 ---p 0000b000 b3:06 1050662                    /lib/x86_64-linux-gnu/libnss_nis-2.27.so
7f28b320e000-7f28b320f000 r--p 0000a000 b3:06 1050662                    /lib/x86_64-linux-gnu/libnss_nis-2.27.so
7f28b320f000-7f28b3210000 rw-p 0000b000 b3:06 1050662                    /lib/x86_64-linux-gnu/libnss_nis-2.27.so
7f28b3210000-7f28b3218000 r-xp 00000000 b3:06 1050647                    /lib/x86_64-linux-gnu/libnss_compat-2.27.so
7f28b3218000-7f28b3418000 ---p 00008000 b3:06 1050647                    /lib/x86_64-linux-gnu/libnss_compat-2.27.so
7f28b3418000-7f28b3419000 r--p 00008000 b3:06 1050647                    /lib/x86_64-linux-gnu/libnss_compat-2.27.so
7f28b3419000-7f28b341a000 rw-p 00009000 b3:06 1050647                    /lib/x86_64-linux-gnu/libnss_compat-2.27.so
7f28b341a000-7f28b3443000 r-xp 00000000 b3:06 1441777                    /usr/lib/jvm/java-11-openjdk-amd64/lib/libjava.so
7f28b3443000-7f28b3642000 ---p 00029000 b3:06 1441777                    /usr/lib/jvm/java-11-openjdk-amd64/lib/libjava.so
7f28b3642000-7f28b3643000 r--p 00028000 b3:06 1441777                    /usr/lib/jvm/java-11-openjdk-amd64/lib/libjava.so
7f28b3643000-7f28b3645000 rw-p 00029000 b3:06 1441777                    /usr/lib/jvm/java-11-openjdk-amd64/lib/libjava.so
7f28b3645000-7f28b3652000 r-xp 00000000 b3:06 1441812                    /usr/lib/jvm/java-11-openjdk-amd64/lib/libverify.so
7f28b3652000-7f28b3851000 ---p 0000d000 b3:06 1441812                    /usr/lib/jvm/java-11-openjdk-amd64/lib/libverify.so
7f28b3851000-7f28b3853000 r--p 0000c000 b3:06 1441812                    /usr/lib/jvm/java-11-openjdk-amd64/lib/libverify.so
7f28b3853000-7f28b3854000 rw-p 0000e000 b3:06 1441812                    /usr/lib/jvm/java-11-openjdk-amd64/lib/libverify.so
7f28b3854000-7f28b385b000 r-xp 00000000 b3:06 1050702                    /lib/x86_64-linux-gnu/librt-2.27.so
7f28b385b000-7f28b3a5a000 ---p 00007000 b3:06 1050702                    /lib/x86_64-linux-gnu/librt-2.27.so
7f28b3a5a000-7f28b3a5b000 r--p 00006000 b3:06 1050702                    /lib/x86_64-linux-gnu/librt-2.27.so
7f28b3a5b000-7f28b3a5c000 rw-p 00007000 b3:06 1050702                    /lib/x86_64-linux-gnu/librt-2.27.so
7f28b3a5c000-7f28b3a73000 r-xp 00000000 b3:06 1050598                    /lib/x86_64-linux-gnu/libgcc_s.so.1
7f28b3a73000-7f28b3c72000 ---p 00017000 b3:06 1050598                    /lib/x86_64-linux-gnu/libgcc_s.so.1
7f28b3c72000-7f28b3c73000 r--p 00016000 b3:06 1050598                    /lib/x86_64-linux-gnu/libgcc_s.so.1
7f28b3c73000-7f28b3c74000 rw-p 00017000 b3:06 1050598                    /lib/x86_64-linux-gnu/libgcc_s.so.1
7f28b3c74000-7f28b3e11000 r-xp 00000000 b3:06 1050624                    /lib/x86_64-linux-gnu/libm-2.27.so
7f28b3e11000-7f28b4010000 ---p 0019d000 b3:06 1050624                    /lib/x86_64-linux-gnu/libm-2.27.so
7f28b4010000-7f28b4011000 r--p 0019c000 b3:06 1050624                    /lib/x86_64-linux-gnu/libm-2.27.so
7f28b4011000-7f28b4012000 rw-p 0019d000 b3:06 1050624                    /lib/x86_64-linux-gnu/libm-2.27.so
7f28b4012000-7f28b418b000 r-xp 00000000 b3:06 1446455                    /usr/lib/x86_64-linux-gnu/libstdc++.so.6.0.25
7f28b418b000-7f28b438b000 ---p 00179000 b3:06 1446455                    /usr/lib/x86_64-linux-gnu/libstdc++.so.6.0.25
7f28b438b000-7f28b4395000 r--p 00179000 b3:06 1446455                    /usr/lib/x86_64-linux-gnu/libstdc++.so.6.0.25
7f28b4395000-7f28b4397000 rw-p 00183000 b3:06 1446455                    /usr/lib/x86_64-linux-gnu/libstdc++.so.6.0.25
7f28b4397000-7f28b439b000 rw-p 00000000 00:00 0 
7f28b439b000-7f28b5467000 r-xp 00000000 b3:06 1441824                    /usr/lib/jvm/java-11-openjdk-amd64/lib/server/libjvm.so
7f28b5467000-7f28b5666000 ---p 010cc000 b3:06 1441824                    /usr/lib/jvm/java-11-openjdk-amd64/lib/server/libjvm.so
7f28b5666000-7f28b5723000 r--p 010cb000 b3:06 1441824                    /usr/lib/jvm/java-11-openjdk-amd64/lib/server/libjvm.so
7f28b5723000-7f28b575c000 rw-p 01188000 b3:06 1441824                    /usr/lib/jvm/java-11-openjdk-amd64/lib/server/libjvm.so
7f28b575c000-7f28b57b2000 rw-p 00000000 00:00 0 
7f28b57b2000-7f28b57cc000 r-xp 00000000 b3:06 1050694                    /lib/x86_64-linux-gnu/libpthread-2.27.so
7f28b57cc000-7f28b59cb000 ---p 0001a000 b3:06 1050694                    /lib/x86_64-linux-gnu/libpthread-2.27.so
7f28b59cb000-7f28b59cc000 r--p 00019000 b3:06 1050694                    /lib/x86_64-linux-gnu/libpthread-2.27.so
7f28b59cc000-7f28b59cd000 rw-p 0001a000 b3:06 1050694                    /lib/x86_64-linux-gnu/libpthread-2.27.so
7f28b59cd000-7f28b59d1000 rw-p 00000000 00:00 0 
7f28b59d1000-7f28b59d4000 r-xp 00000000 b3:06 1050584                    /lib/x86_64-linux-gnu/libdl-2.27.so
7f28b59d4000-7f28b5bd3000 ---p 00003000 b3:06 1050584                    /lib/x86_64-linux-gnu/libdl-2.27.so
7f28b5bd3000-7f28b5bd4000 r--p 00002000 b3:06 1050584                    /lib/x86_64-linux-gnu/libdl-2.27.so
7f28b5bd4000-7f28b5bd5000 rw-p 00003000 b3:06 1050584                    /lib/x86_64-linux-gnu/libdl-2.27.so
7f28b5bd5000-7f28b5bf1000 r-xp 00000000 b3:06 1050735                    /lib/x86_64-linux-gnu/libz.so.1.2.11
7f28b5bf1000-7f28b5df0000 ---p 0001c000 b3:06 1050735                    /lib/x86_64-linux-gnu/libz.so.1.2.11
7f28b5df0000-7f28b5df1000 r--p 0001b000 b3:06 1050735                    /lib/x86_64-linux-gnu/libz.so.1.2.11
7f28b5df1000-7f28b5df2000 rw-p 0001c000 b3:06 1050735                    /lib/x86_64-linux-gnu/libz.so.1.2.11
7f28b5df2000-7f28b5fd9000 r-xp 00000000 b3:06 1050561                    /lib/x86_64-linux-gnu/libc-2.27.so
7f28b5fd9000-7f28b61d9000 ---p 001e7000 b3:06 1050561                    /lib/x86_64-linux-gnu/libc-2.27.so
7f28b61d9000-7f28b61dd000 r--p 001e7000 b3:06 1050561                    /lib/x86_64-linux-gnu/libc-2.27.so
7f28b61dd000-7f28b61df000 rw-p 001eb000 b3:06 1050561                    /lib/x86_64-linux-gnu/libc-2.27.so
7f28b61df000-7f28b61e3000 rw-p 00000000 00:00 0 
7f28b61e3000-7f28b61f3000 r-xp 00000000 b3:06 1441749                    /usr/lib/jvm/java-11-openjdk-amd64/lib/jli/libjli.so
7f28b61f3000-7f28b63f2000 ---p 00010000 b3:06 1441749                    /usr/lib/jvm/java-11-openjdk-amd64/lib/jli/libjli.so
7f28b63f2000-7f28b63f3000 r--p 0000f000 b3:06 1441749                    /usr/lib/jvm/java-11-openjdk-amd64/lib/jli/libjli.so
7f28b63f3000-7f28b63f4000 rw-p 00010000 b3:06 1441749                    /usr/lib/jvm/java-11-openjdk-amd64/lib/jli/libjli.so
7f28b63f4000-7f28b641b000 r-xp 00000000 b3:06 1050533                    /lib/x86_64-linux-gnu/ld-2.27.so
7f28b642a000-7f28b64ff000 rw-p 00000000 00:00 0 
7f28b64ff000-7f28b6503000 ---p 00000000 00:00 0 
7f28b6503000-7f28b6602000 rw-p 00000000 00:00 0 
7f28b6603000-7f28b6608000 rw-p 00000000 00:00 0 
7f28b6608000-7f28b660f000 ---p 00000000 00:00 0 
7f28b660f000-7f28b6617000 rw-s 00000000 b3:06 416864                     /tmp/hsperfdata_lizandra/6279
7f28b6617000-7f28b6618000 ---p 00000000 00:00 0 
7f28b6618000-7f28b6619000 r--p 00000000 00:00 0 
7f28b6619000-7f28b661b000 rw-p 00000000 00:00 0 
7f28b661b000-7f28b661c000 r--p 00027000 b3:06 1050533                    /lib/x86_64-linux-gnu/ld-2.27.so
7f28b661c000-7f28b661d000 rw-p 00028000 b3:06 1050533                    /lib/x86_64-linux-gnu/ld-2.27.so
7f28b661d000-7f28b661e000 rw-p 00000000 00:00 0 
7ffdf6c5b000-7ffdf6c7c000 rw-p 00000000 00:00 0                          [stack]
7ffdf6d35000-7ffdf6d38000 r--p 00000000 00:00 0                          [vvar]
7ffdf6d38000-7ffdf6d3a000 r-xp 00000000 00:00 0                          [vdso]
ffffffffff600000-ffffffffff601000 r-xp 00000000 00:00 0                  [vsyscall]


VM Arguments:
jvm_args: -Dclassworlds.conf=/home/lizandra/Software/netbeans/java/maven/bin/m2.conf -Dmaven.home=/home/lizandra/Software/netbeans/java/maven -Dmaven.multiModuleProjectDirectory=/home/lizandra/NetBeansProjects/sistema-nutri 
java_command: org.codehaus.plexus.classworlds.launcher.Launcher -Dmaven.ext.class.path=/home/lizandra/Software/netbeans/java/maven-nblib/netbeans-eventspy.jar clean install
java_class_path (initial): /home/lizandra/Software/netbeans/java/maven/boot/plexus-classworlds-2.5.2.jar
Launcher Type: SUN_STANDARD

[Global flags]
     intx CICompilerCount                          = 2                                         {product} {ergonomic}
     uint ConcGCThreads                            = 1                                         {product} {ergonomic}
     uint G1ConcRefinementThreads                  = 2                                         {product} {ergonomic}
   size_t G1HeapRegionSize                         = 1048576                                   {product} {ergonomic}
    uintx GCDrainStackTargetSize                   = 64                                        {product} {ergonomic}
   size_t InitialHeapSize                          = 31457280                                  {product} {ergonomic}
   size_t MarkStackSize                            = 4194304                                   {product} {ergonomic}
   size_t MaxHeapSize                              = 486539264                                 {product} {ergonomic}
   size_t MaxNewSize                               = 291504128                                 {product} {ergonomic}
   size_t MinHeapDeltaBytes                        = 1048576                                   {product} {ergonomic}
    uintx NonNMethodCodeHeapSize                   = 5824844                                {pd product} {ergonomic}
    uintx NonProfiledCodeHeapSize                  = 122916698                              {pd product} {ergonomic}
    uintx ProfiledCodeHeapSize                     = 122916698                              {pd product} {ergonomic}
    uintx ReservedCodeCacheSize                    = 251658240                              {pd product} {ergonomic}
     bool SegmentedCodeCache                       = true                                      {product} {ergonomic}
     bool UseCompressedClassPointers               = true                                 {lp64_product} {ergonomic}
     bool UseCompressedOops                        = true                                 {lp64_product} {ergonomic}
     bool UseG1GC                                  = true                                      {product} {ergonomic}

Logging:
Log output configuration:
 #0: stdout all=warning uptime,level,tags
 #1: stderr all=off uptime,level,tags

Environment Variables:
JAVA_HOME=/usr/lib/jvm/java-11-openjdk-amd64
PATH=/usr/local/sbin:/usr/local/bin:/usr/sbin:/usr/bin:/sbin:/bin:/usr/games:/usr/local/games
SHELL=/bin/bash
DISPLAY=:0

Signal Handlers:
SIGSEGV: [libjvm.so+0xde5f50], sa_mask[0]=11111111011111111101111111111110, sa_flags=SA_RESTART|SA_SIGINFO
SIGBUS: [libjvm.so+0xde5f50], sa_mask[0]=11111111011111111101111111111110, sa_flags=SA_RESTART|SA_SIGINFO
SIGFPE: [libjvm.so+0xde5f50], sa_mask[0]=11111111011111111101111111111110, sa_flags=SA_RESTART|SA_SIGINFO
SIGPIPE: [libjvm.so+0xbba5b0], sa_mask[0]=11111111011111111101111111111110, sa_flags=SA_RESTART|SA_SIGINFO
SIGXFSZ: [libjvm.so+0xbba5b0], sa_mask[0]=11111111011111111101111111111110, sa_flags=SA_RESTART|SA_SIGINFO
SIGILL: [libjvm.so+0xde5f50], sa_mask[0]=11111111011111111101111111111110, sa_flags=SA_RESTART|SA_SIGINFO
SIGUSR2: [libjvm.so+0xbba450], sa_mask[0]=00100000000000000000000000000000, sa_flags=SA_RESTART|SA_SIGINFO
SIGHUP: [libjvm.so+0xbba7b0], sa_mask[0]=11111111011111111101111111111110, sa_flags=SA_RESTART|SA_SIGINFO
SIGINT: SIG_IGN, sa_mask[0]=00000000000000000000000000000000, sa_flags=none
SIGTERM: [libjvm.so+0xbba7b0], sa_mask[0]=11111111011111111101111111111110, sa_flags=SA_RESTART|SA_SIGINFO
SIGQUIT: [libjvm.so+0xbba7b0], sa_mask[0]=11111111011111111101111111111110, sa_flags=SA_RESTART|SA_SIGINFO


---------------  S Y S T E M  ---------------

OS:DISTRIB_ID=LinuxMint
DISTRIB_RELEASE=19.2
DISTRIB_CODENAME=tina
DISTRIB_DESCRIPTION="Linux Mint 19.2 Tina"
uname:Linux 4.15.0-58-generic #64-Ubuntu SMP Tue Aug 6 11:12:41 UTC 2019 x86_64
libc:glibc 2.27 NPTL 2.27 
rlimit: STACK 8192k, CORE 0k, NPROC 6965, NOFILE 1048576, AS infinity, DATA infinity, FSIZE infinity
load average:6,89 3,08 2,37

/proc/meminfo:
MemTotal:        1897592 kB
MemFree:           52772 kB
MemAvailable:      15456 kB
Buffers:            1068 kB
Cached:           165636 kB
SwapCached:         1548 kB
Active:          1257580 kB
Inactive:         434176 kB
Active(anon):    1235296 kB
Inactive(anon):   411804 kB
Active(file):      22284 kB
Inactive(file):    22372 kB
Unevictable:          72 kB
Mlocked:              72 kB
SwapTotal:       1301168 kB
SwapFree:            488 kB
Dirty:                84 kB
Writeback:           636 kB
AnonPages:       1524344 kB
Mapped:            84204 kB
Shmem:            121864 kB
Slab:              67680 kB
SReclaimable:      29972 kB
SUnreclaim:        37708 kB
KernelStack:       10368 kB
PageTables:        40192 kB
NFS_Unstable:          0 kB
Bounce:                0 kB
WritebackTmp:          0 kB
CommitLimit:     2249964 kB
Committed_AS:    5895496 kB
VmallocTotal:   34359738367 kB
VmallocUsed:           0 kB
VmallocChunk:          0 kB
HardwareCorrupted:     0 kB
AnonHugePages:         0 kB
ShmemHugePages:        0 kB
ShmemPmdMapped:        0 kB
CmaTotal:              0 kB
CmaFree:               0 kB
HugePages_Total:       0
HugePages_Free:        0
HugePages_Rsvd:        0
HugePages_Surp:        0
Hugepagesize:       2048 kB
DirectMap4k:      139008 kB
DirectMap2M:     1812480 kB


/proc/sys/kernel/threads-max (system-wide limit on the number of threads):
13930


/proc/sys/vm/max_map_count (maximum number of memory map areas a process may have):
65530


/proc/sys/kernel/pid_max (system-wide limit on number of process identifiers):
32768



container (cgroup) information:
container_type: cgroupv1
cpu_cpuset_cpus: 0-1
cpu_memory_nodes: 0
active_processor_count: 2
cpu_quota: -1
cpu_period: 100000
cpu_shares: -1
memory_limit_in_bytes: -1
memory_and_swap_limit_in_bytes: -2
memory_soft_limit_in_bytes: -1
memory_usage_in_bytes: 1732907008
memory_max_usage_in_bytes: 0

Steal ticks since vm start: 0
Steal ticks percentage since vm start:  0,000

CPU:total 2 (initial active 2) (2 cores per cpu, 1 threads per core) family 6 model 76 stepping 3, cmov, cx8, fxsr, mmx, sse, sse2, sse3, ssse3, sse4.1, sse4.2, popcnt, aes, clmul, erms, 3dnowpref, tsc, tscinvbit
CPU Model and flags from /proc/cpuinfo:
model name	: Intel(R) Celeron(R) CPU  N3050  @ 1.60GHz
flags		: fpu vme de pse tsc msr pae mce cx8 apic sep mtrr pge mca cmov pat pse36 clflush dts acpi mmx fxsr sse sse2 ss ht tm pbe syscall nx rdtscp lm constant_tsc arch_perfmon pebs bts rep_good nopl xtopology tsc_reliable nonstop_tsc cpuid aperfmperf tsc_known_freq pni pclmulqdq dtes64 monitor ds_cpl vmx est tm2 ssse3 cx16 xtpr pdcm sse4_1 sse4_2 movbe popcnt tsc_deadline_timer aes rdrand lahf_lm 3dnowprefetch epb pti ibrs ibpb stibp tpr_shadow vnmi flexpriority ept vpid tsc_adjust smep erms dtherm ida arat md_clear

Memory: 4k page, physical 1897592k(52772k free), swap 1301168k(488k free)

vm_info: OpenJDK 64-Bit Server VM (11.0.4+11-post-Ubuntu-1ubuntu218.04.3) for linux-amd64 JRE (11.0.4+11-post-Ubuntu-1ubuntu218.04.3), built on Jul 18 2019 18:21:46 by "buildd" with gcc 7.4.0

END.
