#
# There is insufficient memory for the Java Runtime Environment to continue.
# Native memory allocation (mmap) failed to map 27262976 bytes for committing reserved memory.
# Possible reasons:
#   The system is out of physical RAM or swap space
#   The process is running with CompressedOops enabled, and the Java Heap may be blocking the growth of the native heap
# Possible solutions:
#   Reduce memory load on the system
#   Increase physical memory or swap space
#   Check if swap backing store is full
#   Decrease Java heap size (-Xmx/-Xms)
#   Decrease number of Java threads
#   Decrease Java thread stack sizes (-Xss)
#   Set larger code cache with -XX:ReservedCodeCacheSize=
#   JVM is running with Unscaled Compressed Oops mode in which the Java heap is
#     placed in the first 4GB address space. The Java Heap base address is the
#     maximum limit for the native heap growth. Please use -XX:HeapBaseMinAddress
#     to set the Java Heap base and to place the Java Heap above 4GB virtual address.
# This output file may be truncated or incomplete.
#
#  Out of Memory Error (os_linux.cpp:2893), pid=5044, tid=5062
#
# JRE version: OpenJDK Runtime Environment (11.0.4+11) (build 11.0.4+11-post-Ubuntu-1ubuntu218.04.3)
# Java VM: OpenJDK 64-Bit Server VM (11.0.4+11-post-Ubuntu-1ubuntu218.04.3, mixed mode, sharing, tiered, compressed oops, g1 gc, linux-amd64)
# Core dump will be written. Default location: Core dumps may be processed with "/lib/systemd/systemd-coredump %P %u %g %s %t 9223372036854775808 %e" (or dumping to /home/lizandra/NetBeansProjects/sistema-nutri/core.5044)
#

---------------  S U M M A R Y ------------

Command Line: -Dclassworlds.conf=/home/lizandra/Software/netbeans/java/maven/bin/m2.conf -Dmaven.home=/home/lizandra/Software/netbeans/java/maven -Dmaven.multiModuleProjectDirectory=/home/lizandra/NetBeansProjects/sistema-nutri org.codehaus.plexus.classworlds.launcher.Launcher -Dnetbeans.deploy=true -Dmaven.ext.class.path=/home/lizandra/Software/netbeans/java/maven-nblib/netbeans-eventspy.jar package

Host: Intel(R) Celeron(R) CPU  N3050  @ 1.60GHz, 2 cores, 1G, Linux Mint 19.2 Tina
Time: Tue Oct  1 18:41:19 2019 -03 elapsed time: 458 seconds (0d 0h 7m 38s)

---------------  T H R E A D  ---------------

Current thread (0x00007fd6e4085000):  VMThread "VM Thread" [stack: 0x00007fd6bb3fb000,0x00007fd6bb4fb000] [id=5062]

Stack: [0x00007fd6bb3fb000,0x00007fd6bb4fb000],  sp=0x00007fd6bb4f8ff0,  free space=1015k
Native frames: (J=compiled Java code, A=aot compiled Java code, j=interpreted, Vv=VM code, C=native code)
V  [libjvm.so+0xde4547]
V  [libjvm.so+0xde519b]
V  [libjvm.so+0x6511a5]
V  [libjvm.so+0xbbed38]
V  [libjvm.so+0xbb5ebd]
V  [libjvm.so+0x76f53f]
V  [libjvm.so+0x76f7ae]
V  [libjvm.so+0x77b820]
V  [libjvm.so+0x7f6969]
V  [libjvm.so+0x7f75c2]
V  [libjvm.so+0x7f7a29]
V  [libjvm.so+0x72de6f]
V  [libjvm.so+0x732b6a]
V  [libjvm.so+0xdf01e1]
V  [libjvm.so+0xdeeda8]
V  [libjvm.so+0xdec5e6]
V  [libjvm.so+0xdecaf0]
V  [libjvm.so+0xdecf23]
V  [libjvm.so+0xd7aeea]
V  [libjvm.so+0xbc4a5e]

VM_Operation (0x00007fd6eaeb8540): G1CollectForAllocation, mode: safepoint, requested by thread 0x00007fd6e4012000


---------------  P R O C E S S  ---------------

Threads class SMR info:
_java_thread_list=0x00007fd6e40ce920, length=9, elements={
0x00007fd6e4012000, 0x00007fd6e4088000, 0x00007fd6e408a000, 0x00007fd6e408f800,
0x00007fd6e4091800, 0x00007fd6e4093800, 0x00007fd6e4095800, 0x00007fd6e40c4800,
0x00007fd6e40cd000
}

Java Threads: ( => current thread )
  0x00007fd6e4012000 JavaThread "main" [_thread_blocked, id=5056, stack(0x00007fd6eadbc000,0x00007fd6eaebd000)]
  0x00007fd6e4088000 JavaThread "Reference Handler" daemon [_thread_blocked, id=5063, stack(0x00007fd6bb2f8000,0x00007fd6bb3f9000)]
  0x00007fd6e408a000 JavaThread "Finalizer" daemon [_thread_blocked, id=5064, stack(0x00007fd6bb1f7000,0x00007fd6bb2f8000)]
  0x00007fd6e408f800 JavaThread "Signal Dispatcher" daemon [_thread_blocked, id=5065, stack(0x00007fd6bae17000,0x00007fd6baf18000)]
  0x00007fd6e4091800 JavaThread "C2 CompilerThread0" daemon [_thread_blocked, id=5066, stack(0x00007fd6bad16000,0x00007fd6bae17000)]
  0x00007fd6e4093800 JavaThread "C1 CompilerThread0" daemon [_thread_blocked, id=5067, stack(0x00007fd6bac15000,0x00007fd6bad16000)]
  0x00007fd6e4095800 JavaThread "Sweeper thread" daemon [_thread_blocked, id=5068, stack(0x00007fd6bab14000,0x00007fd6bac15000)]
  0x00007fd6e40c4800 JavaThread "Service Thread" daemon [_thread_blocked, id=5069, stack(0x00007fd6baa13000,0x00007fd6bab14000)]
  0x00007fd6e40cd000 JavaThread "Common-Cleaner" daemon [_thread_blocked, id=5071, stack(0x00007fd6ba810000,0x00007fd6ba911000)]

Other Threads:
=>0x00007fd6e4085000 VMThread "VM Thread" [stack: 0x00007fd6bb3fb000,0x00007fd6bb4fb000] [id=5062]
  0x00007fd6e40c7000 WatcherThread [stack: 0x00007fd6ba913000,0x00007fd6baa13000] [id=5070]
  0x00007fd6e4028000 GCTaskThread "GC Thread#0" [stack: 0x00007fd6cb6e1000,0x00007fd6cb7e1000] [id=5057]
  0x00007fd6b0001000 GCTaskThread "GC Thread#1" [stack: 0x00007fd6ba2b7000,0x00007fd6ba3b7000] [id=5074]
  0x00007fd6e4037800 ConcurrentGCThread "G1 Main Marker" [stack: 0x00007fd6ca2a5000,0x00007fd6ca3a5000] [id=5058]
  0x00007fd6e4039000 ConcurrentGCThread "G1 Conc#0" [stack: 0x00007fd6ca1a3000,0x00007fd6ca2a3000] [id=5059]
  0x00007fd6e405a800 ConcurrentGCThread "G1 Refine#0" [stack: 0x00007fd6bbdff000,0x00007fd6bbeff000] [id=5060]
  0x00007fd6b4001000 ConcurrentGCThread "G1 Refine#1" [stack: 0x00007fd6ba1b5000,0x00007fd6ba2b5000] [id=5075]
  0x00007fd6e405c800 ConcurrentGCThread "G1 Young RemSet Sampling" [stack: 0x00007fd6bbcfd000,0x00007fd6bbdfd000] [id=5061]

Threads with active compile tasks:
C2 CompilerThread03713   !   4       org.codehaus.plexus.interpolation.StringSearchInterpolator::interpolate (655 bytes)
C1 CompilerThread03745       3       org.eclipse.sisu.plexus.ClassRealmManager::visibleRealmNames (47 bytes)

VM state:at safepoint (normal execution)

VM Mutex/Monitor currently owned by a thread:  ([mutex/lock_event])
[0x00007fd6e400e460] Threads_lock - owner thread: 0x00007fd6e4085000
[0x00007fd6e400ebb0] Heap_lock - owner thread: 0x00007fd6e4012000

Heap address: 0x00000000e3000000, size: 464 MB, Compressed Oops mode: 32-bit
Narrow klass base: 0x0000000800000000, Narrow klass shift: 3
Compressed class space size: 1073741824 Address: 0x0000000840000000

Heap:
 garbage-first heap   total 59392K, used 14251K [0x00000000e3000000, 0x0000000100000000)
  region size 1024K, 1 young (1024K), 1 survivors (1024K)
 Metaspace       used 15763K, capacity 17252K, committed 17536K, reserved 1064960K
  class space    used 1845K, capacity 2113K, committed 2176K, reserved 1048576K
Heap Regions: E=young(eden), S=young(survivor), O=old, HS=humongous(starts), HC=humongous(continues), CS=collection set, F=free, A=archive, TAMS=top-at-mark-start (previous, next)
|   0|0x00000000e3000000, 0x00000000e3100000, 0x00000000e3100000|100%| O|  |TAMS 0x00000000e3100000, 0x00000000e3100000| Untracked 
|   1|0x00000000e3100000, 0x00000000e3200000, 0x00000000e3200000|100%| O|  |TAMS 0x00000000e3200000, 0x00000000e3200000| Untracked 
|   2|0x00000000e3200000, 0x00000000e3300000, 0x00000000e3300000|100%| O|  |TAMS 0x00000000e3300000, 0x00000000e3300000| Untracked 
|   3|0x00000000e3300000, 0x00000000e3400000, 0x00000000e3400000|100%| O|  |TAMS 0x00000000e3400000, 0x00000000e3400000| Untracked 
|   4|0x00000000e3400000, 0x00000000e3500000, 0x00000000e3500000|100%| O|  |TAMS 0x00000000e3500000, 0x00000000e3500000| Untracked 
|   5|0x00000000e3500000, 0x00000000e3600000, 0x00000000e3600000|100%| O|  |TAMS 0x00000000e3600000, 0x00000000e3600000| Untracked 
|   6|0x00000000e3600000, 0x00000000e3700000, 0x00000000e3700000|100%| O|  |TAMS 0x00000000e3700000, 0x00000000e3700000| Untracked 
|   7|0x00000000e3700000, 0x00000000e3800000, 0x00000000e3800000|100%| O|  |TAMS 0x00000000e3800000, 0x00000000e3800000| Untracked 
|   8|0x00000000e3800000, 0x00000000e3900000, 0x00000000e3900000|100%| O|  |TAMS 0x00000000e3900000, 0x00000000e3900000| Untracked 
|   9|0x00000000e3900000, 0x00000000e3a00000, 0x00000000e3a00000|100%| O|  |TAMS 0x00000000e3a00000, 0x00000000e3a00000| Untracked 
|  10|0x00000000e3a00000, 0x00000000e3b00000, 0x00000000e3b00000|100%| O|  |TAMS 0x00000000e3b00000, 0x00000000e3b00000| Untracked 
|  11|0x00000000e3b00000, 0x00000000e3c00000, 0x00000000e3c00000|100%| O|  |TAMS 0x00000000e3bec000, 0x00000000e3c00000| Untracked 
|  12|0x00000000e3c00000, 0x00000000e3d00000, 0x00000000e3d00000|100%| O|  |TAMS 0x00000000e3c00000, 0x00000000e3d00000| Untracked 
|  13|0x00000000e3d00000, 0x00000000e3d1e000, 0x00000000e3e00000| 11%| O|  |TAMS 0x00000000e3d00000, 0x00000000e3d1e000| Untracked 
|  14|0x00000000e3e00000, 0x00000000e3e00000, 0x00000000e3f00000|  0%| F|  |TAMS 0x00000000e3e00000, 0x00000000e3e00000| Untracked 
|  15|0x00000000e3f00000, 0x00000000e3f00000, 0x00000000e4000000|  0%| F|  |TAMS 0x00000000e3f00000, 0x00000000e3f00000| Untracked 
|  16|0x00000000e4000000, 0x00000000e4000000, 0x00000000e4100000|  0%| F|  |TAMS 0x00000000e4000000, 0x00000000e4000000| Untracked 
|  17|0x00000000e4100000, 0x00000000e4100000, 0x00000000e4200000|  0%| F|  |TAMS 0x00000000e4100000, 0x00000000e4100000| Untracked 
|  18|0x00000000e4200000, 0x00000000e4200000, 0x00000000e4300000|  0%| F|  |TAMS 0x00000000e4200000, 0x00000000e4200000| Untracked 
|  19|0x00000000e4300000, 0x00000000e4300000, 0x00000000e4400000|  0%| F|  |TAMS 0x00000000e4300000, 0x00000000e4300000| Untracked 
|  20|0x00000000e4400000, 0x00000000e4400000, 0x00000000e4500000|  0%| F|  |TAMS 0x00000000e4400000, 0x00000000e4400000| Untracked 
|  21|0x00000000e4500000, 0x00000000e4500000, 0x00000000e4600000|  0%| F|  |TAMS 0x00000000e4500000, 0x00000000e4500000| Untracked 
|  22|0x00000000e4600000, 0x00000000e4600000, 0x00000000e4700000|  0%| F|  |TAMS 0x00000000e4600000, 0x00000000e4600000| Untracked 
|  23|0x00000000e4700000, 0x00000000e4700000, 0x00000000e4800000|  0%| F|  |TAMS 0x00000000e4700000, 0x00000000e4700000| Untracked 
|  24|0x00000000e4800000, 0x00000000e4800000, 0x00000000e4900000|  0%| F|  |TAMS 0x00000000e4800000, 0x00000000e4800000| Untracked 
|  25|0x00000000e4900000, 0x00000000e4900000, 0x00000000e4a00000|  0%| F|  |TAMS 0x00000000e4900000, 0x00000000e4900000| Untracked 
|  26|0x00000000e4a00000, 0x00000000e4a00000, 0x00000000e4b00000|  0%| F|  |TAMS 0x00000000e4a00000, 0x00000000e4a00000| Untracked 
|  27|0x00000000e4b00000, 0x00000000e4b2ed18, 0x00000000e4c00000| 18%| S|CS|TAMS 0x00000000e4b00000, 0x00000000e4b00000| Complete 
|  28|0x00000000e4c00000, 0x00000000e4c00000, 0x00000000e4d00000|  0%| F|  |TAMS 0x00000000e4c00000, 0x00000000e4c00000| Untracked 
|  29|0x00000000e4d00000, 0x00000000e4d00000, 0x00000000e4e00000|  0%| F|  |TAMS 0x00000000e4d00000, 0x00000000e4d00000| Untracked 
| 462|0x00000000ffe00000, 0x00000000ffe34000, 0x00000000fff00000| 20%|OA|  |TAMS 0x00000000ffe34000, 0x00000000ffe34000| Untracked 
| 463|0x00000000fff00000, 0x00000000fff6a000, 0x0000000100000000| 41%|CA|  |TAMS 0x00000000fff6a000, 0x00000000fff6a000| Untracked 

Card table byte_map: [0x00007fd6cb30d000,0x00007fd6cb3f5000] _byte_map_base: 0x00007fd6cabf5000

Marking Bits (Prev, Next): (CMBitMap*) 0x00007fd6e4034ae0, (CMBitMap*) 0x00007fd6e4034aa8
 Prev Bits: [0x00007fd6ca3a5000, 0x00007fd6caae5000)
 Next Bits: [0x00007fd6caae5000, 0x00007fd6cb225000)

Polling page: 0x00007fd6eaed4000

Metaspace:

Usage:
  Non-class:     14,78 MB capacity,    13,59 MB ( 92%) used,     1,17 MB (  8%) free+waste,    21,06 KB ( <1%) overhead. 
      Class:      2,06 MB capacity,     1,80 MB ( 87%) used,   257,55 KB ( 12%) free+waste,     9,50 KB ( <1%) overhead. 
       Both:     16,85 MB capacity,    15,39 MB ( 91%) used,     1,42 MB (  8%) free+waste,    30,56 KB ( <1%) overhead. 

Virtual space:
  Non-class space:       16,00 MB reserved,      15,00 MB ( 94%) committed 
      Class space:        1,00 GB reserved,       2,12 MB ( <1%) committed 
             Both:        1,02 GB reserved,      17,12 MB (  2%) committed 

Chunk freelists:
   Non-Class:  145,00 KB
       Class:  31,00 KB
        Both:  176,00 KB

CodeHeap 'non-profiled nmethods': size=120036Kb used=1648Kb max_used=1648Kb free=118387Kb
 bounds [0x00007fd6d3393000, 0x00007fd6d3603000, 0x00007fd6da8cc000]
CodeHeap 'profiled nmethods': size=120032Kb used=7291Kb max_used=7317Kb free=112740Kb
 bounds [0x00007fd6cbe5b000, 0x00007fd6cc59b000, 0x00007fd6d3393000]
CodeHeap 'non-nmethods': size=5692Kb used=1095Kb max_used=1136Kb free=4596Kb
 bounds [0x00007fd6cb8cc000, 0x00007fd6cbb3c000, 0x00007fd6cbe5b000]
 total_blobs=4737 nmethods=3478 adapters=325
 compilation: enabled
              stopped_count=0, restarted_count=0
 full_count=0

Compilation events (10 events):
Event: 395,162 Thread 0x00007fd6e4093800 nmethod 3708 0x00007fd6cbf2c410 code [0x00007fd6cbf2c680, 0x00007fd6cbf2d218]
Event: 396,928 Thread 0x00007fd6e4093800 3727       3       org.apache.maven.model.Dependency::setLocation (35 bytes)
Event: 404,402 Thread 0x00007fd6e4093800 nmethod 3727 0x00007fd6cbeb0790 code [0x00007fd6cbeb0980, 0x00007fd6cbeb0ea8]
Event: 406,605 Thread 0x00007fd6e4093800 3730       3       org.eclipse.sisu.inject.MildKeys::tempKey (10 bytes)
Event: 407,060 Thread 0x00007fd6e4093800 nmethod 3730 0x00007fd6cbeb6c10 code [0x00007fd6cbeb6e00, 0x00007fd6cbeb7308]
Event: 407,281 Thread 0x00007fd6e4093800 3722       3       org.apache.maven.eventspy.AbstractEventSpy::onEvent (1 bytes)
Event: 421,576 Thread 0x00007fd6e4093800 nmethod 3722 0x00007fd6cbe92b10 code [0x00007fd6cbe92cc0, 0x00007fd6cbe92e30]
Event: 423,106 Thread 0x00007fd6e4093800 3731       3       org.apache.maven.model.merge.MavenModelMerger::mergeModel_Contributors (28 bytes)
Event: 434,767 Thread 0x00007fd6e4093800 nmethod 3731 0x00007fd6cbebf790 code [0x00007fd6cbebf9e0, 0x00007fd6cbec0458]
Event: 439,626 Thread 0x00007fd6e4093800 3745       3       org.eclipse.sisu.plexus.ClassRealmManager::visibleRealmNames (47 bytes)

GC Heap History (10 events):
Event: 84,179 GC heap after
{Heap after GC invocations=15 (full 0):
 garbage-first heap   total 32768K, used 12172K [0x00000000e3000000, 0x0000000100000000)
  region size 1024K, 2 young (2048K), 2 survivors (2048K)
 Metaspace       used 13449K, capacity 15035K, committed 15360K, reserved 1062912K
  class space    used 1518K, capacity 1737K, committed 1792K, reserved 1048576K
}
Event: 85,601 GC heap before
{Heap before GC invocations=15 (full 0):
 garbage-first heap   total 32768K, used 24460K [0x00000000e3000000, 0x0000000100000000)
  region size 1024K, 14 young (14336K), 2 survivors (2048K)
 Metaspace       used 13870K, capacity 15379K, committed 15744K, reserved 1062912K
  class space    used 1571K, capacity 1809K, committed 1920K, reserved 1048576K
}
Event: 85,690 GC heap after
{Heap after GC invocations=16 (full 0):
 garbage-first heap   total 32768K, used 12918K [0x00000000e3000000, 0x0000000100000000)
  region size 1024K, 2 young (2048K), 2 survivors (2048K)
 Metaspace       used 13870K, capacity 15379K, committed 15744K, reserved 1062912K
  class space    used 1571K, capacity 1809K, committed 1920K, reserved 1048576K
}
Event: 178,506 GC heap before
{Heap before GC invocations=16 (full 0):
 garbage-first heap   total 32768K, used 24182K [0x00000000e3000000, 0x0000000100000000)
  region size 1024K, 13 young (13312K), 2 survivors (2048K)
 Metaspace       used 15410K, capacity 16876K, committed 17280K, reserved 1064960K
  class space    used 1813K, capacity 2073K, committed 2176K, reserved 1048576K
}
Event: 178,840 GC heap after
{Heap after GC invocations=17 (full 0):
 garbage-first heap   total 32768K, used 13715K [0x00000000e3000000, 0x0000000100000000)
  region size 1024K, 2 young (2048K), 2 survivors (2048K)
 Metaspace       used 15410K, capacity 16876K, committed 17280K, reserved 1064960K
  class space    used 1813K, capacity 2073K, committed 2176K, reserved 1048576K
}
Event: 356,201 GC heap before
{Heap before GC invocations=17 (full 0):
 garbage-first heap   total 32768K, used 23955K [0x00000000e3000000, 0x0000000100000000)
  region size 1024K, 12 young (12288K), 2 survivors (2048K)
 Metaspace       used 15763K, capacity 17252K, committed 17536K, reserved 1064960K
  class space    used 1845K, capacity 2113K, committed 2176K, reserved 1048576K
}
Event: 360,196 GC heap after
{Heap after GC invocations=18 (full 0):
 garbage-first heap   total 32768K, used 14278K [0x00000000e3000000, 0x0000000100000000)
  region size 1024K, 2 young (2048K), 2 survivors (2048K)
 Metaspace       used 15763K, capacity 17252K, committed 17536K, reserved 1064960K
  class space    used 1845K, capacity 2113K, committed 2176K, reserved 1048576K
}
Event: 407,890 GC heap before
{Heap before GC invocations=19 (full 0):
 garbage-first heap   total 32768K, used 15302K [0x00000000e3000000, 0x0000000100000000)
  region size 1024K, 3 young (3072K), 2 survivors (2048K)
 Metaspace       used 15763K, capacity 17252K, committed 17536K, reserved 1064960K
  class space    used 1845K, capacity 2113K, committed 2176K, reserved 1048576K
}
Event: 415,060 GC heap after
{Heap after GC invocations=20 (full 0):
 garbage-first heap   total 32768K, used 14309K [0x00000000e3000000, 0x0000000100000000)
  region size 1024K, 1 young (1024K), 1 survivors (1024K)
 Metaspace       used 15763K, capacity 17252K, committed 17536K, reserved 1064960K
  class space    used 1845K, capacity 2113K, committed 2176K, reserved 1048576K
}
Event: 443,788 GC heap before
{Heap before GC invocations=20 (full 0):
 garbage-first heap   total 32768K, used 15333K [0x00000000e3000000, 0x0000000100000000)
  region size 1024K, 2 young (2048K), 1 survivors (1024K)
 Metaspace       used 15763K, capacity 17252K, committed 17536K, reserved 1064960K
  class space    used 1845K, capacity 2113K, committed 2176K, reserved 1048576K
}

Deoptimization events (10 events):
Event: 88,692 Thread 0x00007fd6e4012000 Uncommon trap: trap_request=0xffffff4d fr.pc=0x00007fd6d3509430 relative=0x0000000000000bb0
Event: 88,695 Thread 0x00007fd6e4012000 Uncommon trap: reason=unstable_if action=reinterpret pc=0x00007fd6d3509430 method=org.codehaus.plexus.classworlds.realm.Entry.matches(Ljava/lang/String;)Z @ 150 c2
Event: 88,698 Thread 0x00007fd6e4012000 DEOPT PACKING pc=0x00007fd6d3509430 sp=0x00007fd6eaeb7f10
Event: 88,698 Thread 0x00007fd6e4012000 DEOPT UNPACKING pc=0x00007fd6cb8f3e1f sp=0x00007fd6eaeb7ee0 mode 2
Event: 95,999 Thread 0x00007fd6e4012000 Uncommon trap: trap_request=0xffffff5c fr.pc=0x00007fd6d34cea18 relative=0x0000000000000758
Event: 96,007 Thread 0x00007fd6e4012000 Uncommon trap: reason=speculate_null_assert action=make_not_entrant pc=0x00007fd6d34cea18 method=org.eclipse.sisu.inject.RankedBindings$Itr.hasNext()Z @ 80 c2
Event: 96,011 Thread 0x00007fd6e4012000 DEOPT PACKING pc=0x00007fd6d34cea18 sp=0x00007fd6eaeba560
Event: 96,019 Thread 0x00007fd6e4012000 DEOPT UNPACKING pc=0x00007fd6cb8f3e1f sp=0x00007fd6eaeba4f0 mode 2
Event: 108,315 Thread 0x00007fd6e4012000 DEOPT PACKING pc=0x00007fd6cbf9944c sp=0x00007fd6eaeb5c90
Event: 108,450 Thread 0x00007fd6e4012000 DEOPT UNPACKING pc=0x00007fd6cb8f3c2b sp=0x00007fd6eaeb50b0 mode 0

Classes redefined (0 events):
No events

Internal exceptions (10 events):
Event: 1,835 Thread 0x00007fd6e4012000 Exception <a 'java/security/PrivilegedActionException'{0x00000000e4bbd5a8}> (0x00000000e4bbd5a8) thrown at [/build/openjdk-lts-7bqZff/openjdk-lts-11.0.4+11/src/hotspot/share/prims/jvm.cpp, line 1300]
Event: 1,835 Thread 0x00007fd6e4012000 Exception <a 'java/security/PrivilegedActionException'{0x00000000e4bbdb20}> (0x00000000e4bbdb20) thrown at [/build/openjdk-lts-7bqZff/openjdk-lts-11.0.4+11/src/hotspot/share/prims/jvm.cpp, line 1300]
Event: 3,782 Thread 0x00007fd6e4012000 Exception <a 'java/lang/NoSuchMethodError'{0x00000000e4833fc8}: 'int java.lang.invoke.DirectMethodHandle$Holder.invokeSpecialIFC(java.lang.Object, java.lang.Object, int)'> (0x00000000e4833fc8) thrown at [/build/openjdk-lts-7bqZff/openjdk-lts-11.0.4+11/src
Event: 61,965 Thread 0x00007fd6e4012000 Exception <a 'java/lang/NoClassDefFoundError'{0x00000000e4a778f0}: com/google/inject/servlet/ServletModuleTargetVisitor> (0x00000000e4a778f0) thrown at [/build/openjdk-lts-7bqZff/openjdk-lts-11.0.4+11/src/hotspot/share/classfile/systemDictionary.cpp, line
Event: 61,965 Thread 0x00007fd6e4012000 Exception <a 'java/lang/NoClassDefFoundError'{0x00000000e4a778f0}> (0x00000000e4a778f0) thrown at [/build/openjdk-lts-7bqZff/openjdk-lts-11.0.4+11/src/hotspot/share/prims/jvm.cpp, line 1304]
Event: 61,966 Thread 0x00007fd6e4012000 Exception <a 'java/lang/NoClassDefFoundError'{0x00000000e4a7a910}: javax/annotation/Priority> (0x00000000e4a7a910) thrown at [/build/openjdk-lts-7bqZff/openjdk-lts-11.0.4+11/src/hotspot/share/classfile/systemDictionary.cpp, line 220]
Event: 65,193 Thread 0x00007fd6e4012000 Implicit null exception at 0x00007fd6d342ca1d to 0x00007fd6d342cb06
Event: 67,979 Thread 0x00007fd6e4012000 Implicit null exception at 0x00007fd6d3408805 to 0x00007fd6d34089e2
Event: 90,953 Thread 0x00007fd6e4012000 Exception <a 'java/lang/NoClassDefFoundError'{0x00000000e48f3188}: org/sonatype/aether/graph/Dependency> (0x00000000e48f3188) thrown at [/build/openjdk-lts-7bqZff/openjdk-lts-11.0.4+11/src/hotspot/share/classfile/systemDictionary.cpp, line 220]
Event: 94,701 Thread 0x00007fd6e4012000 Exception <a 'java/lang/NoClassDefFoundError'{0x00000000e4659020}: org/codehaus/plexus/util/interpolation/ValueSource> (0x00000000e4659020) thrown at [/build/openjdk-lts-7bqZff/openjdk-lts-11.0.4+11/src/hotspot/share/classfile/systemDictionary.cpp, line 2

Events (10 events):
Event: 390,490 Executing VM operation: CGC_Operation done
Event: 392,331 Executing VM operation: RevokeBias
Event: 394,282 Executing VM operation: RevokeBias done
Event: 395,007 Executing VM operation: RevokeBias
Event: 395,166 Executing VM operation: RevokeBias done
Event: 395,166 Executing VM operation: RevokeBias
Event: 396,758 Executing VM operation: RevokeBias done
Event: 407,477 Executing VM operation: G1CollectForAllocation
Event: 416,944 Executing VM operation: G1CollectForAllocation done
Event: 438,994 Executing VM operation: G1CollectForAllocation


Dynamic libraries:
e3000000-e4e00000 rw-p 00000000 00:00 0 
e6800000-ffe00000 ---p 00000000 00:00 0 
ffe00000-ffe34000 rw-p 01116000 b3:06 1437553                            /usr/lib/jvm/java-11-openjdk-amd64/lib/server/classes.jsa
ffe34000-fff00000 rw-p 00000000 00:00 0 
fff00000-fff6a000 rw-p 010ac000 b3:06 1437553                            /usr/lib/jvm/java-11-openjdk-amd64/lib/server/classes.jsa
fff6a000-100000000 rw-p 00000000 00:00 0 
800000000-800002000 rwxp 00001000 b3:06 1437553                          /usr/lib/jvm/java-11-openjdk-amd64/lib/server/classes.jsa
800002000-8003bd000 rw-p 00003000 b3:06 1437553                          /usr/lib/jvm/java-11-openjdk-amd64/lib/server/classes.jsa
8003bd000-800a98000 r--p 003be000 b3:06 1437553                          /usr/lib/jvm/java-11-openjdk-amd64/lib/server/classes.jsa
800a98000-800a99000 rw-p 00a99000 b3:06 1437553                          /usr/lib/jvm/java-11-openjdk-amd64/lib/server/classes.jsa
800a99000-8010ab000 r--p 00a9a000 b3:06 1437553                          /usr/lib/jvm/java-11-openjdk-amd64/lib/server/classes.jsa
840000000-840220000 rw-p 00000000 00:00 0 
840220000-880000000 ---p 00000000 00:00 0 
55ee1a5bd000-55ee1a5be000 r-xp 00000000 b3:06 1441529                    /usr/lib/jvm/java-11-openjdk-amd64/bin/java
55ee1a7be000-55ee1a7bf000 r--p 00001000 b3:06 1441529                    /usr/lib/jvm/java-11-openjdk-amd64/bin/java
55ee1a7bf000-55ee1a7c0000 rw-p 00002000 b3:06 1441529                    /usr/lib/jvm/java-11-openjdk-amd64/bin/java
55ee1b743000-55ee1b764000 rw-p 00000000 00:00 0                          [heap]
7fd68c000000-7fd68c021000 rw-p 00000000 00:00 0 
7fd68c021000-7fd690000000 ---p 00000000 00:00 0 
7fd690000000-7fd690021000 rw-p 00000000 00:00 0 
7fd690021000-7fd694000000 ---p 00000000 00:00 0 
7fd694000000-7fd694766000 rw-p 00000000 00:00 0 
7fd694766000-7fd698000000 ---p 00000000 00:00 0 
7fd698000000-7fd698021000 rw-p 00000000 00:00 0 
7fd698021000-7fd69c000000 ---p 00000000 00:00 0 
7fd69c000000-7fd69c021000 rw-p 00000000 00:00 0 
7fd69c021000-7fd6a0000000 ---p 00000000 00:00 0 
7fd6a0000000-7fd6a1c6f000 rw-p 00000000 00:00 0 
7fd6a1c6f000-7fd6a4000000 ---p 00000000 00:00 0 
7fd6a4000000-7fd6a4021000 rw-p 00000000 00:00 0 
7fd6a4021000-7fd6a8000000 ---p 00000000 00:00 0 
7fd6a8000000-7fd6a8021000 rw-p 00000000 00:00 0 
7fd6a8021000-7fd6ac000000 ---p 00000000 00:00 0 
7fd6ac000000-7fd6ac021000 rw-p 00000000 00:00 0 
7fd6ac021000-7fd6b0000000 ---p 00000000 00:00 0 
7fd6b0000000-7fd6b007d000 rw-p 00000000 00:00 0 
7fd6b007d000-7fd6b4000000 ---p 00000000 00:00 0 
7fd6b4000000-7fd6b4021000 rw-p 00000000 00:00 0 
7fd6b4021000-7fd6b8000000 ---p 00000000 00:00 0 
7fd6b99b3000-7fd6b9ab3000 rw-p 00000000 00:00 0 
7fd6b9ab3000-7fd6b9bb3000 ---p 00000000 00:00 0 
7fd6b9bb3000-7fd6b9db3000 rw-p 00000000 00:00 0 
7fd6b9db3000-7fd6b9fb3000 rw-p 00000000 00:00 0 
7fd6b9fb3000-7fd6ba1b3000 rw-p 00000000 00:00 0 
7fd6ba1b3000-7fd6ba1b4000 ---p 00000000 00:00 0 
7fd6ba1b4000-7fd6ba2b5000 rw-p 00000000 00:00 0 
7fd6ba2b5000-7fd6ba2b6000 ---p 00000000 00:00 0 
7fd6ba2b6000-7fd6ba3e8000 rw-p 00000000 00:00 0 
7fd6ba3e8000-7fd6ba3fe000 r-xp 00000000 b3:06 1441803                    /usr/lib/jvm/java-11-openjdk-amd64/lib/libnet.so
7fd6ba3fe000-7fd6ba5fd000 ---p 00016000 b3:06 1441803                    /usr/lib/jvm/java-11-openjdk-amd64/lib/libnet.so
7fd6ba5fd000-7fd6ba5fe000 r--p 00015000 b3:06 1441803                    /usr/lib/jvm/java-11-openjdk-amd64/lib/libnet.so
7fd6ba5fe000-7fd6ba5ff000 rw-p 00016000 b3:06 1441803                    /usr/lib/jvm/java-11-openjdk-amd64/lib/libnet.so
7fd6ba5ff000-7fd6ba60f000 r-xp 00000000 b3:06 1441805                    /usr/lib/jvm/java-11-openjdk-amd64/lib/libnio.so
7fd6ba60f000-7fd6ba80e000 ---p 00010000 b3:06 1441805                    /usr/lib/jvm/java-11-openjdk-amd64/lib/libnio.so
7fd6ba80e000-7fd6ba80f000 r--p 0000f000 b3:06 1441805                    /usr/lib/jvm/java-11-openjdk-amd64/lib/libnio.so
7fd6ba80f000-7fd6ba810000 rw-p 00010000 b3:06 1441805                    /usr/lib/jvm/java-11-openjdk-amd64/lib/libnio.so
7fd6ba810000-7fd6ba814000 ---p 00000000 00:00 0 
7fd6ba814000-7fd6ba911000 rw-p 00000000 00:00 0 
7fd6ba911000-7fd6ba912000 ---p 00000000 00:00 0 
7fd6ba912000-7fd6baa13000 rw-p 00000000 00:00 0 
7fd6baa13000-7fd6baa17000 ---p 00000000 00:00 0 
7fd6baa17000-7fd6bab14000 rw-p 00000000 00:00 0 
7fd6bab14000-7fd6bab18000 ---p 00000000 00:00 0 
7fd6bab18000-7fd6bac15000 rw-p 00000000 00:00 0 
7fd6bac15000-7fd6bac19000 ---p 00000000 00:00 0 
7fd6bac19000-7fd6bad16000 rw-p 00000000 00:00 0 
7fd6bad16000-7fd6bad1a000 ---p 00000000 00:00 0 
7fd6bad1a000-7fd6bae17000 rw-p 00000000 00:00 0 
7fd6bae17000-7fd6bae1b000 ---p 00000000 00:00 0 
7fd6bae1b000-7fd6baf18000 rw-p 00000000 00:00 0 
7fd6baf18000-7fd6bb1f7000 r--p 00000000 b3:06 1443645                    /usr/lib/locale/locale-archive
7fd6bb1f7000-7fd6bb1fb000 ---p 00000000 00:00 0 
7fd6bb1fb000-7fd6bb2f8000 rw-p 00000000 00:00 0 
7fd6bb2f8000-7fd6bb2fc000 ---p 00000000 00:00 0 
7fd6bb2fc000-7fd6bb3f9000 rw-p 00000000 00:00 0 
7fd6bb3f9000-7fd6bb3fa000 ---p 00000000 00:00 0 
7fd6bb3fa000-7fd6bbcfb000 rw-p 00000000 00:00 0 
7fd6bbcfb000-7fd6bbcfc000 ---p 00000000 00:00 0 
7fd6bbcfc000-7fd6bbdfd000 rw-p 00000000 00:00 0 
7fd6bbdfd000-7fd6bbdfe000 ---p 00000000 00:00 0 
7fd6bbdfe000-7fd6bc000000 rw-p 00000000 00:00 0 
7fd6bc000000-7fd6bc021000 rw-p 00000000 00:00 0 
7fd6bc021000-7fd6c0000000 ---p 00000000 00:00 0 
7fd6c0000000-7fd6c0021000 rw-p 00000000 00:00 0 
7fd6c0021000-7fd6c4000000 ---p 00000000 00:00 0 
7fd6c4000000-7fd6c4021000 rw-p 00000000 00:00 0 
7fd6c4021000-7fd6c8000000 ---p 00000000 00:00 0 
7fd6c801f000-7fd6ca1a1000 rw-p 00000000 00:00 0 
7fd6ca1a1000-7fd6ca1a2000 ---p 00000000 00:00 0 
7fd6ca1a2000-7fd6ca2a3000 rw-p 00000000 00:00 0 
7fd6ca2a3000-7fd6ca2a4000 ---p 00000000 00:00 0 
7fd6ca2a4000-7fd6ca41d000 rw-p 00000000 00:00 0 
7fd6ca41d000-7fd6caadd000 ---p 00000000 00:00 0 
7fd6caadd000-7fd6cab5d000 rw-p 00000000 00:00 0 
7fd6cab5d000-7fd6cb21d000 ---p 00000000 00:00 0 
7fd6cb21d000-7fd6cb234000 rw-p 00000000 00:00 0 
7fd6cb234000-7fd6cb30c000 ---p 00000000 00:00 0 
7fd6cb30c000-7fd6cb31c000 rw-p 00000000 00:00 0 
7fd6cb31c000-7fd6cb3f4000 ---p 00000000 00:00 0 
7fd6cb3f4000-7fd6cb404000 rw-p 00000000 00:00 0 
7fd6cb404000-7fd6cb4dc000 ---p 00000000 00:00 0 
7fd6cb4dc000-7fd6cb6df000 rw-p 00000000 00:00 0 
7fd6cb6df000-7fd6cb6e0000 ---p 00000000 00:00 0 
7fd6cb6e0000-7fd6cb7e6000 rw-p 00000000 00:00 0 
7fd6cb7e6000-7fd6cb8cc000 ---p 00000000 00:00 0 
7fd6cb8cc000-7fd6cbb3c000 rwxp 00000000 00:00 0 
7fd6cbb3c000-7fd6cbe5b000 ---p 00000000 00:00 0 
7fd6cbe5b000-7fd6cc59b000 rwxp 00000000 00:00 0 
7fd6cc59b000-7fd6d3393000 ---p 00000000 00:00 0 
7fd6d3393000-7fd6d3603000 rwxp 00000000 00:00 0 
7fd6d3603000-7fd6da8cc000 ---p 00000000 00:00 0 
7fd6da8cc000-7fd6e2f76000 r--s 00000000 b3:06 1441815                    /usr/lib/jvm/java-11-openjdk-amd64/lib/modules
7fd6e2f76000-7fd6e2f7b000 r-xp 00000000 b3:06 1441785                    /usr/lib/jvm/java-11-openjdk-amd64/lib/libjimage.so
7fd6e2f7b000-7fd6e317a000 ---p 00005000 b3:06 1441785                    /usr/lib/jvm/java-11-openjdk-amd64/lib/libjimage.so
7fd6e317a000-7fd6e317b000 r--p 00004000 b3:06 1441785                    /usr/lib/jvm/java-11-openjdk-amd64/lib/libjimage.so
7fd6e317b000-7fd6e317c000 rw-p 00005000 b3:06 1441785                    /usr/lib/jvm/java-11-openjdk-amd64/lib/libjimage.so
7fd6e317c000-7fd6e3183000 r-xp 00000000 b3:06 1441814                    /usr/lib/jvm/java-11-openjdk-amd64/lib/libzip.so
7fd6e3183000-7fd6e3382000 ---p 00007000 b3:06 1441814                    /usr/lib/jvm/java-11-openjdk-amd64/lib/libzip.so
7fd6e3382000-7fd6e3383000 r--p 00006000 b3:06 1441814                    /usr/lib/jvm/java-11-openjdk-amd64/lib/libzip.so
7fd6e3383000-7fd6e3384000 rw-p 00007000 b3:06 1441814                    /usr/lib/jvm/java-11-openjdk-amd64/lib/libzip.so
7fd6e3384000-7fd6e338f000 r-xp 00000000 b3:06 1050651                    /lib/x86_64-linux-gnu/libnss_files-2.27.so
7fd6e338f000-7fd6e358e000 ---p 0000b000 b3:06 1050651                    /lib/x86_64-linux-gnu/libnss_files-2.27.so
7fd6e358e000-7fd6e358f000 r--p 0000a000 b3:06 1050651                    /lib/x86_64-linux-gnu/libnss_files-2.27.so
7fd6e358f000-7fd6e3590000 rw-p 0000b000 b3:06 1050651                    /lib/x86_64-linux-gnu/libnss_files-2.27.so
7fd6e3590000-7fd6e3596000 rw-p 00000000 00:00 0 
7fd6e3596000-7fd6e35ad000 r-xp 00000000 b3:06 1050645                    /lib/x86_64-linux-gnu/libnsl-2.27.so
7fd6e35ad000-7fd6e37ac000 ---p 00017000 b3:06 1050645                    /lib/x86_64-linux-gnu/libnsl-2.27.so
7fd6e37ac000-7fd6e37ad000 r--p 00016000 b3:06 1050645                    /lib/x86_64-linux-gnu/libnsl-2.27.so
7fd6e37ad000-7fd6e37ae000 rw-p 00017000 b3:06 1050645                    /lib/x86_64-linux-gnu/libnsl-2.27.so
7fd6e37ae000-7fd6e37b0000 rw-p 00000000 00:00 0 
7fd6e37b0000-7fd6e37bb000 r-xp 00000000 b3:06 1050662                    /lib/x86_64-linux-gnu/libnss_nis-2.27.so
7fd6e37bb000-7fd6e39ba000 ---p 0000b000 b3:06 1050662                    /lib/x86_64-linux-gnu/libnss_nis-2.27.so
7fd6e39ba000-7fd6e39bb000 r--p 0000a000 b3:06 1050662                    /lib/x86_64-linux-gnu/libnss_nis-2.27.so
7fd6e39bb000-7fd6e39bc000 rw-p 0000b000 b3:06 1050662                    /lib/x86_64-linux-gnu/libnss_nis-2.27.so
7fd6e39bc000-7fd6e39c4000 r-xp 00000000 b3:06 1050647                    /lib/x86_64-linux-gnu/libnss_compat-2.27.so
7fd6e39c4000-7fd6e3bc4000 ---p 00008000 b3:06 1050647                    /lib/x86_64-linux-gnu/libnss_compat-2.27.so
7fd6e3bc4000-7fd6e3bc5000 r--p 00008000 b3:06 1050647                    /lib/x86_64-linux-gnu/libnss_compat-2.27.so
7fd6e3bc5000-7fd6e3bc6000 rw-p 00009000 b3:06 1050647                    /lib/x86_64-linux-gnu/libnss_compat-2.27.so
7fd6e3bc6000-7fd6e3bef000 r-xp 00000000 b3:06 1441777                    /usr/lib/jvm/java-11-openjdk-amd64/lib/libjava.so
7fd6e3bef000-7fd6e3dee000 ---p 00029000 b3:06 1441777                    /usr/lib/jvm/java-11-openjdk-amd64/lib/libjava.so
7fd6e3dee000-7fd6e3def000 r--p 00028000 b3:06 1441777                    /usr/lib/jvm/java-11-openjdk-amd64/lib/libjava.so
7fd6e3def000-7fd6e3df1000 rw-p 00029000 b3:06 1441777                    /usr/lib/jvm/java-11-openjdk-amd64/lib/libjava.so
7fd6e3df1000-7fd6e3dfe000 r-xp 00000000 b3:06 1441812                    /usr/lib/jvm/java-11-openjdk-amd64/lib/libverify.so
7fd6e3dfe000-7fd6e3ffd000 ---p 0000d000 b3:06 1441812                    /usr/lib/jvm/java-11-openjdk-amd64/lib/libverify.so
7fd6e3ffd000-7fd6e3fff000 r--p 0000c000 b3:06 1441812                    /usr/lib/jvm/java-11-openjdk-amd64/lib/libverify.so
7fd6e3fff000-7fd6e4000000 rw-p 0000e000 b3:06 1441812                    /usr/lib/jvm/java-11-openjdk-amd64/lib/libverify.so
7fd6e4000000-7fd6e4d2e000 rw-p 00000000 00:00 0 
7fd6e4d2e000-7fd6e8000000 ---p 00000000 00:00 0 
7fd6e8026000-7fd6e8035000 rw-p 00000000 00:00 0 
7fd6e8035000-7fd6e8111000 ---p 00000000 00:00 0 
7fd6e8111000-7fd6e8118000 r-xp 00000000 b3:06 1050702                    /lib/x86_64-linux-gnu/librt-2.27.so
7fd6e8118000-7fd6e8317000 ---p 00007000 b3:06 1050702                    /lib/x86_64-linux-gnu/librt-2.27.so
7fd6e8317000-7fd6e8318000 r--p 00006000 b3:06 1050702                    /lib/x86_64-linux-gnu/librt-2.27.so
7fd6e8318000-7fd6e8319000 rw-p 00007000 b3:06 1050702                    /lib/x86_64-linux-gnu/librt-2.27.so
7fd6e8319000-7fd6e8330000 r-xp 00000000 b3:06 1050598                    /lib/x86_64-linux-gnu/libgcc_s.so.1
7fd6e8330000-7fd6e852f000 ---p 00017000 b3:06 1050598                    /lib/x86_64-linux-gnu/libgcc_s.so.1
7fd6e852f000-7fd6e8530000 r--p 00016000 b3:06 1050598                    /lib/x86_64-linux-gnu/libgcc_s.so.1
7fd6e8530000-7fd6e8531000 rw-p 00017000 b3:06 1050598                    /lib/x86_64-linux-gnu/libgcc_s.so.1
7fd6e8531000-7fd6e86ce000 r-xp 00000000 b3:06 1050624                    /lib/x86_64-linux-gnu/libm-2.27.so
7fd6e86ce000-7fd6e88cd000 ---p 0019d000 b3:06 1050624                    /lib/x86_64-linux-gnu/libm-2.27.so
7fd6e88cd000-7fd6e88ce000 r--p 0019c000 b3:06 1050624                    /lib/x86_64-linux-gnu/libm-2.27.so
7fd6e88ce000-7fd6e88cf000 rw-p 0019d000 b3:06 1050624                    /lib/x86_64-linux-gnu/libm-2.27.so
7fd6e88cf000-7fd6e8a48000 r-xp 00000000 b3:06 1446455                    /usr/lib/x86_64-linux-gnu/libstdc++.so.6.0.25
7fd6e8a48000-7fd6e8c48000 ---p 00179000 b3:06 1446455                    /usr/lib/x86_64-linux-gnu/libstdc++.so.6.0.25
7fd6e8c48000-7fd6e8c52000 r--p 00179000 b3:06 1446455                    /usr/lib/x86_64-linux-gnu/libstdc++.so.6.0.25
7fd6e8c52000-7fd6e8c54000 rw-p 00183000 b3:06 1446455                    /usr/lib/x86_64-linux-gnu/libstdc++.so.6.0.25
7fd6e8c54000-7fd6e8c58000 rw-p 00000000 00:00 0 
7fd6e8c58000-7fd6e9d24000 r-xp 00000000 b3:06 1441824                    /usr/lib/jvm/java-11-openjdk-amd64/lib/server/libjvm.so
7fd6e9d24000-7fd6e9f23000 ---p 010cc000 b3:06 1441824                    /usr/lib/jvm/java-11-openjdk-amd64/lib/server/libjvm.so
7fd6e9f23000-7fd6e9fe0000 r--p 010cb000 b3:06 1441824                    /usr/lib/jvm/java-11-openjdk-amd64/lib/server/libjvm.so
7fd6e9fe0000-7fd6ea019000 rw-p 01188000 b3:06 1441824                    /usr/lib/jvm/java-11-openjdk-amd64/lib/server/libjvm.so
7fd6ea019000-7fd6ea06f000 rw-p 00000000 00:00 0 
7fd6ea06f000-7fd6ea089000 r-xp 00000000 b3:06 1050694                    /lib/x86_64-linux-gnu/libpthread-2.27.so
7fd6ea089000-7fd6ea288000 ---p 0001a000 b3:06 1050694                    /lib/x86_64-linux-gnu/libpthread-2.27.so
7fd6ea288000-7fd6ea289000 r--p 00019000 b3:06 1050694                    /lib/x86_64-linux-gnu/libpthread-2.27.so
7fd6ea289000-7fd6ea28a000 rw-p 0001a000 b3:06 1050694                    /lib/x86_64-linux-gnu/libpthread-2.27.so
7fd6ea28a000-7fd6ea28e000 rw-p 00000000 00:00 0 
7fd6ea28e000-7fd6ea291000 r-xp 00000000 b3:06 1050584                    /lib/x86_64-linux-gnu/libdl-2.27.so
7fd6ea291000-7fd6ea490000 ---p 00003000 b3:06 1050584                    /lib/x86_64-linux-gnu/libdl-2.27.so
7fd6ea490000-7fd6ea491000 r--p 00002000 b3:06 1050584                    /lib/x86_64-linux-gnu/libdl-2.27.so
7fd6ea491000-7fd6ea492000 rw-p 00003000 b3:06 1050584                    /lib/x86_64-linux-gnu/libdl-2.27.so
7fd6ea492000-7fd6ea4ae000 r-xp 00000000 b3:06 1050735                    /lib/x86_64-linux-gnu/libz.so.1.2.11
7fd6ea4ae000-7fd6ea6ad000 ---p 0001c000 b3:06 1050735                    /lib/x86_64-linux-gnu/libz.so.1.2.11
7fd6ea6ad000-7fd6ea6ae000 r--p 0001b000 b3:06 1050735                    /lib/x86_64-linux-gnu/libz.so.1.2.11
7fd6ea6ae000-7fd6ea6af000 rw-p 0001c000 b3:06 1050735                    /lib/x86_64-linux-gnu/libz.so.1.2.11
7fd6ea6af000-7fd6ea896000 r-xp 00000000 b3:06 1050561                    /lib/x86_64-linux-gnu/libc-2.27.so
7fd6ea896000-7fd6eaa96000 ---p 001e7000 b3:06 1050561                    /lib/x86_64-linux-gnu/libc-2.27.so
7fd6eaa96000-7fd6eaa9a000 r--p 001e7000 b3:06 1050561                    /lib/x86_64-linux-gnu/libc-2.27.so
7fd6eaa9a000-7fd6eaa9c000 rw-p 001eb000 b3:06 1050561                    /lib/x86_64-linux-gnu/libc-2.27.so
7fd6eaa9c000-7fd6eaaa0000 rw-p 00000000 00:00 0 
7fd6eaaa0000-7fd6eaab0000 r-xp 00000000 b3:06 1441749                    /usr/lib/jvm/java-11-openjdk-amd64/lib/jli/libjli.so
7fd6eaab0000-7fd6eacaf000 ---p 00010000 b3:06 1441749                    /usr/lib/jvm/java-11-openjdk-amd64/lib/jli/libjli.so
7fd6eacaf000-7fd6eacb0000 r--p 0000f000 b3:06 1441749                    /usr/lib/jvm/java-11-openjdk-amd64/lib/jli/libjli.so
7fd6eacb0000-7fd6eacb1000 rw-p 00010000 b3:06 1441749                    /usr/lib/jvm/java-11-openjdk-amd64/lib/jli/libjli.so
7fd6eacb1000-7fd6eacd8000 r-xp 00000000 b3:06 1050533                    /lib/x86_64-linux-gnu/ld-2.27.so
7fd6eace7000-7fd6eadbc000 rw-p 00000000 00:00 0 
7fd6eadbc000-7fd6eadc0000 ---p 00000000 00:00 0 
7fd6eadc0000-7fd6eaebf000 rw-p 00000000 00:00 0 
7fd6eaec0000-7fd6eaec5000 rw-p 00000000 00:00 0 
7fd6eaec5000-7fd6eaecc000 ---p 00000000 00:00 0 
7fd6eaecc000-7fd6eaed4000 rw-s 00000000 b3:06 417001                     /tmp/hsperfdata_lizandra/5044
7fd6eaed4000-7fd6eaed5000 ---p 00000000 00:00 0 
7fd6eaed5000-7fd6eaed6000 r--p 00000000 00:00 0 
7fd6eaed6000-7fd6eaed8000 rw-p 00000000 00:00 0 
7fd6eaed8000-7fd6eaed9000 r--p 00027000 b3:06 1050533                    /lib/x86_64-linux-gnu/ld-2.27.so
7fd6eaed9000-7fd6eaeda000 rw-p 00028000 b3:06 1050533                    /lib/x86_64-linux-gnu/ld-2.27.so
7fd6eaeda000-7fd6eaedb000 rw-p 00000000 00:00 0 
7ffd56fc1000-7ffd56fe2000 rw-p 00000000 00:00 0                          [stack]
7ffd56fe6000-7ffd56fe9000 r--p 00000000 00:00 0                          [vvar]
7ffd56fe9000-7ffd56feb000 r-xp 00000000 00:00 0                          [vdso]
ffffffffff600000-ffffffffff601000 r-xp 00000000 00:00 0                  [vsyscall]


VM Arguments:
jvm_args: -Dclassworlds.conf=/home/lizandra/Software/netbeans/java/maven/bin/m2.conf -Dmaven.home=/home/lizandra/Software/netbeans/java/maven -Dmaven.multiModuleProjectDirectory=/home/lizandra/NetBeansProjects/sistema-nutri 
java_command: org.codehaus.plexus.classworlds.launcher.Launcher -Dnetbeans.deploy=true -Dmaven.ext.class.path=/home/lizandra/Software/netbeans/java/maven-nblib/netbeans-eventspy.jar package
java_class_path (initial): /home/lizandra/Software/netbeans/java/maven/boot/plexus-classworlds-2.5.2.jar
Launcher Type: SUN_STANDARD

[Global flags]
     intx CICompilerCount                          = 2                                         {product} {ergonomic}
     uint ConcGCThreads                            = 1                                         {product} {ergonomic}
     uint G1ConcRefinementThreads                  = 2                                         {product} {ergonomic}
   size_t G1HeapRegionSize                         = 1048576                                   {product} {ergonomic}
    uintx GCDrainStackTargetSize                   = 64                                        {product} {ergonomic}
   size_t InitialHeapSize                          = 31457280                                  {product} {ergonomic}
   size_t MarkStackSize                            = 4194304                                   {product} {ergonomic}
   size_t MaxHeapSize                              = 486539264                                 {product} {ergonomic}
   size_t MaxNewSize                               = 291504128                                 {product} {ergonomic}
   size_t MinHeapDeltaBytes                        = 1048576                                   {product} {ergonomic}
    uintx NonNMethodCodeHeapSize                   = 5824844                                {pd product} {ergonomic}
    uintx NonProfiledCodeHeapSize                  = 122916698                              {pd product} {ergonomic}
    uintx ProfiledCodeHeapSize                     = 122916698                              {pd product} {ergonomic}
    uintx ReservedCodeCacheSize                    = 251658240                              {pd product} {ergonomic}
     bool SegmentedCodeCache                       = true                                      {product} {ergonomic}
     bool UseCompressedClassPointers               = true                                 {lp64_product} {ergonomic}
     bool UseCompressedOops                        = true                                 {lp64_product} {ergonomic}
     bool UseG1GC                                  = true                                      {product} {ergonomic}

Logging:
Log output configuration:
 #0: stdout all=warning uptime,level,tags
 #1: stderr all=off uptime,level,tags

Environment Variables:
JAVA_HOME=/usr/lib/jvm/java-11-openjdk-amd64
PATH=/usr/local/sbin:/usr/local/bin:/usr/sbin:/usr/bin:/sbin:/bin:/usr/games:/usr/local/games
SHELL=/bin/bash
DISPLAY=:0

Signal Handlers:
SIGSEGV: [libjvm.so+0xde5f50], sa_mask[0]=11111111011111111101111111111110, sa_flags=SA_RESTART|SA_SIGINFO
SIGBUS: [libjvm.so+0xde5f50], sa_mask[0]=11111111011111111101111111111110, sa_flags=SA_RESTART|SA_SIGINFO
SIGFPE: [libjvm.so+0xde5f50], sa_mask[0]=11111111011111111101111111111110, sa_flags=SA_RESTART|SA_SIGINFO
SIGPIPE: [libjvm.so+0xbba5b0], sa_mask[0]=11111111011111111101111111111110, sa_flags=SA_RESTART|SA_SIGINFO
SIGXFSZ: [libjvm.so+0xbba5b0], sa_mask[0]=11111111011111111101111111111110, sa_flags=SA_RESTART|SA_SIGINFO
SIGILL: [libjvm.so+0xde5f50], sa_mask[0]=11111111011111111101111111111110, sa_flags=SA_RESTART|SA_SIGINFO
SIGUSR2: [libjvm.so+0xbba450], sa_mask[0]=00100000000000000000000000000000, sa_flags=SA_RESTART|SA_SIGINFO
SIGHUP: [libjvm.so+0xbba7b0], sa_mask[0]=11111111011111111101111111111110, sa_flags=SA_RESTART|SA_SIGINFO
SIGINT: SIG_IGN, sa_mask[0]=00000000000000000000000000000000, sa_flags=none
SIGTERM: [libjvm.so+0xbba7b0], sa_mask[0]=11111111011111111101111111111110, sa_flags=SA_RESTART|SA_SIGINFO
SIGQUIT: [libjvm.so+0xbba7b0], sa_mask[0]=11111111011111111101111111111110, sa_flags=SA_RESTART|SA_SIGINFO


---------------  S Y S T E M  ---------------

OS:DISTRIB_ID=LinuxMint
DISTRIB_RELEASE=19.2
DISTRIB_CODENAME=tina
DISTRIB_DESCRIPTION="Linux Mint 19.2 Tina"
uname:Linux 4.15.0-58-generic #64-Ubuntu SMP Tue Aug 6 11:12:41 UTC 2019 x86_64
libc:glibc 2.27 NPTL 2.27 
rlimit: STACK 8192k, CORE 0k, NPROC 6965, NOFILE 1048576, AS infinity, DATA infinity, FSIZE infinity
load average:27,73 17,76 8,89

/proc/meminfo:
MemTotal:        1897592 kB
MemFree:           63088 kB
MemAvailable:       7732 kB
Buffers:             748 kB
Cached:           157264 kB
SwapCached:          428 kB
Active:          1255292 kB
Inactive:         422664 kB
Active(anon):    1251876 kB
Inactive(anon):   417388 kB
Active(file):       3416 kB
Inactive(file):     5276 kB
Unevictable:          72 kB
Mlocked:              72 kB
SwapTotal:       1301168 kB
SwapFree:              0 kB
Dirty:                 0 kB
Writeback:            92 kB
AnonPages:       1519780 kB
Mapped:             6684 kB
Shmem:            149136 kB
Slab:              67772 kB
SReclaimable:      29856 kB
SUnreclaim:        37916 kB
KernelStack:       11216 kB
PageTables:        41636 kB
NFS_Unstable:          0 kB
Bounce:                0 kB
WritebackTmp:          0 kB
CommitLimit:     2249964 kB
Committed_AS:    6077988 kB
VmallocTotal:   34359738367 kB
VmallocUsed:           0 kB
VmallocChunk:          0 kB
HardwareCorrupted:     0 kB
AnonHugePages:         0 kB
ShmemHugePages:        0 kB
ShmemPmdMapped:        0 kB
CmaTotal:              0 kB
CmaFree:               0 kB
HugePages_Total:       0
HugePages_Free:        0
HugePages_Rsvd:        0
HugePages_Surp:        0
Hugepagesize:       2048 kB
DirectMap4k:      134912 kB
DirectMap2M:     1816576 kB


/proc/sys/kernel/threads-max (system-wide limit on the number of threads):
13930


/proc/sys/vm/max_map_count (maximum number of memory map areas a process may have):
65530


/proc/sys/kernel/pid_max (system-wide limit on number of process identifiers):
32768



container (cgroup) information:
container_type: cgroupv1
cpu_cpuset_cpus: 0-1
cpu_memory_nodes: 0
active_processor_count: 2
cpu_quota: -1
cpu_period: 100000
cpu_shares: -1
memory_limit_in_bytes: -1
memory_and_swap_limit_in_bytes: -2
memory_soft_limit_in_bytes: -1
memory_usage_in_bytes: 1718202368
memory_max_usage_in_bytes: 0

Steal ticks since vm start: 0
Steal ticks percentage since vm start:  0,000

CPU:total 2 (initial active 2) (2 cores per cpu, 1 threads per core) family 6 model 76 stepping 3, cmov, cx8, fxsr, mmx, sse, sse2, sse3, ssse3, sse4.1, sse4.2, popcnt, aes, clmul, erms, 3dnowpref, tsc, tscinvbit
CPU Model and flags from /proc/cpuinfo:
model name	: Intel(R) Celeron(R) CPU  N3050  @ 1.60GHz
flags		: fpu vme de pse tsc msr pae mce cx8 apic sep mtrr pge mca cmov pat pse36 clflush dts acpi mmx fxsr sse sse2 ss ht tm pbe syscall nx rdtscp lm constant_tsc arch_perfmon pebs bts rep_good nopl xtopology tsc_reliable nonstop_tsc cpuid aperfmperf tsc_known_freq pni pclmulqdq dtes64 monitor ds_cpl vmx est tm2 ssse3 cx16 xtpr pdcm sse4_1 sse4_2 movbe popcnt tsc_deadline_timer aes rdrand lahf_lm 3dnowprefetch epb pti ibrs ibpb stibp tpr_shadow vnmi flexpriority ept vpid tsc_adjust smep erms dtherm ida arat md_clear

Memory: 4k page, physical 1897592k(64408k free), swap 1301168k(0k free)

vm_info: OpenJDK 64-Bit Server VM (11.0.4+11-post-Ubuntu-1ubuntu218.04.3) for linux-amd64 JRE (11.0.4+11-post-Ubuntu-1ubuntu218.04.3), built on Jul 18 2019 18:21:46 by "buildd" with gcc 7.4.0

END.
