#
# There is insufficient memory for the Java Runtime Environment to continue.
# Native memory allocation (mmap) failed to map 57671680 bytes for committing reserved memory.
# Possible reasons:
#   The system is out of physical RAM or swap space
#   The process is running with CompressedOops enabled, and the Java Heap may be blocking the growth of the native heap
# Possible solutions:
#   Reduce memory load on the system
#   Increase physical memory or swap space
#   Check if swap backing store is full
#   Decrease Java heap size (-Xmx/-Xms)
#   Decrease number of Java threads
#   Decrease Java thread stack sizes (-Xss)
#   Set larger code cache with -XX:ReservedCodeCacheSize=
#   JVM is running with Unscaled Compressed Oops mode in which the Java heap is
#     placed in the first 4GB address space. The Java Heap base address is the
#     maximum limit for the native heap growth. Please use -XX:HeapBaseMinAddress
#     to set the Java Heap base and to place the Java Heap above 4GB virtual address.
# This output file may be truncated or incomplete.
#
#  Out of Memory Error (os_linux.cpp:2893), pid=4427, tid=4444
#
# JRE version: OpenJDK Runtime Environment (11.0.4+11) (build 11.0.4+11-post-Ubuntu-1ubuntu218.04.3)
# Java VM: OpenJDK 64-Bit Server VM (11.0.4+11-post-Ubuntu-1ubuntu218.04.3, mixed mode, sharing, tiered, compressed oops, g1 gc, linux-amd64)
# Core dump will be written. Default location: Core dumps may be processed with "/lib/systemd/systemd-coredump %P %u %g %s %t 9223372036854775808 %e" (or dumping to /home/lizandra/NetBeansProjects/sistema-nutri/core.4427)
#

---------------  S U M M A R Y ------------

Command Line: -Dclassworlds.conf=/home/lizandra/Software/netbeans/java/maven/bin/m2.conf -Dmaven.home=/home/lizandra/Software/netbeans/java/maven -Dmaven.multiModuleProjectDirectory=/home/lizandra/NetBeansProjects/sistema-nutri org.codehaus.plexus.classworlds.launcher.Launcher -Dmaven.ext.class.path=/home/lizandra/Software/netbeans/java/maven-nblib/netbeans-eventspy.jar clean install

Host: Intel(R) Celeron(R) CPU  N3050  @ 1.60GHz, 2 cores, 1G, Linux Mint 19.2 Tina
Time: Fri Oct 11 20:27:02 2019 -03 elapsed time: 49 seconds (0d 0h 0m 49s)

---------------  T H R E A D  ---------------

Current thread (0x00007fde20085000):  VMThread "VM Thread" [stack: 0x00007fddf72fa000,0x00007fddf73fa000] [id=4444]

Stack: [0x00007fddf72fa000,0x00007fddf73fa000],  sp=0x00007fddf73f7ff0,  free space=1015k
Native frames: (J=compiled Java code, A=aot compiled Java code, j=interpreted, Vv=VM code, C=native code)
V  [libjvm.so+0xde4547]
V  [libjvm.so+0xde519b]
V  [libjvm.so+0x6511a5]
V  [libjvm.so+0xbbed38]
V  [libjvm.so+0xbb5ebd]
V  [libjvm.so+0x76f53f]
V  [libjvm.so+0x76f7ae]
V  [libjvm.so+0x77b820]
V  [libjvm.so+0x7f6969]
V  [libjvm.so+0x7f75c2]
V  [libjvm.so+0x7f7a29]
V  [libjvm.so+0x72de6f]
V  [libjvm.so+0x732b6a]
V  [libjvm.so+0xdf01e1]
V  [libjvm.so+0xdeeda8]
V  [libjvm.so+0xdec5e6]
V  [libjvm.so+0xdecaf0]
V  [libjvm.so+0xdecf23]
V  [libjvm.so+0xd7aeea]
V  [libjvm.so+0xbc4a5e]

VM_Operation (0x00007fde26dbc240): G1CollectForAllocation, mode: safepoint, requested by thread 0x00007fde20012000


---------------  P R O C E S S  ---------------

Threads class SMR info:
_java_thread_list=0x00007fde200d6c50, length=9, elements={
0x00007fde20012000, 0x00007fde20088000, 0x00007fde2008a000, 0x00007fde2008f800,
0x00007fde20091800, 0x00007fde20093800, 0x00007fde20095800, 0x00007fde200cc800,
0x00007fde200d5800
}

Java Threads: ( => current thread )
  0x00007fde20012000 JavaThread "main" [_thread_blocked, id=4438, stack(0x00007fde26cc0000,0x00007fde26dc1000)]
  0x00007fde20088000 JavaThread "Reference Handler" daemon [_thread_blocked, id=4445, stack(0x00007fddf71f7000,0x00007fddf72f8000)]
  0x00007fde2008a000 JavaThread "Finalizer" daemon [_thread_blocked, id=4446, stack(0x00007fddf70f6000,0x00007fddf71f7000)]
  0x00007fde2008f800 JavaThread "Signal Dispatcher" daemon [_thread_blocked, id=4447, stack(0x00007fddf6d16000,0x00007fddf6e17000)]
  0x00007fde20091800 JavaThread "C2 CompilerThread0" daemon [_thread_in_native, id=4448, stack(0x00007fddf6c15000,0x00007fddf6d16000)]
  0x00007fde20093800 JavaThread "C1 CompilerThread0" daemon [_thread_blocked, id=4449, stack(0x00007fddf6b14000,0x00007fddf6c15000)]
  0x00007fde20095800 JavaThread "Sweeper thread" daemon [_thread_blocked, id=4450, stack(0x00007fddf6a13000,0x00007fddf6b14000)]
  0x00007fde200cc800 JavaThread "Service Thread" daemon [_thread_blocked, id=4451, stack(0x00007fddf6912000,0x00007fddf6a13000)]
  0x00007fde200d5800 JavaThread "Common-Cleaner" daemon [_thread_blocked, id=4453, stack(0x00007fddf670f000,0x00007fddf6810000)]

Other Threads:
=>0x00007fde20085000 VMThread "VM Thread" [stack: 0x00007fddf72fa000,0x00007fddf73fa000] [id=4444]
  0x00007fde200cf000 WatcherThread [stack: 0x00007fddf6812000,0x00007fddf6912000] [id=4452]
  0x00007fde20028000 GCTaskThread "GC Thread#0" [stack: 0x00007fde075f6000,0x00007fde076f6000] [id=4439]
  0x00007fddec001000 GCTaskThread "GC Thread#1" [stack: 0x00007fddf61e7000,0x00007fddf62e7000] [id=4454]
  0x00007fde20037800 ConcurrentGCThread "G1 Main Marker" [stack: 0x00007fde061ba000,0x00007fde062ba000] [id=4440]
  0x00007fde20039000 ConcurrentGCThread "G1 Conc#0" [stack: 0x00007fde060b8000,0x00007fde061b8000] [id=4441]
  0x00007fde2005a800 ConcurrentGCThread "G1 Refine#0" [stack: 0x00007fddf7cfe000,0x00007fddf7dfe000] [id=4442]
  0x00007fde2005c800 ConcurrentGCThread "G1 Young RemSet Sampling" [stack: 0x00007fddf7bfc000,0x00007fddf7cfc000] [id=4443]

Threads with active compile tasks:
C2 CompilerThread05658       4       com.sun.tools.javac.code.Symtab::enterPackage (79 bytes)
C1 CompilerThread05807       2       com.sun.tools.javac.comp.Attr::checkInit (245 bytes)

VM state:at safepoint (normal execution)

VM Mutex/Monitor currently owned by a thread:  ([mutex/lock_event])
[0x00007fde2000e440] Threads_lock - owner thread: 0x00007fde20085000
[0x00007fde2000eb90] Heap_lock - owner thread: 0x00007fde20012000

Heap address: 0x00000000e3000000, size: 464 MB, Compressed Oops mode: 32-bit
Narrow klass base: 0x0000000800000000, Narrow klass shift: 3
Compressed class space size: 1073741824 Address: 0x0000000840000000

Heap:
 garbage-first heap   total 114688K, used 38166K [0x00000000e3000000, 0x0000000100000000)
  region size 1024K, 1 young (1024K), 1 survivors (1024K)
 Metaspace       used 25934K, capacity 26654K, committed 26752K, reserved 1073152K
  class space    used 2939K, capacity 3198K, committed 3200K, reserved 1048576K
Heap Regions: E=young(eden), S=young(survivor), O=old, HS=humongous(starts), HC=humongous(continues), CS=collection set, F=free, A=archive, TAMS=top-at-mark-start (previous, next)
|   0|0x00000000e3000000, 0x00000000e3100000, 0x00000000e3100000|100%| O|  |TAMS 0x00000000e3100000, 0x00000000e3100000| Untracked 
|   1|0x00000000e3100000, 0x00000000e3200000, 0x00000000e3200000|100%| O|  |TAMS 0x00000000e3200000, 0x00000000e3200000| Untracked 
|   2|0x00000000e3200000, 0x00000000e3300000, 0x00000000e3300000|100%| O|  |TAMS 0x00000000e3300000, 0x00000000e3300000| Untracked 
|   3|0x00000000e3300000, 0x00000000e3400000, 0x00000000e3400000|100%| O|  |TAMS 0x00000000e3400000, 0x00000000e3400000| Untracked 
|   4|0x00000000e3400000, 0x00000000e3500000, 0x00000000e3500000|100%| O|  |TAMS 0x00000000e3500000, 0x00000000e3500000| Untracked 
|   5|0x00000000e3500000, 0x00000000e3600000, 0x00000000e3600000|100%| O|  |TAMS 0x00000000e3600000, 0x00000000e3600000| Untracked 
|   6|0x00000000e3600000, 0x00000000e3700000, 0x00000000e3700000|100%| O|  |TAMS 0x00000000e3700000, 0x00000000e3700000| Untracked 
|   7|0x00000000e3700000, 0x00000000e3800000, 0x00000000e3800000|100%| O|  |TAMS 0x00000000e3800000, 0x00000000e3800000| Untracked 
|   8|0x00000000e3800000, 0x00000000e3900000, 0x00000000e3900000|100%| O|  |TAMS 0x00000000e3900000, 0x00000000e3900000| Untracked 
|   9|0x00000000e3900000, 0x00000000e3a00000, 0x00000000e3a00000|100%| O|  |TAMS 0x00000000e3a00000, 0x00000000e3a00000| Untracked 
|  10|0x00000000e3a00000, 0x00000000e3b00000, 0x00000000e3b00000|100%| O|  |TAMS 0x00000000e3b00000, 0x00000000e3b00000| Untracked 
|  11|0x00000000e3b00000, 0x00000000e3c00000, 0x00000000e3c00000|100%| O|  |TAMS 0x00000000e3c00000, 0x00000000e3c00000| Untracked 
|  12|0x00000000e3c00000, 0x00000000e3d00000, 0x00000000e3d00000|100%| O|  |TAMS 0x00000000e3d00000, 0x00000000e3d00000| Untracked 
|  13|0x00000000e3d00000, 0x00000000e3e00000, 0x00000000e3e00000|100%| O|  |TAMS 0x00000000e3e00000, 0x00000000e3e00000| Untracked 
|  14|0x00000000e3e00000, 0x00000000e3f00000, 0x00000000e3f00000|100%| O|  |TAMS 0x00000000e3f00000, 0x00000000e3f00000| Untracked 
|  15|0x00000000e3f00000, 0x00000000e4000000, 0x00000000e4000000|100%| O|  |TAMS 0x00000000e4000000, 0x00000000e4000000| Untracked 
|  16|0x00000000e4000000, 0x00000000e4100000, 0x00000000e4100000|100%| O|  |TAMS 0x00000000e4100000, 0x00000000e4100000| Untracked 
|  17|0x00000000e4100000, 0x00000000e4200000, 0x00000000e4200000|100%| O|  |TAMS 0x00000000e4200000, 0x00000000e4200000| Untracked 
|  18|0x00000000e4200000, 0x00000000e4300000, 0x00000000e4300000|100%| O|  |TAMS 0x00000000e4300000, 0x00000000e4300000| Untracked 
|  19|0x00000000e4300000, 0x00000000e4400000, 0x00000000e4400000|100%| O|  |TAMS 0x00000000e4400000, 0x00000000e4400000| Untracked 
|  20|0x00000000e4400000, 0x00000000e4500000, 0x00000000e4500000|100%| O|  |TAMS 0x00000000e4500000, 0x00000000e4500000| Untracked 
|  21|0x00000000e4500000, 0x00000000e4600000, 0x00000000e4600000|100%| O|  |TAMS 0x00000000e4600000, 0x00000000e4600000| Untracked 
|  22|0x00000000e4600000, 0x00000000e4700000, 0x00000000e4700000|100%| O|  |TAMS 0x00000000e4700000, 0x00000000e4700000| Untracked 
|  23|0x00000000e4700000, 0x00000000e4800000, 0x00000000e4800000|100%| O|  |TAMS 0x00000000e4800000, 0x00000000e4800000| Untracked 
|  24|0x00000000e4800000, 0x00000000e4900000, 0x00000000e4900000|100%| O|  |TAMS 0x00000000e4900000, 0x00000000e4900000| Untracked 
|  25|0x00000000e4900000, 0x00000000e4a00000, 0x00000000e4a00000|100%| O|  |TAMS 0x00000000e4a00000, 0x00000000e4a00000| Untracked 
|  26|0x00000000e4a00000, 0x00000000e4b00000, 0x00000000e4b00000|100%| O|  |TAMS 0x00000000e4b00000, 0x00000000e4b00000| Untracked 
|  27|0x00000000e4b00000, 0x00000000e4c00000, 0x00000000e4c00000|100%| O|  |TAMS 0x00000000e4c00000, 0x00000000e4c00000| Untracked 
|  28|0x00000000e4c00000, 0x00000000e4d00000, 0x00000000e4d00000|100%| O|  |TAMS 0x00000000e4d00000, 0x00000000e4d00000| Untracked 
|  29|0x00000000e4d00000, 0x00000000e4e00000, 0x00000000e4e00000|100%| O|  |TAMS 0x00000000e4e00000, 0x00000000e4e00000| Untracked 
|  30|0x00000000e4e00000, 0x00000000e4f00000, 0x00000000e4f00000|100%| O|  |TAMS 0x00000000e4f00000, 0x00000000e4f00000| Untracked 
|  31|0x00000000e4f00000, 0x00000000e5000000, 0x00000000e5000000|100%| O|  |TAMS 0x00000000e5000000, 0x00000000e5000000| Untracked 
|  32|0x00000000e5000000, 0x00000000e5100000, 0x00000000e5100000|100%| O|  |TAMS 0x00000000e5094200, 0x00000000e5100000| Untracked 
|  33|0x00000000e5100000, 0x00000000e5200000, 0x00000000e5200000|100%| O|  |TAMS 0x00000000e5100000, 0x00000000e5200000| Untracked 
|  34|0x00000000e5200000, 0x00000000e5300000, 0x00000000e5300000|100%| O|  |TAMS 0x00000000e5200000, 0x00000000e5300000| Untracked 
|  35|0x00000000e5300000, 0x00000000e53cb400, 0x00000000e5400000| 79%| O|  |TAMS 0x00000000e5300000, 0x00000000e53cb400| Untracked 
|  36|0x00000000e5400000, 0x00000000e5400000, 0x00000000e5500000|  0%| F|  |TAMS 0x00000000e5400000, 0x00000000e5400000| Untracked 
|  37|0x00000000e5500000, 0x00000000e5500000, 0x00000000e5600000|  0%| F|  |TAMS 0x00000000e5500000, 0x00000000e5500000| Untracked 
|  38|0x00000000e5600000, 0x00000000e5600000, 0x00000000e5700000|  0%| F|  |TAMS 0x00000000e5600000, 0x00000000e5600000| Untracked 
|  39|0x00000000e5700000, 0x00000000e5700000, 0x00000000e5800000|  0%| F|  |TAMS 0x00000000e5700000, 0x00000000e5700000| Untracked 
|  40|0x00000000e5800000, 0x00000000e5800000, 0x00000000e5900000|  0%| F|  |TAMS 0x00000000e5800000, 0x00000000e5800000| Untracked 
|  41|0x00000000e5900000, 0x00000000e5900000, 0x00000000e5a00000|  0%| F|  |TAMS 0x00000000e5900000, 0x00000000e5900000| Untracked 
|  42|0x00000000e5a00000, 0x00000000e5a00000, 0x00000000e5b00000|  0%| F|  |TAMS 0x00000000e5a00000, 0x00000000e5a00000| Untracked 
|  43|0x00000000e5b00000, 0x00000000e5b00000, 0x00000000e5c00000|  0%| F|  |TAMS 0x00000000e5b00000, 0x00000000e5b00000| Untracked 
|  44|0x00000000e5c00000, 0x00000000e5c00000, 0x00000000e5d00000|  0%| F|  |TAMS 0x00000000e5c00000, 0x00000000e5c00000| Untracked 
|  45|0x00000000e5d00000, 0x00000000e5d00000, 0x00000000e5e00000|  0%| F|  |TAMS 0x00000000e5d00000, 0x00000000e5d00000| Untracked 
|  46|0x00000000e5e00000, 0x00000000e5e00000, 0x00000000e5f00000|  0%| F|  |TAMS 0x00000000e5e00000, 0x00000000e5e00000| Untracked 
|  47|0x00000000e5f00000, 0x00000000e5f00000, 0x00000000e6000000|  0%| F|  |TAMS 0x00000000e5f00000, 0x00000000e5f00000| Untracked 
|  48|0x00000000e6000000, 0x00000000e60dc410, 0x00000000e6100000| 86%| S|CS|TAMS 0x00000000e6000000, 0x00000000e6000000| Complete 
|  49|0x00000000e6100000, 0x00000000e6100000, 0x00000000e6200000|  0%| F|  |TAMS 0x00000000e6100000, 0x00000000e6100000| Untracked 
|  50|0x00000000e6200000, 0x00000000e6200000, 0x00000000e6300000|  0%| F|  |TAMS 0x00000000e6200000, 0x00000000e6200000| Untracked 
|  51|0x00000000e6300000, 0x00000000e6300000, 0x00000000e6400000|  0%| F|  |TAMS 0x00000000e6300000, 0x00000000e6300000| Untracked 
|  52|0x00000000e6400000, 0x00000000e6400000, 0x00000000e6500000|  0%| F|  |TAMS 0x00000000e6400000, 0x00000000e6400000| Untracked 
|  53|0x00000000e6500000, 0x00000000e6500000, 0x00000000e6600000|  0%| F|  |TAMS 0x00000000e6500000, 0x00000000e6500000| Untracked 
|  54|0x00000000e6600000, 0x00000000e6600000, 0x00000000e6700000|  0%| F|  |TAMS 0x00000000e6600000, 0x00000000e6600000| Untracked 
| 462|0x00000000ffe00000, 0x00000000ffe34000, 0x00000000fff00000| 20%|OA|  |TAMS 0x00000000ffe34000, 0x00000000ffe34000| Untracked 
| 463|0x00000000fff00000, 0x00000000fff6a000, 0x0000000100000000| 41%|CA|  |TAMS 0x00000000fff6a000, 0x00000000fff6a000| Untracked 

Card table byte_map: [0x00007fde07222000,0x00007fde0730a000] _byte_map_base: 0x00007fde06b0a000

Marking Bits (Prev, Next): (CMBitMap*) 0x00007fde20034a88, (CMBitMap*) 0x00007fde20034ac0
 Prev Bits: [0x00007fde069fa000, 0x00007fde0713a000)
 Next Bits: [0x00007fde062ba000, 0x00007fde069fa000)

Polling page: 0x00007fde26dd8000

Metaspace:

Usage:
  Non-class:     22,91 MB capacity,    22,46 MB ( 98%) used,   410,41 KB (  2%) free+waste,    50,75 KB ( <1%) overhead. 
      Class:      3,12 MB capacity,     2,87 MB ( 92%) used,   235,91 KB (  7%) free+waste,    22,38 KB ( <1%) overhead. 
       Both:     26,03 MB capacity,    25,33 MB ( 97%) used,   646,32 KB (  2%) free+waste,    73,12 KB ( <1%) overhead. 

Virtual space:
  Non-class space:       24,00 MB reserved,      23,00 MB ( 96%) committed 
      Class space:        1,00 GB reserved,       3,12 MB ( <1%) committed 
             Both:        1,02 GB reserved,      26,12 MB (  2%) committed 

Chunk freelists:
   Non-Class:  12,00 KB
       Class:  2,00 KB
        Both:  14,00 KB

CodeHeap 'non-profiled nmethods': size=120036Kb used=2501Kb max_used=2501Kb free=117534Kb
 bounds [0x00007fde0f393000, 0x00007fde0f613000, 0x00007fde168cc000]
CodeHeap 'profiled nmethods': size=120032Kb used=13179Kb max_used=13179Kb free=106852Kb
 bounds [0x00007fde07e5b000, 0x00007fde08b3b000, 0x00007fde0f393000]
CodeHeap 'non-nmethods': size=5692Kb used=1120Kb max_used=1163Kb free=4572Kb
 bounds [0x00007fde078cc000, 0x00007fde07b3c000, 0x00007fde07e5b000]
 total_blobs=7254 nmethods=5742 adapters=365
 compilation: enabled
              stopped_count=0, restarted_count=0
 full_count=0

Compilation events (10 events):
Event: 49,252 Thread 0x00007fde20093800 nmethod 5805 0x00007fde08b37710 code [0x00007fde08b378e0, 0x00007fde08b37b58]
Event: 49,253 Thread 0x00007fde20093800 5802       2       com.sun.tools.javac.jvm.Gen::genStat (69 bytes)
Event: 49,256 Thread 0x00007fde20093800 nmethod 5802 0x00007fde08b37c90 code [0x00007fde08b37ec0, 0x00007fde08b38368]
Event: 49,259 Thread 0x00007fde20093800 5797       2       com.sun.tools.javac.tree.JCTree$JCNewClass::getTag (4 bytes)
Event: 49,260 Thread 0x00007fde20093800 nmethod 5797 0x00007fde08b38690 code [0x00007fde08b38840, 0x00007fde08b389b0]
Event: 49,262 Thread 0x00007fde20093800 5808       2       com.sun.tools.javac.comp.Attr::enclosingInitEnv (110 bytes)
Event: 49,266 Thread 0x00007fde20093800 nmethod 5808 0x00007fde08b38a90 code [0x00007fde08b38ca0, 0x00007fde08b39108]
Event: 49,266 Thread 0x00007fde20093800 5809       2       com.sun.tools.javac.comp.Attr::checkEnumInitializer (95 bytes)
Event: 49,312 Thread 0x00007fde20093800 nmethod 5809 0x00007fde08b39410 code [0x00007fde08b39640, 0x00007fde08b39b18]
Event: 49,313 Thread 0x00007fde20093800 5807       2       com.sun.tools.javac.comp.Attr::checkInit (245 bytes)

GC Heap History (10 events):
Event: 36,221 GC heap after
{Heap after GC invocations=30 (full 0):
 garbage-first heap   total 48128K, used 32571K [0x00000000e3000000, 0x0000000100000000)
  region size 1024K, 1 young (1024K), 1 survivors (1024K)
 Metaspace       used 24086K, capacity 24740K, committed 25088K, reserved 1071104K
  class space    used 2793K, capacity 3017K, committed 3072K, reserved 1048576K
}
Event: 36,314 GC heap before
{Heap before GC invocations=30 (full 0):
 garbage-first heap   total 48128K, used 36667K [0x00000000e3000000, 0x0000000100000000)
  region size 1024K, 5 young (5120K), 1 survivors (1024K)
 Metaspace       used 24107K, capacity 24743K, committed 25088K, reserved 1071104K
  class space    used 2793K, capacity 3017K, committed 3072K, reserved 1048576K
}
Event: 36,345 GC heap after
{Heap after GC invocations=31 (full 0):
 garbage-first heap   total 58368K, used 33175K [0x00000000e3000000, 0x0000000100000000)
  region size 1024K, 1 young (1024K), 1 survivors (1024K)
 Metaspace       used 24107K, capacity 24743K, committed 25088K, reserved 1071104K
  class space    used 2793K, capacity 3017K, committed 3072K, reserved 1048576K
}
Event: 36,788 GC heap before
{Heap before GC invocations=32 (full 0):
 garbage-first heap   total 58368K, used 40343K [0x00000000e3000000, 0x0000000100000000)
  region size 1024K, 8 young (8192K), 1 survivors (1024K)
 Metaspace       used 24286K, capacity 24978K, committed 25088K, reserved 1071104K
  class space    used 2808K, capacity 3052K, committed 3072K, reserved 1048576K
}
Event: 36,798 GC heap after
{Heap after GC invocations=33 (full 0):
 garbage-first heap   total 58368K, used 34391K [0x00000000e3000000, 0x0000000100000000)
  region size 1024K, 1 young (1024K), 1 survivors (1024K)
 Metaspace       used 24286K, capacity 24978K, committed 25088K, reserved 1071104K
  class space    used 2808K, capacity 3052K, committed 3072K, reserved 1048576K
}
Event: 38,140 GC heap before
{Heap before GC invocations=33 (full 0):
 garbage-first heap   total 58368K, used 41559K [0x00000000e3000000, 0x0000000100000000)
  region size 1024K, 9 young (9216K), 1 survivors (1024K)
 Metaspace       used 24641K, capacity 25345K, committed 25600K, reserved 1071104K
  class space    used 2821K, capacity 3066K, committed 3072K, reserved 1048576K
}
Event: 38,200 GC heap after
{Heap after GC invocations=34 (full 0):
 garbage-first heap   total 58368K, used 36040K [0x00000000e3000000, 0x0000000100000000)
  region size 1024K, 2 young (2048K), 2 survivors (2048K)
 Metaspace       used 24641K, capacity 25345K, committed 25600K, reserved 1071104K
  class space    used 2821K, capacity 3066K, committed 3072K, reserved 1048576K
}
Event: 39,024 GC heap before
{Heap before GC invocations=35 (full 0):
 garbage-first heap   total 58368K, used 43208K [0x00000000e3000000, 0x0000000100000000)
  region size 1024K, 9 young (9216K), 2 survivors (2048K)
 Metaspace       used 24788K, capacity 25430K, committed 25600K, reserved 1071104K
  class space    used 2834K, capacity 3069K, committed 3072K, reserved 1048576K
}
Event: 39,105 GC heap after
{Heap after GC invocations=36 (full 0):
 garbage-first heap   total 58368K, used 37422K [0x00000000e3000000, 0x0000000100000000)
  region size 1024K, 2 young (2048K), 2 survivors (2048K)
 Metaspace       used 24788K, capacity 25430K, committed 25600K, reserved 1071104K
  class space    used 2834K, capacity 3069K, committed 3072K, reserved 1048576K
}
Event: 49,350 GC heap before
{Heap before GC invocations=36 (full 0):
 garbage-first heap   total 58368K, used 43566K [0x00000000e3000000, 0x0000000100000000)
  region size 1024K, 8 young (8192K), 2 survivors (2048K)
 Metaspace       used 25934K, capacity 26654K, committed 26752K, reserved 1073152K
  class space    used 2939K, capacity 3198K, committed 3200K, reserved 1048576K
}

Deoptimization events (10 events):
Event: 48,578 Thread 0x00007fde20012000 DEOPT PACKING pc=0x00007fde0f5c3384 sp=0x00007fde26dbc5e0
Event: 48,578 Thread 0x00007fde20012000 DEOPT UNPACKING pc=0x00007fde078f3e1f sp=0x00007fde26dbc568 mode 2
Event: 49,224 Thread 0x00007fde20012000 Uncommon trap: trap_request=0xffffff4d fr.pc=0x00007fde0f58712c relative=0x000000000000010c
Event: 49,226 Thread 0x00007fde20012000 Uncommon trap: reason=unstable_if action=reinterpret pc=0x00007fde0f58712c method=com.sun.tools.javac.util.IntHashTable.lookup(Ljava/lang/Object;I)I @ 67 c2
Event: 49,226 Thread 0x00007fde20012000 DEOPT PACKING pc=0x00007fde0f58712c sp=0x00007fde26dbdeb0
Event: 49,230 Thread 0x00007fde20012000 DEOPT UNPACKING pc=0x00007fde078f3e1f sp=0x00007fde26dbde38 mode 2
Event: 49,230 Thread 0x00007fde20012000 Uncommon trap: trap_request=0xffffff4d fr.pc=0x00007fde0f589888 relative=0x0000000000000248
Event: 49,230 Thread 0x00007fde20012000 Uncommon trap: reason=unstable_if action=reinterpret pc=0x00007fde0f589888 method=com.sun.tools.javac.util.IntHashTable.putAtIndex(Ljava/lang/Object;II)I @ 18 c2
Event: 49,230 Thread 0x00007fde20012000 DEOPT PACKING pc=0x00007fde0f589888 sp=0x00007fde26dbdeb0
Event: 49,230 Thread 0x00007fde20012000 DEOPT UNPACKING pc=0x00007fde078f3e1f sp=0x00007fde26dbde48 mode 2

Classes redefined (0 events):
No events

Internal exceptions (10 events):
Event: 31,176 Thread 0x00007fde20012000 Exception <a 'java/lang/NoSuchMethodError'{0x00000000e56c45d0}: 'void java.lang.invoke.DirectMethodHandle$Holder.invokeSpecial(java.lang.Object, java.lang.Object, int, java.lang.Object)'> (0x00000000e56c45d0) thrown at [/build/openjdk-lts-7bqZff/openjdk-l
Event: 31,179 Thread 0x00007fde20012000 Exception <a 'java/lang/NoSuchMethodError'{0x00000000e56cb7c0}: 'java.lang.Object java.lang.invoke.Invokers$Holder.linkToTargetMethod(java.lang.Object, int, java.lang.Object)'> (0x00000000e56cb7c0) thrown at [/build/openjdk-lts-7bqZff/openjdk-lts-11.0.4+1
Event: 31,693 Thread 0x00007fde20012000 Exception <a 'java/lang/NoSuchMethodError'{0x00000000e56ec748}: 'int java.lang.invoke.DirectMethodHandle$Holder.invokeVirtual(java.lang.Object, java.lang.Object, java.lang.Object)'> (0x00000000e56ec748) thrown at [/build/openjdk-lts-7bqZff/openjdk-lts-11.
Event: 32,193 Thread 0x00007fde20012000 Exception <a 'java/lang/NoSuchMethodError'{0x00000000e55ffba8}: 'int java.lang.invoke.DirectMethodHandle$Holder.invokeStaticInit(java.lang.Object, java.lang.Object)'> (0x00000000e55ffba8) thrown at [/build/openjdk-lts-7bqZff/openjdk-lts-11.0.4+11/src/hots
Event: 32,520 Thread 0x00007fde20012000 Exception <a 'java/lang/NoSuchMethodError'{0x00000000e5cbceb0}: 'int java.lang.invoke.DirectMethodHandle$Holder.invokeVirtual(java.lang.Object, java.lang.Object)'> (0x00000000e5cbceb0) thrown at [/build/openjdk-lts-7bqZff/openjdk-lts-11.0.4+11/src/hotspot
Event: 32,569 Thread 0x00007fde20012000 Exception <a 'java/lang/NoSuchMethodError'{0x00000000e5cebb38}: 'java.lang.Object java.lang.invoke.Invokers$Holder.linkToTargetMethod(java.lang.Object, java.lang.Object, java.lang.Object, java.lang.Object, java.lang.Object, java.lang.Object)'> (0x00000000
Event: 35,917 Thread 0x00007fde20012000 Exception <a 'java/lang/NoSuchMethodError'{0x00000000e58488c0}: 'int java.lang.invoke.DirectMethodHandle$Holder.invokeSpecial(java.lang.Object, java.lang.Object, java.lang.Object, java.lang.Object, java.lang.Object)'> (0x00000000e58488c0) thrown at [/buil
Event: 39,685 Thread 0x00007fde20012000 Exception <a 'java/lang/NoSuchMethodError'{0x00000000e66bcdf8}: 'void java.lang.invoke.DirectMethodHandle$Holder.invokeVirtual(java.lang.Object, java.lang.Object)'> (0x00000000e66bcdf8) thrown at [/build/openjdk-lts-7bqZff/openjdk-lts-11.0.4+11/src/hotspo
Event: 39,763 Thread 0x00007fde20012000 Exception <a 'java/lang/NoSuchMethodError'{0x00000000e66ce750}: 'java.lang.Object java.lang.invoke.DirectMethodHandle$Holder.invokeVirtual(java.lang.Object, java.lang.Object, java.lang.Object)'> (0x00000000e66ce750) thrown at [/build/openjdk-lts-7bqZff/op
Event: 47,232 Thread 0x00007fde20012000 Exception <a 'java/lang/NoSuchMethodError'{0x00000000e65a55f8}: 'int java.lang.invoke.DirectMethodHandle$Holder.invokeSpecial(java.lang.Object, java.lang.Object, java.lang.Object, java.lang.Object)'> (0x00000000e65a55f8) thrown at [/build/openjdk-lts-7bqZ

Events (10 events):
Event: 48,255 loading class com/sun/tools/javac/code/Symbol$VarSymbol done
Event: 48,523 Executing VM operation: ICBufferFull
Event: 48,526 Executing VM operation: ICBufferFull done
Event: 48,711 loading class com/sun/tools/javac/util/Filter
Event: 48,711 loading class com/sun/tools/javac/util/Filter done
Event: 48,711 loading class com/sun/tools/javac/code/Symbol
Event: 48,711 loading class com/sun/tools/javac/code/Symbol done
Event: 48,711 loading class com/sun/tools/javac/util/Filter
Event: 48,711 loading class com/sun/tools/javac/util/Filter done
Event: 49,290 Executing VM operation: G1CollectForAllocation


Dynamic libraries:
e3000000-e6700000 rw-p 00000000 00:00 0 
e9e00000-ffe00000 ---p 00000000 00:00 0 
ffe00000-ffe34000 rw-p 01116000 b3:06 1437553                            /usr/lib/jvm/java-11-openjdk-amd64/lib/server/classes.jsa
ffe34000-fff00000 rw-p 00000000 00:00 0 
fff00000-fff6a000 rw-p 010ac000 b3:06 1437553                            /usr/lib/jvm/java-11-openjdk-amd64/lib/server/classes.jsa
fff6a000-100000000 rw-p 00000000 00:00 0 
800000000-800002000 rwxp 00001000 b3:06 1437553                          /usr/lib/jvm/java-11-openjdk-amd64/lib/server/classes.jsa
800002000-8003bd000 rw-p 00003000 b3:06 1437553                          /usr/lib/jvm/java-11-openjdk-amd64/lib/server/classes.jsa
8003bd000-800a98000 r--p 003be000 b3:06 1437553                          /usr/lib/jvm/java-11-openjdk-amd64/lib/server/classes.jsa
800a98000-800a99000 rw-p 00a99000 b3:06 1437553                          /usr/lib/jvm/java-11-openjdk-amd64/lib/server/classes.jsa
800a99000-8010ab000 r--p 00a9a000 b3:06 1437553                          /usr/lib/jvm/java-11-openjdk-amd64/lib/server/classes.jsa
840000000-840320000 rw-p 00000000 00:00 0 
840320000-880000000 ---p 00000000 00:00 0 
55fc82fe3000-55fc82fe4000 r-xp 00000000 b3:06 1441529                    /usr/lib/jvm/java-11-openjdk-amd64/bin/java
55fc831e4000-55fc831e5000 r--p 00001000 b3:06 1441529                    /usr/lib/jvm/java-11-openjdk-amd64/bin/java
55fc831e5000-55fc831e6000 rw-p 00002000 b3:06 1441529                    /usr/lib/jvm/java-11-openjdk-amd64/bin/java
55fc8451e000-55fc8453f000 rw-p 00000000 00:00 0                          [heap]
7fddc8000000-7fddc8021000 rw-p 00000000 00:00 0 
7fddc8021000-7fddcc000000 ---p 00000000 00:00 0 
7fddcc000000-7fddcc021000 rw-p 00000000 00:00 0 
7fddcc021000-7fddd0000000 ---p 00000000 00:00 0 
7fddd0000000-7fddd0586000 rw-p 00000000 00:00 0 
7fddd0586000-7fddd4000000 ---p 00000000 00:00 0 
7fddd4000000-7fddd4021000 rw-p 00000000 00:00 0 
7fddd4021000-7fddd8000000 ---p 00000000 00:00 0 
7fddd8000000-7fddd8021000 rw-p 00000000 00:00 0 
7fddd8021000-7fdddc000000 ---p 00000000 00:00 0 
7fdddc000000-7fdddd955000 rw-p 00000000 00:00 0 
7fdddd955000-7fdde0000000 ---p 00000000 00:00 0 
7fdde0000000-7fdde0021000 rw-p 00000000 00:00 0 
7fdde0021000-7fdde4000000 ---p 00000000 00:00 0 
7fdde4000000-7fdde4021000 rw-p 00000000 00:00 0 
7fdde4021000-7fdde8000000 ---p 00000000 00:00 0 
7fdde8000000-7fdde8021000 rw-p 00000000 00:00 0 
7fdde8021000-7fddec000000 ---p 00000000 00:00 0 
7fddec000000-7fddec021000 rw-p 00000000 00:00 0 
7fddec021000-7fddf0000000 ---p 00000000 00:00 0 
7fddf0000000-7fddf0021000 rw-p 00000000 00:00 0 
7fddf0021000-7fddf4000000 ---p 00000000 00:00 0 
7fddf51e5000-7fddf52e5000 rw-p 00000000 00:00 0 
7fddf52e5000-7fddf53e5000 ---p 00000000 00:00 0 
7fddf53e5000-7fddf55e5000 rw-p 00000000 00:00 0 
7fddf55e5000-7fddf57e5000 rw-p 00000000 00:00 0 
7fddf57e5000-7fddf59e5000 rw-p 00000000 00:00 0 
7fddf59e5000-7fddf5be5000 rw-p 00000000 00:00 0 
7fddf5be5000-7fddf5de5000 rw-p 00000000 00:00 0 
7fddf5de5000-7fddf5fe5000 rw-p 00000000 00:00 0 
7fddf5fe5000-7fddf61e5000 rw-p 00000000 00:00 0 
7fddf61e5000-7fddf61e6000 ---p 00000000 00:00 0 
7fddf61e6000-7fddf62e7000 rw-p 00000000 00:00 0 
7fddf62e7000-7fddf62fd000 r-xp 00000000 b3:06 1441803                    /usr/lib/jvm/java-11-openjdk-amd64/lib/libnet.so
7fddf62fd000-7fddf64fc000 ---p 00016000 b3:06 1441803                    /usr/lib/jvm/java-11-openjdk-amd64/lib/libnet.so
7fddf64fc000-7fddf64fd000 r--p 00015000 b3:06 1441803                    /usr/lib/jvm/java-11-openjdk-amd64/lib/libnet.so
7fddf64fd000-7fddf64fe000 rw-p 00016000 b3:06 1441803                    /usr/lib/jvm/java-11-openjdk-amd64/lib/libnet.so
7fddf64fe000-7fddf650e000 r-xp 00000000 b3:06 1441805                    /usr/lib/jvm/java-11-openjdk-amd64/lib/libnio.so
7fddf650e000-7fddf670d000 ---p 00010000 b3:06 1441805                    /usr/lib/jvm/java-11-openjdk-amd64/lib/libnio.so
7fddf670d000-7fddf670e000 r--p 0000f000 b3:06 1441805                    /usr/lib/jvm/java-11-openjdk-amd64/lib/libnio.so
7fddf670e000-7fddf670f000 rw-p 00010000 b3:06 1441805                    /usr/lib/jvm/java-11-openjdk-amd64/lib/libnio.so
7fddf670f000-7fddf6713000 ---p 00000000 00:00 0 
7fddf6713000-7fddf6810000 rw-p 00000000 00:00 0 
7fddf6810000-7fddf6811000 ---p 00000000 00:00 0 
7fddf6811000-7fddf6912000 rw-p 00000000 00:00 0 
7fddf6912000-7fddf6916000 ---p 00000000 00:00 0 
7fddf6916000-7fddf6a13000 rw-p 00000000 00:00 0 
7fddf6a13000-7fddf6a17000 ---p 00000000 00:00 0 
7fddf6a17000-7fddf6b14000 rw-p 00000000 00:00 0 
7fddf6b14000-7fddf6b18000 ---p 00000000 00:00 0 
7fddf6b18000-7fddf6c15000 rw-p 00000000 00:00 0 
7fddf6c15000-7fddf6c19000 ---p 00000000 00:00 0 
7fddf6c19000-7fddf6d16000 rw-p 00000000 00:00 0 
7fddf6d16000-7fddf6d1a000 ---p 00000000 00:00 0 
7fddf6d1a000-7fddf6e17000 rw-p 00000000 00:00 0 
7fddf6e17000-7fddf70f6000 r--p 00000000 b3:06 1443645                    /usr/lib/locale/locale-archive
7fddf70f6000-7fddf70fa000 ---p 00000000 00:00 0 
7fddf70fa000-7fddf71f7000 rw-p 00000000 00:00 0 
7fddf71f7000-7fddf71fb000 ---p 00000000 00:00 0 
7fddf71fb000-7fddf72f8000 rw-p 00000000 00:00 0 
7fddf72f8000-7fddf72f9000 ---p 00000000 00:00 0 
7fddf72f9000-7fddf7bfa000 rw-p 00000000 00:00 0 
7fddf7bfa000-7fddf7bfb000 ---p 00000000 00:00 0 
7fddf7bfb000-7fddf7cfc000 rw-p 00000000 00:00 0 
7fddf7cfc000-7fddf7cfd000 ---p 00000000 00:00 0 
7fddf7cfd000-7fddf8000000 rw-p 00000000 00:00 0 
7fddf8000000-7fddf8021000 rw-p 00000000 00:00 0 
7fddf8021000-7fddfc000000 ---p 00000000 00:00 0 
7fddfc000000-7fddfc023000 rw-p 00000000 00:00 0 
7fddfc023000-7fde00000000 ---p 00000000 00:00 0 
7fde00000000-7fde00021000 rw-p 00000000 00:00 0 
7fde00021000-7fde04000000 ---p 00000000 00:00 0 
7fde04004000-7fde060b6000 rw-p 00000000 00:00 0 
7fde060b6000-7fde060b7000 ---p 00000000 00:00 0 
7fde060b7000-7fde061b8000 rw-p 00000000 00:00 0 
7fde061b8000-7fde061b9000 ---p 00000000 00:00 0 
7fde061b9000-7fde06396000 rw-p 00000000 00:00 0 
7fde06396000-7fde069f2000 ---p 00000000 00:00 0 
7fde069f2000-7fde06ad6000 rw-p 00000000 00:00 0 
7fde06ad6000-7fde07132000 ---p 00000000 00:00 0 
7fde07132000-7fde07156000 rw-p 00000000 00:00 0 
7fde07156000-7fde07221000 ---p 00000000 00:00 0 
7fde07221000-7fde0723e000 rw-p 00000000 00:00 0 
7fde0723e000-7fde07309000 ---p 00000000 00:00 0 
7fde07309000-7fde07326000 rw-p 00000000 00:00 0 
7fde07326000-7fde073f1000 ---p 00000000 00:00 0 
7fde073f1000-7fde075f4000 rw-p 00000000 00:00 0 
7fde075f4000-7fde075f5000 ---p 00000000 00:00 0 
7fde075f5000-7fde076fb000 rw-p 00000000 00:00 0 
7fde076fb000-7fde077e1000 ---p 00000000 00:00 0 
7fde077e1000-7fde077fb000 rw-p 00000000 00:00 0 
7fde077fb000-7fde078cc000 ---p 00000000 00:00 0 
7fde078cc000-7fde07b3c000 rwxp 00000000 00:00 0 
7fde07b3c000-7fde07e5b000 ---p 00000000 00:00 0 
7fde07e5b000-7fde08b3b000 rwxp 00000000 00:00 0 
7fde08b3b000-7fde0f393000 ---p 00000000 00:00 0 
7fde0f393000-7fde0f613000 rwxp 00000000 00:00 0 
7fde0f613000-7fde168cc000 ---p 00000000 00:00 0 
7fde168cc000-7fde1ef76000 r--s 00000000 b3:06 1441815                    /usr/lib/jvm/java-11-openjdk-amd64/lib/modules
7fde1ef76000-7fde1ef7b000 r-xp 00000000 b3:06 1441785                    /usr/lib/jvm/java-11-openjdk-amd64/lib/libjimage.so
7fde1ef7b000-7fde1f17a000 ---p 00005000 b3:06 1441785                    /usr/lib/jvm/java-11-openjdk-amd64/lib/libjimage.so
7fde1f17a000-7fde1f17b000 r--p 00004000 b3:06 1441785                    /usr/lib/jvm/java-11-openjdk-amd64/lib/libjimage.so
7fde1f17b000-7fde1f17c000 rw-p 00005000 b3:06 1441785                    /usr/lib/jvm/java-11-openjdk-amd64/lib/libjimage.so
7fde1f17c000-7fde1f183000 r-xp 00000000 b3:06 1441814                    /usr/lib/jvm/java-11-openjdk-amd64/lib/libzip.so
7fde1f183000-7fde1f382000 ---p 00007000 b3:06 1441814                    /usr/lib/jvm/java-11-openjdk-amd64/lib/libzip.so
7fde1f382000-7fde1f383000 r--p 00006000 b3:06 1441814                    /usr/lib/jvm/java-11-openjdk-amd64/lib/libzip.so
7fde1f383000-7fde1f384000 rw-p 00007000 b3:06 1441814                    /usr/lib/jvm/java-11-openjdk-amd64/lib/libzip.so
7fde1f384000-7fde1f38f000 r-xp 00000000 b3:06 1050651                    /lib/x86_64-linux-gnu/libnss_files-2.27.so
7fde1f38f000-7fde1f58e000 ---p 0000b000 b3:06 1050651                    /lib/x86_64-linux-gnu/libnss_files-2.27.so
7fde1f58e000-7fde1f58f000 r--p 0000a000 b3:06 1050651                    /lib/x86_64-linux-gnu/libnss_files-2.27.so
7fde1f58f000-7fde1f590000 rw-p 0000b000 b3:06 1050651                    /lib/x86_64-linux-gnu/libnss_files-2.27.so
7fde1f590000-7fde1f596000 rw-p 00000000 00:00 0 
7fde1f596000-7fde1f5ad000 r-xp 00000000 b3:06 1050645                    /lib/x86_64-linux-gnu/libnsl-2.27.so
7fde1f5ad000-7fde1f7ac000 ---p 00017000 b3:06 1050645                    /lib/x86_64-linux-gnu/libnsl-2.27.so
7fde1f7ac000-7fde1f7ad000 r--p 00016000 b3:06 1050645                    /lib/x86_64-linux-gnu/libnsl-2.27.so
7fde1f7ad000-7fde1f7ae000 rw-p 00017000 b3:06 1050645                    /lib/x86_64-linux-gnu/libnsl-2.27.so
7fde1f7ae000-7fde1f7b0000 rw-p 00000000 00:00 0 
7fde1f7b0000-7fde1f7bb000 r-xp 00000000 b3:06 1050662                    /lib/x86_64-linux-gnu/libnss_nis-2.27.so
7fde1f7bb000-7fde1f9ba000 ---p 0000b000 b3:06 1050662                    /lib/x86_64-linux-gnu/libnss_nis-2.27.so
7fde1f9ba000-7fde1f9bb000 r--p 0000a000 b3:06 1050662                    /lib/x86_64-linux-gnu/libnss_nis-2.27.so
7fde1f9bb000-7fde1f9bc000 rw-p 0000b000 b3:06 1050662                    /lib/x86_64-linux-gnu/libnss_nis-2.27.so
7fde1f9bc000-7fde1f9c4000 r-xp 00000000 b3:06 1050647                    /lib/x86_64-linux-gnu/libnss_compat-2.27.so
7fde1f9c4000-7fde1fbc4000 ---p 00008000 b3:06 1050647                    /lib/x86_64-linux-gnu/libnss_compat-2.27.so
7fde1fbc4000-7fde1fbc5000 r--p 00008000 b3:06 1050647                    /lib/x86_64-linux-gnu/libnss_compat-2.27.so
7fde1fbc5000-7fde1fbc6000 rw-p 00009000 b3:06 1050647                    /lib/x86_64-linux-gnu/libnss_compat-2.27.so
7fde1fbc6000-7fde1fbef000 r-xp 00000000 b3:06 1441777                    /usr/lib/jvm/java-11-openjdk-amd64/lib/libjava.so
7fde1fbef000-7fde1fdee000 ---p 00029000 b3:06 1441777                    /usr/lib/jvm/java-11-openjdk-amd64/lib/libjava.so
7fde1fdee000-7fde1fdef000 r--p 00028000 b3:06 1441777                    /usr/lib/jvm/java-11-openjdk-amd64/lib/libjava.so
7fde1fdef000-7fde1fdf1000 rw-p 00029000 b3:06 1441777                    /usr/lib/jvm/java-11-openjdk-amd64/lib/libjava.so
7fde1fdf1000-7fde1fdfe000 r-xp 00000000 b3:06 1441812                    /usr/lib/jvm/java-11-openjdk-amd64/lib/libverify.so
7fde1fdfe000-7fde1fffd000 ---p 0000d000 b3:06 1441812                    /usr/lib/jvm/java-11-openjdk-amd64/lib/libverify.so
7fde1fffd000-7fde1ffff000 r--p 0000c000 b3:06 1441812                    /usr/lib/jvm/java-11-openjdk-amd64/lib/libverify.so
7fde1ffff000-7fde20000000 rw-p 0000e000 b3:06 1441812                    /usr/lib/jvm/java-11-openjdk-amd64/lib/libverify.so
7fde20000000-7fde21570000 rw-p 00000000 00:00 0 
7fde21570000-7fde24000000 ---p 00000000 00:00 0 
7fde24015000-7fde2401c000 r-xp 00000000 b3:06 1050702                    /lib/x86_64-linux-gnu/librt-2.27.so
7fde2401c000-7fde2421b000 ---p 00007000 b3:06 1050702                    /lib/x86_64-linux-gnu/librt-2.27.so
7fde2421b000-7fde2421c000 r--p 00006000 b3:06 1050702                    /lib/x86_64-linux-gnu/librt-2.27.so
7fde2421c000-7fde2421d000 rw-p 00007000 b3:06 1050702                    /lib/x86_64-linux-gnu/librt-2.27.so
7fde2421d000-7fde24234000 r-xp 00000000 b3:06 1050598                    /lib/x86_64-linux-gnu/libgcc_s.so.1
7fde24234000-7fde24433000 ---p 00017000 b3:06 1050598                    /lib/x86_64-linux-gnu/libgcc_s.so.1
7fde24433000-7fde24434000 r--p 00016000 b3:06 1050598                    /lib/x86_64-linux-gnu/libgcc_s.so.1
7fde24434000-7fde24435000 rw-p 00017000 b3:06 1050598                    /lib/x86_64-linux-gnu/libgcc_s.so.1
7fde24435000-7fde245d2000 r-xp 00000000 b3:06 1050624                    /lib/x86_64-linux-gnu/libm-2.27.so
7fde245d2000-7fde247d1000 ---p 0019d000 b3:06 1050624                    /lib/x86_64-linux-gnu/libm-2.27.so
7fde247d1000-7fde247d2000 r--p 0019c000 b3:06 1050624                    /lib/x86_64-linux-gnu/libm-2.27.so
7fde247d2000-7fde247d3000 rw-p 0019d000 b3:06 1050624                    /lib/x86_64-linux-gnu/libm-2.27.so
7fde247d3000-7fde2494c000 r-xp 00000000 b3:06 1446455                    /usr/lib/x86_64-linux-gnu/libstdc++.so.6.0.25
7fde2494c000-7fde24b4c000 ---p 00179000 b3:06 1446455                    /usr/lib/x86_64-linux-gnu/libstdc++.so.6.0.25
7fde24b4c000-7fde24b56000 r--p 00179000 b3:06 1446455                    /usr/lib/x86_64-linux-gnu/libstdc++.so.6.0.25
7fde24b56000-7fde24b58000 rw-p 00183000 b3:06 1446455                    /usr/lib/x86_64-linux-gnu/libstdc++.so.6.0.25
7fde24b58000-7fde24b5c000 rw-p 00000000 00:00 0 
7fde24b5c000-7fde25c28000 r-xp 00000000 b3:06 1441824                    /usr/lib/jvm/java-11-openjdk-amd64/lib/server/libjvm.so
7fde25c28000-7fde25e27000 ---p 010cc000 b3:06 1441824                    /usr/lib/jvm/java-11-openjdk-amd64/lib/server/libjvm.so
7fde25e27000-7fde25ee4000 r--p 010cb000 b3:06 1441824                    /usr/lib/jvm/java-11-openjdk-amd64/lib/server/libjvm.so
7fde25ee4000-7fde25f1d000 rw-p 01188000 b3:06 1441824                    /usr/lib/jvm/java-11-openjdk-amd64/lib/server/libjvm.so
7fde25f1d000-7fde25f73000 rw-p 00000000 00:00 0 
7fde25f73000-7fde25f8d000 r-xp 00000000 b3:06 1050694                    /lib/x86_64-linux-gnu/libpthread-2.27.so
7fde25f8d000-7fde2618c000 ---p 0001a000 b3:06 1050694                    /lib/x86_64-linux-gnu/libpthread-2.27.so
7fde2618c000-7fde2618d000 r--p 00019000 b3:06 1050694                    /lib/x86_64-linux-gnu/libpthread-2.27.so
7fde2618d000-7fde2618e000 rw-p 0001a000 b3:06 1050694                    /lib/x86_64-linux-gnu/libpthread-2.27.so
7fde2618e000-7fde26192000 rw-p 00000000 00:00 0 
7fde26192000-7fde26195000 r-xp 00000000 b3:06 1050584                    /lib/x86_64-linux-gnu/libdl-2.27.so
7fde26195000-7fde26394000 ---p 00003000 b3:06 1050584                    /lib/x86_64-linux-gnu/libdl-2.27.so
7fde26394000-7fde26395000 r--p 00002000 b3:06 1050584                    /lib/x86_64-linux-gnu/libdl-2.27.so
7fde26395000-7fde26396000 rw-p 00003000 b3:06 1050584                    /lib/x86_64-linux-gnu/libdl-2.27.so
7fde26396000-7fde263b2000 r-xp 00000000 b3:06 1050735                    /lib/x86_64-linux-gnu/libz.so.1.2.11
7fde263b2000-7fde265b1000 ---p 0001c000 b3:06 1050735                    /lib/x86_64-linux-gnu/libz.so.1.2.11
7fde265b1000-7fde265b2000 r--p 0001b000 b3:06 1050735                    /lib/x86_64-linux-gnu/libz.so.1.2.11
7fde265b2000-7fde265b3000 rw-p 0001c000 b3:06 1050735                    /lib/x86_64-linux-gnu/libz.so.1.2.11
7fde265b3000-7fde2679a000 r-xp 00000000 b3:06 1050561                    /lib/x86_64-linux-gnu/libc-2.27.so
7fde2679a000-7fde2699a000 ---p 001e7000 b3:06 1050561                    /lib/x86_64-linux-gnu/libc-2.27.so
7fde2699a000-7fde2699e000 r--p 001e7000 b3:06 1050561                    /lib/x86_64-linux-gnu/libc-2.27.so
7fde2699e000-7fde269a0000 rw-p 001eb000 b3:06 1050561                    /lib/x86_64-linux-gnu/libc-2.27.so
7fde269a0000-7fde269a4000 rw-p 00000000 00:00 0 
7fde269a4000-7fde269b4000 r-xp 00000000 b3:06 1441749                    /usr/lib/jvm/java-11-openjdk-amd64/lib/jli/libjli.so
7fde269b4000-7fde26bb3000 ---p 00010000 b3:06 1441749                    /usr/lib/jvm/java-11-openjdk-amd64/lib/jli/libjli.so
7fde26bb3000-7fde26bb4000 r--p 0000f000 b3:06 1441749                    /usr/lib/jvm/java-11-openjdk-amd64/lib/jli/libjli.so
7fde26bb4000-7fde26bb5000 rw-p 00010000 b3:06 1441749                    /usr/lib/jvm/java-11-openjdk-amd64/lib/jli/libjli.so
7fde26bb5000-7fde26bdc000 r-xp 00000000 b3:06 1050533                    /lib/x86_64-linux-gnu/ld-2.27.so
7fde26beb000-7fde26cc0000 rw-p 00000000 00:00 0 
7fde26cc0000-7fde26cc4000 ---p 00000000 00:00 0 
7fde26cc4000-7fde26dc3000 rw-p 00000000 00:00 0 
7fde26dc4000-7fde26dc9000 rw-p 00000000 00:00 0 
7fde26dc9000-7fde26dd0000 ---p 00000000 00:00 0 
7fde26dd0000-7fde26dd8000 rw-s 00000000 b3:06 416909                     /tmp/hsperfdata_lizandra/4427
7fde26dd8000-7fde26dd9000 ---p 00000000 00:00 0 
7fde26dd9000-7fde26dda000 r--p 00000000 00:00 0 
7fde26dda000-7fde26ddc000 rw-p 00000000 00:00 0 
7fde26ddc000-7fde26ddd000 r--p 00027000 b3:06 1050533                    /lib/x86_64-linux-gnu/ld-2.27.so
7fde26ddd000-7fde26dde000 rw-p 00028000 b3:06 1050533                    /lib/x86_64-linux-gnu/ld-2.27.so
7fde26dde000-7fde26ddf000 rw-p 00000000 00:00 0 
7fff72ac5000-7fff72ae6000 rw-p 00000000 00:00 0                          [stack]
7fff72afd000-7fff72b00000 r--p 00000000 00:00 0                          [vvar]
7fff72b00000-7fff72b02000 r-xp 00000000 00:00 0                          [vdso]
ffffffffff600000-ffffffffff601000 r-xp 00000000 00:00 0                  [vsyscall]


VM Arguments:
jvm_args: -Dclassworlds.conf=/home/lizandra/Software/netbeans/java/maven/bin/m2.conf -Dmaven.home=/home/lizandra/Software/netbeans/java/maven -Dmaven.multiModuleProjectDirectory=/home/lizandra/NetBeansProjects/sistema-nutri 
java_command: org.codehaus.plexus.classworlds.launcher.Launcher -Dmaven.ext.class.path=/home/lizandra/Software/netbeans/java/maven-nblib/netbeans-eventspy.jar clean install
java_class_path (initial): /home/lizandra/Software/netbeans/java/maven/boot/plexus-classworlds-2.5.2.jar
Launcher Type: SUN_STANDARD

[Global flags]
     intx CICompilerCount                          = 2                                         {product} {ergonomic}
     uint ConcGCThreads                            = 1                                         {product} {ergonomic}
     uint G1ConcRefinementThreads                  = 2                                         {product} {ergonomic}
   size_t G1HeapRegionSize                         = 1048576                                   {product} {ergonomic}
    uintx GCDrainStackTargetSize                   = 64                                        {product} {ergonomic}
   size_t InitialHeapSize                          = 31457280                                  {product} {ergonomic}
   size_t MarkStackSize                            = 4194304                                   {product} {ergonomic}
   size_t MaxHeapSize                              = 486539264                                 {product} {ergonomic}
   size_t MaxNewSize                               = 291504128                                 {product} {ergonomic}
   size_t MinHeapDeltaBytes                        = 1048576                                   {product} {ergonomic}
    uintx NonNMethodCodeHeapSize                   = 5824844                                {pd product} {ergonomic}
    uintx NonProfiledCodeHeapSize                  = 122916698                              {pd product} {ergonomic}
    uintx ProfiledCodeHeapSize                     = 122916698                              {pd product} {ergonomic}
    uintx ReservedCodeCacheSize                    = 251658240                              {pd product} {ergonomic}
     bool SegmentedCodeCache                       = true                                      {product} {ergonomic}
     bool UseCompressedClassPointers               = true                                 {lp64_product} {ergonomic}
     bool UseCompressedOops                        = true                                 {lp64_product} {ergonomic}
     bool UseG1GC                                  = true                                      {product} {ergonomic}

Logging:
Log output configuration:
 #0: stdout all=warning uptime,level,tags
 #1: stderr all=off uptime,level,tags

Environment Variables:
JAVA_HOME=/usr/lib/jvm/java-11-openjdk-amd64
PATH=/usr/local/sbin:/usr/local/bin:/usr/sbin:/usr/bin:/sbin:/bin:/usr/games:/usr/local/games
SHELL=/bin/bash
DISPLAY=:0

Signal Handlers:
SIGSEGV: [libjvm.so+0xde5f50], sa_mask[0]=11111111011111111101111111111110, sa_flags=SA_RESTART|SA_SIGINFO
SIGBUS: [libjvm.so+0xde5f50], sa_mask[0]=11111111011111111101111111111110, sa_flags=SA_RESTART|SA_SIGINFO
SIGFPE: [libjvm.so+0xde5f50], sa_mask[0]=11111111011111111101111111111110, sa_flags=SA_RESTART|SA_SIGINFO
SIGPIPE: [libjvm.so+0xbba5b0], sa_mask[0]=11111111011111111101111111111110, sa_flags=SA_RESTART|SA_SIGINFO
SIGXFSZ: [libjvm.so+0xbba5b0], sa_mask[0]=11111111011111111101111111111110, sa_flags=SA_RESTART|SA_SIGINFO
SIGILL: [libjvm.so+0xde5f50], sa_mask[0]=11111111011111111101111111111110, sa_flags=SA_RESTART|SA_SIGINFO
SIGUSR2: [libjvm.so+0xbba450], sa_mask[0]=00100000000000000000000000000000, sa_flags=SA_RESTART|SA_SIGINFO
SIGHUP: [libjvm.so+0xbba7b0], sa_mask[0]=11111111011111111101111111111110, sa_flags=SA_RESTART|SA_SIGINFO
SIGINT: SIG_IGN, sa_mask[0]=00000000000000000000000000000000, sa_flags=none
SIGTERM: [libjvm.so+0xbba7b0], sa_mask[0]=11111111011111111101111111111110, sa_flags=SA_RESTART|SA_SIGINFO
SIGQUIT: [libjvm.so+0xbba7b0], sa_mask[0]=11111111011111111101111111111110, sa_flags=SA_RESTART|SA_SIGINFO


---------------  S Y S T E M  ---------------

OS:DISTRIB_ID=LinuxMint
DISTRIB_RELEASE=19.2
DISTRIB_CODENAME=tina
DISTRIB_DESCRIPTION="Linux Mint 19.2 Tina"
uname:Linux 4.15.0-58-generic #64-Ubuntu SMP Tue Aug 6 11:12:41 UTC 2019 x86_64
libc:glibc 2.27 NPTL 2.27 
rlimit: STACK 8192k, CORE 0k, NPROC 6965, NOFILE 1048576, AS infinity, DATA infinity, FSIZE infinity
load average:3,76 2,59 2,37

/proc/meminfo:
MemTotal:        1897592 kB
MemFree:           77264 kB
MemAvailable:      29832 kB
Buffers:             924 kB
Cached:           106160 kB
SwapCached:          284 kB
Active:          1239856 kB
Inactive:         424028 kB
Active(anon):    1230500 kB
Inactive(anon):   410216 kB
Active(file):       9356 kB
Inactive(file):    13812 kB
Unevictable:          48 kB
Mlocked:              48 kB
SwapTotal:       1301168 kB
SwapFree:              0 kB
Dirty:               120 kB
Writeback:             0 kB
AnonPages:       1556692 kB
Mapped:            41372 kB
Shmem:             83852 kB
Slab:              70076 kB
SReclaimable:      31228 kB
SUnreclaim:        38848 kB
KernelStack:       11216 kB
PageTables:        40708 kB
NFS_Unstable:          0 kB
Bounce:                0 kB
WritebackTmp:          0 kB
CommitLimit:     2249964 kB
Committed_AS:    5955072 kB
VmallocTotal:   34359738367 kB
VmallocUsed:           0 kB
VmallocChunk:          0 kB
HardwareCorrupted:     0 kB
AnonHugePages:         0 kB
ShmemHugePages:        0 kB
ShmemPmdMapped:        0 kB
CmaTotal:              0 kB
CmaFree:               0 kB
HugePages_Total:       0
HugePages_Free:        0
HugePages_Rsvd:        0
HugePages_Surp:        0
Hugepagesize:       2048 kB
DirectMap4k:      136960 kB
DirectMap2M:     1814528 kB


/proc/sys/kernel/threads-max (system-wide limit on the number of threads):
13930


/proc/sys/vm/max_map_count (maximum number of memory map areas a process may have):
65530


/proc/sys/kernel/pid_max (system-wide limit on number of process identifiers):
32768



container (cgroup) information:
container_type: cgroupv1
cpu_cpuset_cpus: 0-1
cpu_memory_nodes: 0
active_processor_count: 2
cpu_quota: -1
cpu_period: 100000
cpu_shares: -1
memory_limit_in_bytes: -1
memory_and_swap_limit_in_bytes: -2
memory_soft_limit_in_bytes: -1
memory_usage_in_bytes: 1704386560
memory_max_usage_in_bytes: 0

Steal ticks since vm start: 0
Steal ticks percentage since vm start:  0,000

CPU:total 2 (initial active 2) (2 cores per cpu, 1 threads per core) family 6 model 76 stepping 3, cmov, cx8, fxsr, mmx, sse, sse2, sse3, ssse3, sse4.1, sse4.2, popcnt, aes, clmul, erms, 3dnowpref, tsc, tscinvbit
CPU Model and flags from /proc/cpuinfo:
model name	: Intel(R) Celeron(R) CPU  N3050  @ 1.60GHz
flags		: fpu vme de pse tsc msr pae mce cx8 apic sep mtrr pge mca cmov pat pse36 clflush dts acpi mmx fxsr sse sse2 ss ht tm pbe syscall nx rdtscp lm constant_tsc arch_perfmon pebs bts rep_good nopl xtopology tsc_reliable nonstop_tsc cpuid aperfmperf tsc_known_freq pni pclmulqdq dtes64 monitor ds_cpl vmx est tm2 ssse3 cx16 xtpr pdcm sse4_1 sse4_2 movbe popcnt tsc_deadline_timer aes rdrand lahf_lm 3dnowprefetch epb pti ibrs ibpb stibp tpr_shadow vnmi flexpriority ept vpid tsc_adjust smep erms dtherm ida arat md_clear

Memory: 4k page, physical 1897592k(76024k free), swap 1301168k(0k free)

vm_info: OpenJDK 64-Bit Server VM (11.0.4+11-post-Ubuntu-1ubuntu218.04.3) for linux-amd64 JRE (11.0.4+11-post-Ubuntu-1ubuntu218.04.3), built on Jul 18 2019 18:21:46 by "buildd" with gcc 7.4.0

END.
