#
# There is insufficient memory for the Java Runtime Environment to continue.
# Native memory allocation (mmap) failed to map 41943040 bytes for committing reserved memory.
# Possible reasons:
#   The system is out of physical RAM or swap space
#   The process is running with CompressedOops enabled, and the Java Heap may be blocking the growth of the native heap
# Possible solutions:
#   Reduce memory load on the system
#   Increase physical memory or swap space
#   Check if swap backing store is full
#   Decrease Java heap size (-Xmx/-Xms)
#   Decrease number of Java threads
#   Decrease Java thread stack sizes (-Xss)
#   Set larger code cache with -XX:ReservedCodeCacheSize=
#   JVM is running with Unscaled Compressed Oops mode in which the Java heap is
#     placed in the first 4GB address space. The Java Heap base address is the
#     maximum limit for the native heap growth. Please use -XX:HeapBaseMinAddress
#     to set the Java Heap base and to place the Java Heap above 4GB virtual address.
# This output file may be truncated or incomplete.
#
#  Out of Memory Error (os_linux.cpp:2893), pid=5038, tid=5056
#
# JRE version: OpenJDK Runtime Environment (11.0.4+11) (build 11.0.4+11-post-Ubuntu-1ubuntu218.04.3)
# Java VM: OpenJDK 64-Bit Server VM (11.0.4+11-post-Ubuntu-1ubuntu218.04.3, mixed mode, sharing, tiered, compressed oops, g1 gc, linux-amd64)
# Core dump will be written. Default location: Core dumps may be processed with "/lib/systemd/systemd-coredump %P %u %g %s %t 9223372036854775808 %e" (or dumping to /home/lizandra/NetBeansProjects/sistema-nutri/core.5038)
#

---------------  S U M M A R Y ------------

Command Line: -Dclassworlds.conf=/home/lizandra/Software/netbeans/java/maven/bin/m2.conf -Dmaven.home=/home/lizandra/Software/netbeans/java/maven -Dmaven.multiModuleProjectDirectory=/home/lizandra/NetBeansProjects/sistema-nutri org.codehaus.plexus.classworlds.launcher.Launcher -Dmaven.ext.class.path=/home/lizandra/Software/netbeans/java/maven-nblib/netbeans-eventspy.jar clean install

Host: Intel(R) Celeron(R) CPU  N3050  @ 1.60GHz, 2 cores, 1G, Linux Mint 19.2 Tina
Time: Tue Oct  8 20:39:20 2019 -03 elapsed time: 247 seconds (0d 0h 4m 7s)

---------------  T H R E A D  ---------------

Current thread (0x00007f290c085000):  VMThread "VM Thread" [stack: 0x00007f2910313000,0x00007f2910413000] [id=5056]

Stack: [0x00007f2910313000,0x00007f2910413000],  sp=0x00007f2910410ff0,  free space=1015k
Native frames: (J=compiled Java code, A=aot compiled Java code, j=interpreted, Vv=VM code, C=native code)
V  [libjvm.so+0xde4547]
V  [libjvm.so+0xde519b]
V  [libjvm.so+0x6511a5]
V  [libjvm.so+0xbbed38]
V  [libjvm.so+0xbb5ebd]
V  [libjvm.so+0x76f53f]
V  [libjvm.so+0x76f7ae]
V  [libjvm.so+0x77b820]
V  [libjvm.so+0x7f6969]
V  [libjvm.so+0x7f75c2]
V  [libjvm.so+0x7f7a29]
V  [libjvm.so+0x72de6f]
V  [libjvm.so+0x732b6a]
V  [libjvm.so+0xdf01e1]
V  [libjvm.so+0xdeeda8]
V  [libjvm.so+0xdec5e6]
V  [libjvm.so+0xdecaf0]
V  [libjvm.so+0xdecf23]
V  [libjvm.so+0xd7aeea]
V  [libjvm.so+0xbc4a5e]

VM_Operation (0x00007f29166e2c20): G1CollectForAllocation, mode: safepoint, requested by thread 0x00007f290c012000


---------------  P R O C E S S  ---------------

Threads class SMR info:
_java_thread_list=0x00007f290c0cebf0, length=9, elements={
0x00007f290c012000, 0x00007f290c088000, 0x00007f290c08a000, 0x00007f290c08f800,
0x00007f290c091800, 0x00007f290c093800, 0x00007f290c095800, 0x00007f290c0c4800,
0x00007f290c0cd800
}

Java Threads: ( => current thread )
  0x00007f290c012000 JavaThread "main" [_thread_blocked, id=5050, stack(0x00007f29165e5000,0x00007f29166e6000)]
  0x00007f290c088000 JavaThread "Reference Handler" daemon [_thread_blocked, id=5057, stack(0x00007f2910210000,0x00007f2910311000)]
  0x00007f290c08a000 JavaThread "Finalizer" daemon [_thread_blocked, id=5058, stack(0x00007f291010f000,0x00007f2910210000)]
  0x00007f290c08f800 JavaThread "Signal Dispatcher" daemon [_thread_blocked, id=5059, stack(0x00007f291000e000,0x00007f291010f000)]
  0x00007f290c091800 JavaThread "C2 CompilerThread0" daemon [_thread_blocked, id=5060, stack(0x00007f28f4576000,0x00007f28f4677000)]
  0x00007f290c093800 JavaThread "C1 CompilerThread0" daemon [_thread_blocked, id=5061, stack(0x00007f28f4475000,0x00007f28f4576000)]
  0x00007f290c095800 JavaThread "Sweeper thread" daemon [_thread_blocked, id=5062, stack(0x00007f28f4374000,0x00007f28f4475000)]
  0x00007f290c0c4800 JavaThread "Service Thread" daemon [_thread_blocked, id=5063, stack(0x00007f28f4273000,0x00007f28f4374000)]
  0x00007f290c0cd800 JavaThread "Common-Cleaner" daemon [_thread_blocked, id=5065, stack(0x00007f28f4070000,0x00007f28f4171000)]

Other Threads:
=>0x00007f290c085000 VMThread "VM Thread" [stack: 0x00007f2910313000,0x00007f2910413000] [id=5056]
  0x00007f290c0c7000 WatcherThread [stack: 0x00007f28f4173000,0x00007f28f4273000] [id=5064]
  0x00007f290c028000 GCTaskThread "GC Thread#0" [stack: 0x00007f29125da000,0x00007f29126da000] [id=5051]
  0x00007f28dc001000 GCTaskThread "GC Thread#1" [stack: 0x00007f28e5ad8000,0x00007f28e5bd8000] [id=5066]
  0x00007f290c037800 ConcurrentGCThread "G1 Main Marker" [stack: 0x00007f291119e000,0x00007f291129e000] [id=5052]
  0x00007f290c039000 ConcurrentGCThread "G1 Conc#0" [stack: 0x00007f291109c000,0x00007f291119c000] [id=5053]
  0x00007f290c05a800 ConcurrentGCThread "G1 Refine#0" [stack: 0x00007f2910d98000,0x00007f2910e98000] [id=5054]
  0x00007f28e0001000 ConcurrentGCThread "G1 Refine#1" [stack: 0x00007f28e59d6000,0x00007f28e5ad6000] [id=5067]
  0x00007f290c05c800 ConcurrentGCThread "G1 Young RemSet Sampling" [stack: 0x00007f2910c96000,0x00007f2910d96000] [id=5055]

Threads with active compile tasks:
C2 CompilerThread06794       4       org.codehaus.plexus.util.SelectorUtils::matchAntPathPattern (435 bytes)
C1 CompilerThread06793       3       org.codehaus.plexus.util.MatchPattern::tokenizePathToString (58 bytes)

VM state:at safepoint (normal execution)

VM Mutex/Monitor currently owned by a thread:  ([mutex/lock_event])
[0x00007f290c00e440] Threads_lock - owner thread: 0x00007f290c085000
[0x00007f290c00eb90] Heap_lock - owner thread: 0x00007f290c012000

Heap address: 0x00000000e3000000, size: 464 MB, Compressed Oops mode: 32-bit
Narrow klass base: 0x0000000800000000, Narrow klass shift: 3
Compressed class space size: 1073741824 Address: 0x0000000840000000

Heap:
 garbage-first heap   total 118784K, used 34223K [0x00000000e3000000, 0x0000000100000000)
  region size 1024K, 1 young (1024K), 1 survivors (1024K)
 Metaspace       used 29816K, capacity 30625K, committed 30768K, reserved 1077248K
  class space    used 3378K, capacity 3695K, committed 3712K, reserved 1048576K
Heap Regions: E=young(eden), S=young(survivor), O=old, HS=humongous(starts), HC=humongous(continues), CS=collection set, F=free, A=archive, TAMS=top-at-mark-start (previous, next)
|   0|0x00000000e3000000, 0x00000000e3100000, 0x00000000e3100000|100%| O|  |TAMS 0x00000000e3100000, 0x00000000e3100000| Untracked 
|   1|0x00000000e3100000, 0x00000000e3200000, 0x00000000e3200000|100%| O|  |TAMS 0x00000000e3200000, 0x00000000e3200000| Untracked 
|   2|0x00000000e3200000, 0x00000000e3300000, 0x00000000e3300000|100%| O|  |TAMS 0x00000000e3300000, 0x00000000e3300000| Untracked 
|   3|0x00000000e3300000, 0x00000000e3400000, 0x00000000e3400000|100%| O|  |TAMS 0x00000000e3400000, 0x00000000e3400000| Untracked 
|   4|0x00000000e3400000, 0x00000000e3500000, 0x00000000e3500000|100%| O|  |TAMS 0x00000000e3500000, 0x00000000e3500000| Untracked 
|   5|0x00000000e3500000, 0x00000000e3600000, 0x00000000e3600000|100%| O|  |TAMS 0x00000000e3600000, 0x00000000e3600000| Untracked 
|   6|0x00000000e3600000, 0x00000000e3700000, 0x00000000e3700000|100%| O|  |TAMS 0x00000000e3700000, 0x00000000e3700000| Untracked 
|   7|0x00000000e3700000, 0x00000000e3800000, 0x00000000e3800000|100%| O|  |TAMS 0x00000000e3800000, 0x00000000e3800000| Untracked 
|   8|0x00000000e3800000, 0x00000000e3900000, 0x00000000e3900000|100%| O|  |TAMS 0x00000000e3900000, 0x00000000e3900000| Untracked 
|   9|0x00000000e3900000, 0x00000000e3a00000, 0x00000000e3a00000|100%| O|  |TAMS 0x00000000e3a00000, 0x00000000e3a00000| Untracked 
|  10|0x00000000e3a00000, 0x00000000e3b00000, 0x00000000e3b00000|100%| O|  |TAMS 0x00000000e3b00000, 0x00000000e3b00000| Untracked 
|  11|0x00000000e3b00000, 0x00000000e3c00000, 0x00000000e3c00000|100%| O|  |TAMS 0x00000000e3c00000, 0x00000000e3c00000| Untracked 
|  12|0x00000000e3c00000, 0x00000000e3d00000, 0x00000000e3d00000|100%| O|  |TAMS 0x00000000e3d00000, 0x00000000e3d00000| Untracked 
|  13|0x00000000e3d00000, 0x00000000e3e00000, 0x00000000e3e00000|100%| O|  |TAMS 0x00000000e3e00000, 0x00000000e3e00000| Untracked 
|  14|0x00000000e3e00000, 0x00000000e3e00000, 0x00000000e3f00000|  0%| F|  |TAMS 0x00000000e3e00000, 0x00000000e3e00000| Untracked 
|  15|0x00000000e3f00000, 0x00000000e4000000, 0x00000000e4000000|100%| O|  |TAMS 0x00000000e4000000, 0x00000000e4000000| Untracked 
|  16|0x00000000e4000000, 0x00000000e4100000, 0x00000000e4100000|100%| O|  |TAMS 0x00000000e4100000, 0x00000000e4100000| Untracked 
|  17|0x00000000e4100000, 0x00000000e4200000, 0x00000000e4200000|100%| O|  |TAMS 0x00000000e4200000, 0x00000000e4200000| Untracked 
|  18|0x00000000e4200000, 0x00000000e4300000, 0x00000000e4300000|100%| O|  |TAMS 0x00000000e4300000, 0x00000000e4300000| Untracked 
|  19|0x00000000e4300000, 0x00000000e4300000, 0x00000000e4400000|  0%| F|  |TAMS 0x00000000e4300000, 0x00000000e4300000| Untracked 
|  20|0x00000000e4400000, 0x00000000e4500000, 0x00000000e4500000|100%| O|  |TAMS 0x00000000e4400000, 0x00000000e4500000| Untracked 
|  21|0x00000000e4500000, 0x00000000e4500000, 0x00000000e4600000|  0%| F|  |TAMS 0x00000000e4500000, 0x00000000e4500000| Untracked 
|  22|0x00000000e4600000, 0x00000000e4700000, 0x00000000e4700000|100%| O|  |TAMS 0x00000000e4700000, 0x00000000e4700000| Untracked 
|  23|0x00000000e4700000, 0x00000000e4800000, 0x00000000e4800000|100%| O|  |TAMS 0x00000000e4800000, 0x00000000e4800000| Untracked 
|  24|0x00000000e4800000, 0x00000000e4900000, 0x00000000e4900000|100%| O|  |TAMS 0x00000000e4900000, 0x00000000e4900000| Untracked 
|  25|0x00000000e4900000, 0x00000000e4a00000, 0x00000000e4a00000|100%| O|  |TAMS 0x00000000e4a00000, 0x00000000e4a00000| Untracked 
|  26|0x00000000e4a00000, 0x00000000e4b00000, 0x00000000e4b00000|100%| O|  |TAMS 0x00000000e4b00000, 0x00000000e4b00000| Untracked 
|  27|0x00000000e4b00000, 0x00000000e4c00000, 0x00000000e4c00000|100%| O|  |TAMS 0x00000000e4c00000, 0x00000000e4c00000| Untracked 
|  28|0x00000000e4c00000, 0x00000000e4d00000, 0x00000000e4d00000|100%| O|  |TAMS 0x00000000e4d00000, 0x00000000e4d00000| Untracked 
|  29|0x00000000e4d00000, 0x00000000e4e00000, 0x00000000e4e00000|100%| O|  |TAMS 0x00000000e4e00000, 0x00000000e4e00000| Untracked 
|  30|0x00000000e4e00000, 0x00000000e4f00000, 0x00000000e4f00000|100%| O|  |TAMS 0x00000000e4f00000, 0x00000000e4f00000| Untracked 
|  31|0x00000000e4f00000, 0x00000000e5000000, 0x00000000e5000000|100%| O|  |TAMS 0x00000000e5000000, 0x00000000e5000000| Untracked 
|  32|0x00000000e5000000, 0x00000000e5000000, 0x00000000e5100000|  0%| F|  |TAMS 0x00000000e5000000, 0x00000000e5000000| Untracked 
|  33|0x00000000e5100000, 0x00000000e5100000, 0x00000000e5200000|  0%| F|  |TAMS 0x00000000e5100000, 0x00000000e5100000| Untracked 
|  34|0x00000000e5200000, 0x00000000e5200000, 0x00000000e5300000|  0%| F|  |TAMS 0x00000000e5200000, 0x00000000e5200000| Untracked 
|  35|0x00000000e5300000, 0x00000000e5400000, 0x00000000e5400000|100%| O|  |TAMS 0x00000000e5400000, 0x00000000e5400000| Untracked 
|  36|0x00000000e5400000, 0x00000000e5400000, 0x00000000e5500000|  0%| F|  |TAMS 0x00000000e5400000, 0x00000000e5400000| Untracked 
|  37|0x00000000e5500000, 0x00000000e5600000, 0x00000000e5600000|100%| O|  |TAMS 0x00000000e555be00, 0x00000000e5600000| Untracked 
|  38|0x00000000e5600000, 0x00000000e5700000, 0x00000000e5700000|100%| O|  |TAMS 0x00000000e5600000, 0x00000000e5700000| Untracked 
|  39|0x00000000e5700000, 0x00000000e5785e00, 0x00000000e5800000| 52%| O|  |TAMS 0x00000000e5700000, 0x00000000e5785e00| Untracked 
|  40|0x00000000e5800000, 0x00000000e5800000, 0x00000000e5900000|  0%| F|  |TAMS 0x00000000e5800000, 0x00000000e5800000| Untracked 
|  41|0x00000000e5900000, 0x00000000e5900000, 0x00000000e5a00000|  0%| F|  |TAMS 0x00000000e5900000, 0x00000000e5900000| Untracked 
|  42|0x00000000e5a00000, 0x00000000e5a00000, 0x00000000e5b00000|  0%| F|  |TAMS 0x00000000e5a00000, 0x00000000e5a00000| Untracked 
|  43|0x00000000e5b00000, 0x00000000e5b00000, 0x00000000e5c00000|  0%| F|  |TAMS 0x00000000e5b00000, 0x00000000e5b00000| Untracked 
|  44|0x00000000e5c00000, 0x00000000e5c00000, 0x00000000e5d00000|  0%| F|  |TAMS 0x00000000e5c00000, 0x00000000e5c00000| Untracked 
|  45|0x00000000e5d00000, 0x00000000e5d00000, 0x00000000e5e00000|  0%| F|  |TAMS 0x00000000e5d00000, 0x00000000e5d00000| Untracked 
|  46|0x00000000e5e00000, 0x00000000e5e00000, 0x00000000e5f00000|  0%| F|  |TAMS 0x00000000e5e00000, 0x00000000e5e00000| Untracked 
|  47|0x00000000e5f00000, 0x00000000e5f00000, 0x00000000e6000000|  0%| F|  |TAMS 0x00000000e5f00000, 0x00000000e5f00000| Untracked 
|  48|0x00000000e6000000, 0x00000000e6000000, 0x00000000e6100000|  0%| F|  |TAMS 0x00000000e6000000, 0x00000000e6000000| Untracked 
|  49|0x00000000e6100000, 0x00000000e6100000, 0x00000000e6200000|  0%| F|  |TAMS 0x00000000e6100000, 0x00000000e6100000| Untracked 
|  50|0x00000000e6200000, 0x00000000e6200000, 0x00000000e6300000|  0%| F|  |TAMS 0x00000000e6200000, 0x00000000e6200000| Untracked 
|  51|0x00000000e6300000, 0x00000000e6300000, 0x00000000e6400000|  0%| F|  |TAMS 0x00000000e6300000, 0x00000000e6300000| Untracked 
|  52|0x00000000e6400000, 0x00000000e6400000, 0x00000000e6500000|  0%| F|  |TAMS 0x00000000e6400000, 0x00000000e6400000| Untracked 
|  53|0x00000000e6500000, 0x00000000e6500000, 0x00000000e6600000|  0%| F|  |TAMS 0x00000000e6500000, 0x00000000e6500000| Untracked 
|  54|0x00000000e6600000, 0x00000000e6600000, 0x00000000e6700000|  0%| F|  |TAMS 0x00000000e6600000, 0x00000000e6600000| Untracked 
|  55|0x00000000e6700000, 0x00000000e6700000, 0x00000000e6800000|  0%| F|  |TAMS 0x00000000e6700000, 0x00000000e6700000| Untracked 
|  56|0x00000000e6800000, 0x00000000e6800000, 0x00000000e6900000|  0%| F|  |TAMS 0x00000000e6800000, 0x00000000e6800000| Untracked 
|  57|0x00000000e6900000, 0x00000000e6900000, 0x00000000e6a00000|  0%| F|  |TAMS 0x00000000e6900000, 0x00000000e6900000| Untracked 
|  58|0x00000000e6a00000, 0x00000000e6a00000, 0x00000000e6b00000|  0%| F|  |TAMS 0x00000000e6a00000, 0x00000000e6a00000| Untracked 
|  59|0x00000000e6b00000, 0x00000000e6b00000, 0x00000000e6c00000|  0%| F|  |TAMS 0x00000000e6b00000, 0x00000000e6b00000| Untracked 
|  60|0x00000000e6c00000, 0x00000000e6c00000, 0x00000000e6d00000|  0%| F|  |TAMS 0x00000000e6c00000, 0x00000000e6c00000| Untracked 
|  61|0x00000000e6d00000, 0x00000000e6d00000, 0x00000000e6e00000|  0%| F|  |TAMS 0x00000000e6d00000, 0x00000000e6d00000| Untracked 
|  62|0x00000000e6e00000, 0x00000000e6e00000, 0x00000000e6f00000|  0%| F|  |TAMS 0x00000000e6e00000, 0x00000000e6e00000| Untracked 
|  63|0x00000000e6f00000, 0x00000000e6f00000, 0x00000000e7000000|  0%| F|  |TAMS 0x00000000e6f00000, 0x00000000e6f00000| Untracked 
|  64|0x00000000e7000000, 0x00000000e7000000, 0x00000000e7100000|  0%| F|  |TAMS 0x00000000e7000000, 0x00000000e7000000| Untracked 
|  65|0x00000000e7100000, 0x00000000e7100000, 0x00000000e7200000|  0%| F|  |TAMS 0x00000000e7100000, 0x00000000e7100000| Untracked 
|  66|0x00000000e7200000, 0x00000000e7200000, 0x00000000e7300000|  0%| F|  |TAMS 0x00000000e7200000, 0x00000000e7200000| Untracked 
|  67|0x00000000e7300000, 0x00000000e7300000, 0x00000000e7400000|  0%| F|  |TAMS 0x00000000e7300000, 0x00000000e7300000| Untracked 
|  68|0x00000000e7400000, 0x00000000e7400000, 0x00000000e7500000|  0%| F|  |TAMS 0x00000000e7400000, 0x00000000e7400000| Untracked 
|  69|0x00000000e7500000, 0x00000000e7500000, 0x00000000e7600000|  0%| F|  |TAMS 0x00000000e7500000, 0x00000000e7500000| Untracked 
|  70|0x00000000e7600000, 0x00000000e76480f8, 0x00000000e7700000| 28%| S|CS|TAMS 0x00000000e7600000, 0x00000000e7600000| Complete 
|  71|0x00000000e7700000, 0x00000000e7700000, 0x00000000e7800000|  0%| F|  |TAMS 0x00000000e7700000, 0x00000000e7700000| Untracked 
|  72|0x00000000e7800000, 0x00000000e7800000, 0x00000000e7900000|  0%| F|  |TAMS 0x00000000e7800000, 0x00000000e7800000| Untracked 
|  73|0x00000000e7900000, 0x00000000e7900000, 0x00000000e7a00000|  0%| F|  |TAMS 0x00000000e7900000, 0x00000000e7900000| Untracked 
| 462|0x00000000ffe00000, 0x00000000ffe34000, 0x00000000fff00000| 20%|OA|  |TAMS 0x00000000ffe34000, 0x00000000ffe34000| Untracked 
| 463|0x00000000fff00000, 0x00000000fff6a000, 0x0000000100000000| 41%|CA|  |TAMS 0x00000000fff6a000, 0x00000000fff6a000| Untracked 

Card table byte_map: [0x00007f2912206000,0x00007f29122ee000] _byte_map_base: 0x00007f2911aee000

Marking Bits (Prev, Next): (CMBitMap*) 0x00007f290c034ac0, (CMBitMap*) 0x00007f290c034a88
 Prev Bits: [0x00007f291129e000, 0x00007f29119de000)
 Next Bits: [0x00007f29119de000, 0x00007f291211e000)

Polling page: 0x00007f29166fd000

Metaspace:

Usage:
  Non-class:     26,30 MB capacity,    25,82 MB ( 98%) used,   427,80 KB (  2%) free+waste,    64,62 KB ( <1%) overhead. 
      Class:      3,61 MB capacity,     3,30 MB ( 91%) used,   286,75 KB (  8%) free+waste,    29,38 KB ( <1%) overhead. 
       Both:     29,91 MB capacity,    29,12 MB ( 97%) used,   714,55 KB (  2%) free+waste,    94,00 KB ( <1%) overhead. 

Virtual space:
  Non-class space:       28,00 MB reserved,      26,42 MB ( 94%) committed 
      Class space:        1,00 GB reserved,       3,62 MB ( <1%) committed 
             Both:        1,03 GB reserved,      30,05 MB (  3%) committed 

Chunk freelists:
   Non-Class:  122,00 KB
       Class:  17,00 KB
        Both:  139,00 KB

CodeHeap 'non-profiled nmethods': size=120036Kb used=2926Kb max_used=2926Kb free=117109Kb
 bounds [0x00007f28fc41d000, 0x00007f28fc6fd000, 0x00007f2903956000]
CodeHeap 'profiled nmethods': size=120032Kb used=15676Kb max_used=15676Kb free=104355Kb
 bounds [0x00007f28f4ee5000, 0x00007f28f5e45000, 0x00007f28fc41d000]
CodeHeap 'non-nmethods': size=5692Kb used=1152Kb max_used=1170Kb free=4539Kb
 bounds [0x00007f28f4956000, 0x00007f28f4bc6000, 0x00007f28f4ee5000]
 total_blobs=8436 nmethods=6593 adapters=417
 compilation: enabled
              stopped_count=0, restarted_count=0
 full_count=0

Compilation events (10 events):
Event: 222,178 Thread 0x00007f290c093800 6783       3       org.slf4j.impl.SimpleLogger::debug (9 bytes)
Event: 222,181 Thread 0x00007f290c093800 nmethod 6783 0x00007f28f5e33910 code [0x00007f28f5e33ac0, 0x00007f28f5e33c88]
Event: 223,879 Thread 0x00007f290c093800 6790       3       java.io.UnixFileSystem::getBooleanAttributes (49 bytes)
Event: 224,139 Thread 0x00007f290c093800 nmethod 6790 0x00007f28f5e33d10 code [0x00007f28f5e33f60, 0x00007f28f5e347f8]
Event: 233,872 Thread 0x00007f290c093800 6791       3       java.util.Collections::unmodifiableSet (9 bytes)
Event: 234,305 Thread 0x00007f290c091800 6792       4       java.util.LinkedHashMap$LinkedEntryIterator::next (5 bytes)
Event: 234,802 Thread 0x00007f290c093800 nmethod 6791 0x00007f28f5e34b10 code [0x00007f28f5e34d00, 0x00007f28f5e35128]
Event: 235,823 Thread 0x00007f290c091800 nmethod 6792 0x00007f28fc6f8490 code [0x00007f28fc6f8620, 0x00007f28fc6f8878]
Event: 246,776 Thread 0x00007f290c093800 6793       3       org.codehaus.plexus.util.MatchPattern::tokenizePathToString (58 bytes)
Event: 246,777 Thread 0x00007f290c091800 6794       4       org.codehaus.plexus.util.SelectorUtils::matchAntPathPattern (435 bytes)

GC Heap History (10 events):
Event: 24,484 GC heap after
{Heap after GC invocations=32 (full 0):
 garbage-first heap   total 77824K, used 37752K [0x00000000e3000000, 0x0000000100000000)
  region size 1024K, 1 young (1024K), 1 survivors (1024K)
 Metaspace       used 25941K, capacity 26652K, committed 26672K, reserved 1073152K
  class space    used 2942K, capacity 3198K, committed 3200K, reserved 1048576K
}
Event: 27,523 GC heap before
{Heap before GC invocations=33 (full 0):
 garbage-first heap   total 77824K, used 52088K [0x00000000e3000000, 0x0000000100000000)
  region size 1024K, 15 young (15360K), 1 survivors (1024K)
 Metaspace       used 26423K, capacity 27131K, committed 27312K, reserved 1073152K
  class space    used 2958K, capacity 3211K, committed 3328K, reserved 1048576K
}
Event: 27,598 GC heap after
{Heap after GC invocations=34 (full 0):
 garbage-first heap   total 77824K, used 38900K [0x00000000e3000000, 0x0000000100000000)
  region size 1024K, 2 young (2048K), 2 survivors (2048K)
 Metaspace       used 26423K, capacity 27131K, committed 27312K, reserved 1073152K
  class space    used 2958K, capacity 3211K, committed 3328K, reserved 1048576K
}
Event: 34,016 GC heap before
{Heap before GC invocations=34 (full 0):
 garbage-first heap   total 77824K, used 53236K [0x00000000e3000000, 0x0000000100000000)
  region size 1024K, 16 young (16384K), 2 survivors (2048K)
 Metaspace       used 26933K, capacity 27687K, committed 27824K, reserved 1073152K
  class space    used 3000K, capacity 3287K, committed 3328K, reserved 1048576K
}
Event: 34,173 GC heap after
{Heap after GC invocations=35 (full 0):
 garbage-first heap   total 77824K, used 39829K [0x00000000e3000000, 0x0000000100000000)
  region size 1024K, 1 young (1024K), 1 survivors (1024K)
 Metaspace       used 26933K, capacity 27687K, committed 27824K, reserved 1073152K
  class space    used 3000K, capacity 3287K, committed 3328K, reserved 1048576K
}
Event: 203,586 GC heap before
{Heap before GC invocations=36 (full 0):
 garbage-first heap   total 77824K, used 53141K [0x00000000e3000000, 0x0000000100000000)
  region size 1024K, 15 young (15360K), 1 survivors (1024K)
 Metaspace       used 29466K, capacity 30354K, committed 30512K, reserved 1077248K
  class space    used 3351K, capacity 3690K, committed 3712K, reserved 1048576K
}
Event: 203,883 GC heap after
{Heap after GC invocations=37 (full 0):
 garbage-first heap   total 77824K, used 40068K [0x00000000e3000000, 0x0000000100000000)
  region size 1024K, 2 young (2048K), 2 survivors (2048K)
 Metaspace       used 29466K, capacity 30354K, committed 30512K, reserved 1077248K
  class space    used 3351K, capacity 3690K, committed 3712K, reserved 1048576K
}
Event: 219,105 GC heap before
{Heap before GC invocations=37 (full 0):
 garbage-first heap   total 77824K, used 41092K [0x00000000e3000000, 0x0000000100000000)
  region size 1024K, 3 young (3072K), 2 survivors (2048K)
 Metaspace       used 29523K, capacity 30427K, committed 30768K, reserved 1077248K
  class space    used 3354K, capacity 3693K, committed 3712K, reserved 1048576K
}
Event: 220,608 GC heap after
{Heap after GC invocations=38 (full 0):
 garbage-first heap   total 77824K, used 34277K [0x00000000e3000000, 0x0000000100000000)
  region size 1024K, 1 young (1024K), 1 survivors (1024K)
 Metaspace       used 29523K, capacity 30427K, committed 30768K, reserved 1077248K
  class space    used 3354K, capacity 3693K, committed 3712K, reserved 1048576K
}
Event: 247,238 GC heap before
{Heap before GC invocations=38 (full 0):
 garbage-first heap   total 77824K, used 36325K [0x00000000e3000000, 0x0000000100000000)
  region size 1024K, 3 young (3072K), 1 survivors (1024K)
 Metaspace       used 29816K, capacity 30625K, committed 30768K, reserved 1077248K
  class space    used 3378K, capacity 3695K, committed 3712K, reserved 1048576K
}

Deoptimization events (10 events):
Event: 155,111 Thread 0x00007f290c012000 DEOPT PACKING pc=0x00007f28fc49c8a4 sp=0x00007f29166e18a0
Event: 155,113 Thread 0x00007f290c012000 DEOPT UNPACKING pc=0x00007f28f497de1f sp=0x00007f29166e1800 mode 2
Event: 201,477 Thread 0x00007f290c012000 Uncommon trap: trap_request=0xffffffcc fr.pc=0x00007f28fc6ed278 relative=0x0000000000000138
Event: 201,480 Thread 0x00007f290c012000 Uncommon trap: reason=intrinsic_or_type_checked_inlining action=make_not_entrant pc=0x00007f28fc6ed278 method=java.util.ArrayList.toArray([Ljava/lang/Object;)[Ljava/lang/Object; @ 36 c2
Event: 201,480 Thread 0x00007f290c012000 DEOPT PACKING pc=0x00007f28fc6ed278 sp=0x00007f29166e2e40
Event: 201,486 Thread 0x00007f290c012000 DEOPT UNPACKING pc=0x00007f28f497de1f sp=0x00007f29166e2df0 mode 2
Event: 238,484 Thread 0x00007f290c012000 Uncommon trap: trap_request=0xffffff4d fr.pc=0x00007f28fc6e3c54 relative=0x0000000000000034
Event: 238,497 Thread 0x00007f290c012000 Uncommon trap: reason=unstable_if action=reinterpret pc=0x00007f28fc6e3c54 method=java.util.Objects.nonNull(Ljava/lang/Object;)Z @ 1 c2
Event: 238,500 Thread 0x00007f290c012000 DEOPT PACKING pc=0x00007f28fc6e3c54 sp=0x00007f29166e3210
Event: 238,501 Thread 0x00007f290c012000 DEOPT UNPACKING pc=0x00007f28f497de1f sp=0x00007f29166e31c0 mode 2

Classes redefined (0 events):
No events

Internal exceptions (10 events):
Event: 26,268 Thread 0x00007f290c012000 Implicit null exception at 0x00007f28fc68ec80 to 0x00007f28fc68ed42
Event: 69,652 Thread 0x00007f290c012000 Exception <a 'java/lang/NoSuchMethodError'{0x00000000e740aaf8}: 'java.lang.Object java.lang.invoke.DirectMethodHandle$Holder.invokeStatic(java.lang.Object, java.lang.Object, java.lang.Object, java.lang.Object, java.lang.Object, java.lang.Object, java.lang
Event: 73,573 Thread 0x00007f290c012000 Exception <a 'java/lang/NoSuchMethodError'{0x00000000e7418da8}: 'java.lang.Object java.lang.invoke.DirectMethodHandle$Holder.invokeStatic(java.lang.Object, java.lang.Object, java.lang.Object, java.lang.Object, java.lang.Object, java.lang.Object, java.lang
Event: 76,803 Thread 0x00007f290c012000 Exception <a 'java/lang/NoSuchMethodError'{0x00000000e7426f68}: 'java.lang.Object java.lang.invoke.DirectMethodHandle$Holder.invokeSpecial(java.lang.Object, java.lang.Object, int, int, java.lang.Object, java.lang.Object, java.lang.Object)'> (0x00000000e74
Event: 77,792 Thread 0x00007f290c012000 Exception <a 'java/lang/NoSuchMethodError'{0x00000000e742a7a0}: 'java.lang.Object java.lang.invoke.DelegatingMethodHandle$Holder.reinvoke_L(java.lang.Object, int, int, java.lang.Object, java.lang.Object, java.lang.Object)'> (0x00000000e742a7a0) thrown at 
Event: 79,563 Thread 0x00007f290c012000 Exception <a 'java/lang/NoSuchMethodError'{0x00000000e742ea20}: 'java.lang.Object java.lang.invoke.DirectMethodHandle$Holder.invokeStatic(java.lang.Object, java.lang.Object, java.lang.Object, java.lang.Object, int)'> (0x00000000e742ea20) thrown at [/build
Event: 136,300 Thread 0x00007f290c012000 Exception <a 'java/lang/NoSuchMethodError'{0x00000000e7346e48}: 'void java.lang.invoke.DirectMethodHandle$Holder.invokeStatic(java.lang.Object, java.lang.Object, java.lang.Object, java.lang.Object, java.lang.Object, java.lang.Object)'> (0x00000000e7346e48
Event: 142,320 Thread 0x00007f290c012000 Exception <a 'java/lang/ClassNotFoundException'{0x00000000e73e97b0}: sun/awt/resources/spi/awtProvider> (0x00000000e73e97b0) thrown at [/build/openjdk-lts-7bqZff/openjdk-lts-11.0.4+11/src/hotspot/share/classfile/systemDictionary.cpp, line 231]
Event: 153,589 Thread 0x00007f290c012000 Exception <a 'java/io/FileNotFoundException'{0x00000000e724c5c0}> (0x00000000e724c5c0) thrown at [/build/openjdk-lts-7bqZff/openjdk-lts-11.0.4+11/src/hotspot/share/prims/jni.cpp, line 615]
Event: 155,025 Thread 0x00007f290c012000 Implicit null exception at 0x00007f28fc49c808 to 0x00007f28fc49c89a

Events (10 events):
Event: 244,716 loading class org/codehaus/plexus/archiver/jar/Manifest$Section done
Event: 244,718 loading class org/codehaus/plexus/archiver/jar/Manifest$Section
Event: 244,718 loading class org/codehaus/plexus/archiver/jar/Manifest$Section done
Event: 246,066 loading class java/util/Vector$Itr
Event: 246,374 loading class java/util/Vector$Itr done
Event: 246,627 loading class org/codehaus/plexus/archiver/AbstractArchiver$1
Event: 246,629 loading class org/codehaus/plexus/archiver/AbstractArchiver$1 done
Event: 246,637 loading class org/codehaus/plexus/archiver/AbstractArchiver$1
Event: 246,637 loading class org/codehaus/plexus/archiver/AbstractArchiver$1 done
Event: 247,045 Executing VM operation: G1CollectForAllocation


Dynamic libraries:
e3000000-e7a00000 rw-p 00000000 00:00 0 
ea200000-ffe00000 ---p 00000000 00:00 0 
ffe00000-ffe34000 rw-p 01116000 b3:06 1437553                            /usr/lib/jvm/java-11-openjdk-amd64/lib/server/classes.jsa
ffe34000-fff00000 rw-p 00000000 00:00 0 
fff00000-fff6a000 rw-p 010ac000 b3:06 1437553                            /usr/lib/jvm/java-11-openjdk-amd64/lib/server/classes.jsa
fff6a000-100000000 rw-p 00000000 00:00 0 
800000000-800002000 rwxp 00001000 b3:06 1437553                          /usr/lib/jvm/java-11-openjdk-amd64/lib/server/classes.jsa
800002000-8003bd000 rw-p 00003000 b3:06 1437553                          /usr/lib/jvm/java-11-openjdk-amd64/lib/server/classes.jsa
8003bd000-800a98000 r--p 003be000 b3:06 1437553                          /usr/lib/jvm/java-11-openjdk-amd64/lib/server/classes.jsa
800a98000-800a99000 rw-p 00a99000 b3:06 1437553                          /usr/lib/jvm/java-11-openjdk-amd64/lib/server/classes.jsa
800a99000-8010ab000 r--p 00a9a000 b3:06 1437553                          /usr/lib/jvm/java-11-openjdk-amd64/lib/server/classes.jsa
840000000-8403a0000 rw-p 00000000 00:00 0 
8403a0000-880000000 ---p 00000000 00:00 0 
563135198000-563135199000 r-xp 00000000 b3:06 1441529                    /usr/lib/jvm/java-11-openjdk-amd64/bin/java
563135399000-56313539a000 r--p 00001000 b3:06 1441529                    /usr/lib/jvm/java-11-openjdk-amd64/bin/java
56313539a000-56313539b000 rw-p 00002000 b3:06 1441529                    /usr/lib/jvm/java-11-openjdk-amd64/bin/java
5631362b5000-5631362d6000 rw-p 00000000 00:00 0                          [heap]
7f28b6c61000-7f28b6ce1000 rw-p 00000000 00:00 0 
7f28b6ce1000-7f28b6e61000 ---p 00000000 00:00 0 
7f28b6e61000-7f28b6e74000 r-xp 00000000 b3:06 1050557                    /lib/x86_64-linux-gnu/libbsd.so.0.8.7
7f28b6e74000-7f28b7073000 ---p 00013000 b3:06 1050557                    /lib/x86_64-linux-gnu/libbsd.so.0.8.7
7f28b7073000-7f28b7074000 r--p 00012000 b3:06 1050557                    /lib/x86_64-linux-gnu/libbsd.so.0.8.7
7f28b7074000-7f28b7075000 rw-p 00013000 b3:06 1050557                    /lib/x86_64-linux-gnu/libbsd.so.0.8.7
7f28b7075000-7f28b7076000 rw-p 00000000 00:00 0 
7f28b7076000-7f28b707b000 r-xp 00000000 b3:06 1445317                    /usr/lib/x86_64-linux-gnu/libXdmcp.so.6.0.0
7f28b707b000-7f28b727a000 ---p 00005000 b3:06 1445317                    /usr/lib/x86_64-linux-gnu/libXdmcp.so.6.0.0
7f28b727a000-7f28b727b000 r--p 00004000 b3:06 1445317                    /usr/lib/x86_64-linux-gnu/libXdmcp.so.6.0.0
7f28b727b000-7f28b727c000 rw-p 00005000 b3:06 1445317                    /usr/lib/x86_64-linux-gnu/libXdmcp.so.6.0.0
7f28b727c000-7f28b727e000 r-xp 00000000 b3:06 1445306                    /usr/lib/x86_64-linux-gnu/libXau.so.6.0.0
7f28b727e000-7f28b747e000 ---p 00002000 b3:06 1445306                    /usr/lib/x86_64-linux-gnu/libXau.so.6.0.0
7f28b747e000-7f28b747f000 r--p 00002000 b3:06 1445306                    /usr/lib/x86_64-linux-gnu/libXau.so.6.0.0
7f28b747f000-7f28b7480000 rw-p 00003000 b3:06 1445306                    /usr/lib/x86_64-linux-gnu/libXau.so.6.0.0
7f28b7480000-7f28b74a6000 r-xp 00000000 b3:06 1446653                    /usr/lib/x86_64-linux-gnu/libxcb.so.1.1.0
7f28b74a6000-7f28b76a6000 ---p 00026000 b3:06 1446653                    /usr/lib/x86_64-linux-gnu/libxcb.so.1.1.0
7f28b76a6000-7f28b76a7000 r--p 00026000 b3:06 1446653                    /usr/lib/x86_64-linux-gnu/libxcb.so.1.1.0
7f28b76a7000-7f28b76a8000 rw-p 00027000 b3:06 1446653                    /usr/lib/x86_64-linux-gnu/libxcb.so.1.1.0
7f28b76a8000-7f28b76b7000 r-xp 00000000 b3:06 1445327                    /usr/lib/x86_64-linux-gnu/libXi.so.6.1.0
7f28b76b7000-7f28b78b6000 ---p 0000f000 b3:06 1445327                    /usr/lib/x86_64-linux-gnu/libXi.so.6.1.0
7f28b78b6000-7f28b78b7000 r--p 0000e000 b3:06 1445327                    /usr/lib/x86_64-linux-gnu/libXi.so.6.1.0
7f28b78b7000-7f28b78b8000 rw-p 0000f000 b3:06 1445327                    /usr/lib/x86_64-linux-gnu/libXi.so.6.1.0
7f28b78b8000-7f28b78bd000 r-xp 00000000 b3:06 1445345                    /usr/lib/x86_64-linux-gnu/libXtst.so.6.1.0
7f28b78bd000-7f28b7abc000 ---p 00005000 b3:06 1445345                    /usr/lib/x86_64-linux-gnu/libXtst.so.6.1.0
7f28b7abc000-7f28b7abd000 r--p 00004000 b3:06 1445345                    /usr/lib/x86_64-linux-gnu/libXtst.so.6.1.0
7f28b7abd000-7f28b7abe000 rw-p 00005000 b3:06 1445345                    /usr/lib/x86_64-linux-gnu/libXtst.so.6.1.0
7f28b7abe000-7f28b7ac7000 r-xp 00000000 b3:06 1445339                    /usr/lib/x86_64-linux-gnu/libXrender.so.1.3.0
7f28b7ac7000-7f28b7cc6000 ---p 00009000 b3:06 1445339                    /usr/lib/x86_64-linux-gnu/libXrender.so.1.3.0
7f28b7cc6000-7f28b7cc7000 r--p 00008000 b3:06 1445339                    /usr/lib/x86_64-linux-gnu/libXrender.so.1.3.0
7f28b7cc7000-7f28b7cc8000 rw-p 00009000 b3:06 1445339                    /usr/lib/x86_64-linux-gnu/libXrender.so.1.3.0
7f28b7cc8000-7f28b7dfb000 r-xp 00000000 b3:06 1445302                    /usr/lib/x86_64-linux-gnu/libX11.so.6.3.0
7f28b7dfb000-7f28b7ffb000 ---p 00133000 b3:06 1445302                    /usr/lib/x86_64-linux-gnu/libX11.so.6.3.0
7f28b7ffb000-7f28b7ffc000 r--p 00133000 b3:06 1445302                    /usr/lib/x86_64-linux-gnu/libX11.so.6.3.0
7f28b7ffc000-7f28b8000000 rw-p 00134000 b3:06 1445302                    /usr/lib/x86_64-linux-gnu/libX11.so.6.3.0
7f28b8000000-7f28b8021000 rw-p 00000000 00:00 0 
7f28b8021000-7f28bc000000 ---p 00000000 00:00 0 
7f28bc000000-7f28bc021000 rw-p 00000000 00:00 0 
7f28bc021000-7f28c0000000 ---p 00000000 00:00 0 
7f28c0000000-7f28c08c6000 rw-p 00000000 00:00 0 
7f28c08c6000-7f28c4000000 ---p 00000000 00:00 0 
7f28c4000000-7f28c4021000 rw-p 00000000 00:00 0 
7f28c4021000-7f28c8000000 ---p 00000000 00:00 0 
7f28c8000000-7f28c8021000 rw-p 00000000 00:00 0 
7f28c8021000-7f28cc000000 ---p 00000000 00:00 0 
7f28cc000000-7f28cde23000 rw-p 00000000 00:00 0 
7f28cde23000-7f28d0000000 ---p 00000000 00:00 0 
7f28d0000000-7f28d0021000 rw-p 00000000 00:00 0 
7f28d0021000-7f28d4000000 ---p 00000000 00:00 0 
7f28d4000000-7f28d4021000 rw-p 00000000 00:00 0 
7f28d4021000-7f28d8000000 ---p 00000000 00:00 0 
7f28d8000000-7f28d8021000 rw-p 00000000 00:00 0 
7f28d8021000-7f28dc000000 ---p 00000000 00:00 0 
7f28dc000000-7f28dc081000 rw-p 00000000 00:00 0 
7f28dc081000-7f28e0000000 ---p 00000000 00:00 0 
7f28e0000000-7f28e0021000 rw-p 00000000 00:00 0 
7f28e0021000-7f28e4000000 ---p 00000000 00:00 0 
7f28e408e000-7f28e409f000 r-xp 00000000 b3:06 1445319                    /usr/lib/x86_64-linux-gnu/libXext.so.6.4.0
7f28e409f000-7f28e429e000 ---p 00011000 b3:06 1445319                    /usr/lib/x86_64-linux-gnu/libXext.so.6.4.0
7f28e429e000-7f28e429f000 r--p 00010000 b3:06 1445319                    /usr/lib/x86_64-linux-gnu/libXext.so.6.4.0
7f28e429f000-7f28e42a0000 rw-p 00011000 b3:06 1445319                    /usr/lib/x86_64-linux-gnu/libXext.so.6.4.0
7f28e42a0000-7f28e42fe000 r-xp 00000000 b3:06 1441758                    /usr/lib/jvm/java-11-openjdk-amd64/lib/libawt_xawt.so
7f28e42fe000-7f28e44fe000 ---p 0005e000 b3:06 1441758                    /usr/lib/jvm/java-11-openjdk-amd64/lib/libawt_xawt.so
7f28e44fe000-7f28e44ff000 r--p 0005e000 b3:06 1441758                    /usr/lib/jvm/java-11-openjdk-amd64/lib/libawt_xawt.so
7f28e44ff000-7f28e4502000 rw-p 0005f000 b3:06 1441758                    /usr/lib/jvm/java-11-openjdk-amd64/lib/libawt_xawt.so
7f28e4502000-7f28e4504000 rw-p 00000000 00:00 0 
7f28e4504000-7f28e45a3000 r-xp 00000000 b3:06 1441756                    /usr/lib/jvm/java-11-openjdk-amd64/lib/libawt.so
7f28e45a3000-7f28e47a3000 ---p 0009f000 b3:06 1441756                    /usr/lib/jvm/java-11-openjdk-amd64/lib/libawt.so
7f28e47a3000-7f28e47a4000 r--p 0009f000 b3:06 1441756                    /usr/lib/jvm/java-11-openjdk-amd64/lib/libawt.so
7f28e47a4000-7f28e47af000 rw-p 000a0000 b3:06 1441756                    /usr/lib/jvm/java-11-openjdk-amd64/lib/libawt.so
7f28e47af000-7f28e49d4000 rw-p 00000000 00:00 0 
7f28e49d4000-7f28e4bd4000 rw-p 00000000 00:00 0 
7f28e4bd4000-7f28e4dd4000 rw-p 00000000 00:00 0 
7f28e4dd4000-7f28e4fc0000 rw-p 00000000 00:00 0 
7f28e4fc0000-7f28e4fd4000 ---p 00000000 00:00 0 
7f28e4fd4000-7f28e51d4000 rw-p 00000000 00:00 0 
7f28e51d4000-7f28e53d4000 rw-p 00000000 00:00 0 
7f28e53d4000-7f28e55d4000 rw-p 00000000 00:00 0 
7f28e55d4000-7f28e57d4000 rw-p 00000000 00:00 0 
7f28e57d4000-7f28e59d4000 rw-p 00000000 00:00 0 
7f28e59d4000-7f28e59d5000 ---p 00000000 00:00 0 
7f28e59d5000-7f28e5ad6000 rw-p 00000000 00:00 0 
7f28e5ad6000-7f28e5ad7000 ---p 00000000 00:00 0 
7f28e5ad7000-7f28e5bd8000 rw-p 00000000 00:00 0 
7f28e5bd8000-7f28e5bee000 r-xp 00000000 b3:06 1441803                    /usr/lib/jvm/java-11-openjdk-amd64/lib/libnet.so
7f28e5bee000-7f28e5ded000 ---p 00016000 b3:06 1441803                    /usr/lib/jvm/java-11-openjdk-amd64/lib/libnet.so
7f28e5ded000-7f28e5dee000 r--p 00015000 b3:06 1441803                    /usr/lib/jvm/java-11-openjdk-amd64/lib/libnet.so
7f28e5dee000-7f28e5def000 rw-p 00016000 b3:06 1441803                    /usr/lib/jvm/java-11-openjdk-amd64/lib/libnet.so
7f28e5def000-7f28e5dff000 r-xp 00000000 b3:06 1441805                    /usr/lib/jvm/java-11-openjdk-amd64/lib/libnio.so
7f28e5dff000-7f28e5ffe000 ---p 00010000 b3:06 1441805                    /usr/lib/jvm/java-11-openjdk-amd64/lib/libnio.so
7f28e5ffe000-7f28e5fff000 r--p 0000f000 b3:06 1441805                    /usr/lib/jvm/java-11-openjdk-amd64/lib/libnio.so
7f28e5fff000-7f28e6000000 rw-p 00010000 b3:06 1441805                    /usr/lib/jvm/java-11-openjdk-amd64/lib/libnio.so
7f28e6000000-7f28e8000000 rw-p 00000000 00:00 0 
7f28e8000000-7f28e8021000 rw-p 00000000 00:00 0 
7f28e8021000-7f28ec000000 ---p 00000000 00:00 0 
7f28ec000000-7f28ec02a000 rw-p 00000000 00:00 0 
7f28ec02a000-7f28f0000000 ---p 00000000 00:00 0 
7f28f0000000-7f28f0023000 rw-p 00000000 00:00 0 
7f28f0023000-7f28f4000000 ---p 00000000 00:00 0 
7f28f403f000-7f28f4070000 rw-p 00000000 00:00 0 
7f28f4070000-7f28f4074000 ---p 00000000 00:00 0 
7f28f4074000-7f28f4171000 rw-p 00000000 00:00 0 
7f28f4171000-7f28f4172000 ---p 00000000 00:00 0 
7f28f4172000-7f28f4273000 rw-p 00000000 00:00 0 
7f28f4273000-7f28f4277000 ---p 00000000 00:00 0 
7f28f4277000-7f28f4374000 rw-p 00000000 00:00 0 
7f28f4374000-7f28f4378000 ---p 00000000 00:00 0 
7f28f4378000-7f28f4475000 rw-p 00000000 00:00 0 
7f28f4475000-7f28f4479000 ---p 00000000 00:00 0 
7f28f4479000-7f28f4576000 rw-p 00000000 00:00 0 
7f28f4576000-7f28f457a000 ---p 00000000 00:00 0 
7f28f457a000-7f28f4677000 rw-p 00000000 00:00 0 
7f28f4677000-7f28f4956000 r--p 00000000 b3:06 1443645                    /usr/lib/locale/locale-archive
7f28f4956000-7f28f4bc6000 rwxp 00000000 00:00 0 
7f28f4bc6000-7f28f4ee5000 ---p 00000000 00:00 0 
7f28f4ee5000-7f28f5e45000 rwxp 00000000 00:00 0 
7f28f5e45000-7f28fc41d000 ---p 00000000 00:00 0 
7f28fc41d000-7f28fc6fd000 rwxp 00000000 00:00 0 
7f28fc6fd000-7f2903956000 ---p 00000000 00:00 0 
7f2903956000-7f290c000000 r--s 00000000 b3:06 1441815                    /usr/lib/jvm/java-11-openjdk-amd64/lib/modules
7f290c000000-7f290d5b4000 rw-p 00000000 00:00 0 
7f290d5b4000-7f2910000000 ---p 00000000 00:00 0 
7f291000e000-7f2910012000 ---p 00000000 00:00 0 
7f2910012000-7f291010f000 rw-p 00000000 00:00 0 
7f291010f000-7f2910113000 ---p 00000000 00:00 0 
7f2910113000-7f2910210000 rw-p 00000000 00:00 0 
7f2910210000-7f2910214000 ---p 00000000 00:00 0 
7f2910214000-7f2910311000 rw-p 00000000 00:00 0 
7f2910311000-7f2910312000 ---p 00000000 00:00 0 
7f2910312000-7f2910c94000 rw-p 00000000 00:00 0 
7f2910c94000-7f2910c95000 ---p 00000000 00:00 0 
7f2910c95000-7f2910d96000 rw-p 00000000 00:00 0 
7f2910d96000-7f2910d97000 ---p 00000000 00:00 0 
7f2910d97000-7f291109a000 rw-p 00000000 00:00 0 
7f291109a000-7f291109b000 ---p 00000000 00:00 0 
7f291109b000-7f291119c000 rw-p 00000000 00:00 0 
7f291119c000-7f291119d000 ---p 00000000 00:00 0 
7f291119d000-7f29113c6000 rw-p 00000000 00:00 0 
7f29113c6000-7f29119d6000 ---p 00000000 00:00 0 
7f29119d6000-7f2911b06000 rw-p 00000000 00:00 0 
7f2911b06000-7f2912116000 ---p 00000000 00:00 0 
7f2912116000-7f2912143000 rw-p 00000000 00:00 0 
7f2912143000-7f2912205000 ---p 00000000 00:00 0 
7f2912205000-7f291222b000 rw-p 00000000 00:00 0 
7f291222b000-7f29122ed000 ---p 00000000 00:00 0 
7f29122ed000-7f2912313000 rw-p 00000000 00:00 0 
7f2912313000-7f29123d5000 ---p 00000000 00:00 0 
7f29123d5000-7f29125d8000 rw-p 00000000 00:00 0 
7f29125d8000-7f29125d9000 ---p 00000000 00:00 0 
7f29125d9000-7f29126e0000 rw-p 00000000 00:00 0 
7f29126e0000-7f29127c5000 ---p 00000000 00:00 0 
7f29127c5000-7f29127e4000 rw-p 00000000 00:00 0 
7f29127e4000-7f29128b0000 ---p 00000000 00:00 0 
7f29128b0000-7f29128b5000 r-xp 00000000 b3:06 1441785                    /usr/lib/jvm/java-11-openjdk-amd64/lib/libjimage.so
7f29128b5000-7f2912ab4000 ---p 00005000 b3:06 1441785                    /usr/lib/jvm/java-11-openjdk-amd64/lib/libjimage.so
7f2912ab4000-7f2912ab5000 r--p 00004000 b3:06 1441785                    /usr/lib/jvm/java-11-openjdk-amd64/lib/libjimage.so
7f2912ab5000-7f2912ab6000 rw-p 00005000 b3:06 1441785                    /usr/lib/jvm/java-11-openjdk-amd64/lib/libjimage.so
7f2912ab6000-7f2912abd000 r-xp 00000000 b3:06 1441814                    /usr/lib/jvm/java-11-openjdk-amd64/lib/libzip.so
7f2912abd000-7f2912cbc000 ---p 00007000 b3:06 1441814                    /usr/lib/jvm/java-11-openjdk-amd64/lib/libzip.so
7f2912cbc000-7f2912cbd000 r--p 00006000 b3:06 1441814                    /usr/lib/jvm/java-11-openjdk-amd64/lib/libzip.so
7f2912cbd000-7f2912cbe000 rw-p 00007000 b3:06 1441814                    /usr/lib/jvm/java-11-openjdk-amd64/lib/libzip.so
7f2912cbe000-7f2912cc9000 r-xp 00000000 b3:06 1050651                    /lib/x86_64-linux-gnu/libnss_files-2.27.so
7f2912cc9000-7f2912ec8000 ---p 0000b000 b3:06 1050651                    /lib/x86_64-linux-gnu/libnss_files-2.27.so
7f2912ec8000-7f2912ec9000 r--p 0000a000 b3:06 1050651                    /lib/x86_64-linux-gnu/libnss_files-2.27.so
7f2912ec9000-7f2912eca000 rw-p 0000b000 b3:06 1050651                    /lib/x86_64-linux-gnu/libnss_files-2.27.so
7f2912eca000-7f2912ed0000 rw-p 00000000 00:00 0 
7f2912ed0000-7f2912ee7000 r-xp 00000000 b3:06 1050645                    /lib/x86_64-linux-gnu/libnsl-2.27.so
7f2912ee7000-7f29130e6000 ---p 00017000 b3:06 1050645                    /lib/x86_64-linux-gnu/libnsl-2.27.so
7f29130e6000-7f29130e7000 r--p 00016000 b3:06 1050645                    /lib/x86_64-linux-gnu/libnsl-2.27.so
7f29130e7000-7f29130e8000 rw-p 00017000 b3:06 1050645                    /lib/x86_64-linux-gnu/libnsl-2.27.so
7f29130e8000-7f29130ea000 rw-p 00000000 00:00 0 
7f29130ea000-7f29130f5000 r-xp 00000000 b3:06 1050662                    /lib/x86_64-linux-gnu/libnss_nis-2.27.so
7f29130f5000-7f29132f4000 ---p 0000b000 b3:06 1050662                    /lib/x86_64-linux-gnu/libnss_nis-2.27.so
7f29132f4000-7f29132f5000 r--p 0000a000 b3:06 1050662                    /lib/x86_64-linux-gnu/libnss_nis-2.27.so
7f29132f5000-7f29132f6000 rw-p 0000b000 b3:06 1050662                    /lib/x86_64-linux-gnu/libnss_nis-2.27.so
7f29132f6000-7f29132fe000 r-xp 00000000 b3:06 1050647                    /lib/x86_64-linux-gnu/libnss_compat-2.27.so
7f29132fe000-7f29134fe000 ---p 00008000 b3:06 1050647                    /lib/x86_64-linux-gnu/libnss_compat-2.27.so
7f29134fe000-7f29134ff000 r--p 00008000 b3:06 1050647                    /lib/x86_64-linux-gnu/libnss_compat-2.27.so
7f29134ff000-7f2913500000 rw-p 00009000 b3:06 1050647                    /lib/x86_64-linux-gnu/libnss_compat-2.27.so
7f2913500000-7f2913529000 r-xp 00000000 b3:06 1441777                    /usr/lib/jvm/java-11-openjdk-amd64/lib/libjava.so
7f2913529000-7f2913728000 ---p 00029000 b3:06 1441777                    /usr/lib/jvm/java-11-openjdk-amd64/lib/libjava.so
7f2913728000-7f2913729000 r--p 00028000 b3:06 1441777                    /usr/lib/jvm/java-11-openjdk-amd64/lib/libjava.so
7f2913729000-7f291372b000 rw-p 00029000 b3:06 1441777                    /usr/lib/jvm/java-11-openjdk-amd64/lib/libjava.so
7f291372b000-7f2913738000 r-xp 00000000 b3:06 1441812                    /usr/lib/jvm/java-11-openjdk-amd64/lib/libverify.so
7f2913738000-7f2913937000 ---p 0000d000 b3:06 1441812                    /usr/lib/jvm/java-11-openjdk-amd64/lib/libverify.so
7f2913937000-7f2913939000 r--p 0000c000 b3:06 1441812                    /usr/lib/jvm/java-11-openjdk-amd64/lib/libverify.so
7f2913939000-7f291393a000 rw-p 0000e000 b3:06 1441812                    /usr/lib/jvm/java-11-openjdk-amd64/lib/libverify.so
7f291393a000-7f2913941000 r-xp 00000000 b3:06 1050702                    /lib/x86_64-linux-gnu/librt-2.27.so
7f2913941000-7f2913b40000 ---p 00007000 b3:06 1050702                    /lib/x86_64-linux-gnu/librt-2.27.so
7f2913b40000-7f2913b41000 r--p 00006000 b3:06 1050702                    /lib/x86_64-linux-gnu/librt-2.27.so
7f2913b41000-7f2913b42000 rw-p 00007000 b3:06 1050702                    /lib/x86_64-linux-gnu/librt-2.27.so
7f2913b42000-7f2913b59000 r-xp 00000000 b3:06 1050598                    /lib/x86_64-linux-gnu/libgcc_s.so.1
7f2913b59000-7f2913d58000 ---p 00017000 b3:06 1050598                    /lib/x86_64-linux-gnu/libgcc_s.so.1
7f2913d58000-7f2913d59000 r--p 00016000 b3:06 1050598                    /lib/x86_64-linux-gnu/libgcc_s.so.1
7f2913d59000-7f2913d5a000 rw-p 00017000 b3:06 1050598                    /lib/x86_64-linux-gnu/libgcc_s.so.1
7f2913d5a000-7f2913ef7000 r-xp 00000000 b3:06 1050624                    /lib/x86_64-linux-gnu/libm-2.27.so
7f2913ef7000-7f29140f6000 ---p 0019d000 b3:06 1050624                    /lib/x86_64-linux-gnu/libm-2.27.so
7f29140f6000-7f29140f7000 r--p 0019c000 b3:06 1050624                    /lib/x86_64-linux-gnu/libm-2.27.so
7f29140f7000-7f29140f8000 rw-p 0019d000 b3:06 1050624                    /lib/x86_64-linux-gnu/libm-2.27.so
7f29140f8000-7f2914271000 r-xp 00000000 b3:06 1446455                    /usr/lib/x86_64-linux-gnu/libstdc++.so.6.0.25
7f2914271000-7f2914471000 ---p 00179000 b3:06 1446455                    /usr/lib/x86_64-linux-gnu/libstdc++.so.6.0.25
7f2914471000-7f291447b000 r--p 00179000 b3:06 1446455                    /usr/lib/x86_64-linux-gnu/libstdc++.so.6.0.25
7f291447b000-7f291447d000 rw-p 00183000 b3:06 1446455                    /usr/lib/x86_64-linux-gnu/libstdc++.so.6.0.25
7f291447d000-7f2914481000 rw-p 00000000 00:00 0 
7f2914481000-7f291554d000 r-xp 00000000 b3:06 1441824                    /usr/lib/jvm/java-11-openjdk-amd64/lib/server/libjvm.so
7f291554d000-7f291574c000 ---p 010cc000 b3:06 1441824                    /usr/lib/jvm/java-11-openjdk-amd64/lib/server/libjvm.so
7f291574c000-7f2915809000 r--p 010cb000 b3:06 1441824                    /usr/lib/jvm/java-11-openjdk-amd64/lib/server/libjvm.so
7f2915809000-7f2915842000 rw-p 01188000 b3:06 1441824                    /usr/lib/jvm/java-11-openjdk-amd64/lib/server/libjvm.so
7f2915842000-7f2915898000 rw-p 00000000 00:00 0 
7f2915898000-7f29158b2000 r-xp 00000000 b3:06 1050694                    /lib/x86_64-linux-gnu/libpthread-2.27.so
7f29158b2000-7f2915ab1000 ---p 0001a000 b3:06 1050694                    /lib/x86_64-linux-gnu/libpthread-2.27.so
7f2915ab1000-7f2915ab2000 r--p 00019000 b3:06 1050694                    /lib/x86_64-linux-gnu/libpthread-2.27.so
7f2915ab2000-7f2915ab3000 rw-p 0001a000 b3:06 1050694                    /lib/x86_64-linux-gnu/libpthread-2.27.so
7f2915ab3000-7f2915ab7000 rw-p 00000000 00:00 0 
7f2915ab7000-7f2915aba000 r-xp 00000000 b3:06 1050584                    /lib/x86_64-linux-gnu/libdl-2.27.so
7f2915aba000-7f2915cb9000 ---p 00003000 b3:06 1050584                    /lib/x86_64-linux-gnu/libdl-2.27.so
7f2915cb9000-7f2915cba000 r--p 00002000 b3:06 1050584                    /lib/x86_64-linux-gnu/libdl-2.27.so
7f2915cba000-7f2915cbb000 rw-p 00003000 b3:06 1050584                    /lib/x86_64-linux-gnu/libdl-2.27.so
7f2915cbb000-7f2915cd7000 r-xp 00000000 b3:06 1050735                    /lib/x86_64-linux-gnu/libz.so.1.2.11
7f2915cd7000-7f2915ed6000 ---p 0001c000 b3:06 1050735                    /lib/x86_64-linux-gnu/libz.so.1.2.11
7f2915ed6000-7f2915ed7000 r--p 0001b000 b3:06 1050735                    /lib/x86_64-linux-gnu/libz.so.1.2.11
7f2915ed7000-7f2915ed8000 rw-p 0001c000 b3:06 1050735                    /lib/x86_64-linux-gnu/libz.so.1.2.11
7f2915ed8000-7f29160bf000 r-xp 00000000 b3:06 1050561                    /lib/x86_64-linux-gnu/libc-2.27.so
7f29160bf000-7f29162bf000 ---p 001e7000 b3:06 1050561                    /lib/x86_64-linux-gnu/libc-2.27.so
7f29162bf000-7f29162c3000 r--p 001e7000 b3:06 1050561                    /lib/x86_64-linux-gnu/libc-2.27.so
7f29162c3000-7f29162c5000 rw-p 001eb000 b3:06 1050561                    /lib/x86_64-linux-gnu/libc-2.27.so
7f29162c5000-7f29162c9000 rw-p 00000000 00:00 0 
7f29162c9000-7f29162d9000 r-xp 00000000 b3:06 1441749                    /usr/lib/jvm/java-11-openjdk-amd64/lib/jli/libjli.so
7f29162d9000-7f29164d8000 ---p 00010000 b3:06 1441749                    /usr/lib/jvm/java-11-openjdk-amd64/lib/jli/libjli.so
7f29164d8000-7f29164d9000 r--p 0000f000 b3:06 1441749                    /usr/lib/jvm/java-11-openjdk-amd64/lib/jli/libjli.so
7f29164d9000-7f29164da000 rw-p 00010000 b3:06 1441749                    /usr/lib/jvm/java-11-openjdk-amd64/lib/jli/libjli.so
7f29164da000-7f2916501000 r-xp 00000000 b3:06 1050533                    /lib/x86_64-linux-gnu/ld-2.27.so
7f2916510000-7f29165e5000 rw-p 00000000 00:00 0 
7f29165e5000-7f29165e9000 ---p 00000000 00:00 0 
7f29165e9000-7f29166e8000 rw-p 00000000 00:00 0 
7f29166e9000-7f29166ee000 rw-p 00000000 00:00 0 
7f29166ee000-7f29166f5000 ---p 00000000 00:00 0 
7f29166f5000-7f29166fd000 rw-s 00000000 b3:06 417231                     /tmp/hsperfdata_lizandra/5038
7f29166fd000-7f29166fe000 ---p 00000000 00:00 0 
7f29166fe000-7f29166ff000 r--p 00000000 00:00 0 
7f29166ff000-7f2916701000 rw-p 00000000 00:00 0 
7f2916701000-7f2916702000 r--p 00027000 b3:06 1050533                    /lib/x86_64-linux-gnu/ld-2.27.so
7f2916702000-7f2916703000 rw-p 00028000 b3:06 1050533                    /lib/x86_64-linux-gnu/ld-2.27.so
7f2916703000-7f2916704000 rw-p 00000000 00:00 0 
7fffe4075000-7fffe4096000 rw-p 00000000 00:00 0                          [stack]
7fffe40a2000-7fffe40a5000 r--p 00000000 00:00 0                          [vvar]
7fffe40a5000-7fffe40a7000 r-xp 00000000 00:00 0                          [vdso]
ffffffffff600000-ffffffffff601000 r-xp 00000000 00:00 0                  [vsyscall]


VM Arguments:
jvm_args: -Dclassworlds.conf=/home/lizandra/Software/netbeans/java/maven/bin/m2.conf -Dmaven.home=/home/lizandra/Software/netbeans/java/maven -Dmaven.multiModuleProjectDirectory=/home/lizandra/NetBeansProjects/sistema-nutri 
java_command: org.codehaus.plexus.classworlds.launcher.Launcher -Dmaven.ext.class.path=/home/lizandra/Software/netbeans/java/maven-nblib/netbeans-eventspy.jar clean install
java_class_path (initial): /home/lizandra/Software/netbeans/java/maven/boot/plexus-classworlds-2.5.2.jar
Launcher Type: SUN_STANDARD

[Global flags]
     intx CICompilerCount                          = 2                                         {product} {ergonomic}
     uint ConcGCThreads                            = 1                                         {product} {ergonomic}
     uint G1ConcRefinementThreads                  = 2                                         {product} {ergonomic}
   size_t G1HeapRegionSize                         = 1048576                                   {product} {ergonomic}
    uintx GCDrainStackTargetSize                   = 64                                        {product} {ergonomic}
   size_t InitialHeapSize                          = 31457280                                  {product} {ergonomic}
   size_t MarkStackSize                            = 4194304                                   {product} {ergonomic}
   size_t MaxHeapSize                              = 486539264                                 {product} {ergonomic}
   size_t MaxNewSize                               = 291504128                                 {product} {ergonomic}
   size_t MinHeapDeltaBytes                        = 1048576                                   {product} {ergonomic}
    uintx NonNMethodCodeHeapSize                   = 5824844                                {pd product} {ergonomic}
    uintx NonProfiledCodeHeapSize                  = 122916698                              {pd product} {ergonomic}
    uintx ProfiledCodeHeapSize                     = 122916698                              {pd product} {ergonomic}
    uintx ReservedCodeCacheSize                    = 251658240                              {pd product} {ergonomic}
     bool SegmentedCodeCache                       = true                                      {product} {ergonomic}
     bool UseCompressedClassPointers               = true                                 {lp64_product} {ergonomic}
     bool UseCompressedOops                        = true                                 {lp64_product} {ergonomic}
     bool UseG1GC                                  = true                                      {product} {ergonomic}

Logging:
Log output configuration:
 #0: stdout all=warning uptime,level,tags
 #1: stderr all=off uptime,level,tags

Environment Variables:
JAVA_HOME=/usr/lib/jvm/java-11-openjdk-amd64
PATH=/usr/local/sbin:/usr/local/bin:/usr/sbin:/usr/bin:/sbin:/bin:/usr/games:/usr/local/games
SHELL=/bin/bash
DISPLAY=:0

Signal Handlers:
SIGSEGV: [libjvm.so+0xde5f50], sa_mask[0]=11111111011111111101111111111110, sa_flags=SA_RESTART|SA_SIGINFO
SIGBUS: [libjvm.so+0xde5f50], sa_mask[0]=11111111011111111101111111111110, sa_flags=SA_RESTART|SA_SIGINFO
SIGFPE: [libjvm.so+0xde5f50], sa_mask[0]=11111111011111111101111111111110, sa_flags=SA_RESTART|SA_SIGINFO
SIGPIPE: [libjvm.so+0xbba5b0], sa_mask[0]=11111111011111111101111111111110, sa_flags=SA_RESTART|SA_SIGINFO
SIGXFSZ: [libjvm.so+0xbba5b0], sa_mask[0]=11111111011111111101111111111110, sa_flags=SA_RESTART|SA_SIGINFO
SIGILL: [libjvm.so+0xde5f50], sa_mask[0]=11111111011111111101111111111110, sa_flags=SA_RESTART|SA_SIGINFO
SIGUSR2: [libjvm.so+0xbba450], sa_mask[0]=00100000000000000000000000000000, sa_flags=SA_RESTART|SA_SIGINFO
SIGHUP: [libjvm.so+0xbba7b0], sa_mask[0]=11111111011111111101111111111110, sa_flags=SA_RESTART|SA_SIGINFO
SIGINT: SIG_IGN, sa_mask[0]=00000000000000000000000000000000, sa_flags=none
SIGTERM: [libjvm.so+0xbba7b0], sa_mask[0]=11111111011111111101111111111110, sa_flags=SA_RESTART|SA_SIGINFO
SIGQUIT: [libjvm.so+0xbba7b0], sa_mask[0]=11111111011111111101111111111110, sa_flags=SA_RESTART|SA_SIGINFO


---------------  S Y S T E M  ---------------

OS:DISTRIB_ID=LinuxMint
DISTRIB_RELEASE=19.2
DISTRIB_CODENAME=tina
DISTRIB_DESCRIPTION="Linux Mint 19.2 Tina"
uname:Linux 4.15.0-58-generic #64-Ubuntu SMP Tue Aug 6 11:12:41 UTC 2019 x86_64
libc:glibc 2.27 NPTL 2.27 
rlimit: STACK 8192k, CORE 0k, NPROC 6965, NOFILE 1048576, AS infinity, DATA infinity, FSIZE infinity
load average:11,16 6,40 3,49

/proc/meminfo:
MemTotal:        1897592 kB
MemFree:           64648 kB
MemAvailable:      13856 kB
Buffers:             452 kB
Cached:           113544 kB
SwapCached:         1032 kB
Active:          1250852 kB
Inactive:         427764 kB
Active(anon):    1246052 kB
Inactive(anon):   415384 kB
Active(file):       4800 kB
Inactive(file):    12380 kB
Unevictable:          72 kB
Mlocked:              72 kB
SwapTotal:       1301168 kB
SwapFree:              0 kB
Dirty:               104 kB
Writeback:            20 kB
AnonPages:       1563932 kB
Mapped:            20464 kB
Shmem:             96596 kB
Slab:              68792 kB
SReclaimable:      30492 kB
SUnreclaim:        38300 kB
KernelStack:       11024 kB
PageTables:        40028 kB
NFS_Unstable:          0 kB
Bounce:                0 kB
WritebackTmp:          0 kB
CommitLimit:     2249964 kB
Committed_AS:    5843476 kB
VmallocTotal:   34359738367 kB
VmallocUsed:           0 kB
VmallocChunk:          0 kB
HardwareCorrupted:     0 kB
AnonHugePages:         0 kB
ShmemHugePages:        0 kB
ShmemPmdMapped:        0 kB
CmaTotal:              0 kB
CmaFree:               0 kB
HugePages_Total:       0
HugePages_Free:        0
HugePages_Rsvd:        0
HugePages_Surp:        0
Hugepagesize:       2048 kB
DirectMap4k:      143104 kB
DirectMap2M:     1808384 kB


/proc/sys/kernel/threads-max (system-wide limit on the number of threads):
13930


/proc/sys/vm/max_map_count (maximum number of memory map areas a process may have):
65530


/proc/sys/kernel/pid_max (system-wide limit on number of process identifiers):
32768



container (cgroup) information:
container_type: cgroupv1
cpu_cpuset_cpus: 0-1
cpu_memory_nodes: 0
active_processor_count: 2
cpu_quota: -1
cpu_period: 100000
cpu_shares: -1
memory_limit_in_bytes: -1
memory_and_swap_limit_in_bytes: -2
memory_soft_limit_in_bytes: -1
memory_usage_in_bytes: 1718521856
memory_max_usage_in_bytes: 0

Steal ticks since vm start: 0
Steal ticks percentage since vm start:  0,000

CPU:total 2 (initial active 2) (2 cores per cpu, 1 threads per core) family 6 model 76 stepping 3, cmov, cx8, fxsr, mmx, sse, sse2, sse3, ssse3, sse4.1, sse4.2, popcnt, aes, clmul, erms, 3dnowpref, tsc, tscinvbit
CPU Model and flags from /proc/cpuinfo:
model name	: Intel(R) Celeron(R) CPU  N3050  @ 1.60GHz
flags		: fpu vme de pse tsc msr pae mce cx8 apic sep mtrr pge mca cmov pat pse36 clflush dts acpi mmx fxsr sse sse2 ss ht tm pbe syscall nx rdtscp lm constant_tsc arch_perfmon pebs bts rep_good nopl xtopology tsc_reliable nonstop_tsc cpuid aperfmperf tsc_known_freq pni pclmulqdq dtes64 monitor ds_cpl vmx est tm2 ssse3 cx16 xtpr pdcm sse4_1 sse4_2 movbe popcnt tsc_deadline_timer aes rdrand lahf_lm 3dnowprefetch epb pti ibrs ibpb stibp tpr_shadow vnmi flexpriority ept vpid tsc_adjust smep erms dtherm ida arat md_clear

Memory: 4k page, physical 1897592k(67744k free), swap 1301168k(0k free)

vm_info: OpenJDK 64-Bit Server VM (11.0.4+11-post-Ubuntu-1ubuntu218.04.3) for linux-amd64 JRE (11.0.4+11-post-Ubuntu-1ubuntu218.04.3), built on Jul 18 2019 18:21:46 by "buildd" with gcc 7.4.0

END.
