#
# There is insufficient memory for the Java Runtime Environment to continue.
# Native memory allocation (mmap) failed to map 90177536 bytes for committing reserved memory.
# Possible reasons:
#   The system is out of physical RAM or swap space
#   The process is running with CompressedOops enabled, and the Java Heap may be blocking the growth of the native heap
# Possible solutions:
#   Reduce memory load on the system
#   Increase physical memory or swap space
#   Check if swap backing store is full
#   Decrease Java heap size (-Xmx/-Xms)
#   Decrease number of Java threads
#   Decrease Java thread stack sizes (-Xss)
#   Set larger code cache with -XX:ReservedCodeCacheSize=
#   JVM is running with Unscaled Compressed Oops mode in which the Java heap is
#     placed in the first 4GB address space. The Java Heap base address is the
#     maximum limit for the native heap growth. Please use -XX:HeapBaseMinAddress
#     to set the Java Heap base and to place the Java Heap above 4GB virtual address.
# This output file may be truncated or incomplete.
#
#  Out of Memory Error (os_linux.cpp:2893), pid=4621, tid=4638
#
# JRE version: OpenJDK Runtime Environment (11.0.4+11) (build 11.0.4+11-post-Ubuntu-1ubuntu218.04.3)
# Java VM: OpenJDK 64-Bit Server VM (11.0.4+11-post-Ubuntu-1ubuntu218.04.3, mixed mode, sharing, tiered, compressed oops, g1 gc, linux-amd64)
# Core dump will be written. Default location: Core dumps may be processed with "/lib/systemd/systemd-coredump %P %u %g %s %t 9223372036854775808 %e" (or dumping to /home/lizandra/NetBeansProjects/sistema-nutri/core.4621)
#

---------------  S U M M A R Y ------------

Command Line: -Dclassworlds.conf=/home/lizandra/Software/netbeans/java/maven/bin/m2.conf -Dmaven.home=/home/lizandra/Software/netbeans/java/maven -Dmaven.multiModuleProjectDirectory=/home/lizandra/NetBeansProjects/sistema-nutri org.codehaus.plexus.classworlds.launcher.Launcher -Dmaven.ext.class.path=/home/lizandra/Software/netbeans/java/maven-nblib/netbeans-eventspy.jar clean install

Host: Intel(R) Celeron(R) CPU  N3050  @ 1.60GHz, 2 cores, 1G, Linux Mint 19.2 Tina
Time: Sun Oct 13 20:12:59 2019 -03 elapsed time: 81 seconds (0d 0h 1m 21s)

---------------  T H R E A D  ---------------

Current thread (0x00007f5780085000):  VMThread "VM Thread" [stack: 0x00007f578434d000,0x00007f578444d000] [id=4638]

Stack: [0x00007f578434d000,0x00007f578444d000],  sp=0x00007f578444aff0,  free space=1015k
Native frames: (J=compiled Java code, A=aot compiled Java code, j=interpreted, Vv=VM code, C=native code)
V  [libjvm.so+0xde4547]
V  [libjvm.so+0xde519b]
V  [libjvm.so+0x6511a5]
V  [libjvm.so+0xbbed38]
V  [libjvm.so+0xbb5ebd]
V  [libjvm.so+0x76f53f]
V  [libjvm.so+0x76f7ae]
V  [libjvm.so+0x77b820]
V  [libjvm.so+0x7f6969]
V  [libjvm.so+0x7f75c2]
V  [libjvm.so+0x7f7a29]
V  [libjvm.so+0x72de6f]
V  [libjvm.so+0x732b6a]
V  [libjvm.so+0xdf01e1]
V  [libjvm.so+0xdeeda8]
V  [libjvm.so+0xdec5e6]
V  [libjvm.so+0xdecaf0]
V  [libjvm.so+0xdecf23]
V  [libjvm.so+0xd7aeea]
V  [libjvm.so+0xbc4a5e]

VM_Operation (0x00007f578a71c670): G1CollectForAllocation, mode: safepoint, requested by thread 0x00007f5780012000


---------------  P R O C E S S  ---------------

Threads class SMR info:
_java_thread_list=0x00007f57800ceb50, length=9, elements={
0x00007f5780012000, 0x00007f5780088000, 0x00007f578008a000, 0x00007f578008f800,
0x00007f5780091800, 0x00007f5780093800, 0x00007f5780095800, 0x00007f57800c4800,
0x00007f57800cd000
}

Java Threads: ( => current thread )
  0x00007f5780012000 JavaThread "main" [_thread_blocked, id=4632, stack(0x00007f578a61f000,0x00007f578a720000)]
  0x00007f5780088000 JavaThread "Reference Handler" daemon [_thread_blocked, id=4639, stack(0x00007f578424a000,0x00007f578434b000)]
  0x00007f578008a000 JavaThread "Finalizer" daemon [_thread_blocked, id=4640, stack(0x00007f5784149000,0x00007f578424a000)]
  0x00007f578008f800 JavaThread "Signal Dispatcher" daemon [_thread_blocked, id=4641, stack(0x00007f5784048000,0x00007f5784149000)]
  0x00007f5780091800 JavaThread "C2 CompilerThread0" daemon [_thread_blocked, id=4642, stack(0x00007f5768576000,0x00007f5768677000)]
  0x00007f5780093800 JavaThread "C1 CompilerThread0" daemon [_thread_blocked, id=4643, stack(0x00007f5768475000,0x00007f5768576000)]
  0x00007f5780095800 JavaThread "Sweeper thread" daemon [_thread_blocked, id=4644, stack(0x00007f5768374000,0x00007f5768475000)]
  0x00007f57800c4800 JavaThread "Service Thread" daemon [_thread_blocked, id=4645, stack(0x00007f5768273000,0x00007f5768374000)]
  0x00007f57800cd000 JavaThread "Common-Cleaner" daemon [_thread_blocked, id=4647, stack(0x00007f5768070000,0x00007f5768171000)]

Other Threads:
=>0x00007f5780085000 VMThread "VM Thread" [stack: 0x00007f578434d000,0x00007f578444d000] [id=4638]
  0x00007f57800c7000 WatcherThread [stack: 0x00007f5768173000,0x00007f5768273000] [id=4646]
  0x00007f5780028000 GCTaskThread "GC Thread#0" [stack: 0x00007f5786614000,0x00007f5786714000] [id=4633]
  0x00007f5750001000 GCTaskThread "GC Thread#1" [stack: 0x00007f5759ad8000,0x00007f5759bd8000] [id=4648]
  0x00007f5780037800 ConcurrentGCThread "G1 Main Marker" [stack: 0x00007f57851d8000,0x00007f57852d8000] [id=4634]
  0x00007f5780039000 ConcurrentGCThread "G1 Conc#0" [stack: 0x00007f57850d6000,0x00007f57851d6000] [id=4635]
  0x00007f578005a800 ConcurrentGCThread "G1 Refine#0" [stack: 0x00007f5784dd2000,0x00007f5784ed2000] [id=4636]
  0x00007f578005c800 ConcurrentGCThread "G1 Young RemSet Sampling" [stack: 0x00007f5784cd0000,0x00007f5784dd0000] [id=4637]

Threads with active compile tasks:
C2 CompilerThread06196       4       org.eclipse.sisu.bean.DeclaredMembers$MemberIterator::hasNext (96 bytes)

VM state:at safepoint (normal execution)

VM Mutex/Monitor currently owned by a thread:  ([mutex/lock_event])
[0x00007f578000e440] Threads_lock - owner thread: 0x00007f5780085000
[0x00007f578000eb90] Heap_lock - owner thread: 0x00007f5780012000

Heap address: 0x00000000e3000000, size: 464 MB, Compressed Oops mode: 32-bit
Narrow klass base: 0x0000000800000000, Narrow klass shift: 3
Compressed class space size: 1073741824 Address: 0x0000000840000000

Heap:
 garbage-first heap   total 159744K, used 40545K [0x00000000e3000000, 0x0000000100000000)
  region size 1024K, 1 young (1024K), 1 survivors (1024K)
 Metaspace       used 26329K, capacity 27001K, committed 27392K, reserved 1073152K
  class space    used 2952K, capacity 3207K, committed 3328K, reserved 1048576K
Heap Regions: E=young(eden), S=young(survivor), O=old, HS=humongous(starts), HC=humongous(continues), CS=collection set, F=free, A=archive, TAMS=top-at-mark-start (previous, next)
|   0|0x00000000e3000000, 0x00000000e3100000, 0x00000000e3100000|100%| O|  |TAMS 0x00000000e3100000, 0x00000000e3000000| Untracked 
|   1|0x00000000e3100000, 0x00000000e3200000, 0x00000000e3200000|100%| O|  |TAMS 0x00000000e3200000, 0x00000000e3100000| Untracked 
|   2|0x00000000e3200000, 0x00000000e3300000, 0x00000000e3300000|100%| O|  |TAMS 0x00000000e3300000, 0x00000000e3200000| Untracked 
|   3|0x00000000e3300000, 0x00000000e3400000, 0x00000000e3400000|100%| O|  |TAMS 0x00000000e3400000, 0x00000000e3300000| Untracked 
|   4|0x00000000e3400000, 0x00000000e3500000, 0x00000000e3500000|100%| O|  |TAMS 0x00000000e3500000, 0x00000000e3400000| Untracked 
|   5|0x00000000e3500000, 0x00000000e3600000, 0x00000000e3600000|100%| O|  |TAMS 0x00000000e3600000, 0x00000000e3500000| Untracked 
|   6|0x00000000e3600000, 0x00000000e3700000, 0x00000000e3700000|100%| O|  |TAMS 0x00000000e3700000, 0x00000000e3600000| Untracked 
|   7|0x00000000e3700000, 0x00000000e3800000, 0x00000000e3800000|100%| O|  |TAMS 0x00000000e3800000, 0x00000000e3700000| Untracked 
|   8|0x00000000e3800000, 0x00000000e3900000, 0x00000000e3900000|100%| O|  |TAMS 0x00000000e3900000, 0x00000000e3800000| Untracked 
|   9|0x00000000e3900000, 0x00000000e3a00000, 0x00000000e3a00000|100%| O|  |TAMS 0x00000000e3a00000, 0x00000000e3900000| Untracked 
|  10|0x00000000e3a00000, 0x00000000e3b00000, 0x00000000e3b00000|100%| O|  |TAMS 0x00000000e3b00000, 0x00000000e3a00000| Untracked 
|  11|0x00000000e3b00000, 0x00000000e3c00000, 0x00000000e3c00000|100%| O|  |TAMS 0x00000000e3c00000, 0x00000000e3b00000| Untracked 
|  12|0x00000000e3c00000, 0x00000000e3d00000, 0x00000000e3d00000|100%| O|  |TAMS 0x00000000e3d00000, 0x00000000e3c00000| Untracked 
|  13|0x00000000e3d00000, 0x00000000e3e00000, 0x00000000e3e00000|100%| O|  |TAMS 0x00000000e3e00000, 0x00000000e3d00000| Untracked 
|  14|0x00000000e3e00000, 0x00000000e3f00000, 0x00000000e3f00000|100%| O|  |TAMS 0x00000000e3f00000, 0x00000000e3e00000| Untracked 
|  15|0x00000000e3f00000, 0x00000000e4000000, 0x00000000e4000000|100%| O|  |TAMS 0x00000000e4000000, 0x00000000e3f00000| Untracked 
|  16|0x00000000e4000000, 0x00000000e4100000, 0x00000000e4100000|100%| O|  |TAMS 0x00000000e4100000, 0x00000000e4000000| Untracked 
|  17|0x00000000e4100000, 0x00000000e4200000, 0x00000000e4200000|100%| O|  |TAMS 0x00000000e4200000, 0x00000000e4100000| Untracked 
|  18|0x00000000e4200000, 0x00000000e4300000, 0x00000000e4300000|100%| O|  |TAMS 0x00000000e4300000, 0x00000000e4200000| Untracked 
|  19|0x00000000e4300000, 0x00000000e4400000, 0x00000000e4400000|100%| O|  |TAMS 0x00000000e4400000, 0x00000000e4300000| Untracked 
|  20|0x00000000e4400000, 0x00000000e4500000, 0x00000000e4500000|100%| O|  |TAMS 0x00000000e4500000, 0x00000000e4400000| Untracked 
|  21|0x00000000e4500000, 0x00000000e4600000, 0x00000000e4600000|100%| O|  |TAMS 0x00000000e4600000, 0x00000000e4500000| Untracked 
|  22|0x00000000e4600000, 0x00000000e4700000, 0x00000000e4700000|100%| O|  |TAMS 0x00000000e4700000, 0x00000000e4600000| Untracked 
|  23|0x00000000e4700000, 0x00000000e4800000, 0x00000000e4800000|100%| O|  |TAMS 0x00000000e4800000, 0x00000000e4700000| Untracked 
|  24|0x00000000e4800000, 0x00000000e4900000, 0x00000000e4900000|100%| O|  |TAMS 0x00000000e4900000, 0x00000000e4800000| Untracked 
|  25|0x00000000e4900000, 0x00000000e4a00000, 0x00000000e4a00000|100%| O|  |TAMS 0x00000000e4a00000, 0x00000000e4900000| Untracked 
|  26|0x00000000e4a00000, 0x00000000e4b00000, 0x00000000e4b00000|100%| O|  |TAMS 0x00000000e4b00000, 0x00000000e4a00000| Untracked 
|  27|0x00000000e4b00000, 0x00000000e4c00000, 0x00000000e4c00000|100%| O|  |TAMS 0x00000000e4c00000, 0x00000000e4b00000| Untracked 
|  28|0x00000000e4c00000, 0x00000000e4d00000, 0x00000000e4d00000|100%| O|  |TAMS 0x00000000e4d00000, 0x00000000e4c00000| Untracked 
|  29|0x00000000e4d00000, 0x00000000e4e00000, 0x00000000e4e00000|100%| O|  |TAMS 0x00000000e4e00000, 0x00000000e4d00000| Untracked 
|  30|0x00000000e4e00000, 0x00000000e4f00000, 0x00000000e4f00000|100%| O|  |TAMS 0x00000000e4f00000, 0x00000000e4e00000| Untracked 
|  31|0x00000000e4f00000, 0x00000000e5000000, 0x00000000e5000000|100%| O|  |TAMS 0x00000000e5000000, 0x00000000e4f00000| Untracked 
|  32|0x00000000e5000000, 0x00000000e5100000, 0x00000000e5100000|100%| O|  |TAMS 0x00000000e5100000, 0x00000000e5000000| Untracked 
|  33|0x00000000e5100000, 0x00000000e5200000, 0x00000000e5200000|100%| O|  |TAMS 0x00000000e5200000, 0x00000000e5100000| Untracked 
|  34|0x00000000e5200000, 0x00000000e5300000, 0x00000000e5300000|100%| O|  |TAMS 0x00000000e5300000, 0x00000000e5200000| Untracked 
|  35|0x00000000e5300000, 0x00000000e5400000, 0x00000000e5400000|100%| O|  |TAMS 0x00000000e5400000, 0x00000000e5300000| Untracked 
|  36|0x00000000e5400000, 0x00000000e5500000, 0x00000000e5500000|100%| O|  |TAMS 0x00000000e5500000, 0x00000000e5400000| Untracked 
|  37|0x00000000e5500000, 0x00000000e5585400, 0x00000000e5600000| 52%| O|  |TAMS 0x00000000e5585400, 0x00000000e5500000| Untracked 
|  38|0x00000000e5600000, 0x00000000e5700000, 0x00000000e5700000|100%|HS|  |TAMS 0x00000000e5600000, 0x00000000e5600000| Complete 
|  39|0x00000000e5700000, 0x00000000e5700000, 0x00000000e5800000|  0%| F|  |TAMS 0x00000000e5700000, 0x00000000e5700000| Untracked 
|  40|0x00000000e5800000, 0x00000000e5800000, 0x00000000e5900000|  0%| F|  |TAMS 0x00000000e5800000, 0x00000000e5800000| Untracked 
|  41|0x00000000e5900000, 0x00000000e5900000, 0x00000000e5a00000|  0%| F|  |TAMS 0x00000000e5900000, 0x00000000e5900000| Untracked 
|  42|0x00000000e5a00000, 0x00000000e5a00000, 0x00000000e5b00000|  0%| F|  |TAMS 0x00000000e5a00000, 0x00000000e5a00000| Untracked 
|  43|0x00000000e5b00000, 0x00000000e5b00000, 0x00000000e5c00000|  0%| F|  |TAMS 0x00000000e5b00000, 0x00000000e5b00000| Untracked 
|  44|0x00000000e5c00000, 0x00000000e5c00000, 0x00000000e5d00000|  0%| F|  |TAMS 0x00000000e5c00000, 0x00000000e5c00000| Untracked 
|  45|0x00000000e5d00000, 0x00000000e5d00000, 0x00000000e5e00000|  0%| F|  |TAMS 0x00000000e5d00000, 0x00000000e5d00000| Untracked 
|  46|0x00000000e5e00000, 0x00000000e5e00000, 0x00000000e5f00000|  0%| F|  |TAMS 0x00000000e5e00000, 0x00000000e5e00000| Untracked 
|  47|0x00000000e5f00000, 0x00000000e5f00000, 0x00000000e6000000|  0%| F|  |TAMS 0x00000000e5f00000, 0x00000000e5f00000| Untracked 
|  48|0x00000000e6000000, 0x00000000e6000000, 0x00000000e6100000|  0%| F|  |TAMS 0x00000000e6000000, 0x00000000e6000000| Untracked 
|  49|0x00000000e6100000, 0x00000000e6100000, 0x00000000e6200000|  0%| F|  |TAMS 0x00000000e6100000, 0x00000000e6100000| Untracked 
|  50|0x00000000e6200000, 0x00000000e6200000, 0x00000000e6300000|  0%| F|  |TAMS 0x00000000e6200000, 0x00000000e6200000| Untracked 
|  51|0x00000000e6300000, 0x00000000e6300000, 0x00000000e6400000|  0%| F|  |TAMS 0x00000000e6300000, 0x00000000e6300000| Untracked 
|  52|0x00000000e6400000, 0x00000000e6400000, 0x00000000e6500000|  0%| F|  |TAMS 0x00000000e6400000, 0x00000000e6400000| Untracked 
|  53|0x00000000e6500000, 0x00000000e6500000, 0x00000000e6600000|  0%| F|  |TAMS 0x00000000e6500000, 0x00000000e6500000| Untracked 
|  54|0x00000000e6600000, 0x00000000e6600000, 0x00000000e6700000|  0%| F|  |TAMS 0x00000000e6600000, 0x00000000e6600000| Untracked 
|  55|0x00000000e6700000, 0x00000000e6700000, 0x00000000e6800000|  0%| F|  |TAMS 0x00000000e6700000, 0x00000000e6700000| Untracked 
|  56|0x00000000e6800000, 0x00000000e6800000, 0x00000000e6900000|  0%| F|  |TAMS 0x00000000e6800000, 0x00000000e6800000| Untracked 
|  57|0x00000000e6900000, 0x00000000e6900000, 0x00000000e6a00000|  0%| F|  |TAMS 0x00000000e6900000, 0x00000000e6900000| Untracked 
|  58|0x00000000e6a00000, 0x00000000e6a00000, 0x00000000e6b00000|  0%| F|  |TAMS 0x00000000e6a00000, 0x00000000e6a00000| Untracked 
|  59|0x00000000e6b00000, 0x00000000e6b00000, 0x00000000e6c00000|  0%| F|  |TAMS 0x00000000e6b00000, 0x00000000e6b00000| Untracked 
|  60|0x00000000e6c00000, 0x00000000e6c00000, 0x00000000e6d00000|  0%| F|  |TAMS 0x00000000e6c00000, 0x00000000e6c00000| Untracked 
|  61|0x00000000e6d00000, 0x00000000e6d00000, 0x00000000e6e00000|  0%| F|  |TAMS 0x00000000e6d00000, 0x00000000e6d00000| Untracked 
|  62|0x00000000e6e00000, 0x00000000e6e00000, 0x00000000e6f00000|  0%| F|  |TAMS 0x00000000e6e00000, 0x00000000e6e00000| Untracked 
|  63|0x00000000e6f00000, 0x00000000e6f00000, 0x00000000e7000000|  0%| F|  |TAMS 0x00000000e6f00000, 0x00000000e6f00000| Untracked 
|  64|0x00000000e7000000, 0x00000000e70753c0, 0x00000000e7100000| 45%| S|CS|TAMS 0x00000000e7000000, 0x00000000e7000000| Complete 
|  65|0x00000000e7100000, 0x00000000e7100000, 0x00000000e7200000|  0%| F|  |TAMS 0x00000000e7100000, 0x00000000e7100000| Untracked 
|  66|0x00000000e7200000, 0x00000000e7200000, 0x00000000e7300000|  0%| F|  |TAMS 0x00000000e7200000, 0x00000000e7200000| Untracked 
|  67|0x00000000e7300000, 0x00000000e7300000, 0x00000000e7400000|  0%| F|  |TAMS 0x00000000e7300000, 0x00000000e7300000| Untracked 
| 462|0x00000000ffe00000, 0x00000000ffe34000, 0x00000000fff00000| 20%|OA|  |TAMS 0x00000000ffe34000, 0x00000000ffe00000| Untracked 
| 463|0x00000000fff00000, 0x00000000fff6a000, 0x0000000100000000| 41%|CA|  |TAMS 0x00000000fff6a000, 0x00000000fff00000| Untracked 

Card table byte_map: [0x00007f5786240000,0x00007f5786328000] _byte_map_base: 0x00007f5785b28000

Marking Bits (Prev, Next): (CMBitMap*) 0x00007f5780034a88, (CMBitMap*) 0x00007f5780034ac0
 Prev Bits: [0x00007f5785a18000, 0x00007f5786158000)
 Next Bits: [0x00007f57852d8000, 0x00007f5785a18000)

Polling page: 0x00007f578a737000

Metaspace:

Usage:
  Non-class:     23,24 MB capacity,    22,83 MB ( 98%) used,   365,62 KB (  2%) free+waste,    52,19 KB ( <1%) overhead. 
      Class:      3,13 MB capacity,     2,88 MB ( 92%) used,   231,15 KB (  7%) free+waste,    22,94 KB ( <1%) overhead. 
       Both:     26,37 MB capacity,    25,71 MB ( 98%) used,   596,77 KB (  2%) free+waste,    75,12 KB ( <1%) overhead. 

Virtual space:
  Non-class space:       24,00 MB reserved,      23,50 MB ( 98%) committed 
      Class space:        1,00 GB reserved,       3,25 MB ( <1%) committed 
             Both:        1,02 GB reserved,      26,75 MB (  3%) committed 

Chunk freelists:
   Non-Class:  54,00 KB
       Class:  0 bytes
        Both:  54,00 KB

CodeHeap 'non-profiled nmethods': size=120036Kb used=2476Kb max_used=2476Kb free=117559Kb
 bounds [0x00007f577041d000, 0x00007f577068d000, 0x00007f5777956000]
CodeHeap 'profiled nmethods': size=120032Kb used=12879Kb max_used=12879Kb free=107152Kb
 bounds [0x00007f5768ee5000, 0x00007f5769b85000, 0x00007f577041d000]
CodeHeap 'non-nmethods': size=5692Kb used=1120Kb max_used=1162Kb free=4571Kb
 bounds [0x00007f5768956000, 0x00007f5768bc6000, 0x00007f5768ee5000]
 total_blobs=7470 nmethods=5990 adapters=367
 compilation: enabled
              stopped_count=0, restarted_count=0
 full_count=0

Compilation events (10 events):
Event: 79,955 Thread 0x00007f5780091800 nmethod 6191 0x00007f5770686c10 code [0x00007f5770686da0, 0x00007f5770686e18]
Event: 79,995 Thread 0x00007f5780093800 6194       3       org.eclipse.sisu.bean.DeclaredMembers$View$3::members (5 bytes)
Event: 80,698 Thread 0x00007f5780093800 nmethod 6194 0x00007f5769b75110 code [0x00007f5769b75300, 0x00007f5769b75678]
Event: 80,698 Thread 0x00007f5780091800 6189       4       java.lang.Class::reflectionData (43 bytes)
Event: 80,714 Thread 0x00007f5780093800 6195       1       java.util.Collections$EmptyList::size (2 bytes)
Event: 80,714 Thread 0x00007f5780093800 nmethod 6195 0x00007f5770686f10 code [0x00007f57706870c0, 0x00007f57706871f0]
Event: 80,984 Thread 0x00007f5780091800 nmethod 6189 0x00007f5770687290 code [0x00007f5770687480, 0x00007f5770687e18]
Event: 80,992 Thread 0x00007f5780091800 6196       4       org.eclipse.sisu.bean.DeclaredMembers$MemberIterator::hasNext (96 bytes)
Event: 81,026 Thread 0x00007f5780093800 6198       3       org.netbeans.shaded.json.simple.JSONValue::toJSONString (191 bytes)
Event: 81,093 Thread 0x00007f5780093800 nmethod 6198 0x00007f5769b75810 code [0x00007f5769b75c80, 0x00007f5769b788d8]

GC Heap History (10 events):
Event: 24,954 GC heap after
{Heap after GC invocations=32 (full 0):
 garbage-first heap   total 58368K, used 36561K [0x00000000e3000000, 0x0000000100000000)
  region size 1024K, 2 young (2048K), 2 survivors (2048K)
 Metaspace       used 24682K, capacity 25347K, committed 25600K, reserved 1071104K
  class space    used 2820K, capacity 3066K, committed 3072K, reserved 1048576K
}
Event: 25,930 GC heap before
{Heap before GC invocations=32 (full 0):
 garbage-first heap   total 58368K, used 44753K [0x00000000e3000000, 0x0000000100000000)
  region size 1024K, 10 young (10240K), 2 survivors (2048K)
 Metaspace       used 25515K, capacity 26226K, committed 26496K, reserved 1073152K
  class space    used 2910K, capacity 3163K, committed 3200K, reserved 1048576K
}
Event: 26,034 GC heap after
{Heap after GC invocations=33 (full 0):
 garbage-first heap   total 71680K, used 38030K [0x00000000e3000000, 0x0000000100000000)
  region size 1024K, 2 young (2048K), 2 survivors (2048K)
 Metaspace       used 25515K, capacity 26226K, committed 26496K, reserved 1073152K
  class space    used 2910K, capacity 3163K, committed 3200K, reserved 1048576K
}
Event: 41,153 GC heap before
{Heap before GC invocations=34 (full 0):
 garbage-first heap   total 71680K, used 50318K [0x00000000e3000000, 0x0000000100000000)
  region size 1024K, 14 young (14336K), 2 survivors (2048K)
 Metaspace       used 26201K, capacity 26862K, committed 27136K, reserved 1073152K
  class space    used 2941K, capacity 3203K, committed 3328K, reserved 1048576K
}
Event: 41,725 GC heap after
{Heap after GC invocations=35 (full 0):
 garbage-first heap   total 71680K, used 39194K [0x00000000e3000000, 0x0000000100000000)
  region size 1024K, 2 young (2048K), 2 survivors (2048K)
 Metaspace       used 26201K, capacity 26862K, committed 27136K, reserved 1073152K
  class space    used 2941K, capacity 3203K, committed 3328K, reserved 1048576K
}
Event: 50,870 GC heap before
{Heap before GC invocations=35 (full 0):
 garbage-first heap   total 71680K, used 40218K [0x00000000e3000000, 0x0000000100000000)
  region size 1024K, 3 young (3072K), 2 survivors (2048K)
 Metaspace       used 26207K, capacity 26990K, committed 27392K, reserved 1073152K
  class space    used 2941K, capacity 3203K, committed 3328K, reserved 1048576K
}
Event: 51,238 GC heap after
{Heap after GC invocations=36 (full 0):
 garbage-first heap   total 71680K, used 39262K [0x00000000e3000000, 0x0000000100000000)
  region size 1024K, 1 young (1024K), 1 survivors (1024K)
 Metaspace       used 26207K, capacity 26990K, committed 27392K, reserved 1073152K
  class space    used 2941K, capacity 3203K, committed 3328K, reserved 1048576K
}
Event: 62,506 GC heap before
{Heap before GC invocations=37 (full 0):
 garbage-first heap   total 71680K, used 39262K [0x00000000e3000000, 0x0000000100000000)
  region size 1024K, 2 young (2048K), 1 survivors (1024K)
 Metaspace       used 26218K, capacity 26990K, committed 27392K, reserved 1073152K
  class space    used 2941K, capacity 3203K, committed 3328K, reserved 1048576K
}
Event: 63,381 GC heap after
{Heap after GC invocations=38 (full 0):
 garbage-first heap   total 71680K, used 39245K [0x00000000e3000000, 0x0000000100000000)
  region size 1024K, 1 young (1024K), 1 survivors (1024K)
 Metaspace       used 26218K, capacity 26990K, committed 27392K, reserved 1073152K
  class space    used 2941K, capacity 3203K, committed 3328K, reserved 1048576K
}
Event: 81,318 GC heap before
{Heap before GC invocations=39 (full 0):
 garbage-first heap   total 71680K, used 41293K [0x00000000e3000000, 0x0000000100000000)
  region size 1024K, 3 young (3072K), 1 survivors (1024K)
 Metaspace       used 26329K, capacity 27001K, committed 27392K, reserved 1073152K
  class space    used 2952K, capacity 3207K, committed 3328K, reserved 1048576K
}

Deoptimization events (10 events):
Event: 29,024 Thread 0x00007f5780012000 DEOPT PACKING pc=0x00007f5769a34aa6 sp=0x00007f578a71c940
Event: 29,024 Thread 0x00007f5780012000 DEOPT UNPACKING pc=0x00007f576897dc2b sp=0x00007f578a71bdd8 mode 0
Event: 30,674 Thread 0x00007f5780012000 DEOPT PACKING pc=0x00007f5769488811 sp=0x00007f578a71d040
Event: 30,677 Thread 0x00007f5780012000 DEOPT UNPACKING pc=0x00007f576897dc2b sp=0x00007f578a71c4f8 mode 0
Event: 74,519 Thread 0x00007f5780012000 Uncommon trap: trap_request=0xffffff4d fr.pc=0x00007f577062b24c relative=0x00000000000000ac
Event: 74,519 Thread 0x00007f5780012000 Uncommon trap: reason=unstable_if action=reinterpret pc=0x00007f577062b24c method=java.lang.StringLatin1.lastIndexOf([BI[BII)I @ 32 c2
Event: 74,523 Thread 0x00007f5780012000 DEOPT PACKING pc=0x00007f577062b24c sp=0x00007f578a71d4c0
Event: 74,534 Thread 0x00007f5780012000 DEOPT UNPACKING pc=0x00007f576897de1f sp=0x00007f578a71d438 mode 2
Event: 74,543 Thread 0x00007f5780012000 DEOPT PACKING pc=0x00007f57695191fb sp=0x00007f578a71d6b0
Event: 74,543 Thread 0x00007f5780012000 DEOPT UNPACKING pc=0x00007f576897dc2b sp=0x00007f578a71cb88 mode 0

Classes redefined (0 events):
No events

Internal exceptions (10 events):
Event: 20,300 Thread 0x00007f5780012000 Exception <a 'java/lang/NoSuchMethodError'{0x00000000e574c258}: 'int java.lang.invoke.DirectMethodHandle$Holder.invokeStaticInit(java.lang.Object, java.lang.Object)'> (0x00000000e574c258) thrown at [/build/openjdk-lts-7bqZff/openjdk-lts-11.0.4+11/src/hots
Event: 20,550 Thread 0x00007f5780012000 Exception <a 'java/lang/NoSuchMethodError'{0x00000000e5cbc9e8}: 'int java.lang.invoke.DirectMethodHandle$Holder.invokeVirtual(java.lang.Object, java.lang.Object)'> (0x00000000e5cbc9e8) thrown at [/build/openjdk-lts-7bqZff/openjdk-lts-11.0.4+11/src/hotspot
Event: 20,570 Thread 0x00007f5780012000 Exception <a 'java/lang/NoSuchMethodError'{0x00000000e5ceb8e0}: 'java.lang.Object java.lang.invoke.Invokers$Holder.linkToTargetMethod(java.lang.Object, java.lang.Object, java.lang.Object, java.lang.Object, java.lang.Object, java.lang.Object)'> (0x00000000
Event: 23,160 Thread 0x00007f5780012000 Exception <a 'java/lang/NoSuchMethodError'{0x00000000e667fae0}: 'int java.lang.invoke.DirectMethodHandle$Holder.invokeSpecial(java.lang.Object, java.lang.Object, java.lang.Object, java.lang.Object, java.lang.Object)'> (0x00000000e667fae0) thrown at [/buil
Event: 25,487 Thread 0x00007f5780012000 Exception <a 'java/lang/NoSuchMethodError'{0x00000000e606c6e8}: 'void java.lang.invoke.DirectMethodHandle$Holder.invokeVirtual(java.lang.Object, java.lang.Object)'> (0x00000000e606c6e8) thrown at [/build/openjdk-lts-7bqZff/openjdk-lts-11.0.4+11/src/hotspo
Event: 25,540 Thread 0x00007f5780012000 Exception <a 'java/lang/NoSuchMethodError'{0x00000000e607e410}: 'java.lang.Object java.lang.invoke.DirectMethodHandle$Holder.invokeVirtual(java.lang.Object, java.lang.Object, java.lang.Object)'> (0x00000000e607e410) thrown at [/build/openjdk-lts-7bqZff/op
Event: 25,759 Thread 0x00007f5780012000 Exception <a 'java/lang/NoSuchMethodError'{0x00000000e5f55a10}: 'int java.lang.invoke.DirectMethodHandle$Holder.invokeSpecial(java.lang.Object, java.lang.Object, java.lang.Object, java.lang.Object)'> (0x00000000e5f55a10) thrown at [/build/openjdk-lts-7bqZ
Event: 33,867 Thread 0x00007f5780012000 Exception <a 'java/lang/NoSuchMethodError'{0x00000000e691bcc8}: 'java.lang.Object java.lang.invoke.DirectMethodHandle$Holder.invokeStatic(java.lang.Object, java.lang.Object, java.lang.Object, int)'> (0x00000000e691bcc8) thrown at [/build/openjdk-lts-7bqZf
Event: 35,094 Thread 0x00007f5780012000 Exception <a 'java/lang/NoSuchMethodError'{0x00000000e6920038}: 'java.lang.Object java.lang.invoke.DirectMethodHandle$Holder.invokeSpecial(java.lang.Object, java.lang.Object, java.lang.Object, java.lang.Object, int)'> (0x00000000e6920038) thrown at [/buil
Event: 35,144 Thread 0x00007f5780012000 Exception <a 'java/lang/NoSuchMethodError'{0x00000000e6923cc8}: 'java.lang.Object java.lang.invoke.Invokers$Holder.linkToTargetMethod(java.lang.Object, java.lang.Object, int, java.lang.Object)'> (0x00000000e6923cc8) thrown at [/build/openjdk-lts-7bqZff/op

Events (10 events):
Event: 74,705 loading class org/codehaus/plexus/component/configurator/MapOrientedComponentConfigurator done
Event: 74,705 loading class org/codehaus/plexus/component/configurator/BasicComponentConfigurator
Event: 74,705 loading class org/codehaus/plexus/component/configurator/BasicComponentConfigurator done
Event: 74,705 loading class org/codehaus/plexus/component/configurator/BasicComponentConfigurator
Event: 74,705 loading class org/codehaus/plexus/component/configurator/BasicComponentConfigurator done
Event: 78,457 loading class org/apache/maven/toolchain/DefaultToolchainManager
Event: 78,457 loading class org/apache/maven/toolchain/DefaultToolchainManager done
Event: 78,466 loading class org/apache/maven/toolchain/DefaultToolchainManager
Event: 78,466 loading class org/apache/maven/toolchain/DefaultToolchainManager done
Event: 81,294 Executing VM operation: G1CollectForAllocation


Dynamic libraries:
e3000000-e7400000 rw-p 00000000 00:00 0 
eca00000-ffe00000 ---p 00000000 00:00 0 
ffe00000-ffe34000 rw-p 01116000 b3:06 1437553                            /usr/lib/jvm/java-11-openjdk-amd64/lib/server/classes.jsa
ffe34000-fff00000 rw-p 00000000 00:00 0 
fff00000-fff6a000 rw-p 010ac000 b3:06 1437553                            /usr/lib/jvm/java-11-openjdk-amd64/lib/server/classes.jsa
fff6a000-100000000 rw-p 00000000 00:00 0 
800000000-800002000 rwxp 00001000 b3:06 1437553                          /usr/lib/jvm/java-11-openjdk-amd64/lib/server/classes.jsa
800002000-8003bd000 rw-p 00003000 b3:06 1437553                          /usr/lib/jvm/java-11-openjdk-amd64/lib/server/classes.jsa
8003bd000-800a98000 r--p 003be000 b3:06 1437553                          /usr/lib/jvm/java-11-openjdk-amd64/lib/server/classes.jsa
800a98000-800a99000 rw-p 00a99000 b3:06 1437553                          /usr/lib/jvm/java-11-openjdk-amd64/lib/server/classes.jsa
800a99000-8010ab000 r--p 00a9a000 b3:06 1437553                          /usr/lib/jvm/java-11-openjdk-amd64/lib/server/classes.jsa
840000000-840340000 rw-p 00000000 00:00 0 
840340000-880000000 ---p 00000000 00:00 0 
55acaff69000-55acaff6a000 r-xp 00000000 b3:06 1441529                    /usr/lib/jvm/java-11-openjdk-amd64/bin/java
55acb016a000-55acb016b000 r--p 00001000 b3:06 1441529                    /usr/lib/jvm/java-11-openjdk-amd64/bin/java
55acb016b000-55acb016c000 rw-p 00002000 b3:06 1441529                    /usr/lib/jvm/java-11-openjdk-amd64/bin/java
55acb1421000-55acb1442000 rw-p 00000000 00:00 0                          [heap]
7f572c000000-7f572c021000 rw-p 00000000 00:00 0 
7f572c021000-7f5730000000 ---p 00000000 00:00 0 
7f5730000000-7f573002c000 rw-p 00000000 00:00 0 
7f573002c000-7f5734000000 ---p 00000000 00:00 0 
7f5734000000-7f5734ac8000 rw-p 00000000 00:00 0 
7f5734ac8000-7f5738000000 ---p 00000000 00:00 0 
7f5738000000-7f5738021000 rw-p 00000000 00:00 0 
7f5738021000-7f573c000000 ---p 00000000 00:00 0 
7f573c000000-7f573c021000 rw-p 00000000 00:00 0 
7f573c021000-7f5740000000 ---p 00000000 00:00 0 
7f5740000000-7f57417e2000 rw-p 00000000 00:00 0 
7f57417e2000-7f5744000000 ---p 00000000 00:00 0 
7f5744000000-7f5744021000 rw-p 00000000 00:00 0 
7f5744021000-7f5748000000 ---p 00000000 00:00 0 
7f5748000000-7f5748021000 rw-p 00000000 00:00 0 
7f5748021000-7f574c000000 ---p 00000000 00:00 0 
7f574c000000-7f574c021000 rw-p 00000000 00:00 0 
7f574c021000-7f5750000000 ---p 00000000 00:00 0 
7f5750000000-7f5750029000 rw-p 00000000 00:00 0 
7f5750029000-7f5754000000 ---p 00000000 00:00 0 
7f5754000000-7f5754021000 rw-p 00000000 00:00 0 
7f5754021000-7f5758000000 ---p 00000000 00:00 0 
7f5758ad6000-7f5758c56000 rw-p 00000000 00:00 0 
7f5758c56000-7f5758cd6000 ---p 00000000 00:00 0 
7f5758cd6000-7f5758ed6000 rw-p 00000000 00:00 0 
7f5758ed6000-7f57590d6000 rw-p 00000000 00:00 0 
7f57590d6000-7f57592d6000 rw-p 00000000 00:00 0 
7f57592d6000-7f57594d6000 rw-p 00000000 00:00 0 
7f57594d6000-7f57596d6000 rw-p 00000000 00:00 0 
7f57596d6000-7f57598d6000 rw-p 00000000 00:00 0 
7f57598d6000-7f5759ad6000 rw-p 00000000 00:00 0 
7f5759ad6000-7f5759ad7000 ---p 00000000 00:00 0 
7f5759ad7000-7f5759bd8000 rw-p 00000000 00:00 0 
7f5759bd8000-7f5759bee000 r-xp 00000000 b3:06 1441803                    /usr/lib/jvm/java-11-openjdk-amd64/lib/libnet.so
7f5759bee000-7f5759ded000 ---p 00016000 b3:06 1441803                    /usr/lib/jvm/java-11-openjdk-amd64/lib/libnet.so
7f5759ded000-7f5759dee000 r--p 00015000 b3:06 1441803                    /usr/lib/jvm/java-11-openjdk-amd64/lib/libnet.so
7f5759dee000-7f5759def000 rw-p 00016000 b3:06 1441803                    /usr/lib/jvm/java-11-openjdk-amd64/lib/libnet.so
7f5759def000-7f5759dff000 r-xp 00000000 b3:06 1441805                    /usr/lib/jvm/java-11-openjdk-amd64/lib/libnio.so
7f5759dff000-7f5759ffe000 ---p 00010000 b3:06 1441805                    /usr/lib/jvm/java-11-openjdk-amd64/lib/libnio.so
7f5759ffe000-7f5759fff000 r--p 0000f000 b3:06 1441805                    /usr/lib/jvm/java-11-openjdk-amd64/lib/libnio.so
7f5759fff000-7f575a000000 rw-p 00010000 b3:06 1441805                    /usr/lib/jvm/java-11-openjdk-amd64/lib/libnio.so
7f575a000000-7f575c000000 rw-p 00000000 00:00 0 
7f575c000000-7f575c021000 rw-p 00000000 00:00 0 
7f575c021000-7f5760000000 ---p 00000000 00:00 0 
7f5760000000-7f5760030000 rw-p 00000000 00:00 0 
7f5760030000-7f5764000000 ---p 00000000 00:00 0 
7f5764000000-7f5764026000 rw-p 00000000 00:00 0 
7f5764026000-7f5768000000 ---p 00000000 00:00 0 
7f5768070000-7f5768074000 ---p 00000000 00:00 0 
7f5768074000-7f5768171000 rw-p 00000000 00:00 0 
7f5768171000-7f5768172000 ---p 00000000 00:00 0 
7f5768172000-7f5768273000 rw-p 00000000 00:00 0 
7f5768273000-7f5768277000 ---p 00000000 00:00 0 
7f5768277000-7f5768374000 rw-p 00000000 00:00 0 
7f5768374000-7f5768378000 ---p 00000000 00:00 0 
7f5768378000-7f5768475000 rw-p 00000000 00:00 0 
7f5768475000-7f5768479000 ---p 00000000 00:00 0 
7f5768479000-7f5768576000 rw-p 00000000 00:00 0 
7f5768576000-7f576857a000 ---p 00000000 00:00 0 
7f576857a000-7f5768677000 rw-p 00000000 00:00 0 
7f5768677000-7f5768956000 r--p 00000000 b3:06 1443645                    /usr/lib/locale/locale-archive
7f5768956000-7f5768bc6000 rwxp 00000000 00:00 0 
7f5768bc6000-7f5768ee5000 ---p 00000000 00:00 0 
7f5768ee5000-7f5769b85000 rwxp 00000000 00:00 0 
7f5769b85000-7f577041d000 ---p 00000000 00:00 0 
7f577041d000-7f577068d000 rwxp 00000000 00:00 0 
7f577068d000-7f5777956000 ---p 00000000 00:00 0 
7f5777956000-7f5780000000 r--s 00000000 b3:06 1441815                    /usr/lib/jvm/java-11-openjdk-amd64/lib/modules
7f5780000000-7f57815d7000 rw-p 00000000 00:00 0 
7f57815d7000-7f5784000000 ---p 00000000 00:00 0 
7f5784017000-7f5784048000 rw-p 00000000 00:00 0 
7f5784048000-7f578404c000 ---p 00000000 00:00 0 
7f578404c000-7f5784149000 rw-p 00000000 00:00 0 
7f5784149000-7f578414d000 ---p 00000000 00:00 0 
7f578414d000-7f578424a000 rw-p 00000000 00:00 0 
7f578424a000-7f578424e000 ---p 00000000 00:00 0 
7f578424e000-7f578434b000 rw-p 00000000 00:00 0 
7f578434b000-7f578434c000 ---p 00000000 00:00 0 
7f578434c000-7f5784cce000 rw-p 00000000 00:00 0 
7f5784cce000-7f5784ccf000 ---p 00000000 00:00 0 
7f5784ccf000-7f5784dd0000 rw-p 00000000 00:00 0 
7f5784dd0000-7f5784dd1000 ---p 00000000 00:00 0 
7f5784dd1000-7f57850d4000 rw-p 00000000 00:00 0 
7f57850d4000-7f57850d5000 ---p 00000000 00:00 0 
7f57850d5000-7f57851d6000 rw-p 00000000 00:00 0 
7f57851d6000-7f57851d7000 ---p 00000000 00:00 0 
7f57851d7000-7f57853e8000 rw-p 00000000 00:00 0 
7f57853e8000-7f5785a10000 ---p 00000000 00:00 0 
7f5785a10000-7f5785b28000 rw-p 00000000 00:00 0 
7f5785b28000-7f5786150000 ---p 00000000 00:00 0 
7f5786150000-7f578617a000 rw-p 00000000 00:00 0 
7f578617a000-7f578623f000 ---p 00000000 00:00 0 
7f578623f000-7f5786262000 rw-p 00000000 00:00 0 
7f5786262000-7f5786327000 ---p 00000000 00:00 0 
7f5786327000-7f578634a000 rw-p 00000000 00:00 0 
7f578634a000-7f578640f000 ---p 00000000 00:00 0 
7f578640f000-7f5786612000 rw-p 00000000 00:00 0 
7f5786612000-7f5786613000 ---p 00000000 00:00 0 
7f5786613000-7f5786719000 rw-p 00000000 00:00 0 
7f5786719000-7f57867ff000 ---p 00000000 00:00 0 
7f57867ff000-7f5786819000 rw-p 00000000 00:00 0 
7f5786819000-7f57868ea000 ---p 00000000 00:00 0 
7f57868ea000-7f57868ef000 r-xp 00000000 b3:06 1441785                    /usr/lib/jvm/java-11-openjdk-amd64/lib/libjimage.so
7f57868ef000-7f5786aee000 ---p 00005000 b3:06 1441785                    /usr/lib/jvm/java-11-openjdk-amd64/lib/libjimage.so
7f5786aee000-7f5786aef000 r--p 00004000 b3:06 1441785                    /usr/lib/jvm/java-11-openjdk-amd64/lib/libjimage.so
7f5786aef000-7f5786af0000 rw-p 00005000 b3:06 1441785                    /usr/lib/jvm/java-11-openjdk-amd64/lib/libjimage.so
7f5786af0000-7f5786af7000 r-xp 00000000 b3:06 1441814                    /usr/lib/jvm/java-11-openjdk-amd64/lib/libzip.so
7f5786af7000-7f5786cf6000 ---p 00007000 b3:06 1441814                    /usr/lib/jvm/java-11-openjdk-amd64/lib/libzip.so
7f5786cf6000-7f5786cf7000 r--p 00006000 b3:06 1441814                    /usr/lib/jvm/java-11-openjdk-amd64/lib/libzip.so
7f5786cf7000-7f5786cf8000 rw-p 00007000 b3:06 1441814                    /usr/lib/jvm/java-11-openjdk-amd64/lib/libzip.so
7f5786cf8000-7f5786d03000 r-xp 00000000 b3:06 1050651                    /lib/x86_64-linux-gnu/libnss_files-2.27.so
7f5786d03000-7f5786f02000 ---p 0000b000 b3:06 1050651                    /lib/x86_64-linux-gnu/libnss_files-2.27.so
7f5786f02000-7f5786f03000 r--p 0000a000 b3:06 1050651                    /lib/x86_64-linux-gnu/libnss_files-2.27.so
7f5786f03000-7f5786f04000 rw-p 0000b000 b3:06 1050651                    /lib/x86_64-linux-gnu/libnss_files-2.27.so
7f5786f04000-7f5786f0a000 rw-p 00000000 00:00 0 
7f5786f0a000-7f5786f21000 r-xp 00000000 b3:06 1050645                    /lib/x86_64-linux-gnu/libnsl-2.27.so
7f5786f21000-7f5787120000 ---p 00017000 b3:06 1050645                    /lib/x86_64-linux-gnu/libnsl-2.27.so
7f5787120000-7f5787121000 r--p 00016000 b3:06 1050645                    /lib/x86_64-linux-gnu/libnsl-2.27.so
7f5787121000-7f5787122000 rw-p 00017000 b3:06 1050645                    /lib/x86_64-linux-gnu/libnsl-2.27.so
7f5787122000-7f5787124000 rw-p 00000000 00:00 0 
7f5787124000-7f578712f000 r-xp 00000000 b3:06 1050662                    /lib/x86_64-linux-gnu/libnss_nis-2.27.so
7f578712f000-7f578732e000 ---p 0000b000 b3:06 1050662                    /lib/x86_64-linux-gnu/libnss_nis-2.27.so
7f578732e000-7f578732f000 r--p 0000a000 b3:06 1050662                    /lib/x86_64-linux-gnu/libnss_nis-2.27.so
7f578732f000-7f5787330000 rw-p 0000b000 b3:06 1050662                    /lib/x86_64-linux-gnu/libnss_nis-2.27.so
7f5787330000-7f5787338000 r-xp 00000000 b3:06 1050647                    /lib/x86_64-linux-gnu/libnss_compat-2.27.so
7f5787338000-7f5787538000 ---p 00008000 b3:06 1050647                    /lib/x86_64-linux-gnu/libnss_compat-2.27.so
7f5787538000-7f5787539000 r--p 00008000 b3:06 1050647                    /lib/x86_64-linux-gnu/libnss_compat-2.27.so
7f5787539000-7f578753a000 rw-p 00009000 b3:06 1050647                    /lib/x86_64-linux-gnu/libnss_compat-2.27.so
7f578753a000-7f5787563000 r-xp 00000000 b3:06 1441777                    /usr/lib/jvm/java-11-openjdk-amd64/lib/libjava.so
7f5787563000-7f5787762000 ---p 00029000 b3:06 1441777                    /usr/lib/jvm/java-11-openjdk-amd64/lib/libjava.so
7f5787762000-7f5787763000 r--p 00028000 b3:06 1441777                    /usr/lib/jvm/java-11-openjdk-amd64/lib/libjava.so
7f5787763000-7f5787765000 rw-p 00029000 b3:06 1441777                    /usr/lib/jvm/java-11-openjdk-amd64/lib/libjava.so
7f5787765000-7f5787772000 r-xp 00000000 b3:06 1441812                    /usr/lib/jvm/java-11-openjdk-amd64/lib/libverify.so
7f5787772000-7f5787971000 ---p 0000d000 b3:06 1441812                    /usr/lib/jvm/java-11-openjdk-amd64/lib/libverify.so
7f5787971000-7f5787973000 r--p 0000c000 b3:06 1441812                    /usr/lib/jvm/java-11-openjdk-amd64/lib/libverify.so
7f5787973000-7f5787974000 rw-p 0000e000 b3:06 1441812                    /usr/lib/jvm/java-11-openjdk-amd64/lib/libverify.so
7f5787974000-7f578797b000 r-xp 00000000 b3:06 1050702                    /lib/x86_64-linux-gnu/librt-2.27.so
7f578797b000-7f5787b7a000 ---p 00007000 b3:06 1050702                    /lib/x86_64-linux-gnu/librt-2.27.so
7f5787b7a000-7f5787b7b000 r--p 00006000 b3:06 1050702                    /lib/x86_64-linux-gnu/librt-2.27.so
7f5787b7b000-7f5787b7c000 rw-p 00007000 b3:06 1050702                    /lib/x86_64-linux-gnu/librt-2.27.so
7f5787b7c000-7f5787b93000 r-xp 00000000 b3:06 1050598                    /lib/x86_64-linux-gnu/libgcc_s.so.1
7f5787b93000-7f5787d92000 ---p 00017000 b3:06 1050598                    /lib/x86_64-linux-gnu/libgcc_s.so.1
7f5787d92000-7f5787d93000 r--p 00016000 b3:06 1050598                    /lib/x86_64-linux-gnu/libgcc_s.so.1
7f5787d93000-7f5787d94000 rw-p 00017000 b3:06 1050598                    /lib/x86_64-linux-gnu/libgcc_s.so.1
7f5787d94000-7f5787f31000 r-xp 00000000 b3:06 1050624                    /lib/x86_64-linux-gnu/libm-2.27.so
7f5787f31000-7f5788130000 ---p 0019d000 b3:06 1050624                    /lib/x86_64-linux-gnu/libm-2.27.so
7f5788130000-7f5788131000 r--p 0019c000 b3:06 1050624                    /lib/x86_64-linux-gnu/libm-2.27.so
7f5788131000-7f5788132000 rw-p 0019d000 b3:06 1050624                    /lib/x86_64-linux-gnu/libm-2.27.so
7f5788132000-7f57882ab000 r-xp 00000000 b3:06 1446455                    /usr/lib/x86_64-linux-gnu/libstdc++.so.6.0.25
7f57882ab000-7f57884ab000 ---p 00179000 b3:06 1446455                    /usr/lib/x86_64-linux-gnu/libstdc++.so.6.0.25
7f57884ab000-7f57884b5000 r--p 00179000 b3:06 1446455                    /usr/lib/x86_64-linux-gnu/libstdc++.so.6.0.25
7f57884b5000-7f57884b7000 rw-p 00183000 b3:06 1446455                    /usr/lib/x86_64-linux-gnu/libstdc++.so.6.0.25
7f57884b7000-7f57884bb000 rw-p 00000000 00:00 0 
7f57884bb000-7f5789587000 r-xp 00000000 b3:06 1441824                    /usr/lib/jvm/java-11-openjdk-amd64/lib/server/libjvm.so
7f5789587000-7f5789786000 ---p 010cc000 b3:06 1441824                    /usr/lib/jvm/java-11-openjdk-amd64/lib/server/libjvm.so
7f5789786000-7f5789843000 r--p 010cb000 b3:06 1441824                    /usr/lib/jvm/java-11-openjdk-amd64/lib/server/libjvm.so
7f5789843000-7f578987c000 rw-p 01188000 b3:06 1441824                    /usr/lib/jvm/java-11-openjdk-amd64/lib/server/libjvm.so
7f578987c000-7f57898d2000 rw-p 00000000 00:00 0 
7f57898d2000-7f57898ec000 r-xp 00000000 b3:06 1050694                    /lib/x86_64-linux-gnu/libpthread-2.27.so
7f57898ec000-7f5789aeb000 ---p 0001a000 b3:06 1050694                    /lib/x86_64-linux-gnu/libpthread-2.27.so
7f5789aeb000-7f5789aec000 r--p 00019000 b3:06 1050694                    /lib/x86_64-linux-gnu/libpthread-2.27.so
7f5789aec000-7f5789aed000 rw-p 0001a000 b3:06 1050694                    /lib/x86_64-linux-gnu/libpthread-2.27.so
7f5789aed000-7f5789af1000 rw-p 00000000 00:00 0 
7f5789af1000-7f5789af4000 r-xp 00000000 b3:06 1050584                    /lib/x86_64-linux-gnu/libdl-2.27.so
7f5789af4000-7f5789cf3000 ---p 00003000 b3:06 1050584                    /lib/x86_64-linux-gnu/libdl-2.27.so
7f5789cf3000-7f5789cf4000 r--p 00002000 b3:06 1050584                    /lib/x86_64-linux-gnu/libdl-2.27.so
7f5789cf4000-7f5789cf5000 rw-p 00003000 b3:06 1050584                    /lib/x86_64-linux-gnu/libdl-2.27.so
7f5789cf5000-7f5789d11000 r-xp 00000000 b3:06 1050735                    /lib/x86_64-linux-gnu/libz.so.1.2.11
7f5789d11000-7f5789f10000 ---p 0001c000 b3:06 1050735                    /lib/x86_64-linux-gnu/libz.so.1.2.11
7f5789f10000-7f5789f11000 r--p 0001b000 b3:06 1050735                    /lib/x86_64-linux-gnu/libz.so.1.2.11
7f5789f11000-7f5789f12000 rw-p 0001c000 b3:06 1050735                    /lib/x86_64-linux-gnu/libz.so.1.2.11
7f5789f12000-7f578a0f9000 r-xp 00000000 b3:06 1050561                    /lib/x86_64-linux-gnu/libc-2.27.so
7f578a0f9000-7f578a2f9000 ---p 001e7000 b3:06 1050561                    /lib/x86_64-linux-gnu/libc-2.27.so
7f578a2f9000-7f578a2fd000 r--p 001e7000 b3:06 1050561                    /lib/x86_64-linux-gnu/libc-2.27.so
7f578a2fd000-7f578a2ff000 rw-p 001eb000 b3:06 1050561                    /lib/x86_64-linux-gnu/libc-2.27.so
7f578a2ff000-7f578a303000 rw-p 00000000 00:00 0 
7f578a303000-7f578a313000 r-xp 00000000 b3:06 1441749                    /usr/lib/jvm/java-11-openjdk-amd64/lib/jli/libjli.so
7f578a313000-7f578a512000 ---p 00010000 b3:06 1441749                    /usr/lib/jvm/java-11-openjdk-amd64/lib/jli/libjli.so
7f578a512000-7f578a513000 r--p 0000f000 b3:06 1441749                    /usr/lib/jvm/java-11-openjdk-amd64/lib/jli/libjli.so
7f578a513000-7f578a514000 rw-p 00010000 b3:06 1441749                    /usr/lib/jvm/java-11-openjdk-amd64/lib/jli/libjli.so
7f578a514000-7f578a53b000 r-xp 00000000 b3:06 1050533                    /lib/x86_64-linux-gnu/ld-2.27.so
7f578a54a000-7f578a61f000 rw-p 00000000 00:00 0 
7f578a61f000-7f578a623000 ---p 00000000 00:00 0 
7f578a623000-7f578a722000 rw-p 00000000 00:00 0 
7f578a723000-7f578a728000 rw-p 00000000 00:00 0 
7f578a728000-7f578a72f000 ---p 00000000 00:00 0 
7f578a72f000-7f578a737000 rw-s 00000000 b3:06 416324                     /tmp/hsperfdata_lizandra/4621
7f578a737000-7f578a738000 ---p 00000000 00:00 0 
7f578a738000-7f578a739000 r--p 00000000 00:00 0 
7f578a739000-7f578a73b000 rw-p 00000000 00:00 0 
7f578a73b000-7f578a73c000 r--p 00027000 b3:06 1050533                    /lib/x86_64-linux-gnu/ld-2.27.so
7f578a73c000-7f578a73d000 rw-p 00028000 b3:06 1050533                    /lib/x86_64-linux-gnu/ld-2.27.so
7f578a73d000-7f578a73e000 rw-p 00000000 00:00 0 
7ffc15919000-7ffc1593a000 rw-p 00000000 00:00 0                          [stack]
7ffc1593b000-7ffc1593e000 r--p 00000000 00:00 0                          [vvar]
7ffc1593e000-7ffc15940000 r-xp 00000000 00:00 0                          [vdso]
ffffffffff600000-ffffffffff601000 r-xp 00000000 00:00 0                  [vsyscall]


VM Arguments:
jvm_args: -Dclassworlds.conf=/home/lizandra/Software/netbeans/java/maven/bin/m2.conf -Dmaven.home=/home/lizandra/Software/netbeans/java/maven -Dmaven.multiModuleProjectDirectory=/home/lizandra/NetBeansProjects/sistema-nutri 
java_command: org.codehaus.plexus.classworlds.launcher.Launcher -Dmaven.ext.class.path=/home/lizandra/Software/netbeans/java/maven-nblib/netbeans-eventspy.jar clean install
java_class_path (initial): /home/lizandra/Software/netbeans/java/maven/boot/plexus-classworlds-2.5.2.jar
Launcher Type: SUN_STANDARD

[Global flags]
     intx CICompilerCount                          = 2                                         {product} {ergonomic}
     uint ConcGCThreads                            = 1                                         {product} {ergonomic}
     uint G1ConcRefinementThreads                  = 2                                         {product} {ergonomic}
   size_t G1HeapRegionSize                         = 1048576                                   {product} {ergonomic}
    uintx GCDrainStackTargetSize                   = 64                                        {product} {ergonomic}
   size_t InitialHeapSize                          = 31457280                                  {product} {ergonomic}
   size_t MarkStackSize                            = 4194304                                   {product} {ergonomic}
   size_t MaxHeapSize                              = 486539264                                 {product} {ergonomic}
   size_t MaxNewSize                               = 291504128                                 {product} {ergonomic}
   size_t MinHeapDeltaBytes                        = 1048576                                   {product} {ergonomic}
    uintx NonNMethodCodeHeapSize                   = 5824844                                {pd product} {ergonomic}
    uintx NonProfiledCodeHeapSize                  = 122916698                              {pd product} {ergonomic}
    uintx ProfiledCodeHeapSize                     = 122916698                              {pd product} {ergonomic}
    uintx ReservedCodeCacheSize                    = 251658240                              {pd product} {ergonomic}
     bool SegmentedCodeCache                       = true                                      {product} {ergonomic}
     bool UseCompressedClassPointers               = true                                 {lp64_product} {ergonomic}
     bool UseCompressedOops                        = true                                 {lp64_product} {ergonomic}
     bool UseG1GC                                  = true                                      {product} {ergonomic}

Logging:
Log output configuration:
 #0: stdout all=warning uptime,level,tags
 #1: stderr all=off uptime,level,tags

Environment Variables:
JAVA_HOME=/usr/lib/jvm/java-11-openjdk-amd64
PATH=/usr/local/sbin:/usr/local/bin:/usr/sbin:/usr/bin:/sbin:/bin:/usr/games:/usr/local/games
SHELL=/bin/bash
DISPLAY=:0

Signal Handlers:
SIGSEGV: [libjvm.so+0xde5f50], sa_mask[0]=11111111011111111101111111111110, sa_flags=SA_RESTART|SA_SIGINFO
SIGBUS: [libjvm.so+0xde5f50], sa_mask[0]=11111111011111111101111111111110, sa_flags=SA_RESTART|SA_SIGINFO
SIGFPE: [libjvm.so+0xde5f50], sa_mask[0]=11111111011111111101111111111110, sa_flags=SA_RESTART|SA_SIGINFO
SIGPIPE: [libjvm.so+0xbba5b0], sa_mask[0]=11111111011111111101111111111110, sa_flags=SA_RESTART|SA_SIGINFO
SIGXFSZ: [libjvm.so+0xbba5b0], sa_mask[0]=11111111011111111101111111111110, sa_flags=SA_RESTART|SA_SIGINFO
SIGILL: [libjvm.so+0xde5f50], sa_mask[0]=11111111011111111101111111111110, sa_flags=SA_RESTART|SA_SIGINFO
SIGUSR2: [libjvm.so+0xbba450], sa_mask[0]=00100000000000000000000000000000, sa_flags=SA_RESTART|SA_SIGINFO
SIGHUP: [libjvm.so+0xbba7b0], sa_mask[0]=11111111011111111101111111111110, sa_flags=SA_RESTART|SA_SIGINFO
SIGINT: SIG_IGN, sa_mask[0]=00000000000000000000000000000000, sa_flags=none
SIGTERM: [libjvm.so+0xbba7b0], sa_mask[0]=11111111011111111101111111111110, sa_flags=SA_RESTART|SA_SIGINFO
SIGQUIT: [libjvm.so+0xbba7b0], sa_mask[0]=11111111011111111101111111111110, sa_flags=SA_RESTART|SA_SIGINFO


---------------  S Y S T E M  ---------------

OS:DISTRIB_ID=LinuxMint
DISTRIB_RELEASE=19.2
DISTRIB_CODENAME=tina
DISTRIB_DESCRIPTION="Linux Mint 19.2 Tina"
uname:Linux 4.15.0-58-generic #64-Ubuntu SMP Tue Aug 6 11:12:41 UTC 2019 x86_64
libc:glibc 2.27 NPTL 2.27 
rlimit: STACK 8192k, CORE 0k, NPROC 6965, NOFILE 1048576, AS infinity, DATA infinity, FSIZE infinity
load average:10,02 3,80 2,44

/proc/meminfo:
MemTotal:        1897592 kB
MemFree:           72788 kB
MemAvailable:      20664 kB
Buffers:             300 kB
Cached:            88352 kB
SwapCached:         1008 kB
Active:          1247628 kB
Inactive:         423444 kB
Active(anon):    1242372 kB
Inactive(anon):   414156 kB
Active(file):       5256 kB
Inactive(file):     9288 kB
Unevictable:          48 kB
Mlocked:              48 kB
SwapTotal:       1301168 kB
SwapFree:              8 kB
Dirty:               144 kB
Writeback:            52 kB
AnonPages:       1581956 kB
Mapped:            45604 kB
Shmem:             74008 kB
Slab:              67292 kB
SReclaimable:      30472 kB
SUnreclaim:        36820 kB
KernelStack:       11552 kB
PageTables:        40492 kB
NFS_Unstable:          0 kB
Bounce:                0 kB
WritebackTmp:          0 kB
CommitLimit:     2249964 kB
Committed_AS:    5827156 kB
VmallocTotal:   34359738367 kB
VmallocUsed:           0 kB
VmallocChunk:          0 kB
HardwareCorrupted:     0 kB
AnonHugePages:         0 kB
ShmemHugePages:        0 kB
ShmemPmdMapped:        0 kB
CmaTotal:              0 kB
CmaFree:               0 kB
HugePages_Total:       0
HugePages_Free:        0
HugePages_Rsvd:        0
HugePages_Surp:        0
Hugepagesize:       2048 kB
DirectMap4k:      132864 kB
DirectMap2M:     1818624 kB


/proc/sys/kernel/threads-max (system-wide limit on the number of threads):
13930


/proc/sys/vm/max_map_count (maximum number of memory map areas a process may have):
65530


/proc/sys/kernel/pid_max (system-wide limit on number of process identifiers):
32768



container (cgroup) information:
container_type: cgroupv1
cpu_cpuset_cpus: 0-1
cpu_memory_nodes: 0
active_processor_count: 2
cpu_quota: -1
cpu_period: 100000
cpu_shares: -1
memory_limit_in_bytes: -1
memory_and_swap_limit_in_bytes: -2
memory_soft_limit_in_bytes: -1
memory_usage_in_bytes: 1713795072
memory_max_usage_in_bytes: 0

Steal ticks since vm start: 0
Steal ticks percentage since vm start:  0,000

CPU:total 2 (initial active 2) (2 cores per cpu, 1 threads per core) family 6 model 76 stepping 3, cmov, cx8, fxsr, mmx, sse, sse2, sse3, ssse3, sse4.1, sse4.2, popcnt, aes, clmul, erms, 3dnowpref, tsc, tscinvbit
CPU Model and flags from /proc/cpuinfo:
model name	: Intel(R) Celeron(R) CPU  N3050  @ 1.60GHz
flags		: fpu vme de pse tsc msr pae mce cx8 apic sep mtrr pge mca cmov pat pse36 clflush dts acpi mmx fxsr sse sse2 ss ht tm pbe syscall nx rdtscp lm constant_tsc arch_perfmon pebs bts rep_good nopl xtopology tsc_reliable nonstop_tsc cpuid aperfmperf tsc_known_freq pni pclmulqdq dtes64 monitor ds_cpl vmx est tm2 ssse3 cx16 xtpr pdcm sse4_1 sse4_2 movbe popcnt tsc_deadline_timer aes rdrand lahf_lm 3dnowprefetch epb pti ibrs ibpb stibp tpr_shadow vnmi flexpriority ept vpid tsc_adjust smep erms dtherm ida arat md_clear

Memory: 4k page, physical 1897592k(70404k free), swap 1301168k(8k free)

vm_info: OpenJDK 64-Bit Server VM (11.0.4+11-post-Ubuntu-1ubuntu218.04.3) for linux-amd64 JRE (11.0.4+11-post-Ubuntu-1ubuntu218.04.3), built on Jul 18 2019 18:21:46 by "buildd" with gcc 7.4.0

END.
