#
# There is insufficient memory for the Java Runtime Environment to continue.
# Native memory allocation (mmap) failed to map 37748736 bytes for committing reserved memory.
# Possible reasons:
#   The system is out of physical RAM or swap space
#   The process is running with CompressedOops enabled, and the Java Heap may be blocking the growth of the native heap
# Possible solutions:
#   Reduce memory load on the system
#   Increase physical memory or swap space
#   Check if swap backing store is full
#   Decrease Java heap size (-Xmx/-Xms)
#   Decrease number of Java threads
#   Decrease Java thread stack sizes (-Xss)
#   Set larger code cache with -XX:ReservedCodeCacheSize=
#   JVM is running with Unscaled Compressed Oops mode in which the Java heap is
#     placed in the first 4GB address space. The Java Heap base address is the
#     maximum limit for the native heap growth. Please use -XX:HeapBaseMinAddress
#     to set the Java Heap base and to place the Java Heap above 4GB virtual address.
# This output file may be truncated or incomplete.
#
#  Out of Memory Error (os_linux.cpp:2893), pid=6205, tid=6283
#
# JRE version: OpenJDK Runtime Environment (11.0.4+11) (build 11.0.4+11-post-Ubuntu-1ubuntu218.04.3)
# Java VM: OpenJDK 64-Bit Server VM (11.0.4+11-post-Ubuntu-1ubuntu218.04.3, mixed mode, sharing, tiered, compressed oops, g1 gc, linux-amd64)
# Core dump will be written. Default location: Core dumps may be processed with "/lib/systemd/systemd-coredump %P %u %g %s %t 9223372036854775808 %e" (or dumping to /home/lizandra/NetBeansProjects/sistema-nutri/core.6205)
#

---------------  S U M M A R Y ------------

Command Line: -Dclassworlds.conf=/home/lizandra/Software/netbeans/java/maven/bin/m2.conf -Dmaven.home=/home/lizandra/Software/netbeans/java/maven -Dmaven.multiModuleProjectDirectory=/home/lizandra/NetBeansProjects/sistema-nutri org.codehaus.plexus.classworlds.launcher.Launcher -Dmaven.ext.class.path=/home/lizandra/Software/netbeans/java/maven-nblib/netbeans-eventspy.jar clean install

Host: Intel(R) Celeron(R) CPU  N3050  @ 1.60GHz, 2 cores, 1G, Linux Mint 19.2 Tina
Time: Tue Dec  3 15:02:25 2019 -03 elapsed time: 252 seconds (0d 0h 4m 12s)

---------------  T H R E A D  ---------------

Current thread (0x00007fb040085000):  VMThread "VM Thread" [stack: 0x00007fb020f3f000,0x00007fb02103f000] [id=6283]

Stack: [0x00007fb020f3f000,0x00007fb02103f000],  sp=0x00007fb02103cff0,  free space=1015k
Native frames: (J=compiled Java code, A=aot compiled Java code, j=interpreted, Vv=VM code, C=native code)
V  [libjvm.so+0xde4547]
V  [libjvm.so+0xde519b]
V  [libjvm.so+0x6511a5]
V  [libjvm.so+0xbbed38]
V  [libjvm.so+0xbb5ebd]
V  [libjvm.so+0x76f53f]
V  [libjvm.so+0x76f7ae]
V  [libjvm.so+0x77b820]
V  [libjvm.so+0x7f6969]
V  [libjvm.so+0x7f75c2]
V  [libjvm.so+0x7f7a29]
V  [libjvm.so+0x72de6f]
V  [libjvm.so+0x732b6a]
V  [libjvm.so+0xdf01e1]
V  [libjvm.so+0xdeeda8]
V  [libjvm.so+0xdec5e6]
V  [libjvm.so+0xdecaf0]
V  [libjvm.so+0xdecf23]
V  [libjvm.so+0xd7aeea]
V  [libjvm.so+0xbc4a5e]

VM_Operation (0x00007fb048a484d0): G1CollectForAllocation, mode: safepoint, requested by thread 0x00007fb040012000


---------------  P R O C E S S  ---------------

Threads class SMR info:
_java_thread_list=0x00007fb0400ce970, length=9, elements={
0x00007fb040012000, 0x00007fb040088000, 0x00007fb04008a000, 0x00007fb04008f800,
0x00007fb040091800, 0x00007fb040093800, 0x00007fb040095800, 0x00007fb0400c4800,
0x00007fb0400cd000
}

Java Threads: ( => current thread )
  0x00007fb040012000 JavaThread "main" [_thread_blocked, id=6250, stack(0x00007fb04894b000,0x00007fb048a4c000)]
  0x00007fb040088000 JavaThread "Reference Handler" daemon [_thread_blocked, id=6285, stack(0x00007fb020e3c000,0x00007fb020f3d000)]
  0x00007fb04008a000 JavaThread "Finalizer" daemon [_thread_blocked, id=6286, stack(0x00007fb020d3b000,0x00007fb020e3c000)]
  0x00007fb04008f800 JavaThread "Signal Dispatcher" daemon [_thread_blocked, id=6289, stack(0x00007fb02095b000,0x00007fb020a5c000)]
  0x00007fb040091800 JavaThread "C2 CompilerThread0" daemon [_thread_blocked, id=6291, stack(0x00007fb02085a000,0x00007fb02095b000)]
  0x00007fb040093800 JavaThread "C1 CompilerThread0" daemon [_thread_blocked, id=6293, stack(0x00007fb020759000,0x00007fb02085a000)]
  0x00007fb040095800 JavaThread "Sweeper thread" daemon [_thread_blocked, id=6294, stack(0x00007fb020658000,0x00007fb020759000)]
  0x00007fb0400c4800 JavaThread "Service Thread" daemon [_thread_blocked, id=6298, stack(0x00007fb020557000,0x00007fb020658000)]
  0x00007fb0400cd000 JavaThread "Common-Cleaner" daemon [_thread_blocked, id=6300, stack(0x00007fb020354000,0x00007fb020455000)]

Other Threads:
=>0x00007fb040085000 VMThread "VM Thread" [stack: 0x00007fb020f3f000,0x00007fb02103f000] [id=6283]
  0x00007fb0400c7000 WatcherThread [stack: 0x00007fb020457000,0x00007fb020557000] [id=6299]
  0x00007fb040028000 GCTaskThread "GC Thread#0" [stack: 0x00007fb044940000,0x00007fb044a40000] [id=6251]
  0x00007fb010001000 GCTaskThread "GC Thread#1" [stack: 0x00007fb020043000,0x00007fb020143000] [id=6323]
  0x00007fb040037800 ConcurrentGCThread "G1 Main Marker" [stack: 0x00007fb044384000,0x00007fb044484000] [id=6274]
  0x00007fb040039000 ConcurrentGCThread "G1 Conc#0" [stack: 0x00007fb044282000,0x00007fb044382000] [id=6275]
  0x00007fb04005a800 ConcurrentGCThread "G1 Refine#0" [stack: 0x00007fb028116000,0x00007fb028216000] [id=6276]
  0x00007fb018001000 ConcurrentGCThread "G1 Refine#1" [stack: 0x00007fafebce9000,0x00007fafebde9000] [id=6325]
  0x00007fb04005c800 ConcurrentGCThread "G1 Young RemSet Sampling" [stack: 0x00007fb028014000,0x00007fb028114000] [id=6277]

Threads with active compile tasks:
C2 CompilerThread04091 %     4       sun.nio.fs.UnixPath::normalizeAndCheck @ 9 (75 bytes)
C1 CompilerThread04094       3       sun.nio.fs.Util::toString (12 bytes)

VM state:at safepoint (normal execution)

VM Mutex/Monitor currently owned by a thread:  ([mutex/lock_event])
[0x00007fb04000e440] Threads_lock - owner thread: 0x00007fb040085000
[0x00007fb04000eb90] Heap_lock - owner thread: 0x00007fb040012000

Heap address: 0x00000000e3000000, size: 464 MB, Compressed Oops mode: 32-bit
Narrow klass base: 0x0000000800000000, Narrow klass shift: 3
Compressed class space size: 1073741824 Address: 0x0000000840000000

Heap:
 garbage-first heap   total 76800K, used 16920K [0x00000000e3000000, 0x0000000100000000)
  region size 1024K, 1 young (1024K), 1 survivors (1024K)
 Metaspace       used 17977K, capacity 19278K, committed 19584K, reserved 1067008K
  class space    used 2081K, capacity 2347K, committed 2432K, reserved 1048576K
Heap Regions: E=young(eden), S=young(survivor), O=old, HS=humongous(starts), HC=humongous(continues), CS=collection set, F=free, A=archive, TAMS=top-at-mark-start (previous, next)
|   0|0x00000000e3000000, 0x00000000e3100000, 0x00000000e3100000|100%| O|  |TAMS 0x00000000e3100000, 0x00000000e3000000| Untracked 
|   1|0x00000000e3100000, 0x00000000e3200000, 0x00000000e3200000|100%| O|  |TAMS 0x00000000e3200000, 0x00000000e3100000| Untracked 
|   2|0x00000000e3200000, 0x00000000e3300000, 0x00000000e3300000|100%| O|  |TAMS 0x00000000e3300000, 0x00000000e3200000| Untracked 
|   3|0x00000000e3300000, 0x00000000e3400000, 0x00000000e3400000|100%| O|  |TAMS 0x00000000e3400000, 0x00000000e3300000| Untracked 
|   4|0x00000000e3400000, 0x00000000e3500000, 0x00000000e3500000|100%| O|  |TAMS 0x00000000e3500000, 0x00000000e3400000| Untracked 
|   5|0x00000000e3500000, 0x00000000e3600000, 0x00000000e3600000|100%| O|  |TAMS 0x00000000e3600000, 0x00000000e3500000| Untracked 
|   6|0x00000000e3600000, 0x00000000e3700000, 0x00000000e3700000|100%| O|  |TAMS 0x00000000e3700000, 0x00000000e3600000| Untracked 
|   7|0x00000000e3700000, 0x00000000e3800000, 0x00000000e3800000|100%| O|  |TAMS 0x00000000e3800000, 0x00000000e3700000| Untracked 
|   8|0x00000000e3800000, 0x00000000e3900000, 0x00000000e3900000|100%| O|  |TAMS 0x00000000e3900000, 0x00000000e3800000| Untracked 
|   9|0x00000000e3900000, 0x00000000e3a00000, 0x00000000e3a00000|100%| O|  |TAMS 0x00000000e3a00000, 0x00000000e3900000| Untracked 
|  10|0x00000000e3a00000, 0x00000000e3b00000, 0x00000000e3b00000|100%| O|  |TAMS 0x00000000e3b00000, 0x00000000e3a00000| Untracked 
|  11|0x00000000e3b00000, 0x00000000e3c00000, 0x00000000e3c00000|100%| O|  |TAMS 0x00000000e3c00000, 0x00000000e3b00000| Untracked 
|  12|0x00000000e3c00000, 0x00000000e3d00000, 0x00000000e3d00000|100%| O|  |TAMS 0x00000000e3d00000, 0x00000000e3c00000| Untracked 
|  13|0x00000000e3d00000, 0x00000000e3e00000, 0x00000000e3e00000|100%| O|  |TAMS 0x00000000e3e00000, 0x00000000e3d00000| Untracked 
|  14|0x00000000e3e00000, 0x00000000e3ee8000, 0x00000000e3f00000| 90%| O|  |TAMS 0x00000000e3ed4000, 0x00000000e3e00000| Untracked 
|  15|0x00000000e3f00000, 0x00000000e3f00000, 0x00000000e4000000|  0%| F|  |TAMS 0x00000000e3f00000, 0x00000000e3f00000| Untracked 
|  16|0x00000000e4000000, 0x00000000e4000000, 0x00000000e4100000|  0%| F|  |TAMS 0x00000000e4000000, 0x00000000e4000000| Untracked 
|  17|0x00000000e4100000, 0x00000000e4100000, 0x00000000e4200000|  0%| F|  |TAMS 0x00000000e4100000, 0x00000000e4100000| Untracked 
|  18|0x00000000e4200000, 0x00000000e4200000, 0x00000000e4300000|  0%| F|  |TAMS 0x00000000e4200000, 0x00000000e4200000| Untracked 
|  19|0x00000000e4300000, 0x00000000e4300000, 0x00000000e4400000|  0%| F|  |TAMS 0x00000000e4300000, 0x00000000e4300000| Untracked 
|  20|0x00000000e4400000, 0x00000000e4400000, 0x00000000e4500000|  0%| F|  |TAMS 0x00000000e4400000, 0x00000000e4400000| Untracked 
|  21|0x00000000e4500000, 0x00000000e4500000, 0x00000000e4600000|  0%| F|  |TAMS 0x00000000e4500000, 0x00000000e4500000| Untracked 
|  22|0x00000000e4600000, 0x00000000e4600000, 0x00000000e4700000|  0%| F|  |TAMS 0x00000000e4600000, 0x00000000e4600000| Untracked 
|  23|0x00000000e4700000, 0x00000000e4700000, 0x00000000e4800000|  0%| F|  |TAMS 0x00000000e4700000, 0x00000000e4700000| Untracked 
|  24|0x00000000e4800000, 0x00000000e4800000, 0x00000000e4900000|  0%| F|  |TAMS 0x00000000e4800000, 0x00000000e4800000| Untracked 
|  25|0x00000000e4900000, 0x00000000e4900000, 0x00000000e4a00000|  0%| F|  |TAMS 0x00000000e4900000, 0x00000000e4900000| Untracked 
|  26|0x00000000e4a00000, 0x00000000e4a00000, 0x00000000e4b00000|  0%| F|  |TAMS 0x00000000e4a00000, 0x00000000e4a00000| Untracked 
|  27|0x00000000e4b00000, 0x00000000e4b00000, 0x00000000e4c00000|  0%| F|  |TAMS 0x00000000e4b00000, 0x00000000e4b00000| Untracked 
|  28|0x00000000e4c00000, 0x00000000e4c00000, 0x00000000e4d00000|  0%| F|  |TAMS 0x00000000e4c00000, 0x00000000e4c00000| Untracked 
|  29|0x00000000e4d00000, 0x00000000e4d00000, 0x00000000e4e00000|  0%| F|  |TAMS 0x00000000e4d00000, 0x00000000e4d00000| Untracked 
|  30|0x00000000e4e00000, 0x00000000e4e00000, 0x00000000e4f00000|  0%| F|  |TAMS 0x00000000e4e00000, 0x00000000e4e00000| Untracked 
|  31|0x00000000e4f00000, 0x00000000e4f00000, 0x00000000e5000000|  0%| F|  |TAMS 0x00000000e4f00000, 0x00000000e4f00000| Untracked 
|  32|0x00000000e5000000, 0x00000000e5000000, 0x00000000e5100000|  0%| F|  |TAMS 0x00000000e5000000, 0x00000000e5000000| Untracked 
|  33|0x00000000e5100000, 0x00000000e5100000, 0x00000000e5200000|  0%| F|  |TAMS 0x00000000e5100000, 0x00000000e5100000| Untracked 
|  34|0x00000000e5200000, 0x00000000e5300000, 0x00000000e5300000|100%| S|CS|TAMS 0x00000000e5200000, 0x00000000e5200000| Complete 
|  35|0x00000000e5300000, 0x00000000e5300000, 0x00000000e5400000|  0%| F|  |TAMS 0x00000000e5300000, 0x00000000e5300000| Untracked 
|  36|0x00000000e5400000, 0x00000000e5400000, 0x00000000e5500000|  0%| F|  |TAMS 0x00000000e5400000, 0x00000000e5400000| Untracked 
| 462|0x00000000ffe00000, 0x00000000ffe34000, 0x00000000fff00000| 20%|OA|  |TAMS 0x00000000ffe34000, 0x00000000ffe00000| Untracked 
| 463|0x00000000fff00000, 0x00000000fff6a000, 0x0000000100000000| 41%|CA|  |TAMS 0x00000000fff6a000, 0x00000000fff00000| Untracked 

Card table byte_map: [0x00007fb04456c000,0x00007fb044654000] _byte_map_base: 0x00007fb043e54000

Marking Bits (Prev, Next): (CMBitMap*) 0x00007fb040034ac0, (CMBitMap*) 0x00007fb040034a88
 Prev Bits: [0x00007fb0238c0000, 0x00007fb024000000)
 Next Bits: [0x00007fb028216000, 0x00007fb028956000)

Polling page: 0x00007fb048a63000

Metaspace:

Usage:
  Non-class:     16,53 MB capacity,    15,52 MB ( 94%) used,  1009,17 KB (  6%) free+waste,    25,62 KB ( <1%) overhead. 
      Class:      2,29 MB capacity,     2,03 MB ( 89%) used,   253,75 KB ( 11%) free+waste,    11,81 KB ( <1%) overhead. 
       Both:     18,83 MB capacity,    17,56 MB ( 93%) used,     1,23 MB (  7%) free+waste,    37,44 KB ( <1%) overhead. 

Virtual space:
  Non-class space:       18,00 MB reserved,      16,75 MB ( 93%) committed 
      Class space:        1,00 GB reserved,       2,38 MB ( <1%) committed 
             Both:        1,02 GB reserved,      19,12 MB (  2%) committed 

Chunk freelists:
   Non-Class:  65,00 KB
       Class:  21,00 KB
        Both:  86,00 KB

CodeHeap 'non-profiled nmethods': size=120036Kb used=1535Kb max_used=1535Kb free=118501Kb
 bounds [0x00007fb03041d000, 0x00007fb03068d000, 0x00007fb037956000]
CodeHeap 'profiled nmethods': size=120032Kb used=8190Kb max_used=8190Kb free=111841Kb
 bounds [0x00007fb028ee5000, 0x00007fb0296f5000, 0x00007fb03041d000]
CodeHeap 'non-nmethods': size=5692Kb used=1097Kb max_used=1131Kb free=4594Kb
 bounds [0x00007fb028956000, 0x00007fb028bc6000, 0x00007fb028ee5000]
 total_blobs=4937 nmethods=3829 adapters=329
 compilation: enabled
              stopped_count=0, restarted_count=0
 full_count=0

Compilation events (10 events):
Event: 232,770 Thread 0x00007fb040093800 nmethod 4086 0x00007fb0296e3590 code [0x00007fb0296e3780, 0x00007fb0296e3eb8]
Event: 234,317 Thread 0x00007fb040093800 4090       3       java.util.zip.ZipFile$Source::isMetaName (141 bytes)
Event: 234,453 Thread 0x00007fb040093800 nmethod 4090 0x00007fb0296e4090 code [0x00007fb0296e4260, 0x00007fb0296e47b0]
Event: 239,809 Thread 0x00007fb040093800 4093       3       sun.nio.fs.UnixPath::toString (30 bytes)
Event: 240,832 Thread 0x00007fb040093800 nmethod 4093 0x00007fb0296e4990 code [0x00007fb0296e4b80, 0x00007fb0296e5048]
Event: 243,627 Thread 0x00007fb040091800 nmethod 4088% 0x00007fb030595b10 code [0x00007fb030595f80, 0x00007fb03059a510]
Event: 243,627 Thread 0x00007fb040093800 4095       3       java.lang.String::<init> (10 bytes)
Event: 243,641 Thread 0x00007fb040091800 4091 %     4       sun.nio.fs.UnixPath::normalizeAndCheck @ 9 (75 bytes)
Event: 245,910 Thread 0x00007fb040093800 nmethod 4095 0x00007fb0296e5210 code [0x00007fb0296e53c0, 0x00007fb0296e5588]
Event: 246,117 Thread 0x00007fb040093800 4094       3       sun.nio.fs.Util::toString (12 bytes)

GC Heap History (10 events):
Event: 221,924 GC heap after
{Heap after GC invocations=28 (full 0):
 garbage-first heap   total 39936K, used 17602K [0x00000000e3000000, 0x0000000100000000)
  region size 1024K, 1 young (1024K), 1 survivors (1024K)
 Metaspace       used 17955K, capacity 19278K, committed 19584K, reserved 1067008K
  class space    used 2079K, capacity 2347K, committed 2432K, reserved 1048576K
}
Event: 222,013 GC heap before
{Heap before GC invocations=29 (full 0):
 garbage-first heap   total 39936K, used 27842K [0x00000000e3000000, 0x0000000100000000)
  region size 1024K, 12 young (12288K), 1 survivors (1024K)
 Metaspace       used 17955K, capacity 19278K, committed 19584K, reserved 1067008K
  class space    used 2079K, capacity 2347K, committed 2432K, reserved 1048576K
}
Event: 222,033 GC heap after
{Heap after GC invocations=30 (full 0):
 garbage-first heap   total 39936K, used 17577K [0x00000000e3000000, 0x0000000100000000)
  region size 1024K, 1 young (1024K), 1 survivors (1024K)
 Metaspace       used 17955K, capacity 19278K, committed 19584K, reserved 1067008K
  class space    used 2079K, capacity 2347K, committed 2432K, reserved 1048576K
}
Event: 222,058 GC heap before
{Heap before GC invocations=30 (full 0):
 garbage-first heap   total 39936K, used 27817K [0x00000000e3000000, 0x0000000100000000)
  region size 1024K, 12 young (12288K), 1 survivors (1024K)
 Metaspace       used 17955K, capacity 19278K, committed 19584K, reserved 1067008K
  class space    used 2079K, capacity 2347K, committed 2432K, reserved 1048576K
}
Event: 222,083 GC heap after
{Heap after GC invocations=31 (full 0):
 garbage-first heap   total 39936K, used 17620K [0x00000000e3000000, 0x0000000100000000)
  region size 1024K, 1 young (1024K), 1 survivors (1024K)
 Metaspace       used 17955K, capacity 19278K, committed 19584K, reserved 1067008K
  class space    used 2079K, capacity 2347K, committed 2432K, reserved 1048576K
}
Event: 232,793 GC heap before
{Heap before GC invocations=32 (full 0):
 garbage-first heap   total 39936K, used 27860K [0x00000000e3000000, 0x0000000100000000)
  region size 1024K, 12 young (12288K), 1 survivors (1024K)
 Metaspace       used 17977K, capacity 19278K, committed 19584K, reserved 1067008K
  class space    used 2081K, capacity 2347K, committed 2432K, reserved 1048576K
}
Event: 233,546 GC heap after
{Heap after GC invocations=33 (full 0):
 garbage-first heap   total 39936K, used 16369K [0x00000000e3000000, 0x0000000100000000)
  region size 1024K, 1 young (1024K), 1 survivors (1024K)
 Metaspace       used 17977K, capacity 19278K, committed 19584K, reserved 1067008K
  class space    used 2081K, capacity 2347K, committed 2432K, reserved 1048576K
}
Event: 239,947 GC heap before
{Heap before GC invocations=33 (full 0):
 garbage-first heap   total 39936K, used 16369K [0x00000000e3000000, 0x0000000100000000)
  region size 1024K, 2 young (2048K), 1 survivors (1024K)
 Metaspace       used 17977K, capacity 19278K, committed 19584K, reserved 1067008K
  class space    used 2081K, capacity 2347K, committed 2432K, reserved 1048576K
}
Event: 240,609 GC heap after
{Heap after GC invocations=34 (full 0):
 garbage-first heap   total 39936K, used 16365K [0x00000000e3000000, 0x0000000100000000)
  region size 1024K, 1 young (1024K), 1 survivors (1024K)
 Metaspace       used 17977K, capacity 19278K, committed 19584K, reserved 1067008K
  class space    used 2081K, capacity 2347K, committed 2432K, reserved 1048576K
}
Event: 248,834 GC heap before
{Heap before GC invocations=34 (full 0):
 garbage-first heap   total 39936K, used 16365K [0x00000000e3000000, 0x0000000100000000)
  region size 1024K, 2 young (2048K), 1 survivors (1024K)
 Metaspace       used 17977K, capacity 19278K, committed 19584K, reserved 1067008K
  class space    used 2081K, capacity 2347K, committed 2432K, reserved 1048576K
}

Deoptimization events (10 events):
Event: 231,294 Thread 0x00007fb040012000 DEOPT PACKING pc=0x00007fb0290f6598 sp=0x00007fb048a48bb0
Event: 231,294 Thread 0x00007fb040012000 DEOPT UNPACKING pc=0x00007fb02897dc2b sp=0x00007fb048a48070 mode 0
Event: 231,683 Thread 0x00007fb040012000 DEOPT PACKING pc=0x00007fb0296d95f8 sp=0x00007fb048a486a0
Event: 231,683 Thread 0x00007fb040012000 DEOPT UNPACKING pc=0x00007fb02897dc2b sp=0x00007fb048a47b50 mode 0
Event: 233,708 Thread 0x00007fb040012000 Uncommon trap: trap_request=0xffffff4d fr.pc=0x00007fb030592d70 relative=0x00000000000001b0
Event: 233,715 Thread 0x00007fb040012000 Uncommon trap: reason=unstable_if action=reinterpret pc=0x00007fb030592d70 method=java.util.zip.ZipFile$Source.isMetaName([BII)Z @ 82 c2
Event: 233,728 Thread 0x00007fb040012000 DEOPT PACKING pc=0x00007fb030592d70 sp=0x00007fb048a48440
Event: 234,313 Thread 0x00007fb040012000 DEOPT UNPACKING pc=0x00007fb02897de1f sp=0x00007fb048a483f0 mode 2
Event: 234,536 Thread 0x00007fb040012000 DEOPT PACKING pc=0x00007fb0296d95f8 sp=0x00007fb048a486a0
Event: 234,536 Thread 0x00007fb040012000 DEOPT UNPACKING pc=0x00007fb02897dc2b sp=0x00007fb048a47b50 mode 0

Classes redefined (0 events):
No events

Internal exceptions (10 events):
Event: 159,035 Thread 0x00007fb040012000 Implicit null exception at 0x00007fb0304b301d to 0x00007fb0304b3106
Event: 164,384 Thread 0x00007fb040012000 Implicit null exception at 0x00007fb03048f705 to 0x00007fb03048f8e2
Event: 205,078 Thread 0x00007fb040012000 Exception <a 'java/lang/NoClassDefFoundError'{0x00000000e4a17b20}: org/sonatype/aether/graph/DependencyNode> (0x00000000e4a17b20) thrown at [/build/openjdk-lts-7bqZff/openjdk-lts-11.0.4+11/src/hotspot/share/classfile/systemDictionary.cpp, line 220]
Event: 205,197 Thread 0x00007fb040012000 Exception <a 'java/lang/NoClassDefFoundError'{0x00000000e4a47ea8}: org/codehaus/plexus/util/interpolation/ValueSource> (0x00000000e4a47ea8) thrown at [/build/openjdk-lts-7bqZff/openjdk-lts-11.0.4+11/src/hotspot/share/classfile/systemDictionary.cpp, line 2
Event: 223,769 Thread 0x00007fb040012000 Exception <a 'sun/nio/fs/UnixException'{0x00000000e4d9b8c8}> (0x00000000e4d9b8c8) thrown at [/build/openjdk-lts-7bqZff/openjdk-lts-11.0.4+11/src/hotspot/share/prims/jni.cpp, line 615]
Event: 223,898 Thread 0x00007fb040012000 Exception <a 'sun/nio/fs/UnixException'{0x00000000e4d9c150}> (0x00000000e4d9c150) thrown at [/build/openjdk-lts-7bqZff/openjdk-lts-11.0.4+11/src/hotspot/share/prims/jni.cpp, line 615]
Event: 223,898 Thread 0x00007fb040012000 Exception <a 'sun/nio/fs/UnixException'{0x00000000e4d9c8b0}> (0x00000000e4d9c8b0) thrown at [/build/openjdk-lts-7bqZff/openjdk-lts-11.0.4+11/src/hotspot/share/prims/jni.cpp, line 615]
Event: 223,900 Thread 0x00007fb040012000 Exception <a 'sun/nio/fs/UnixException'{0x00000000e4d9d020}> (0x00000000e4d9d020) thrown at [/build/openjdk-lts-7bqZff/openjdk-lts-11.0.4+11/src/hotspot/share/prims/jni.cpp, line 615]
Event: 223,901 Thread 0x00007fb040012000 Exception <a 'sun/nio/fs/UnixException'{0x00000000e4d9d780}> (0x00000000e4d9d780) thrown at [/build/openjdk-lts-7bqZff/openjdk-lts-11.0.4+11/src/hotspot/share/prims/jni.cpp, line 615]
Event: 223,901 Thread 0x00007fb040012000 Exception <a 'sun/nio/fs/UnixException'{0x00000000e4d9dee8}> (0x00000000e4d9dee8) thrown at [/build/openjdk-lts-7bqZff/openjdk-lts-11.0.4+11/src/hotspot/share/prims/jni.cpp, line 615]

Events (10 events):
Event: 223,897 loading class java/nio/file/NoSuchFileException done
Event: 224,452 Executing VM operation: CGC_Operation
Event: 225,939 Executing VM operation: CGC_Operation done
Event: 226,030 Executing VM operation: CGC_Operation
Event: 226,040 Executing VM operation: CGC_Operation done
Event: 232,783 Executing VM operation: G1CollectForAllocation
Event: 233,578 Executing VM operation: G1CollectForAllocation done
Event: 239,832 Executing VM operation: G1CollectForAllocation
Event: 240,613 Executing VM operation: G1CollectForAllocation done
Event: 247,899 Executing VM operation: G1CollectForAllocation


Dynamic libraries:
e3000000-e5500000 rw-p 00000000 00:00 0 
e7900000-ffe00000 ---p 00000000 00:00 0 
ffe00000-ffe34000 rw-p 01116000 b3:06 1437553                            /usr/lib/jvm/java-11-openjdk-amd64/lib/server/classes.jsa
ffe34000-fff00000 rw-p 00000000 00:00 0 
fff00000-fff6a000 rw-p 010ac000 b3:06 1437553                            /usr/lib/jvm/java-11-openjdk-amd64/lib/server/classes.jsa
fff6a000-100000000 rw-p 00000000 00:00 0 
800000000-800002000 rwxp 00001000 b3:06 1437553                          /usr/lib/jvm/java-11-openjdk-amd64/lib/server/classes.jsa
800002000-8003bd000 rw-p 00003000 b3:06 1437553                          /usr/lib/jvm/java-11-openjdk-amd64/lib/server/classes.jsa
8003bd000-800a98000 r--p 003be000 b3:06 1437553                          /usr/lib/jvm/java-11-openjdk-amd64/lib/server/classes.jsa
800a98000-800a99000 rw-p 00a99000 b3:06 1437553                          /usr/lib/jvm/java-11-openjdk-amd64/lib/server/classes.jsa
800a99000-8010ab000 r--p 00a9a000 b3:06 1437553                          /usr/lib/jvm/java-11-openjdk-amd64/lib/server/classes.jsa
840000000-840260000 rw-p 00000000 00:00 0 
840260000-880000000 ---p 00000000 00:00 0 
55eb45fdd000-55eb45fde000 r-xp 00000000 b3:06 1441529                    /usr/lib/jvm/java-11-openjdk-amd64/bin/java
55eb461de000-55eb461df000 r--p 00001000 b3:06 1441529                    /usr/lib/jvm/java-11-openjdk-amd64/bin/java
55eb461df000-55eb461e0000 rw-p 00002000 b3:06 1441529                    /usr/lib/jvm/java-11-openjdk-amd64/bin/java
55eb47b58000-55eb47b79000 rw-p 00000000 00:00 0                          [heap]
7fafeb2e7000-7fafeb3a7000 rw-p 00000000 00:00 0 
7fafeb3a7000-7fafeb4e7000 ---p 00000000 00:00 0 
7fafeb4e7000-7fafeb6e7000 rw-p 00000000 00:00 0 
7fafeb6e7000-7fafeb8e7000 rw-p 00000000 00:00 0 
7fafeb8e7000-7fafebae7000 rw-p 00000000 00:00 0 
7fafebae7000-7fafebce7000 rw-p 00000000 00:00 0 
7fafebce7000-7fafebce8000 ---p 00000000 00:00 0 
7fafebce8000-7fafebde9000 rw-p 00000000 00:00 0 
7fafebde9000-7fafebdff000 r-xp 00000000 b3:06 1441803                    /usr/lib/jvm/java-11-openjdk-amd64/lib/libnet.so
7fafebdff000-7fafebffe000 ---p 00016000 b3:06 1441803                    /usr/lib/jvm/java-11-openjdk-amd64/lib/libnet.so
7fafebffe000-7fafebfff000 r--p 00015000 b3:06 1441803                    /usr/lib/jvm/java-11-openjdk-amd64/lib/libnet.so
7fafebfff000-7fafec000000 rw-p 00016000 b3:06 1441803                    /usr/lib/jvm/java-11-openjdk-amd64/lib/libnet.so
7fafec000000-7fafec021000 rw-p 00000000 00:00 0 
7fafec021000-7faff0000000 ---p 00000000 00:00 0 
7faff0000000-7faff0021000 rw-p 00000000 00:00 0 
7faff0021000-7faff4000000 ---p 00000000 00:00 0 
7faff4000000-7faff4859000 rw-p 00000000 00:00 0 
7faff4859000-7faff8000000 ---p 00000000 00:00 0 
7faff8000000-7faff8021000 rw-p 00000000 00:00 0 
7faff8021000-7faffc000000 ---p 00000000 00:00 0 
7faffc000000-7faffc021000 rw-p 00000000 00:00 0 
7faffc021000-7fb000000000 ---p 00000000 00:00 0 
7fb000000000-7fb000ff1000 rw-p 00000000 00:00 0 
7fb000ff1000-7fb004000000 ---p 00000000 00:00 0 
7fb004000000-7fb004021000 rw-p 00000000 00:00 0 
7fb004021000-7fb008000000 ---p 00000000 00:00 0 
7fb008000000-7fb008021000 rw-p 00000000 00:00 0 
7fb008021000-7fb00c000000 ---p 00000000 00:00 0 
7fb00c000000-7fb00c021000 rw-p 00000000 00:00 0 
7fb00c021000-7fb010000000 ---p 00000000 00:00 0 
7fb010000000-7fb010044000 rw-p 00000000 00:00 0 
7fb010044000-7fb014000000 ---p 00000000 00:00 0 
7fb014000000-7fb014021000 rw-p 00000000 00:00 0 
7fb014021000-7fb018000000 ---p 00000000 00:00 0 
7fb018000000-7fb018021000 rw-p 00000000 00:00 0 
7fb018021000-7fb01c000000 ---p 00000000 00:00 0 
7fb01c000000-7fb01c021000 rw-p 00000000 00:00 0 
7fb01c021000-7fb020000000 ---p 00000000 00:00 0 
7fb020041000-7fb020042000 ---p 00000000 00:00 0 
7fb020042000-7fb020143000 rw-p 00000000 00:00 0 
7fb020143000-7fb020153000 r-xp 00000000 b3:06 1441805                    /usr/lib/jvm/java-11-openjdk-amd64/lib/libnio.so
7fb020153000-7fb020352000 ---p 00010000 b3:06 1441805                    /usr/lib/jvm/java-11-openjdk-amd64/lib/libnio.so
7fb020352000-7fb020353000 r--p 0000f000 b3:06 1441805                    /usr/lib/jvm/java-11-openjdk-amd64/lib/libnio.so
7fb020353000-7fb020354000 rw-p 00010000 b3:06 1441805                    /usr/lib/jvm/java-11-openjdk-amd64/lib/libnio.so
7fb020354000-7fb020358000 ---p 00000000 00:00 0 
7fb020358000-7fb020455000 rw-p 00000000 00:00 0 
7fb020455000-7fb020456000 ---p 00000000 00:00 0 
7fb020456000-7fb020557000 rw-p 00000000 00:00 0 
7fb020557000-7fb02055b000 ---p 00000000 00:00 0 
7fb02055b000-7fb020658000 rw-p 00000000 00:00 0 
7fb020658000-7fb02065c000 ---p 00000000 00:00 0 
7fb02065c000-7fb020759000 rw-p 00000000 00:00 0 
7fb020759000-7fb02075d000 ---p 00000000 00:00 0 
7fb02075d000-7fb02085a000 rw-p 00000000 00:00 0 
7fb02085a000-7fb02085e000 ---p 00000000 00:00 0 
7fb02085e000-7fb02095b000 rw-p 00000000 00:00 0 
7fb02095b000-7fb02095f000 ---p 00000000 00:00 0 
7fb02095f000-7fb020a5c000 rw-p 00000000 00:00 0 
7fb020a5c000-7fb020d3b000 r--p 00000000 b3:06 1443645                    /usr/lib/locale/locale-archive
7fb020d3b000-7fb020d3f000 ---p 00000000 00:00 0 
7fb020d3f000-7fb020e3c000 rw-p 00000000 00:00 0 
7fb020e3c000-7fb020e40000 ---p 00000000 00:00 0 
7fb020e40000-7fb020f3d000 rw-p 00000000 00:00 0 
7fb020f3d000-7fb020f3e000 ---p 00000000 00:00 0 
7fb020f3e000-7fb023954000 rw-p 00000000 00:00 0 
7fb023954000-7fb023ff8000 ---p 00000000 00:00 0 
7fb023ff8000-7fb024000000 rw-p 00000000 00:00 0 
7fb024000000-7fb02402c000 rw-p 00000000 00:00 0 
7fb02402c000-7fb028000000 ---p 00000000 00:00 0 
7fb028012000-7fb028013000 ---p 00000000 00:00 0 
7fb028013000-7fb028114000 rw-p 00000000 00:00 0 
7fb028114000-7fb028115000 ---p 00000000 00:00 0 
7fb028115000-7fb0282aa000 rw-p 00000000 00:00 0 
7fb0282aa000-7fb02894e000 ---p 00000000 00:00 0 
7fb02894e000-7fb028956000 rw-p 00000000 00:00 0 
7fb028956000-7fb028bc6000 rwxp 00000000 00:00 0 
7fb028bc6000-7fb028ee5000 ---p 00000000 00:00 0 
7fb028ee5000-7fb0296f5000 rwxp 00000000 00:00 0 
7fb0296f5000-7fb03041d000 ---p 00000000 00:00 0 
7fb03041d000-7fb03068d000 rwxp 00000000 00:00 0 
7fb03068d000-7fb037956000 ---p 00000000 00:00 0 
7fb037956000-7fb040000000 r--s 00000000 b3:06 1441815                    /usr/lib/jvm/java-11-openjdk-amd64/lib/modules
7fb040000000-7fb040fb8000 rw-p 00000000 00:00 0 
7fb040fb8000-7fb044000000 ---p 00000000 00:00 0 
7fb04404d000-7fb044280000 rw-p 00000000 00:00 0 
7fb044280000-7fb044281000 ---p 00000000 00:00 0 
7fb044281000-7fb044382000 rw-p 00000000 00:00 0 
7fb044382000-7fb044383000 ---p 00000000 00:00 0 
7fb044383000-7fb044497000 rw-p 00000000 00:00 0 
7fb044497000-7fb04456b000 ---p 00000000 00:00 0 
7fb04456b000-7fb04457f000 rw-p 00000000 00:00 0 
7fb04457f000-7fb044653000 ---p 00000000 00:00 0 
7fb044653000-7fb044667000 rw-p 00000000 00:00 0 
7fb044667000-7fb04473b000 ---p 00000000 00:00 0 
7fb04473b000-7fb04493e000 rw-p 00000000 00:00 0 
7fb04493e000-7fb04493f000 ---p 00000000 00:00 0 
7fb04493f000-7fb044a45000 rw-p 00000000 00:00 0 
7fb044a45000-7fb044b2b000 ---p 00000000 00:00 0 
7fb044b2b000-7fb044b3c000 rw-p 00000000 00:00 0 
7fb044b3c000-7fb044c16000 ---p 00000000 00:00 0 
7fb044c16000-7fb044c1b000 r-xp 00000000 b3:06 1441785                    /usr/lib/jvm/java-11-openjdk-amd64/lib/libjimage.so
7fb044c1b000-7fb044e1a000 ---p 00005000 b3:06 1441785                    /usr/lib/jvm/java-11-openjdk-amd64/lib/libjimage.so
7fb044e1a000-7fb044e1b000 r--p 00004000 b3:06 1441785                    /usr/lib/jvm/java-11-openjdk-amd64/lib/libjimage.so
7fb044e1b000-7fb044e1c000 rw-p 00005000 b3:06 1441785                    /usr/lib/jvm/java-11-openjdk-amd64/lib/libjimage.so
7fb044e1c000-7fb044e23000 r-xp 00000000 b3:06 1441814                    /usr/lib/jvm/java-11-openjdk-amd64/lib/libzip.so
7fb044e23000-7fb045022000 ---p 00007000 b3:06 1441814                    /usr/lib/jvm/java-11-openjdk-amd64/lib/libzip.so
7fb045022000-7fb045023000 r--p 00006000 b3:06 1441814                    /usr/lib/jvm/java-11-openjdk-amd64/lib/libzip.so
7fb045023000-7fb045024000 rw-p 00007000 b3:06 1441814                    /usr/lib/jvm/java-11-openjdk-amd64/lib/libzip.so
7fb045024000-7fb04502f000 r-xp 00000000 b3:06 1050651                    /lib/x86_64-linux-gnu/libnss_files-2.27.so
7fb04502f000-7fb04522e000 ---p 0000b000 b3:06 1050651                    /lib/x86_64-linux-gnu/libnss_files-2.27.so
7fb04522e000-7fb04522f000 r--p 0000a000 b3:06 1050651                    /lib/x86_64-linux-gnu/libnss_files-2.27.so
7fb04522f000-7fb045230000 rw-p 0000b000 b3:06 1050651                    /lib/x86_64-linux-gnu/libnss_files-2.27.so
7fb045230000-7fb045236000 rw-p 00000000 00:00 0 
7fb045236000-7fb04524d000 r-xp 00000000 b3:06 1050645                    /lib/x86_64-linux-gnu/libnsl-2.27.so
7fb04524d000-7fb04544c000 ---p 00017000 b3:06 1050645                    /lib/x86_64-linux-gnu/libnsl-2.27.so
7fb04544c000-7fb04544d000 r--p 00016000 b3:06 1050645                    /lib/x86_64-linux-gnu/libnsl-2.27.so
7fb04544d000-7fb04544e000 rw-p 00017000 b3:06 1050645                    /lib/x86_64-linux-gnu/libnsl-2.27.so
7fb04544e000-7fb045450000 rw-p 00000000 00:00 0 
7fb045450000-7fb04545b000 r-xp 00000000 b3:06 1050662                    /lib/x86_64-linux-gnu/libnss_nis-2.27.so
7fb04545b000-7fb04565a000 ---p 0000b000 b3:06 1050662                    /lib/x86_64-linux-gnu/libnss_nis-2.27.so
7fb04565a000-7fb04565b000 r--p 0000a000 b3:06 1050662                    /lib/x86_64-linux-gnu/libnss_nis-2.27.so
7fb04565b000-7fb04565c000 rw-p 0000b000 b3:06 1050662                    /lib/x86_64-linux-gnu/libnss_nis-2.27.so
7fb04565c000-7fb045664000 r-xp 00000000 b3:06 1050647                    /lib/x86_64-linux-gnu/libnss_compat-2.27.so
7fb045664000-7fb045864000 ---p 00008000 b3:06 1050647                    /lib/x86_64-linux-gnu/libnss_compat-2.27.so
7fb045864000-7fb045865000 r--p 00008000 b3:06 1050647                    /lib/x86_64-linux-gnu/libnss_compat-2.27.so
7fb045865000-7fb045866000 rw-p 00009000 b3:06 1050647                    /lib/x86_64-linux-gnu/libnss_compat-2.27.so
7fb045866000-7fb04588f000 r-xp 00000000 b3:06 1441777                    /usr/lib/jvm/java-11-openjdk-amd64/lib/libjava.so
7fb04588f000-7fb045a8e000 ---p 00029000 b3:06 1441777                    /usr/lib/jvm/java-11-openjdk-amd64/lib/libjava.so
7fb045a8e000-7fb045a8f000 r--p 00028000 b3:06 1441777                    /usr/lib/jvm/java-11-openjdk-amd64/lib/libjava.so
7fb045a8f000-7fb045a91000 rw-p 00029000 b3:06 1441777                    /usr/lib/jvm/java-11-openjdk-amd64/lib/libjava.so
7fb045a91000-7fb045a9e000 r-xp 00000000 b3:06 1441812                    /usr/lib/jvm/java-11-openjdk-amd64/lib/libverify.so
7fb045a9e000-7fb045c9d000 ---p 0000d000 b3:06 1441812                    /usr/lib/jvm/java-11-openjdk-amd64/lib/libverify.so
7fb045c9d000-7fb045c9f000 r--p 0000c000 b3:06 1441812                    /usr/lib/jvm/java-11-openjdk-amd64/lib/libverify.so
7fb045c9f000-7fb045ca0000 rw-p 0000e000 b3:06 1441812                    /usr/lib/jvm/java-11-openjdk-amd64/lib/libverify.so
7fb045ca0000-7fb045ca7000 r-xp 00000000 b3:06 1050702                    /lib/x86_64-linux-gnu/librt-2.27.so
7fb045ca7000-7fb045ea6000 ---p 00007000 b3:06 1050702                    /lib/x86_64-linux-gnu/librt-2.27.so
7fb045ea6000-7fb045ea7000 r--p 00006000 b3:06 1050702                    /lib/x86_64-linux-gnu/librt-2.27.so
7fb045ea7000-7fb045ea8000 rw-p 00007000 b3:06 1050702                    /lib/x86_64-linux-gnu/librt-2.27.so
7fb045ea8000-7fb045ebf000 r-xp 00000000 b3:06 1050598                    /lib/x86_64-linux-gnu/libgcc_s.so.1
7fb045ebf000-7fb0460be000 ---p 00017000 b3:06 1050598                    /lib/x86_64-linux-gnu/libgcc_s.so.1
7fb0460be000-7fb0460bf000 r--p 00016000 b3:06 1050598                    /lib/x86_64-linux-gnu/libgcc_s.so.1
7fb0460bf000-7fb0460c0000 rw-p 00017000 b3:06 1050598                    /lib/x86_64-linux-gnu/libgcc_s.so.1
7fb0460c0000-7fb04625d000 r-xp 00000000 b3:06 1050624                    /lib/x86_64-linux-gnu/libm-2.27.so
7fb04625d000-7fb04645c000 ---p 0019d000 b3:06 1050624                    /lib/x86_64-linux-gnu/libm-2.27.so
7fb04645c000-7fb04645d000 r--p 0019c000 b3:06 1050624                    /lib/x86_64-linux-gnu/libm-2.27.so
7fb04645d000-7fb04645e000 rw-p 0019d000 b3:06 1050624                    /lib/x86_64-linux-gnu/libm-2.27.so
7fb04645e000-7fb0465d7000 r-xp 00000000 b3:06 1446455                    /usr/lib/x86_64-linux-gnu/libstdc++.so.6.0.25
7fb0465d7000-7fb0467d7000 ---p 00179000 b3:06 1446455                    /usr/lib/x86_64-linux-gnu/libstdc++.so.6.0.25
7fb0467d7000-7fb0467e1000 r--p 00179000 b3:06 1446455                    /usr/lib/x86_64-linux-gnu/libstdc++.so.6.0.25
7fb0467e1000-7fb0467e3000 rw-p 00183000 b3:06 1446455                    /usr/lib/x86_64-linux-gnu/libstdc++.so.6.0.25
7fb0467e3000-7fb0467e7000 rw-p 00000000 00:00 0 
7fb0467e7000-7fb0478b3000 r-xp 00000000 b3:06 1441824                    /usr/lib/jvm/java-11-openjdk-amd64/lib/server/libjvm.so
7fb0478b3000-7fb047ab2000 ---p 010cc000 b3:06 1441824                    /usr/lib/jvm/java-11-openjdk-amd64/lib/server/libjvm.so
7fb047ab2000-7fb047b6f000 r--p 010cb000 b3:06 1441824                    /usr/lib/jvm/java-11-openjdk-amd64/lib/server/libjvm.so
7fb047b6f000-7fb047ba8000 rw-p 01188000 b3:06 1441824                    /usr/lib/jvm/java-11-openjdk-amd64/lib/server/libjvm.so
7fb047ba8000-7fb047bfe000 rw-p 00000000 00:00 0 
7fb047bfe000-7fb047c18000 r-xp 00000000 b3:06 1050694                    /lib/x86_64-linux-gnu/libpthread-2.27.so
7fb047c18000-7fb047e17000 ---p 0001a000 b3:06 1050694                    /lib/x86_64-linux-gnu/libpthread-2.27.so
7fb047e17000-7fb047e18000 r--p 00019000 b3:06 1050694                    /lib/x86_64-linux-gnu/libpthread-2.27.so
7fb047e18000-7fb047e19000 rw-p 0001a000 b3:06 1050694                    /lib/x86_64-linux-gnu/libpthread-2.27.so
7fb047e19000-7fb047e1d000 rw-p 00000000 00:00 0 
7fb047e1d000-7fb047e20000 r-xp 00000000 b3:06 1050584                    /lib/x86_64-linux-gnu/libdl-2.27.so
7fb047e20000-7fb04801f000 ---p 00003000 b3:06 1050584                    /lib/x86_64-linux-gnu/libdl-2.27.so
7fb04801f000-7fb048020000 r--p 00002000 b3:06 1050584                    /lib/x86_64-linux-gnu/libdl-2.27.so
7fb048020000-7fb048021000 rw-p 00003000 b3:06 1050584                    /lib/x86_64-linux-gnu/libdl-2.27.so
7fb048021000-7fb04803d000 r-xp 00000000 b3:06 1050735                    /lib/x86_64-linux-gnu/libz.so.1.2.11
7fb04803d000-7fb04823c000 ---p 0001c000 b3:06 1050735                    /lib/x86_64-linux-gnu/libz.so.1.2.11
7fb04823c000-7fb04823d000 r--p 0001b000 b3:06 1050735                    /lib/x86_64-linux-gnu/libz.so.1.2.11
7fb04823d000-7fb04823e000 rw-p 0001c000 b3:06 1050735                    /lib/x86_64-linux-gnu/libz.so.1.2.11
7fb04823e000-7fb048425000 r-xp 00000000 b3:06 1050561                    /lib/x86_64-linux-gnu/libc-2.27.so
7fb048425000-7fb048625000 ---p 001e7000 b3:06 1050561                    /lib/x86_64-linux-gnu/libc-2.27.so
7fb048625000-7fb048629000 r--p 001e7000 b3:06 1050561                    /lib/x86_64-linux-gnu/libc-2.27.so
7fb048629000-7fb04862b000 rw-p 001eb000 b3:06 1050561                    /lib/x86_64-linux-gnu/libc-2.27.so
7fb04862b000-7fb04862f000 rw-p 00000000 00:00 0 
7fb04862f000-7fb04863f000 r-xp 00000000 b3:06 1441749                    /usr/lib/jvm/java-11-openjdk-amd64/lib/jli/libjli.so
7fb04863f000-7fb04883e000 ---p 00010000 b3:06 1441749                    /usr/lib/jvm/java-11-openjdk-amd64/lib/jli/libjli.so
7fb04883e000-7fb04883f000 r--p 0000f000 b3:06 1441749                    /usr/lib/jvm/java-11-openjdk-amd64/lib/jli/libjli.so
7fb04883f000-7fb048840000 rw-p 00010000 b3:06 1441749                    /usr/lib/jvm/java-11-openjdk-amd64/lib/jli/libjli.so
7fb048840000-7fb048867000 r-xp 00000000 b3:06 1050533                    /lib/x86_64-linux-gnu/ld-2.27.so
7fb048876000-7fb04894b000 rw-p 00000000 00:00 0 
7fb04894b000-7fb04894f000 ---p 00000000 00:00 0 
7fb04894f000-7fb048a4e000 rw-p 00000000 00:00 0 
7fb048a4f000-7fb048a54000 rw-p 00000000 00:00 0 
7fb048a54000-7fb048a5b000 ---p 00000000 00:00 0 
7fb048a5b000-7fb048a63000 rw-s 00000000 b3:06 415887                     /tmp/hsperfdata_lizandra/6205
7fb048a63000-7fb048a64000 ---p 00000000 00:00 0 
7fb048a64000-7fb048a65000 r--p 00000000 00:00 0 
7fb048a65000-7fb048a67000 rw-p 00000000 00:00 0 
7fb048a67000-7fb048a68000 r--p 00027000 b3:06 1050533                    /lib/x86_64-linux-gnu/ld-2.27.so
7fb048a68000-7fb048a69000 rw-p 00028000 b3:06 1050533                    /lib/x86_64-linux-gnu/ld-2.27.so
7fb048a69000-7fb048a6a000 rw-p 00000000 00:00 0 
7ffcb01e4000-7ffcb0205000 rw-p 00000000 00:00 0                          [stack]
7ffcb0335000-7ffcb0338000 r--p 00000000 00:00 0                          [vvar]
7ffcb0338000-7ffcb033a000 r-xp 00000000 00:00 0                          [vdso]
ffffffffff600000-ffffffffff601000 r-xp 00000000 00:00 0                  [vsyscall]


VM Arguments:
jvm_args: -Dclassworlds.conf=/home/lizandra/Software/netbeans/java/maven/bin/m2.conf -Dmaven.home=/home/lizandra/Software/netbeans/java/maven -Dmaven.multiModuleProjectDirectory=/home/lizandra/NetBeansProjects/sistema-nutri 
java_command: org.codehaus.plexus.classworlds.launcher.Launcher -Dmaven.ext.class.path=/home/lizandra/Software/netbeans/java/maven-nblib/netbeans-eventspy.jar clean install
java_class_path (initial): /home/lizandra/Software/netbeans/java/maven/boot/plexus-classworlds-2.5.2.jar
Launcher Type: SUN_STANDARD

[Global flags]
     intx CICompilerCount                          = 2                                         {product} {ergonomic}
     uint ConcGCThreads                            = 1                                         {product} {ergonomic}
     uint G1ConcRefinementThreads                  = 2                                         {product} {ergonomic}
   size_t G1HeapRegionSize                         = 1048576                                   {product} {ergonomic}
    uintx GCDrainStackTargetSize                   = 64                                        {product} {ergonomic}
   size_t InitialHeapSize                          = 31457280                                  {product} {ergonomic}
   size_t MarkStackSize                            = 4194304                                   {product} {ergonomic}
   size_t MaxHeapSize                              = 486539264                                 {product} {ergonomic}
   size_t MaxNewSize                               = 291504128                                 {product} {ergonomic}
   size_t MinHeapDeltaBytes                        = 1048576                                   {product} {ergonomic}
    uintx NonNMethodCodeHeapSize                   = 5824844                                {pd product} {ergonomic}
    uintx NonProfiledCodeHeapSize                  = 122916698                              {pd product} {ergonomic}
    uintx ProfiledCodeHeapSize                     = 122916698                              {pd product} {ergonomic}
    uintx ReservedCodeCacheSize                    = 251658240                              {pd product} {ergonomic}
     bool SegmentedCodeCache                       = true                                      {product} {ergonomic}
     bool UseCompressedClassPointers               = true                                 {lp64_product} {ergonomic}
     bool UseCompressedOops                        = true                                 {lp64_product} {ergonomic}
     bool UseG1GC                                  = true                                      {product} {ergonomic}

Logging:
Log output configuration:
 #0: stdout all=warning uptime,level,tags
 #1: stderr all=off uptime,level,tags

Environment Variables:
JAVA_HOME=/usr/lib/jvm/java-11-openjdk-amd64
PATH=/usr/local/sbin:/usr/local/bin:/usr/sbin:/usr/bin:/sbin:/bin:/usr/games:/usr/local/games
SHELL=/bin/bash
DISPLAY=:0

Signal Handlers:
SIGSEGV: [libjvm.so+0xde5f50], sa_mask[0]=11111111011111111101111111111110, sa_flags=SA_RESTART|SA_SIGINFO
SIGBUS: [libjvm.so+0xde5f50], sa_mask[0]=11111111011111111101111111111110, sa_flags=SA_RESTART|SA_SIGINFO
SIGFPE: [libjvm.so+0xde5f50], sa_mask[0]=11111111011111111101111111111110, sa_flags=SA_RESTART|SA_SIGINFO
SIGPIPE: [libjvm.so+0xbba5b0], sa_mask[0]=11111111011111111101111111111110, sa_flags=SA_RESTART|SA_SIGINFO
SIGXFSZ: [libjvm.so+0xbba5b0], sa_mask[0]=11111111011111111101111111111110, sa_flags=SA_RESTART|SA_SIGINFO
SIGILL: [libjvm.so+0xde5f50], sa_mask[0]=11111111011111111101111111111110, sa_flags=SA_RESTART|SA_SIGINFO
SIGUSR2: [libjvm.so+0xbba450], sa_mask[0]=00100000000000000000000000000000, sa_flags=SA_RESTART|SA_SIGINFO
SIGHUP: [libjvm.so+0xbba7b0], sa_mask[0]=11111111011111111101111111111110, sa_flags=SA_RESTART|SA_SIGINFO
SIGINT: SIG_IGN, sa_mask[0]=00000000000000000000000000000000, sa_flags=none
SIGTERM: [libjvm.so+0xbba7b0], sa_mask[0]=11111111011111111101111111111110, sa_flags=SA_RESTART|SA_SIGINFO
SIGQUIT: [libjvm.so+0xbba7b0], sa_mask[0]=11111111011111111101111111111110, sa_flags=SA_RESTART|SA_SIGINFO


---------------  S Y S T E M  ---------------

OS:DISTRIB_ID=LinuxMint
DISTRIB_RELEASE=19.2
DISTRIB_CODENAME=tina
DISTRIB_DESCRIPTION="Linux Mint 19.2 Tina"
uname:Linux 4.15.0-58-generic #64-Ubuntu SMP Tue Aug 6 11:12:41 UTC 2019 x86_64
libc:glibc 2.27 NPTL 2.27 
rlimit: STACK 8192k, CORE 0k, NPROC 6965, NOFILE 1048576, AS infinity, DATA infinity, FSIZE infinity
load average:23,57 13,96 6,68

/proc/meminfo:
MemTotal:        1897592 kB
MemFree:           63884 kB
MemAvailable:      11000 kB
Buffers:             404 kB
Cached:           107088 kB
SwapCached:          704 kB
Active:          1248552 kB
Inactive:         424620 kB
Active(anon):    1245020 kB
Inactive(anon):   415052 kB
Active(file):       3532 kB
Inactive(file):     9568 kB
Unevictable:          48 kB
Mlocked:              48 kB
SwapTotal:       1301168 kB
SwapFree:              0 kB
Dirty:                24 kB
Writeback:           436 kB
AnonPages:       1565144 kB
Mapped:            26516 kB
Shmem:             94272 kB
Slab:              70312 kB
SReclaimable:      30388 kB
SUnreclaim:        39924 kB
KernelStack:       12272 kB
PageTables:        43372 kB
NFS_Unstable:          0 kB
Bounce:                0 kB
WritebackTmp:          0 kB
CommitLimit:     2249964 kB
Committed_AS:    6633804 kB
VmallocTotal:   34359738367 kB
VmallocUsed:           0 kB
VmallocChunk:          0 kB
HardwareCorrupted:     0 kB
AnonHugePages:         0 kB
ShmemHugePages:        0 kB
ShmemPmdMapped:        0 kB
CmaTotal:              0 kB
CmaFree:               0 kB
HugePages_Total:       0
HugePages_Free:        0
HugePages_Rsvd:        0
HugePages_Surp:        0
Hugepagesize:       2048 kB
DirectMap4k:      147200 kB
DirectMap2M:     1804288 kB


/proc/sys/kernel/threads-max (system-wide limit on the number of threads):
13930


/proc/sys/vm/max_map_count (maximum number of memory map areas a process may have):
65530


/proc/sys/kernel/pid_max (system-wide limit on number of process identifiers):
32768



container (cgroup) information:
container_type: cgroupv1
cpu_cpuset_cpus: 0-1
cpu_memory_nodes: 0
active_processor_count: 2
cpu_quota: -1
cpu_period: 100000
cpu_shares: -1
memory_limit_in_bytes: -1
memory_and_swap_limit_in_bytes: -2
memory_soft_limit_in_bytes: -1
memory_usage_in_bytes: 1711796224
memory_max_usage_in_bytes: 0

Steal ticks since vm start: 0
Steal ticks percentage since vm start:  0,000

CPU:total 2 (initial active 2) (2 cores per cpu, 1 threads per core) family 6 model 76 stepping 3, cmov, cx8, fxsr, mmx, sse, sse2, sse3, ssse3, sse4.1, sse4.2, popcnt, aes, clmul, erms, 3dnowpref, tsc, tscinvbit
CPU Model and flags from /proc/cpuinfo:
model name	: Intel(R) Celeron(R) CPU  N3050  @ 1.60GHz
flags		: fpu vme de pse tsc msr pae mce cx8 apic sep mtrr pge mca cmov pat pse36 clflush dts acpi mmx fxsr sse sse2 ss ht tm pbe syscall nx rdtscp lm constant_tsc arch_perfmon pebs bts rep_good nopl xtopology tsc_reliable nonstop_tsc cpuid aperfmperf tsc_known_freq pni pclmulqdq dtes64 monitor ds_cpl vmx est tm2 ssse3 cx16 xtpr pdcm sse4_1 sse4_2 movbe popcnt tsc_deadline_timer aes rdrand lahf_lm 3dnowprefetch epb pti ibrs ibpb stibp tpr_shadow vnmi flexpriority ept vpid tsc_adjust smep erms dtherm ida arat md_clear

Memory: 4k page, physical 1897592k(64356k free), swap 1301168k(4k free)

vm_info: OpenJDK 64-Bit Server VM (11.0.4+11-post-Ubuntu-1ubuntu218.04.3) for linux-amd64 JRE (11.0.4+11-post-Ubuntu-1ubuntu218.04.3), built on Jul 18 2019 18:21:46 by "buildd" with gcc 7.4.0

END.
