#
# There is insufficient memory for the Java Runtime Environment to continue.
# Native memory allocation (mmap) failed to map 52428800 bytes for committing reserved memory.
# Possible reasons:
#   The system is out of physical RAM or swap space
#   The process is running with CompressedOops enabled, and the Java Heap may be blocking the growth of the native heap
# Possible solutions:
#   Reduce memory load on the system
#   Increase physical memory or swap space
#   Check if swap backing store is full
#   Decrease Java heap size (-Xmx/-Xms)
#   Decrease number of Java threads
#   Decrease Java thread stack sizes (-Xss)
#   Set larger code cache with -XX:ReservedCodeCacheSize=
#   JVM is running with Unscaled Compressed Oops mode in which the Java heap is
#     placed in the first 4GB address space. The Java Heap base address is the
#     maximum limit for the native heap growth. Please use -XX:HeapBaseMinAddress
#     to set the Java Heap base and to place the Java Heap above 4GB virtual address.
# This output file may be truncated or incomplete.
#
#  Out of Memory Error (os_linux.cpp:2893), pid=4532, tid=4549
#
# JRE version: OpenJDK Runtime Environment (11.0.4+11) (build 11.0.4+11-post-Ubuntu-1ubuntu218.04.3)
# Java VM: OpenJDK 64-Bit Server VM (11.0.4+11-post-Ubuntu-1ubuntu218.04.3, mixed mode, sharing, tiered, compressed oops, g1 gc, linux-amd64)
# Core dump will be written. Default location: Core dumps may be processed with "/lib/systemd/systemd-coredump %P %u %g %s %t 9223372036854775808 %e" (or dumping to /home/lizandra/NetBeansProjects/sistema-nutri/core.4532)
#

---------------  S U M M A R Y ------------

Command Line: -Dclassworlds.conf=/home/lizandra/Software/netbeans/java/maven/bin/m2.conf -Dmaven.home=/home/lizandra/Software/netbeans/java/maven -Dmaven.multiModuleProjectDirectory=/home/lizandra/NetBeansProjects/sistema-nutri org.codehaus.plexus.classworlds.launcher.Launcher -Dmaven.ext.class.path=/home/lizandra/Software/netbeans/java/maven-nblib/netbeans-eventspy.jar clean install

Host: Intel(R) Celeron(R) CPU  N3050  @ 1.60GHz, 2 cores, 1G, Linux Mint 19.2 Tina
Time: Tue Nov 26 14:51:30 2019 -03 elapsed time: 82 seconds (0d 0h 1m 22s)

---------------  T H R E A D  ---------------

Current thread (0x00007f0058085000):  VMThread "VM Thread" [stack: 0x00007f0040116000,0x00007f0040216000] [id=4549]

Stack: [0x00007f0040116000,0x00007f0040216000],  sp=0x00007f0040213ff0,  free space=1015k
Native frames: (J=compiled Java code, A=aot compiled Java code, j=interpreted, Vv=VM code, C=native code)
V  [libjvm.so+0xde4547]
V  [libjvm.so+0xde519b]
V  [libjvm.so+0x6511a5]
V  [libjvm.so+0xbbed38]
V  [libjvm.so+0xbb5ebd]
V  [libjvm.so+0x76f53f]
V  [libjvm.so+0x76f7ae]
V  [libjvm.so+0x77b820]
V  [libjvm.so+0x7f6969]
V  [libjvm.so+0x7f75c2]
V  [libjvm.so+0x7f7a29]
V  [libjvm.so+0x72de6f]
V  [libjvm.so+0x732b6a]
V  [libjvm.so+0xdf01e1]
V  [libjvm.so+0xdeeda8]
V  [libjvm.so+0xdec5e6]
V  [libjvm.so+0xdecaf0]
V  [libjvm.so+0xdecf23]
V  [libjvm.so+0xd7aeea]
V  [libjvm.so+0xbc4a5e]

VM_Operation (0x00007f0060cca720): G1CollectForAllocation, mode: safepoint, requested by thread 0x00007f0058012000


---------------  P R O C E S S  ---------------

Threads class SMR info:
_java_thread_list=0x00007f00580cee10, length=9, elements={
0x00007f0058012000, 0x00007f0058088000, 0x00007f005808a000, 0x00007f005808f800,
0x00007f0058091800, 0x00007f0058093800, 0x00007f0058095800, 0x00007f00580c4800,
0x00007f00580cd800
}

Java Threads: ( => current thread )
  0x00007f0058012000 JavaThread "main" [_thread_blocked, id=4543, stack(0x00007f0060bce000,0x00007f0060ccf000)]
  0x00007f0058088000 JavaThread "Reference Handler" daemon [_thread_blocked, id=4550, stack(0x00007f0040013000,0x00007f0040114000)]
  0x00007f005808a000 JavaThread "Finalizer" daemon [_thread_blocked, id=4551, stack(0x00007f0038fbf000,0x00007f00390c0000)]
  0x00007f005808f800 JavaThread "Signal Dispatcher" daemon [_thread_blocked, id=4552, stack(0x00007f0038bdf000,0x00007f0038ce0000)]
  0x00007f0058091800 JavaThread "C2 CompilerThread0" daemon [_thread_blocked, id=4553, stack(0x00007f0038ade000,0x00007f0038bdf000)]
  0x00007f0058093800 JavaThread "C1 CompilerThread0" daemon [_thread_blocked, id=4554, stack(0x00007f00389dd000,0x00007f0038ade000)]
  0x00007f0058095800 JavaThread "Sweeper thread" daemon [_thread_blocked, id=4555, stack(0x00007f00388dc000,0x00007f00389dd000)]
  0x00007f00580c4800 JavaThread "Service Thread" daemon [_thread_blocked, id=4556, stack(0x00007f00387db000,0x00007f00388dc000)]
  0x00007f00580cd800 JavaThread "Common-Cleaner" daemon [_thread_blocked, id=4558, stack(0x00007f00385d8000,0x00007f00386d9000)]

Other Threads:
=>0x00007f0058085000 VMThread "VM Thread" [stack: 0x00007f0040116000,0x00007f0040216000] [id=4549]
  0x00007f00580c7000 WatcherThread [stack: 0x00007f00386db000,0x00007f00387db000] [id=4557]
  0x00007f0058028000 GCTaskThread "GC Thread#0" [stack: 0x00007f005cbc3000,0x00007f005ccc3000] [id=4544]
  0x00007f0028001000 GCTaskThread "GC Thread#1" [stack: 0x00007f00380b0000,0x00007f00381b0000] [id=4560]
  0x00007f0058037800 ConcurrentGCThread "G1 Main Marker" [stack: 0x00007f005c607000,0x00007f005c707000] [id=4545]
  0x00007f0058039000 ConcurrentGCThread "G1 Conc#0" [stack: 0x00007f005c505000,0x00007f005c605000] [id=4546]
  0x00007f005805a800 ConcurrentGCThread "G1 Refine#0" [stack: 0x00007f005c201000,0x00007f005c301000] [id=4547]
  0x00007f005805c800 ConcurrentGCThread "G1 Young RemSet Sampling" [stack: 0x00007f005c0ff000,0x00007f005c1ff000] [id=4548]

Threads with active compile tasks:
C1 CompilerThread03196       3       org.eclipse.aether.graph.Dependency::hashCode (70 bytes)

VM state:at safepoint (normal execution)

VM Mutex/Monitor currently owned by a thread:  ([mutex/lock_event])
[0x00007f005800e440] Threads_lock - owner thread: 0x00007f0058085000
[0x00007f005800eb90] Heap_lock - owner thread: 0x00007f0058012000

Heap address: 0x00000000e3000000, size: 464 MB, Compressed Oops mode: 32-bit
Narrow klass base: 0x0000000800000000, Narrow klass shift: 3
Compressed class space size: 1073741824 Address: 0x0000000840000000

Heap:
 garbage-first heap   total 102400K, used 11489K [0x00000000e3000000, 0x0000000100000000)
  region size 1024K, 1 young (1024K), 1 survivors (1024K)
 Metaspace       used 13619K, capacity 15254K, committed 15488K, reserved 1062912K
  class space    used 1576K, capacity 1810K, committed 1920K, reserved 1048576K
Heap Regions: E=young(eden), S=young(survivor), O=old, HS=humongous(starts), HC=humongous(continues), CS=collection set, F=free, A=archive, TAMS=top-at-mark-start (previous, next)
|   0|0x00000000e3000000, 0x00000000e3100000, 0x00000000e3100000|100%| O|  |TAMS 0x00000000e3000000, 0x00000000e3000000| Untracked 
|   1|0x00000000e3100000, 0x00000000e3200000, 0x00000000e3200000|100%| O|  |TAMS 0x00000000e3100000, 0x00000000e3100000| Untracked 
|   2|0x00000000e3200000, 0x00000000e3300000, 0x00000000e3300000|100%| O|  |TAMS 0x00000000e3200000, 0x00000000e3200000| Untracked 
|   3|0x00000000e3300000, 0x00000000e3400000, 0x00000000e3400000|100%| O|  |TAMS 0x00000000e3300000, 0x00000000e3300000| Untracked 
|   4|0x00000000e3400000, 0x00000000e3500000, 0x00000000e3500000|100%| O|  |TAMS 0x00000000e3400000, 0x00000000e3400000| Untracked 
|   5|0x00000000e3500000, 0x00000000e3600000, 0x00000000e3600000|100%| O|  |TAMS 0x00000000e3500000, 0x00000000e3500000| Untracked 
|   6|0x00000000e3600000, 0x00000000e3700000, 0x00000000e3700000|100%| O|  |TAMS 0x00000000e3600000, 0x00000000e3600000| Untracked 
|   7|0x00000000e3700000, 0x00000000e3800000, 0x00000000e3800000|100%| O|  |TAMS 0x00000000e3700000, 0x00000000e3700000| Untracked 
|   8|0x00000000e3800000, 0x00000000e3900000, 0x00000000e3900000|100%| O|  |TAMS 0x00000000e3800000, 0x00000000e3800000| Untracked 
|   9|0x00000000e3900000, 0x00000000e3a00000, 0x00000000e3a00000|100%| O|  |TAMS 0x00000000e3900000, 0x00000000e3900000| Untracked 
|  10|0x00000000e3a00000, 0x00000000e3a61000, 0x00000000e3b00000| 37%| O|  |TAMS 0x00000000e3a00000, 0x00000000e3a00000| Untracked 
|  11|0x00000000e3b00000, 0x00000000e3b00000, 0x00000000e3c00000|  0%| F|  |TAMS 0x00000000e3b00000, 0x00000000e3b00000| Untracked 
|  12|0x00000000e3c00000, 0x00000000e3c00000, 0x00000000e3d00000|  0%| F|  |TAMS 0x00000000e3c00000, 0x00000000e3c00000| Untracked 
|  13|0x00000000e3d00000, 0x00000000e3d00000, 0x00000000e3e00000|  0%| F|  |TAMS 0x00000000e3d00000, 0x00000000e3d00000| Untracked 
|  14|0x00000000e3e00000, 0x00000000e3e00000, 0x00000000e3f00000|  0%| F|  |TAMS 0x00000000e3e00000, 0x00000000e3e00000| Untracked 
|  15|0x00000000e3f00000, 0x00000000e3f00000, 0x00000000e4000000|  0%| F|  |TAMS 0x00000000e3f00000, 0x00000000e3f00000| Untracked 
|  16|0x00000000e4000000, 0x00000000e4000000, 0x00000000e4100000|  0%| F|  |TAMS 0x00000000e4000000, 0x00000000e4000000| Untracked 
|  17|0x00000000e4100000, 0x00000000e4100000, 0x00000000e4200000|  0%| F|  |TAMS 0x00000000e4100000, 0x00000000e4100000| Untracked 
|  18|0x00000000e4200000, 0x00000000e4200000, 0x00000000e4300000|  0%| F|  |TAMS 0x00000000e4200000, 0x00000000e4200000| Untracked 
|  19|0x00000000e4300000, 0x00000000e4300000, 0x00000000e4400000|  0%| F|  |TAMS 0x00000000e4300000, 0x00000000e4300000| Untracked 
|  20|0x00000000e4400000, 0x00000000e4400000, 0x00000000e4500000|  0%| F|  |TAMS 0x00000000e4400000, 0x00000000e4400000| Untracked 
|  21|0x00000000e4500000, 0x00000000e4500000, 0x00000000e4600000|  0%| F|  |TAMS 0x00000000e4500000, 0x00000000e4500000| Untracked 
|  22|0x00000000e4600000, 0x00000000e4600000, 0x00000000e4700000|  0%| F|  |TAMS 0x00000000e4600000, 0x00000000e4600000| Untracked 
|  23|0x00000000e4700000, 0x00000000e4700000, 0x00000000e4800000|  0%| F|  |TAMS 0x00000000e4700000, 0x00000000e4700000| Untracked 
|  24|0x00000000e4800000, 0x00000000e4800000, 0x00000000e4900000|  0%| F|  |TAMS 0x00000000e4800000, 0x00000000e4800000| Untracked 
|  25|0x00000000e4900000, 0x00000000e4900000, 0x00000000e4a00000|  0%| F|  |TAMS 0x00000000e4900000, 0x00000000e4900000| Untracked 
|  26|0x00000000e4a00000, 0x00000000e4a00000, 0x00000000e4b00000|  0%| F|  |TAMS 0x00000000e4a00000, 0x00000000e4a00000| Untracked 
|  27|0x00000000e4b00000, 0x00000000e4b00000, 0x00000000e4c00000|  0%| F|  |TAMS 0x00000000e4b00000, 0x00000000e4b00000| Untracked 
|  28|0x00000000e4c00000, 0x00000000e4c00000, 0x00000000e4d00000|  0%| F|  |TAMS 0x00000000e4c00000, 0x00000000e4c00000| Untracked 
|  29|0x00000000e4d00000, 0x00000000e4d00000, 0x00000000e4e00000|  0%| F|  |TAMS 0x00000000e4d00000, 0x00000000e4d00000| Untracked 
|  30|0x00000000e4e00000, 0x00000000e4e00000, 0x00000000e4f00000|  0%| F|  |TAMS 0x00000000e4e00000, 0x00000000e4e00000| Untracked 
|  31|0x00000000e4f00000, 0x00000000e4f00000, 0x00000000e5000000|  0%| F|  |TAMS 0x00000000e4f00000, 0x00000000e4f00000| Untracked 
|  32|0x00000000e5000000, 0x00000000e5000000, 0x00000000e5100000|  0%| F|  |TAMS 0x00000000e5000000, 0x00000000e5000000| Untracked 
|  33|0x00000000e5100000, 0x00000000e5100000, 0x00000000e5200000|  0%| F|  |TAMS 0x00000000e5100000, 0x00000000e5100000| Untracked 
|  34|0x00000000e5200000, 0x00000000e5200000, 0x00000000e5300000|  0%| F|  |TAMS 0x00000000e5200000, 0x00000000e5200000| Untracked 
|  35|0x00000000e5300000, 0x00000000e5300000, 0x00000000e5400000|  0%| F|  |TAMS 0x00000000e5300000, 0x00000000e5300000| Untracked 
|  36|0x00000000e5400000, 0x00000000e5400000, 0x00000000e5500000|  0%| F|  |TAMS 0x00000000e5400000, 0x00000000e5400000| Untracked 
|  37|0x00000000e5500000, 0x00000000e5500000, 0x00000000e5600000|  0%| F|  |TAMS 0x00000000e5500000, 0x00000000e5500000| Untracked 
|  38|0x00000000e5600000, 0x00000000e5600000, 0x00000000e5700000|  0%| F|  |TAMS 0x00000000e5600000, 0x00000000e5600000| Untracked 
|  39|0x00000000e5700000, 0x00000000e5700000, 0x00000000e5800000|  0%| F|  |TAMS 0x00000000e5700000, 0x00000000e5700000| Untracked 
|  40|0x00000000e5800000, 0x00000000e5800000, 0x00000000e5900000|  0%| F|  |TAMS 0x00000000e5800000, 0x00000000e5800000| Untracked 
|  41|0x00000000e5900000, 0x00000000e5900000, 0x00000000e5a00000|  0%| F|  |TAMS 0x00000000e5900000, 0x00000000e5900000| Untracked 
|  42|0x00000000e5a00000, 0x00000000e5a00000, 0x00000000e5b00000|  0%| F|  |TAMS 0x00000000e5a00000, 0x00000000e5a00000| Untracked 
|  43|0x00000000e5b00000, 0x00000000e5b00000, 0x00000000e5c00000|  0%| F|  |TAMS 0x00000000e5b00000, 0x00000000e5b00000| Untracked 
|  44|0x00000000e5c00000, 0x00000000e5c00000, 0x00000000e5d00000|  0%| F|  |TAMS 0x00000000e5c00000, 0x00000000e5c00000| Untracked 
|  45|0x00000000e5d00000, 0x00000000e5d39770, 0x00000000e5e00000| 22%| S|CS|TAMS 0x00000000e5d00000, 0x00000000e5d00000| Complete 
|  46|0x00000000e5e00000, 0x00000000e5e00000, 0x00000000e5f00000|  0%| F|  |TAMS 0x00000000e5e00000, 0x00000000e5e00000| Untracked 
|  47|0x00000000e5f00000, 0x00000000e5f00000, 0x00000000e6000000|  0%| F|  |TAMS 0x00000000e5f00000, 0x00000000e5f00000| Untracked 
| 462|0x00000000ffe00000, 0x00000000ffe34000, 0x00000000fff00000| 20%|OA|  |TAMS 0x00000000ffe00000, 0x00000000ffe00000| Untracked 
| 463|0x00000000fff00000, 0x00000000fff6a000, 0x0000000100000000| 41%|CA|  |TAMS 0x00000000fff00000, 0x00000000fff00000| Untracked 

Card table byte_map: [0x00007f005c7ef000,0x00007f005c8d7000] _byte_map_base: 0x00007f005c0d7000

Marking Bits (Prev, Next): (CMBitMap*) 0x00007f0058034a88, (CMBitMap*) 0x00007f0058034ac0
 Prev Bits: [0x00007f0040216000, 0x00007f0040956000)
 Next Bits: [0x00007f003b8c0000, 0x00007f003c000000)

Polling page: 0x00007f0060ce6000

Metaspace:

Usage:
  Non-class:     13,13 MB capacity,    11,76 MB ( 90%) used,     1,35 MB ( 10%) free+waste,    19,00 KB ( <1%) overhead. 
      Class:      1,77 MB capacity,     1,54 MB ( 87%) used,   224,55 KB ( 12%) free+waste,     8,50 KB ( <1%) overhead. 
       Both:     14,90 MB capacity,    13,30 MB ( 89%) used,     1,57 MB ( 11%) free+waste,    27,50 KB ( <1%) overhead. 

Virtual space:
  Non-class space:       14,00 MB reserved,      13,25 MB ( 95%) committed 
      Class space:        1,00 GB reserved,       1,88 MB ( <1%) committed 
             Both:        1,01 GB reserved,      15,12 MB (  1%) committed 

Chunk freelists:
   Non-Class:  60,00 KB
       Class:  14,00 KB
        Both:  74,00 KB

CodeHeap 'non-profiled nmethods': size=120036Kb used=1476Kb max_used=1476Kb free=118559Kb
 bounds [0x00007f004841d000, 0x00007f004868d000, 0x00007f004f956000]
CodeHeap 'profiled nmethods': size=120032Kb used=6395Kb max_used=6395Kb free=113636Kb
 bounds [0x00007f0040ee5000, 0x00007f0041525000, 0x00007f004841d000]
CodeHeap 'non-nmethods': size=5692Kb used=1091Kb max_used=1131Kb free=4600Kb
 bounds [0x00007f0040956000, 0x00007f0040bc6000, 0x00007f0040ee5000]
 total_blobs=4107 nmethods=3078 adapters=319
 compilation: enabled
              stopped_count=0, restarted_count=0
 full_count=0

Compilation events (10 events):
Event: 78,879 Thread 0x00007f0058091800 nmethod 3127 0x00007f004858c290 code [0x00007f004858c440, 0x00007f004858c538]
Event: 78,879 Thread 0x00007f0058091800 3193       4       org.codehaus.plexus.interpolation.StringSearchInterpolator::addValueSource (12 bytes)
Event: 78,909 Thread 0x00007f0058091800 nmethod 3193 0x00007f004858c690 code [0x00007f004858c840, 0x00007f004858cdf8]
Event: 78,909 Thread 0x00007f0058091800 3194       4       org.codehaus.plexus.interpolation.StringSearchInterpolator::removeValuesSource (12 bytes)
Event: 78,927 Thread 0x00007f0058091800 nmethod 3194 0x00007f004858d090 code [0x00007f004858d240, 0x00007f004858d4b8]
Event: 78,927 Thread 0x00007f0058091800 3034       4       org.eclipse.sisu.inject.RankedSequence$Itr::hasNext (114 bytes)
Event: 78,946 Thread 0x00007f0058093800 3195  s    3       java.io.BufferedInputStream::available (35 bytes)
Event: 78,996 Thread 0x00007f0058093800 nmethod 3195 0x00007f0041523390 code [0x00007f0041523580, 0x00007f0041523b38]
Event: 79,004 Thread 0x00007f0058091800 nmethod 3034 0x00007f004858d710 code [0x00007f004858d8c0, 0x00007f004858ddf8]
Event: 79,633 Thread 0x00007f0058093800 3196       3       org.eclipse.aether.graph.Dependency::hashCode (70 bytes)

GC Heap History (10 events):
Event: 29,175 GC heap after
{Heap after GC invocations=11 (full 0):
 garbage-first heap   total 39936K, used 10377K [0x00000000e3000000, 0x0000000100000000)
  region size 1024K, 2 young (2048K), 2 survivors (2048K)
 Metaspace       used 13291K, capacity 14895K, committed 15104K, reserved 1062912K
  class space    used 1542K, capacity 1773K, committed 1792K, reserved 1048576K
}
Event: 63,277 GC heap before
{Heap before GC invocations=11 (full 0):
 garbage-first heap   total 39936K, used 25737K [0x00000000e3000000, 0x0000000100000000)
  region size 1024K, 17 young (17408K), 2 survivors (2048K)
 Metaspace       used 13577K, capacity 15190K, committed 15488K, reserved 1062912K
  class space    used 1576K, capacity 1810K, committed 1920K, reserved 1048576K
}
Event: 63,896 GC heap after
{Heap after GC invocations=12 (full 0):
 garbage-first heap   total 51200K, used 11225K [0x00000000e3000000, 0x0000000100000000)
  region size 1024K, 2 young (2048K), 2 survivors (2048K)
 Metaspace       used 13577K, capacity 15190K, committed 15488K, reserved 1062912K
  class space    used 1576K, capacity 1810K, committed 1920K, reserved 1048576K
}
Event: 71,565 GC heap before
{Heap before GC invocations=12 (full 0):
 garbage-first heap   total 51200K, used 12249K [0x00000000e3000000, 0x0000000100000000)
  region size 1024K, 3 young (3072K), 2 survivors (2048K)
 Metaspace       used 13592K, capacity 15254K, committed 15488K, reserved 1062912K
  class space    used 1576K, capacity 1810K, committed 1920K, reserved 1048576K
}
Event: 73,976 GC heap after
{Heap after GC invocations=13 (full 0):
 garbage-first heap   total 51200K, used 11625K [0x00000000e3000000, 0x0000000100000000)
  region size 1024K, 1 young (1024K), 1 survivors (1024K)
 Metaspace       used 13592K, capacity 15254K, committed 15488K, reserved 1062912K
  class space    used 1576K, capacity 1810K, committed 1920K, reserved 1048576K
}
Event: 75,680 GC heap before
{Heap before GC invocations=13 (full 0):
 garbage-first heap   total 51200K, used 11625K [0x00000000e3000000, 0x0000000100000000)
  region size 1024K, 2 young (2048K), 1 survivors (1024K)
 Metaspace       used 13592K, capacity 15254K, committed 15488K, reserved 1062912K
  class space    used 1576K, capacity 1810K, committed 1920K, reserved 1048576K
}
Event: 75,967 GC heap after
{Heap after GC invocations=14 (full 0):
 garbage-first heap   total 51200K, used 11431K [0x00000000e3000000, 0x0000000100000000)
  region size 1024K, 1 young (1024K), 1 survivors (1024K)
 Metaspace       used 13592K, capacity 15254K, committed 15488K, reserved 1062912K
  class space    used 1576K, capacity 1810K, committed 1920K, reserved 1048576K
}
Event: 77,351 GC heap before
{Heap before GC invocations=14 (full 0):
 garbage-first heap   total 51200K, used 11431K [0x00000000e3000000, 0x0000000100000000)
  region size 1024K, 2 young (2048K), 1 survivors (1024K)
 Metaspace       used 13594K, capacity 15254K, committed 15488K, reserved 1062912K
  class space    used 1576K, capacity 1810K, committed 1920K, reserved 1048576K
}
Event: 78,370 GC heap after
{Heap after GC invocations=15 (full 0):
 garbage-first heap   total 51200K, used 11467K [0x00000000e3000000, 0x0000000100000000)
  region size 1024K, 1 young (1024K), 1 survivors (1024K)
 Metaspace       used 13594K, capacity 15254K, committed 15488K, reserved 1062912K
  class space    used 1576K, capacity 1810K, committed 1920K, reserved 1048576K
}
Event: 79,879 GC heap before
{Heap before GC invocations=15 (full 0):
 garbage-first heap   total 51200K, used 12491K [0x00000000e3000000, 0x0000000100000000)
  region size 1024K, 2 young (2048K), 1 survivors (1024K)
 Metaspace       used 13619K, capacity 15254K, committed 15488K, reserved 1062912K
  class space    used 1576K, capacity 1810K, committed 1920K, reserved 1048576K
}

Deoptimization events (10 events):
Event: 40,373 Thread 0x00007f0058012000 DEOPT PACKING pc=0x00007f00412fc5d4 sp=0x00007f0060ccb110
Event: 40,373 Thread 0x00007f0058012000 DEOPT UNPACKING pc=0x00007f004097dc2b sp=0x00007f0060cca5e8 mode 0
Event: 40,880 Thread 0x00007f0058012000 DEOPT PACKING pc=0x00007f004137ef69 sp=0x00007f0060ccb3e0
Event: 40,882 Thread 0x00007f0058012000 DEOPT UNPACKING pc=0x00007f004097dc2b sp=0x00007f0060cca8e0 mode 0
Event: 41,271 Thread 0x00007f0058012000 DEOPT PACKING pc=0x00007f00412fc5d4 sp=0x00007f0060ccb110
Event: 41,291 Thread 0x00007f0058012000 DEOPT UNPACKING pc=0x00007f004097dc2b sp=0x00007f0060cca5e8 mode 0
Event: 60,858 Thread 0x00007f0058012000 DEOPT PACKING pc=0x00007f004133b69e sp=0x00007f0060ccb340
Event: 60,901 Thread 0x00007f0058012000 DEOPT UNPACKING pc=0x00007f004097dc2b sp=0x00007f0060cca8b8 mode 0
Event: 74,743 Thread 0x00007f0058012000 DEOPT PACKING pc=0x00007f004133b69e sp=0x00007f0060ccb340
Event: 74,821 Thread 0x00007f0058012000 DEOPT UNPACKING pc=0x00007f004097dc2b sp=0x00007f0060cca8b8 mode 0

Classes redefined (0 events):
No events

Internal exceptions (8 events):
Event: 3,851 Thread 0x00007f0058012000 Exception <a 'java/security/PrivilegedActionException'{0x00000000e4b98e08}> (0x00000000e4b98e08) thrown at [/build/openjdk-lts-7bqZff/openjdk-lts-11.0.4+11/src/hotspot/share/prims/jvm.cpp, line 1300]
Event: 3,852 Thread 0x00007f0058012000 Exception <a 'java/security/PrivilegedActionException'{0x00000000e4b99380}> (0x00000000e4b99380) thrown at [/build/openjdk-lts-7bqZff/openjdk-lts-11.0.4+11/src/hotspot/share/prims/jvm.cpp, line 1300]
Event: 4,626 Thread 0x00007f0058012000 Exception <a 'java/lang/NoSuchMethodError'{0x00000000e480f0c8}: 'int java.lang.invoke.DirectMethodHandle$Holder.invokeSpecialIFC(java.lang.Object, java.lang.Object, int)'> (0x00000000e480f0c8) thrown at [/build/openjdk-lts-7bqZff/openjdk-lts-11.0.4+11/src
Event: 10,295 Thread 0x00007f0058012000 Exception <a 'java/lang/NoClassDefFoundError'{0x00000000e4ce9400}: com/google/inject/servlet/ServletModuleTargetVisitor> (0x00000000e4ce9400) thrown at [/build/openjdk-lts-7bqZff/openjdk-lts-11.0.4+11/src/hotspot/share/classfile/systemDictionary.cpp, line
Event: 10,295 Thread 0x00007f0058012000 Exception <a 'java/lang/NoClassDefFoundError'{0x00000000e4ce9400}> (0x00000000e4ce9400) thrown at [/build/openjdk-lts-7bqZff/openjdk-lts-11.0.4+11/src/hotspot/share/prims/jvm.cpp, line 1304]
Event: 10,296 Thread 0x00007f0058012000 Exception <a 'java/lang/NoClassDefFoundError'{0x00000000e4cebf08}: javax/annotation/Priority> (0x00000000e4cebf08) thrown at [/build/openjdk-lts-7bqZff/openjdk-lts-11.0.4+11/src/hotspot/share/classfile/systemDictionary.cpp, line 220]
Event: 11,577 Thread 0x00007f0058012000 Implicit null exception at 0x00007f00484bca1d to 0x00007f00484bcb06
Event: 13,303 Thread 0x00007f0058012000 Implicit null exception at 0x00007f0048487185 to 0x00007f0048487362

Events (10 events):
Event: 64,136 Executing VM operation: RevokeBias done
Event: 71,524 Executing VM operation: G1CollectForAllocation
Event: 73,986 Executing VM operation: G1CollectForAllocation done
Event: 75,655 Executing VM operation: G1CollectForAllocation
Event: 76,053 Executing VM operation: G1CollectForAllocation done
Event: 76,536 Executing VM operation: G1CollectForAllocation
Event: 78,380 Executing VM operation: G1CollectForAllocation done
Event: 79,015 loading class java/util/stream/IntStream
Event: 79,257 loading class java/util/stream/IntStream done
Event: 79,780 Executing VM operation: G1CollectForAllocation


Dynamic libraries:
e3000000-e6000000 rw-p 00000000 00:00 0 
e9200000-ffe00000 ---p 00000000 00:00 0 
ffe00000-ffe34000 rw-p 01116000 b3:06 1437553                            /usr/lib/jvm/java-11-openjdk-amd64/lib/server/classes.jsa
ffe34000-fff00000 rw-p 00000000 00:00 0 
fff00000-fff6a000 rw-p 010ac000 b3:06 1437553                            /usr/lib/jvm/java-11-openjdk-amd64/lib/server/classes.jsa
fff6a000-100000000 rw-p 00000000 00:00 0 
800000000-800002000 rwxp 00001000 b3:06 1437553                          /usr/lib/jvm/java-11-openjdk-amd64/lib/server/classes.jsa
800002000-8003bd000 rw-p 00003000 b3:06 1437553                          /usr/lib/jvm/java-11-openjdk-amd64/lib/server/classes.jsa
8003bd000-800a98000 r--p 003be000 b3:06 1437553                          /usr/lib/jvm/java-11-openjdk-amd64/lib/server/classes.jsa
800a98000-800a99000 rw-p 00a99000 b3:06 1437553                          /usr/lib/jvm/java-11-openjdk-amd64/lib/server/classes.jsa
800a99000-8010ab000 r--p 00a9a000 b3:06 1437553                          /usr/lib/jvm/java-11-openjdk-amd64/lib/server/classes.jsa
840000000-8401e0000 rw-p 00000000 00:00 0 
8401e0000-880000000 ---p 00000000 00:00 0 
55e3587ec000-55e3587ed000 r-xp 00000000 b3:06 1441529                    /usr/lib/jvm/java-11-openjdk-amd64/bin/java
55e3589ed000-55e3589ee000 r--p 00001000 b3:06 1441529                    /usr/lib/jvm/java-11-openjdk-amd64/bin/java
55e3589ee000-55e3589ef000 rw-p 00002000 b3:06 1441529                    /usr/lib/jvm/java-11-openjdk-amd64/bin/java
55e359e2f000-55e359e50000 rw-p 00000000 00:00 0                          [heap]
7f0003a00000-7f0003b40000 rw-p 00000000 00:00 0 
7f0003b40000-7f0003c00000 ---p 00000000 00:00 0 
7f0003c00000-7f0003e00000 rw-p 00000000 00:00 0 
7f0003e00000-7f0004000000 rw-p 00000000 00:00 0 
7f0004000000-7f0004021000 rw-p 00000000 00:00 0 
7f0004021000-7f0008000000 ---p 00000000 00:00 0 
7f0008000000-7f0008021000 rw-p 00000000 00:00 0 
7f0008021000-7f000c000000 ---p 00000000 00:00 0 
7f000c000000-7f000c62c000 rw-p 00000000 00:00 0 
7f000c62c000-7f0010000000 ---p 00000000 00:00 0 
7f0010000000-7f0010021000 rw-p 00000000 00:00 0 
7f0010021000-7f0014000000 ---p 00000000 00:00 0 
7f0014000000-7f0014021000 rw-p 00000000 00:00 0 
7f0014021000-7f0018000000 ---p 00000000 00:00 0 
7f0018000000-7f0019aa0000 rw-p 00000000 00:00 0 
7f0019aa0000-7f001c000000 ---p 00000000 00:00 0 
7f001c000000-7f001c021000 rw-p 00000000 00:00 0 
7f001c021000-7f0020000000 ---p 00000000 00:00 0 
7f0020000000-7f0020021000 rw-p 00000000 00:00 0 
7f0020021000-7f0024000000 ---p 00000000 00:00 0 
7f0024000000-7f0024021000 rw-p 00000000 00:00 0 
7f0024021000-7f0028000000 ---p 00000000 00:00 0 
7f0028000000-7f0028021000 rw-p 00000000 00:00 0 
7f0028021000-7f002c000000 ---p 00000000 00:00 0 
7f002c000000-7f002c021000 rw-p 00000000 00:00 0 
7f002c021000-7f0030000000 ---p 00000000 00:00 0 
7f0030000000-7f0030021000 rw-p 00000000 00:00 0 
7f0030021000-7f0034000000 ---p 00000000 00:00 0 
7f0034000000-7f0034021000 rw-p 00000000 00:00 0 
7f0034021000-7f0038000000 ---p 00000000 00:00 0 
7f00380ae000-7f00380af000 ---p 00000000 00:00 0 
7f00380af000-7f00381b0000 rw-p 00000000 00:00 0 
7f00381b0000-7f00381c6000 r-xp 00000000 b3:06 1441803                    /usr/lib/jvm/java-11-openjdk-amd64/lib/libnet.so
7f00381c6000-7f00383c5000 ---p 00016000 b3:06 1441803                    /usr/lib/jvm/java-11-openjdk-amd64/lib/libnet.so
7f00383c5000-7f00383c6000 r--p 00015000 b3:06 1441803                    /usr/lib/jvm/java-11-openjdk-amd64/lib/libnet.so
7f00383c6000-7f00383c7000 rw-p 00016000 b3:06 1441803                    /usr/lib/jvm/java-11-openjdk-amd64/lib/libnet.so
7f00383c7000-7f00383d7000 r-xp 00000000 b3:06 1441805                    /usr/lib/jvm/java-11-openjdk-amd64/lib/libnio.so
7f00383d7000-7f00385d6000 ---p 00010000 b3:06 1441805                    /usr/lib/jvm/java-11-openjdk-amd64/lib/libnio.so
7f00385d6000-7f00385d7000 r--p 0000f000 b3:06 1441805                    /usr/lib/jvm/java-11-openjdk-amd64/lib/libnio.so
7f00385d7000-7f00385d8000 rw-p 00010000 b3:06 1441805                    /usr/lib/jvm/java-11-openjdk-amd64/lib/libnio.so
7f00385d8000-7f00385dc000 ---p 00000000 00:00 0 
7f00385dc000-7f00386d9000 rw-p 00000000 00:00 0 
7f00386d9000-7f00386da000 ---p 00000000 00:00 0 
7f00386da000-7f00387db000 rw-p 00000000 00:00 0 
7f00387db000-7f00387df000 ---p 00000000 00:00 0 
7f00387df000-7f00388dc000 rw-p 00000000 00:00 0 
7f00388dc000-7f00388e0000 ---p 00000000 00:00 0 
7f00388e0000-7f00389dd000 rw-p 00000000 00:00 0 
7f00389dd000-7f00389e1000 ---p 00000000 00:00 0 
7f00389e1000-7f0038ade000 rw-p 00000000 00:00 0 
7f0038ade000-7f0038ae2000 ---p 00000000 00:00 0 
7f0038ae2000-7f0038bdf000 rw-p 00000000 00:00 0 
7f0038bdf000-7f0038be3000 ---p 00000000 00:00 0 
7f0038be3000-7f0038ce0000 rw-p 00000000 00:00 0 
7f0038ce0000-7f0038fbf000 r--p 00000000 b3:06 1443645                    /usr/lib/locale/locale-archive
7f0038fbf000-7f0038fc3000 ---p 00000000 00:00 0 
7f0038fc3000-7f003b980000 rw-p 00000000 00:00 0 
7f003b980000-7f003bff8000 ---p 00000000 00:00 0 
7f003bff8000-7f003c000000 rw-p 00000000 00:00 0 
7f003c000000-7f003c021000 rw-p 00000000 00:00 0 
7f003c021000-7f0040000000 ---p 00000000 00:00 0 
7f0040013000-7f0040017000 ---p 00000000 00:00 0 
7f0040017000-7f0040114000 rw-p 00000000 00:00 0 
7f0040114000-7f0040115000 ---p 00000000 00:00 0 
7f0040115000-7f00402d6000 rw-p 00000000 00:00 0 
7f00402d6000-7f004094e000 ---p 00000000 00:00 0 
7f004094e000-7f0040956000 rw-p 00000000 00:00 0 
7f0040956000-7f0040bc6000 rwxp 00000000 00:00 0 
7f0040bc6000-7f0040ee5000 ---p 00000000 00:00 0 
7f0040ee5000-7f0041525000 rwxp 00000000 00:00 0 
7f0041525000-7f004841d000 ---p 00000000 00:00 0 
7f004841d000-7f004868d000 rwxp 00000000 00:00 0 
7f004868d000-7f004f956000 ---p 00000000 00:00 0 
7f004f956000-7f0058000000 r--s 00000000 b3:06 1441815                    /usr/lib/jvm/java-11-openjdk-amd64/lib/modules
7f0058000000-7f005880b000 rw-p 00000000 00:00 0 
7f005880b000-7f005c000000 ---p 00000000 00:00 0 
7f005c04b000-7f005c0fd000 rw-p 00000000 00:00 0 
7f005c0fd000-7f005c0fe000 ---p 00000000 00:00 0 
7f005c0fe000-7f005c1ff000 rw-p 00000000 00:00 0 
7f005c1ff000-7f005c200000 ---p 00000000 00:00 0 
7f005c200000-7f005c503000 rw-p 00000000 00:00 0 
7f005c503000-7f005c504000 ---p 00000000 00:00 0 
7f005c504000-7f005c605000 rw-p 00000000 00:00 0 
7f005c605000-7f005c606000 ---p 00000000 00:00 0 
7f005c606000-7f005c71f000 rw-p 00000000 00:00 0 
7f005c71f000-7f005c7ee000 ---p 00000000 00:00 0 
7f005c7ee000-7f005c807000 rw-p 00000000 00:00 0 
7f005c807000-7f005c8d6000 ---p 00000000 00:00 0 
7f005c8d6000-7f005c8ef000 rw-p 00000000 00:00 0 
7f005c8ef000-7f005c9be000 ---p 00000000 00:00 0 
7f005c9be000-7f005cbc1000 rw-p 00000000 00:00 0 
7f005cbc1000-7f005cbc2000 ---p 00000000 00:00 0 
7f005cbc2000-7f005ccc8000 rw-p 00000000 00:00 0 
7f005ccc8000-7f005cdae000 ---p 00000000 00:00 0 
7f005cdae000-7f005cdbb000 rw-p 00000000 00:00 0 
7f005cdbb000-7f005ce99000 ---p 00000000 00:00 0 
7f005ce99000-7f005ce9e000 r-xp 00000000 b3:06 1441785                    /usr/lib/jvm/java-11-openjdk-amd64/lib/libjimage.so
7f005ce9e000-7f005d09d000 ---p 00005000 b3:06 1441785                    /usr/lib/jvm/java-11-openjdk-amd64/lib/libjimage.so
7f005d09d000-7f005d09e000 r--p 00004000 b3:06 1441785                    /usr/lib/jvm/java-11-openjdk-amd64/lib/libjimage.so
7f005d09e000-7f005d09f000 rw-p 00005000 b3:06 1441785                    /usr/lib/jvm/java-11-openjdk-amd64/lib/libjimage.so
7f005d09f000-7f005d0a6000 r-xp 00000000 b3:06 1441814                    /usr/lib/jvm/java-11-openjdk-amd64/lib/libzip.so
7f005d0a6000-7f005d2a5000 ---p 00007000 b3:06 1441814                    /usr/lib/jvm/java-11-openjdk-amd64/lib/libzip.so
7f005d2a5000-7f005d2a6000 r--p 00006000 b3:06 1441814                    /usr/lib/jvm/java-11-openjdk-amd64/lib/libzip.so
7f005d2a6000-7f005d2a7000 rw-p 00007000 b3:06 1441814                    /usr/lib/jvm/java-11-openjdk-amd64/lib/libzip.so
7f005d2a7000-7f005d2b2000 r-xp 00000000 b3:06 1050651                    /lib/x86_64-linux-gnu/libnss_files-2.27.so
7f005d2b2000-7f005d4b1000 ---p 0000b000 b3:06 1050651                    /lib/x86_64-linux-gnu/libnss_files-2.27.so
7f005d4b1000-7f005d4b2000 r--p 0000a000 b3:06 1050651                    /lib/x86_64-linux-gnu/libnss_files-2.27.so
7f005d4b2000-7f005d4b3000 rw-p 0000b000 b3:06 1050651                    /lib/x86_64-linux-gnu/libnss_files-2.27.so
7f005d4b3000-7f005d4b9000 rw-p 00000000 00:00 0 
7f005d4b9000-7f005d4d0000 r-xp 00000000 b3:06 1050645                    /lib/x86_64-linux-gnu/libnsl-2.27.so
7f005d4d0000-7f005d6cf000 ---p 00017000 b3:06 1050645                    /lib/x86_64-linux-gnu/libnsl-2.27.so
7f005d6cf000-7f005d6d0000 r--p 00016000 b3:06 1050645                    /lib/x86_64-linux-gnu/libnsl-2.27.so
7f005d6d0000-7f005d6d1000 rw-p 00017000 b3:06 1050645                    /lib/x86_64-linux-gnu/libnsl-2.27.so
7f005d6d1000-7f005d6d3000 rw-p 00000000 00:00 0 
7f005d6d3000-7f005d6de000 r-xp 00000000 b3:06 1050662                    /lib/x86_64-linux-gnu/libnss_nis-2.27.so
7f005d6de000-7f005d8dd000 ---p 0000b000 b3:06 1050662                    /lib/x86_64-linux-gnu/libnss_nis-2.27.so
7f005d8dd000-7f005d8de000 r--p 0000a000 b3:06 1050662                    /lib/x86_64-linux-gnu/libnss_nis-2.27.so
7f005d8de000-7f005d8df000 rw-p 0000b000 b3:06 1050662                    /lib/x86_64-linux-gnu/libnss_nis-2.27.so
7f005d8df000-7f005d8e7000 r-xp 00000000 b3:06 1050647                    /lib/x86_64-linux-gnu/libnss_compat-2.27.so
7f005d8e7000-7f005dae7000 ---p 00008000 b3:06 1050647                    /lib/x86_64-linux-gnu/libnss_compat-2.27.so
7f005dae7000-7f005dae8000 r--p 00008000 b3:06 1050647                    /lib/x86_64-linux-gnu/libnss_compat-2.27.so
7f005dae8000-7f005dae9000 rw-p 00009000 b3:06 1050647                    /lib/x86_64-linux-gnu/libnss_compat-2.27.so
7f005dae9000-7f005db12000 r-xp 00000000 b3:06 1441777                    /usr/lib/jvm/java-11-openjdk-amd64/lib/libjava.so
7f005db12000-7f005dd11000 ---p 00029000 b3:06 1441777                    /usr/lib/jvm/java-11-openjdk-amd64/lib/libjava.so
7f005dd11000-7f005dd12000 r--p 00028000 b3:06 1441777                    /usr/lib/jvm/java-11-openjdk-amd64/lib/libjava.so
7f005dd12000-7f005dd14000 rw-p 00029000 b3:06 1441777                    /usr/lib/jvm/java-11-openjdk-amd64/lib/libjava.so
7f005dd14000-7f005dd21000 r-xp 00000000 b3:06 1441812                    /usr/lib/jvm/java-11-openjdk-amd64/lib/libverify.so
7f005dd21000-7f005df20000 ---p 0000d000 b3:06 1441812                    /usr/lib/jvm/java-11-openjdk-amd64/lib/libverify.so
7f005df20000-7f005df22000 r--p 0000c000 b3:06 1441812                    /usr/lib/jvm/java-11-openjdk-amd64/lib/libverify.so
7f005df22000-7f005df23000 rw-p 0000e000 b3:06 1441812                    /usr/lib/jvm/java-11-openjdk-amd64/lib/libverify.so
7f005df23000-7f005df2a000 r-xp 00000000 b3:06 1050702                    /lib/x86_64-linux-gnu/librt-2.27.so
7f005df2a000-7f005e129000 ---p 00007000 b3:06 1050702                    /lib/x86_64-linux-gnu/librt-2.27.so
7f005e129000-7f005e12a000 r--p 00006000 b3:06 1050702                    /lib/x86_64-linux-gnu/librt-2.27.so
7f005e12a000-7f005e12b000 rw-p 00007000 b3:06 1050702                    /lib/x86_64-linux-gnu/librt-2.27.so
7f005e12b000-7f005e142000 r-xp 00000000 b3:06 1050598                    /lib/x86_64-linux-gnu/libgcc_s.so.1
7f005e142000-7f005e341000 ---p 00017000 b3:06 1050598                    /lib/x86_64-linux-gnu/libgcc_s.so.1
7f005e341000-7f005e342000 r--p 00016000 b3:06 1050598                    /lib/x86_64-linux-gnu/libgcc_s.so.1
7f005e342000-7f005e343000 rw-p 00017000 b3:06 1050598                    /lib/x86_64-linux-gnu/libgcc_s.so.1
7f005e343000-7f005e4e0000 r-xp 00000000 b3:06 1050624                    /lib/x86_64-linux-gnu/libm-2.27.so
7f005e4e0000-7f005e6df000 ---p 0019d000 b3:06 1050624                    /lib/x86_64-linux-gnu/libm-2.27.so
7f005e6df000-7f005e6e0000 r--p 0019c000 b3:06 1050624                    /lib/x86_64-linux-gnu/libm-2.27.so
7f005e6e0000-7f005e6e1000 rw-p 0019d000 b3:06 1050624                    /lib/x86_64-linux-gnu/libm-2.27.so
7f005e6e1000-7f005e85a000 r-xp 00000000 b3:06 1446455                    /usr/lib/x86_64-linux-gnu/libstdc++.so.6.0.25
7f005e85a000-7f005ea5a000 ---p 00179000 b3:06 1446455                    /usr/lib/x86_64-linux-gnu/libstdc++.so.6.0.25
7f005ea5a000-7f005ea64000 r--p 00179000 b3:06 1446455                    /usr/lib/x86_64-linux-gnu/libstdc++.so.6.0.25
7f005ea64000-7f005ea66000 rw-p 00183000 b3:06 1446455                    /usr/lib/x86_64-linux-gnu/libstdc++.so.6.0.25
7f005ea66000-7f005ea6a000 rw-p 00000000 00:00 0 
7f005ea6a000-7f005fb36000 r-xp 00000000 b3:06 1441824                    /usr/lib/jvm/java-11-openjdk-amd64/lib/server/libjvm.so
7f005fb36000-7f005fd35000 ---p 010cc000 b3:06 1441824                    /usr/lib/jvm/java-11-openjdk-amd64/lib/server/libjvm.so
7f005fd35000-7f005fdf2000 r--p 010cb000 b3:06 1441824                    /usr/lib/jvm/java-11-openjdk-amd64/lib/server/libjvm.so
7f005fdf2000-7f005fe2b000 rw-p 01188000 b3:06 1441824                    /usr/lib/jvm/java-11-openjdk-amd64/lib/server/libjvm.so
7f005fe2b000-7f005fe81000 rw-p 00000000 00:00 0 
7f005fe81000-7f005fe9b000 r-xp 00000000 b3:06 1050694                    /lib/x86_64-linux-gnu/libpthread-2.27.so
7f005fe9b000-7f006009a000 ---p 0001a000 b3:06 1050694                    /lib/x86_64-linux-gnu/libpthread-2.27.so
7f006009a000-7f006009b000 r--p 00019000 b3:06 1050694                    /lib/x86_64-linux-gnu/libpthread-2.27.so
7f006009b000-7f006009c000 rw-p 0001a000 b3:06 1050694                    /lib/x86_64-linux-gnu/libpthread-2.27.so
7f006009c000-7f00600a0000 rw-p 00000000 00:00 0 
7f00600a0000-7f00600a3000 r-xp 00000000 b3:06 1050584                    /lib/x86_64-linux-gnu/libdl-2.27.so
7f00600a3000-7f00602a2000 ---p 00003000 b3:06 1050584                    /lib/x86_64-linux-gnu/libdl-2.27.so
7f00602a2000-7f00602a3000 r--p 00002000 b3:06 1050584                    /lib/x86_64-linux-gnu/libdl-2.27.so
7f00602a3000-7f00602a4000 rw-p 00003000 b3:06 1050584                    /lib/x86_64-linux-gnu/libdl-2.27.so
7f00602a4000-7f00602c0000 r-xp 00000000 b3:06 1050735                    /lib/x86_64-linux-gnu/libz.so.1.2.11
7f00602c0000-7f00604bf000 ---p 0001c000 b3:06 1050735                    /lib/x86_64-linux-gnu/libz.so.1.2.11
7f00604bf000-7f00604c0000 r--p 0001b000 b3:06 1050735                    /lib/x86_64-linux-gnu/libz.so.1.2.11
7f00604c0000-7f00604c1000 rw-p 0001c000 b3:06 1050735                    /lib/x86_64-linux-gnu/libz.so.1.2.11
7f00604c1000-7f00606a8000 r-xp 00000000 b3:06 1050561                    /lib/x86_64-linux-gnu/libc-2.27.so
7f00606a8000-7f00608a8000 ---p 001e7000 b3:06 1050561                    /lib/x86_64-linux-gnu/libc-2.27.so
7f00608a8000-7f00608ac000 r--p 001e7000 b3:06 1050561                    /lib/x86_64-linux-gnu/libc-2.27.so
7f00608ac000-7f00608ae000 rw-p 001eb000 b3:06 1050561                    /lib/x86_64-linux-gnu/libc-2.27.so
7f00608ae000-7f00608b2000 rw-p 00000000 00:00 0 
7f00608b2000-7f00608c2000 r-xp 00000000 b3:06 1441749                    /usr/lib/jvm/java-11-openjdk-amd64/lib/jli/libjli.so
7f00608c2000-7f0060ac1000 ---p 00010000 b3:06 1441749                    /usr/lib/jvm/java-11-openjdk-amd64/lib/jli/libjli.so
7f0060ac1000-7f0060ac2000 r--p 0000f000 b3:06 1441749                    /usr/lib/jvm/java-11-openjdk-amd64/lib/jli/libjli.so
7f0060ac2000-7f0060ac3000 rw-p 00010000 b3:06 1441749                    /usr/lib/jvm/java-11-openjdk-amd64/lib/jli/libjli.so
7f0060ac3000-7f0060aea000 r-xp 00000000 b3:06 1050533                    /lib/x86_64-linux-gnu/ld-2.27.so
7f0060af9000-7f0060bce000 rw-p 00000000 00:00 0 
7f0060bce000-7f0060bd2000 ---p 00000000 00:00 0 
7f0060bd2000-7f0060cd1000 rw-p 00000000 00:00 0 
7f0060cd2000-7f0060cd7000 rw-p 00000000 00:00 0 
7f0060cd7000-7f0060cde000 ---p 00000000 00:00 0 
7f0060cde000-7f0060ce6000 rw-s 00000000 b3:06 416273                     /tmp/hsperfdata_lizandra/4532
7f0060ce6000-7f0060ce7000 ---p 00000000 00:00 0 
7f0060ce7000-7f0060ce8000 r--p 00000000 00:00 0 
7f0060ce8000-7f0060cea000 rw-p 00000000 00:00 0 
7f0060cea000-7f0060ceb000 r--p 00027000 b3:06 1050533                    /lib/x86_64-linux-gnu/ld-2.27.so
7f0060ceb000-7f0060cec000 rw-p 00028000 b3:06 1050533                    /lib/x86_64-linux-gnu/ld-2.27.so
7f0060cec000-7f0060ced000 rw-p 00000000 00:00 0 
7fff36e69000-7fff36e8a000 rw-p 00000000 00:00 0                          [stack]
7fff36ee2000-7fff36ee5000 r--p 00000000 00:00 0                          [vvar]
7fff36ee5000-7fff36ee7000 r-xp 00000000 00:00 0                          [vdso]
ffffffffff600000-ffffffffff601000 r-xp 00000000 00:00 0                  [vsyscall]


VM Arguments:
jvm_args: -Dclassworlds.conf=/home/lizandra/Software/netbeans/java/maven/bin/m2.conf -Dmaven.home=/home/lizandra/Software/netbeans/java/maven -Dmaven.multiModuleProjectDirectory=/home/lizandra/NetBeansProjects/sistema-nutri 
java_command: org.codehaus.plexus.classworlds.launcher.Launcher -Dmaven.ext.class.path=/home/lizandra/Software/netbeans/java/maven-nblib/netbeans-eventspy.jar clean install
java_class_path (initial): /home/lizandra/Software/netbeans/java/maven/boot/plexus-classworlds-2.5.2.jar
Launcher Type: SUN_STANDARD

[Global flags]
     intx CICompilerCount                          = 2                                         {product} {ergonomic}
     uint ConcGCThreads                            = 1                                         {product} {ergonomic}
     uint G1ConcRefinementThreads                  = 2                                         {product} {ergonomic}
   size_t G1HeapRegionSize                         = 1048576                                   {product} {ergonomic}
    uintx GCDrainStackTargetSize                   = 64                                        {product} {ergonomic}
   size_t InitialHeapSize                          = 31457280                                  {product} {ergonomic}
   size_t MarkStackSize                            = 4194304                                   {product} {ergonomic}
   size_t MaxHeapSize                              = 486539264                                 {product} {ergonomic}
   size_t MaxNewSize                               = 291504128                                 {product} {ergonomic}
   size_t MinHeapDeltaBytes                        = 1048576                                   {product} {ergonomic}
    uintx NonNMethodCodeHeapSize                   = 5824844                                {pd product} {ergonomic}
    uintx NonProfiledCodeHeapSize                  = 122916698                              {pd product} {ergonomic}
    uintx ProfiledCodeHeapSize                     = 122916698                              {pd product} {ergonomic}
    uintx ReservedCodeCacheSize                    = 251658240                              {pd product} {ergonomic}
     bool SegmentedCodeCache                       = true                                      {product} {ergonomic}
     bool UseCompressedClassPointers               = true                                 {lp64_product} {ergonomic}
     bool UseCompressedOops                        = true                                 {lp64_product} {ergonomic}
     bool UseG1GC                                  = true                                      {product} {ergonomic}

Logging:
Log output configuration:
 #0: stdout all=warning uptime,level,tags
 #1: stderr all=off uptime,level,tags

Environment Variables:
JAVA_HOME=/usr/lib/jvm/java-11-openjdk-amd64
PATH=/usr/local/sbin:/usr/local/bin:/usr/sbin:/usr/bin:/sbin:/bin:/usr/games:/usr/local/games
SHELL=/bin/bash
DISPLAY=:0

Signal Handlers:
SIGSEGV: [libjvm.so+0xde5f50], sa_mask[0]=11111111011111111101111111111110, sa_flags=SA_RESTART|SA_SIGINFO
SIGBUS: [libjvm.so+0xde5f50], sa_mask[0]=11111111011111111101111111111110, sa_flags=SA_RESTART|SA_SIGINFO
SIGFPE: [libjvm.so+0xde5f50], sa_mask[0]=11111111011111111101111111111110, sa_flags=SA_RESTART|SA_SIGINFO
SIGPIPE: [libjvm.so+0xbba5b0], sa_mask[0]=11111111011111111101111111111110, sa_flags=SA_RESTART|SA_SIGINFO
SIGXFSZ: [libjvm.so+0xbba5b0], sa_mask[0]=11111111011111111101111111111110, sa_flags=SA_RESTART|SA_SIGINFO
SIGILL: [libjvm.so+0xde5f50], sa_mask[0]=11111111011111111101111111111110, sa_flags=SA_RESTART|SA_SIGINFO
SIGUSR2: [libjvm.so+0xbba450], sa_mask[0]=00100000000000000000000000000000, sa_flags=SA_RESTART|SA_SIGINFO
SIGHUP: [libjvm.so+0xbba7b0], sa_mask[0]=11111111011111111101111111111110, sa_flags=SA_RESTART|SA_SIGINFO
SIGINT: SIG_IGN, sa_mask[0]=00000000000000000000000000000000, sa_flags=none
SIGTERM: [libjvm.so+0xbba7b0], sa_mask[0]=11111111011111111101111111111110, sa_flags=SA_RESTART|SA_SIGINFO
SIGQUIT: [libjvm.so+0xbba7b0], sa_mask[0]=11111111011111111101111111111110, sa_flags=SA_RESTART|SA_SIGINFO


---------------  S Y S T E M  ---------------

OS:DISTRIB_ID=LinuxMint
DISTRIB_RELEASE=19.2
DISTRIB_CODENAME=tina
DISTRIB_DESCRIPTION="Linux Mint 19.2 Tina"
uname:Linux 4.15.0-58-generic #64-Ubuntu SMP Tue Aug 6 11:12:41 UTC 2019 x86_64
libc:glibc 2.27 NPTL 2.27 
rlimit: STACK 8192k, CORE 0k, NPROC 6965, NOFILE 1048576, AS infinity, DATA infinity, FSIZE infinity
load average:13,34 5,15 3,03

/proc/meminfo:
MemTotal:        1897592 kB
MemFree:           64864 kB
MemAvailable:      12960 kB
Buffers:             316 kB
Cached:           112656 kB
SwapCached:          840 kB
Active:          1251768 kB
Inactive:         426668 kB
Active(anon):    1246568 kB
Inactive(anon):   415896 kB
Active(file):       5200 kB
Inactive(file):    10772 kB
Unevictable:          72 kB
Mlocked:              72 kB
SwapTotal:       1301168 kB
SwapFree:              0 kB
Dirty:                84 kB
Writeback:           148 kB
AnonPages:       1565356 kB
Mapped:            43856 kB
Shmem:             96712 kB
Slab:              66428 kB
SReclaimable:      29476 kB
SUnreclaim:        36952 kB
KernelStack:       10992 kB
PageTables:        40496 kB
NFS_Unstable:          0 kB
Bounce:                0 kB
WritebackTmp:          0 kB
CommitLimit:     2249964 kB
Committed_AS:    6134916 kB
VmallocTotal:   34359738367 kB
VmallocUsed:           0 kB
VmallocChunk:          0 kB
HardwareCorrupted:     0 kB
AnonHugePages:         0 kB
ShmemHugePages:        0 kB
ShmemPmdMapped:        0 kB
CmaTotal:              0 kB
CmaFree:               0 kB
HugePages_Total:       0
HugePages_Free:        0
HugePages_Rsvd:        0
HugePages_Surp:        0
Hugepagesize:       2048 kB
DirectMap4k:      132864 kB
DirectMap2M:     1818624 kB


/proc/sys/kernel/threads-max (system-wide limit on the number of threads):
13930


/proc/sys/vm/max_map_count (maximum number of memory map areas a process may have):
65530


/proc/sys/kernel/pid_max (system-wide limit on number of process identifiers):
32768



container (cgroup) information:
container_type: cgroupv1
cpu_cpuset_cpus: 0-1
cpu_memory_nodes: 0
active_processor_count: 2
cpu_quota: -1
cpu_period: 100000
cpu_shares: -1
memory_limit_in_bytes: -1
memory_and_swap_limit_in_bytes: -2
memory_soft_limit_in_bytes: -1
memory_usage_in_bytes: 1717358592
memory_max_usage_in_bytes: 0

Steal ticks since vm start: 0
Steal ticks percentage since vm start:  0,000

CPU:total 2 (initial active 2) (2 cores per cpu, 1 threads per core) family 6 model 76 stepping 3, cmov, cx8, fxsr, mmx, sse, sse2, sse3, ssse3, sse4.1, sse4.2, popcnt, aes, clmul, erms, 3dnowpref, tsc, tscinvbit
CPU Model and flags from /proc/cpuinfo:
model name	: Intel(R) Celeron(R) CPU  N3050  @ 1.60GHz
flags		: fpu vme de pse tsc msr pae mce cx8 apic sep mtrr pge mca cmov pat pse36 clflush dts acpi mmx fxsr sse sse2 ss ht tm pbe syscall nx rdtscp lm constant_tsc arch_perfmon pebs bts rep_good nopl xtopology tsc_reliable nonstop_tsc cpuid aperfmperf tsc_known_freq pni pclmulqdq dtes64 monitor ds_cpl vmx est tm2 ssse3 cx16 xtpr pdcm sse4_1 sse4_2 movbe popcnt tsc_deadline_timer aes rdrand lahf_lm 3dnowprefetch epb pti ibrs ibpb stibp tpr_shadow vnmi flexpriority ept vpid tsc_adjust smep erms dtherm ida arat md_clear

Memory: 4k page, physical 1897592k(66648k free), swap 1301168k(0k free)

vm_info: OpenJDK 64-Bit Server VM (11.0.4+11-post-Ubuntu-1ubuntu218.04.3) for linux-amd64 JRE (11.0.4+11-post-Ubuntu-1ubuntu218.04.3), built on Jul 18 2019 18:21:46 by "buildd" with gcc 7.4.0

END.
